
     Program WELPH v. 3.1.1 starts on 17Dec2020 at 11:35:58 

     This program is part of the open-source West suite
     for massively parallel calculations of excited states in materials; please cite
         "M. Govoni et al., J. Chem. Theory Comput. 11, 2680 (2015);
          URL http://www.west-code.org", 
     in publications or presentations arising from this work.

     Based on the Quantum ESPRESSO v. 6.1 svn rev. 13369

     I/O is Little Endian
       
     --------------------------------------------------------------------------------------------
     **MPI** Parallelization Status                                      
     --------------------------------------------------------------------------------------------
                    40                   2             1             1            20
     --------------------------------------------------------------------------------------------
                     N         =         I      X      P      X      B      X      Z
                     ^                   ^             ^             ^             ^
                     |                   |             |             |             |
                   #rnk                  |             |             |             |
                                      #image           |             |             |
                                                     #pool           |             |
                                                                   #bgrp           |
                                                                                 #R&G
     --------------------------------------------------------------------------------------------
     **OPENMP** Parallelization Status
     #thr/rnk               =            1
     --------------------------------------------------------------------------------------------
     #prc = (rnk) * (thr) =           40
     --------------------------------------------------------------------------------------------
       
     --------------------------------------------------------------------------------------------
     I/O Summary : input_west                                            
     --------------------------------------------------------------------------------------------
     qe_prefix      = c
     west_prefix    = c
     outdir         = ./
     --------------------------------------------------------------------------------------------

     Reading data from directory:
     ./c.save

   Info: using nr1, nr2, nr3 values from input

   Info: using nr1, nr2, nr3 values from input

     IMPORTANT: XC functional enforced from input :
     Exchange-correlation      = PZ ( 1  1  0  0 0 0)
     Any further DFT definition will be discarded
     Please, verify this is what you really want

               file C.pz-mt.fhi.UPF: wavefunction(s)  3d renormalized
 
     Parallelization info
     --------------------
     sticks:   dense  smooth     PW     G-vecs:    dense   smooth      PW
     Min          37      37     11                  668      668     106
     Max          38      38     12                  670      670     107
     Sum         745     745    223                13371    13371    2133
 
       
     --------------------------------------------------------------------------------------------
     I/O Summary : wstat_control                                         
     --------------------------------------------------------------------------------------------
     wstat_calculation              =              S
     n_pdep_eigen                   =            500
     n_pdep_times                   =              4
     n_pdep_maxiter                 =            100
     n_dfpt_maxiter                 =            250
     n_pdep_read_from_file          =              0
     trev_pdep                      =   1.000000E-03
     trev_pdep_rel                  =   1.000000E-01
     tr2_dfpt                       =   1.000000E-12
     l_kinetic_only                 =              F
     l_minimize_exx_if_active       =              F
     l_use_ecutrho                  =              F
     l_use_symm                     =              T
     nq(1)                          =              3
     nq(2)                          =              3
     nq(3)                          =              3
     --------------------------------------------------------------------------------------------
       
     --------------------------------------------------------------------------------------------
     I/O Summary : wfreq_control                                         
     --------------------------------------------------------------------------------------------
     wfreq_calculation                        =           XWGQ
     n_pdep_eigen_to_use                      =            500
     qp_bandrange(1)                          =              1
     qp_bandrange(2)                          =              2
     macropol_calculation                     =              C
     n_lanczos                                =             30
     n_imfreq                                 =            128
     n_refreq                                 =            272
     ecut_imfreq [Ry]                         =     480.000000
     ecut_refreq [Ry]                         =       2.000000
     wfreq_eta [Ry]                           =       0.003675
     n_secant_maxiter                         =             21
     trev_secant [Ry]                         =       0.003675
     l_enable_lanczos                         =              T
     l_enable_gwetot                          =              F
     o_restart_time [min]                     =       0.000000
     ecut_spectralf(1) [Ry]                   =      -2.000000
     ecut_spectralf(2) [Ry]                   =       2.000000
     n_spectralf                              =             10
     l_read_common_pdep                       =              F
     l_enable_gb_curvature                    =              T
     --------------------------------------------------------------------------------------------
       
     --------------------------------------------------------------------------------------------
     I/O Summary : welph_control                                         
     --------------------------------------------------------------------------------------------
     welph_calculation                        =              S
     welph_n_pdep_eigen_to_use                =            500
     asr                                      =              1
     welph_band_range(1)                      =              1
     welph_band_range(2)                      =              8
     do_scr                                   =              T
     do_fxc                                   =              T
     welph_read_common_pdep                   =              T
     loto                                     =              F
     lsym                                     =              F
     l_adiabatic                              =              T
     l_enabel_gw                              =              F
     q_direction(1)                           =       1.000000
     q_direction(2)                           =       0.000000
     q_direction(3)                           =       0.000000
     welph_eta                                =       0.100000
     temperature                              =       0.000000
     --------------------------------------------------------------------------------------------
       
     --------------------------------------------------------------------------------------------
     System Overview                                                     
     --------------------------------------------------------------------------------------------
     gamma_only           =              F
     ecutwfc [Ry]         =     120.000000
     ecutrho [Ry]         =     480.000000
     omega [au^3]         =   7.530614E+01
     nbnd                 =              8
     nkstot               =             27
     nspin                =              1
     nelec                =       8.000000
     npol                 =              1
     lsda                 =              F
     noncolin             =              F
     lspinorb             =              F
     domag                =              F
     --------------------------------------------------------------------------------------------

     3DFFT grid
        s : (  36,  36,  36)
        p : (  36,  36,  36)

     Direct Lattice Cell [a.u.]
        a1 = (    -3.3517128     0.0000000     3.3517128)
        a2 = (     0.0000000     3.3517128     3.3517128)
        a3 = (    -3.3517128     3.3517128     0.0000000)

     Reciprocal Lattice Cell [a.u.]
        b1 = (    -0.9373096    -0.9373096     0.9373096)
        b2 = (     0.9373096     0.9373096     0.9373096)
        b3 = (    -0.9373096     0.9373096    -0.9373096)
      

     Brillouin Zone sampling [cryst. coord.]
 
        k(000001) = (     0.0000000     0.0000000     0.0000000)
        k(000002) = (     0.0000000     0.0000000     0.3333333)
        k(000003) = (     0.0000000     0.0000000    -0.3333333)
        k(000004) = (     0.0000000     0.3333333     0.0000000)
        k(000005) = (     0.0000000     0.3333333     0.3333333)
        k(000006) = (     0.0000000     0.3333333    -0.3333333)
        k(000007) = (     0.0000000    -0.3333333     0.0000000)
        k(000008) = (     0.0000000    -0.3333333     0.3333333)
        k(000009) = (     0.0000000    -0.3333333    -0.3333333)
        k(000010) = (     0.3333333     0.0000000     0.0000000)
        k(000011) = (     0.3333333     0.0000000     0.3333333)
        k(000012) = (     0.3333333     0.0000000    -0.3333333)
        k(000013) = (     0.3333333     0.3333333     0.0000000)
        k(000014) = (     0.3333333     0.3333333     0.3333333)
        k(000015) = (     0.3333333     0.3333333    -0.3333333)
        k(000016) = (     0.3333333    -0.3333333     0.0000000)
        k(000017) = (     0.3333333    -0.3333333     0.3333333)
        k(000018) = (     0.3333333    -0.3333333    -0.3333333)
        k(000019) = (    -0.3333333     0.0000000     0.0000000)
        k(000020) = (    -0.3333333     0.0000000     0.3333333)
        k(000021) = (    -0.3333333     0.0000000    -0.3333333)
        k(000022) = (    -0.3333333     0.3333333     0.0000000)
        k(000023) = (    -0.3333333     0.3333333     0.3333333)
        k(000024) = (    -0.3333333     0.3333333    -0.3333333)
        k(000025) = (    -0.3333333    -0.3333333     0.0000000)
        k(000026) = (    -0.3333333    -0.3333333     0.3333333)
        k(000027) = (    -0.3333333    -0.3333333    -0.3333333)
 
        q(000001) = (     0.0000000     0.0000000     0.0000000)
        q(000002) = (     0.0000000     0.0000000     0.3333333)
        q(000003) = (     0.0000000     0.0000000    -0.3333333)
        q(000004) = (     0.0000000     0.3333333     0.0000000)
        q(000005) = (     0.0000000     0.3333333     0.3333333)
        q(000006) = (     0.0000000     0.3333333    -0.3333333)
        q(000007) = (     0.0000000    -0.3333333     0.0000000)
        q(000008) = (     0.0000000    -0.3333333     0.3333333)
        q(000009) = (     0.0000000    -0.3333333    -0.3333333)
        q(000010) = (     0.3333333     0.0000000     0.0000000)
        q(000011) = (     0.3333333     0.0000000     0.3333333)
        q(000012) = (     0.3333333     0.0000000    -0.3333333)
        q(000013) = (     0.3333333     0.3333333     0.0000000)
        q(000014) = (     0.3333333     0.3333333     0.3333333)
        q(000015) = (     0.3333333     0.3333333    -0.3333333)
        q(000016) = (     0.3333333    -0.3333333     0.0000000)
        q(000017) = (     0.3333333    -0.3333333     0.3333333)
        q(000018) = (     0.3333333    -0.3333333    -0.3333333)
        q(000019) = (    -0.3333333     0.0000000     0.0000000)
        q(000020) = (    -0.3333333     0.0000000     0.3333333)
        q(000021) = (    -0.3333333     0.0000000    -0.3333333)
        q(000022) = (    -0.3333333     0.3333333     0.0000000)
        q(000023) = (    -0.3333333     0.3333333     0.3333333)
        q(000024) = (    -0.3333333     0.3333333    -0.3333333)
        q(000025) = (    -0.3333333    -0.3333333     0.0000000)
        q(000026) = (    -0.3333333    -0.3333333     0.3333333)
        q(000027) = (    -0.3333333    -0.3333333    -0.3333333)
       
     --------------------------------------------------------------------------------------------
     Parallelization for npdep                                           
     --------------------------------------------------------------------------------------------
     nglob                =            500
     nlevel               =              2
     Min nglob/nlevel     =            250
     Max nglob/nlevel     =            250
     --------------------------------------------------------------------------------------------
       
     --------------------------------------------------------------------------------------------
     Parallelization for npdep+macro                                     
     --------------------------------------------------------------------------------------------
     nglob                =            503
     nlevel               =              2
     Min nglob/nlevel     =            251
     Max nglob/nlevel     =            252
     --------------------------------------------------------------------------------------------
     ===========================================================================
          nsym   =   24
          nrot   =   48
          nq_ibz =    4
          Q-point IBZ [ cart  coord ]
          xq(00000001) = (  0.000000  0.000000  0.000000) wq =   0.037037
          xq(00000002) = ( -0.333333  0.333333 -0.333333) wq =   0.296296
          xq(00000003) = (  0.000000  0.666667  0.000000) wq =   0.222222
          xq(00000004) = (  0.666667 -0.000000  0.666667) wq =   0.444444
          Q-point IBZ [ cryst coord ]
          xq(00000001) = (  0.000000  0.000000  0.000000) wq =   0.037037
          xq(00000002) = (  0.000000  0.000000  0.333333) wq =   0.296296
          xq(00000003) = (  0.000000  0.333333  0.333333) wq =   0.222222
          xq(00000004) = (  0.000000  0.333333 -0.333333) wq =   0.444444
     ===========================================================================
     -------------------------------
     | Electron-Phonon Self-energy |
     -------------------------------
     ===========================================================================
          nsym   =   24
          nrot   =   48
          nk_ibz =    4
          Q-point IBZ [ cart  coord ]
          xk(00000001) = (  0.000000  0.000000  0.000000) wk =   0.037037
          xk(00000002) = ( -0.333333  0.333333 -0.333333) wk =   0.296296
          xk(00000003) = (  0.000000  0.666667  0.000000) wk =   0.222222
          xk(00000004) = (  0.666667 -0.000000  0.666667) wk =   0.444444
          Q-point IBZ [ cryst coord ]
          xk(00000001) = (  0.000000  0.000000  0.000000) wk =   0.037037
          xk(00000002) = (  0.000000  0.000000  0.333333) wk =   0.296296
          xk(00000003) = (  0.000000  0.333333  0.333333) wk =   0.222222
          xk(00000004) = (  0.000000  0.333333 -0.333333) wk =   0.444444
     ===========================================================================
       
     --------------------------------------------------------------------------------------------
     Computing Debye-Waller Self-energy (occ)                            
     --------------------------------------------------------------------------------------------
     in progress... |#                   | 005% :             < 00.1s (E)               00.2s (X)
     in progress... |##                  | 010% :             < 00.1s (E)               00.1s (X)
     in progress... |###                 | 015% :             < 00.1s (E)               00.1s (X)
     in progress... |####                | 020% :             < 00.1s (E)               00.1s (X)
     in progress... |#####               | 025% :             < 00.1s (E)               00.1s (X)
     in progress... |######              | 030% :             < 00.1s (E)               00.1s (X)
     in progress... |#######             | 035% :             < 00.1s (E)               00.1s (X)
     in progress... |########            | 040% :             < 00.1s (E)               00.1s (X)
     in progress... |#########           | 045% :             < 00.1s (E)               00.1s (X)
     in progress... |##########          | 050% :             < 00.1s (E)               00.1s (X)
     in progress... |###########         | 055% :             < 00.1s (E)               00.1s (X)
     in progress... |############        | 060% :             < 00.1s (E)               00.1s (X)
     in progress... |#############       | 065% :             < 00.1s (E)               00.1s (X)
     in progress... |##############      | 070% :             < 00.1s (E)               00.1s (X)
     in progress... |###############     | 075% :             < 00.1s (E)               00.1s (X)
     in progress... |################    | 080% :               00.1s (E)               00.1s (X)
     in progress... |#################   | 085% :               00.1s (E)               00.1s (X)
     in progress... |##################  | 090% :               00.1s (E)               00.1s (X)
     in progress... |################### | 095% :               00.1s (E)               00.1s (X)
     in progress... |####################| 100% :               00.1s (E)               00.1s (X)
     --------------------------------------------------------------------------------------------
       
     --------------------------------------------------------------------------------------------
     Computing Debye-Waller Self-energy (Lanczos)                        
     --------------------------------------------------------------------------------------------
     in progress... |#####               | 025% :               00.1s (E)               00.7s (X)
     in progress... |##########          | 050% :               00.3s (E)               00.7s (X)
     in progress... |###############     | 075% :               00.5s (E)               00.7s (X)
     in progress... |####################| 100% :               00.7s (E)               00.7s (X)
     --------------------------------------------------------------------------------------------
       
     --------------------------------------------------------------------------------------------
     Compute Fan-Migdal Self-energy (occ)                                
     --------------------------------------------------------------------------------------------
     in progress... |#                   | 005% :             < 00.1s (E)               01.7s (X)
     in progress... |##                  | 010% :               00.1s (E)               01.2s (X)
     in progress... |###                 | 015% :               00.2s (E)               01.4s (X)
     in progress... |####                | 020% :               00.2s (E)               01.2s (X)
     in progress... |#####               | 025% :               00.2s (E)               01.1s (X)
     in progress... |######              | 030% :               00.3s (E)               01.2s (X)
     in progress... |#######             | 035% :               00.4s (E)               01.2s (X)
     in progress... |########            | 040% :               00.4s (E)               01.1s (X)
     in progress... |#########           | 045% :               01.1s (E)               02.4s (X)
     in progress... |##########          | 050% :               01.1s (E)               02.3s (X)
     in progress... |###########         | 055% :               01.2s (E)               02.2s (X)
     in progress... |############        | 060% :               01.3s (E)               02.1s (X)
     in progress... |#############       | 065% :               01.3s (E)               02.0s (X)
     in progress... |##############      | 070% :               01.3s (E)               01.9s (X)
     in progress... |###############     | 075% :               01.4s (E)               01.9s (X)
     in progress... |################    | 080% :               01.5s (E)               01.9s (X)
     in progress... |#################   | 085% :               01.5s (E)               01.8s (X)
     in progress... |##################  | 090% :               01.6s (E)               01.8s (X)
     in progress... |################### | 095% :               01.7s (E)               01.7s (X)
     in progress... |####################| 100% :               01.7s (E)               01.7s (X)
     --------------------------------------------------------------------------------------------
       
     --------------------------------------------------------------------------------------------
     Compute Fan-Migdal Self-energy (Lanczos)                            
     --------------------------------------------------------------------------------------------
     in progress... |#####               | 025% :               04.5s (E)               18.2s (X)
     in progress... |##########          | 050% :               06.8s (E)               13.6s (X)
     in progress... |###############     | 075% :               09.1s (E)               12.1s (X)
     in progress... |####################| 100% :               11.3s (E)               11.3s (X)
     --------------------------------------------------------------------------------------------
     WELPH        :    13.26s CPU        14.50s WALL

     welph_readin :      0.36s CPU      0.39s WALL (       1 calls)
     fetch_input  :      0.00s CPU      0.01s WALL (       2 calls)
     read_xml     :      0.29s CPU      0.29s WALL (       1 calls)
     init_vloc    :      0.00s CPU      0.00s WALL (       2 calls)
     fft          :      0.01s CPU      0.01s WALL (       4 calls)
     fft_scatter  :      4.05s CPU      4.22s WALL (  178396 calls)
     v_of_rho     :      0.00s CPU      0.00s WALL (       1 calls)
     v_xc         :      0.00s CPU      0.00s WALL (       1 calls)
     v_h          :      0.00s CPU      0.00s WALL (       1 calls)
     read_wave    :      0.07s CPU      0.09s WALL (       1 calls)
     davcio       :      0.02s CPU      0.04s WALL (     924 calls)
     init_us_1    :      0.00s CPU      0.00s WALL (       2 calls)
     do_setup     :      0.00s CPU      0.01s WALL (       1 calls)
     init_pw_ar   :      0.00s CPU      0.00s WALL (       1 calls)
     init_at_1    :      0.00s CPU      0.00s WALL (       1 calls)
     setup_dmuxc  :      0.00s CPU      0.00s WALL (       1 calls)
     ffts         :      0.08s CPU      0.08s WALL (     408 calls)
     scatter_grid :      0.09s CPU      0.09s WALL (     651 calls)
     init_us_2    :      0.01s CPU      0.01s WALL (     896 calls)
     fftw         :      6.11s CPU      6.39s WALL (  177984 calls)
     calbec       :      0.31s CPU      0.33s WALL (   13128 calls)
     computeDW1   :      0.11s CPU      0.13s WALL (       1 calls)
     computeDW2   :      0.69s CPU      0.74s WALL (       1 calls)
     alphapc      :      0.27s CPU      0.29s WALL (   10788 calls)
     lan_H        :      7.35s CPU      7.70s WALL (     348 calls)
     h_psi_bgrp   :      5.78s CPU      6.07s WALL (   10440 calls)
     h_psi        :      5.77s CPU      6.05s WALL (   10440 calls)
     h_psi:pot    :      5.75s CPU      6.03s WALL (   10440 calls)
     vloc_psi     :      5.39s CPU      5.66s WALL (   10440 calls)
     h_psi:calbec :      0.27s CPU      0.29s WALL (   10440 calls)
     add_vuspsi   :      0.06s CPU      0.06s WALL (   10440 calls)
     computeFM1   :      1.63s CPU      1.75s WALL (       1 calls)
     computeFM2   :     10.42s CPU     11.39s WALL (       1 calls)
 
     WELPH        :    13.26s CPU        14.51s WALL

 
   This run was terminated on:  11:36:12  17Dec2020            

=------------------------------------------------------------------------------=
   JOB DONE.
=------------------------------------------------------------------------------=
