
     Program WFREQ v. 3.1.1 starts on  1Feb2021 at 14:22:49 

     This program is part of the open-source West suite
     for massively parallel calculations of excited states in materials; please cite
         "M. Govoni et al., J. Chem. Theory Comput. 11, 2680 (2015);
          URL http://www.west-code.org", 
     in publications or presentations arising from this work.

     Based on the Quantum ESPRESSO v. 6.1 svn rev. 13369

     I/O is Little Endian
       
     --------------------------------------------------------------------------------------------
     **MPI** Parallelization Status                                      
     --------------------------------------------------------------------------------------------
                    80                   4             1             1            20
     --------------------------------------------------------------------------------------------
                     N         =         I      X      P      X      B      X      Z
                     ^                   ^             ^             ^             ^
                     |                   |             |             |             |
                   #rnk                  |             |             |             |
                                      #image           |             |             |
                                                     #pool           |             |
                                                                   #bgrp           |
                                                                                 #R&G
     --------------------------------------------------------------------------------------------
     **OPENMP** Parallelization Status
     #thr/rnk               =            1
     --------------------------------------------------------------------------------------------
     #prc = (rnk) * (thr) =           80
     --------------------------------------------------------------------------------------------
       
     --------------------------------------------------------------------------------------------
     I/O Summary : input_west                                            
     --------------------------------------------------------------------------------------------
     qe_prefix      = c
     west_prefix    = c
     outdir         = ./
     --------------------------------------------------------------------------------------------

     Reading data from directory:
     ./c.save

   Info: using nr1, nr2, nr3 values from input

   Info: using nr1, nr2, nr3 values from input

     IMPORTANT: XC functional enforced from input :
     Exchange-correlation      = PBE ( 1  4  3  4 0 0)
     Any further DFT definition will be discarded
     Please, verify this is what you really want

     Message from routine readpp:
     file ./c.save/C_ONCV_PBE-1.0.upf not found
 
     Parallelization info
     --------------------
     sticks:   dense  smooth     PW     G-vecs:    dense   smooth      PW
     Min          15      15      5                  176      176      35
     Max          16      16      6                  178      178      37
     Sum         313     313    109                 3527     3527     725
 
       
     --------------------------------------------------------------------------------------------
     I/O Summary : wstat_control                                         
     --------------------------------------------------------------------------------------------
     wstat_calculation              =              S
     n_pdep_eigen                   =            150
     n_pdep_times                   =              4
     n_pdep_maxiter                 =            100
     n_dfpt_maxiter                 =            250
     n_pdep_read_from_file          =              0
     trev_pdep                      =   1.000000E-03
     trev_pdep_rel                  =   1.000000E-01
     tr2_dfpt                       =   1.000000E-12
     l_kinetic_only                 =              F
     l_minimize_exx_if_active       =              F
     l_use_ecutrho                  =              F
     l_use_symm                     =              T
     nq(1)                          =              5
     nq(2)                          =              5
     nq(3)                          =              5
     --------------------------------------------------------------------------------------------
       
     --------------------------------------------------------------------------------------------
     I/O Summary : wfreq_control                                         
     --------------------------------------------------------------------------------------------
     wfreq_calculation                        =           XWGQ
     n_pdep_eigen_to_use                      =            150
     qp_bandrange(1)                          =              1
     qp_bandrange(2)                          =              8
     macropol_calculation                     =              C
     n_lanczos                                =             30
     n_imfreq                                 =            400
     n_refreq                                 =            400
     ecut_imfreq [Ry]                         =     200.000000
     ecut_refreq [Ry]                         =       3.000000
     wfreq_eta [Ry]                           =       0.003675
     n_secant_maxiter                         =            200
     trev_secant [Ry]                         =       0.003676
     l_enable_lanczos                         =              T
     l_enable_gwetot                          =              F
     o_restart_time [min]                     =      -1.000000
     ecut_spectralf(1) [Ry]                   =      -2.000000
     ecut_spectralf(2) [Ry]                   =       2.000000
     n_spectralf                              =             10
     l_read_common_pdep                       =              F
     l_enable_gb_curvature                    =              T
     --------------------------------------------------------------------------------------------
       
     --------------------------------------------------------------------------------------------
     System Overview                                                     
     --------------------------------------------------------------------------------------------
     gamma_only           =              F
     ecutwfc [Ry]         =      50.000000
     ecutrho [Ry]         =     200.000000
     omega [au^3]         =   7.433490E+01
     nbnd                 =              8
     nkstot               =            125
     nspin                =              1
     nelec                =       8.000000
     npol                 =              1
     lsda                 =              F
     noncolin             =              F
     lspinorb             =              F
     domag                =              F
     --------------------------------------------------------------------------------------------

     3DFFT grid
        s : (  24,  24,  24)
        p : (  24,  24,  24)

     Direct Lattice Cell [a.u.]
        a1 = (    -3.3372412     0.0000000     3.3372412)
        a2 = (     0.0000000     3.3372412     3.3372412)
        a3 = (    -3.3372412     3.3372412     0.0000000)

     Reciprocal Lattice Cell [a.u.]
        b1 = (    -0.9413742    -0.9413742     0.9413742)
        b2 = (     0.9413742     0.9413742     0.9413742)
        b3 = (    -0.9413742     0.9413742    -0.9413742)
      

     Brillouin Zone sampling [cryst. coord.]
 
        k(000001) = (     0.0000000     0.0000000     0.0000000)
        k(000002) = (     0.0000000     0.0000000     0.2000000)
        k(000003) = (     0.0000000     0.0000000     0.4000000)
        k(000004) = (     0.0000000     0.0000000    -0.4000000)
        k(000005) = (     0.0000000     0.0000000    -0.2000000)
        k(000006) = (     0.0000000     0.2000000     0.0000000)
        k(000007) = (     0.0000000     0.2000000     0.2000000)
        k(000008) = (     0.0000000     0.2000000     0.4000000)
        k(000009) = (     0.0000000     0.2000000    -0.4000000)
        k(000010) = (     0.0000000     0.2000000    -0.2000000)
        k(000011) = (     0.0000000     0.4000000     0.0000000)
        k(000012) = (     0.0000000     0.4000000     0.2000000)
        k(000013) = (     0.0000000     0.4000000     0.4000000)
        k(000014) = (     0.0000000     0.4000000    -0.4000000)
        k(000015) = (     0.0000000     0.4000000    -0.2000000)
        k(000016) = (     0.0000000    -0.4000000     0.0000000)
        k(000017) = (     0.0000000    -0.4000000     0.2000000)
        k(000018) = (     0.0000000    -0.4000000     0.4000000)
        k(000019) = (     0.0000000    -0.4000000    -0.4000000)
        k(000020) = (     0.0000000    -0.4000000    -0.2000000)
        k(000021) = (     0.0000000    -0.2000000     0.0000000)
        k(000022) = (     0.0000000    -0.2000000     0.2000000)
        k(000023) = (     0.0000000    -0.2000000     0.4000000)
        k(000024) = (     0.0000000    -0.2000000    -0.4000000)
        k(000025) = (     0.0000000    -0.2000000    -0.2000000)
        k(000026) = (     0.2000000     0.0000000     0.0000000)
        k(000027) = (     0.2000000     0.0000000     0.2000000)
        k(000028) = (     0.2000000     0.0000000     0.4000000)
        k(000029) = (     0.2000000     0.0000000    -0.4000000)
        k(000030) = (     0.2000000     0.0000000    -0.2000000)
        k(000031) = (     0.2000000     0.2000000     0.0000000)
        k(000032) = (     0.2000000     0.2000000     0.2000000)
        k(000033) = (     0.2000000     0.2000000     0.4000000)
        k(000034) = (     0.2000000     0.2000000    -0.4000000)
        k(000035) = (     0.2000000     0.2000000    -0.2000000)
        k(000036) = (     0.2000000     0.4000000     0.0000000)
        k(000037) = (     0.2000000     0.4000000     0.2000000)
        k(000038) = (     0.2000000     0.4000000     0.4000000)
        k(000039) = (     0.2000000     0.4000000    -0.4000000)
        k(000040) = (     0.2000000     0.4000000    -0.2000000)
        k(000041) = (     0.2000000    -0.4000000     0.0000000)
        k(000042) = (     0.2000000    -0.4000000     0.2000000)
        k(000043) = (     0.2000000    -0.4000000     0.4000000)
        k(000044) = (     0.2000000    -0.4000000    -0.4000000)
        k(000045) = (     0.2000000    -0.4000000    -0.2000000)
        k(000046) = (     0.2000000    -0.2000000     0.0000000)
        k(000047) = (     0.2000000    -0.2000000     0.2000000)
        k(000048) = (     0.2000000    -0.2000000     0.4000000)
        k(000049) = (     0.2000000    -0.2000000    -0.4000000)
        k(000050) = (     0.2000000    -0.2000000    -0.2000000)
        Printing only first 50 k points...
 
        q(000001) = (     0.0000000     0.0000000     0.0000000)
        q(000002) = (     0.0000000     0.0000000     0.2000000)
        q(000003) = (     0.0000000     0.0000000     0.4000000)
        q(000004) = (     0.0000000     0.0000000    -0.4000000)
        q(000005) = (     0.0000000     0.0000000    -0.2000000)
        q(000006) = (     0.0000000     0.2000000     0.0000000)
        q(000007) = (     0.0000000     0.2000000     0.2000000)
        q(000008) = (     0.0000000     0.2000000     0.4000000)
        q(000009) = (     0.0000000     0.2000000    -0.4000000)
        q(000010) = (     0.0000000     0.2000000    -0.2000000)
        q(000011) = (     0.0000000     0.4000000     0.0000000)
        q(000012) = (     0.0000000     0.4000000     0.2000000)
        q(000013) = (     0.0000000     0.4000000     0.4000000)
        q(000014) = (     0.0000000     0.4000000    -0.4000000)
        q(000015) = (     0.0000000     0.4000000    -0.2000000)
        q(000016) = (     0.0000000    -0.4000000     0.0000000)
        q(000017) = (     0.0000000    -0.4000000     0.2000000)
        q(000018) = (     0.0000000    -0.4000000     0.4000000)
        q(000019) = (     0.0000000    -0.4000000    -0.4000000)
        q(000020) = (     0.0000000    -0.4000000    -0.2000000)
        q(000021) = (     0.0000000    -0.2000000     0.0000000)
        q(000022) = (     0.0000000    -0.2000000     0.2000000)
        q(000023) = (     0.0000000    -0.2000000     0.4000000)
        q(000024) = (     0.0000000    -0.2000000    -0.4000000)
        q(000025) = (     0.0000000    -0.2000000    -0.2000000)
        q(000026) = (     0.2000000     0.0000000     0.0000000)
        q(000027) = (     0.2000000     0.0000000     0.2000000)
        q(000028) = (     0.2000000     0.0000000     0.4000000)
        q(000029) = (     0.2000000     0.0000000    -0.4000000)
        q(000030) = (     0.2000000     0.0000000    -0.2000000)
        q(000031) = (     0.2000000     0.2000000     0.0000000)
        q(000032) = (     0.2000000     0.2000000     0.2000000)
        q(000033) = (     0.2000000     0.2000000     0.4000000)
        q(000034) = (     0.2000000     0.2000000    -0.4000000)
        q(000035) = (     0.2000000     0.2000000    -0.2000000)
        q(000036) = (     0.2000000     0.4000000     0.0000000)
        q(000037) = (     0.2000000     0.4000000     0.2000000)
        q(000038) = (     0.2000000     0.4000000     0.4000000)
        q(000039) = (     0.2000000     0.4000000    -0.4000000)
        q(000040) = (     0.2000000     0.4000000    -0.2000000)
        q(000041) = (     0.2000000    -0.4000000     0.0000000)
        q(000042) = (     0.2000000    -0.4000000     0.2000000)
        q(000043) = (     0.2000000    -0.4000000     0.4000000)
        q(000044) = (     0.2000000    -0.4000000    -0.4000000)
        q(000045) = (     0.2000000    -0.4000000    -0.2000000)
        q(000046) = (     0.2000000    -0.2000000     0.0000000)
        q(000047) = (     0.2000000    -0.2000000     0.2000000)
        q(000048) = (     0.2000000    -0.2000000     0.4000000)
        q(000049) = (     0.2000000    -0.2000000    -0.4000000)
        q(000050) = (     0.2000000    -0.2000000    -0.2000000)
        Printing only first 50 q points...
       
     --------------------------------------------------------------------------------------------
     Parallelization for npdep                                           
     --------------------------------------------------------------------------------------------
     nglob                =            150
     nlevel               =              4
     Min nglob/nlevel     =             37
     Max nglob/nlevel     =             38
     --------------------------------------------------------------------------------------------
       
     --------------------------------------------------------------------------------------------
     Parallelization for npdep+macro                                     
     --------------------------------------------------------------------------------------------
     nglob                =            153
     nlevel               =              4
     Min nglob/nlevel     =             38
     Max nglob/nlevel     =             39
     --------------------------------------------------------------------------------------------
       
     --------------------------------------------------------------------------------------------
     Parallelization for n_imfreq                                        
     --------------------------------------------------------------------------------------------
     nglob                =            400
     nlevel               =             20
     Min nglob/nlevel     =             20
     Max nglob/nlevel     =             20
     --------------------------------------------------------------------------------------------
       
     --------------------------------------------------------------------------------------------
     Parallelization for n_refreq                                        
     --------------------------------------------------------------------------------------------
     nglob                =            400
     nlevel               =             20
     Min nglob/nlevel     =             20
     Max nglob/nlevel     =             20
     --------------------------------------------------------------------------------------------
       
     --------------------------------------------------------------------------------------------
     Parallelization for nbnd                                            
     --------------------------------------------------------------------------------------------
     nglob                =              8
     nlevel               =              4
     Min nglob/nlevel     =              2
     Max nglob/nlevel     =              2
     --------------------------------------------------------------------------------------------
     ===========================================================================
          nsym   =   24
          nrot   =   48
          nk_ibz =   10
          Q-point IBZ [ cart  coord ]
          xk(00000001) = (  0.000000  0.000000  0.000000) wk =   0.008000
          xk(00000002) = ( -0.200000  0.200000 -0.200000) wk =   0.064000
          xk(00000003) = ( -0.400000  0.400000 -0.400000) wk =   0.064000
          xk(00000004) = (  0.000000  0.400000  0.000000) wk =   0.048000
          xk(00000005) = ( -0.200000  0.600000 -0.200000) wk =   0.192000
          xk(00000006) = (  0.600000 -0.200000  0.600000) wk =   0.192000
          xk(00000007) = (  0.400000  0.000000  0.400000) wk =   0.096000
          xk(00000008) = (  0.000000  0.800000  0.000000) wk =   0.048000
          xk(00000009) = (  0.800000  0.000000  0.800000) wk =   0.096000
          xk(00000010) = (  0.600000 -0.200000  1.000000) wk =   0.192000
          Q-point IBZ [ cryst coord ]
          xk(00000001) = (  0.000000  0.000000  0.000000) wk =   0.008000
          xk(00000002) = (  0.000000  0.000000  0.200000) wk =   0.064000
          xk(00000003) = (  0.000000  0.000000  0.400000) wk =   0.064000
          xk(00000004) = (  0.000000  0.200000  0.200000) wk =   0.048000
          xk(00000005) = (  0.000000  0.200000  0.400000) wk =   0.192000
          xk(00000006) = (  0.000000  0.200000 -0.400000) wk =   0.192000
          xk(00000007) = (  0.000000  0.200000 -0.200000) wk =   0.096000
          xk(00000008) = (  0.000000  0.400000  0.400000) wk =   0.048000
          xk(00000009) = (  0.000000  0.400000 -0.400000) wk =   0.096000
          xk(00000010) = (  0.200000  0.400000 -0.400000) wk =   0.192000
     ===========================================================================
     ===========================================================================
          nsym   =   24
          nrot   =   48
          nq_ibz =   10
          Q-point IBZ [ cart  coord ]
          xq(00000001) = (  0.000000  0.000000  0.000000) wq =   0.008000
          xq(00000002) = ( -0.200000  0.200000 -0.200000) wq =   0.064000
          xq(00000003) = ( -0.400000  0.400000 -0.400000) wq =   0.064000
          xq(00000004) = (  0.000000  0.400000  0.000000) wq =   0.048000
          xq(00000005) = ( -0.200000  0.600000 -0.200000) wq =   0.192000
          xq(00000006) = (  0.600000 -0.200000  0.600000) wq =   0.192000
          xq(00000007) = (  0.400000  0.000000  0.400000) wq =   0.096000
          xq(00000008) = (  0.000000  0.800000  0.000000) wq =   0.048000
          xq(00000009) = (  0.800000  0.000000  0.800000) wq =   0.096000
          xq(00000010) = (  0.600000 -0.200000  1.000000) wq =   0.192000
          Q-point IBZ [ cryst coord ]
          xq(00000001) = (  0.000000  0.000000  0.000000) wq =   0.008000
          xq(00000002) = (  0.000000  0.000000  0.200000) wq =   0.064000
          xq(00000003) = (  0.000000  0.000000  0.400000) wq =   0.064000
          xq(00000004) = (  0.000000  0.200000  0.200000) wq =   0.048000
          xq(00000005) = (  0.000000  0.200000  0.400000) wq =   0.192000
          xq(00000006) = (  0.000000  0.200000 -0.400000) wq =   0.192000
          xq(00000007) = (  0.000000  0.200000 -0.200000) wq =   0.096000
          xq(00000008) = (  0.000000  0.400000  0.400000) wq =   0.048000
          xq(00000009) = (  0.000000  0.400000 -0.400000) wq =   0.096000
          xq(00000010) = (  0.200000  0.400000 -0.400000) wq =   0.192000
     ===========================================================================
       
     --------------------------------------------------------------------------------------------
     Hartree-Fock Exact E(X)change                                       
     --------------------------------------------------------------------------------------------
      
     --------------------------------------------------------------------------------------------
     Vxc
     --------------------------------------------------------------------------------------------
     in progress... |#                   | 005% :             < 00.1s (E)               00.2s (X)
     in progress... |##                  | 010% :             < 00.1s (E)               00.1s (X)
     in progress... |###                 | 015% :             < 00.1s (E)             < 00.1s (X)
     in progress... |####                | 020% :             < 00.1s (E)             < 00.1s (X)
     in progress... |#####               | 025% :             < 00.1s (E)             < 00.1s (X)
     in progress... |######              | 030% :             < 00.1s (E)             < 00.1s (X)
     in progress... |#######             | 035% :             < 00.1s (E)             < 00.1s (X)
     in progress... |########            | 040% :             < 00.1s (E)             < 00.1s (X)
     in progress... |#########           | 045% :             < 00.1s (E)             < 00.1s (X)
     in progress... |##########          | 050% :             < 00.1s (E)             < 00.1s (X)
     in progress... |###########         | 055% :             < 00.1s (E)             < 00.1s (X)
     in progress... |############        | 060% :             < 00.1s (E)             < 00.1s (X)
     in progress... |#############       | 065% :             < 00.1s (E)             < 00.1s (X)
     in progress... |##############      | 070% :             < 00.1s (E)             < 00.1s (X)
     in progress... |###############     | 075% :             < 00.1s (E)             < 00.1s (X)
     in progress... |################    | 080% :             < 00.1s (E)             < 00.1s (X)
     in progress... |#################   | 085% :             < 00.1s (E)             < 00.1s (X)
     in progress... |##################  | 090% :             < 00.1s (E)             < 00.1s (X)
     in progress... |################### | 095% :             < 00.1s (E)             < 00.1s (X)
     in progress... |####################| 100% :             < 00.1s (E)             < 00.1s (X)
     --------------------------------------------------------------------------------------------
      
     --------------------------------------------------------------------------------------------
     (X)-Sigma
     --------------------------------------------------------------------------------------------
     in progress... |#                   | 005% :               00.8s (E)               16.9s (X)
     in progress... |##                  | 010% :               01.6s (E)               16.7s (X)
     in progress... |###                 | 015% :               02.4s (E)               16.6s (X)
     in progress... |####                | 020% :               05.8s (E)               29.1s (X)
     in progress... |#####               | 025% :               06.6s (E)               26.6s (X)
     in progress... |######              | 030% :               07.4s (E)               24.9s (X)
     in progress... |#######             | 035% :               08.3s (E)               23.7s (X)
     in progress... |########            | 040% :               09.1s (E)               22.8s (X)
     in progress... |#########           | 045% :               09.9s (E)               22.1s (X)
     in progress... |##########          | 050% :               10.8s (E)               21.6s (X)
     in progress... |###########         | 055% :               11.6s (E)               21.1s (X)
     in progress... |############        | 060% :               12.4s (E)               20.7s (X)
     in progress... |#############       | 065% :               13.2s (E)               20.4s (X)
     in progress... |##############      | 070% :               14.1s (E)               20.1s (X)
     in progress... |###############     | 075% :               14.9s (E)               19.9s (X)
     in progress... |################    | 080% :               15.7s (E)               19.6s (X)
     in progress... |#################   | 085% :               16.5s (E)               19.5s (X)
     in progress... |##################  | 090% :               17.4s (E)               19.3s (X)
     in progress... |################### | 095% :               18.2s (E)               19.2s (X)
     in progress... |####################| 100% :               19.0s (E)               19.0s (X)
     --------------------------------------------------------------------------------------------
       
     --------------------------------------------------------------------------------------------
     (W)-Lanczos                                                         
     --------------------------------------------------------------------------------------------
     in progress... |#                   | 005% :               30.8s (E)           10m-16.0s (X)
     in progress... |##                  | 010% :           01m-00.3s (E)           10m-03.4s (X)
     in progress... |###                 | 015% :           01m-29.9s (E)           09m-59.7s (X)
     in progress... |####                | 020% :           01m-58.9s (E)           09m-54.6s (X)
     in progress... |#####               | 025% :           02m-28.7s (E)           09m-54.8s (X)
     in progress... |######              | 030% :           02m-57.7s (E)           09m-52.4s (X)
     in progress... |#######             | 035% :           03m-27.4s (E)           09m-52.6s (X)
     in progress... |########            | 040% :           03m-56.4s (E)           09m-51.1s (X)
     in progress... |#########           | 045% :           04m-26.2s (E)           09m-51.5s (X)
     in progress... |##########          | 050% :           04m-55.2s (E)           09m-50.5s (X)
     in progress... |###########         | 055% :           05m-25.1s (E)           09m-51.1s (X)
     in progress... |############        | 060% :           05m-54.2s (E)           09m-50.4s (X)
     in progress... |#############       | 065% :           06m-24.3s (E)           09m-51.3s (X)
     in progress... |##############      | 070% :           06m-53.4s (E)           09m-50.7s (X)
     in progress... |###############     | 075% :           07m-23.3s (E)           09m-51.1s (X)
     in progress... |################    | 080% :           07m-52.5s (E)           09m-50.6s (X)
     in progress... |#################   | 085% :           08m-22.0s (E)           09m-50.6s (X)
     in progress... |##################  | 090% :           08m-51.1s (E)           09m-50.2s (X)
     in progress... |################### | 095% :           09m-20.8s (E)           09m-50.3s (X)
     in progress... |####################| 100% :           09m-49.9s (E)           09m-49.9s (X)
     --------------------------------------------------------------------------------------------
 
     Number of q in the star =    4
     List of q in the star:
          1  -0.200000000   0.200000000  -0.200000000
          2   0.200000000  -0.200000000  -0.200000000
          3   0.200000000   0.200000000   0.200000000
          4  -0.200000000  -0.200000000   0.200000000
     In addition there is the -q list: 
          1   0.200000000  -0.200000000   0.200000000
          2  -0.200000000   0.200000000   0.200000000
          3  -0.200000000  -0.200000000  -0.200000000
          4   0.200000000   0.200000000  -0.200000000
 
     Number of q in the star =    4
     List of q in the star:
          1  -0.400000000   0.400000000  -0.400000000
          2   0.400000000  -0.400000000  -0.400000000
          3   0.400000000   0.400000000   0.400000000
          4  -0.400000000  -0.400000000   0.400000000
     In addition there is the -q list: 
          1   0.400000000  -0.400000000   0.400000000
          2  -0.400000000   0.400000000   0.400000000
          3  -0.400000000  -0.400000000  -0.400000000
          4   0.400000000   0.400000000  -0.400000000
 
     Number of q in the star =    6
     List of q in the star:
          1   0.000000000   0.400000000   0.000000000
          2   0.000000000  -0.400000000   0.000000000
          3   0.400000000   0.000000000   0.000000000
          4  -0.400000000   0.000000000   0.000000000
          5   0.000000000   0.000000000   0.400000000
          6   0.000000000   0.000000000  -0.400000000
 
     Number of q in the star =   12
     List of q in the star:
          1  -0.200000000   0.600000000  -0.200000000
          2   0.200000000  -0.600000000  -0.200000000
          3   0.200000000   0.600000000   0.200000000
          4  -0.200000000  -0.600000000   0.200000000
          5   0.600000000  -0.200000000  -0.200000000
          6  -0.600000000  -0.200000000   0.200000000
          7   0.600000000   0.200000000   0.200000000
          8  -0.600000000   0.200000000  -0.200000000
          9  -0.200000000  -0.200000000   0.600000000
         10  -0.200000000   0.200000000  -0.600000000
         11   0.200000000   0.200000000   0.600000000
         12   0.200000000  -0.200000000  -0.600000000
     In addition there is the -q list: 
          1   0.200000000  -0.600000000   0.200000000
          2  -0.200000000   0.600000000   0.200000000
          3  -0.200000000  -0.600000000  -0.200000000
          4   0.200000000   0.600000000  -0.200000000
          5  -0.600000000   0.200000000   0.200000000
          6   0.600000000   0.200000000  -0.200000000
          7  -0.600000000  -0.200000000  -0.200000000
          8   0.600000000  -0.200000000   0.200000000
          9   0.200000000   0.200000000  -0.600000000
         10   0.200000000  -0.200000000   0.600000000
         11  -0.200000000  -0.200000000  -0.600000000
         12  -0.200000000   0.200000000   0.600000000
 
     Number of q in the star =   12
     List of q in the star:
          1   0.600000000  -0.200000000   0.600000000
          2  -0.600000000   0.200000000   0.600000000
          3  -0.600000000  -0.200000000  -0.600000000
          4   0.600000000   0.200000000  -0.600000000
          5  -0.200000000   0.600000000   0.600000000
          6   0.200000000   0.600000000  -0.600000000
          7  -0.200000000  -0.600000000  -0.600000000
          8   0.200000000  -0.600000000   0.600000000
          9   0.600000000   0.600000000  -0.200000000
         10   0.600000000  -0.600000000   0.200000000
         11  -0.600000000  -0.600000000  -0.200000000
         12  -0.600000000   0.600000000   0.200000000
     In addition there is the -q list: 
          1  -0.600000000   0.200000000  -0.600000000
          2   0.600000000  -0.200000000  -0.600000000
          3   0.600000000   0.200000000   0.600000000
          4  -0.600000000  -0.200000000   0.600000000
          5   0.200000000  -0.600000000  -0.600000000
          6  -0.200000000  -0.600000000   0.600000000
          7   0.200000000   0.600000000   0.600000000
          8  -0.200000000   0.600000000  -0.600000000
          9  -0.600000000  -0.600000000   0.200000000
         10  -0.600000000   0.600000000  -0.200000000
         11   0.600000000   0.600000000   0.200000000
         12   0.600000000  -0.600000000  -0.200000000
 
     Number of q in the star =   12
     List of q in the star:
          1   0.400000000   0.000000000   0.400000000
          2  -0.400000000  -0.000000000   0.400000000
          3  -0.400000000   0.000000000  -0.400000000
          4   0.400000000  -0.000000000  -0.400000000
          5   0.000000000   0.400000000   0.400000000
          6  -0.000000000   0.400000000  -0.400000000
          7   0.000000000  -0.400000000  -0.400000000
          8  -0.000000000  -0.400000000   0.400000000
          9   0.400000000   0.400000000   0.000000000
         10   0.400000000  -0.400000000  -0.000000000
         11  -0.400000000  -0.400000000   0.000000000
         12  -0.400000000   0.400000000  -0.000000000
 
     Number of q in the star =    6
     List of q in the star:
          1   0.000000000   0.800000000   0.000000000
          2   0.000000000  -0.800000000   0.000000000
          3   0.800000000   0.000000000   0.000000000
          4  -0.800000000   0.000000000   0.000000000
          5   0.000000000   0.000000000   0.800000000
          6   0.000000000   0.000000000  -0.800000000
 
     Number of q in the star =   12
     List of q in the star:
          1   0.800000000   0.000000000   0.800000000
          2  -0.800000000   0.000000000   0.800000000
          3  -0.800000000   0.000000000  -0.800000000
          4   0.800000000   0.000000000  -0.800000000
          5   0.000000000   0.800000000   0.800000000
          6   0.000000000   0.800000000  -0.800000000
          7   0.000000000  -0.800000000  -0.800000000
          8   0.000000000  -0.800000000   0.800000000
          9   0.800000000   0.800000000   0.000000000
         10   0.800000000  -0.800000000   0.000000000
         11  -0.800000000  -0.800000000   0.000000000
         12  -0.800000000   0.800000000   0.000000000
 
     Number of q in the star =   24
     List of q in the star:
          1   0.600000000  -0.200000000   1.000000000
          2  -0.600000000   0.200000000   1.000000000
          3  -0.600000000  -0.200000000  -1.000000000
          4   0.600000000   0.200000000  -1.000000000
          5  -0.200000000   1.000000000   0.600000000
          6   0.200000000   1.000000000  -0.600000000
          7  -0.200000000  -1.000000000  -0.600000000
          8   0.200000000  -1.000000000   0.600000000
          9   1.000000000   0.600000000  -0.200000000
         10   1.000000000  -0.600000000   0.200000000
         11  -1.000000000  -0.600000000  -0.200000000
         12  -1.000000000   0.600000000   0.200000000
         13   0.200000000  -0.600000000   1.000000000
         14  -0.200000000   0.600000000   1.000000000
         15   0.200000000   0.600000000  -1.000000000
         16  -0.200000000  -0.600000000  -1.000000000
         17  -1.000000000  -0.200000000  -0.600000000
         18   1.000000000  -0.200000000   0.600000000
         19  -1.000000000   0.200000000   0.600000000
         20   1.000000000   0.200000000  -0.600000000
         21   0.600000000  -1.000000000   0.200000000
         22   0.600000000   1.000000000  -0.200000000
         23  -0.600000000  -1.000000000  -0.200000000
         24  -0.600000000   1.000000000   0.200000000
 
     Number of q in the star =    4
     List of q in the star:
          1  -0.200000000   0.200000000  -0.200000000
          2   0.200000000  -0.200000000  -0.200000000
          3   0.200000000   0.200000000   0.200000000
          4  -0.200000000  -0.200000000   0.200000000
     In addition there is the -q list: 
          1   0.200000000  -0.200000000   0.200000000
          2  -0.200000000   0.200000000   0.200000000
          3  -0.200000000  -0.200000000  -0.200000000
          4   0.200000000   0.200000000  -0.200000000
 
     Number of q in the star =    4
     List of q in the star:
          1  -0.400000000   0.400000000  -0.400000000
          2   0.400000000  -0.400000000  -0.400000000
          3   0.400000000   0.400000000   0.400000000
          4  -0.400000000  -0.400000000   0.400000000
     In addition there is the -q list: 
          1   0.400000000  -0.400000000   0.400000000
          2  -0.400000000   0.400000000   0.400000000
          3  -0.400000000  -0.400000000  -0.400000000
          4   0.400000000   0.400000000  -0.400000000
 
     Number of q in the star =    6
     List of q in the star:
          1   0.000000000   0.400000000   0.000000000
          2   0.000000000  -0.400000000   0.000000000
          3   0.400000000   0.000000000   0.000000000
          4  -0.400000000   0.000000000   0.000000000
          5   0.000000000   0.000000000   0.400000000
          6   0.000000000   0.000000000  -0.400000000
 
     Number of q in the star =   12
     List of q in the star:
          1  -0.200000000   0.600000000  -0.200000000
          2   0.200000000  -0.600000000  -0.200000000
          3   0.200000000   0.600000000   0.200000000
          4  -0.200000000  -0.600000000   0.200000000
          5   0.600000000  -0.200000000  -0.200000000
          6  -0.600000000  -0.200000000   0.200000000
          7   0.600000000   0.200000000   0.200000000
          8  -0.600000000   0.200000000  -0.200000000
          9  -0.200000000  -0.200000000   0.600000000
         10  -0.200000000   0.200000000  -0.600000000
         11   0.200000000   0.200000000   0.600000000
         12   0.200000000  -0.200000000  -0.600000000
     In addition there is the -q list: 
          1   0.200000000  -0.600000000   0.200000000
          2  -0.200000000   0.600000000   0.200000000
          3  -0.200000000  -0.600000000  -0.200000000
          4   0.200000000   0.600000000  -0.200000000
          5  -0.600000000   0.200000000   0.200000000
          6   0.600000000   0.200000000  -0.200000000
          7  -0.600000000  -0.200000000  -0.200000000
          8   0.600000000  -0.200000000   0.200000000
          9   0.200000000   0.200000000  -0.600000000
         10   0.200000000  -0.200000000   0.600000000
         11  -0.200000000  -0.200000000  -0.600000000
         12  -0.200000000   0.200000000   0.600000000
 
     Number of q in the star =   12
     List of q in the star:
          1   0.600000000  -0.200000000   0.600000000
          2  -0.600000000   0.200000000   0.600000000
          3  -0.600000000  -0.200000000  -0.600000000
          4   0.600000000   0.200000000  -0.600000000
          5  -0.200000000   0.600000000   0.600000000
          6   0.200000000   0.600000000  -0.600000000
          7  -0.200000000  -0.600000000  -0.600000000
          8   0.200000000  -0.600000000   0.600000000
          9   0.600000000   0.600000000  -0.200000000
         10   0.600000000  -0.600000000   0.200000000
         11  -0.600000000  -0.600000000  -0.200000000
         12  -0.600000000   0.600000000   0.200000000
     In addition there is the -q list: 
          1  -0.600000000   0.200000000  -0.600000000
          2   0.600000000  -0.200000000  -0.600000000
          3   0.600000000   0.200000000   0.600000000
          4  -0.600000000  -0.200000000   0.600000000
          5   0.200000000  -0.600000000  -0.600000000
          6  -0.200000000  -0.600000000   0.600000000
          7   0.200000000   0.600000000   0.600000000
          8  -0.200000000   0.600000000  -0.600000000
          9  -0.600000000  -0.600000000   0.200000000
         10  -0.600000000   0.600000000  -0.200000000
         11   0.600000000   0.600000000   0.200000000
         12   0.600000000  -0.600000000  -0.200000000
 
     Number of q in the star =   12
     List of q in the star:
          1   0.400000000   0.000000000   0.400000000
          2  -0.400000000  -0.000000000   0.400000000
          3  -0.400000000   0.000000000  -0.400000000
          4   0.400000000  -0.000000000  -0.400000000
          5   0.000000000   0.400000000   0.400000000
          6  -0.000000000   0.400000000  -0.400000000
          7   0.000000000  -0.400000000  -0.400000000
          8  -0.000000000  -0.400000000   0.400000000
          9   0.400000000   0.400000000   0.000000000
         10   0.400000000  -0.400000000  -0.000000000
         11  -0.400000000  -0.400000000   0.000000000
         12  -0.400000000   0.400000000  -0.000000000
 
     Number of q in the star =    6
     List of q in the star:
          1   0.000000000   0.800000000   0.000000000
          2   0.000000000  -0.800000000   0.000000000
          3   0.800000000   0.000000000   0.000000000
          4  -0.800000000   0.000000000   0.000000000
          5   0.000000000   0.000000000   0.800000000
          6   0.000000000   0.000000000  -0.800000000
 
     Number of q in the star =   12
     List of q in the star:
          1   0.800000000   0.000000000   0.800000000
          2  -0.800000000   0.000000000   0.800000000
          3  -0.800000000   0.000000000  -0.800000000
          4   0.800000000   0.000000000  -0.800000000
          5   0.000000000   0.800000000   0.800000000
          6   0.000000000   0.800000000  -0.800000000
          7   0.000000000  -0.800000000  -0.800000000
          8   0.000000000  -0.800000000   0.800000000
          9   0.800000000   0.800000000   0.000000000
         10   0.800000000  -0.800000000   0.000000000
         11  -0.800000000  -0.800000000   0.000000000
         12  -0.800000000   0.800000000   0.000000000
 
     Number of q in the star =   24
     List of q in the star:
          1   0.600000000  -0.200000000   1.000000000
          2  -0.600000000   0.200000000   1.000000000
          3  -0.600000000  -0.200000000  -1.000000000
          4   0.600000000   0.200000000  -1.000000000
          5  -0.200000000   1.000000000   0.600000000
          6   0.200000000   1.000000000  -0.600000000
          7  -0.200000000  -1.000000000  -0.600000000
          8   0.200000000  -1.000000000   0.600000000
          9   1.000000000   0.600000000  -0.200000000
         10   1.000000000  -0.600000000   0.200000000
         11  -1.000000000  -0.600000000  -0.200000000
         12  -1.000000000   0.600000000   0.200000000
         13   0.200000000  -0.600000000   1.000000000
         14  -0.200000000   0.600000000   1.000000000
         15   0.200000000   0.600000000  -1.000000000
         16  -0.200000000  -0.600000000  -1.000000000
         17  -1.000000000  -0.200000000  -0.600000000
         18   1.000000000  -0.200000000   0.600000000
         19  -1.000000000   0.200000000   0.600000000
         20   1.000000000   0.200000000  -0.600000000
         21   0.600000000  -1.000000000   0.200000000
         22   0.600000000   1.000000000  -0.200000000
         23  -0.600000000  -1.000000000  -0.200000000
         24  -0.600000000   1.000000000   0.200000000
       
     --------------------------------------------------------------------------------------------
     (G)-Lanczos                                                         
     --------------------------------------------------------------------------------------------
     in progress... |#                   | 005% :           04m-33.0s (E)       01h-31m-01.0s (X)
     in progress... |##                  | 010% :           07m-46.4s (E)       01h-17m-44.0s (X)
     in progress... |###                 | 015% :           10m-55.0s (E)       01h-12m-46.8s (X)
     in progress... |####                | 020% :           14m-01.2s (E)       01h-10m-06.3s (X)
     in progress... |#####               | 025% :           17m-09.4s (E)       01h-08m-37.7s (X)
     in progress... |######              | 030% :           20m-17.7s (E)       01h-07m-39.2s (X)
     in progress... |#######             | 035% :           23m-24.6s (E)       01h-06m-53.2s (X)
     in progress... |########            | 040% :           26m-28.7s (E)       01h-06m-11.9s (X)
     in progress... |#########           | 045% :           29m-32.8s (E)       01h-05m-39.6s (X)
     in progress... |##########          | 050% :           32m-29.6s (E)       01h-04m-59.3s (X)
     in progress... |###########         | 055% :           35m-33.6s (E)       01h-04m-39.3s (X)
     in progress... |############        | 060% :           38m-39.0s (E)       01h-04m-25.0s (X)
     in progress... |#############       | 065% :           41m-42.9s (E)       01h-04m-10.6s (X)
     in progress... |##############      | 070% :           44m-50.7s (E)       01h-04m-03.9s (X)
     in progress... |###############     | 075% :           48m-00.8s (E)       01h-04m-01.0s (X)
     in progress... |################    | 080% :           51m-03.0s (E)       01h-03m-48.8s (X)
     in progress... |#################   | 085% :           54m-07.6s (E)       01h-03m-40.7s (X)
     in progress... |##################  | 090% :           57m-11.9s (E)       01h-03m-33.2s (X)
     in progress... |################### | 095% :       01h-00m-15.1s (E)       01h-03m-25.3s (X)
     in progress... |####################| 100% :       01h-03m-16.1s (E)       01h-03m-16.1s (X)
     --------------------------------------------------------------------------------------------
       
     --------------------------------------------------------------------------------------------
     Collecting results from W and G                                     
     --------------------------------------------------------------------------------------------
     in progress... |#                   | 005% :           18m-10.6s (E)       06h-03m-32.1s (X)
     --------------------------------------------------------------------------------------------
       
     --------------------------------------------------------------------------------------------
     (Q)uasiparticle energies                                            
     --------------------------------------------------------------------------------------------
       
     --------------------------------------------------------------------------------------------
     Sigma_C                                                             
     --------------------------------------------------------------------------------------------
     Integrating along the IM axis...
     --------------------------------------------------------------------------------------------
     in progress... |#                   | 005% :               02.4s (E)               49.7s (X)
     --------------------------------------------------------------------------------------------
     Residues along the RE axis...
     --------------------------------------------------------------------------------------------
     in progress... |#                   | 005% :             < 00.1s (E)               00.1s (X)
     --------------------------------------------------------------------------------------------
       
     --------------------------------------------------------------------------------------------
     Sigma_C                                                             
     --------------------------------------------------------------------------------------------
     Integrating along the IM axis...
     --------------------------------------------------------------------------------------------
     in progress... |#                   | 005% :               02.0s (E)               41.3s (X)
     --------------------------------------------------------------------------------------------
     Residues along the RE axis...
     --------------------------------------------------------------------------------------------
     in progress... |#                   | 005% :             < 00.1s (E)               00.1s (X)
     --------------------------------------------------------------------------------------------

     --------------------------------------------------------------------------------------------
     Iter: 000000
     k(000001) = (   0.0000000   0.0000000   0.0000000) cryst. coord.
     band      QP en. [eV] conv
     000001      -3.589421   no
     000002      12.711693   no
     000003      12.711692   no
     000004      12.711692   no
     000005      20.409253   no
     000006      20.409250   no
     000007      20.409248   no
     000008      28.181090   no
     ---------------------------------
     k(000002) = (   0.0000000   0.0000000   0.2000000) cryst. coord.
     band      QP en. [eV] conv
     000001      -7.898337   no
     000002       7.298923   no
     000003      11.263803   no
     000004      11.263803   no
     000005      22.273836   no
     000006      22.273838   no
     000007      22.500930   no
     000008      29.156072   no
     ---------------------------------
     k(000003) = (   0.0000000   0.0000000   0.4000000) cryst. coord.
     band      QP en. [eV] conv
     000001      -4.860444   no
     000002       0.325810   no
     000003       9.824652   no
     000004       9.824648   no
     000005      23.443898   no
     000006      23.443892   no
     000007      23.433009   no
     000008      30.572484   no
     ---------------------------------
     k(000007) = (   0.0000000   0.2000000   0.2000000) cryst. coord.
     band      QP en. [eV] conv
     000001      -8.560182   no
     000002       9.189372   no
     000003       9.189371   no
     000004       9.164512   no
     000005      19.282313   no
     000006      25.219075   no
     000007      25.219082   no
     000008      26.591301   no
     ---------------------------------
     k(000008) = (   0.0000000   0.2000000   0.4000000) cryst. coord.
     band      QP en. [eV] conv
     000001      -5.331158   no
     000002       2.458253   no
     000003       7.470369   no
     000004       7.888653   no
     000005      20.725976   no
     000006      26.033022   no
     000007      27.045545   no
     000008      27.000670   no
     ---------------------------------
     k(000009) = (   0.0000000   0.2000000  -0.4000000) cryst. coord.
     band      QP en. [eV] conv
     000001      -6.790187   no
     000002      -0.205654   no
     000003       5.686579   no
     000004       8.478301   no
     000005      21.893536   no
     000006      26.089400   no
     000007      27.047510   no
     000008      30.586014   no
     ---------------------------------
     k(000010) = (   0.0000000   0.2000000  -0.2000000) cryst. coord.
     band      QP en. [eV] conv
     000001      -5.884447   no
     000002       5.025687   no
     000003       6.145749   no
     000004      10.481144   no
     000005      23.634723   no
     000006      23.457517   no
     000007      25.454887   no
     000008      28.575525   no
     ---------------------------------
     k(000013) = (   0.0000000   0.4000000   0.4000000) cryst. coord.
     band      QP en. [eV] conv
     000001      -3.638548   no
     000002       2.361976   no
     000003       6.230468   no
     000004       6.230466   no
     000005      18.532287   no
     000006      20.590199   no
     000007      31.021053   no
     000008      31.021056   no
     ---------------------------------
     k(000014) = (   0.0000000   0.4000000  -0.4000000) cryst. coord.
     band      QP en. [eV] conv
     000001      -1.070563   no
     000002      -0.510519   no
     000003       3.186386   no
     000004       6.499635   no
     000005      19.757212   no
     000006      23.760372   no
     000007      30.932005   no
     000008      31.342685   no
     ---------------------------------
     k(000039) = (   0.2000000   0.4000000  -0.4000000) cryst. coord.
     band      QP en. [eV] conv
     000001      -3.869308   no
     000002       1.530491   no
     000003       3.655383   no
     000004       5.720818   no
     000005      23.826006   no
     000006      24.607851   no
     000007      26.826017   no
     000008      30.426349   no
     ---------------------------------
     --------------------------------------------------------------------------------------------
       
     --------------------------------------------------------------------------------------------
     Sigma_C                                                             
     --------------------------------------------------------------------------------------------
     Integrating along the IM axis...
     --------------------------------------------------------------------------------------------
     in progress... |#                   | 005% :               02.0s (E)               41.2s (X)
     --------------------------------------------------------------------------------------------
     Residues along the RE axis...
     --------------------------------------------------------------------------------------------
     in progress... |#                   | 005% :             < 00.1s (E)               00.1s (X)
     --------------------------------------------------------------------------------------------

     --------------------------------------------------------------------------------------------
     Iter: 000001
     k(000001) = (   0.0000000   0.0000000   0.0000000) cryst. coord.
     band      QP en. [eV] conv
     000001     -10.159400   no
     000002      12.717117  yes
     000003      12.717116  yes
     000004      12.717116  yes
     000005      20.406187  yes
     000006      20.406184  yes
     000007      20.406182  yes
     000008      28.185510  yes
     ---------------------------------
     k(000002) = (   0.0000000   0.0000000   0.2000000) cryst. coord.
     band      QP en. [eV] conv
     000001      -8.663884   no
     000002       7.312467  yes
     000003      11.270015  yes
     000004      11.270016  yes
     000005      22.269676  yes
     000006      22.269678  yes
     000007      22.498632  yes
     000008      29.220140   no
     ---------------------------------
     k(000003) = (   0.0000000   0.0000000   0.4000000) cryst. coord.
     band      QP en. [eV] conv
     000001      -5.475500   no
     000002       0.481843   no
     000003       9.832814  yes
     000004       9.832811  yes
     000005      23.439156  yes
     000006      23.439150  yes
     000007      23.432528  yes
     000008      30.550816  yes
     ---------------------------------
     k(000007) = (   0.0000000   0.2000000   0.2000000) cryst. coord.
     band      QP en. [eV] conv
     000001      -8.338473   no
     000002       9.198313  yes
     000003       9.198313  yes
     000004       9.183402  yes
     000005      19.280823  yes
     000006      25.213892  yes
     000007      25.213899  yes
     000008      26.605637  yes
     ---------------------------------
     k(000008) = (   0.0000000   0.2000000   0.4000000) cryst. coord.
     band      QP en. [eV] conv
     000001      -5.767354   no
     000002       3.169044   no
     000003       7.485771  yes
     000004       7.900698  yes
     000005      20.724269  yes
     000006      26.037199  yes
     000007      27.055875  yes
     000008      27.001521  yes
     ---------------------------------
     k(000009) = (   0.0000000   0.2000000  -0.4000000) cryst. coord.
     band      QP en. [eV] conv
     000001      -3.299214   no
     000002      -0.260056   no
     000003       5.708103  yes
     000004       8.489259  yes
     000005      21.891883  yes
     000006      26.074498  yes
     000007      27.037697  yes
     000008      30.420741   no
     ---------------------------------
     k(000010) = (   0.0000000   0.2000000  -0.2000000) cryst. coord.
     band      QP en. [eV] conv
     000001      -6.861052   no
     000002       5.022371  yes
     000003       6.145358  yes
     000004      10.489009  yes
     000005      23.628720  yes
     000006      23.453933  yes
     000007      25.447781  yes
     000008      28.644263   no
     ---------------------------------
     k(000013) = (   0.0000000   0.4000000   0.4000000) cryst. coord.
     band      QP en. [eV] conv
     000001      -4.012575   no
     000002       2.477093   no
     000003       6.243105  yes
     000004       6.243104  yes
     000005      18.531623  yes
     000006      20.589549  yes
     000007      31.129248   no
     000008      31.129252   no
     ---------------------------------
     k(000014) = (   0.0000000   0.4000000  -0.4000000) cryst. coord.
     band      QP en. [eV] conv
     000001      -0.904090   no
     000002      -0.255787   no
     000003       3.236275  yes
     000004       6.515040  yes
     000005      19.756466  yes
     000006      23.756845  yes
     000007      30.585976   no
     000008      31.335093  yes
     ---------------------------------
     k(000039) = (   0.2000000   0.4000000  -0.4000000) cryst. coord.
     band      QP en. [eV] conv
     000001      -2.714546   no
     000002       1.677836   no
     000003       3.682866  yes
     000004       5.741365  yes
     000005      23.822381  yes
     000006      24.605399  yes
     000007      26.842180  yes
     000008      30.456825  yes
     ---------------------------------
     --------------------------------------------------------------------------------------------
       
     --------------------------------------------------------------------------------------------
     Sigma_C                                                             
     --------------------------------------------------------------------------------------------
     Integrating along the IM axis...
     --------------------------------------------------------------------------------------------
     in progress... |#                   | 005% :               02.0s (E)               40.8s (X)
     --------------------------------------------------------------------------------------------
     Residues along the RE axis...
     --------------------------------------------------------------------------------------------
     in progress... |#                   | 005% :             < 00.1s (E)               00.1s (X)
     --------------------------------------------------------------------------------------------

     --------------------------------------------------------------------------------------------
     Iter: 000002
     k(000001) = (   0.0000000   0.0000000   0.0000000) cryst. coord.
     band      QP en. [eV] conv
     000001     -10.112498  yes
     000002      12.717117  yes
     000003      12.717116  yes
     000004      12.717116  yes
     000005      20.406187  yes
     000006      20.406184  yes
     000007      20.406182  yes
     000008      28.185510  yes
     ---------------------------------
     k(000002) = (   0.0000000   0.0000000   0.2000000) cryst. coord.
     band      QP en. [eV] conv
     000001      -8.796051   no
     000002       7.312467  yes
     000003      11.270015  yes
     000004      11.270016  yes
     000005      22.269676  yes
     000006      22.269678  yes
     000007      22.498632  yes
     000008      29.218177  yes
     ---------------------------------
     k(000003) = (   0.0000000   0.0000000   0.4000000) cryst. coord.
     band      QP en. [eV] conv
     000001      -5.543624   no
     000002       0.499220  yes
     000003       9.832814  yes
     000004       9.832811  yes
     000005      23.439156  yes
     000006      23.439150  yes
     000007      23.432528  yes
     000008      30.550816  yes
     ---------------------------------
     k(000007) = (   0.0000000   0.2000000   0.2000000) cryst. coord.
     band      QP en. [eV] conv
     000001      -8.212348   no
     000002       9.198313  yes
     000003       9.198313  yes
     000004       9.183402  yes
     000005      19.280823  yes
     000006      25.213892  yes
     000007      25.213899  yes
     000008      26.605637  yes
     ---------------------------------
     k(000008) = (   0.0000000   0.2000000   0.4000000) cryst. coord.
     band      QP en. [eV] conv
     000001      -5.709907   no
     000002       3.163642  yes
     000003       7.485771  yes
     000004       7.900698  yes
     000005      20.724269  yes
     000006      26.037199  yes
     000007      27.055875  yes
     000008      27.001521  yes
     ---------------------------------
     k(000009) = (   0.0000000   0.2000000  -0.4000000) cryst. coord.
     band      QP en. [eV] conv
     000001      -3.301394  yes
     000002      -0.362798   no
     000003       5.708103  yes
     000004       8.489259  yes
     000005      21.891883  yes
     000006      26.074498  yes
     000007      27.037697  yes
     000008      30.448107  yes
     ---------------------------------
     k(000010) = (   0.0000000   0.2000000  -0.2000000) cryst. coord.
     band      QP en. [eV] conv
     000001      -7.040682   no
     000002       5.022371  yes
     000003       6.145358  yes
     000004      10.489009  yes
     000005      23.628720  yes
     000006      23.453933  yes
     000007      25.447781  yes
     000008      28.636942  yes
     ---------------------------------
     k(000013) = (   0.0000000   0.4000000   0.4000000) cryst. coord.
     band      QP en. [eV] conv
     000001      -3.912002   no
     000002       2.478767  yes
     000003       6.243105  yes
     000004       6.243104  yes
     000005      18.531623  yes
     000006      20.589549  yes
     000007      31.097329  yes
     000008      31.097332  yes
     ---------------------------------
     k(000014) = (   0.0000000   0.4000000  -0.4000000) cryst. coord.
     band      QP en. [eV] conv
     000001      -0.888327  yes
     000002      -0.301255  yes
     000003       3.236275  yes
     000004       6.515040  yes
     000005      19.756466  yes
     000006      23.756845  yes
     000007      30.559159  yes
     000008      31.335093  yes
     ---------------------------------
     k(000039) = (   0.2000000   0.4000000  -0.4000000) cryst. coord.
     band      QP en. [eV] conv
     000001      -2.684855  yes
     000002       1.673340  yes
     000003       3.682866  yes
     000004       5.741365  yes
     000005      23.822381  yes
     000006      24.605399  yes
     000007      26.842180  yes
     000008      30.456825  yes
     ---------------------------------
     --------------------------------------------------------------------------------------------
       
     --------------------------------------------------------------------------------------------
     Sigma_C                                                             
     --------------------------------------------------------------------------------------------
     Integrating along the IM axis...
     --------------------------------------------------------------------------------------------
     in progress... |#                   | 005% :               02.0s (E)               41.3s (X)
     --------------------------------------------------------------------------------------------
     Residues along the RE axis...
     --------------------------------------------------------------------------------------------
     in progress... |#                   | 005% :             < 00.1s (E)               00.1s (X)
     --------------------------------------------------------------------------------------------

     --------------------------------------------------------------------------------------------
     Iter: 000003
     k(000001) = (   0.0000000   0.0000000   0.0000000) cryst. coord.
     band      QP en. [eV] conv
     000001     -10.112498  yes
     000002      12.717117  yes
     000003      12.717116  yes
     000004      12.717116  yes
     000005      20.406187  yes
     000006      20.406184  yes
     000007      20.406182  yes
     000008      28.185510  yes
     ---------------------------------
     k(000002) = (   0.0000000   0.0000000   0.2000000) cryst. coord.
     band      QP en. [eV] conv
     000001      -8.741979   no
     000002       7.312467  yes
     000003      11.270015  yes
     000004      11.270016  yes
     000005      22.269676  yes
     000006      22.269678  yes
     000007      22.498632  yes
     000008      29.218177  yes
     ---------------------------------
     k(000003) = (   0.0000000   0.0000000   0.4000000) cryst. coord.
     band      QP en. [eV] conv
     000001      -8.397655   no
     000002       0.499220  yes
     000003       9.832814  yes
     000004       9.832811  yes
     000005      23.439156  yes
     000006      23.439150  yes
     000007      23.432528  yes
     000008      30.550816  yes
     ---------------------------------
     k(000007) = (   0.0000000   0.2000000   0.2000000) cryst. coord.
     band      QP en. [eV] conv
     000001      -8.292509   no
     000002       9.198313  yes
     000003       9.198313  yes
     000004       9.183402  yes
     000005      19.280823  yes
     000006      25.213892  yes
     000007      25.213899  yes
     000008      26.605637  yes
     ---------------------------------
     k(000008) = (   0.0000000   0.2000000   0.4000000) cryst. coord.
     band      QP en. [eV] conv
     000001      -5.718139  yes
     000002       3.163642  yes
     000003       7.485771  yes
     000004       7.900698  yes
     000005      20.724269  yes
     000006      26.037199  yes
     000007      27.055875  yes
     000008      27.001521  yes
     ---------------------------------
     k(000009) = (   0.0000000   0.2000000  -0.4000000) cryst. coord.
     band      QP en. [eV] conv
     000001      -3.301394  yes
     000002      -0.347814  yes
     000003       5.708103  yes
     000004       8.489259  yes
     000005      21.891883  yes
     000006      26.074498  yes
     000007      27.037697  yes
     000008      30.448107  yes
     ---------------------------------
     k(000010) = (   0.0000000   0.2000000  -0.2000000) cryst. coord.
     band      QP en. [eV] conv
     000001      -6.938219   no
     000002       5.022371  yes
     000003       6.145358  yes
     000004      10.489009  yes
     000005      23.628720  yes
     000006      23.453933  yes
     000007      25.447781  yes
     000008      28.636942  yes
     ---------------------------------
     k(000013) = (   0.0000000   0.4000000   0.4000000) cryst. coord.
     band      QP en. [eV] conv
     000001      -3.923449  yes
     000002       2.478767  yes
     000003       6.243105  yes
     000004       6.243104  yes
     000005      18.531623  yes
     000006      20.589549  yes
     000007      31.097329  yes
     000008      31.097332  yes
     ---------------------------------
     k(000014) = (   0.0000000   0.4000000  -0.4000000) cryst. coord.
     band      QP en. [eV] conv
     000001      -0.888327  yes
     000002      -0.301255  yes
     000003       3.236275  yes
     000004       6.515040  yes
     000005      19.756466  yes
     000006      23.756845  yes
     000007      30.559159  yes
     000008      31.335093  yes
     ---------------------------------
     k(000039) = (   0.2000000   0.4000000  -0.4000000) cryst. coord.
     band      QP en. [eV] conv
     000001      -2.684855  yes
     000002       1.673340  yes
     000003       3.682866  yes
     000004       5.741365  yes
     000005      23.822381  yes
     000006      24.605399  yes
     000007      26.842180  yes
     000008      30.456825  yes
     ---------------------------------
     --------------------------------------------------------------------------------------------
       
     --------------------------------------------------------------------------------------------
     Sigma_C                                                             
     --------------------------------------------------------------------------------------------
     Integrating along the IM axis...
     --------------------------------------------------------------------------------------------
     in progress... |#                   | 005% :               02.0s (E)               41.1s (X)
     --------------------------------------------------------------------------------------------
     Residues along the RE axis...
     --------------------------------------------------------------------------------------------
     in progress... |#                   | 005% :             < 00.1s (E)               00.1s (X)
     --------------------------------------------------------------------------------------------

     --------------------------------------------------------------------------------------------
     Iter: 000004
     k(000001) = (   0.0000000   0.0000000   0.0000000) cryst. coord.
     band      QP en. [eV] conv
     000001     -10.112498  yes
     000002      12.717117  yes
     000003      12.717116  yes
     000004      12.717116  yes
     000005      20.406187  yes
     000006      20.406184  yes
     000007      20.406182  yes
     000008      28.185510  yes
     ---------------------------------
     k(000002) = (   0.0000000   0.0000000   0.2000000) cryst. coord.
     band      QP en. [eV] conv
     000001      -8.753393  yes
     000002       7.312467  yes
     000003      11.270015  yes
     000004      11.270016  yes
     000005      22.269676  yes
     000006      22.269678  yes
     000007      22.498632  yes
     000008      29.218177  yes
     ---------------------------------
     k(000003) = (   0.0000000   0.0000000   0.4000000) cryst. coord.
     band      QP en. [eV] conv
     000001      -5.600585   no
     000002       0.499220  yes
     000003       9.832814  yes
     000004       9.832811  yes
     000005      23.439156  yes
     000006      23.439150  yes
     000007      23.432528  yes
     000008      30.550816  yes
     ---------------------------------
     k(000007) = (   0.0000000   0.2000000   0.2000000) cryst. coord.
     band      QP en. [eV] conv
     000001      -8.281955  yes
     000002       9.198313  yes
     000003       9.198313  yes
     000004       9.183402  yes
     000005      19.280823  yes
     000006      25.213892  yes
     000007      25.213899  yes
     000008      26.605637  yes
     ---------------------------------
     k(000008) = (   0.0000000   0.2000000   0.4000000) cryst. coord.
     band      QP en. [eV] conv
     000001      -5.718139  yes
     000002       3.163642  yes
     000003       7.485771  yes
     000004       7.900698  yes
     000005      20.724269  yes
     000006      26.037199  yes
     000007      27.055875  yes
     000008      27.001521  yes
     ---------------------------------
     k(000009) = (   0.0000000   0.2000000  -0.4000000) cryst. coord.
     band      QP en. [eV] conv
     000001      -3.301394  yes
     000002      -0.347814  yes
     000003       5.708103  yes
     000004       8.489259  yes
     000005      21.891883  yes
     000006      26.074498  yes
     000007      27.037697  yes
     000008      30.448107  yes
     ---------------------------------
     k(000010) = (   0.0000000   0.2000000  -0.2000000) cryst. coord.
     band      QP en. [eV] conv
     000001      -6.945348  yes
     000002       5.022371  yes
     000003       6.145358  yes
     000004      10.489009  yes
     000005      23.628720  yes
     000006      23.453933  yes
     000007      25.447781  yes
     000008      28.636942  yes
     ---------------------------------
     k(000013) = (   0.0000000   0.4000000   0.4000000) cryst. coord.
     band      QP en. [eV] conv
     000001      -3.923449  yes
     000002       2.478767  yes
     000003       6.243105  yes
     000004       6.243104  yes
     000005      18.531623  yes
     000006      20.589549  yes
     000007      31.097329  yes
     000008      31.097332  yes
     ---------------------------------
     k(000014) = (   0.0000000   0.4000000  -0.4000000) cryst. coord.
     band      QP en. [eV] conv
     000001      -0.888327  yes
     000002      -0.301255  yes
     000003       3.236275  yes
     000004       6.515040  yes
     000005      19.756466  yes
     000006      23.756845  yes
     000007      30.559159  yes
     000008      31.335093  yes
     ---------------------------------
     k(000039) = (   0.2000000   0.4000000  -0.4000000) cryst. coord.
     band      QP en. [eV] conv
     000001      -2.684855  yes
     000002       1.673340  yes
     000003       3.682866  yes
     000004       5.741365  yes
     000005      23.822381  yes
     000006      24.605399  yes
     000007      26.842180  yes
     000008      30.456825  yes
     ---------------------------------
     --------------------------------------------------------------------------------------------
       
     --------------------------------------------------------------------------------------------
     Sigma_C                                                             
     --------------------------------------------------------------------------------------------
     Integrating along the IM axis...
     --------------------------------------------------------------------------------------------
     in progress... |#                   | 005% :               02.0s (E)               41.1s (X)
     --------------------------------------------------------------------------------------------
     Residues along the RE axis...
     --------------------------------------------------------------------------------------------
     in progress... |#                   | 005% :             < 00.1s (E)               00.1s (X)
     --------------------------------------------------------------------------------------------
       
     --------------------------------------------------------------------------------------------
     CONVERGENCE ACHIEVED !!!                                            
     --------------------------------------------------------------------------------------------

     --------------------------------------------------------------------------------------------
     k(000001) = (   0.0000000   0.0000000   0.0000000) cryst. coord.
     band      QP en. [eV] conv
     000001     -10.112498  yes
     000002      12.717117  yes
     000003      12.717116  yes
     000004      12.717116  yes
     000005      20.406187  yes
     000006      20.406184  yes
     000007      20.406182  yes
     000008      28.185510  yes
     ---------------------------------
     k(000002) = (   0.0000000   0.0000000   0.2000000) cryst. coord.
     band      QP en. [eV] conv
     000001      -8.753393  yes
     000002       7.312467  yes
     000003      11.270015  yes
     000004      11.270016  yes
     000005      22.269676  yes
     000006      22.269678  yes
     000007      22.498632  yes
     000008      29.218177  yes
     ---------------------------------
     k(000003) = (   0.0000000   0.0000000   0.4000000) cryst. coord.
     band      QP en. [eV] conv
     000001      -5.569060  yes
     000002       0.499220  yes
     000003       9.832814  yes
     000004       9.832811  yes
     000005      23.439156  yes
     000006      23.439150  yes
     000007      23.432528  yes
     000008      30.550816  yes
     ---------------------------------
     k(000007) = (   0.0000000   0.2000000   0.2000000) cryst. coord.
     band      QP en. [eV] conv
     000001      -8.281955  yes
     000002       9.198313  yes
     000003       9.198313  yes
     000004       9.183402  yes
     000005      19.280823  yes
     000006      25.213892  yes
     000007      25.213899  yes
     000008      26.605637  yes
     ---------------------------------
     k(000008) = (   0.0000000   0.2000000   0.4000000) cryst. coord.
     band      QP en. [eV] conv
     000001      -5.718139  yes
     000002       3.163642  yes
     000003       7.485771  yes
     000004       7.900698  yes
     000005      20.724269  yes
     000006      26.037199  yes
     000007      27.055875  yes
     000008      27.001521  yes
     ---------------------------------
     k(000009) = (   0.0000000   0.2000000  -0.4000000) cryst. coord.
     band      QP en. [eV] conv
     000001      -3.301394  yes
     000002      -0.347814  yes
     000003       5.708103  yes
     000004       8.489259  yes
     000005      21.891883  yes
     000006      26.074498  yes
     000007      27.037697  yes
     000008      30.448107  yes
     ---------------------------------
     k(000010) = (   0.0000000   0.2000000  -0.2000000) cryst. coord.
     band      QP en. [eV] conv
     000001      -6.945348  yes
     000002       5.022371  yes
     000003       6.145358  yes
     000004      10.489009  yes
     000005      23.628720  yes
     000006      23.453933  yes
     000007      25.447781  yes
     000008      28.636942  yes
     ---------------------------------
     k(000013) = (   0.0000000   0.4000000   0.4000000) cryst. coord.
     band      QP en. [eV] conv
     000001      -3.923449  yes
     000002       2.478767  yes
     000003       6.243105  yes
     000004       6.243104  yes
     000005      18.531623  yes
     000006      20.589549  yes
     000007      31.097329  yes
     000008      31.097332  yes
     ---------------------------------
     k(000014) = (   0.0000000   0.4000000  -0.4000000) cryst. coord.
     band      QP en. [eV] conv
     000001      -0.888327  yes
     000002      -0.301255  yes
     000003       3.236275  yes
     000004       6.515040  yes
     000005      19.756466  yes
     000006      23.756845  yes
     000007      30.559159  yes
     000008      31.335093  yes
     ---------------------------------
     k(000039) = (   0.2000000   0.4000000  -0.4000000) cryst. coord.
     band      QP en. [eV] conv
     000001      -2.684855  yes
     000002       1.673340  yes
     000003       3.682866  yes
     000004       5.741365  yes
     000005      23.822381  yes
     000006      24.605399  yes
     000007      26.842180  yes
     000008      30.456825  yes
     ---------------------------------
     --------------------------------------------------------------------------------------------
 
     Number of q in the star =    1
     List of q in the star:
          1   0.000000000   0.000000000   0.000000000
 
     Number of q in the star =    4
     List of q in the star:
          1  -0.200000000   0.200000000  -0.200000000
          2   0.200000000  -0.200000000  -0.200000000
          3   0.200000000   0.200000000   0.200000000
          4  -0.200000000  -0.200000000   0.200000000
     In addition there is the -q list: 
          1   0.200000000  -0.200000000   0.200000000
          2  -0.200000000   0.200000000   0.200000000
          3  -0.200000000  -0.200000000  -0.200000000
          4   0.200000000   0.200000000  -0.200000000
 
     Number of q in the star =    4
     List of q in the star:
          1  -0.400000000   0.400000000  -0.400000000
          2   0.400000000  -0.400000000  -0.400000000
          3   0.400000000   0.400000000   0.400000000
          4  -0.400000000  -0.400000000   0.400000000
     In addition there is the -q list: 
          1   0.400000000  -0.400000000   0.400000000
          2  -0.400000000   0.400000000   0.400000000
          3  -0.400000000  -0.400000000  -0.400000000
          4   0.400000000   0.400000000  -0.400000000
 
     Number of q in the star =    6
     List of q in the star:
          1   0.000000000   0.400000000   0.000000000
          2   0.000000000  -0.400000000   0.000000000
          3   0.400000000   0.000000000   0.000000000
          4  -0.400000000   0.000000000   0.000000000
          5   0.000000000   0.000000000   0.400000000
          6   0.000000000   0.000000000  -0.400000000
 
     Number of q in the star =   12
     List of q in the star:
          1  -0.200000000   0.600000000  -0.200000000
          2   0.200000000  -0.600000000  -0.200000000
          3   0.200000000   0.600000000   0.200000000
          4  -0.200000000  -0.600000000   0.200000000
          5   0.600000000  -0.200000000  -0.200000000
          6  -0.600000000  -0.200000000   0.200000000
          7   0.600000000   0.200000000   0.200000000
          8  -0.600000000   0.200000000  -0.200000000
          9  -0.200000000  -0.200000000   0.600000000
         10  -0.200000000   0.200000000  -0.600000000
         11   0.200000000   0.200000000   0.600000000
         12   0.200000000  -0.200000000  -0.600000000
     In addition there is the -q list: 
          1   0.200000000  -0.600000000   0.200000000
          2  -0.200000000   0.600000000   0.200000000
          3  -0.200000000  -0.600000000  -0.200000000
          4   0.200000000   0.600000000  -0.200000000
          5  -0.600000000   0.200000000   0.200000000
          6   0.600000000   0.200000000  -0.200000000
          7  -0.600000000  -0.200000000  -0.200000000
          8   0.600000000  -0.200000000   0.200000000
          9   0.200000000   0.200000000  -0.600000000
         10   0.200000000  -0.200000000   0.600000000
         11  -0.200000000  -0.200000000  -0.600000000
         12  -0.200000000   0.200000000   0.600000000
 
     Number of q in the star =   12
     List of q in the star:
          1   0.600000000  -0.200000000   0.600000000
          2  -0.600000000   0.200000000   0.600000000
          3  -0.600000000  -0.200000000  -0.600000000
          4   0.600000000   0.200000000  -0.600000000
          5  -0.200000000   0.600000000   0.600000000
          6   0.200000000   0.600000000  -0.600000000
          7  -0.200000000  -0.600000000  -0.600000000
          8   0.200000000  -0.600000000   0.600000000
          9   0.600000000   0.600000000  -0.200000000
         10   0.600000000  -0.600000000   0.200000000
         11  -0.600000000  -0.600000000  -0.200000000
         12  -0.600000000   0.600000000   0.200000000
     In addition there is the -q list: 
          1  -0.600000000   0.200000000  -0.600000000
          2   0.600000000  -0.200000000  -0.600000000
          3   0.600000000   0.200000000   0.600000000
          4  -0.600000000  -0.200000000   0.600000000
          5   0.200000000  -0.600000000  -0.600000000
          6  -0.200000000  -0.600000000   0.600000000
          7   0.200000000   0.600000000   0.600000000
          8  -0.200000000   0.600000000  -0.600000000
          9  -0.600000000  -0.600000000   0.200000000
         10  -0.600000000   0.600000000  -0.200000000
         11   0.600000000   0.600000000   0.200000000
         12   0.600000000  -0.600000000  -0.200000000
 
     Number of q in the star =   12
     List of q in the star:
          1   0.400000000   0.000000000   0.400000000
          2  -0.400000000  -0.000000000   0.400000000
          3  -0.400000000   0.000000000  -0.400000000
          4   0.400000000  -0.000000000  -0.400000000
          5   0.000000000   0.400000000   0.400000000
          6  -0.000000000   0.400000000  -0.400000000
          7   0.000000000  -0.400000000  -0.400000000
          8  -0.000000000  -0.400000000   0.400000000
          9   0.400000000   0.400000000   0.000000000
         10   0.400000000  -0.400000000  -0.000000000
         11  -0.400000000  -0.400000000   0.000000000
         12  -0.400000000   0.400000000  -0.000000000
 
     Number of q in the star =    6
     List of q in the star:
          1   0.000000000   0.800000000   0.000000000
          2   0.000000000  -0.800000000   0.000000000
          3   0.800000000   0.000000000   0.000000000
          4  -0.800000000   0.000000000   0.000000000
          5   0.000000000   0.000000000   0.800000000
          6   0.000000000   0.000000000  -0.800000000
 
     Number of q in the star =   12
     List of q in the star:
          1   0.800000000   0.000000000   0.800000000
          2  -0.800000000   0.000000000   0.800000000
          3  -0.800000000   0.000000000  -0.800000000
          4   0.800000000   0.000000000  -0.800000000
          5   0.000000000   0.800000000   0.800000000
          6   0.000000000   0.800000000  -0.800000000
          7   0.000000000  -0.800000000  -0.800000000
          8   0.000000000  -0.800000000   0.800000000
          9   0.800000000   0.800000000   0.000000000
         10   0.800000000  -0.800000000   0.000000000
         11  -0.800000000  -0.800000000   0.000000000
         12  -0.800000000   0.800000000   0.000000000
 
     Number of q in the star =   24
     List of q in the star:
          1   0.600000000  -0.200000000   1.000000000
          2  -0.600000000   0.200000000   1.000000000
          3  -0.600000000  -0.200000000  -1.000000000
          4   0.600000000   0.200000000  -1.000000000
          5  -0.200000000   1.000000000   0.600000000
          6   0.200000000   1.000000000  -0.600000000
          7  -0.200000000  -1.000000000  -0.600000000
          8   0.200000000  -1.000000000   0.600000000
          9   1.000000000   0.600000000  -0.200000000
         10   1.000000000  -0.600000000   0.200000000
         11  -1.000000000  -0.600000000  -0.200000000
         12  -1.000000000   0.600000000   0.200000000
         13   0.200000000  -0.600000000   1.000000000
         14  -0.200000000   0.600000000   1.000000000
         15   0.200000000   0.600000000  -1.000000000
         16  -0.200000000  -0.600000000  -1.000000000
         17  -1.000000000  -0.200000000  -0.600000000
         18   1.000000000  -0.200000000   0.600000000
         19  -1.000000000   0.200000000   0.600000000
         20   1.000000000   0.200000000  -0.600000000
         21   0.600000000  -1.000000000   0.200000000
         22   0.600000000   1.000000000  -0.200000000
         23  -0.600000000  -1.000000000  -0.200000000
         24  -0.600000000   1.000000000   0.200000000
      
     --------------------------------------------------------------------------------------------
     SAVE written in 00.1s               
     In location : ./c.wfreq.save
     --------------------------------------------------------------------------------------------
     WFREQ        :     1h 3m CPU        1h42m WALL

     wfreq_readin :      1.52s CPU      5.07s WALL (       1 calls)
     fetch_input  :      0.01s CPU      0.03s WALL (       2 calls)
     read_xml     :      1.00s CPU      1.99s WALL (       1 calls)
     init_vloc    :      0.00s CPU      0.00s WALL (       2 calls)
     fft          :      2.79s CPU      3.70s WALL (  125018 calls)
     fft_scatter  :    500.95s CPU    545.69s WALL (36100508 calls)
     v_of_rho     :      0.01s CPU      0.02s WALL (       1 calls)
     v_xc         :      0.01s CPU      0.01s WALL (       2 calls)
     v_h          :      0.00s CPU      0.00s WALL (       1 calls)
     read_wave    :      0.51s CPU      3.05s WALL (       1 calls)
     davcio       :      1.60s CPU      1.95s WALL (  137886 calls)
     init_us_1    :      0.01s CPU      0.01s WALL (       2 calls)
     do_setup     :      0.02s CPU      0.04s WALL (       1 calls)
     init_pw_ar   :      0.00s CPU      0.01s WALL (       1 calls)
     init_at_1    :      0.00s CPU      0.00s WALL (       1 calls)
     solve_hf     :     17.48s CPU     19.46s WALL (       1 calls)
     sigmavxc     :      0.02s CPU      0.03s WALL (       1 calls)
     init_us_2    :      0.26s CPU      0.28s WALL (   11500 calls)
     fftw         :    739.34s CPU    805.03s WALL (35975490 calls)
     sigmax       :     17.44s CPU     19.07s WALL (       1 calls)
     sqvc_init    :      1.30s CPU      1.40s WALL (  135010 calls)
     wlanczos     :    546.10s CPU    589.98s WALL (       1 calls)
     commutator_H :      0.76s CPU      0.78s WALL (    1500 calls)
     stres_us31   :      0.00s CPU      0.00s WALL (    1500 calls)
     stres_us32   :      0.01s CPU      0.01s WALL (    1500 calls)
     stres_us33   :      0.01s CPU      0.01s WALL (    1500 calls)
     stres_us34   :      0.01s CPU      0.01s WALL (    1500 calls)
     calbec       :     12.59s CPU     13.68s WALL (  464629 calls)
     alphapc      :     18.20s CPU     19.77s WALL (  470500 calls)
     linstern     :      2.23s CPU      2.41s WALL (     500 calls)
     stern        :      1.93s CPU      2.08s WALL (   11629 calls)
     h_psi_bgrp   :    780.72s CPU    841.36s WALL (  461629 calls)
     h_psi        :    780.04s CPU    840.68s WALL (  461629 calls)
     h_psi:pot    :    778.51s CPU    839.01s WALL (  461629 calls)
     vloc_psi     :    759.94s CPU    818.78s WALL (  461629 calls)
     h_psi:calbec :     12.59s CPU     13.71s WALL (  461629 calls)
     add_vuspsi   :      4.61s CPU      5.06s WALL (  461629 calls)
     alphapv      :      0.11s CPU      0.12s WALL (   11629 calls)
     lan_H        :    878.15s CPU    946.09s WALL (   15000 calls)
     brak         :    203.96s CPU    216.30s WALL (   15000 calls)
     chi0_diag    :      7.38s CPU      7.54s WALL (       1 calls)
     glanczos     :   2456.12s CPU   3796.18s WALL (       1 calls)
     solve_qp     :    796.26s CPU   1719.71s WALL (       1 calls)
     coll_gw      :    772.55s CPU   1692.64s WALL (       1 calls)
     sigmac_i     :     22.92s CPU     23.70s WALL (       7 calls)
     sigmac_r     :      0.08s CPU      0.08s WALL (       7 calls)
     wfreq_db     :      0.13s CPU      0.18s WALL (       1 calls)
 
     WFREQ        :     1h 3m CPU        1h42m WALL

 
   This run was terminated on:  16: 5:16   1Feb2021            

=------------------------------------------------------------------------------=
   JOB DONE.
=------------------------------------------------------------------------------=
