
     Program WELPH v. 3.1.1 starts on  8Dec2020 at 11: 8: 6 

     This program is part of the open-source West suite
     for massively parallel calculations of excited states in materials; please cite
         "M. Govoni et al., J. Chem. Theory Comput. 11, 2680 (2015);
          URL http://www.west-code.org", 
     in publications or presentations arising from this work.

     Based on the Quantum ESPRESSO v. 6.1 svn rev. 13369

     I/O is Little Endian
       
     --------------------------------------------------------------------------------------------
     **MPI** Parallelization Status                                      
     --------------------------------------------------------------------------------------------
                    40                   2             1             1            20
     --------------------------------------------------------------------------------------------
                     N         =         I      X      P      X      B      X      Z
                     ^                   ^             ^             ^             ^
                     |                   |             |             |             |
                   #rnk                  |             |             |             |
                                      #image           |             |             |
                                                     #pool           |             |
                                                                   #bgrp           |
                                                                                 #R&G
     --------------------------------------------------------------------------------------------
     **OPENMP** Parallelization Status
     #thr/rnk               =            1
     --------------------------------------------------------------------------------------------
     #prc = (rnk) * (thr) =           40
     --------------------------------------------------------------------------------------------
       
     --------------------------------------------------------------------------------------------
     I/O Summary : input_west                                            
     --------------------------------------------------------------------------------------------
     qe_prefix      = c
     west_prefix    = c
     outdir         = ./
     --------------------------------------------------------------------------------------------

     Reading data from directory:
     ./c.save

   Info: using nr1, nr2, nr3 values from input

   Info: using nr1, nr2, nr3 values from input

     IMPORTANT: XC functional enforced from input :
     Exchange-correlation      = PZ ( 1  1  0  0 0 0)
     Any further DFT definition will be discarded
     Please, verify this is what you really want

               file C.pz-mt.fhi.UPF: wavefunction(s)  3d renormalized
 
     Parallelization info
     --------------------
     sticks:   dense  smooth     PW     G-vecs:    dense   smooth      PW
     Min          37      37     10                  654      654     103
     Max          38      38     11                  656      656     106
     Sum         745     745    211                13107    13107    2085
 
       
     --------------------------------------------------------------------------------------------
     I/O Summary : wstat_control                                         
     --------------------------------------------------------------------------------------------
     wstat_calculation              =              S
     n_pdep_eigen                   =            400
     n_pdep_times                   =              4
     n_pdep_maxiter                 =            100
     n_dfpt_maxiter                 =            250
     n_pdep_read_from_file          =              0
     trev_pdep                      =   1.000000E-03
     trev_pdep_rel                  =   1.000000E-01
     tr2_dfpt                       =   1.000000E-12
     l_kinetic_only                 =              F
     l_minimize_exx_if_active       =              F
     l_use_ecutrho                  =              F
     l_use_symm                     =              T
     nq(1)                          =              2
     nq(2)                          =              2
     nq(3)                          =              2
     --------------------------------------------------------------------------------------------
       
     --------------------------------------------------------------------------------------------
     I/O Summary : wfreq_control                                         
     --------------------------------------------------------------------------------------------
     wfreq_calculation                        =           XWGQ
     n_pdep_eigen_to_use                      =            400
     qp_bandrange(1)                          =              1
     qp_bandrange(2)                          =              2
     macropol_calculation                     =              C
     n_lanczos                                =             30
     n_imfreq                                 =            128
     n_refreq                                 =            272
     ecut_imfreq [Ry]                         =     480.000000
     ecut_refreq [Ry]                         =       2.000000
     wfreq_eta [Ry]                           =       0.003675
     n_secant_maxiter                         =             21
     trev_secant [Ry]                         =       0.003675
     l_enable_lanczos                         =              T
     l_enable_gwetot                          =              F
     o_restart_time [min]                     =       0.000000
     ecut_spectralf(1) [Ry]                   =      -2.000000
     ecut_spectralf(2) [Ry]                   =       2.000000
     n_spectralf                              =             10
     l_read_common_pdep                       =              F
     l_enable_gb_curvature                    =              T
     --------------------------------------------------------------------------------------------
       
     --------------------------------------------------------------------------------------------
     I/O Summary : welph_control                                         
     --------------------------------------------------------------------------------------------
     welph_calculation                        =             XP
     welph_n_pdep_eigen_to_use                =            400
     asr                                      =              1
     welph_band_range(1)                      =              1
     welph_band_range(2)                      =              8
     do_scr                                   =              T
     do_fxc                                   =              T
     welph_read_common_pdep                   =              T
     loto                                     =              F
     lsym                                     =              F
     l_adiabatic                              =              T
     l_enabel_gw                              =              F
     q_direction(1)                           =       1.000000
     q_direction(2)                           =       0.000000
     q_direction(3)                           =       0.000000
     welph_eta                                =       0.100000
     temperature                              =       0.000000
     --------------------------------------------------------------------------------------------
       
     --------------------------------------------------------------------------------------------
     System Overview                                                     
     --------------------------------------------------------------------------------------------
     gamma_only           =              F
     ecutwfc [Ry]         =     120.000000
     ecutrho [Ry]         =     480.000000
     omega [au^3]         =   7.357824E+01
     nbnd                 =              8
     nkstot               =              8
     nspin                =              1
     nelec                =       8.000000
     npol                 =              1
     lsda                 =              F
     noncolin             =              F
     lspinorb             =              F
     domag                =              F
     --------------------------------------------------------------------------------------------

     3DFFT grid
        s : (  36,  36,  36)
        p : (  36,  36,  36)

     Direct Lattice Cell [a.u.]
        a1 = (    -3.3258792    -0.0000000     3.3258792)
        a2 = (    -0.0000000     3.3258792     3.3258792)
        a3 = (    -3.3258792     3.3258792     0.0000000)

     Reciprocal Lattice Cell [a.u.]
        b1 = (    -0.9445901    -0.9445901     0.9445901)
        b2 = (     0.9445901     0.9445901     0.9445901)
        b3 = (    -0.9445901     0.9445901    -0.9445901)
      

     Brillouin Zone sampling [cryst. coord.]
 
        k(000001) = (     0.0000000     0.0000000     0.0000000)
        k(000002) = (     0.0000000     0.0000000    -0.5000000)
        k(000003) = (     0.0000000    -0.5000000    -0.0000000)
        k(000004) = (     0.0000000    -0.5000000    -0.5000000)
        k(000005) = (    -0.5000000     0.0000000    -0.0000000)
        k(000006) = (    -0.5000000    -0.0000000    -0.5000000)
        k(000007) = (    -0.5000000    -0.5000000    -0.0000000)
        k(000008) = (    -0.5000000    -0.5000000    -0.5000000)
 
        q(000001) = (     0.0000000     0.0000000     0.0000000)
        q(000002) = (     0.0000000     0.0000000    -0.5000000)
        q(000003) = (     0.0000000    -0.5000000     0.0000000)
        q(000004) = (     0.0000000    -0.5000000    -0.5000000)
        q(000005) = (    -0.5000000     0.0000000     0.0000000)
        q(000006) = (    -0.5000000     0.0000000    -0.5000000)
        q(000007) = (    -0.5000000    -0.5000000     0.0000000)
        q(000008) = (    -0.5000000    -0.5000000    -0.5000000)
       
     --------------------------------------------------------------------------------------------
     Parallelization for npdep                                           
     --------------------------------------------------------------------------------------------
     nglob                =            400
     nlevel               =              2
     Min nglob/nlevel     =            200
     Max nglob/nlevel     =            200
     --------------------------------------------------------------------------------------------
       
     --------------------------------------------------------------------------------------------
     Parallelization for npdep+macro                                     
     --------------------------------------------------------------------------------------------
     nglob                =            403
     nlevel               =              2
     Min nglob/nlevel     =            201
     Max nglob/nlevel     =            202
     --------------------------------------------------------------------------------------------
     ===========================================================================
          nsym   =   24
          nrot   =   48
          nq_ibz =    3
          Q-point IBZ [ cart  coord ]
          xq(00000001) = (  0.000000  0.000000  0.000000) wq =   0.125000
          xq(00000002) = (  0.503884 -0.503884  0.503884) wq =   0.500000
          xq(00000003) = (  0.000000 -1.007767  0.000000) wq =   0.375000
          Q-point IBZ [ cryst coord ]
          xq(00000001) = (  0.000000  0.000000  0.000000) wq =   0.125000
          xq(00000002) = (  0.000000  0.000000 -0.500000) wq =   0.500000
          xq(00000003) = (  0.000000 -0.500000 -0.500000) wq =   0.375000
     ===========================================================================
       
     --------------------------------------------------------------------------------------------
     Building Chi matrices                                               
     --------------------------------------------------------------------------------------------
g0 =     0.0000000000E+00    0.0000000000E+00    0.0000000000E+00
     in progress... |######              | 030% :               06.0s (E)               20.2s (X)
g0 =     0.0000000000E+00    0.0000000000E+00    0.0000000000E+00
     in progress... |#############       | 065% :               12.0s (E)               18.5s (X)
g0 =    -0.1575994273E-17   -0.1575994273E-17    0.1575994273E-17
     in progress... |####################| 100% :               18.0s (E)               18.0s (X)
     --------------------------------------------------------------------------------------------
       
     --------------------------------------------------------------------------------------------
     Working on iqr = 00001 in q IBZ                                     
     --------------------------------------------------------------------------------------------
     Q-point No.    1,        24 Sym. Ops. Found,      Inv. Sym. Found.
  

     point group T_d (-43m) 
     there are  5 classes
     the character table:

       E     8C3   3C2   6S4   6s_d 
A_1    1.00  1.00  1.00  1.00  1.00
A_2    1.00  1.00  1.00 -1.00 -1.00
E      2.00 -1.00  2.00  0.00  0.00
T_1    3.00  0.00 -1.00  1.00 -1.00
T_2    3.00  0.00 -1.00 -1.00  1.00

     the symmetry operations in each class and the name of the first element:

     E        1
                                                                 
     8C3      5    7    8    6   12    9   10   11
                                                                 
     3C2      2    3    4
                                                                 
     6S4     15   16   20   19   23   24
                                                                 
     6s_d    13   14   17   18   21   22
                                                                 


     Atomic displacements:
     There are   2 irreducible representations

     Representation     1      3 modes -T_2  G_15 P_4  To be done
     Irreps are as follows:

     mode #   1              mode #   2              mode #   3
     (   0.00000   0.00000 ) (   0.00000   0.00000 ) (   0.00000   0.00000 ) 
     (   0.00000   0.00000 ) (   0.00000   0.00000 ) (   0.00000   0.00000 ) 
     (   0.00000   0.00000 ) (   0.00000   0.00000 ) (   0.00000   0.00000 ) 
     (  -0.85065   0.00000 ) (   0.00000   0.00000 ) (  -0.52573   0.00000 ) 
     (   0.00000   0.00000 ) (  -1.00000   0.00000 ) (   0.00000   0.00000 ) 
     (   0.52573   0.00000 ) (   0.00000   0.00000 ) (  -0.85065   0.00000 ) 

     Representation     2      3 modes -T_2  G_15 P_4  To be done
     Irreps are as follows:

     mode #   4              mode #   5              mode #   6
     (  -0.05232   0.00000 ) (  -0.81637   0.00000 ) (  -0.57515   0.00000 ) 
     (   0.82994   0.00000 ) (  -0.35586   0.00000 ) (   0.42961   0.00000 ) 
     (   0.55540   0.00000 ) (   0.45486   0.00000 ) (  -0.69616   0.00000 ) 
     (   0.00000   0.00000 ) (   0.00000   0.00000 ) (   0.00000   0.00000 ) 
     (   0.00000   0.00000 ) (   0.00000   0.00000 ) (   0.00000   0.00000 ) 
     (   0.00000   0.00000 ) (   0.00000   0.00000 ) (   0.00000   0.00000 ) 
 time_reversal =  T skip_equiv =  F
 nrot=          48
 nsymq=          24
 minus_q= T
 magnetic_sym= F
     ===========================================================================
          K points generated with subgroup at this q point
          nsym   =   24
          nrot   =   48
          nk_ibz =    3
          xk(00000001) = (  0.000000  0.000000  0.000000) wk =   0.250000
          xk(00000002) = (  0.503884 -0.503884  0.503884) wk =   1.000000
          xk(00000003) = (  0.000000 -1.007767  0.000000) wk =   0.750000
     ===========================================================================
  2nd deri of PP in cart basis (real part)
   0.235841E+02   0.155748E+01  -0.155748E+01   0.000000E+00   0.000000E+00   0.000000E+00
  
   0.155748E+01   0.211798E+02   0.155748E+01   0.000000E+00   0.000000E+00   0.000000E+00
  
  -0.155748E+01   0.155748E+01   0.235841E+02   0.000000E+00   0.000000E+00   0.000000E+00
  
   0.000000E+00   0.000000E+00   0.000000E+00   0.235841E+02   0.155748E+01  -0.155748E+01
  
   0.000000E+00   0.000000E+00   0.000000E+00   0.155748E+01   0.211798E+02   0.155748E+01
  
   0.000000E+00   0.000000E+00   0.000000E+00  -0.155748E+01   0.155748E+01   0.235841E+02
  
  2nd deri of PP in pattern basis (real part)
   0.249772E+02   0.506056E+00  -0.696527E+00   0.000000E+00   0.000000E+00   0.000000E+00
  
   0.506056E+00   0.211798E+02   0.214369E+01   0.000000E+00   0.000000E+00   0.000000E+00
  
  -0.696527E+00   0.214369E+01   0.221911E+02   0.000000E+00   0.000000E+00   0.000000E+00
  
   0.000000E+00   0.000000E+00   0.000000E+00   0.233191E+02   0.707225E+00  -0.172317E+01
  
   0.000000E+00   0.000000E+00   0.000000E+00   0.707225E+00   0.248371E+02   0.352616E+00
  
   0.000000E+00   0.000000E+00   0.000000E+00  -0.172317E+01   0.352616E+00   0.201918E+02
  

     Alpha used in Ewald sum =   2.9000
  Ionic contribution in cart of iq =            1
   0.182175E+01   0.195399E-13   0.488498E-14  -0.182175E+01  -0.799361E-14   0.843724E-22
 
   0.204281E-13   0.182175E+01   0.128786E-13  -0.799361E-14  -0.182175E+01  -0.577316E-14
 
   0.577316E-14   0.135447E-13   0.182175E+01   0.843724E-22  -0.577316E-14  -0.182175E+01
 
  -0.182175E+01  -0.799361E-14   0.843724E-22   0.182175E+01   0.195399E-13   0.488498E-14
 
  -0.799361E-14  -0.182175E+01  -0.577316E-14   0.204281E-13   0.182175E+01   0.128786E-13
 
   0.843724E-22  -0.577316E-14  -0.182175E+01   0.577316E-14   0.135447E-13   0.182175E+01
 
  Ionic contribution in pattern of iq =            1
   0.182175E+01   0.950077E-14   0.832667E-14  -0.613014E+00  -0.170076E+01  -0.224553E+00
 
   0.106065E-13   0.182175E+01   0.216949E-13   0.151194E+01  -0.648292E+00   0.782649E+00
 
   0.921485E-14   0.217946E-13   0.182175E+01   0.810577E+00  -0.769947E-01  -0.162967E+01
 
  -0.613014E+00   0.151194E+01   0.810577E+00   0.182175E+01  -0.133227E-13  -0.156541E-13
 
  -0.170076E+01  -0.648292E+00  -0.769947E-01  -0.119904E-13   0.182175E+01   0.111022E-13
 
  -0.224553E+00   0.782649E+00  -0.162967E+01  -0.154321E-13   0.112133E-13   0.182175E+01
 
       
     --------------------------------------------------------------------------------------------
     Computing drho                                                      
     --------------------------------------------------------------------------------------------
     in progress... |######              | 030% :             < 00.1s (E)               00.1s (X)
     in progress... |#############       | 065% :             < 00.1s (E)               00.1s (X)
     in progress... |####################| 100% :               00.1s (E)               00.1s (X)
     --------------------------------------------------------------------------------------------
       
     --------------------------------------------------------------------------------------------
     Reading eigenpotentials at this q point                             
     --------------------------------------------------------------------------------------------
     in progress... |#                   | 005% :             < 00.1s (E)             < 00.1s (X)
     in progress... |##                  | 010% :             < 00.1s (E)             < 00.1s (X)
     in progress... |###                 | 015% :             < 00.1s (E)             < 00.1s (X)
     in progress... |####                | 020% :             < 00.1s (E)             < 00.1s (X)
     in progress... |#####               | 025% :             < 00.1s (E)             < 00.1s (X)
     in progress... |######              | 030% :             < 00.1s (E)             < 00.1s (X)
     in progress... |#######             | 035% :             < 00.1s (E)             < 00.1s (X)
     in progress... |########            | 040% :             < 00.1s (E)             < 00.1s (X)
     in progress... |#########           | 045% :             < 00.1s (E)             < 00.1s (X)
     in progress... |##########          | 050% :             < 00.1s (E)             < 00.1s (X)
     in progress... |###########         | 055% :             < 00.1s (E)             < 00.1s (X)
     in progress... |############        | 060% :             < 00.1s (E)             < 00.1s (X)
     in progress... |#############       | 065% :             < 00.1s (E)             < 00.1s (X)
     in progress... |##############      | 070% :             < 00.1s (E)             < 00.1s (X)
     in progress... |###############     | 075% :             < 00.1s (E)             < 00.1s (X)
     in progress... |################    | 080% :             < 00.1s (E)             < 00.1s (X)
     in progress... |#################   | 085% :             < 00.1s (E)             < 00.1s (X)
     in progress... |##################  | 090% :             < 00.1s (E)             < 00.1s (X)
     in progress... |################### | 095% :             < 00.1s (E)             < 00.1s (X)
     --------------------------------------------------------------------------------------------
       
     --------------------------------------------------------------------------------------------
     Computing elec elec part                                            
     --------------------------------------------------------------------------------------------
     in progress... |######              | 030% :             < 00.1s (E)             < 00.1s (X)
     in progress... |#############       | 065% :             < 00.1s (E)             < 00.1s (X)
     in progress... |####################| 100% :             < 00.1s (E)             < 00.1s (X)
     --------------------------------------------------------------------------------------------
Epsilon infinity
      15.624871254       0.000000000       0.000000000 
       0.000000000      15.624871254      -0.000000000 
       0.000000000      -0.000000000      15.624871254 
Born effective charge of atom     1
      -2.415763       0.000000      -0.000000 
      -0.000000      -2.415763      -0.000000 
      -0.000000      -0.000000      -2.415763 
Born effective charge of atom     2
      -2.415763      -0.000000       0.000000 
       0.000000      -2.415763       0.000000 
       0.000000       0.000000      -2.415763 
 Dynmat after symmetrization (real part)
   0.861907E+00   0.277556E-15   0.555112E-16  -0.121079E+01   0.555112E-15  -0.333067E-15
  
   0.333067E-15   0.861907E+00   0.111022E-15   0.555112E-15  -0.121079E+01  -0.111022E-15
  
   0.277556E-15  -0.555112E-16   0.861907E+00  -0.111022E-15  -0.111022E-15  -0.121079E+01
  
  -0.121079E+01   0.666134E-15   0.000000E+00   0.861907E+00  -0.111022E-15   0.555112E-16
  
   0.777156E-15  -0.121079E+01   0.111022E-15  -0.111022E-15   0.861907E+00   0.222045E-15
  
  -0.222045E-15   0.000000E+00  -0.121079E+01   0.555112E-16   0.277556E-15   0.861907E+00
  
 Dynmat after symmetrization (imag part)
   0.000000E+00   0.000000E+00   0.000000E+00   0.000000E+00   0.000000E+00   0.000000E+00
  
   0.000000E+00   0.000000E+00   0.000000E+00   0.000000E+00   0.000000E+00   0.000000E+00
  
   0.000000E+00   0.000000E+00   0.000000E+00   0.000000E+00   0.000000E+00   0.000000E+00
  
   0.000000E+00   0.000000E+00   0.000000E+00   0.000000E+00   0.000000E+00   0.000000E+00
  
   0.000000E+00   0.000000E+00   0.000000E+00   0.000000E+00   0.000000E+00   0.000000E+00
  
   0.000000E+00   0.000000E+00   0.000000E+00   0.000000E+00   0.000000E+00   0.000000E+00
  
 
     Number of q in the star =    1
     List of q in the star:
          1   0.000000000   0.000000000   0.000000000
     Phonon frequencies at q point No.  1 in q point IBZ.
      Mode(   1)=      -0.000001 [THz]      -0.000024 [cm-1]
      Mode(   2)=      -0.000000 [THz]      -0.000002 [cm-1]
      Mode(   3)=       0.000001 [THz]       0.000024 [cm-1]
      Mode(   4)=      48.929348 [THz]    1632.107365 [cm-1]
      Mode(   5)=      48.929348 [THz]    1632.107365 [cm-1]
      Mode(   6)=      48.929348 [THz]    1632.107365 [cm-1]
 current_iq =            1 iqq =            1  iq =            1
 g0 =   0.000000000000000E+000  0.000000000000000E+000  0.000000000000000E+000
       
     --------------------------------------------------------------------------------------------
     Working on iqr = 00002 in q IBZ                                     
     --------------------------------------------------------------------------------------------
     Q-point No.    2,         6 Sym. Ops. Found,      Inv. Sym. Found.
  

     point group C_3v (3m)  
     there are  3 classes
     the character table:

       E     2C3   3s_v 
A_1    1.00  1.00  1.00
A_2    1.00  1.00 -1.00
E      2.00 -1.00  0.00

     the symmetry operations in each class and the name of the first element:

     E        1
                                                                 
     2C3      2    3
                                                                 
     3s_v     4    5    6
                                                                 


     Atomic displacements:
     There are   4 irreducible representations

     Representation     1      1 modes -A_1  L_1  To be done
     Irreps are as follows:

                     mode #   1
                     (   0.00000   0.00000   ) 
                     (   0.00000   0.00000   ) 
                     (   0.00000   0.00000   ) 
                     (  -0.57735   0.00000   ) 
                     (   0.57735   0.00000   ) 
                     (  -0.57735   0.00000   ) 

     Representation     2      1 modes -A_1  L_1  To be done
     Irreps are as follows:

                     mode #   2
                     (  -0.57735   0.00000   ) 
                     (   0.57735   0.00000   ) 
                     (  -0.57735   0.00000   ) 
                     (   0.00000   0.00000   ) 
                     (   0.00000   0.00000   ) 
                     (   0.00000   0.00000   ) 

     Representation     3      2 modes -E    L_3  To be done
     Irreps are as follows:

           mode #   3                           mode #   4
           (   0.00000   0.00000   )            (   0.00000   0.00000   ) 
           (   0.00000   0.00000   )            (   0.00000   0.00000   ) 
           (   0.00000   0.00000   )            (   0.00000   0.00000   ) 
           (  -0.58032   0.00000   )            (  -0.57437   0.00000   ) 
           (  -0.78758   0.00000   )            (   0.21539   0.00000   ) 
           (  -0.20726   0.00000   )            (   0.78975   0.00000   ) 

     Representation     4      2 modes -E    L_3  To be done
     Irreps are as follows:

           mode #   5                           mode #   6
           (  -0.70711   0.00000   )            (  -0.40825   0.00000   ) 
           (  -0.70711   0.00000   )            (   0.40825   0.00000   ) 
           (   0.00000   0.00000   )            (   0.81650   0.00000   ) 
           (   0.00000   0.00000   )            (   0.00000   0.00000   ) 
           (   0.00000   0.00000   )            (   0.00000   0.00000   ) 
           (   0.00000   0.00000   )            (   0.00000   0.00000   ) 
 time_reversal =  T skip_equiv =  F
 nrot=          48
 nsymq=           6
 minus_q= T
 magnetic_sym= F
     ===========================================================================
          K points generated with subgroup at this q point
          nsym   =   24
          nrot   =   48
          nk_ibz =    4
          xk(00000001) = (  0.000000  0.000000  0.000000) wk =   0.250000
          xk(00000002) = (  0.503884 -0.503884  0.503884) wk =   0.250000
          xk(00000003) = (  0.000000 -1.007767  0.000000) wk =   0.750000
          xk(00000004) = ( -0.503884 -0.503884 -0.503884) wk =   0.750000
     ===========================================================================
  2nd deri of PP in cart basis (real part)
   0.235841E+02  -0.778740E+00  -0.155748E+01   0.000000E+00   0.000000E+00   0.000000E+00
  
  -0.778740E+00   0.211798E+02  -0.778740E+00   0.000000E+00   0.000000E+00   0.000000E+00
  
  -0.155748E+01  -0.778740E+00   0.235841E+02   0.000000E+00   0.000000E+00   0.000000E+00
  
   0.000000E+00   0.000000E+00   0.000000E+00   0.235841E+02  -0.778740E+00  -0.155748E+01
  
   0.000000E+00   0.000000E+00   0.000000E+00  -0.778740E+00   0.211798E+02  -0.778740E+00
  
   0.000000E+00   0.000000E+00   0.000000E+00  -0.155748E+01  -0.778740E+00   0.235841E+02
  
  2nd deri of PP in pattern basis (real part)
   0.227827E+02   0.000000E+00   0.309688E-01  -0.846937E-02   0.000000E+00   0.000000E+00
  
   0.000000E+00   0.227827E+02   0.000000E+00   0.000000E+00   0.278048E-01  -0.160530E-01
  
   0.309688E-01   0.000000E+00   0.207521E+02   0.120046E+01   0.000000E+00   0.000000E+00
  
  -0.846937E-02   0.000000E+00   0.120046E+01   0.248133E+02   0.000000E+00   0.000000E+00
  
   0.000000E+00   0.278048E-01   0.000000E+00   0.000000E+00   0.216032E+02   0.204289E+01
  
   0.000000E+00  -0.160530E-01   0.000000E+00   0.000000E+00   0.204289E+01   0.239621E+02
  

     Alpha used in Ewald sum =   2.9000
  Ionic contribution in cart of iq =            2
   0.364350E+01  -0.157227E+01   0.157227E+01   0.169281E-07  -0.304309E+01   0.304309E+01
 
  -0.157227E+01   0.364350E+01  -0.157227E+01  -0.304309E+01   0.169281E-07  -0.304309E+01
 
   0.157227E+01  -0.157227E+01   0.364350E+01   0.304309E+01  -0.304309E+01   0.169281E-07
 
   0.169281E-07  -0.304309E+01   0.304309E+01   0.364350E+01  -0.157227E+01   0.157227E+01
 
  -0.304309E+01   0.169281E-07  -0.304309E+01  -0.157227E+01   0.364350E+01  -0.157227E+01
 
   0.304309E+01  -0.304309E+01   0.169281E-07   0.157227E+01  -0.157227E+01   0.364350E+01
 
  Ionic contribution in pattern of iq =            2
   0.678804E+01   0.608619E+01   0.148215E-13   0.199840E-14  -0.133227E-14   0.170952E-13
 
   0.608619E+01   0.678804E+01  -0.535946E-14   0.177397E-13   0.131006E-13  -0.399680E-14
 
   0.123790E-13  -0.524844E-14   0.207124E+01   0.199840E-14  -0.294342E+01   0.772448E+00
 
   0.666134E-15   0.185168E-13   0.321965E-14   0.207124E+01  -0.772448E+00  -0.294342E+01
 
  -0.133227E-14   0.109912E-13  -0.294342E+01  -0.772448E+00   0.207124E+01   0.777156E-14
 
   0.176503E-13  -0.488498E-14   0.772448E+00  -0.294342E+01   0.865974E-14   0.207124E+01
 
       
     --------------------------------------------------------------------------------------------
     Computing drho                                                      
     --------------------------------------------------------------------------------------------
     in progress... |######              | 030% :             < 00.1s (E)               00.2s (X)
     in progress... |#############       | 065% :               00.1s (E)               00.2s (X)
     in progress... |####################| 100% :               00.2s (E)               00.2s (X)
     --------------------------------------------------------------------------------------------
       
     --------------------------------------------------------------------------------------------
     Reading eigenpotentials at this q point                             
     --------------------------------------------------------------------------------------------
     in progress... |#                   | 005% :             < 00.1s (E)             < 00.1s (X)
     in progress... |##                  | 010% :             < 00.1s (E)             < 00.1s (X)
     in progress... |###                 | 015% :             < 00.1s (E)             < 00.1s (X)
     in progress... |####                | 020% :             < 00.1s (E)             < 00.1s (X)
     in progress... |#####               | 025% :             < 00.1s (E)             < 00.1s (X)
     in progress... |######              | 030% :             < 00.1s (E)             < 00.1s (X)
     in progress... |#######             | 035% :             < 00.1s (E)             < 00.1s (X)
     in progress... |########            | 040% :             < 00.1s (E)             < 00.1s (X)
     in progress... |#########           | 045% :             < 00.1s (E)             < 00.1s (X)
     in progress... |##########          | 050% :             < 00.1s (E)             < 00.1s (X)
     in progress... |###########         | 055% :             < 00.1s (E)             < 00.1s (X)
     in progress... |############        | 060% :             < 00.1s (E)             < 00.1s (X)
     in progress... |#############       | 065% :             < 00.1s (E)             < 00.1s (X)
     in progress... |##############      | 070% :             < 00.1s (E)             < 00.1s (X)
     in progress... |###############     | 075% :             < 00.1s (E)             < 00.1s (X)
     in progress... |################    | 080% :             < 00.1s (E)             < 00.1s (X)
     in progress... |#################   | 085% :             < 00.1s (E)             < 00.1s (X)
     in progress... |##################  | 090% :             < 00.1s (E)             < 00.1s (X)
     in progress... |################### | 095% :             < 00.1s (E)             < 00.1s (X)
     --------------------------------------------------------------------------------------------
       
     --------------------------------------------------------------------------------------------
     Computing elec elec part                                            
     --------------------------------------------------------------------------------------------
     in progress... |######              | 030% :             < 00.1s (E)             < 00.1s (X)
     in progress... |#############       | 065% :             < 00.1s (E)             < 00.1s (X)
     in progress... |####################| 100% :             < 00.1s (E)             < 00.1s (X)
     --------------------------------------------------------------------------------------------
 Dynmat after symmetrization (real part)
   0.672282E+00  -0.960342E-01   0.960342E-01  -0.648721E+00  -0.121430E+00   0.121430E+00
  
  -0.960342E-01   0.672282E+00  -0.960342E-01  -0.121430E+00  -0.648721E+00  -0.121430E+00
  
   0.960342E-01  -0.960342E-01   0.672282E+00   0.121430E+00  -0.121430E+00  -0.648721E+00
  
  -0.648721E+00  -0.121430E+00   0.121430E+00   0.672282E+00  -0.960341E-01   0.960341E-01
  
  -0.121430E+00  -0.648721E+00  -0.121430E+00  -0.960341E-01   0.672282E+00  -0.960341E-01
  
   0.121430E+00  -0.121430E+00  -0.648721E+00   0.960341E-01  -0.960341E-01   0.672282E+00
  
 Dynmat after symmetrization (imag part)
   0.000000E+00   0.000000E+00   0.000000E+00   0.000000E+00   0.000000E+00   0.000000E+00
  
   0.000000E+00   0.000000E+00   0.000000E+00   0.000000E+00   0.000000E+00   0.000000E+00
  
   0.000000E+00   0.000000E+00   0.000000E+00   0.000000E+00   0.000000E+00   0.000000E+00
  
   0.000000E+00   0.000000E+00   0.000000E+00   0.000000E+00   0.000000E+00   0.000000E+00
  
   0.000000E+00   0.000000E+00   0.000000E+00   0.000000E+00   0.000000E+00   0.000000E+00
  
   0.000000E+00   0.000000E+00   0.000000E+00   0.000000E+00   0.000000E+00   0.000000E+00
  
 
     Number of q in the star =    4
     List of q in the star:
          1   0.503883715  -0.503883715   0.503883715
          2  -0.503883715  -0.503883715  -0.503883715
          3  -0.503883715   0.503883715   0.503883715
          4   0.503883715   0.503883715  -0.503883715
     Phonon frequencies at q point No.  2 in q point IBZ.
      Mode(   1)=     -13.845627 [THz]    -461.840410 [cm-1]
      Mode(   2)=     -13.845627 [THz]    -461.840410 [cm-1]
      Mode(   3)=      21.290479 [THz]     710.173921 [cm-1]
      Mode(   4)=      35.437109 [THz]    1182.054736 [cm-1]
      Mode(   5)=      36.484406 [THz]    1216.988777 [cm-1]
      Mode(   6)=      36.484406 [THz]    1216.988777 [cm-1]
 current_iq =            2 iqq =            1  iq =            2
 g0 =   0.000000000000000E+000  0.000000000000000E+000  0.000000000000000E+000
 current_iq =            2 iqq =            2  iq =            3
 g0 =   5.478874265540743E-019 -5.478874265540743E-019  5.478874265540743E-019
 current_iq =            2 iqq =            3  iq =            8
 g0 =   -1.00776742922166        1.00776742922166        1.00776742922166     
 current_iq =            2 iqq =            4  iq =            5
 g0 =   5.478874265540743E-019 -5.478874265540743E-019  5.478874265540743E-019
       
     --------------------------------------------------------------------------------------------
     Working on iqr = 00003 in q IBZ                                     
     --------------------------------------------------------------------------------------------
     Q-point No.    3,         8 Sym. Ops. Found,      Inv. Sym. Found.
  

     point group D_2d (-42m)
     there are  5 classes
     the character table:

       E     2S4   C2    2C2'  2s_d 
A_1    1.00  1.00  1.00  1.00  1.00
A_2    1.00  1.00  1.00 -1.00 -1.00
B_1    1.00 -1.00  1.00  1.00 -1.00
B_2    1.00 -1.00  1.00 -1.00  1.00
E      2.00  0.00 -2.00  0.00  0.00

     the symmetry operations in each class and the name of the first element:

     E        1
                                                                 
     2S4      7    8
                                                                 
     C2       4
                                                                 
     2C2'     3    5
                                                                 
     2s_d     2    6
                                                                 


     Atomic displacements:
     There are   4 irreducible representations

     Representation     1      1 modes -A_1  X_1  W_1  To be done
     Irreps are as follows:

                     mode #   1
                     (   0.00000   0.00000   ) 
                     (   0.00000   0.00000   ) 
                     (   0.00000   0.00000   ) 
                     (   0.00000   0.00000   ) 
                     (  -1.00000   0.00000   ) 
                     (   0.00000   0.00000   ) 

     Representation     2      1 modes -B_2  X_3  W_2  To be done
     Irreps are as follows:

                     mode #   2
                     (   0.00000   0.00000   ) 
                     (  -1.00000   0.00000   ) 
                     (   0.00000   0.00000   ) 
                     (   0.00000   0.00000   ) 
                     (   0.00000   0.00000   ) 
                     (   0.00000   0.00000   ) 

     Representation     3      2 modes -E    X_5  W_3  To be done
     Irreps are as follows:

           mode #   3                           mode #   4
           (   0.00000   0.00000   )            (   0.00000   0.00000   ) 
           (   0.00000   0.00000   )            (   0.00000   0.00000   ) 
           (   0.00000   0.00000   )            (   0.00000   0.00000   ) 
           (   0.00000   0.00000   )            (  -1.00000   0.00000   ) 
           (  -0.00000   0.00000   )            (   0.00000   0.00000   ) 
           (  -1.00000   0.00000   )            (   0.00000   0.00000   ) 

     Representation     4      2 modes -E    X_5  W_3  To be done
     Irreps are as follows:

           mode #   5                           mode #   6
           (  -0.97080   0.00000   )            (  -0.23991   0.00000   ) 
           (  -0.00000   0.00000   )            (   0.00000   0.00000   ) 
           (  -0.23991   0.00000   )            (   0.97080   0.00000   ) 
           (   0.00000   0.00000   )            (   0.00000   0.00000   ) 
           (   0.00000   0.00000   )            (   0.00000   0.00000   ) 
           (   0.00000   0.00000   )            (   0.00000   0.00000   ) 
 time_reversal =  T skip_equiv =  F
 nrot=          48
 nsymq=           8
 minus_q= T
 magnetic_sym= F
     ===========================================================================
          K points generated with subgroup at this q point
          nsym   =   24
          nrot   =   48
          nk_ibz =    4
          xk(00000001) = (  0.000000  0.000000  0.000000) wk =   0.250000
          xk(00000002) = (  0.503884 -0.503884  0.503884) wk =   1.000000
          xk(00000003) = (  0.000000 -1.007767  0.000000) wk =   0.250000
          xk(00000004) = (  0.000000 -0.000000 -1.007767) wk =   0.500000
     ===========================================================================
  2nd deri of PP in cart basis (real part)
   0.235841E+02   0.155748E+01  -0.155748E+01   0.000000E+00   0.000000E+00   0.000000E+00
  
   0.155748E+01   0.227827E+02   0.155748E+01   0.000000E+00   0.000000E+00   0.000000E+00
  
  -0.155748E+01   0.155748E+01   0.219812E+02   0.000000E+00   0.000000E+00   0.000000E+00
  
   0.000000E+00   0.000000E+00   0.000000E+00   0.235841E+02   0.155748E+01  -0.155748E+01
  
   0.000000E+00   0.000000E+00   0.000000E+00   0.155748E+01   0.227827E+02   0.155748E+01
  
   0.000000E+00   0.000000E+00   0.000000E+00  -0.155748E+01   0.155748E+01   0.219812E+02
  
  2nd deri of PP in pattern basis (real part)
   0.227827E+02   0.000000E+00   0.155748E+01   0.155748E+01   0.000000E+00   0.000000E+00
  
   0.000000E+00   0.227827E+02   0.000000E+00   0.000000E+00   0.188565E+01  -0.113834E+01
  
   0.155748E+01   0.000000E+00   0.219812E+02  -0.155748E+01   0.000000E+00   0.000000E+00
  
   0.155748E+01   0.000000E+00  -0.155748E+01   0.235841E+02   0.000000E+00   0.000000E+00
  
   0.000000E+00   0.188565E+01   0.000000E+00   0.000000E+00   0.227664E+02   0.175151E+01
  
   0.000000E+00  -0.113834E+01   0.000000E+00   0.000000E+00   0.175151E+01   0.227990E+02
  

     Alpha used in Ewald sum =   2.9000
  Ionic contribution in cart of iq =            3
   0.270108E+01   0.295319E-13  -0.155431E-13   0.954792E-14  -0.133227E-14   0.461896E+01
 
   0.335287E-13   0.552835E+01   0.111022E-13  -0.133227E-14   0.732747E-14  -0.444089E-15
 
  -0.150990E-13   0.108802E-13   0.270108E+01   0.461896E+01  -0.133227E-14   0.521805E-14
 
   0.954792E-14  -0.133227E-14   0.461896E+01   0.270108E+01   0.295319E-13  -0.155431E-13
 
  -0.133227E-14   0.732747E-14  -0.444089E-15   0.335287E-13   0.552835E+01   0.111022E-13
 
   0.461896E+01  -0.133227E-14   0.521805E-14  -0.150990E-13   0.108802E-13   0.270108E+01
 
  Ionic contribution in pattern of iq =            3
   0.552835E+01   0.732747E-14   0.116027E-13   0.335287E-13  -0.219369E-14  -0.846722E-16
 
   0.732747E-14   0.552835E+01  -0.873274E-15  -0.190917E-14   0.351179E-13  -0.315021E-14
 
   0.113807E-13  -0.176145E-14   0.270108E+01  -0.150990E-13   0.448407E+01   0.110814E+01
 
   0.295319E-13  -0.190917E-14  -0.155431E-13   0.270108E+01   0.110814E+01  -0.448407E+01
 
  -0.240677E-14   0.311845E-13   0.448407E+01   0.110814E+01   0.270108E+01   0.269784E-13
 
   0.777567E-15  -0.389352E-14   0.110814E+01  -0.448407E+01   0.265343E-13   0.270108E+01
 
       
     --------------------------------------------------------------------------------------------
     Computing drho                                                      
     --------------------------------------------------------------------------------------------
     in progress... |######              | 030% :             < 00.1s (E)               00.1s (X)
     in progress... |#############       | 065% :               00.1s (E)               00.1s (X)
     in progress... |####################| 100% :               00.1s (E)               00.1s (X)
     --------------------------------------------------------------------------------------------
       
     --------------------------------------------------------------------------------------------
     Reading eigenpotentials at this q point                             
     --------------------------------------------------------------------------------------------
     in progress... |#                   | 005% :             < 00.1s (E)             < 00.1s (X)
     in progress... |##                  | 010% :             < 00.1s (E)             < 00.1s (X)
     in progress... |###                 | 015% :             < 00.1s (E)             < 00.1s (X)
     in progress... |####                | 020% :             < 00.1s (E)             < 00.1s (X)
     in progress... |#####               | 025% :             < 00.1s (E)             < 00.1s (X)
     in progress... |######              | 030% :             < 00.1s (E)             < 00.1s (X)
     in progress... |#######             | 035% :             < 00.1s (E)             < 00.1s (X)
     in progress... |########            | 040% :             < 00.1s (E)             < 00.1s (X)
     in progress... |#########           | 045% :             < 00.1s (E)             < 00.1s (X)
     in progress... |##########          | 050% :             < 00.1s (E)             < 00.1s (X)
     in progress... |###########         | 055% :             < 00.1s (E)             < 00.1s (X)
     in progress... |############        | 060% :             < 00.1s (E)             < 00.1s (X)
     in progress... |#############       | 065% :             < 00.1s (E)             < 00.1s (X)
     in progress... |##############      | 070% :             < 00.1s (E)             < 00.1s (X)
     in progress... |###############     | 075% :             < 00.1s (E)             < 00.1s (X)
     in progress... |################    | 080% :             < 00.1s (E)             < 00.1s (X)
     in progress... |#################   | 085% :             < 00.1s (E)             < 00.1s (X)
     in progress... |##################  | 090% :             < 00.1s (E)             < 00.1s (X)
     in progress... |################### | 095% :             < 00.1s (E)             < 00.1s (X)
     --------------------------------------------------------------------------------------------
       
     --------------------------------------------------------------------------------------------
     Computing elec elec part                                            
     --------------------------------------------------------------------------------------------
     in progress... |######              | 030% :             < 00.1s (E)             < 00.1s (X)
     in progress... |#############       | 065% :             < 00.1s (E)             < 00.1s (X)
     in progress... |####################| 100% :             < 00.1s (E)             < 00.1s (X)
     --------------------------------------------------------------------------------------------
 Dynmat after symmetrization (real part)
   0.401904E+00   0.000000E+00   0.555112E-16  -0.138778E-16   0.209249E-16   0.362856E+00
  
   0.555112E-16   0.980442E+00   0.555112E-16  -0.345863E-16  -0.486805E-16  -0.345863E-16
  
   0.555112E-16   0.000000E+00   0.401904E+00   0.362856E+00  -0.484640E-16  -0.704711E-17
  
   0.124900E-15   0.903138E-16   0.362856E+00   0.401904E+00   0.555112E-16   0.111022E-15
  
   0.145825E-15   0.762196E-16   0.903138E-16   0.166533E-15   0.980441E+00   0.166533E-15
  
   0.362856E+00   0.625583E-16   0.762196E-16   0.111022E-15   0.222045E-15   0.401904E+00
  
 Dynmat after symmetrization (imag part)
   0.000000E+00   0.000000E+00   0.000000E+00   0.240372E-15  -0.295021E-24   0.139813E-15
  
   0.000000E+00   0.000000E+00   0.000000E+00  -0.154654E-23   0.948283E-16  -0.154654E-23
  
   0.000000E+00   0.000000E+00   0.000000E+00   0.139813E-15  -0.295021E-24   0.240372E-15
  
  -0.240372E-15   0.154654E-23  -0.139813E-15   0.000000E+00   0.000000E+00   0.000000E+00
  
   0.295021E-24  -0.948283E-16   0.295021E-24   0.000000E+00   0.000000E+00   0.000000E+00
  
  -0.139813E-15   0.154654E-23  -0.240372E-15   0.000000E+00   0.000000E+00   0.000000E+00
  
 
     Number of q in the star =    3
     List of q in the star:
          1   0.000000000  -1.007767429   0.000000000
          2   0.000000000  -0.000000000  -1.007767429
          3   1.007767429   0.000000000   0.000000000
     Phonon frequencies at q point No.  3 in q point IBZ.
      Mode(   1)=       6.213292 [THz]     207.253112 [cm-1]
      Mode(   2)=       6.213292 [THz]     207.253112 [cm-1]
      Mode(   3)=      27.496861 [THz]     917.196542 [cm-1]
      Mode(   4)=      27.496861 [THz]     917.196542 [cm-1]
      Mode(   5)=      31.133728 [THz]    1038.509378 [cm-1]
      Mode(   6)=      31.133752 [THz]    1038.510179 [cm-1]
 current_iq =            4 iqq =            1  iq =            4
 g0 =  -1.575994272753676E-018 -1.575994272753676E-018  1.575994272753676E-018
 current_iq =            4 iqq =            2  iq =            7
 g0 =   2.671769125861824E-018 -2.671769125861824E-018  2.671769125861824E-018
 current_iq =            4 iqq =            3  iq =            6
 g0 =  -2.463913064397703E-019 -2.463913064397703E-019 -2.463913064397703E-019
     WELPH        :    26.33s CPU        38.75s WALL

     welph_readin :      0.25s CPU      0.35s WALL (       1 calls)
     fetch_input  :      0.00s CPU      0.01s WALL (       2 calls)
     read_xml     :      0.20s CPU      0.20s WALL (       1 calls)
     init_vloc    :      0.00s CPU      0.00s WALL (       2 calls)
     fft          :      0.11s CPU      0.12s WALL (    1879 calls)
     fft_scatter  :      6.02s CPU      6.39s WALL (  251685 calls)
     v_of_rho     :      0.00s CPU      0.00s WALL (       1 calls)
     v_xc         :      0.00s CPU      0.00s WALL (       1 calls)
     v_h          :      0.00s CPU      0.00s WALL (       1 calls)
     read_wave    :      0.05s CPU      0.13s WALL (       1 calls)
     davcio       :      0.02s CPU      0.23s WALL (     239 calls)
     init_us_1    :      0.00s CPU      0.00s WALL (       2 calls)
     do_setup     :      0.01s CPU      0.03s WALL (       1 calls)
     init_pw_ar   :      0.00s CPU      0.00s WALL (       1 calls)
     init_at_1    :      0.00s CPU      0.00s WALL (       1 calls)
     setup_dmuxc  :      0.00s CPU      0.00s WALL (       1 calls)
     build_chi    :     15.02s CPU     18.08s WALL (       1 calls)
     sqvc_init    :      0.00s CPU      0.00s WALL (       6 calls)
     pdep_db      :      0.52s CPU      0.55s WALL (       3 calls)
     fftw         :     11.68s CPU     12.34s WALL (  249785 calls)
     diagh        :      0.34s CPU      0.34s WALL (      14 calls)
     init_us_2    :      0.00s CPU      0.00s WALL (     167 calls)
     calbec       :      0.04s CPU      0.04s WALL (    1667 calls)
     drho         :      0.46s CPU      0.60s WALL (       3 calls)
     ffts         :      0.01s CPU      0.01s WALL (      21 calls)
     alphapc      :      0.00s CPU      0.00s WALL (      57 calls)
     linstern     :      0.54s CPU      0.57s WALL (      57 calls)
     stern        :      0.50s CPU      0.53s WALL (    1185 calls)
     h_psi_bgrp   :      0.47s CPU      0.51s WALL (    1185 calls)
     h_psi        :      0.47s CPU      0.50s WALL (    1185 calls)
     h_psi:pot    :      0.47s CPU      0.50s WALL (    1185 calls)
     vloc_psi     :      0.42s CPU      0.45s WALL (    1185 calls)
     h_psi:calbec :      0.03s CPU      0.03s WALL (    1185 calls)
     add_vuspsi   :      0.01s CPU      0.01s WALL (    1185 calls)
     alphapv      :      0.02s CPU      0.02s WALL (    1185 calls)
     gather_grid  :      0.05s CPU      0.05s WALL (     108 calls)
     scatter_grid :      0.01s CPU      0.01s WALL (      81 calls)
     psymdvscf    :      0.33s CPU      0.33s WALL (      10 calls)
     cgather      :      0.01s CPU      0.01s WALL (      21 calls)
     symdvscf     :      0.32s CPU      0.32s WALL (      10 calls)
     eigpot_io    :      0.14s CPU      0.17s WALL (       3 calls)
     dynmat       :      0.07s CPU      0.07s WALL (       3 calls)
     commutator_H :      0.01s CPU      0.01s WALL (      36 calls)
     stres_us31   :      0.00s CPU      0.00s WALL (      36 calls)
     stres_us32   :      0.00s CPU      0.00s WALL (      36 calls)
     stres_us33   :      0.00s CPU      0.00s WALL (      36 calls)
     stres_us34   :      0.00s CPU      0.00s WALL (      36 calls)
     rotate_WHxc_ :      0.33s CPU      3.71s WALL (       3 calls)
 
     WELPH        :    26.33s CPU        38.76s WALL

 
   This run was terminated on:  11: 8:45   8Dec2020            

=------------------------------------------------------------------------------=
   JOB DONE.
=------------------------------------------------------------------------------=
