
     Program WSTAT v. 3.1.1 starts on  8Dec2020 at 10:57:20 

     This program is part of the open-source West suite
     for massively parallel calculations of excited states in materials; please cite
         "M. Govoni et al., J. Chem. Theory Comput. 11, 2680 (2015);
          URL http://www.west-code.org", 
     in publications or presentations arising from this work.

     Based on the Quantum ESPRESSO v. 6.1 svn rev. 13369

     I/O is Little Endian
       
     --------------------------------------------------------------------------------------------
     **MPI** Parallelization Status                                      
     --------------------------------------------------------------------------------------------
                    40                   2             1             1            20
     --------------------------------------------------------------------------------------------
                     N         =         I      X      P      X      B      X      Z
                     ^                   ^             ^             ^             ^
                     |                   |             |             |             |
                   #rnk                  |             |             |             |
                                      #image           |             |             |
                                                     #pool           |             |
                                                                   #bgrp           |
                                                                                 #R&G
     --------------------------------------------------------------------------------------------
     **OPENMP** Parallelization Status
     #thr/rnk               =            1
     --------------------------------------------------------------------------------------------
     #prc = (rnk) * (thr) =           40
     --------------------------------------------------------------------------------------------
       
     --------------------------------------------------------------------------------------------
     I/O Summary : input_west                                            
     --------------------------------------------------------------------------------------------
     qe_prefix      = c
     west_prefix    = c
     outdir         = ./
     --------------------------------------------------------------------------------------------

     Reading data from directory:
     ./c.save

   Info: using nr1, nr2, nr3 values from input

   Info: using nr1, nr2, nr3 values from input

     IMPORTANT: XC functional enforced from input :
     Exchange-correlation      = PZ ( 1  1  0  0 0 0)
     Any further DFT definition will be discarded
     Please, verify this is what you really want

               file C.pz-mt.fhi.UPF: wavefunction(s)  3d renormalized
 
     Parallelization info
     --------------------
     sticks:   dense  smooth     PW     G-vecs:    dense   smooth      PW
     Min          37      37     10                  654      654     103
     Max          38      38     11                  656      656     106
     Sum         745     745    211                13107    13107    2085
 
       
     --------------------------------------------------------------------------------------------
     I/O Summary : wstat_control                                         
     --------------------------------------------------------------------------------------------
     wstat_calculation              =              S
     n_pdep_eigen                   =            400
     n_pdep_times                   =              4
     n_pdep_maxiter                 =            100
     n_dfpt_maxiter                 =            250
     n_pdep_read_from_file          =              0
     trev_pdep                      =   1.000000E-03
     trev_pdep_rel                  =   1.000000E-01
     tr2_dfpt                       =   1.000000E-12
     l_kinetic_only                 =              F
     l_minimize_exx_if_active       =              F
     l_use_ecutrho                  =              F
     l_use_symm                     =              T
     nq(1)                          =              2
     nq(2)                          =              2
     nq(3)                          =              2
     --------------------------------------------------------------------------------------------
       
     --------------------------------------------------------------------------------------------
     System Overview                                                     
     --------------------------------------------------------------------------------------------
     gamma_only           =              F
     ecutwfc [Ry]         =     120.000000
     ecutrho [Ry]         =     480.000000
     omega [au^3]         =   7.357824E+01
     nbnd                 =              8
     nkstot               =              8
     nspin                =              1
     nelec                =       8.000000
     npol                 =              1
     lsda                 =              F
     noncolin             =              F
     lspinorb             =              F
     domag                =              F
     --------------------------------------------------------------------------------------------

     3DFFT grid
        s : (  36,  36,  36)
        p : (  36,  36,  36)

     Direct Lattice Cell [a.u.]
        a1 = (    -3.3258792    -0.0000000     3.3258792)
        a2 = (    -0.0000000     3.3258792     3.3258792)
        a3 = (    -3.3258792     3.3258792     0.0000000)

     Reciprocal Lattice Cell [a.u.]
        b1 = (    -0.9445901    -0.9445901     0.9445901)
        b2 = (     0.9445901     0.9445901     0.9445901)
        b3 = (    -0.9445901     0.9445901    -0.9445901)
      

     Brillouin Zone sampling [cryst. coord.]
 
        k(000001) = (     0.0000000     0.0000000     0.0000000)
        k(000002) = (     0.0000000     0.0000000    -0.5000000)
        k(000003) = (     0.0000000    -0.5000000    -0.0000000)
        k(000004) = (     0.0000000    -0.5000000    -0.5000000)
        k(000005) = (    -0.5000000     0.0000000    -0.0000000)
        k(000006) = (    -0.5000000    -0.0000000    -0.5000000)
        k(000007) = (    -0.5000000    -0.5000000    -0.0000000)
        k(000008) = (    -0.5000000    -0.5000000    -0.5000000)
 
        q(000001) = (     0.0000000     0.0000000     0.0000000)
        q(000002) = (     0.0000000     0.0000000    -0.5000000)
        q(000003) = (     0.0000000    -0.5000000     0.0000000)
        q(000004) = (     0.0000000    -0.5000000    -0.5000000)
        q(000005) = (    -0.5000000     0.0000000     0.0000000)
        q(000006) = (    -0.5000000     0.0000000    -0.5000000)
        q(000007) = (    -0.5000000    -0.5000000     0.0000000)
        q(000008) = (    -0.5000000    -0.5000000    -0.5000000)
     ===========================================================================
          nsym   =   24
          nrot   =   48
          nq_ibz =    3
          Q-point IBZ [ cart  coord ]
          xq(00000001) = (  0.000000  0.000000  0.000000) wq =   0.125000
          xq(00000002) = (  0.503884 -0.503884  0.503884) wq =   0.500000
          xq(00000003) = (  0.000000 -1.007767  0.000000) wq =   0.375000
          Q-point IBZ [ cryst coord ]
          xq(00000001) = (  0.000000  0.000000  0.000000) wq =   0.125000
          xq(00000002) = (  0.000000  0.000000 -0.500000) wq =   0.500000
          xq(00000003) = (  0.000000 -0.500000 -0.500000) wq =   0.375000
     ===========================================================================
       
     --------------------------------------------------------------------------------------------
     Parallelization for nvecx                                           
     --------------------------------------------------------------------------------------------
     nglob                =           1600
     nlevel               =              2
     Min nglob/nlevel     =            800
     Max nglob/nlevel     =            800
     --------------------------------------------------------------------------------------------

     [MEM] ----------------------------------------------------------
     [MEM] **Memory** analysis: QE
     [MEM] ----------------------------------------------------------
     [MEM] Allocated arrays           est. size (Mb)     dimensions
     [MEM] ----------------------------------------------------------
     [MEM] Kohn-Sham Wavefunctions       0.01 Mb     (     83,    8)
     [MEM] NL pseudopotentials           0.01 Mb     (     83,    8)
     [MEM] Each V/rho on FFT grid        0.04 Mb     (   2592)
     [MEM] Each G-vector array           0.01 Mb     (    656)
     [MEM] G-vector shells               0.00 Mb     (    164)
     [MEM] ----------------------------------------------------------
     [MEM] TOT                           0.07 Mb
     [MEM] ----------------------------------------------------------
     [MEM] 
     [MEM] ----------------------------------------------------------
     [MEM] **Memory** analysis: WSTAT global
     [MEM] ----------------------------------------------------------
     [MEM] Allocated arrays           est. size (Mb)     dimensions
     [MEM] ----------------------------------------------------------
     [MEM] dvg                           1.01 Mb     (     83,  800)
     [MEM] dng                           1.01 Mb     (     83,  800)
     [MEM] hr_distr                     19.53 Mb     (   1600,  800)
     [MEM] vr_distr                     19.53 Mb     (   1600,  800)
     [MEM] ----------------------------------------------------------
     [MEM] TOT                          41.09 Mb
     [MEM] ----------------------------------------------------------
     [MEM] 
     [MEM] ----------------------------------------------------------
     [MEM] **Memory** analysis: WSTAT temporary
     [MEM] ----------------------------------------------------------
     [MEM] Allocated arrays           est. size (Mb)     dimensions
     [MEM] ----------------------------------------------------------
     [MEM] dvpsi                         0.01 Mb     (     83,    4)
     [MEM] dpsi                          0.01 Mb     (     83,    4)
     [MEM] ----------------------------------------------------------
     [MEM] Total estimate                0.01 Mb
     [MEM] ----------------------------------------------------------
 
     Divergence =   5.921712E-01

     ================================================================
     PDEP calculation at q(00001) = (    0.0000    0.0000    0.0000 )
     ----------------------------------------------------------------

                       *----------*              *----------*               *----------*
     #     Iteration = | starting |   DFPT_dim = |      400 |   Diago_dim = |      400 |  x 1/2
                       *----------*              *----------*               *----------*
     per-process dynamical memory    51.7 Mb
  
       
     --------------------------------------------------------------------------------------------
     Sternheimer eq. solver... with lite-solver                          
     --------------------------------------------------------------------------------------------
     in progress... |#                   | 005% :             < 00.1s (E)               01.6s (X)
     in progress... |##                  | 010% :               00.1s (E)               01.6s (X)
     in progress... |###                 | 015% :               00.2s (E)               01.6s (X)
     in progress... |####                | 020% :               00.3s (E)               01.6s (X)
     in progress... |#####               | 025% :               00.4s (E)               01.6s (X)
     in progress... |######              | 030% :               00.5s (E)               01.7s (X)
     in progress... |#######             | 035% :               00.5s (E)               01.6s (X)
     in progress... |########            | 040% :               00.6s (E)               01.6s (X)
     in progress... |#########           | 045% :               00.7s (E)               01.6s (X)
     in progress... |##########          | 050% :               00.8s (E)               01.6s (X)
     in progress... |###########         | 055% :               00.9s (E)               01.6s (X)
     in progress... |############        | 060% :               00.9s (E)               01.6s (X)
     in progress... |#############       | 065% :               01.0s (E)               01.6s (X)
     in progress... |##############      | 070% :               01.1s (E)               01.6s (X)
     in progress... |###############     | 075% :               01.2s (E)               01.6s (X)
     in progress... |################    | 080% :               01.3s (E)               01.6s (X)
     in progress... |#################   | 085% :               01.4s (E)               01.6s (X)
     in progress... |##################  | 090% :               01.4s (E)               01.6s (X)
     in progress... |################### | 095% :               01.5s (E)               01.6s (X)
     in progress... |####################| 100% :               01.6s (E)               01.6s (X)
     --------------------------------------------------------------------------------------------

     [I/O] -------------------------------------------------------
     [I/O] RESTART written in < 00.1s             
     [I/O] In location   : ./c.wstat.restart
     [I/O] -------------------------------------------------------

                       *----------*              *----------*               *----------*
     #     Iteration = | starting |   DFPT_dim = |      400 |   Diago_dim = |      400 |  x 2/2
                       *----------*              *----------*               *----------*
     per-process dynamical memory    52.1 Mb
  
       
     --------------------------------------------------------------------------------------------
     Sternheimer eq. solver... with threshold =   1.000000E-06           
     --------------------------------------------------------------------------------------------
     in progress... |#                   | 005% :               00.7s (E)               14.5s (X)
     in progress... |##                  | 010% :               01.3s (E)               13.7s (X)
     in progress... |###                 | 015% :               02.0s (E)               13.5s (X)
     in progress... |####                | 020% :               02.6s (E)               13.3s (X)
     in progress... |#####               | 025% :               03.2s (E)               13.0s (X)
     in progress... |######              | 030% :               03.9s (E)               13.1s (X)
     in progress... |#######             | 035% :               04.6s (E)               13.2s (X)
     in progress... |########            | 040% :               05.2s (E)               13.0s (X)
     in progress... |#########           | 045% :               05.8s (E)               12.9s (X)
     in progress... |##########          | 050% :               06.3s (E)               12.7s (X)
     in progress... |###########         | 055% :               07.0s (E)               12.7s (X)
     in progress... |############        | 060% :               07.6s (E)               12.7s (X)
     in progress... |#############       | 065% :               08.2s (E)               12.6s (X)
     in progress... |##############      | 070% :               08.8s (E)               12.6s (X)
     in progress... |###############     | 075% :               09.3s (E)               12.5s (X)
     in progress... |################    | 080% :               09.9s (E)               12.4s (X)
     in progress... |#################   | 085% :               10.5s (E)               12.4s (X)
     in progress... |##################  | 090% :               11.1s (E)               12.3s (X)
     in progress... |################### | 095% :               11.7s (E)               12.4s (X)
     in progress... |####################| 100% :               12.3s (E)               12.3s (X)
     --------------------------------------------------------------------------------------------
     p-DIAGOX done in 00.5s with a SCALAPACK grid (6x6)
     --------------------------------------------------------------------------------------------
        
       -2.34250  -0.73540  -0.73540  -0.73540  -0.49565  -0.49565  -0.49564  -0.48135  -0.48133
       -0.46546  -0.30489  -0.30488  -0.30487  -0.27173  -0.27173  -0.27173  -0.19964  -0.19964
       -0.19964  -0.16288  -0.16287  -0.15408  -0.15408  -0.15407  -0.14534  -0.14091  -0.11177
       -0.11176  -0.11175  -0.08610  -0.08609  -0.08609  -0.08103  -0.08100  -0.07044  -0.07044
       -0.06918  -0.06918  -0.06917  -0.06816  -0.06808  -0.06808  -0.06808  -0.05980  -0.04898
       -0.04898  -0.04897  -0.04861  -0.04861  -0.04860  -0.03813  -0.03772  -0.03771  -0.03770
       -0.03687  -0.03686  -0.03685  -0.03596  -0.03595  -0.03594  -0.03585  -0.03584  -0.03570
       -0.03272  -0.03272  -0.03272  -0.02967  -0.02967  -0.02966  -0.02816  -0.02561  -0.02560
       -0.02405  -0.02405  -0.02403  -0.02350  -0.02350  -0.02349  -0.02344  -0.02343  -0.02341
       -0.02150  -0.02148  -0.02006  -0.02005  -0.02005  -0.01973  -0.01972  -0.01969  -0.01896
       -0.01894  -0.01893  -0.01840  -0.01840  -0.01838  -0.01763  -0.01762  -0.01761  -0.01653
       -0.01587  -0.01585  -0.01582  -0.01537  -0.01536  -0.01532  -0.01458  -0.01425  -0.01387
       -0.01386  -0.01383  -0.01334  -0.01328  -0.01309  -0.01305  -0.01304  -0.01301  -0.01300
       -0.01296  -0.01234  -0.01232  -0.01229  -0.01225  -0.01211  -0.01211  -0.01205  -0.01180
       -0.01175  -0.01173  -0.01154  -0.01152  -0.01149  -0.01147  -0.01145  -0.01108  -0.01104
       -0.01101  -0.01076  -0.01075  -0.01072  -0.01061  -0.01060  -0.01058  -0.01058  -0.01055
       -0.01052  -0.01044  -0.01025  -0.01022  -0.00883  -0.00880  -0.00878  -0.00875  -0.00870
       -0.00866  -0.00841  -0.00837  -0.00831  -0.00827  -0.00820  -0.00814  -0.00812  -0.00809
       -0.00802  -0.00798  -0.00759  -0.00756  -0.00751  -0.00728  -0.00726  -0.00723  -0.00720
       -0.00716  -0.00714  -0.00713  -0.00711  -0.00708  -0.00706  -0.00702  -0.00700  -0.00698
       -0.00697  -0.00694  -0.00691  -0.00688  -0.00686  -0.00681  -0.00678  -0.00675  -0.00669
       -0.00666  -0.00643  -0.00641  -0.00637  -0.00613  -0.00609  -0.00604  -0.00600  -0.00597
       -0.00595  -0.00591  -0.00584  -0.00583  -0.00581  -0.00577  -0.00575  -0.00571  -0.00565
       -0.00559  -0.00544  -0.00542  -0.00538  -0.00536  -0.00530  -0.00524  -0.00522  -0.00517
       -0.00509  -0.00504  -0.00500  -0.00497  -0.00494  -0.00491  -0.00489  -0.00486  -0.00480
       -0.00477  -0.00474  -0.00471  -0.00470  -0.00467  -0.00464  -0.00461  -0.00456  -0.00454
       -0.00452  -0.00449  -0.00447  -0.00446  -0.00445  -0.00443  -0.00439  -0.00437  -0.00435
       -0.00434  -0.00432  -0.00429  -0.00427  -0.00423  -0.00423  -0.00421  -0.00417  -0.00415
       -0.00413  -0.00410  -0.00407  -0.00403  -0.00400  -0.00398  -0.00396  -0.00391  -0.00388
       -0.00385  -0.00381  -0.00378  -0.00375  -0.00372  -0.00367  -0.00365  -0.00362  -0.00361
       -0.00357  -0.00356  -0.00354  -0.00351  -0.00349  -0.00347  -0.00343  -0.00339  -0.00338
       -0.00336  -0.00334  -0.00331  -0.00330  -0.00328  -0.00326  -0.00324  -0.00323  -0.00320
       -0.00318  -0.00317  -0.00315  -0.00314  -0.00312  -0.00310  -0.00309  -0.00306  -0.00305
       -0.00302  -0.00301  -0.00299  -0.00299  -0.00297  -0.00294  -0.00293  -0.00292  -0.00291
       -0.00288  -0.00287  -0.00286  -0.00282  -0.00281  -0.00279  -0.00279  -0.00276  -0.00274
       -0.00272  -0.00270  -0.00270  -0.00268  -0.00265  -0.00263  -0.00262  -0.00260  -0.00259
       -0.00257  -0.00253  -0.00253  -0.00251  -0.00249  -0.00247  -0.00245  -0.00244  -0.00242
       -0.00239  -0.00237  -0.00237  -0.00236  -0.00235  -0.00233  -0.00231  -0.00230  -0.00229
       -0.00227  -0.00225  -0.00223  -0.00222  -0.00221  -0.00219  -0.00218  -0.00217  -0.00216
       -0.00213  -0.00212  -0.00210  -0.00210  -0.00208  -0.00207  -0.00205  -0.00205  -0.00203
       -0.00202  -0.00201  -0.00199  -0.00199  -0.00198  -0.00196  -0.00195  -0.00193  -0.00192
       -0.00191  -0.00189  -0.00187  -0.00186  -0.00184  -0.00183  -0.00182  -0.00181  -0.00180
       -0.00178  -0.00177  -0.00176  -0.00173  -0.00172  -0.00171  -0.00169  -0.00168  -0.00166
       -0.00164  -0.00163  -0.00162  -0.00161  -0.00159  -0.00156  -0.00156  -0.00154  -0.00152
       -0.00150  -0.00147  -0.00145  -0.00143
        
     --------------------------------------------------------------------------------------------
     Tot. elapsed time 18.4s,  time spent in last iteration 18.4s
     --------------------------------------------------------------------------------------------

     [I/O] -------------------------------------------------------
     [I/O] RESTART written in < 00.1s             
     [I/O] In location   : ./c.wstat.restart
     [I/O] -------------------------------------------------------

                       *----------*              *----------*               *----------*
     #     Iteration = |        1 |   DFPT_dim = |      400 |   Diago_dim = |      800 |
                       *----------*              *----------*               *----------*
     per-process dynamical memory    54.8 Mb
  
       
     --------------------------------------------------------------------------------------------
     Sternheimer eq. solver... with threshold =   1.000000E-12           
     --------------------------------------------------------------------------------------------
     in progress... |#                   | 005% :               01.1s (E)               23.0s (X)
     in progress... |##                  | 010% :               02.1s (E)               21.8s (X)
     in progress... |###                 | 015% :               03.1s (E)               21.3s (X)
     in progress... |####                | 020% :               04.1s (E)               20.9s (X)
     in progress... |#####               | 025% :               05.1s (E)               20.6s (X)
     in progress... |######              | 030% :               06.1s (E)               20.5s (X)
     in progress... |#######             | 035% :               07.1s (E)               20.4s (X)
     in progress... |########            | 040% :               08.0s (E)               20.2s (X)
     in progress... |#########           | 045% :               08.9s (E)               19.8s (X)
     in progress... |##########          | 050% :               09.7s (E)               19.5s (X)
     in progress... |###########         | 055% :               10.7s (E)               19.6s (X)
     in progress... |############        | 060% :               11.7s (E)               19.6s (X)
     in progress... |#############       | 065% :               12.7s (E)               19.5s (X)
     in progress... |##############      | 070% :               13.5s (E)               19.3s (X)
     in progress... |###############     | 075% :               14.3s (E)               19.1s (X)
     in progress... |################    | 080% :               15.2s (E)               19.0s (X)
     in progress... |#################   | 085% :               16.1s (E)               18.9s (X)
     in progress... |##################  | 090% :               17.0s (E)               18.9s (X)
     in progress... |################### | 095% :               18.0s (E)               18.9s (X)
     in progress... |####################| 100% :               18.9s (E)               18.9s (X)
     --------------------------------------------------------------------------------------------
     p-DIAGOX done in 00.8s with a SCALAPACK grid (6x6)
     --------------------------------------------------------------------------------------------
        
       -2.34252  -0.73541  -0.73541  -0.73541  -0.49565  -0.49565  -0.49565  -0.48141  -0.48141
       -0.46546  -0.30498  -0.30498  -0.30498  -0.27173  -0.27173  -0.27173  -0.19965  -0.19965
       -0.19965  -0.16293  -0.16293  -0.15410  -0.15410  -0.15410  -0.14535  -0.14091  -0.11183
       -0.11183  -0.11183  -0.08611  -0.08611  -0.08611  -0.08111  -0.08111  -0.07047  -0.07047
       -0.06919  -0.06919  -0.06919  -0.06817  -0.06809  -0.06809  -0.06809  -0.05981  -0.04899
       -0.04899  -0.04899  -0.04864  -0.04864  -0.04864  -0.03816  -0.03776  -0.03776  -0.03776
       -0.03693  -0.03693  -0.03693  -0.03599  -0.03599  -0.03599  -0.03589  -0.03589  -0.03573
       -0.03274  -0.03274  -0.03274  -0.02970  -0.02970  -0.02970  -0.02819  -0.02570  -0.02570
       -0.02412  -0.02412  -0.02412  -0.02357  -0.02357  -0.02357  -0.02350  -0.02350  -0.02350
       -0.02158  -0.02158  -0.02013  -0.02013  -0.02013  -0.01979  -0.01977  -0.01977  -0.01901
       -0.01901  -0.01901  -0.01847  -0.01847  -0.01847  -0.01769  -0.01769  -0.01769  -0.01661
       -0.01599  -0.01599  -0.01599  -0.01546  -0.01546  -0.01546  -0.01471  -0.01436  -0.01396
       -0.01396  -0.01396  -0.01345  -0.01345  -0.01321  -0.01321  -0.01316  -0.01316  -0.01316
       -0.01307  -0.01245  -0.01244  -0.01244  -0.01244  -0.01225  -0.01225  -0.01225  -0.01192
       -0.01192  -0.01192  -0.01165  -0.01165  -0.01165  -0.01165  -0.01165  -0.01122  -0.01122
       -0.01122  -0.01092  -0.01092  -0.01092  -0.01073  -0.01073  -0.01073  -0.01071  -0.01071
       -0.01071  -0.01064  -0.01038  -0.01038  -0.00903  -0.00903  -0.00903  -0.00893  -0.00893
       -0.00893  -0.00864  -0.00864  -0.00864  -0.00852  -0.00842  -0.00842  -0.00838  -0.00833
       -0.00833  -0.00833  -0.00783  -0.00783  -0.00783  -0.00745  -0.00745  -0.00745  -0.00743
       -0.00743  -0.00738  -0.00738  -0.00738  -0.00734  -0.00734  -0.00730  -0.00730  -0.00723
       -0.00723  -0.00723  -0.00720  -0.00720  -0.00720  -0.00713  -0.00712  -0.00712  -0.00712
       -0.00699  -0.00669  -0.00669  -0.00669  -0.00641  -0.00641  -0.00641  -0.00632  -0.00619
       -0.00619  -0.00619  -0.00612  -0.00612  -0.00612  -0.00610  -0.00610  -0.00609  -0.00604
       -0.00604  -0.00575  -0.00575  -0.00574  -0.00574  -0.00574  -0.00556  -0.00556  -0.00556
       -0.00544  -0.00529  -0.00529  -0.00529  -0.00526  -0.00524  -0.00524  -0.00524  -0.00523
       -0.00520  -0.00511  -0.00511  -0.00510  -0.00505  -0.00505  -0.00505  -0.00497  -0.00497
       -0.00496  -0.00496  -0.00496  -0.00496  -0.00495  -0.00495  -0.00482  -0.00482  -0.00482
       -0.00473  -0.00473  -0.00473  -0.00466  -0.00465  -0.00465  -0.00462  -0.00462  -0.00462
       -0.00460  -0.00459  -0.00458  -0.00458  -0.00458  -0.00457  -0.00457  -0.00442  -0.00442
       -0.00441  -0.00431  -0.00431  -0.00421  -0.00421  -0.00419  -0.00419  -0.00419  -0.00416
       -0.00401  -0.00400  -0.00400  -0.00400  -0.00400  -0.00400  -0.00389  -0.00388  -0.00380
       -0.00379  -0.00378  -0.00378  -0.00375  -0.00375  -0.00375  -0.00374  -0.00373  -0.00370
       -0.00370  -0.00370  -0.00368  -0.00367  -0.00366  -0.00362  -0.00362  -0.00361  -0.00360
       -0.00360  -0.00360  -0.00348  -0.00348  -0.00347  -0.00346  -0.00346  -0.00341  -0.00340
       -0.00340  -0.00340  -0.00339  -0.00339  -0.00338  -0.00338  -0.00337  -0.00332  -0.00332
       -0.00331  -0.00330  -0.00329  -0.00329  -0.00328  -0.00327  -0.00327  -0.00326  -0.00326
       -0.00325  -0.00325  -0.00322  -0.00320  -0.00319  -0.00319  -0.00318  -0.00318  -0.00314
       -0.00313  -0.00313  -0.00311  -0.00303  -0.00292  -0.00291  -0.00290  -0.00288  -0.00287
       -0.00286  -0.00286  -0.00285  -0.00285  -0.00284  -0.00283  -0.00282  -0.00281  -0.00280
       -0.00277  -0.00276  -0.00275  -0.00274  -0.00267  -0.00265  -0.00264  -0.00263  -0.00262
       -0.00262  -0.00261  -0.00260  -0.00260  -0.00259  -0.00259  -0.00258  -0.00257  -0.00257
       -0.00256  -0.00256  -0.00255  -0.00253  -0.00253  -0.00252  -0.00249  -0.00248  -0.00247
       -0.00247  -0.00246  -0.00245  -0.00245  -0.00244  -0.00243  -0.00242  -0.00240  -0.00239
       -0.00239  -0.00238  -0.00238  -0.00237  -0.00236  -0.00235  -0.00235  -0.00234  -0.00233
       -0.00232  -0.00231  -0.00230  -0.00229
        
     --------------------------------------------------------------------------------------------
     Tot. elapsed time 39.8s,  time spent in last iteration 20.4s
     --------------------------------------------------------------------------------------------

     [I/O] -------------------------------------------------------
     [I/O] RESTART written in < 00.1s             
     [I/O] In location   : ./c.wstat.restart
     [I/O] -------------------------------------------------------

                       *----------*              *----------*               *----------*
     #     Iteration = |        2 |   DFPT_dim = |      158 |   Diago_dim = |      958 |
                       *----------*              *----------*               *----------*
     per-process dynamical memory    56.1 Mb
  
       
     --------------------------------------------------------------------------------------------
     Sternheimer eq. solver... with threshold =   1.000000E-12           
     --------------------------------------------------------------------------------------------
     in progress... |#                   | 005% :               00.4s (E)               09.9s (X)
     in progress... |##                  | 010% :               00.9s (E)               09.9s (X)
     in progress... |###                 | 015% :               01.3s (E)               09.1s (X)
     in progress... |####                | 020% :               01.7s (E)               08.8s (X)
     in progress... |#####               | 025% :               02.1s (E)               08.5s (X)
     in progress... |######              | 030% :               02.5s (E)               08.4s (X)
     in progress... |#######             | 035% :               02.9s (E)               08.3s (X)
     in progress... |########            | 040% :               03.2s (E)               08.1s (X)
     in progress... |#########           | 045% :               03.5s (E)               07.9s (X)
     in progress... |##########          | 050% :               03.9s (E)               07.8s (X)
     in progress... |###########         | 055% :               04.3s (E)               07.8s (X)
     in progress... |############        | 060% :               04.6s (E)               07.8s (X)
     in progress... |#############       | 065% :               05.0s (E)               07.8s (X)
     in progress... |##############      | 070% :               05.4s (E)               07.7s (X)
     in progress... |###############     | 075% :               05.7s (E)               07.6s (X)
     in progress... |################    | 080% :               06.0s (E)               07.5s (X)
     in progress... |#################   | 085% :               06.3s (E)               07.5s (X)
     in progress... |##################  | 090% :               06.7s (E)               07.4s (X)
     in progress... |################### | 095% :               07.1s (E)               07.4s (X)
     in progress... |####################| 100% :               07.4s (E)               07.4s (X)
     --------------------------------------------------------------------------------------------
     p-DIAGOX done in 01.0s with a SCALAPACK grid (6x6)
     --------------------------------------------------------------------------------------------
        
       -2.34252  -0.73541  -0.73541  -0.73541  -0.49565  -0.49565  -0.49565  -0.48141  -0.48141
       -0.46546  -0.30498  -0.30498  -0.30498  -0.27173  -0.27173  -0.27173  -0.19965  -0.19965
       -0.19965  -0.16293  -0.16293  -0.15410  -0.15410  -0.15410  -0.14535  -0.14091  -0.11183
       -0.11183  -0.11183  -0.08611  -0.08611  -0.08611  -0.08111  -0.08111  -0.07047  -0.07047
       -0.06919  -0.06919  -0.06919  -0.06817  -0.06809  -0.06809  -0.06809  -0.05981  -0.04899
       -0.04899  -0.04899  -0.04864  -0.04864  -0.04864  -0.03816  -0.03776  -0.03776  -0.03776
       -0.03693  -0.03693  -0.03693  -0.03599  -0.03599  -0.03599  -0.03589  -0.03589  -0.03573
       -0.03274  -0.03274  -0.03274  -0.02970  -0.02970  -0.02970  -0.02819  -0.02570  -0.02570
       -0.02412  -0.02412  -0.02412  -0.02357  -0.02357  -0.02357  -0.02350  -0.02350  -0.02350
       -0.02158  -0.02158  -0.02013  -0.02013  -0.02013  -0.01979  -0.01977  -0.01977  -0.01901
       -0.01901  -0.01901  -0.01847  -0.01847  -0.01847  -0.01769  -0.01769  -0.01769  -0.01661
       -0.01599  -0.01599  -0.01599  -0.01546  -0.01546  -0.01546  -0.01471  -0.01436  -0.01396
       -0.01396  -0.01396  -0.01345  -0.01345  -0.01321  -0.01321  -0.01316  -0.01316  -0.01316
       -0.01307  -0.01245  -0.01244  -0.01244  -0.01244  -0.01225  -0.01225  -0.01225  -0.01192
       -0.01192  -0.01192  -0.01165  -0.01165  -0.01165  -0.01165  -0.01165  -0.01122  -0.01122
       -0.01122  -0.01092  -0.01092  -0.01092  -0.01073  -0.01073  -0.01073  -0.01071  -0.01071
       -0.01071  -0.01064  -0.01038  -0.01038  -0.00903  -0.00903  -0.00903  -0.00893  -0.00893
       -0.00893  -0.00864  -0.00864  -0.00864  -0.00852  -0.00842  -0.00842  -0.00838  -0.00833
       -0.00833  -0.00833  -0.00783  -0.00783  -0.00783  -0.00745  -0.00745  -0.00745  -0.00743
       -0.00743  -0.00738  -0.00738  -0.00738  -0.00734  -0.00734  -0.00730  -0.00730  -0.00723
       -0.00723  -0.00723  -0.00720  -0.00720  -0.00720  -0.00713  -0.00712  -0.00712  -0.00712
       -0.00699  -0.00669  -0.00669  -0.00669  -0.00641  -0.00641  -0.00641  -0.00633  -0.00619
       -0.00619  -0.00619  -0.00612  -0.00612  -0.00612  -0.00610  -0.00610  -0.00610  -0.00604
       -0.00604  -0.00575  -0.00575  -0.00574  -0.00574  -0.00574  -0.00557  -0.00557  -0.00557
       -0.00545  -0.00530  -0.00530  -0.00530  -0.00527  -0.00525  -0.00525  -0.00525  -0.00523
       -0.00521  -0.00511  -0.00511  -0.00511  -0.00506  -0.00506  -0.00506  -0.00498  -0.00498
       -0.00497  -0.00497  -0.00497  -0.00496  -0.00496  -0.00496  -0.00483  -0.00483  -0.00483
       -0.00473  -0.00473  -0.00473  -0.00466  -0.00466  -0.00466  -0.00462  -0.00462  -0.00462
       -0.00461  -0.00460  -0.00460  -0.00460  -0.00459  -0.00459  -0.00459  -0.00443  -0.00443
       -0.00443  -0.00432  -0.00432  -0.00422  -0.00422  -0.00421  -0.00421  -0.00421  -0.00418
       -0.00402  -0.00402  -0.00402  -0.00402  -0.00402  -0.00402  -0.00390  -0.00390  -0.00382
       -0.00380  -0.00380  -0.00380  -0.00377  -0.00377  -0.00377  -0.00376  -0.00376  -0.00372
       -0.00372  -0.00372  -0.00370  -0.00370  -0.00370  -0.00364  -0.00364  -0.00364  -0.00362
       -0.00362  -0.00362  -0.00350  -0.00350  -0.00349  -0.00349  -0.00349  -0.00342  -0.00342
       -0.00342  -0.00342  -0.00342  -0.00342  -0.00340  -0.00340  -0.00340  -0.00335  -0.00335
       -0.00335  -0.00333  -0.00332  -0.00332  -0.00332  -0.00330  -0.00330  -0.00330  -0.00329
       -0.00329  -0.00329  -0.00325  -0.00325  -0.00323  -0.00322  -0.00322  -0.00322  -0.00317
       -0.00317  -0.00317  -0.00315  -0.00306  -0.00295  -0.00295  -0.00295  -0.00292  -0.00292
       -0.00290  -0.00290  -0.00290  -0.00290  -0.00289  -0.00289  -0.00289  -0.00287  -0.00287
       -0.00282  -0.00282  -0.00282  -0.00279  -0.00271  -0.00270  -0.00270  -0.00268  -0.00268
       -0.00268  -0.00266  -0.00266  -0.00266  -0.00264  -0.00264  -0.00264  -0.00264  -0.00264
       -0.00262  -0.00262  -0.00262  -0.00261  -0.00261  -0.00261  -0.00255  -0.00254  -0.00254
       -0.00254  -0.00252  -0.00252  -0.00252  -0.00251  -0.00250  -0.00250  -0.00246  -0.00246
       -0.00246  -0.00246  -0.00246  -0.00246  -0.00246  -0.00245  -0.00245  -0.00245  -0.00245
       -0.00244  -0.00238  -0.00237  -0.00237
        
     --------------------------------------------------------------------------------------------
     Tot. elapsed time 53.3s,  time spent in last iteration 09.1s
     --------------------------------------------------------------------------------------------
      
     --------------------------------------------------------------------------------------------
     SAVE written in 01.5s               
     In location : ./c.wstat.save
     --------------------------------------------------------------------------------------------
       
     --------------------------------------------------------------------------------------------
     Convergence achieved !!! in        2 steps                          
     --------------------------------------------------------------------------------------------
 
     Number of q in the star =    1
     List of q in the star:
          1   0.000000000   0.000000000   0.000000000
 imq =            1
 ichosen_sym(           1 ) =            1
 Index in this start is :            1
 Index in q_grid is :            1

     ================================================================
     PDEP calculation at q(00002) = (    0.5039   -0.5039    0.5039 )
     ----------------------------------------------------------------

                       *----------*              *----------*               *----------*
     #     Iteration = | starting |   DFPT_dim = |      400 |   Diago_dim = |      400 |  x 1/2
                       *----------*              *----------*               *----------*
     per-process dynamical memory    75.0 Mb
  
       
     --------------------------------------------------------------------------------------------
     Sternheimer eq. solver... with lite-solver                          
     --------------------------------------------------------------------------------------------
     in progress... |#                   | 005% :             < 00.1s (E)               01.6s (X)
     in progress... |##                  | 010% :               00.1s (E)               01.6s (X)
     in progress... |###                 | 015% :               00.2s (E)               01.6s (X)
     in progress... |####                | 020% :               00.3s (E)               01.6s (X)
     in progress... |#####               | 025% :               00.4s (E)               01.6s (X)
     in progress... |######              | 030% :               00.4s (E)               01.6s (X)
     in progress... |#######             | 035% :               00.5s (E)               01.6s (X)
     in progress... |########            | 040% :               00.6s (E)               01.6s (X)
     in progress... |#########           | 045% :               00.7s (E)               01.6s (X)
     in progress... |##########          | 050% :               00.8s (E)               01.6s (X)
     in progress... |###########         | 055% :               00.9s (E)               01.6s (X)
     in progress... |############        | 060% :               00.9s (E)               01.6s (X)
     in progress... |#############       | 065% :               01.0s (E)               01.6s (X)
     in progress... |##############      | 070% :               01.1s (E)               01.6s (X)
     in progress... |###############     | 075% :               01.2s (E)               01.6s (X)
     in progress... |################    | 080% :               01.3s (E)               01.6s (X)
     in progress... |#################   | 085% :               01.3s (E)               01.6s (X)
     in progress... |##################  | 090% :               01.4s (E)               01.6s (X)
     in progress... |################### | 095% :               01.5s (E)               01.6s (X)
     in progress... |####################| 100% :               01.6s (E)               01.6s (X)
     --------------------------------------------------------------------------------------------

     [I/O] -------------------------------------------------------
     [I/O] RESTART written in < 00.1s             
     [I/O] In location   : ./c.wstat.restart
     [I/O] -------------------------------------------------------

                       *----------*              *----------*               *----------*
     #     Iteration = | starting |   DFPT_dim = |      400 |   Diago_dim = |      400 |  x 2/2
                       *----------*              *----------*               *----------*
     per-process dynamical memory    78.9 Mb
  
       
     --------------------------------------------------------------------------------------------
     Sternheimer eq. solver... with threshold =   1.000000E-06           
     --------------------------------------------------------------------------------------------
     in progress... |#                   | 005% :               00.6s (E)               13.0s (X)
     in progress... |##                  | 010% :               01.2s (E)               12.5s (X)
     in progress... |###                 | 015% :               01.9s (E)               13.0s (X)
     in progress... |####                | 020% :               02.7s (E)               13.6s (X)
     in progress... |#####               | 025% :               03.5s (E)               14.0s (X)
     in progress... |######              | 030% :               04.1s (E)               13.9s (X)
     in progress... |#######             | 035% :               04.7s (E)               13.6s (X)
     in progress... |########            | 040% :               05.4s (E)               13.5s (X)
     in progress... |#########           | 045% :               06.0s (E)               13.3s (X)
     in progress... |##########          | 050% :               06.5s (E)               13.1s (X)
     in progress... |###########         | 055% :               07.2s (E)               13.1s (X)
     in progress... |############        | 060% :               07.8s (E)               13.1s (X)
     in progress... |#############       | 065% :               08.4s (E)               13.0s (X)
     in progress... |##############      | 070% :               09.0s (E)               12.9s (X)
     in progress... |###############     | 075% :               09.6s (E)               12.8s (X)
     in progress... |################    | 080% :               10.3s (E)               12.8s (X)
     in progress... |#################   | 085% :               10.9s (E)               12.8s (X)
     in progress... |##################  | 090% :               11.5s (E)               12.8s (X)
     in progress... |################### | 095% :               12.1s (E)               12.8s (X)
     in progress... |####################| 100% :               12.7s (E)               12.7s (X)
     --------------------------------------------------------------------------------------------
     p-DIAGOX done in 00.5s with a SCALAPACK grid (6x6)
     --------------------------------------------------------------------------------------------
        
       -2.62749  -1.53903  -1.37927  -0.72767  -0.72767  -0.66048  -0.66048  -0.44004  -0.39759
       -0.39758  -0.33971  -0.30681  -0.27788  -0.27787  -0.27338  -0.27336  -0.22001  -0.19511
       -0.19051  -0.19051  -0.18967  -0.16400  -0.16400  -0.15431  -0.14554  -0.14554  -0.10658
       -0.10658  -0.10518  -0.10518  -0.09877  -0.08327  -0.08326  -0.08254  -0.08231  -0.08231
       -0.07978  -0.07794  -0.07600  -0.06982  -0.06488  -0.06488  -0.06434  -0.05877  -0.05877
       -0.05090  -0.04826  -0.04825  -0.04624  -0.04623  -0.04326  -0.04096  -0.03919  -0.03918
       -0.03879  -0.03843  -0.03842  -0.03721  -0.03449  -0.03448  -0.03443  -0.03443  -0.03400
       -0.03370  -0.03314  -0.03313  -0.03070  -0.03069  -0.02972  -0.02907  -0.02832  -0.02640
       -0.02639  -0.02360  -0.02359  -0.02340  -0.02319  -0.02318  -0.02296  -0.02268  -0.02267
       -0.02262  -0.02164  -0.02111  -0.02108  -0.02053  -0.02049  -0.02046  -0.02027  -0.01979
       -0.01964  -0.01961  -0.01930  -0.01928  -0.01831  -0.01826  -0.01824  -0.01808  -0.01805
       -0.01756  -0.01639  -0.01609  -0.01606  -0.01571  -0.01569  -0.01558  -0.01483  -0.01481
       -0.01398  -0.01395  -0.01390  -0.01386  -0.01359  -0.01347  -0.01309  -0.01307  -0.01303
       -0.01300  -0.01274  -0.01233  -0.01207  -0.01205  -0.01171  -0.01168  -0.01159  -0.01154
       -0.01153  -0.01150  -0.01147  -0.01142  -0.01134  -0.01133  -0.01131  -0.01127  -0.01109
       -0.01106  -0.01104  -0.01084  -0.01064  -0.01035  -0.01034  -0.01027  -0.00999  -0.00989
       -0.00985  -0.00978  -0.00973  -0.00948  -0.00946  -0.00913  -0.00906  -0.00881  -0.00874
       -0.00861  -0.00855  -0.00841  -0.00837  -0.00834  -0.00832  -0.00827  -0.00820  -0.00815
       -0.00804  -0.00801  -0.00797  -0.00791  -0.00787  -0.00776  -0.00755  -0.00747  -0.00746
       -0.00741  -0.00732  -0.00729  -0.00724  -0.00721  -0.00718  -0.00714  -0.00711  -0.00706
       -0.00698  -0.00692  -0.00688  -0.00686  -0.00678  -0.00674  -0.00671  -0.00668  -0.00666
       -0.00665  -0.00660  -0.00656  -0.00650  -0.00646  -0.00641  -0.00637  -0.00631  -0.00627
       -0.00593  -0.00590  -0.00584  -0.00579  -0.00573  -0.00569  -0.00567  -0.00562  -0.00555
       -0.00553  -0.00549  -0.00541  -0.00531  -0.00523  -0.00519  -0.00514  -0.00510  -0.00509
       -0.00506  -0.00502  -0.00501  -0.00497  -0.00494  -0.00493  -0.00489  -0.00485  -0.00482
       -0.00477  -0.00476  -0.00471  -0.00469  -0.00467  -0.00466  -0.00462  -0.00460  -0.00457
       -0.00456  -0.00452  -0.00448  -0.00446  -0.00444  -0.00442  -0.00442  -0.00440  -0.00435
       -0.00433  -0.00430  -0.00429  -0.00428  -0.00424  -0.00422  -0.00420  -0.00419  -0.00416
       -0.00413  -0.00409  -0.00407  -0.00405  -0.00399  -0.00396  -0.00393  -0.00391  -0.00388
       -0.00386  -0.00384  -0.00381  -0.00379  -0.00376  -0.00374  -0.00370  -0.00369  -0.00364
       -0.00361  -0.00360  -0.00356  -0.00353  -0.00350  -0.00346  -0.00343  -0.00341  -0.00338
       -0.00336  -0.00332  -0.00330  -0.00330  -0.00328  -0.00326  -0.00324  -0.00322  -0.00321
       -0.00319  -0.00317  -0.00314  -0.00310  -0.00310  -0.00307  -0.00306  -0.00305  -0.00304
       -0.00302  -0.00300  -0.00298  -0.00295  -0.00293  -0.00292  -0.00291  -0.00289  -0.00288
       -0.00286  -0.00284  -0.00283  -0.00281  -0.00279  -0.00277  -0.00276  -0.00274  -0.00271
       -0.00269  -0.00267  -0.00265  -0.00264  -0.00263  -0.00261  -0.00259  -0.00257  -0.00254
       -0.00253  -0.00252  -0.00251  -0.00249  -0.00247  -0.00246  -0.00244  -0.00242  -0.00240
       -0.00239  -0.00237  -0.00236  -0.00234  -0.00234  -0.00233  -0.00230  -0.00228  -0.00228
       -0.00224  -0.00224  -0.00222  -0.00221  -0.00219  -0.00218  -0.00217  -0.00215  -0.00214
       -0.00212  -0.00211  -0.00210  -0.00209  -0.00208  -0.00206  -0.00204  -0.00203  -0.00202
       -0.00201  -0.00199  -0.00196  -0.00196  -0.00194  -0.00193  -0.00191  -0.00190  -0.00189
       -0.00188  -0.00186  -0.00186  -0.00184  -0.00183  -0.00181  -0.00180  -0.00179  -0.00178
       -0.00175  -0.00174  -0.00174  -0.00172  -0.00170  -0.00168  -0.00168  -0.00167  -0.00164
       -0.00164  -0.00161  -0.00159  -0.00158  -0.00157  -0.00157  -0.00155  -0.00152  -0.00150
       -0.00148  -0.00146  -0.00144  -0.00141
        
     --------------------------------------------------------------------------------------------
     Tot. elapsed time 01m-15.3s,  time spent in last iteration 18.7s
     --------------------------------------------------------------------------------------------

     [I/O] -------------------------------------------------------
     [I/O] RESTART written in < 00.1s             
     [I/O] In location   : ./c.wstat.restart
     [I/O] -------------------------------------------------------

                       *----------*              *----------*               *----------*
     #     Iteration = |        1 |   DFPT_dim = |      400 |   Diago_dim = |      800 |
                       *----------*              *----------*               *----------*
     per-process dynamical memory    94.8 Mb
  
       
     --------------------------------------------------------------------------------------------
     Sternheimer eq. solver... with threshold =   1.000000E-12           
     --------------------------------------------------------------------------------------------
     in progress... |#                   | 005% :               00.9s (E)               19.1s (X)
     in progress... |##                  | 010% :               01.8s (E)               18.9s (X)
     in progress... |###                 | 015% :               02.9s (E)               19.5s (X)
     in progress... |####                | 020% :               04.0s (E)               20.4s (X)
     in progress... |#####               | 025% :               05.1s (E)               20.4s (X)
     in progress... |######              | 030% :               06.0s (E)               20.2s (X)
     in progress... |#######             | 035% :               07.0s (E)               20.0s (X)
     in progress... |########            | 040% :               07.9s (E)               19.8s (X)
     in progress... |#########           | 045% :               08.8s (E)               19.5s (X)
     in progress... |##########          | 050% :               09.6s (E)               19.3s (X)
     in progress... |###########         | 055% :               10.6s (E)               19.3s (X)
     in progress... |############        | 060% :               11.5s (E)               19.2s (X)
     in progress... |#############       | 065% :               12.5s (E)               19.2s (X)
     in progress... |##############      | 070% :               13.3s (E)               19.1s (X)
     in progress... |###############     | 075% :               14.2s (E)               18.9s (X)
     in progress... |################    | 080% :               15.1s (E)               18.8s (X)
     in progress... |#################   | 085% :               15.9s (E)               18.7s (X)
     in progress... |##################  | 090% :               16.8s (E)               18.7s (X)
     in progress... |################### | 095% :               17.8s (E)               18.7s (X)
     in progress... |####################| 100% :               18.7s (E)               18.7s (X)
     --------------------------------------------------------------------------------------------
     p-DIAGOX done in 00.8s with a SCALAPACK grid (6x6)
     --------------------------------------------------------------------------------------------
        
       -2.62752  -1.53906  -1.37928  -0.72768  -0.72768  -0.66050  -0.66050  -0.44005  -0.39762
       -0.39762  -0.33971  -0.30681  -0.27789  -0.27789  -0.27346  -0.27346  -0.22006  -0.19512
       -0.19054  -0.19054  -0.18969  -0.16403  -0.16403  -0.15432  -0.14557  -0.14557  -0.10665
       -0.10665  -0.10521  -0.10521  -0.09880  -0.08331  -0.08331  -0.08256  -0.08235  -0.08235
       -0.07979  -0.07795  -0.07605  -0.06982  -0.06489  -0.06489  -0.06436  -0.05879  -0.05879
       -0.05092  -0.04833  -0.04833  -0.04628  -0.04628  -0.04332  -0.04099  -0.03923  -0.03923
       -0.03883  -0.03848  -0.03848  -0.03726  -0.03452  -0.03452  -0.03447  -0.03447  -0.03403
       -0.03372  -0.03316  -0.03316  -0.03075  -0.03075  -0.02975  -0.02911  -0.02838  -0.02646
       -0.02646  -0.02367  -0.02367  -0.02352  -0.02325  -0.02325  -0.02302  -0.02274  -0.02274
       -0.02270  -0.02171  -0.02119  -0.02119  -0.02059  -0.02057  -0.02057  -0.02034  -0.01987
       -0.01971  -0.01971  -0.01938  -0.01938  -0.01839  -0.01832  -0.01832  -0.01816  -0.01816
       -0.01763  -0.01646  -0.01620  -0.01620  -0.01579  -0.01579  -0.01570  -0.01496  -0.01491
       -0.01413  -0.01413  -0.01404  -0.01404  -0.01379  -0.01361  -0.01324  -0.01324  -0.01321
       -0.01321  -0.01298  -0.01249  -0.01218  -0.01218  -0.01189  -0.01189  -0.01180  -0.01171
       -0.01171  -0.01167  -0.01167  -0.01165  -0.01148  -0.01148  -0.01145  -0.01145  -0.01126
       -0.01122  -0.01122  -0.01103  -0.01083  -0.01053  -0.01053  -0.01043  -0.01017  -0.01006
       -0.01006  -0.00998  -0.00998  -0.00970  -0.00966  -0.00931  -0.00931  -0.00903  -0.00899
       -0.00879  -0.00879  -0.00861  -0.00860  -0.00860  -0.00860  -0.00856  -0.00840  -0.00838
       -0.00833  -0.00826  -0.00826  -0.00818  -0.00818  -0.00805  -0.00778  -0.00776  -0.00776
       -0.00765  -0.00759  -0.00759  -0.00752  -0.00750  -0.00750  -0.00742  -0.00742  -0.00742
       -0.00739  -0.00727  -0.00723  -0.00723  -0.00703  -0.00700  -0.00700  -0.00695  -0.00694
       -0.00694  -0.00693  -0.00693  -0.00680  -0.00680  -0.00678  -0.00674  -0.00670  -0.00670
       -0.00626  -0.00623  -0.00623  -0.00617  -0.00617  -0.00610  -0.00599  -0.00599  -0.00596
       -0.00596  -0.00586  -0.00584  -0.00560  -0.00552  -0.00552  -0.00550  -0.00550  -0.00549
       -0.00545  -0.00545  -0.00544  -0.00544  -0.00540  -0.00540  -0.00524  -0.00521  -0.00521
       -0.00515  -0.00515  -0.00515  -0.00508  -0.00504  -0.00504  -0.00504  -0.00503  -0.00501
       -0.00499  -0.00499  -0.00493  -0.00490  -0.00489  -0.00489  -0.00485  -0.00485  -0.00483
       -0.00483  -0.00482  -0.00481  -0.00474  -0.00474  -0.00469  -0.00466  -0.00465  -0.00465
       -0.00465  -0.00464  -0.00464  -0.00463  -0.00458  -0.00450  -0.00447  -0.00441  -0.00438
       -0.00438  -0.00435  -0.00427  -0.00427  -0.00425  -0.00424  -0.00422  -0.00416  -0.00415
       -0.00412  -0.00410  -0.00409  -0.00408  -0.00407  -0.00395  -0.00393  -0.00387  -0.00382
       -0.00380  -0.00380  -0.00377  -0.00377  -0.00377  -0.00376  -0.00375  -0.00373  -0.00373
       -0.00371  -0.00371  -0.00369  -0.00369  -0.00368  -0.00363  -0.00362  -0.00361  -0.00358
       -0.00358  -0.00352  -0.00352  -0.00351  -0.00350  -0.00348  -0.00346  -0.00345  -0.00343
       -0.00342  -0.00341  -0.00339  -0.00338  -0.00336  -0.00336  -0.00335  -0.00334  -0.00333
       -0.00332  -0.00331  -0.00328  -0.00327  -0.00326  -0.00325  -0.00324  -0.00323  -0.00322
       -0.00322  -0.00321  -0.00321  -0.00320  -0.00319  -0.00318  -0.00317  -0.00316  -0.00314
       -0.00313  -0.00310  -0.00307  -0.00305  -0.00301  -0.00300  -0.00299  -0.00297  -0.00297
       -0.00295  -0.00293  -0.00284  -0.00283  -0.00283  -0.00281  -0.00280  -0.00280  -0.00278
       -0.00276  -0.00276  -0.00275  -0.00273  -0.00272  -0.00270  -0.00269  -0.00268  -0.00267
       -0.00266  -0.00265  -0.00260  -0.00259  -0.00258  -0.00257  -0.00257  -0.00256  -0.00255
       -0.00254  -0.00254  -0.00253  -0.00253  -0.00252  -0.00252  -0.00250  -0.00250  -0.00248
       -0.00248  -0.00248  -0.00247  -0.00246  -0.00245  -0.00243  -0.00242  -0.00240  -0.00239
       -0.00239  -0.00238  -0.00237  -0.00236  -0.00236  -0.00235  -0.00235  -0.00234  -0.00233
       -0.00232  -0.00232  -0.00231  -0.00230
        
     --------------------------------------------------------------------------------------------
     Tot. elapsed time 01m-36.5s,  time spent in last iteration 20.2s
     --------------------------------------------------------------------------------------------

     [I/O] -------------------------------------------------------
     [I/O] RESTART written in < 00.1s             
     [I/O] In location   : ./c.wstat.restart
     [I/O] -------------------------------------------------------

                       *----------*              *----------*               *----------*
     #     Iteration = |        2 |   DFPT_dim = |      162 |   Diago_dim = |      962 |
                       *----------*              *----------*               *----------*
     per-process dynamical memory    94.8 Mb
  
       
     --------------------------------------------------------------------------------------------
     Sternheimer eq. solver... with threshold =   1.000000E-12           
     --------------------------------------------------------------------------------------------
     in progress... |#                   | 005% :               00.3s (E)               07.6s (X)
     in progress... |##                  | 010% :               00.7s (E)               07.4s (X)
     in progress... |###                 | 015% :               01.1s (E)               07.7s (X)
     in progress... |####                | 020% :               01.5s (E)               07.8s (X)
     in progress... |#####               | 025% :               01.9s (E)               07.8s (X)
     in progress... |######              | 030% :               02.3s (E)               07.8s (X)
     in progress... |#######             | 035% :               02.7s (E)               07.8s (X)
     in progress... |########            | 040% :               03.2s (E)               08.0s (X)
     in progress... |#########           | 045% :               03.5s (E)               07.9s (X)
     in progress... |##########          | 050% :               03.9s (E)               07.8s (X)
     in progress... |###########         | 055% :               04.2s (E)               07.8s (X)
     in progress... |############        | 060% :               04.6s (E)               07.7s (X)
     in progress... |#############       | 065% :               05.0s (E)               07.7s (X)
     in progress... |##############      | 070% :               05.3s (E)               07.6s (X)
     in progress... |###############     | 075% :               05.7s (E)               07.6s (X)
     in progress... |################    | 080% :               06.0s (E)               07.5s (X)
     in progress... |#################   | 085% :               06.4s (E)               07.5s (X)
     in progress... |##################  | 090% :               06.7s (E)               07.5s (X)
     in progress... |################### | 095% :               07.1s (E)               07.5s (X)
     in progress... |####################| 100% :               07.5s (E)               07.5s (X)
     --------------------------------------------------------------------------------------------
     p-DIAGOX done in 01.0s with a SCALAPACK grid (6x6)
     --------------------------------------------------------------------------------------------
        
       -2.62752  -1.53906  -1.37928  -0.72768  -0.72768  -0.66050  -0.66050  -0.44005  -0.39762
       -0.39762  -0.33971  -0.30681  -0.27789  -0.27789  -0.27346  -0.27346  -0.22006  -0.19512
       -0.19054  -0.19054  -0.18969  -0.16403  -0.16403  -0.15432  -0.14557  -0.14557  -0.10665
       -0.10665  -0.10521  -0.10521  -0.09880  -0.08331  -0.08331  -0.08256  -0.08235  -0.08235
       -0.07979  -0.07795  -0.07605  -0.06982  -0.06489  -0.06489  -0.06436  -0.05879  -0.05879
       -0.05092  -0.04833  -0.04833  -0.04628  -0.04628  -0.04332  -0.04099  -0.03923  -0.03923
       -0.03883  -0.03848  -0.03848  -0.03726  -0.03452  -0.03452  -0.03447  -0.03447  -0.03403
       -0.03372  -0.03316  -0.03316  -0.03075  -0.03075  -0.02975  -0.02911  -0.02838  -0.02646
       -0.02646  -0.02367  -0.02367  -0.02352  -0.02325  -0.02325  -0.02302  -0.02274  -0.02274
       -0.02270  -0.02171  -0.02119  -0.02119  -0.02059  -0.02057  -0.02057  -0.02034  -0.01987
       -0.01971  -0.01971  -0.01938  -0.01938  -0.01839  -0.01832  -0.01832  -0.01816  -0.01816
       -0.01763  -0.01646  -0.01620  -0.01620  -0.01579  -0.01579  -0.01570  -0.01497  -0.01491
       -0.01413  -0.01413  -0.01404  -0.01404  -0.01379  -0.01361  -0.01324  -0.01324  -0.01321
       -0.01321  -0.01298  -0.01249  -0.01218  -0.01218  -0.01189  -0.01189  -0.01180  -0.01171
       -0.01171  -0.01167  -0.01167  -0.01165  -0.01148  -0.01148  -0.01145  -0.01145  -0.01126
       -0.01122  -0.01122  -0.01103  -0.01083  -0.01053  -0.01053  -0.01043  -0.01017  -0.01006
       -0.01006  -0.00998  -0.00998  -0.00970  -0.00966  -0.00931  -0.00931  -0.00903  -0.00899
       -0.00880  -0.00880  -0.00861  -0.00861  -0.00860  -0.00860  -0.00856  -0.00840  -0.00838
       -0.00833  -0.00826  -0.00826  -0.00818  -0.00818  -0.00805  -0.00778  -0.00776  -0.00776
       -0.00765  -0.00759  -0.00759  -0.00752  -0.00750  -0.00750  -0.00742  -0.00742  -0.00742
       -0.00739  -0.00727  -0.00723  -0.00723  -0.00703  -0.00700  -0.00700  -0.00695  -0.00694
       -0.00694  -0.00693  -0.00693  -0.00680  -0.00680  -0.00678  -0.00674  -0.00670  -0.00670
       -0.00627  -0.00624  -0.00624  -0.00617  -0.00617  -0.00610  -0.00599  -0.00599  -0.00596
       -0.00596  -0.00587  -0.00585  -0.00561  -0.00553  -0.00553  -0.00551  -0.00551  -0.00550
       -0.00546  -0.00546  -0.00544  -0.00544  -0.00541  -0.00541  -0.00525  -0.00522  -0.00522
       -0.00516  -0.00516  -0.00516  -0.00509  -0.00505  -0.00505  -0.00504  -0.00504  -0.00502
       -0.00500  -0.00500  -0.00493  -0.00491  -0.00490  -0.00490  -0.00486  -0.00486  -0.00484
       -0.00484  -0.00483  -0.00482  -0.00475  -0.00475  -0.00469  -0.00466  -0.00466  -0.00466
       -0.00466  -0.00465  -0.00465  -0.00464  -0.00460  -0.00451  -0.00448  -0.00441  -0.00439
       -0.00439  -0.00437  -0.00428  -0.00428  -0.00426  -0.00426  -0.00423  -0.00417  -0.00417
       -0.00413  -0.00411  -0.00411  -0.00409  -0.00409  -0.00397  -0.00395  -0.00388  -0.00384
       -0.00382  -0.00382  -0.00379  -0.00379  -0.00379  -0.00379  -0.00377  -0.00377  -0.00376
       -0.00373  -0.00373  -0.00372  -0.00371  -0.00371  -0.00365  -0.00365  -0.00364  -0.00360
       -0.00360  -0.00355  -0.00355  -0.00354  -0.00353  -0.00350  -0.00349  -0.00349  -0.00346
       -0.00345  -0.00345  -0.00341  -0.00341  -0.00339  -0.00339  -0.00338  -0.00338  -0.00336
       -0.00336  -0.00336  -0.00332  -0.00331  -0.00329  -0.00329  -0.00328  -0.00326  -0.00326
       -0.00326  -0.00325  -0.00325  -0.00324  -0.00324  -0.00322  -0.00322  -0.00321  -0.00318
       -0.00318  -0.00314  -0.00311  -0.00311  -0.00305  -0.00305  -0.00305  -0.00302  -0.00302
       -0.00302  -0.00298  -0.00288  -0.00288  -0.00288  -0.00286  -0.00286  -0.00286  -0.00284
       -0.00283  -0.00280  -0.00280  -0.00279  -0.00279  -0.00275  -0.00274  -0.00274  -0.00274
       -0.00273  -0.00273  -0.00265  -0.00265  -0.00265  -0.00264  -0.00262  -0.00262  -0.00262
       -0.00262  -0.00260  -0.00260  -0.00260  -0.00260  -0.00259  -0.00259  -0.00258  -0.00258
       -0.00257  -0.00256  -0.00256  -0.00252  -0.00252  -0.00251  -0.00250  -0.00246  -0.00246
       -0.00246  -0.00246  -0.00245  -0.00245  -0.00245  -0.00244  -0.00244  -0.00243  -0.00243
       -0.00241  -0.00240  -0.00239  -0.00239
        
     --------------------------------------------------------------------------------------------
     Tot. elapsed time 01m-50.5s,  time spent in last iteration 09.1s
     --------------------------------------------------------------------------------------------
      
     --------------------------------------------------------------------------------------------
     SAVE written in 01.5s               
     In location : ./c.wstat.save
     --------------------------------------------------------------------------------------------
       
     --------------------------------------------------------------------------------------------
     Convergence achieved !!! in        2 steps                          
     --------------------------------------------------------------------------------------------
 
     Number of q in the star =    4
     List of q in the star:
          1   0.503883715  -0.503883715   0.503883715
          2  -0.503883715   0.503883715   0.503883715
          3  -0.503883715  -0.503883715  -0.503883715
          4   0.503883715   0.503883715  -0.503883715
 imq =            1
 ichosen_sym(           1 ) =            1
 ichosen_sym(           2 ) =            2
 ichosen_sym(           3 ) =            3
 ichosen_sym(           4 ) =            4
 Index in this start is :            1
 Index in q_grid is :            2
 Index in this start is :            2
 Index in q_grid is :            8
      
     --------------------------------------------------------------------------------------------
     SAVE written in 01.5s               
     In location : ./c.wstat.save
     --------------------------------------------------------------------------------------------
 Index in this start is :            3
 Index in q_grid is :            3
      
     --------------------------------------------------------------------------------------------
     SAVE written in 01.6s               
     In location : ./c.wstat.save
     --------------------------------------------------------------------------------------------
 Index in this start is :            4
 Index in q_grid is :            5
      
     --------------------------------------------------------------------------------------------
     SAVE written in 02.2s               
     In location : ./c.wstat.save
     --------------------------------------------------------------------------------------------

     ================================================================
     PDEP calculation at q(00003) = (    0.0000   -1.0078    0.0000 )
     ----------------------------------------------------------------

                       *----------*              *----------*               *----------*
     #     Iteration = | starting |   DFPT_dim = |      400 |   Diago_dim = |      400 |  x 1/2
                       *----------*              *----------*               *----------*
     per-process dynamical memory    94.8 Mb
  
       
     --------------------------------------------------------------------------------------------
     Sternheimer eq. solver... with lite-solver                          
     --------------------------------------------------------------------------------------------
     in progress... |#                   | 005% :             < 00.1s (E)               01.6s (X)
     in progress... |##                  | 010% :               00.1s (E)               01.6s (X)
     in progress... |###                 | 015% :               00.2s (E)               01.8s (X)
     in progress... |####                | 020% :               00.3s (E)               01.8s (X)
     in progress... |#####               | 025% :               00.4s (E)               01.7s (X)
     in progress... |######              | 030% :               00.5s (E)               01.8s (X)
     in progress... |#######             | 035% :               00.6s (E)               01.8s (X)
     in progress... |########            | 040% :               00.7s (E)               01.8s (X)
     in progress... |#########           | 045% :               00.8s (E)               01.8s (X)
     in progress... |##########          | 050% :               00.9s (E)               01.8s (X)
     in progress... |###########         | 055% :               00.9s (E)               01.7s (X)
     in progress... |############        | 060% :               01.0s (E)               01.7s (X)
     in progress... |#############       | 065% :               01.1s (E)               01.7s (X)
     in progress... |##############      | 070% :               01.2s (E)               01.7s (X)
     in progress... |###############     | 075% :               01.3s (E)               01.7s (X)
     in progress... |################    | 080% :               01.3s (E)               01.7s (X)
     in progress... |#################   | 085% :               01.4s (E)               01.7s (X)
     in progress... |##################  | 090% :               01.5s (E)               01.7s (X)
     in progress... |################### | 095% :               01.6s (E)               01.7s (X)
     in progress... |####################| 100% :               01.7s (E)               01.7s (X)
     --------------------------------------------------------------------------------------------

     [I/O] -------------------------------------------------------
     [I/O] RESTART written in < 00.1s             
     [I/O] In location   : ./c.wstat.restart
     [I/O] -------------------------------------------------------

                       *----------*              *----------*               *----------*
     #     Iteration = | starting |   DFPT_dim = |      400 |   Diago_dim = |      400 |  x 2/2
                       *----------*              *----------*               *----------*
     per-process dynamical memory    94.8 Mb
  
       
     --------------------------------------------------------------------------------------------
     Sternheimer eq. solver... with threshold =   1.000000E-06           
     --------------------------------------------------------------------------------------------
     in progress... |#                   | 005% :               00.6s (E)               12.5s (X)
     in progress... |##                  | 010% :               01.2s (E)               12.0s (X)
     in progress... |###                 | 015% :               01.8s (E)               12.3s (X)
     in progress... |####                | 020% :               02.4s (E)               12.4s (X)
     in progress... |#####               | 025% :               03.0s (E)               12.3s (X)
     in progress... |######              | 030% :               03.9s (E)               13.0s (X)
     in progress... |#######             | 035% :               04.5s (E)               12.9s (X)
     in progress... |########            | 040% :               05.1s (E)               12.9s (X)
     in progress... |#########           | 045% :               05.7s (E)               12.8s (X)
     in progress... |##########          | 050% :               06.3s (E)               12.7s (X)
     in progress... |###########         | 055% :               07.0s (E)               12.8s (X)
     in progress... |############        | 060% :               07.6s (E)               12.7s (X)
     in progress... |#############       | 065% :               08.3s (E)               12.7s (X)
     in progress... |##############      | 070% :               08.8s (E)               12.6s (X)
     in progress... |###############     | 075% :               09.4s (E)               12.5s (X)
     in progress... |################    | 080% :               10.0s (E)               12.5s (X)
     in progress... |#################   | 085% :               10.6s (E)               12.4s (X)
     in progress... |##################  | 090% :               11.2s (E)               12.4s (X)
     in progress... |################### | 095% :               11.8s (E)               12.5s (X)
     in progress... |####################| 100% :               12.4s (E)               12.4s (X)
     --------------------------------------------------------------------------------------------
     p-DIAGOX done in 00.5s with a SCALAPACK grid (6x6)
     --------------------------------------------------------------------------------------------
        
       -2.04258  -2.04257  -0.99580  -0.99579  -0.96832  -0.96831  -0.49267  -0.49266  -0.33959
       -0.33959  -0.32474  -0.32473  -0.27969  -0.27967  -0.27536  -0.27536  -0.19502  -0.19501
       -0.18716  -0.18716  -0.18396  -0.18396  -0.17076  -0.17076  -0.15126  -0.15126  -0.10609
       -0.10608  -0.10149  -0.10149  -0.09723  -0.09722  -0.09428  -0.09427  -0.07409  -0.07408
       -0.07287  -0.07287  -0.06960  -0.06960  -0.06583  -0.06583  -0.06231  -0.06230  -0.05041
       -0.05041  -0.05007  -0.05005  -0.04386  -0.04385  -0.04325  -0.04324  -0.03970  -0.03969
       -0.03830  -0.03829  -0.03804  -0.03803  -0.03723  -0.03722  -0.03654  -0.03653  -0.03569
       -0.03568  -0.03220  -0.03219  -0.03163  -0.03162  -0.02739  -0.02737  -0.02698  -0.02697
       -0.02655  -0.02654  -0.02498  -0.02496  -0.02391  -0.02389  -0.02255  -0.02254  -0.02047
       -0.02044  -0.02023  -0.02020  -0.01992  -0.01987  -0.01973  -0.01971  -0.01950  -0.01950
       -0.01907  -0.01906  -0.01904  -0.01903  -0.01866  -0.01865  -0.01862  -0.01860  -0.01740
       -0.01739  -0.01696  -0.01692  -0.01633  -0.01629  -0.01530  -0.01526  -0.01493  -0.01492
       -0.01480  -0.01478  -0.01432  -0.01430  -0.01344  -0.01342  -0.01341  -0.01338  -0.01310
       -0.01305  -0.01256  -0.01255  -0.01230  -0.01227  -0.01203  -0.01202  -0.01191  -0.01186
       -0.01182  -0.01180  -0.01176  -0.01173  -0.01132  -0.01127  -0.01123  -0.01121  -0.01104
       -0.01101  -0.01076  -0.01075  -0.01068  -0.01064  -0.01006  -0.01001  -0.00977  -0.00973
       -0.00969  -0.00965  -0.00927  -0.00923  -0.00923  -0.00915  -0.00911  -0.00910  -0.00862
       -0.00857  -0.00850  -0.00848  -0.00843  -0.00839  -0.00817  -0.00815  -0.00801  -0.00795
       -0.00793  -0.00785  -0.00778  -0.00774  -0.00747  -0.00743  -0.00739  -0.00739  -0.00736
       -0.00733  -0.00732  -0.00729  -0.00728  -0.00724  -0.00714  -0.00712  -0.00707  -0.00705
       -0.00703  -0.00700  -0.00696  -0.00693  -0.00687  -0.00681  -0.00672  -0.00668  -0.00661
       -0.00655  -0.00651  -0.00648  -0.00645  -0.00643  -0.00639  -0.00635  -0.00628  -0.00625
       -0.00620  -0.00615  -0.00593  -0.00585  -0.00583  -0.00577  -0.00572  -0.00566  -0.00553
       -0.00551  -0.00547  -0.00542  -0.00540  -0.00537  -0.00533  -0.00528  -0.00522  -0.00518
       -0.00515  -0.00513  -0.00507  -0.00507  -0.00502  -0.00498  -0.00493  -0.00491  -0.00488
       -0.00485  -0.00482  -0.00479  -0.00476  -0.00472  -0.00469  -0.00467  -0.00464  -0.00461
       -0.00456  -0.00454  -0.00451  -0.00450  -0.00446  -0.00445  -0.00443  -0.00441  -0.00438
       -0.00436  -0.00433  -0.00431  -0.00429  -0.00426  -0.00424  -0.00423  -0.00419  -0.00417
       -0.00414  -0.00413  -0.00410  -0.00407  -0.00406  -0.00400  -0.00399  -0.00396  -0.00391
       -0.00388  -0.00385  -0.00378  -0.00374  -0.00370  -0.00366  -0.00364  -0.00361  -0.00356
       -0.00354  -0.00351  -0.00349  -0.00346  -0.00344  -0.00339  -0.00338  -0.00336  -0.00335
       -0.00333  -0.00331  -0.00328  -0.00326  -0.00325  -0.00323  -0.00321  -0.00320  -0.00317
       -0.00316  -0.00315  -0.00311  -0.00310  -0.00309  -0.00307  -0.00305  -0.00304  -0.00302
       -0.00300  -0.00298  -0.00298  -0.00296  -0.00293  -0.00291  -0.00289  -0.00287  -0.00287
       -0.00285  -0.00284  -0.00282  -0.00280  -0.00278  -0.00277  -0.00275  -0.00273  -0.00272
       -0.00270  -0.00269  -0.00267  -0.00266  -0.00265  -0.00264  -0.00261  -0.00259  -0.00258
       -0.00257  -0.00256  -0.00254  -0.00252  -0.00251  -0.00250  -0.00247  -0.00245  -0.00243
       -0.00242  -0.00241  -0.00238  -0.00237  -0.00236  -0.00234  -0.00232  -0.00231  -0.00229
       -0.00228  -0.00227  -0.00226  -0.00223  -0.00222  -0.00220  -0.00220  -0.00218  -0.00217
       -0.00215  -0.00213  -0.00211  -0.00208  -0.00207  -0.00206  -0.00206  -0.00204  -0.00202
       -0.00201  -0.00200  -0.00199  -0.00197  -0.00196  -0.00194  -0.00193  -0.00192  -0.00191
       -0.00189  -0.00188  -0.00187  -0.00185  -0.00183  -0.00182  -0.00181  -0.00180  -0.00178
       -0.00176  -0.00175  -0.00174  -0.00173  -0.00171  -0.00170  -0.00169  -0.00167  -0.00165
       -0.00164  -0.00162  -0.00161  -0.00160  -0.00158  -0.00154  -0.00153  -0.00152  -0.00151
       -0.00150  -0.00147  -0.00143  -0.00142
        
     --------------------------------------------------------------------------------------------
     Tot. elapsed time 02m-12.5s,  time spent in last iteration 18.7s
     --------------------------------------------------------------------------------------------

     [I/O] -------------------------------------------------------
     [I/O] RESTART written in < 00.1s             
     [I/O] In location   : ./c.wstat.restart
     [I/O] -------------------------------------------------------

                       *----------*              *----------*               *----------*
     #     Iteration = |        1 |   DFPT_dim = |      400 |   Diago_dim = |      800 |
                       *----------*              *----------*               *----------*
     per-process dynamical memory    94.8 Mb
  
       
     --------------------------------------------------------------------------------------------
     Sternheimer eq. solver... with threshold =   1.000000E-12           
     --------------------------------------------------------------------------------------------
     in progress... |#                   | 005% :               00.9s (E)               18.5s (X)
     in progress... |##                  | 010% :               01.8s (E)               18.3s (X)
     in progress... |###                 | 015% :               02.7s (E)               18.6s (X)
     in progress... |####                | 020% :               03.7s (E)               18.9s (X)
     in progress... |#####               | 025% :               04.8s (E)               19.5s (X)
     in progress... |######              | 030% :               05.9s (E)               19.6s (X)
     in progress... |#######             | 035% :               06.8s (E)               19.6s (X)
     in progress... |########            | 040% :               07.8s (E)               19.6s (X)
     in progress... |#########           | 045% :               08.7s (E)               19.4s (X)
     in progress... |##########          | 050% :               09.6s (E)               19.3s (X)
     in progress... |###########         | 055% :               10.6s (E)               19.4s (X)
     in progress... |############        | 060% :               11.6s (E)               19.4s (X)
     in progress... |#############       | 065% :               12.5s (E)               19.3s (X)
     in progress... |##############      | 070% :               13.4s (E)               19.1s (X)
     in progress... |###############     | 075% :               14.2s (E)               19.0s (X)
     in progress... |################    | 080% :               15.1s (E)               18.9s (X)
     in progress... |#################   | 085% :               16.0s (E)               18.8s (X)
     in progress... |##################  | 090% :               16.9s (E)               18.8s (X)
     in progress... |################### | 095% :               17.9s (E)               18.8s (X)
     in progress... |####################| 100% :               18.8s (E)               18.8s (X)
     --------------------------------------------------------------------------------------------
     p-DIAGOX done in 00.9s with a SCALAPACK grid (6x6)
     --------------------------------------------------------------------------------------------
        
       -2.04261  -2.04261  -0.99581  -0.99581  -0.96833  -0.96833  -0.49267  -0.49267  -0.33960
       -0.33960  -0.32477  -0.32477  -0.27977  -0.27977  -0.27537  -0.27537  -0.19508  -0.19508
       -0.18717  -0.18717  -0.18397  -0.18397  -0.17078  -0.17078  -0.15128  -0.15128  -0.10614
       -0.10614  -0.10156  -0.10156  -0.09723  -0.09723  -0.09434  -0.09434  -0.07411  -0.07411
       -0.07290  -0.07290  -0.06961  -0.06961  -0.06584  -0.06584  -0.06233  -0.06233  -0.05043
       -0.05043  -0.05014  -0.05014  -0.04391  -0.04391  -0.04329  -0.04329  -0.03973  -0.03973
       -0.03833  -0.03833  -0.03807  -0.03807  -0.03726  -0.03726  -0.03656  -0.03656  -0.03572
       -0.03572  -0.03222  -0.03222  -0.03166  -0.03166  -0.02743  -0.02743  -0.02703  -0.02703
       -0.02660  -0.02660  -0.02508  -0.02508  -0.02398  -0.02398  -0.02262  -0.02262  -0.02056
       -0.02056  -0.02032  -0.02032  -0.01999  -0.01999  -0.01982  -0.01982  -0.01957  -0.01957
       -0.01912  -0.01912  -0.01912  -0.01912  -0.01874  -0.01874  -0.01870  -0.01870  -0.01748
       -0.01748  -0.01704  -0.01704  -0.01641  -0.01641  -0.01538  -0.01538  -0.01509  -0.01509
       -0.01490  -0.01490  -0.01441  -0.01441  -0.01357  -0.01357  -0.01355  -0.01355  -0.01323
       -0.01323  -0.01269  -0.01269  -0.01246  -0.01246  -0.01214  -0.01214  -0.01206  -0.01206
       -0.01202  -0.01202  -0.01193  -0.01193  -0.01143  -0.01143  -0.01140  -0.01140  -0.01117
       -0.01117  -0.01090  -0.01090  -0.01086  -0.01086  -0.01021  -0.01021  -0.00993  -0.00993
       -0.00991  -0.00991  -0.00944  -0.00944  -0.00942  -0.00942  -0.00936  -0.00936  -0.00886
       -0.00886  -0.00875  -0.00875  -0.00865  -0.00865  -0.00841  -0.00841  -0.00820  -0.00820
       -0.00818  -0.00818  -0.00806  -0.00806  -0.00767  -0.00767  -0.00767  -0.00767  -0.00764
       -0.00764  -0.00756  -0.00756  -0.00752  -0.00752  -0.00741  -0.00741  -0.00739  -0.00739
       -0.00735  -0.00735  -0.00730  -0.00730  -0.00727  -0.00726  -0.00707  -0.00707  -0.00691
       -0.00691  -0.00681  -0.00681  -0.00677  -0.00677  -0.00665  -0.00665  -0.00655  -0.00655
       -0.00653  -0.00653  -0.00624  -0.00624  -0.00619  -0.00619  -0.00596  -0.00596  -0.00586
       -0.00586  -0.00580  -0.00580  -0.00579  -0.00579  -0.00573  -0.00573  -0.00556  -0.00556
       -0.00554  -0.00554  -0.00547  -0.00547  -0.00544  -0.00544  -0.00534  -0.00534  -0.00532
       -0.00532  -0.00521  -0.00521  -0.00518  -0.00517  -0.00513  -0.00513  -0.00502  -0.00502
       -0.00498  -0.00498  -0.00493  -0.00492  -0.00488  -0.00488  -0.00486  -0.00486  -0.00480
       -0.00479  -0.00472  -0.00472  -0.00470  -0.00470  -0.00468  -0.00467  -0.00467  -0.00467
       -0.00466  -0.00466  -0.00461  -0.00461  -0.00457  -0.00456  -0.00453  -0.00453  -0.00446
       -0.00446  -0.00440  -0.00440  -0.00418  -0.00417  -0.00409  -0.00409  -0.00409  -0.00408
       -0.00408  -0.00407  -0.00400  -0.00400  -0.00388  -0.00388  -0.00387  -0.00387  -0.00383
       -0.00383  -0.00382  -0.00382  -0.00380  -0.00380  -0.00371  -0.00370  -0.00369  -0.00369
       -0.00366  -0.00365  -0.00359  -0.00358  -0.00356  -0.00355  -0.00352  -0.00352  -0.00351
       -0.00350  -0.00350  -0.00350  -0.00346  -0.00345  -0.00345  -0.00344  -0.00343  -0.00343
       -0.00342  -0.00342  -0.00341  -0.00340  -0.00336  -0.00335  -0.00334  -0.00334  -0.00333
       -0.00333  -0.00331  -0.00331  -0.00328  -0.00327  -0.00326  -0.00326  -0.00324  -0.00322
       -0.00322  -0.00321  -0.00321  -0.00320  -0.00317  -0.00316  -0.00315  -0.00314  -0.00314
       -0.00312  -0.00311  -0.00309  -0.00304  -0.00303  -0.00301  -0.00300  -0.00299  -0.00298
       -0.00295  -0.00294  -0.00292  -0.00291  -0.00289  -0.00287  -0.00286  -0.00285  -0.00284
       -0.00282  -0.00280  -0.00277  -0.00276  -0.00275  -0.00273  -0.00272  -0.00271  -0.00270
       -0.00269  -0.00268  -0.00264  -0.00264  -0.00263  -0.00261  -0.00259  -0.00258  -0.00258
       -0.00257  -0.00255  -0.00254  -0.00254  -0.00253  -0.00252  -0.00252  -0.00251  -0.00250
       -0.00249  -0.00248  -0.00246  -0.00246  -0.00245  -0.00244  -0.00243  -0.00242  -0.00241
       -0.00241  -0.00240  -0.00239  -0.00238  -0.00237  -0.00237  -0.00236  -0.00235  -0.00235
       -0.00234  -0.00233  -0.00231  -0.00231
        
     --------------------------------------------------------------------------------------------
     Tot. elapsed time 02m-33.9s,  time spent in last iteration 20.3s
     --------------------------------------------------------------------------------------------

     [I/O] -------------------------------------------------------
     [I/O] RESTART written in < 00.1s             
     [I/O] In location   : ./c.wstat.restart
     [I/O] -------------------------------------------------------

                       *----------*              *----------*               *----------*
     #     Iteration = |        2 |   DFPT_dim = |      154 |   Diago_dim = |      954 |
                       *----------*              *----------*               *----------*
     per-process dynamical memory    94.8 Mb
  
       
     --------------------------------------------------------------------------------------------
     Sternheimer eq. solver... with threshold =   1.000000E-12           
     --------------------------------------------------------------------------------------------
     in progress... |#                   | 005% :               00.3s (E)               06.8s (X)
     in progress... |##                  | 010% :               00.6s (E)               06.8s (X)
     in progress... |###                 | 015% :               01.0s (E)               07.0s (X)
     in progress... |####                | 020% :               01.4s (E)               07.1s (X)
     in progress... |#####               | 025% :               01.7s (E)               07.1s (X)
     in progress... |######              | 030% :               02.1s (E)               07.2s (X)
     in progress... |#######             | 035% :               02.5s (E)               07.2s (X)
     in progress... |########            | 040% :               02.9s (E)               07.4s (X)
     in progress... |#########           | 045% :               03.3s (E)               07.5s (X)
     in progress... |##########          | 050% :               03.7s (E)               07.4s (X)
     in progress... |###########         | 055% :               04.1s (E)               07.4s (X)
     in progress... |############        | 060% :               04.4s (E)               07.4s (X)
     in progress... |#############       | 065% :               04.8s (E)               07.4s (X)
     in progress... |##############      | 070% :               05.1s (E)               07.3s (X)
     in progress... |###############     | 075% :               05.4s (E)               07.2s (X)
     in progress... |################    | 080% :               05.7s (E)               07.2s (X)
     in progress... |#################   | 085% :               06.1s (E)               07.1s (X)
     in progress... |##################  | 090% :               06.4s (E)               07.1s (X)
     in progress... |################### | 095% :               06.8s (E)               07.1s (X)
     in progress... |####################| 100% :               07.1s (E)               07.1s (X)
     --------------------------------------------------------------------------------------------
     p-DIAGOX done in 01.0s with a SCALAPACK grid (6x6)
     --------------------------------------------------------------------------------------------
        
       -2.04261  -2.04261  -0.99581  -0.99581  -0.96833  -0.96833  -0.49267  -0.49267  -0.33960
       -0.33960  -0.32477  -0.32477  -0.27977  -0.27977  -0.27537  -0.27537  -0.19508  -0.19508
       -0.18717  -0.18717  -0.18397  -0.18397  -0.17078  -0.17078  -0.15128  -0.15128  -0.10614
       -0.10614  -0.10156  -0.10156  -0.09723  -0.09723  -0.09434  -0.09434  -0.07411  -0.07411
       -0.07290  -0.07290  -0.06961  -0.06961  -0.06584  -0.06584  -0.06233  -0.06233  -0.05043
       -0.05043  -0.05014  -0.05014  -0.04391  -0.04391  -0.04329  -0.04329  -0.03973  -0.03973
       -0.03833  -0.03833  -0.03807  -0.03807  -0.03726  -0.03726  -0.03656  -0.03656  -0.03572
       -0.03572  -0.03222  -0.03222  -0.03166  -0.03166  -0.02743  -0.02743  -0.02703  -0.02703
       -0.02660  -0.02660  -0.02508  -0.02508  -0.02398  -0.02398  -0.02262  -0.02262  -0.02056
       -0.02056  -0.02032  -0.02032  -0.01999  -0.01999  -0.01982  -0.01982  -0.01957  -0.01957
       -0.01912  -0.01912  -0.01912  -0.01912  -0.01874  -0.01874  -0.01870  -0.01870  -0.01748
       -0.01748  -0.01704  -0.01704  -0.01641  -0.01641  -0.01538  -0.01538  -0.01509  -0.01509
       -0.01490  -0.01490  -0.01441  -0.01441  -0.01357  -0.01357  -0.01355  -0.01355  -0.01323
       -0.01323  -0.01269  -0.01269  -0.01246  -0.01246  -0.01214  -0.01214  -0.01206  -0.01206
       -0.01202  -0.01202  -0.01193  -0.01193  -0.01143  -0.01143  -0.01140  -0.01140  -0.01117
       -0.01117  -0.01090  -0.01090  -0.01086  -0.01086  -0.01021  -0.01021  -0.00993  -0.00993
       -0.00991  -0.00991  -0.00944  -0.00944  -0.00942  -0.00942  -0.00936  -0.00936  -0.00886
       -0.00886  -0.00875  -0.00875  -0.00865  -0.00865  -0.00841  -0.00841  -0.00820  -0.00820
       -0.00818  -0.00818  -0.00807  -0.00807  -0.00767  -0.00767  -0.00767  -0.00767  -0.00765
       -0.00765  -0.00756  -0.00756  -0.00752  -0.00752  -0.00742  -0.00742  -0.00739  -0.00739
       -0.00735  -0.00735  -0.00730  -0.00730  -0.00727  -0.00727  -0.00707  -0.00707  -0.00691
       -0.00691  -0.00682  -0.00682  -0.00677  -0.00677  -0.00665  -0.00665  -0.00655  -0.00655
       -0.00653  -0.00653  -0.00624  -0.00624  -0.00619  -0.00619  -0.00596  -0.00596  -0.00586
       -0.00586  -0.00581  -0.00581  -0.00580  -0.00580  -0.00574  -0.00574  -0.00557  -0.00557
       -0.00554  -0.00554  -0.00547  -0.00547  -0.00544  -0.00544  -0.00535  -0.00535  -0.00533
       -0.00533  -0.00522  -0.00522  -0.00518  -0.00518  -0.00514  -0.00514  -0.00503  -0.00503
       -0.00499  -0.00499  -0.00493  -0.00493  -0.00489  -0.00489  -0.00487  -0.00487  -0.00480
       -0.00480  -0.00473  -0.00473  -0.00471  -0.00471  -0.00468  -0.00468  -0.00468  -0.00468
       -0.00467  -0.00467  -0.00462  -0.00462  -0.00458  -0.00458  -0.00454  -0.00454  -0.00447
       -0.00447  -0.00441  -0.00441  -0.00419  -0.00419  -0.00411  -0.00411  -0.00410  -0.00410
       -0.00409  -0.00409  -0.00402  -0.00402  -0.00390  -0.00390  -0.00389  -0.00389  -0.00385
       -0.00385  -0.00384  -0.00384  -0.00382  -0.00382  -0.00373  -0.00373  -0.00372  -0.00372
       -0.00368  -0.00368  -0.00361  -0.00361  -0.00359  -0.00359  -0.00354  -0.00354  -0.00353
       -0.00353  -0.00353  -0.00353  -0.00349  -0.00349  -0.00348  -0.00348  -0.00346  -0.00346
       -0.00345  -0.00345  -0.00344  -0.00344  -0.00338  -0.00338  -0.00338  -0.00338  -0.00337
       -0.00337  -0.00335  -0.00335  -0.00331  -0.00331  -0.00329  -0.00329  -0.00327  -0.00327
       -0.00325  -0.00325  -0.00325  -0.00325  -0.00319  -0.00319  -0.00319  -0.00319  -0.00319
       -0.00319  -0.00314  -0.00314  -0.00308  -0.00308  -0.00305  -0.00305  -0.00303  -0.00303
       -0.00299  -0.00299  -0.00296  -0.00296  -0.00294  -0.00293  -0.00290  -0.00290  -0.00288
       -0.00288  -0.00285  -0.00284  -0.00280  -0.00280  -0.00277  -0.00277  -0.00277  -0.00277
       -0.00276  -0.00276  -0.00270  -0.00270  -0.00268  -0.00268  -0.00265  -0.00265  -0.00265
       -0.00265  -0.00262  -0.00262  -0.00260  -0.00260  -0.00260  -0.00260  -0.00259  -0.00259
       -0.00257  -0.00257  -0.00253  -0.00253  -0.00252  -0.00252  -0.00250  -0.00249  -0.00248
       -0.00248  -0.00247  -0.00246  -0.00246  -0.00246  -0.00245  -0.00245  -0.00245  -0.00245
       -0.00244  -0.00244  -0.00238  -0.00238
        
     --------------------------------------------------------------------------------------------
     Tot. elapsed time 02m-48.3s,  time spent in last iteration 08.7s
     --------------------------------------------------------------------------------------------
      
     --------------------------------------------------------------------------------------------
     SAVE written in 03.6s               
     In location : ./c.wstat.save
     --------------------------------------------------------------------------------------------
       
     --------------------------------------------------------------------------------------------
     Convergence achieved !!! in        2 steps                          
     --------------------------------------------------------------------------------------------
 
     Number of q in the star =    3
     List of q in the star:
          1   0.000000000  -1.007767429   0.000000000
          2  -1.007767429   0.000000000   0.000000000
          3   0.000000000  -0.000000000  -1.007767429
 imq =            1
 ichosen_sym(           1 ) =            1
 ichosen_sym(           2 ) =            5
 ichosen_sym(           3 ) =            9
 Index in this start is :            1
 Index in q_grid is :            4
 Index in this start is :            2
 Index in q_grid is :            6
      
     --------------------------------------------------------------------------------------------
     SAVE written in 02.7s               
     In location : ./c.wstat.save
     --------------------------------------------------------------------------------------------
 Index in this start is :            3
 Index in q_grid is :            7
      
     --------------------------------------------------------------------------------------------
     SAVE written in 02.7s               
     In location : ./c.wstat.save
     --------------------------------------------------------------------------------------------
     WSTAT        :  2m10.46s CPU     3m 7.89s WALL

     wstat_readin :      0.27s CPU      0.31s WALL (       1 calls)
     fetch_input  :      0.00s CPU      0.00s WALL (       2 calls)
     read_xml     :      0.21s CPU      0.21s WALL (       1 calls)
     init_vloc    :      0.00s CPU      0.00s WALL (       2 calls)
     fft          :      0.01s CPU      0.01s WALL (       4 calls)
     fft_scatter  :     42.78s CPU     46.09s WALL ( 1831378 calls)
     v_of_rho     :      0.00s CPU      0.00s WALL (       1 calls)
     v_xc         :      0.00s CPU      0.00s WALL (       1 calls)
     v_h          :      0.00s CPU      0.00s WALL (       1 calls)
     read_wave    :      0.07s CPU      0.09s WALL (       1 calls)
     davcio       :      0.01s CPU      0.02s WALL (     201 calls)
     init_us_1    :      0.00s CPU      0.00s WALL (       2 calls)
     do_setup     :      0.00s CPU      0.01s WALL (       1 calls)
     init_pw_ar   :      0.00s CPU      0.00s WALL (       1 calls)
     init_at_1    :      0.00s CPU      0.00s WALL (       1 calls)
     chidiago     :    126.88s CPU    173.95s WALL (       3 calls)
     sqvc_init    :      0.00s CPU      0.00s WALL (       3 calls)
     randomize    :      0.12s CPU      0.12s WALL (       3 calls)
     paramgs      :      0.39s CPU      0.40s WALL (      12 calls)
     dfpt         :    113.80s CPU    121.59s WALL (      12 calls)
     init_us_2    :      0.00s CPU      0.00s WALL (      96 calls)
     fftw         :     84.53s CPU     90.49s WALL ( 1831374 calls)
     alphapc      :      0.43s CPU      0.47s WALL (   16296 calls)
     wstat_restar :      1.40s CPU     28.42s WALL (       9 calls)
     linstern     :     96.99s CPU    103.72s WALL (   11496 calls)
     stern        :     90.72s CPU     96.94s WALL (  205971 calls)
     h_psi_bgrp   :     86.23s CPU     92.21s WALL (  205971 calls)
     h_psi        :     85.87s CPU     91.82s WALL (  205971 calls)
     h_psi:pot    :     85.36s CPU     91.28s WALL (  205971 calls)
     vloc_psi     :     77.89s CPU     83.30s WALL (  205971 calls)
     h_psi:calbec :      4.77s CPU      5.10s WALL (  205971 calls)
     calbec       :      4.28s CPU      4.65s WALL (  205971 calls)
     add_vuspsi   :      1.77s CPU      1.93s WALL (  205971 calls)
     alphapv      :      3.55s CPU      3.87s WALL (  205971 calls)
     build_hr     :      0.23s CPU      0.24s WALL (       9 calls)
     diagox       :      7.12s CPU      7.41s WALL (       9 calls)
     redistr_vr   :      1.28s CPU      1.42s WALL (       6 calls)
     update_vr    :      0.17s CPU      0.18s WALL (       6 calls)
     symm_hr      :      1.22s CPU      1.35s WALL (       6 calls)
     chidiago:las :      0.00s CPU      0.00s WALL (       3 calls)
     refresh_vr   :      0.07s CPU      0.07s WALL (       3 calls)
     pdep_db      :      0.97s CPU     17.71s WALL (       8 calls)
     gather_grid  :      0.11s CPU      0.11s WALL (    1000 calls)
     scatter_grid :      0.11s CPU      0.11s WALL (    1000 calls)
 
     WSTAT        :  2m10.49s CPU     3m 7.97s WALL

 
   This run was terminated on:  11: 0:28   8Dec2020            

=------------------------------------------------------------------------------=
   JOB DONE.
=------------------------------------------------------------------------------=
