
     Program WELPH v. 3.1.1 starts on  1Feb2021 at  0:54: 1 

     This program is part of the open-source West suite
     for massively parallel calculations of excited states in materials; please cite
         "M. Govoni et al., J. Chem. Theory Comput. 11, 2680 (2015);
          URL http://www.west-code.org", 
     in publications or presentations arising from this work.

     Based on the Quantum ESPRESSO v. 6.1 svn rev. 13369

     I/O is Little Endian
       
     --------------------------------------------------------------------------------------------
     **MPI** Parallelization Status                                      
     --------------------------------------------------------------------------------------------
                   160                   2             1             1            80
     --------------------------------------------------------------------------------------------
                     N         =         I      X      P      X      B      X      Z
                     ^                   ^             ^             ^             ^
                     |                   |             |             |             |
                   #rnk                  |             |             |             |
                                      #image           |             |             |
                                                     #pool           |             |
                                                                   #bgrp           |
                                                                                 #R&G
     --------------------------------------------------------------------------------------------
     **OPENMP** Parallelization Status
     #thr/rnk               =            1
     --------------------------------------------------------------------------------------------
     #prc = (rnk) * (thr) =          160
     --------------------------------------------------------------------------------------------
       
     --------------------------------------------------------------------------------------------
     I/O Summary : input_west                                            
     --------------------------------------------------------------------------------------------
     qe_prefix      = c
     west_prefix    = c
     outdir         = ./
     --------------------------------------------------------------------------------------------

     Reading data from directory:
     ./c.save

   Info: using nr1, nr2, nr3 values from input

   Info: using nr1, nr2, nr3 values from input

     IMPORTANT: XC functional enforced from input :
     Exchange-correlation      = PZ ( 1  1  0  0 0 0)
     Any further DFT definition will be discarded
     Please, verify this is what you really want

               file C.pz-mt.fhi.UPF: wavefunction(s)  3d renormalized
 
     Parallelization info
     --------------------
     sticks:   dense  smooth     PW     G-vecs:    dense   smooth      PW
     Min           4       4      1                   56       56       9
     Max           5       5      2                   60       60      14
     Sum         367     367    121                 4645     4645     941
 
       
     --------------------------------------------------------------------------------------------
     I/O Summary : wstat_control                                         
     --------------------------------------------------------------------------------------------
     wstat_calculation              =              S
     n_pdep_eigen                   =            200
     n_pdep_times                   =              4
     n_pdep_maxiter                 =            100
     n_dfpt_maxiter                 =            250
     n_pdep_read_from_file          =              0
     trev_pdep                      =   1.000000E-03
     trev_pdep_rel                  =   1.000000E-01
     tr2_dfpt                       =   1.000000E-12
     l_kinetic_only                 =              F
     l_minimize_exx_if_active       =              F
     l_use_ecutrho                  =              F
     l_use_symm                     =              T
     nq(1)                          =              8
     nq(2)                          =              8
     nq(3)                          =              8
     --------------------------------------------------------------------------------------------
       
     --------------------------------------------------------------------------------------------
     I/O Summary : wfreq_control                                         
     --------------------------------------------------------------------------------------------
     wfreq_calculation                        =           XWGQ
     n_pdep_eigen_to_use                      =            200
     qp_bandrange(1)                          =              1
     qp_bandrange(2)                          =              2
     macropol_calculation                     =              C
     n_lanczos                                =             30
     n_imfreq                                 =            128
     n_refreq                                 =            272
     ecut_imfreq [Ry]                         =     240.000000
     ecut_refreq [Ry]                         =       2.000000
     wfreq_eta [Ry]                           =       0.003675
     n_secant_maxiter                         =             21
     trev_secant [Ry]                         =       0.003675
     l_enable_lanczos                         =              T
     l_enable_gwetot                          =              F
     o_restart_time [min]                     =       0.000000
     ecut_spectralf(1) [Ry]                   =      -2.000000
     ecut_spectralf(2) [Ry]                   =       2.000000
     n_spectralf                              =             10
     l_read_common_pdep                       =              F
     l_enable_gb_curvature                    =              T
     --------------------------------------------------------------------------------------------
       
     --------------------------------------------------------------------------------------------
     I/O Summary : welph_control                                         
     --------------------------------------------------------------------------------------------
     welph_calculation                        =              S
     welph_n_pdep_eigen_to_use                =            200
     asr                                      =              1
     welph_band_range(1)                      =              1
     welph_band_range(2)                      =              8
     do_scr                                   =              T
     do_fxc                                   =              T
     welph_read_common_pdep                   =              T
     loto                                     =              F
     lsym                                     =              F
     l_adiabatic                              =              T
     l_enabel_gw                              =              F
     q_direction(1)                           =       1.000000
     q_direction(2)                           =       0.000000
     q_direction(3)                           =       0.000000
     welph_eta                                =       0.100000
     temperature                              =       0.000000
     --------------------------------------------------------------------------------------------
       
     --------------------------------------------------------------------------------------------
     System Overview                                                     
     --------------------------------------------------------------------------------------------
     gamma_only           =              F
     ecutwfc [Ry]         =      60.000000
     ecutrho [Ry]         =     240.000000
     omega [au^3]         =   7.349575E+01
     nbnd                 =              8
     nkstot               =            512
     nspin                =              1
     nelec                =       8.000000
     npol                 =              1
     lsda                 =              F
     noncolin             =              F
     lspinorb             =              F
     domag                =              F
     --------------------------------------------------------------------------------------------

     3DFFT grid
        s : (  24,  24,  24)
        p : (  24,  24,  24)

     Direct Lattice Cell [a.u.]
        a1 = (    -3.3246357     0.0000000     3.3246357)
        a2 = (     0.0000000     3.3246357     3.3246357)
        a3 = (    -3.3246357     3.3246357     0.0000000)

     Reciprocal Lattice Cell [a.u.]
        b1 = (    -0.9449434    -0.9449434     0.9449434)
        b2 = (     0.9449434     0.9449434     0.9449434)
        b3 = (    -0.9449434     0.9449434    -0.9449434)
      

     Brillouin Zone sampling [cryst. coord.]
 
        k(000001) = (     0.0000000     0.0000000     0.0000000)
        k(000002) = (     0.0000000     0.0000000     0.1250000)
        k(000003) = (     0.0000000     0.0000000     0.2500000)
        k(000004) = (     0.0000000     0.0000000     0.3750000)
        k(000005) = (     0.0000000     0.0000000    -0.5000000)
        k(000006) = (     0.0000000     0.0000000    -0.3750000)
        k(000007) = (     0.0000000     0.0000000    -0.2500000)
        k(000008) = (     0.0000000     0.0000000    -0.1250000)
        k(000009) = (     0.0000000     0.1250000     0.0000000)
        k(000010) = (     0.0000000     0.1250000     0.1250000)
        k(000011) = (     0.0000000     0.1250000     0.2500000)
        k(000012) = (     0.0000000     0.1250000     0.3750000)
        k(000013) = (     0.0000000     0.1250000    -0.5000000)
        k(000014) = (     0.0000000     0.1250000    -0.3750000)
        k(000015) = (     0.0000000     0.1250000    -0.2500000)
        k(000016) = (     0.0000000     0.1250000    -0.1250000)
        k(000017) = (     0.0000000     0.2500000     0.0000000)
        k(000018) = (     0.0000000     0.2500000     0.1250000)
        k(000019) = (     0.0000000     0.2500000     0.2500000)
        k(000020) = (     0.0000000     0.2500000     0.3750000)
        k(000021) = (     0.0000000     0.2500000    -0.5000000)
        k(000022) = (     0.0000000     0.2500000    -0.3750000)
        k(000023) = (     0.0000000     0.2500000    -0.2500000)
        k(000024) = (     0.0000000     0.2500000    -0.1250000)
        k(000025) = (     0.0000000     0.3750000     0.0000000)
        k(000026) = (     0.0000000     0.3750000     0.1250000)
        k(000027) = (     0.0000000     0.3750000     0.2500000)
        k(000028) = (     0.0000000     0.3750000     0.3750000)
        k(000029) = (     0.0000000     0.3750000    -0.5000000)
        k(000030) = (     0.0000000     0.3750000    -0.3750000)
        k(000031) = (     0.0000000     0.3750000    -0.2500000)
        k(000032) = (     0.0000000     0.3750000    -0.1250000)
        k(000033) = (     0.0000000    -0.5000000     0.0000000)
        k(000034) = (     0.0000000    -0.5000000     0.1250000)
        k(000035) = (     0.0000000    -0.5000000     0.2500000)
        k(000036) = (     0.0000000    -0.5000000     0.3750000)
        k(000037) = (     0.0000000    -0.5000000    -0.5000000)
        k(000038) = (     0.0000000    -0.5000000    -0.3750000)
        k(000039) = (     0.0000000    -0.5000000    -0.2500000)
        k(000040) = (     0.0000000    -0.5000000    -0.1250000)
        k(000041) = (     0.0000000    -0.3750000     0.0000000)
        k(000042) = (     0.0000000    -0.3750000     0.1250000)
        k(000043) = (     0.0000000    -0.3750000     0.2500000)
        k(000044) = (     0.0000000    -0.3750000     0.3750000)
        k(000045) = (     0.0000000    -0.3750000    -0.5000000)
        k(000046) = (     0.0000000    -0.3750000    -0.3750000)
        k(000047) = (     0.0000000    -0.3750000    -0.2500000)
        k(000048) = (     0.0000000    -0.3750000    -0.1250000)
        k(000049) = (     0.0000000    -0.2500000     0.0000000)
        k(000050) = (     0.0000000    -0.2500000     0.1250000)
        Printing only first 50 k points...
 
        q(000001) = (     0.0000000     0.0000000     0.0000000)
        q(000002) = (     0.0000000     0.0000000     0.1250000)
        q(000003) = (     0.0000000     0.0000000     0.2500000)
        q(000004) = (     0.0000000     0.0000000     0.3750000)
        q(000005) = (     0.0000000     0.0000000    -0.5000000)
        q(000006) = (     0.0000000     0.0000000    -0.3750000)
        q(000007) = (     0.0000000     0.0000000    -0.2500000)
        q(000008) = (     0.0000000     0.0000000    -0.1250000)
        q(000009) = (     0.0000000     0.1250000     0.0000000)
        q(000010) = (     0.0000000     0.1250000     0.1250000)
        q(000011) = (     0.0000000     0.1250000     0.2500000)
        q(000012) = (     0.0000000     0.1250000     0.3750000)
        q(000013) = (     0.0000000     0.1250000    -0.5000000)
        q(000014) = (     0.0000000     0.1250000    -0.3750000)
        q(000015) = (     0.0000000     0.1250000    -0.2500000)
        q(000016) = (     0.0000000     0.1250000    -0.1250000)
        q(000017) = (     0.0000000     0.2500000     0.0000000)
        q(000018) = (     0.0000000     0.2500000     0.1250000)
        q(000019) = (     0.0000000     0.2500000     0.2500000)
        q(000020) = (     0.0000000     0.2500000     0.3750000)
        q(000021) = (     0.0000000     0.2500000    -0.5000000)
        q(000022) = (     0.0000000     0.2500000    -0.3750000)
        q(000023) = (     0.0000000     0.2500000    -0.2500000)
        q(000024) = (     0.0000000     0.2500000    -0.1250000)
        q(000025) = (     0.0000000     0.3750000     0.0000000)
        q(000026) = (     0.0000000     0.3750000     0.1250000)
        q(000027) = (     0.0000000     0.3750000     0.2500000)
        q(000028) = (     0.0000000     0.3750000     0.3750000)
        q(000029) = (     0.0000000     0.3750000    -0.5000000)
        q(000030) = (     0.0000000     0.3750000    -0.3750000)
        q(000031) = (     0.0000000     0.3750000    -0.2500000)
        q(000032) = (     0.0000000     0.3750000    -0.1250000)
        q(000033) = (     0.0000000    -0.5000000     0.0000000)
        q(000034) = (     0.0000000    -0.5000000     0.1250000)
        q(000035) = (     0.0000000    -0.5000000     0.2500000)
        q(000036) = (     0.0000000    -0.5000000     0.3750000)
        q(000037) = (     0.0000000    -0.5000000    -0.5000000)
        q(000038) = (     0.0000000    -0.5000000    -0.3750000)
        q(000039) = (     0.0000000    -0.5000000    -0.2500000)
        q(000040) = (     0.0000000    -0.5000000    -0.1250000)
        q(000041) = (     0.0000000    -0.3750000     0.0000000)
        q(000042) = (     0.0000000    -0.3750000     0.1250000)
        q(000043) = (     0.0000000    -0.3750000     0.2500000)
        q(000044) = (     0.0000000    -0.3750000     0.3750000)
        q(000045) = (     0.0000000    -0.3750000    -0.5000000)
        q(000046) = (     0.0000000    -0.3750000    -0.3750000)
        q(000047) = (     0.0000000    -0.3750000    -0.2500000)
        q(000048) = (     0.0000000    -0.3750000    -0.1250000)
        q(000049) = (     0.0000000    -0.2500000     0.0000000)
        q(000050) = (     0.0000000    -0.2500000     0.1250000)
        Printing only first 50 q points...
       
     --------------------------------------------------------------------------------------------
     Parallelization for npdep                                           
     --------------------------------------------------------------------------------------------
     nglob                =            200
     nlevel               =              2
     Min nglob/nlevel     =            100
     Max nglob/nlevel     =            100
     --------------------------------------------------------------------------------------------
       
     --------------------------------------------------------------------------------------------
     Parallelization for npdep+macro                                     
     --------------------------------------------------------------------------------------------
     nglob                =            203
     nlevel               =              2
     Min nglob/nlevel     =            101
     Max nglob/nlevel     =            102
     --------------------------------------------------------------------------------------------
     ===========================================================================
          nsym   =   24
          nrot   =   48
          nq_ibz =   29
          Q-point IBZ [ cart  coord ]
          xq(00000001) = (  0.000000  0.000000  0.000000) wq =   0.001953
          xq(00000002) = ( -0.125000  0.125000 -0.125000) wq =   0.015625
          xq(00000003) = ( -0.250000  0.250000 -0.250000) wq =   0.015625
          xq(00000004) = ( -0.375000  0.375000 -0.375000) wq =   0.015625
          xq(00000005) = (  0.500000 -0.500000  0.500000) wq =   0.007812
          xq(00000006) = (  0.000000  0.250000  0.000000) wq =   0.011719
          xq(00000007) = ( -0.125000  0.375000 -0.125000) wq =   0.046875
          xq(00000008) = ( -0.250000  0.500000 -0.250000) wq =   0.046875
          xq(00000009) = (  0.625000 -0.375000  0.625000) wq =   0.046875
          xq(00000010) = (  0.500000 -0.250000  0.500000) wq =   0.046875
          xq(00000011) = (  0.375000 -0.125000  0.375000) wq =   0.046875
          xq(00000012) = (  0.250000  0.000000  0.250000) wq =   0.023438
          xq(00000013) = (  0.000000  0.500000  0.000000) wq =   0.011719
          xq(00000014) = ( -0.125000  0.625000 -0.125000) wq =   0.046875
          xq(00000015) = (  0.750000 -0.250000  0.750000) wq =   0.046875
          xq(00000016) = (  0.625000 -0.125000  0.625000) wq =   0.046875
          xq(00000017) = (  0.500000  0.000000  0.500000) wq =   0.023438
          xq(00000018) = (  0.000000  0.750000  0.000000) wq =   0.011719
          xq(00000019) = (  0.875000 -0.125000  0.875000) wq =   0.046875
          xq(00000020) = (  0.750000  0.000000  0.750000) wq =   0.023438
          xq(00000021) = (  0.000000 -1.000000  0.000000) wq =   0.005859
          xq(00000022) = ( -0.250000  0.500000  0.000000) wq =   0.046875
          xq(00000023) = (  0.625000 -0.375000  0.875000) wq =   0.093750
          xq(00000024) = (  0.500000 -0.250000  0.750000) wq =   0.046875
          xq(00000025) = (  0.750000 -0.250000  1.000000) wq =   0.046875
          xq(00000026) = (  0.625000 -0.125000  0.875000) wq =   0.093750
          xq(00000027) = (  0.500000  0.000000  0.750000) wq =   0.046875
          xq(00000028) = ( -0.250000 -1.000000  0.000000) wq =   0.023438
          xq(00000029) = ( -0.500000 -1.000000  0.000000) wq =   0.011719
          Q-point IBZ [ cryst coord ]
          xq(00000001) = (  0.000000  0.000000  0.000000) wq =   0.001953
          xq(00000002) = (  0.000000  0.000000  0.125000) wq =   0.015625
          xq(00000003) = (  0.000000  0.000000  0.250000) wq =   0.015625
          xq(00000004) = (  0.000000  0.000000  0.375000) wq =   0.015625
          xq(00000005) = (  0.000000  0.000000 -0.500000) wq =   0.007812
          xq(00000006) = (  0.000000  0.125000  0.125000) wq =   0.011719
          xq(00000007) = (  0.000000  0.125000  0.250000) wq =   0.046875
          xq(00000008) = (  0.000000  0.125000  0.375000) wq =   0.046875
          xq(00000009) = (  0.000000  0.125000 -0.500000) wq =   0.046875
          xq(00000010) = (  0.000000  0.125000 -0.375000) wq =   0.046875
          xq(00000011) = (  0.000000  0.125000 -0.250000) wq =   0.046875
          xq(00000012) = (  0.000000  0.125000 -0.125000) wq =   0.023438
          xq(00000013) = (  0.000000  0.250000  0.250000) wq =   0.011719
          xq(00000014) = (  0.000000  0.250000  0.375000) wq =   0.046875
          xq(00000015) = (  0.000000  0.250000 -0.500000) wq =   0.046875
          xq(00000016) = (  0.000000  0.250000 -0.375000) wq =   0.046875
          xq(00000017) = (  0.000000  0.250000 -0.250000) wq =   0.023438
          xq(00000018) = (  0.000000  0.375000  0.375000) wq =   0.011719
          xq(00000019) = (  0.000000  0.375000 -0.500000) wq =   0.046875
          xq(00000020) = (  0.000000  0.375000 -0.375000) wq =   0.023438
          xq(00000021) = (  0.000000 -0.500000 -0.500000) wq =   0.005859
          xq(00000022) = (  0.125000  0.250000  0.375000) wq =   0.046875
          xq(00000023) = (  0.125000  0.250000 -0.500000) wq =   0.093750
          xq(00000024) = (  0.125000  0.250000 -0.375000) wq =   0.046875
          xq(00000025) = (  0.125000  0.375000 -0.500000) wq =   0.046875
          xq(00000026) = (  0.125000  0.375000 -0.375000) wq =   0.093750
          xq(00000027) = (  0.125000  0.375000 -0.250000) wq =   0.046875
          xq(00000028) = (  0.125000 -0.500000 -0.375000) wq =   0.023438
          xq(00000029) = (  0.250000 -0.500000 -0.250000) wq =   0.011719
     ===========================================================================
     -------------------------------
     | Electron-Phonon Self-energy |
     -------------------------------
     ===========================================================================
          nsym   =   24
          nrot   =   48
          nk_ibz =   29
          Q-point IBZ [ cart  coord ]
          xk(00000001) = (  0.000000  0.000000  0.000000) wk =   0.001953
          xk(00000002) = ( -0.125000  0.125000 -0.125000) wk =   0.015625
          xk(00000003) = ( -0.250000  0.250000 -0.250000) wk =   0.015625
          xk(00000004) = ( -0.375000  0.375000 -0.375000) wk =   0.015625
          xk(00000005) = (  0.500000 -0.500000  0.500000) wk =   0.007812
          xk(00000006) = (  0.000000  0.250000  0.000000) wk =   0.011719
          xk(00000007) = ( -0.125000  0.375000 -0.125000) wk =   0.046875
          xk(00000008) = ( -0.250000  0.500000 -0.250000) wk =   0.046875
          xk(00000009) = (  0.625000 -0.375000  0.625000) wk =   0.046875
          xk(00000010) = (  0.500000 -0.250000  0.500000) wk =   0.046875
          xk(00000011) = (  0.375000 -0.125000  0.375000) wk =   0.046875
          xk(00000012) = (  0.250000  0.000000  0.250000) wk =   0.023438
          xk(00000013) = (  0.000000  0.500000  0.000000) wk =   0.011719
          xk(00000014) = ( -0.125000  0.625000 -0.125000) wk =   0.046875
          xk(00000015) = (  0.750000 -0.250000  0.750000) wk =   0.046875
          xk(00000016) = (  0.625000 -0.125000  0.625000) wk =   0.046875
          xk(00000017) = (  0.500000  0.000000  0.500000) wk =   0.023438
          xk(00000018) = (  0.000000  0.750000  0.000000) wk =   0.011719
          xk(00000019) = (  0.875000 -0.125000  0.875000) wk =   0.046875
          xk(00000020) = (  0.750000  0.000000  0.750000) wk =   0.023438
          xk(00000021) = (  0.000000 -1.000000  0.000000) wk =   0.005859
          xk(00000022) = ( -0.250000  0.500000  0.000000) wk =   0.046875
          xk(00000023) = (  0.625000 -0.375000  0.875000) wk =   0.093750
          xk(00000024) = (  0.500000 -0.250000  0.750000) wk =   0.046875
          xk(00000025) = (  0.750000 -0.250000  1.000000) wk =   0.046875
          xk(00000026) = (  0.625000 -0.125000  0.875000) wk =   0.093750
          xk(00000027) = (  0.500000  0.000000  0.750000) wk =   0.046875
          xk(00000028) = ( -0.250000 -1.000000  0.000000) wk =   0.023438
          xk(00000029) = ( -0.500000 -1.000000  0.000000) wk =   0.011719
          Q-point IBZ [ cryst coord ]
          xk(00000001) = (  0.000000  0.000000  0.000000) wk =   0.001953
          xk(00000002) = (  0.000000  0.000000  0.125000) wk =   0.015625
          xk(00000003) = (  0.000000  0.000000  0.250000) wk =   0.015625
          xk(00000004) = (  0.000000  0.000000  0.375000) wk =   0.015625
          xk(00000005) = (  0.000000  0.000000 -0.500000) wk =   0.007812
          xk(00000006) = (  0.000000  0.125000  0.125000) wk =   0.011719
          xk(00000007) = (  0.000000  0.125000  0.250000) wk =   0.046875
          xk(00000008) = (  0.000000  0.125000  0.375000) wk =   0.046875
          xk(00000009) = (  0.000000  0.125000 -0.500000) wk =   0.046875
          xk(00000010) = (  0.000000  0.125000 -0.375000) wk =   0.046875
          xk(00000011) = (  0.000000  0.125000 -0.250000) wk =   0.046875
          xk(00000012) = (  0.000000  0.125000 -0.125000) wk =   0.023438
          xk(00000013) = (  0.000000  0.250000  0.250000) wk =   0.011719
          xk(00000014) = (  0.000000  0.250000  0.375000) wk =   0.046875
          xk(00000015) = (  0.000000  0.250000 -0.500000) wk =   0.046875
          xk(00000016) = (  0.000000  0.250000 -0.375000) wk =   0.046875
          xk(00000017) = (  0.000000  0.250000 -0.250000) wk =   0.023438
          xk(00000018) = (  0.000000  0.375000  0.375000) wk =   0.011719
          xk(00000019) = (  0.000000  0.375000 -0.500000) wk =   0.046875
          xk(00000020) = (  0.000000  0.375000 -0.375000) wk =   0.023438
          xk(00000021) = (  0.000000 -0.500000 -0.500000) wk =   0.005859
          xk(00000022) = (  0.125000  0.250000  0.375000) wk =   0.046875
          xk(00000023) = (  0.125000  0.250000 -0.500000) wk =   0.093750
          xk(00000024) = (  0.125000  0.250000 -0.375000) wk =   0.046875
          xk(00000025) = (  0.125000  0.375000 -0.500000) wk =   0.046875
          xk(00000026) = (  0.125000  0.375000 -0.375000) wk =   0.093750
          xk(00000027) = (  0.125000  0.375000 -0.250000) wk =   0.046875
          xk(00000028) = (  0.125000 -0.500000 -0.375000) wk =   0.023438
          xk(00000029) = (  0.250000 -0.500000 -0.250000) wk =   0.011719
     ===========================================================================
       
     --------------------------------------------------------------------------------------------
     Computing Debye-Waller Self-energy (occ)                            
     --------------------------------------------------------------------------------------------
     in progress... |#                   | 005% :               01.6s (E)               33.9s (X)
     in progress... |##                  | 010% :               02.9s (E)               29.6s (X)
     in progress... |###                 | 015% :               04.1s (E)               27.6s (X)
     in progress... |####                | 020% :               05.4s (E)               27.0s (X)
     in progress... |#####               | 025% :               06.5s (E)               26.0s (X)
     in progress... |######              | 030% :               07.7s (E)               25.9s (X)
     in progress... |#######             | 035% :               08.9s (E)               25.6s (X)
     in progress... |########            | 040% :               10.1s (E)               25.2s (X)
     in progress... |#########           | 045% :               11.3s (E)               25.1s (X)
     in progress... |##########          | 050% :               12.4s (E)               24.8s (X)
     in progress... |###########         | 055% :               13.7s (E)               24.9s (X)
     in progress... |############        | 060% :               14.9s (E)               24.9s (X)
     in progress... |#############       | 065% :               16.0s (E)               24.6s (X)
     in progress... |##############      | 070% :               17.3s (E)               24.7s (X)
     in progress... |###############     | 075% :               18.4s (E)               24.6s (X)
     in progress... |################    | 080% :               19.7s (E)               24.6s (X)
     in progress... |#################   | 085% :               20.8s (E)               24.5s (X)
     in progress... |##################  | 090% :               22.0s (E)               24.5s (X)
     in progress... |################### | 095% :               23.3s (E)               24.5s (X)
     in progress... |####################| 100% :               24.5s (E)               24.5s (X)
     --------------------------------------------------------------------------------------------
       
     --------------------------------------------------------------------------------------------
     Computing Debye-Waller Self-energy (Lanczos)                        
     --------------------------------------------------------------------------------------------
     in progress... |#                   | 005% :               02.9s (E)               59.3s (X)
     in progress... |##                  | 010% :               04.3s (E)               43.6s (X)
     in progress... |###                 | 015% :               07.0s (E)               46.7s (X)
     in progress... |####                | 020% :               08.3s (E)               41.6s (X)
     in progress... |#####               | 025% :               11.0s (E)               44.0s (X)
     in progress... |######              | 030% :               12.3s (E)               41.1s (X)
     in progress... |#######             | 035% :               15.0s (E)               42.8s (X)
     in progress... |########            | 040% :               16.3s (E)               40.8s (X)
     in progress... |#########           | 045% :               19.0s (E)               42.3s (X)
     in progress... |##########          | 050% :               20.4s (E)               40.8s (X)
     in progress... |###########         | 055% :               21.7s (E)               39.4s (X)
     in progress... |############        | 060% :               24.3s (E)               40.5s (X)
     in progress... |#############       | 065% :               25.6s (E)               39.5s (X)
     in progress... |##############      | 070% :               28.3s (E)               40.4s (X)
     in progress... |###############     | 075% :               29.6s (E)               39.5s (X)
     in progress... |################    | 080% :               32.4s (E)               40.6s (X)
     in progress... |#################   | 085% :               33.8s (E)               39.8s (X)
     in progress... |##################  | 090% :               36.5s (E)               40.6s (X)
     in progress... |################### | 095% :               37.9s (E)               39.9s (X)
     in progress... |####################| 100% :               39.3s (E)               39.3s (X)
     --------------------------------------------------------------------------------------------
       
     --------------------------------------------------------------------------------------------
     Compute Fan-Migdal Self-energy (occ)                                
     --------------------------------------------------------------------------------------------
     in progress... |#                   | 005% :               05.9s (E)           01m-59.9s (X)
     in progress... |##                  | 010% :               11.9s (E)           01m-59.6s (X)
     in progress... |###                 | 015% :               17.5s (E)           01m-57.1s (X)
     in progress... |####                | 020% :               23.9s (E)           01m-59.5s (X)
     in progress... |#####               | 025% :               30.0s (E)           02m-00.2s (X)
     in progress... |######              | 030% :               36.1s (E)           02m-00.5s (X)
     in progress... |#######             | 035% :               42.3s (E)           02m-01.1s (X)
     in progress... |########            | 040% :               48.8s (E)           02m-02.0s (X)
     in progress... |#########           | 045% :               54.9s (E)           02m-02.2s (X)
     in progress... |##########          | 050% :           01m-01.3s (E)           02m-02.6s (X)
     in progress... |###########         | 055% :           01m-07.3s (E)           02m-02.4s (X)
     in progress... |############        | 060% :           01m-12.9s (E)           02m-01.6s (X)
     in progress... |#############       | 065% :           01m-18.8s (E)           02m-01.3s (X)
     in progress... |##############      | 070% :           01m-25.2s (E)           02m-01.7s (X)
     in progress... |###############     | 075% :           01m-31.3s (E)           02m-01.8s (X)
     in progress... |################    | 080% :           01m-38.1s (E)           02m-02.7s (X)
     in progress... |#################   | 085% :           01m-45.1s (E)           02m-03.7s (X)
     in progress... |##################  | 090% :           01m-51.4s (E)           02m-03.8s (X)
     in progress... |################### | 095% :           01m-57.7s (E)           02m-03.9s (X)
     in progress... |####################| 100% :           02m-03.7s (E)           02m-03.7s (X)
     --------------------------------------------------------------------------------------------
       
     --------------------------------------------------------------------------------------------
     Compute Fan-Migdal Self-energy (Lanczos)                            
     --------------------------------------------------------------------------------------------
     in progress... |#                   | 005% :           01m-58.6s (E)           39m-33.3s (X)
     in progress... |##                  | 010% :           02m-59.1s (E)           29m-51.9s (X)
     in progress... |###                 | 015% :           04m-58.6s (E)           33m-10.8s (X)
     in progress... |####                | 020% :           05m-58.7s (E)           29m-53.7s (X)
     in progress... |#####               | 025% :           07m-57.9s (E)           31m-51.8s (X)
     in progress... |######              | 030% :           08m-58.4s (E)           29m-54.7s (X)
     in progress... |#######             | 035% :           10m-59.9s (E)           31m-25.7s (X)
     in progress... |########            | 040% :           12m-00.5s (E)           30m-01.3s (X)
     in progress... |#########           | 045% :           14m-02.5s (E)           31m-12.3s (X)
     in progress... |##########          | 050% :           15m-03.9s (E)           30m-07.9s (X)
     in progress... |###########         | 055% :           16m-04.9s (E)           29m-14.3s (X)
     in progress... |############        | 060% :           18m-06.6s (E)           30m-11.1s (X)
     in progress... |#############       | 065% :           19m-07.4s (E)           29m-25.2s (X)
     in progress... |##############      | 070% :           21m-13.1s (E)           30m-18.7s (X)
     in progress... |###############     | 075% :           22m-14.6s (E)           29m-39.5s (X)
     in progress... |################    | 080% :           24m-16.6s (E)           30m-20.7s (X)
     in progress... |#################   | 085% :           25m-17.4s (E)           29m-45.2s (X)
     in progress... |##################  | 090% :           27m-20.3s (E)           30m-22.6s (X)
     in progress... |################### | 095% :           28m-20.3s (E)           29m-49.7s (X)
     in progress... |####################| 100% :           29m-20.0s (E)           29m-20.0s (X)
     --------------------------------------------------------------------------------------------
     WELPH        : 30m42.76s CPU    32m49.22s WALL

     welph_readin :     10.05s CPU     12.69s WALL (       1 calls)
     fetch_input  :      0.08s CPU      0.08s WALL (       2 calls)
     read_xml     :      3.82s CPU      5.07s WALL (       1 calls)
     init_vloc    :      0.00s CPU      0.00s WALL (       2 calls)
     fft          :      0.11s CPU      0.41s WALL (       4 calls)
     fft_scatter  :    894.98s CPU    945.86s WALL (23446651 calls)
     v_of_rho     :      0.00s CPU      0.00s WALL (       1 calls)
     v_xc         :      0.00s CPU      0.00s WALL (       1 calls)
     v_h          :      0.00s CPU      0.00s WALL (       1 calls)
     read_wave    :      6.16s CPU      7.54s WALL (       1 calls)
     davcio       :      2.50s CPU      2.72s WALL (  119529 calls)
     init_us_1    :      0.00s CPU      0.00s WALL (       2 calls)
     do_setup     :      0.13s CPU      0.17s WALL (       1 calls)
     init_pw_ar   :      0.00s CPU      0.01s WALL (       1 calls)
     init_at_1    :      0.00s CPU      0.00s WALL (       1 calls)
     setup_dmuxc  :      0.00s CPU      0.00s WALL (       1 calls)
     ffts         :      7.35s CPU      7.67s WALL (   46083 calls)
     scatter_grid :      3.60s CPU      4.01s WALL (   89091 calls)
     init_us_2    :      0.89s CPU      0.94s WALL (  119016 calls)
     fftw         :   1010.07s CPU   1066.70s WALL (23400564 calls)
     calbec       :     62.68s CPU     66.33s WALL ( 1698588 calls)
     computeDW1   :     21.94s CPU     24.51s WALL (       1 calls)
     computeDW2   :     37.14s CPU     39.36s WALL (       1 calls)
     alphapc      :     64.20s CPU     67.50s WALL ( 1386258 calls)
     lan_H        :   1504.32s CPU   1583.02s WALL (   44718 calls)
     h_psi_bgrp   :   1037.66s CPU   1093.00s WALL ( 1341540 calls)
     h_psi        :   1034.58s CPU   1089.87s WALL ( 1341540 calls)
     h_psi:pot    :   1031.29s CPU   1086.38s WALL ( 1341540 calls)
     vloc_psi     :    966.72s CPU   1018.42s WALL ( 1341540 calls)
     h_psi:calbec :     53.30s CPU     56.01s WALL ( 1341540 calls)
     add_vuspsi   :      5.02s CPU      5.36s WALL ( 1341540 calls)
     computeFM1   :     99.37s CPU    123.73s WALL (       1 calls)
     computeFM2   :   1671.47s CPU   1760.02s WALL (       1 calls)
 
     WELPH        : 30m42.78s CPU    32m49.27s WALL

 
   This run was terminated on:   1:26:50   1Feb2021            

=------------------------------------------------------------------------------=
   JOB DONE.
=------------------------------------------------------------------------------=
