
     Program WELPH v. 3.1.1 starts on 27Jan2021 at  2: 3:29 

     This program is part of the open-source West suite
     for massively parallel calculations of excited states in materials; please cite
         "M. Govoni et al., J. Chem. Theory Comput. 11, 2680 (2015);
          URL http://www.west-code.org", 
     in publications or presentations arising from this work.

     Based on the Quantum ESPRESSO v. 6.1 svn rev. 13369

     I/O is Little Endian
       
     --------------------------------------------------------------------------------------------
     **MPI** Parallelization Status                                      
     --------------------------------------------------------------------------------------------
                    60                   3             1             1            20
     --------------------------------------------------------------------------------------------
                     N         =         I      X      P      X      B      X      Z
                     ^                   ^             ^             ^             ^
                     |                   |             |             |             |
                   #rnk                  |             |             |             |
                                      #image           |             |             |
                                                     #pool           |             |
                                                                   #bgrp           |
                                                                                 #R&G
     --------------------------------------------------------------------------------------------
     **OPENMP** Parallelization Status
     #thr/rnk               =            1
     --------------------------------------------------------------------------------------------
     #prc = (rnk) * (thr) =           60
     --------------------------------------------------------------------------------------------
       
     --------------------------------------------------------------------------------------------
     I/O Summary : input_west                                            
     --------------------------------------------------------------------------------------------
     qe_prefix      = n2
     west_prefix    = n2
     outdir         = ./
     --------------------------------------------------------------------------------------------

     Reading data from directory:
     ./n2.save

   Info: using nr1, nr2, nr3 values from input

   Info: using nr1, nr2, nr3 values from input

     IMPORTANT: XC functional enforced from input :
     Exchange-correlation      = PBE ( 1  4  3  4 0 0)
     Any further DFT definition will be discarded
     Please, verify this is what you really want

     Message from routine readpp:
     file ./n2.save/C_ONCV_PBE-1.0.upf not found
     Message from routine readpp:
     file ./n2.save/N_ONCV_PBE-1.0.upf not found
 
     Parallelization info
     --------------------
     sticks:   dense  smooth     PW     G-vecs:    dense   smooth      PW
     Min         139     139     34                 4840     4840     604
     Max         140     140     35                 4843     4843     606
     Sum        2797    2797    697                96827    96827   12099
 
       
     --------------------------------------------------------------------------------------------
     I/O Summary : wstat_control                                         
     --------------------------------------------------------------------------------------------
     wstat_calculation              =              S
     n_pdep_eigen                   =            400
     n_pdep_times                   =              4
     n_pdep_maxiter                 =            100
     n_dfpt_maxiter                 =            250
     n_pdep_read_from_file          =              0
     trev_pdep                      =   1.000000E-03
     trev_pdep_rel                  =   1.000000E-01
     tr2_dfpt                       =   1.000000E-12
     l_kinetic_only                 =              F
     l_minimize_exx_if_active       =              F
     l_use_ecutrho                  =              F
     l_use_symm                     =              F
     nq(1)                          =              1
     nq(2)                          =              1
     nq(3)                          =              1
     --------------------------------------------------------------------------------------------
       
     --------------------------------------------------------------------------------------------
     I/O Summary : wfreq_control                                         
     --------------------------------------------------------------------------------------------
     wfreq_calculation                        =           XWGQ
     n_pdep_eigen_to_use                      =            400
     qp_bandrange(1)                          =              1
     qp_bandrange(2)                          =              2
     macropol_calculation                     =              C
     n_lanczos                                =             30
     n_imfreq                                 =            128
     n_refreq                                 =            272
     ecut_imfreq [Ry]                         =     200.000000
     ecut_refreq [Ry]                         =       2.000000
     wfreq_eta [Ry]                           =       0.003675
     n_secant_maxiter                         =             21
     trev_secant [Ry]                         =       0.003675
     l_enable_lanczos                         =              T
     l_enable_gwetot                          =              F
     o_restart_time [min]                     =       0.000000
     ecut_spectralf(1) [Ry]                   =      -2.000000
     ecut_spectralf(2) [Ry]                   =       2.000000
     n_spectralf                              =             10
     l_read_common_pdep                       =              F
     l_enable_gb_curvature                    =              T
     --------------------------------------------------------------------------------------------
       
     --------------------------------------------------------------------------------------------
     I/O Summary : welph_control                                         
     --------------------------------------------------------------------------------------------
     welph_calculation                        =              S
     welph_n_pdep_eigen_to_use                =            400
     asr                                      =              1
     welph_band_range(1)                      =            100
     welph_band_range(2)                      =            120
     do_scr                                   =              T
     do_fxc                                   =              T
     welph_read_common_pdep                   =              T
     loto                                     =              T
     lsym                                     =              F
     l_adiabatic                              =              T
     l_enabel_gw                              =              T
     q_direction(1)                           =       1.000000
     q_direction(2)                           =       0.000000
     q_direction(3)                           =       0.000000
     welph_eta                                =       0.100000
     temperature                              =       0.000000
     --------------------------------------------------------------------------------------------
       
     --------------------------------------------------------------------------------------------
     System Overview                                                     
     --------------------------------------------------------------------------------------------
     gamma_only           =              F
     ecutwfc [Ry]         =      50.000000
     ecutrho [Ry]         =     200.000000
     omega [au^3]         =   2.028043E+03
     nbnd                 =            150
     nkstot               =              1
     nspin                =              1
     nelec                =     218.000000
     npol                 =              1
     lsda                 =              F
     noncolin             =              F
     lspinorb             =              F
     domag                =              F
     --------------------------------------------------------------------------------------------

     3DFFT grid
        s : (  72,  72,  72)
        p : (  72,  72,  72)

     Direct Lattice Cell [a.u.]
        a1 = (   -10.0927738     0.0920854    10.0927738)
        a2 = (    -0.0920854    10.0927738    10.0927738)
        a3 = (   -10.0927738    10.0927738     0.0920854)

     Reciprocal Lattice Cell [a.u.]
        b1 = (    -0.3127111    -0.3155642     0.3127111)
        b2 = (     0.3155642     0.3127111     0.3127111)
        b3 = (    -0.3127111     0.3127111    -0.3155642)
      

     Brillouin Zone sampling [cryst. coord.]
 
        k(000001) = (     0.0000000     0.0000000     0.0000000)
 
        q(000001) = (     0.0000000     0.0000000     0.0000000)
       
     --------------------------------------------------------------------------------------------
     Parallelization for npdep                                           
     --------------------------------------------------------------------------------------------
     nglob                =            400
     nlevel               =              3
     Min nglob/nlevel     =            133
     Max nglob/nlevel     =            134
     --------------------------------------------------------------------------------------------
       
     --------------------------------------------------------------------------------------------
     Parallelization for npdep+macro                                     
     --------------------------------------------------------------------------------------------
     nglob                =            403
     nlevel               =              3
     Min nglob/nlevel     =            134
     Max nglob/nlevel     =            135
     --------------------------------------------------------------------------------------------
     ===========================================================================
     Symmetries disabled, nq =    1
          Q-point IBZ [ cart coord ]
          xq(00000001) = (  0.000000  0.000000  0.000000) wq =   1.000000
     ===========================================================================
     -------------------------------
     | Electron-Phonon Self-energy |
     -------------------------------
     Message from routine kpoint_grid:
     ATTENTION: skip check of k-points equivalence
     ===========================================================================
          nsym   =    6
          nrot   =   12
          nk_ibz =    1
          Q-point IBZ [ cart  coord ]
          xk(00000001) = (  0.000000  0.000000  0.000000) wk =   1.000000
          Q-point IBZ [ cryst coord ]
          xk(00000001) = (  0.000000  0.000000  0.000000) wk =   1.000000
     ===========================================================================
       
     --------------------------------------------------------------------------------------------
     Computing Debye-Waller Self-energy (occ)                            
     --------------------------------------------------------------------------------------------
     in progress... |#                   | 005% :               15.5s (E)           05m-10.2s (X)
     in progress... |##                  | 010% :               23.1s (E)           03m-51.0s (X)
     in progress... |###                 | 015% :               30.9s (E)           03m-26.0s (X)
     in progress... |####                | 020% :               38.7s (E)           03m-13.5s (X)
     in progress... |#####               | 025% :               46.4s (E)           03m-05.9s (X)
     in progress... |######              | 030% :               54.2s (E)           03m-00.8s (X)
     in progress... |#######             | 035% :           01m-01.9s (E)           02m-57.0s (X)
     in progress... |########            | 040% :           01m-09.7s (E)           02m-54.2s (X)
     in progress... |#########           | 045% :           01m-17.4s (E)           02m-52.0s (X)
     in progress... |##########          | 050% :           01m-25.1s (E)           02m-50.2s (X)
     in progress... |###########         | 055% :           01m-32.8s (E)           02m-48.7s (X)
     in progress... |############        | 060% :           01m-40.5s (E)           02m-47.6s (X)
     in progress... |#############       | 065% :           01m-48.3s (E)           02m-46.6s (X)
     in progress... |##############      | 070% :           01m-56.0s (E)           02m-45.7s (X)
     in progress... |###############     | 075% :           02m-03.8s (E)           02m-45.0s (X)
     in progress... |################    | 080% :           02m-11.6s (E)           02m-44.5s (X)
     in progress... |#################   | 085% :           02m-19.4s (E)           02m-44.0s (X)
     in progress... |##################  | 090% :           02m-27.2s (E)           02m-43.6s (X)
     in progress... |################### | 095% :           02m-35.0s (E)           02m-43.1s (X)
     in progress... |####################| 100% :           02m-42.8s (E)           02m-42.8s (X)
     --------------------------------------------------------------------------------------------
       
     --------------------------------------------------------------------------------------------
     Computing Debye-Waller Self-energy (Lanczos)                        
     --------------------------------------------------------------------------------------------
     in progress... |####################| 100% :           02m-23.3s (E)           02m-23.3s (X)
     --------------------------------------------------------------------------------------------
       
     --------------------------------------------------------------------------------------------
     Compute Fan-Migdal Self-energy (occ)                                
     --------------------------------------------------------------------------------------------
     in progress... |####################| 100% :           01m-32.0s (E)           01m-32.0s (X)
     --------------------------------------------------------------------------------------------
       
     --------------------------------------------------------------------------------------------
     Compute Fan-Migdal Self-energy (Lanczos)                            
     --------------------------------------------------------------------------------------------
     in progress... |####################| 100% :           01m-51.9s (E)           01m-51.9s (X)
     --------------------------------------------------------------------------------------------
     WELPH        :  6m15.65s CPU    10m 1.20s WALL

     welph_readin :      0.45s CPU      0.65s WALL (       1 calls)
     fetch_input  :      0.00s CPU      0.01s WALL (       2 calls)
     read_xml     :      0.24s CPU      0.28s WALL (       1 calls)
     init_vloc    :      0.07s CPU      0.07s WALL (       2 calls)
     fft          :      0.03s CPU      0.03s WALL (      14 calls)
     fft_scatter  :     15.34s CPU     15.63s WALL (  282568 calls)
     v_of_rho     :      0.01s CPU      0.01s WALL (       1 calls)
     v_xc         :      0.01s CPU      0.01s WALL (       1 calls)
     v_h          :      0.00s CPU      0.00s WALL (       1 calls)
     read_wave    :      0.20s CPU      0.36s WALL (       1 calls)
     davcio       :      0.12s CPU      0.43s WALL (     112 calls)
     init_us_1    :      0.00s CPU      0.00s WALL (       2 calls)
     do_setup     :      0.05s CPU      0.06s WALL (       1 calls)
     init_pw_ar   :      0.04s CPU      0.05s WALL (       1 calls)
     init_at_1    :      0.00s CPU      0.00s WALL (       1 calls)
     setup_dmuxc  :      0.00s CPU      0.00s WALL (       1 calls)
     ffts         :      0.54s CPU      0.56s WALL (     162 calls)
     scatter_grid :      0.05s CPU      0.07s WALL (     162 calls)
     init_us_2    :      0.34s CPU      0.36s WALL (     220 calls)
     fftw         :     48.51s CPU     49.49s WALL (  282392 calls)
     calbec       :     21.84s CPU     22.31s WALL (    3084 calls)
     computeDW1   :    162.04s CPU    162.84s WALL (       1 calls)
     computeDW2   :    140.82s CPU    143.32s WALL (       1 calls)
     alphapc      :     10.41s CPU     10.52s WALL (    2294 calls)
     lan_H        :     93.52s CPU     94.94s WALL (      74 calls)
     h_psi_bgrp   :     72.86s CPU     74.12s WALL (    2220 calls)
     h_psi        :     72.85s CPU     74.11s WALL (    2220 calls)
     h_psi:pot    :     72.27s CPU     73.52s WALL (    2220 calls)
     vloc_psi     :     49.71s CPU     50.69s WALL (    2220 calls)
     h_psi:calbec :     11.53s CPU     11.76s WALL (    2220 calls)
     add_vuspsi   :     11.01s CPU     11.06s WALL (    2220 calls)
     computeFM1   :     17.53s CPU     92.04s WALL (       1 calls)
     computeFM2   :     40.19s CPU    111.97s WALL (       1 calls)
 
     WELPH        :  6m15.65s CPU    10m 1.21s WALL

 
   This run was terminated on:   2:13:30  27Jan2021            

=------------------------------------------------------------------------------=
   JOB DONE.
=------------------------------------------------------------------------------=
