
     Program WELPH v. 3.1.1 starts on 20May2021 at 18:51:24 

     This program is part of the open-source West suite
     for massively parallel calculations of excited states in materials; please cite
         "M. Govoni et al., J. Chem. Theory Comput. 11, 2680 (2015);
          URL http://www.west-code.org", 
     in publications or presentations arising from this work.

     Based on the Quantum ESPRESSO v. 6.1 svn rev. 13369

     I/O is Little Endian
       
     --------------------------------------------------------------------------------------------
     **MPI** Parallelization Status                                      
     --------------------------------------------------------------------------------------------
                    60                   3             1             1            20
     --------------------------------------------------------------------------------------------
                     N         =         I      X      P      X      B      X      Z
                     ^                   ^             ^             ^             ^
                     |                   |             |             |             |
                   #rnk                  |             |             |             |
                                      #image           |             |             |
                                                     #pool           |             |
                                                                   #bgrp           |
                                                                                 #R&G
     --------------------------------------------------------------------------------------------
     **OPENMP** Parallelization Status
     #thr/rnk               =            1
     --------------------------------------------------------------------------------------------
     #prc = (rnk) * (thr) =           60
     --------------------------------------------------------------------------------------------
       
     --------------------------------------------------------------------------------------------
     I/O Summary : input_west                                            
     --------------------------------------------------------------------------------------------
     qe_prefix      = n2
     west_prefix    = n2
     outdir         = ./
     --------------------------------------------------------------------------------------------

     Reading data from directory:
     ./n2.save

   Info: using nr1, nr2, nr3 values from input

   Info: using nr1, nr2, nr3 values from input

     IMPORTANT: XC functional enforced from input :
     Exchange-correlation      = PBE ( 1  4  3  4 0 0)
     Any further DFT definition will be discarded
     Please, verify this is what you really want

     Message from routine readpp:
     file ./n2.save/C_ONCV_PBE-1.0.upf not found
     Message from routine readpp:
     file ./n2.save/N_ONCV_PBE-1.0.upf not found
 
     Parallelization info
     --------------------
     sticks:   dense  smooth     PW     G-vecs:    dense   smooth      PW
     Min         139     139     34                 4840     4840     604
     Max         140     140     35                 4843     4843     606
     Sum        2797    2797    697                96827    96827   12099
 
       
     --------------------------------------------------------------------------------------------
     I/O Summary : wstat_control                                         
     --------------------------------------------------------------------------------------------
     wstat_calculation              =              S
     n_pdep_eigen                   =            800
     n_pdep_times                   =              4
     n_pdep_maxiter                 =            100
     n_dfpt_maxiter                 =            250
     n_pdep_read_from_file          =              0
     trev_pdep                      =   1.000000E-03
     trev_pdep_rel                  =   1.000000E-01
     tr2_dfpt                       =   1.000000E-12
     l_kinetic_only                 =              F
     l_minimize_exx_if_active       =              F
     l_use_ecutrho                  =              F
     l_use_symm                     =              F
     l_real_space_pdep              =              F
     nq(1)                          =              1
     nq(2)                          =              1
     nq(3)                          =              1
     --------------------------------------------------------------------------------------------
       
     --------------------------------------------------------------------------------------------
     I/O Summary : wfreq_control                                         
     --------------------------------------------------------------------------------------------
     wfreq_calculation                        =           XWGQ
     n_pdep_eigen_to_use                      =            800
     qp_bandrange(1)                          =              1
     qp_bandrange(2)                          =              2
     macropol_calculation                     =              C
     n_lanczos                                =             30
     n_imfreq                                 =            128
     n_refreq                                 =            272
     ecut_imfreq [Ry]                         =     200.000000
     ecut_refreq [Ry]                         =       2.000000
     wfreq_eta [Ry]                           =       0.003675
     n_secant_maxiter                         =             21
     trev_secant [Ry]                         =       0.003675
     l_enable_lanczos                         =              T
     l_enable_gwetot                          =              F
     o_restart_time [min]                     =       0.000000
     ecut_spectralf(1) [Ry]                   =      -2.000000
     ecut_spectralf(2) [Ry]                   =       2.000000
     n_spectralf                              =             10
     l_read_common_pdep                       =              F
     l_enable_gb_curvature                    =              T
     --------------------------------------------------------------------------------------------
       
     --------------------------------------------------------------------------------------------
     I/O Summary : welph_control                                         
     --------------------------------------------------------------------------------------------
     welph_calculation                        =              S
     welph_n_pdep_eigen_to_use                =            800
     asr                                      =              1
     welph_band_range(1)                      =            100
     welph_band_range(2)                      =            120
     do_scr                                   =              T
     do_fxc                                   =              T
     welph_read_common_pdep                   =              T
     loto                                     =              T
     lsym                                     =              F
     l_adiabatic                              =              T
     l_enabel_gw                              =              T
     l_ff_fxc                                 =              F
     q_direction(1)                           =       1.000000
     q_direction(2)                           =       0.000000
     q_direction(3)                           =       0.000000
     welph_eta                                =       0.100000
     temperature                              =       0.000000
     --------------------------------------------------------------------------------------------
       
     --------------------------------------------------------------------------------------------
     System Overview                                                     
     --------------------------------------------------------------------------------------------
     gamma_only           =              F
     ecutwfc [Ry]         =      50.000000
     ecutrho [Ry]         =     200.000000
     omega [au^3]         =   2.028043E+03
     nbnd                 =            150
     nkstot               =              1
     nspin                =              1
     nelec                =     218.000000
     npol                 =              1
     lsda                 =              F
     noncolin             =              F
     lspinorb             =              F
     domag                =              F
     --------------------------------------------------------------------------------------------

     3DFFT grid
        s : (  72,  72,  72)
        p : (  72,  72,  72)

     Direct Lattice Cell [a.u.]
        a1 = (   -10.0927738     0.0920854    10.0927738)
        a2 = (    -0.0920854    10.0927738    10.0927738)
        a3 = (   -10.0927738    10.0927738     0.0920854)

     Reciprocal Lattice Cell [a.u.]
        b1 = (    -0.3127111    -0.3155642     0.3127111)
        b2 = (     0.3155642     0.3127111     0.3127111)
        b3 = (    -0.3127111     0.3127111    -0.3155642)
      

     Brillouin Zone sampling [cryst. coord.]
 
        k(000001) = (     0.0000000     0.0000000     0.0000000)
 
        q(000001) = (     0.0000000     0.0000000     0.0000000)
       
     --------------------------------------------------------------------------------------------
     Parallelization for npdep                                           
     --------------------------------------------------------------------------------------------
     nglob                =            800
     nlevel               =              3
     Min nglob/nlevel     =            266
     Max nglob/nlevel     =            267
     --------------------------------------------------------------------------------------------
       
     --------------------------------------------------------------------------------------------
     Parallelization for npdep+macro                                     
     --------------------------------------------------------------------------------------------
     nglob                =            803
     nlevel               =              3
     Min nglob/nlevel     =            267
     Max nglob/nlevel     =            268
     --------------------------------------------------------------------------------------------
     ===========================================================================
     Symmetries disabled, nq =    1
          Q-point IBZ [ cart coord ]
          xq(00000001) = (  0.000000  0.000000  0.000000) wq =   1.000000
     ===========================================================================
     -------------------------------
     | Electron-Phonon Self-energy |
     -------------------------------
     Message from routine kpoint_grid:
     ATTENTION: skip check of k-points equivalence
     ===========================================================================
          nsym   =    6
          nrot   =   12
          nk_ibz =    1
          Q-point IBZ [ cart  coord ]
          xk(00000001) = (  0.000000  0.000000  0.000000) wk =   1.000000
          Q-point IBZ [ cryst coord ]
          xk(00000001) = (  0.000000  0.000000  0.000000) wk =   1.000000
     ===========================================================================
       
     --------------------------------------------------------------------------------------------
     Computing Debye-Waller Self-energy (occ)                            
     --------------------------------------------------------------------------------------------
     in progress... |#                   | 005% :               13.9s (E)           04m-39.4s (X)
     in progress... |##                  | 010% :               20.9s (E)           03m-29.9s (X)
     in progress... |###                 | 015% :               28.0s (E)           03m-06.7s (X)
     in progress... |####                | 020% :               34.9s (E)           02m-54.9s (X)
     in progress... |#####               | 025% :               41.9s (E)           02m-47.9s (X)
     in progress... |######              | 030% :               49.0s (E)           02m-43.5s (X)
     in progress... |#######             | 035% :               56.0s (E)           02m-40.1s (X)
     in progress... |########            | 040% :           01m-03.0s (E)           02m-37.6s (X)
     in progress... |#########           | 045% :           01m-10.0s (E)           02m-35.6s (X)
     in progress... |##########          | 050% :           01m-17.0s (E)           02m-34.1s (X)
     in progress... |###########         | 055% :           01m-24.0s (E)           02m-32.8s (X)
     in progress... |############        | 060% :           01m-31.0s (E)           02m-31.7s (X)
     in progress... |#############       | 065% :           01m-38.0s (E)           02m-30.8s (X)
     in progress... |##############      | 070% :           01m-45.1s (E)           02m-30.2s (X)
     in progress... |###############     | 075% :           01m-52.1s (E)           02m-29.5s (X)
     in progress... |################    | 080% :           01m-59.1s (E)           02m-28.9s (X)
     in progress... |#################   | 085% :           02m-06.1s (E)           02m-28.4s (X)
     in progress... |##################  | 090% :           02m-13.1s (E)           02m-27.9s (X)
     in progress... |################### | 095% :           02m-20.1s (E)           02m-27.5s (X)
     in progress... |####################| 100% :           02m-27.2s (E)           02m-27.2s (X)
     --------------------------------------------------------------------------------------------
       
     --------------------------------------------------------------------------------------------
     Computing Debye-Waller Self-energy (Lanczos)                        
     --------------------------------------------------------------------------------------------
     in progress... |####################| 100% :           02m-12.2s (E)           02m-12.2s (X)
     --------------------------------------------------------------------------------------------
       
     --------------------------------------------------------------------------------------------
     Compute Fan-Migdal Self-energy (occ)                                
     --------------------------------------------------------------------------------------------
     in progress... |####################| 100% :           01m-13.2s (E)           01m-13.2s (X)
     --------------------------------------------------------------------------------------------
       
     --------------------------------------------------------------------------------------------
     Compute Fan-Migdal Self-energy (Lanczos)                            
     --------------------------------------------------------------------------------------------
     in progress... |####################| 100% :           01m-33.1s (E)           01m-33.1s (X)
     --------------------------------------------------------------------------------------------
     WELPH        :  6m 5.31s CPU     8m38.61s WALL

     welph_readin :      0.33s CPU      0.44s WALL (       1 calls)
     fetch_input  :      0.01s CPU      0.01s WALL (       2 calls)
     read_xml     :      0.22s CPU      0.25s WALL (       1 calls)
     init_vloc    :      0.07s CPU      0.07s WALL (       2 calls)
     fft          :      0.01s CPU      0.02s WALL (      14 calls)
     fft_scatter  :     11.64s CPU     11.80s WALL (  282568 calls)
     v_of_rho     :      0.01s CPU      0.01s WALL (       1 calls)
     v_xc         :      0.01s CPU      0.01s WALL (       1 calls)
     v_h          :      0.00s CPU      0.00s WALL (       1 calls)
     read_wave    :      0.10s CPU      0.17s WALL (       1 calls)
     davcio       :      0.11s CPU      0.56s WALL (     112 calls)
     init_us_1    :      0.01s CPU      0.01s WALL (       2 calls)
     do_setup     :      0.05s CPU      0.05s WALL (       1 calls)
     init_pw_ar   :      0.04s CPU      0.05s WALL (       1 calls)
     init_at_1    :      0.00s CPU      0.00s WALL (       1 calls)
     setup_dmuxc  :      0.00s CPU      0.00s WALL (       1 calls)
     ffts         :      0.72s CPU      0.74s WALL (     162 calls)
     scatter_grid :      0.04s CPU      0.06s WALL (     162 calls)
     init_us_2    :      0.35s CPU      0.36s WALL (     220 calls)
     fftw         :     43.19s CPU     43.78s WALL (  282392 calls)
     calbec       :     22.35s CPU     22.85s WALL (    3084 calls)
     computeDW1   :    146.79s CPU    147.22s WALL (       1 calls)
     computeDW2   :    130.13s CPU    132.22s WALL (       1 calls)
     alphapc      :      8.20s CPU      8.29s WALL (    2294 calls)
     lan_H        :     87.53s CPU     88.57s WALL (      74 calls)
     h_psi_bgrp   :     68.81s CPU     69.72s WALL (    2220 calls)
     h_psi        :     68.80s CPU     69.71s WALL (    2220 calls)
     h_psi:pot    :     68.26s CPU     69.16s WALL (    2220 calls)
     vloc_psi     :     44.76s CPU     45.35s WALL (    2220 calls)
     h_psi:calbec :     11.88s CPU     12.13s WALL (    2220 calls)
     add_vuspsi   :     11.60s CPU     11.66s WALL (    2220 calls)
     computeFM1   :     22.03s CPU     73.28s WALL (       1 calls)
     computeFM2   :     44.30s CPU     93.11s WALL (       1 calls)
 
     WELPH        :  6m 5.31s CPU     8m38.61s WALL

 
   This run was terminated on:  19: 0: 3  20May2021            

=------------------------------------------------------------------------------=
   JOB DONE.
=------------------------------------------------------------------------------=
