
     Program WFREQ v. 3.1.1 starts on 26Jan2021 at  9:32: 3 

     This program is part of the open-source West suite
     for massively parallel calculations of excited states in materials; please cite
         "M. Govoni et al., J. Chem. Theory Comput. 11, 2680 (2015);
          URL http://www.west-code.org", 
     in publications or presentations arising from this work.

     Based on the Quantum ESPRESSO v. 6.1 svn rev. 13369

     I/O is Little Endian
       
     --------------------------------------------------------------------------------------------
     **MPI** Parallelization Status                                      
     --------------------------------------------------------------------------------------------
                    80                   4             1             1            20
     --------------------------------------------------------------------------------------------
                     N         =         I      X      P      X      B      X      Z
                     ^                   ^             ^             ^             ^
                     |                   |             |             |             |
                   #rnk                  |             |             |             |
                                      #image           |             |             |
                                                     #pool           |             |
                                                                   #bgrp           |
                                                                                 #R&G
     --------------------------------------------------------------------------------------------
     **OPENMP** Parallelization Status
     #thr/rnk               =            1
     --------------------------------------------------------------------------------------------
     #prc = (rnk) * (thr) =           80
     --------------------------------------------------------------------------------------------
       
     --------------------------------------------------------------------------------------------
     I/O Summary : input_west                                            
     --------------------------------------------------------------------------------------------
     qe_prefix      = n2
     west_prefix    = n2
     outdir         = ./
     --------------------------------------------------------------------------------------------

     Reading data from directory:
     ./n2.save

   Info: using nr1, nr2, nr3 values from input

   Info: using nr1, nr2, nr3 values from input

     IMPORTANT: XC functional enforced from input :
     Exchange-correlation      = PBE ( 1  4  3  4 0 0)
     Any further DFT definition will be discarded
     Please, verify this is what you really want

     Message from routine readpp:
     file ./n2.save/C_ONCV_PBE-1.0.upf not found
     Message from routine readpp:
     file ./n2.save/N_ONCV_PBE-1.0.upf not found
 
     Parallelization info
     --------------------
     sticks:   dense  smooth     PW     G-vecs:    dense   smooth      PW
     Min         139     139     34                 4840     4840     604
     Max         140     140     35                 4843     4843     606
     Sum        2797    2797    697                96827    96827   12099
 
       
     --------------------------------------------------------------------------------------------
     I/O Summary : wstat_control                                         
     --------------------------------------------------------------------------------------------
     wstat_calculation              =              S
     n_pdep_eigen                   =            800
     n_pdep_times                   =              4
     n_pdep_maxiter                 =            100
     n_dfpt_maxiter                 =            250
     n_pdep_read_from_file          =              0
     trev_pdep                      =   1.000000E-03
     trev_pdep_rel                  =   1.000000E-01
     tr2_dfpt                       =   1.000000E-12
     l_kinetic_only                 =              F
     l_minimize_exx_if_active       =              F
     l_use_ecutrho                  =              F
     l_use_symm                     =              T
     nq(1)                          =              1
     nq(2)                          =              1
     nq(3)                          =              1
     --------------------------------------------------------------------------------------------
       
     --------------------------------------------------------------------------------------------
     I/O Summary : wfreq_control                                         
     --------------------------------------------------------------------------------------------
     wfreq_calculation                        =           XWGQ
     n_pdep_eigen_to_use                      =            800
     qp_bandrange(1)                          =            100
     qp_bandrange(2)                          =            120
     macropol_calculation                     =              C
     n_lanczos                                =             30
     n_imfreq                                 =            400
     n_refreq                                 =            400
     ecut_imfreq [Ry]                         =     200.000000
     ecut_refreq [Ry]                         =       2.000000
     wfreq_eta [Ry]                           =       0.003675
     n_secant_maxiter                         =            200
     trev_secant [Ry]                         =       0.003676
     l_enable_lanczos                         =              T
     l_enable_gwetot                          =              F
     o_restart_time [min]                     =      -1.000000
     ecut_spectralf(1) [Ry]                   =      -2.000000
     ecut_spectralf(2) [Ry]                   =       2.000000
     n_spectralf                              =             10
     l_read_common_pdep                       =              F
     l_enable_gb_curvature                    =              T
     --------------------------------------------------------------------------------------------
       
     --------------------------------------------------------------------------------------------
     System Overview                                                     
     --------------------------------------------------------------------------------------------
     gamma_only           =              F
     ecutwfc [Ry]         =      50.000000
     ecutrho [Ry]         =     200.000000
     omega [au^3]         =   2.028043E+03
     nbnd                 =            150
     nkstot               =              1
     nspin                =              1
     nelec                =     218.000000
     npol                 =              1
     lsda                 =              F
     noncolin             =              F
     lspinorb             =              F
     domag                =              F
     --------------------------------------------------------------------------------------------

     3DFFT grid
        s : (  72,  72,  72)
        p : (  72,  72,  72)

     Direct Lattice Cell [a.u.]
        a1 = (   -10.0927738     0.0920854    10.0927738)
        a2 = (    -0.0920854    10.0927738    10.0927738)
        a3 = (   -10.0927738    10.0927738     0.0920854)

     Reciprocal Lattice Cell [a.u.]
        b1 = (    -0.3127111    -0.3155642     0.3127111)
        b2 = (     0.3155642     0.3127111     0.3127111)
        b3 = (    -0.3127111     0.3127111    -0.3155642)
      

     Brillouin Zone sampling [cryst. coord.]
 
        k(000001) = (     0.0000000     0.0000000     0.0000000)
 
        q(000001) = (     0.0000000     0.0000000     0.0000000)
       
     --------------------------------------------------------------------------------------------
     Parallelization for npdep                                           
     --------------------------------------------------------------------------------------------
     nglob                =            800
     nlevel               =              4
     Min nglob/nlevel     =            200
     Max nglob/nlevel     =            200
     --------------------------------------------------------------------------------------------
       
     --------------------------------------------------------------------------------------------
     Parallelization for npdep+macro                                     
     --------------------------------------------------------------------------------------------
     nglob                =            803
     nlevel               =              4
     Min nglob/nlevel     =            200
     Max nglob/nlevel     =            201
     --------------------------------------------------------------------------------------------
       
     --------------------------------------------------------------------------------------------
     Parallelization for n_imfreq                                        
     --------------------------------------------------------------------------------------------
     nglob                =            400
     nlevel               =             20
     Min nglob/nlevel     =             20
     Max nglob/nlevel     =             20
     --------------------------------------------------------------------------------------------
       
     --------------------------------------------------------------------------------------------
     Parallelization for n_refreq                                        
     --------------------------------------------------------------------------------------------
     nglob                =            400
     nlevel               =             20
     Min nglob/nlevel     =             20
     Max nglob/nlevel     =             20
     --------------------------------------------------------------------------------------------
       
     --------------------------------------------------------------------------------------------
     Parallelization for nbnd                                            
     --------------------------------------------------------------------------------------------
     nglob                =            150
     nlevel               =              4
     Min nglob/nlevel     =             37
     Max nglob/nlevel     =             38
     --------------------------------------------------------------------------------------------
     ===========================================================================
          nsym   =    6
          nrot   =   12
          nk_ibz =    1
          Q-point IBZ [ cart  coord ]
          xk(00000001) = (  0.000000  0.000000  0.000000) wk =   1.000000
          Q-point IBZ [ cryst coord ]
          xk(00000001) = (  0.000000  0.000000  0.000000) wk =   1.000000
     ===========================================================================
     ===========================================================================
          nsym   =    6
          nrot   =   12
          nq_ibz =    1
          Q-point IBZ [ cart  coord ]
          xq(00000001) = (  0.000000  0.000000  0.000000) wq =   1.000000
          Q-point IBZ [ cryst coord ]
          xq(00000001) = (  0.000000  0.000000  0.000000) wq =   1.000000
     ===========================================================================
       
     --------------------------------------------------------------------------------------------
     Hartree-Fock Exact E(X)change                                       
     --------------------------------------------------------------------------------------------
      
     --------------------------------------------------------------------------------------------
     Vxc
     --------------------------------------------------------------------------------------------
     in progress... |####################| 100% :             < 00.1s (E)             < 00.1s (X)
     --------------------------------------------------------------------------------------------
      
     --------------------------------------------------------------------------------------------
     (X)-Sigma
     --------------------------------------------------------------------------------------------
     in progress... |#                   | 005% :             < 00.1s (E)               01.0s (X)
     in progress... |##                  | 010% :             < 00.1s (E)               00.7s (X)
     in progress... |###                 | 015% :               00.1s (E)               00.7s (X)
     in progress... |####                | 020% :               00.1s (E)               00.6s (X)
     in progress... |#####               | 025% :               00.1s (E)               00.6s (X)
     in progress... |######              | 030% :               00.1s (E)               00.5s (X)
     in progress... |#######             | 035% :               00.2s (E)               00.5s (X)
     in progress... |########            | 040% :               00.2s (E)               00.5s (X)
     in progress... |#########           | 045% :               00.2s (E)               00.5s (X)
     in progress... |##########          | 050% :               00.2s (E)               00.5s (X)
     in progress... |###########         | 055% :               00.2s (E)               00.5s (X)
     in progress... |############        | 060% :               00.3s (E)               00.5s (X)
     in progress... |#############       | 065% :               00.3s (E)               00.5s (X)
     in progress... |##############      | 070% :               00.3s (E)               00.5s (X)
     in progress... |###############     | 075% :               00.3s (E)               00.5s (X)
     in progress... |################    | 080% :               00.4s (E)               00.5s (X)
     in progress... |#################   | 085% :               00.4s (E)               00.5s (X)
     in progress... |##################  | 090% :               00.4s (E)               00.5s (X)
     in progress... |################### | 095% :               00.4s (E)               00.5s (X)
     in progress... |####################| 100% :               00.5s (E)               00.5s (X)
     --------------------------------------------------------------------------------------------
       
     --------------------------------------------------------------------------------------------
     (W)-Lanczos                                                         
     --------------------------------------------------------------------------------------------
     in progress... |#                   | 005% :           01m-45.4s (E)           35m-08.3s (X)
     in progress... |##                  | 010% :           03m-12.9s (E)           32m-09.8s (X)
     in progress... |###                 | 015% :           04m-58.0s (E)           33m-07.0s (X)
     in progress... |####                | 020% :           06m-25.8s (E)           32m-09.0s (X)
     in progress... |#####               | 025% :           08m-10.8s (E)           32m-43.4s (X)
     in progress... |######              | 030% :           09m-38.5s (E)           32m-08.5s (X)
     in progress... |#######             | 035% :           11m-23.6s (E)           32m-33.2s (X)
     in progress... |########            | 040% :           12m-51.0s (E)           32m-07.5s (X)
     in progress... |#########           | 045% :           14m-36.1s (E)           32m-27.0s (X)
     in progress... |##########          | 050% :           16m-03.9s (E)           32m-07.8s (X)
     in progress... |###########         | 055% :           17m-31.6s (E)           31m-52.0s (X)
     in progress... |############        | 060% :           19m-16.4s (E)           32m-07.4s (X)
     in progress... |#############       | 065% :           20m-43.7s (E)           31m-53.4s (X)
     in progress... |##############      | 070% :           22m-28.0s (E)           32m-05.7s (X)
     in progress... |###############     | 075% :           23m-54.7s (E)           31m-53.0s (X)
     in progress... |################    | 080% :           25m-38.5s (E)           32m-03.2s (X)
     in progress... |#################   | 085% :           27m-05.5s (E)           31m-52.3s (X)
     in progress... |##################  | 090% :           28m-50.4s (E)           32m-02.7s (X)
     in progress... |################### | 095% :           30m-17.7s (E)           31m-53.4s (X)
     in progress... |####################| 100% :           31m-44.6s (E)           31m-44.6s (X)
     --------------------------------------------------------------------------------------------
       
     --------------------------------------------------------------------------------------------
     (G)-Lanczos                                                         
     --------------------------------------------------------------------------------------------
     in progress... |#                   | 005% :               29.8s (E)           09m-57.8s (X)
     in progress... |##                  | 010% :               44.9s (E)           07m-29.6s (X)
     in progress... |###                 | 015% :           01m-00.0s (E)           06m-40.4s (X)
     in progress... |####                | 020% :           01m-15.1s (E)           06m-15.8s (X)
     in progress... |#####               | 025% :           01m-30.1s (E)           06m-00.5s (X)
     in progress... |######              | 030% :           01m-45.0s (E)           05m-50.0s (X)
     in progress... |#######             | 035% :           02m-00.0s (E)           05m-43.0s (X)
     in progress... |########            | 040% :           02m-15.1s (E)           05m-37.9s (X)
     in progress... |#########           | 045% :           02m-30.3s (E)           05m-34.1s (X)
     in progress... |##########          | 050% :           02m-45.4s (E)           05m-30.8s (X)
     in progress... |###########         | 055% :           03m-00.4s (E)           05m-28.1s (X)
     in progress... |############        | 060% :           03m-15.6s (E)           05m-26.0s (X)
     in progress... |#############       | 065% :           03m-30.7s (E)           05m-24.2s (X)
     in progress... |##############      | 070% :           03m-45.9s (E)           05m-22.7s (X)
     in progress... |###############     | 075% :           04m-01.3s (E)           05m-21.7s (X)
     in progress... |################    | 080% :           04m-16.5s (E)           05m-20.6s (X)
     in progress... |#################   | 085% :           04m-31.7s (E)           05m-19.7s (X)
     in progress... |##################  | 090% :           04m-46.9s (E)           05m-18.7s (X)
     in progress... |################### | 095% :           05m-02.3s (E)           05m-18.2s (X)
     in progress... |####################| 100% :           05m-17.6s (E)           05m-17.6s (X)
     --------------------------------------------------------------------------------------------
       
     --------------------------------------------------------------------------------------------
     Collecting results from W and G                                     
     --------------------------------------------------------------------------------------------
     in progress... |#                   | 005% :               33.1s (E)           11m-02.2s (X)
     in progress... |##                  | 010% :               49.7s (E)           08m-17.9s (X)
     in progress... |###                 | 015% :           01m-06.4s (E)           07m-22.8s (X)
     in progress... |####                | 020% :           01m-23.0s (E)           06m-55.4s (X)
     in progress... |#####               | 025% :           01m-39.7s (E)           06m-39.1s (X)
     in progress... |######              | 030% :           01m-56.4s (E)           06m-28.1s (X)
     in progress... |#######             | 035% :           02m-13.2s (E)           06m-20.7s (X)
     in progress... |########            | 040% :           02m-30.0s (E)           06m-15.1s (X)
     in progress... |#########           | 045% :           02m-46.7s (E)           06m-10.4s (X)
     in progress... |##########          | 050% :           03m-03.4s (E)           06m-06.9s (X)
     in progress... |###########         | 055% :           03m-20.1s (E)           06m-03.9s (X)
     in progress... |############        | 060% :           03m-36.7s (E)           06m-01.3s (X)
     in progress... |#############       | 065% :           03m-53.8s (E)           05m-59.6s (X)
     in progress... |##############      | 070% :           04m-10.8s (E)           05m-58.3s (X)
     in progress... |###############     | 075% :           04m-27.5s (E)           05m-56.7s (X)
     in progress... |################    | 080% :           04m-44.2s (E)           05m-55.3s (X)
     in progress... |#################   | 085% :           05m-00.9s (E)           05m-54.1s (X)
     in progress... |##################  | 090% :           05m-18.0s (E)           05m-53.3s (X)
     in progress... |################### | 095% :           05m-34.8s (E)           05m-52.4s (X)
     in progress... |####################| 100% :           05m-50.6s (E)           05m-50.6s (X)
     --------------------------------------------------------------------------------------------
       
     --------------------------------------------------------------------------------------------
     (Q)uasiparticle energies                                            
     --------------------------------------------------------------------------------------------
       
     --------------------------------------------------------------------------------------------
     Sigma_C                                                             
     --------------------------------------------------------------------------------------------
     Integrating along the IM axis...
     --------------------------------------------------------------------------------------------
     in progress... |#                   | 005% :             < 00.1s (E)               00.1s (X)
     in progress... |##                  | 010% :             < 00.1s (E)               00.1s (X)
     in progress... |###                 | 015% :             < 00.1s (E)             < 00.1s (X)
     in progress... |####                | 020% :             < 00.1s (E)             < 00.1s (X)
     in progress... |#####               | 025% :             < 00.1s (E)             < 00.1s (X)
     in progress... |######              | 030% :             < 00.1s (E)             < 00.1s (X)
     in progress... |#######             | 035% :             < 00.1s (E)             < 00.1s (X)
     in progress... |########            | 040% :             < 00.1s (E)             < 00.1s (X)
     in progress... |#########           | 045% :             < 00.1s (E)             < 00.1s (X)
     in progress... |##########          | 050% :             < 00.1s (E)             < 00.1s (X)
     in progress... |###########         | 055% :             < 00.1s (E)             < 00.1s (X)
     in progress... |############        | 060% :             < 00.1s (E)             < 00.1s (X)
     in progress... |#############       | 065% :             < 00.1s (E)             < 00.1s (X)
     in progress... |##############      | 070% :             < 00.1s (E)             < 00.1s (X)
     in progress... |###############     | 075% :             < 00.1s (E)             < 00.1s (X)
     in progress... |################    | 080% :             < 00.1s (E)             < 00.1s (X)
     in progress... |#################   | 085% :             < 00.1s (E)             < 00.1s (X)
     in progress... |##################  | 090% :             < 00.1s (E)             < 00.1s (X)
     in progress... |################### | 095% :             < 00.1s (E)             < 00.1s (X)
     in progress... |####################| 100% :             < 00.1s (E)             < 00.1s (X)
     --------------------------------------------------------------------------------------------
     Residues along the RE axis...
     --------------------------------------------------------------------------------------------
     in progress... |#                   | 005% :             < 00.1s (E)             < 00.1s (X)
     in progress... |##                  | 010% :             < 00.1s (E)             < 00.1s (X)
     in progress... |###                 | 015% :             < 00.1s (E)             < 00.1s (X)
     in progress... |####                | 020% :             < 00.1s (E)             < 00.1s (X)
     in progress... |#####               | 025% :             < 00.1s (E)             < 00.1s (X)
     in progress... |######              | 030% :             < 00.1s (E)             < 00.1s (X)
     in progress... |#######             | 035% :             < 00.1s (E)             < 00.1s (X)
     in progress... |########            | 040% :             < 00.1s (E)             < 00.1s (X)
     in progress... |#########           | 045% :             < 00.1s (E)             < 00.1s (X)
     in progress... |##########          | 050% :             < 00.1s (E)             < 00.1s (X)
     in progress... |###########         | 055% :             < 00.1s (E)             < 00.1s (X)
     in progress... |############        | 060% :             < 00.1s (E)             < 00.1s (X)
     in progress... |#############       | 065% :             < 00.1s (E)             < 00.1s (X)
     in progress... |##############      | 070% :             < 00.1s (E)             < 00.1s (X)
     in progress... |###############     | 075% :             < 00.1s (E)             < 00.1s (X)
     in progress... |################    | 080% :             < 00.1s (E)             < 00.1s (X)
     in progress... |#################   | 085% :             < 00.1s (E)             < 00.1s (X)
     in progress... |##################  | 090% :             < 00.1s (E)             < 00.1s (X)
     in progress... |################### | 095% :             < 00.1s (E)             < 00.1s (X)
     in progress... |####################| 100% :             < 00.1s (E)             < 00.1s (X)
     --------------------------------------------------------------------------------------------
       
     --------------------------------------------------------------------------------------------
     Sigma_C                                                             
     --------------------------------------------------------------------------------------------
     Integrating along the IM axis...
     --------------------------------------------------------------------------------------------
     in progress... |#                   | 005% :             < 00.1s (E)             < 00.1s (X)
     in progress... |##                  | 010% :             < 00.1s (E)             < 00.1s (X)
     in progress... |###                 | 015% :             < 00.1s (E)             < 00.1s (X)
     in progress... |####                | 020% :             < 00.1s (E)             < 00.1s (X)
     in progress... |#####               | 025% :             < 00.1s (E)             < 00.1s (X)
     in progress... |######              | 030% :             < 00.1s (E)             < 00.1s (X)
     in progress... |#######             | 035% :             < 00.1s (E)             < 00.1s (X)
     in progress... |########            | 040% :             < 00.1s (E)             < 00.1s (X)
     in progress... |#########           | 045% :             < 00.1s (E)             < 00.1s (X)
     in progress... |##########          | 050% :             < 00.1s (E)             < 00.1s (X)
     in progress... |###########         | 055% :             < 00.1s (E)             < 00.1s (X)
     in progress... |############        | 060% :             < 00.1s (E)             < 00.1s (X)
     in progress... |#############       | 065% :             < 00.1s (E)             < 00.1s (X)
     in progress... |##############      | 070% :             < 00.1s (E)             < 00.1s (X)
     in progress... |###############     | 075% :             < 00.1s (E)             < 00.1s (X)
     in progress... |################    | 080% :             < 00.1s (E)             < 00.1s (X)
     in progress... |#################   | 085% :             < 00.1s (E)             < 00.1s (X)
     in progress... |##################  | 090% :             < 00.1s (E)             < 00.1s (X)
     in progress... |################### | 095% :             < 00.1s (E)             < 00.1s (X)
     in progress... |####################| 100% :             < 00.1s (E)             < 00.1s (X)
     --------------------------------------------------------------------------------------------
     Residues along the RE axis...
     --------------------------------------------------------------------------------------------
     in progress... |#                   | 005% :             < 00.1s (E)             < 00.1s (X)
     in progress... |##                  | 010% :             < 00.1s (E)             < 00.1s (X)
     in progress... |###                 | 015% :             < 00.1s (E)             < 00.1s (X)
     in progress... |####                | 020% :             < 00.1s (E)             < 00.1s (X)
     in progress... |#####               | 025% :             < 00.1s (E)             < 00.1s (X)
     in progress... |######              | 030% :             < 00.1s (E)             < 00.1s (X)
     in progress... |#######             | 035% :             < 00.1s (E)             < 00.1s (X)
     in progress... |########            | 040% :             < 00.1s (E)             < 00.1s (X)
     in progress... |#########           | 045% :             < 00.1s (E)             < 00.1s (X)
     in progress... |##########          | 050% :             < 00.1s (E)             < 00.1s (X)
     in progress... |###########         | 055% :             < 00.1s (E)             < 00.1s (X)
     in progress... |############        | 060% :             < 00.1s (E)             < 00.1s (X)
     in progress... |#############       | 065% :             < 00.1s (E)             < 00.1s (X)
     in progress... |##############      | 070% :             < 00.1s (E)             < 00.1s (X)
     in progress... |###############     | 075% :             < 00.1s (E)             < 00.1s (X)
     in progress... |################    | 080% :             < 00.1s (E)             < 00.1s (X)
     in progress... |#################   | 085% :             < 00.1s (E)             < 00.1s (X)
     in progress... |##################  | 090% :             < 00.1s (E)             < 00.1s (X)
     in progress... |################### | 095% :             < 00.1s (E)             < 00.1s (X)
     in progress... |####################| 100% :             < 00.1s (E)             < 00.1s (X)
     --------------------------------------------------------------------------------------------

     --------------------------------------------------------------------------------------------
     Iter: 000000
     k(000001) = (   0.0000000   0.0000000   0.0000000) cryst. coord.
     band      QP en. [eV] conv
     000100      10.406681   no
     000101      10.414125   no
     000102      10.451252   no
     000103      10.451303   no
     000104      10.468021   no
     000105      11.266714   no
     000106      12.804315   no
     000107      12.804332   no
     000108      13.224014   no
     000109      13.464053   no
     000110      18.146260   no
     000111      18.340336   no
     000112      18.340430   no
     000113      18.635238   no
     000114      18.635158   no
     000115      19.072905   no
     000116      20.080438   no
     000117      20.252105   no
     000118      20.252060   no
     000119      20.506372   no
     000120      20.592999   no
     --------------------------------------------------------------------------------------------
       
     --------------------------------------------------------------------------------------------
     Sigma_C                                                             
     --------------------------------------------------------------------------------------------
     Integrating along the IM axis...
     --------------------------------------------------------------------------------------------
     in progress... |#                   | 005% :             < 00.1s (E)             < 00.1s (X)
     in progress... |##                  | 010% :             < 00.1s (E)             < 00.1s (X)
     in progress... |###                 | 015% :             < 00.1s (E)             < 00.1s (X)
     in progress... |####                | 020% :             < 00.1s (E)             < 00.1s (X)
     in progress... |#####               | 025% :             < 00.1s (E)             < 00.1s (X)
     in progress... |######              | 030% :             < 00.1s (E)             < 00.1s (X)
     in progress... |#######             | 035% :             < 00.1s (E)             < 00.1s (X)
     in progress... |########            | 040% :             < 00.1s (E)             < 00.1s (X)
     in progress... |#########           | 045% :             < 00.1s (E)             < 00.1s (X)
     in progress... |##########          | 050% :             < 00.1s (E)             < 00.1s (X)
     in progress... |###########         | 055% :             < 00.1s (E)             < 00.1s (X)
     in progress... |############        | 060% :             < 00.1s (E)             < 00.1s (X)
     in progress... |#############       | 065% :             < 00.1s (E)             < 00.1s (X)
     in progress... |##############      | 070% :             < 00.1s (E)             < 00.1s (X)
     in progress... |###############     | 075% :             < 00.1s (E)             < 00.1s (X)
     in progress... |################    | 080% :             < 00.1s (E)             < 00.1s (X)
     in progress... |#################   | 085% :             < 00.1s (E)             < 00.1s (X)
     in progress... |##################  | 090% :             < 00.1s (E)             < 00.1s (X)
     in progress... |################### | 095% :             < 00.1s (E)             < 00.1s (X)
     in progress... |####################| 100% :             < 00.1s (E)             < 00.1s (X)
     --------------------------------------------------------------------------------------------
     Residues along the RE axis...
     --------------------------------------------------------------------------------------------
     in progress... |#                   | 005% :             < 00.1s (E)             < 00.1s (X)
     in progress... |##                  | 010% :             < 00.1s (E)             < 00.1s (X)
     in progress... |###                 | 015% :             < 00.1s (E)             < 00.1s (X)
     in progress... |####                | 020% :             < 00.1s (E)             < 00.1s (X)
     in progress... |#####               | 025% :             < 00.1s (E)             < 00.1s (X)
     in progress... |######              | 030% :             < 00.1s (E)             < 00.1s (X)
     in progress... |#######             | 035% :             < 00.1s (E)             < 00.1s (X)
     in progress... |########            | 040% :             < 00.1s (E)             < 00.1s (X)
     in progress... |#########           | 045% :             < 00.1s (E)             < 00.1s (X)
     in progress... |##########          | 050% :             < 00.1s (E)             < 00.1s (X)
     in progress... |###########         | 055% :             < 00.1s (E)             < 00.1s (X)
     in progress... |############        | 060% :             < 00.1s (E)             < 00.1s (X)
     in progress... |#############       | 065% :             < 00.1s (E)             < 00.1s (X)
     in progress... |##############      | 070% :             < 00.1s (E)             < 00.1s (X)
     in progress... |###############     | 075% :             < 00.1s (E)             < 00.1s (X)
     in progress... |################    | 080% :             < 00.1s (E)             < 00.1s (X)
     in progress... |#################   | 085% :             < 00.1s (E)             < 00.1s (X)
     in progress... |##################  | 090% :             < 00.1s (E)             < 00.1s (X)
     in progress... |################### | 095% :             < 00.1s (E)             < 00.1s (X)
     in progress... |####################| 100% :             < 00.1s (E)             < 00.1s (X)
     --------------------------------------------------------------------------------------------
       
     --------------------------------------------------------------------------------------------
     CONVERGENCE ACHIEVED !!!                                            
     --------------------------------------------------------------------------------------------

     --------------------------------------------------------------------------------------------
     k(000001) = (   0.0000000   0.0000000   0.0000000) cryst. coord.
     band      QP en. [eV] conv
     000100      10.413442  yes
     000101      10.420752  yes
     000102      10.456279  yes
     000103      10.456330  yes
     000104      10.472868  yes
     000105      11.285769  yes
     000106      12.807149  yes
     000107      12.807166  yes
     000108      13.227334  yes
     000109      13.470078  yes
     000110      18.144942  yes
     000111      18.339028  yes
     000112      18.339122  yes
     000113      18.633932  yes
     000114      18.633852  yes
     000115      19.071639  yes
     000116      20.076053  yes
     000117      20.246909  yes
     000118      20.246864  yes
     000119      20.504288  yes
     000120      20.590763  yes
     --------------------------------------------------------------------------------------------
 
     Number of q in the star =    1
     List of q in the star:
          1   0.000000000   0.000000000   0.000000000
      
     --------------------------------------------------------------------------------------------
     SAVE written in < 00.1s             
     In location : ./n2.wfreq.save
     --------------------------------------------------------------------------------------------
     WFREQ        : 42m 4.04s CPU    43m 7.02s WALL

     wfreq_readin :      0.39s CPU      0.81s WALL (       1 calls)
     fetch_input  :      0.02s CPU      0.04s WALL (       2 calls)
     read_xml     :      0.26s CPU      0.38s WALL (       1 calls)
     init_vloc    :      0.08s CPU      0.08s WALL (       2 calls)
     fft          :      0.17s CPU      0.18s WALL (     606 calls)
     fft_scatter  :     80.79s CPU     82.68s WALL ( 1645144 calls)
     v_of_rho     :      0.01s CPU      0.01s WALL (       1 calls)
     v_xc         :      0.02s CPU      0.02s WALL (       2 calls)
     v_h          :      0.00s CPU      0.00s WALL (       1 calls)
     read_wave    :      0.11s CPU      0.38s WALL (       1 calls)
     davcio       :      0.04s CPU      0.19s WALL (      46 calls)
     init_us_1    :      0.01s CPU      0.01s WALL (       2 calls)
     do_setup     :      0.05s CPU      0.07s WALL (       1 calls)
     init_pw_ar   :      0.05s CPU      0.05s WALL (       1 calls)
     init_at_1    :      0.00s CPU      0.00s WALL (       1 calls)
     solve_hf     :      0.45s CPU      0.56s WALL (       1 calls)
     sigmavxc     :      0.00s CPU      0.01s WALL (       1 calls)
     init_us_2    :      0.05s CPU      0.05s WALL (      24 calls)
     fftw         :    275.91s CPU    282.36s WALL ( 1644538 calls)
     sigmax       :      0.42s CPU      0.52s WALL (       1 calls)
     sqvc_init    :      0.01s CPU      0.01s WALL (      43 calls)
     wlanczos     :   1866.98s CPU   1904.62s WALL (       1 calls)
     commutator_H :      5.60s CPU      9.98s WALL (     327 calls)
     stres_us31   :      0.00s CPU      0.00s WALL (     327 calls)
     stres_us32   :      0.01s CPU      0.01s WALL (     327 calls)
     stres_us33   :      0.03s CPU      0.03s WALL (     327 calls)
     stres_us34   :      0.53s CPU      0.54s WALL (     327 calls)
     calbec       :     68.68s CPU     70.39s WALL (    8774 calls)
     alphapc      :     46.46s CPU     47.20s WALL (    4248 calls)
     linstern     :     19.10s CPU     19.38s WALL (     109 calls)
     stern        :     18.64s CPU     18.92s WALL (    4220 calls)
     h_psi_bgrp   :    419.29s CPU    427.86s WALL (    8120 calls)
     h_psi        :    419.25s CPU    427.83s WALL (    8120 calls)
     h_psi:pot    :    414.88s CPU    423.40s WALL (    8120 calls)
     vloc_psi     :    287.81s CPU    294.14s WALL (    8120 calls)
     h_psi:calbec :     66.75s CPU     68.43s WALL (    8120 calls)
     add_vuspsi   :     60.24s CPU     60.77s WALL (    8120 calls)
     alphapv      :      2.25s CPU      2.28s WALL (    4220 calls)
     lan_H        :    540.36s CPU    550.09s WALL (     130 calls)
     brak         :   1293.00s CPU   1309.90s WALL (     130 calls)
     chi0_diag    :      5.65s CPU      5.97s WALL (       1 calls)
     glanczos     :    300.57s CPU    317.66s WALL (       1 calls)
     solve_qp     :    344.03s CPU    350.92s WALL (       1 calls)
     coll_gw      :    343.87s CPU    350.63s WALL (       1 calls)
     sigmac_i     :      0.13s CPU      0.15s WALL (       3 calls)
     sigmac_r     :      0.00s CPU      0.01s WALL (       3 calls)
     wfreq_db     :      0.01s CPU      0.01s WALL (       1 calls)
 
     WFREQ        : 42m 4.04s CPU    43m 7.03s WALL

 
   This run was terminated on:  10:15:10  26Jan2021            

=------------------------------------------------------------------------------=
   JOB DONE.
=------------------------------------------------------------------------------=
