
     Program WSTAT v. 3.1.1 starts on 26Jan2021 at  9: 2:19 

     This program is part of the open-source West suite
     for massively parallel calculations of excited states in materials; please cite
         "M. Govoni et al., J. Chem. Theory Comput. 11, 2680 (2015);
          URL http://www.west-code.org", 
     in publications or presentations arising from this work.

     Based on the Quantum ESPRESSO v. 6.1 svn rev. 13369

     I/O is Little Endian
       
     --------------------------------------------------------------------------------------------
     **MPI** Parallelization Status                                      
     --------------------------------------------------------------------------------------------
                    80                   4             1             1            20
     --------------------------------------------------------------------------------------------
                     N         =         I      X      P      X      B      X      Z
                     ^                   ^             ^             ^             ^
                     |                   |             |             |             |
                   #rnk                  |             |             |             |
                                      #image           |             |             |
                                                     #pool           |             |
                                                                   #bgrp           |
                                                                                 #R&G
     --------------------------------------------------------------------------------------------
     **OPENMP** Parallelization Status
     #thr/rnk               =            1
     --------------------------------------------------------------------------------------------
     #prc = (rnk) * (thr) =           80
     --------------------------------------------------------------------------------------------
       
     --------------------------------------------------------------------------------------------
     I/O Summary : input_west                                            
     --------------------------------------------------------------------------------------------
     qe_prefix      = n2
     west_prefix    = n2
     outdir         = ./
     --------------------------------------------------------------------------------------------

     Reading data from directory:
     ./n2.save

   Info: using nr1, nr2, nr3 values from input

   Info: using nr1, nr2, nr3 values from input

     IMPORTANT: XC functional enforced from input :
     Exchange-correlation      = PBE ( 1  4  3  4 0 0)
     Any further DFT definition will be discarded
     Please, verify this is what you really want

     Message from routine readpp:
     file ./n2.save/C_ONCV_PBE-1.0.upf not found
     Message from routine readpp:
     file ./n2.save/N_ONCV_PBE-1.0.upf not found
 
     Parallelization info
     --------------------
     sticks:   dense  smooth     PW     G-vecs:    dense   smooth      PW
     Min         139     139     34                 4840     4840     604
     Max         140     140     35                 4843     4843     606
     Sum        2797    2797    697                96827    96827   12099
 
       
     --------------------------------------------------------------------------------------------
     I/O Summary : wstat_control                                         
     --------------------------------------------------------------------------------------------
     wstat_calculation              =              S
     n_pdep_eigen                   =            800
     n_pdep_times                   =              4
     n_pdep_maxiter                 =            100
     n_dfpt_maxiter                 =            250
     n_pdep_read_from_file          =              0
     trev_pdep                      =   1.000000E-03
     trev_pdep_rel                  =   1.000000E-01
     tr2_dfpt                       =   1.000000E-12
     l_kinetic_only                 =              F
     l_minimize_exx_if_active       =              F
     l_use_ecutrho                  =              F
     l_use_symm                     =              T
     nq(1)                          =              1
     nq(2)                          =              1
     nq(3)                          =              1
     --------------------------------------------------------------------------------------------
       
     --------------------------------------------------------------------------------------------
     System Overview                                                     
     --------------------------------------------------------------------------------------------
     gamma_only           =              F
     ecutwfc [Ry]         =      50.000000
     ecutrho [Ry]         =     200.000000
     omega [au^3]         =   2.028043E+03
     nbnd                 =            150
     nkstot               =              1
     nspin                =              1
     nelec                =     218.000000
     npol                 =              1
     lsda                 =              F
     noncolin             =              F
     lspinorb             =              F
     domag                =              F
     --------------------------------------------------------------------------------------------

     3DFFT grid
        s : (  72,  72,  72)
        p : (  72,  72,  72)

     Direct Lattice Cell [a.u.]
        a1 = (   -10.0927738     0.0920854    10.0927738)
        a2 = (    -0.0920854    10.0927738    10.0927738)
        a3 = (   -10.0927738    10.0927738     0.0920854)

     Reciprocal Lattice Cell [a.u.]
        b1 = (    -0.3127111    -0.3155642     0.3127111)
        b2 = (     0.3155642     0.3127111     0.3127111)
        b3 = (    -0.3127111     0.3127111    -0.3155642)
      

     Brillouin Zone sampling [cryst. coord.]
 
        k(000001) = (     0.0000000     0.0000000     0.0000000)
 
        q(000001) = (     0.0000000     0.0000000     0.0000000)
     ===========================================================================
          nsym   =    6
          nrot   =   12
          nq_ibz =    1
          Q-point IBZ [ cart  coord ]
          xq(00000001) = (  0.000000  0.000000  0.000000) wq =   1.000000
          Q-point IBZ [ cryst coord ]
          xq(00000001) = (  0.000000  0.000000  0.000000) wq =   1.000000
     ===========================================================================
       
     --------------------------------------------------------------------------------------------
     Parallelization for nvecx                                           
     --------------------------------------------------------------------------------------------
     nglob                =           3200
     nlevel               =              4
     Min nglob/nlevel     =            800
     Max nglob/nlevel     =            800
     --------------------------------------------------------------------------------------------

     [MEM] ----------------------------------------------------------
     [MEM] **Memory** analysis: QE
     [MEM] ----------------------------------------------------------
     [MEM] Allocated arrays           est. size (Mb)     dimensions
     [MEM] ----------------------------------------------------------
     [MEM] Kohn-Sham Wavefunctions       1.38 Mb     (    604,  150)
     [MEM] NL pseudopotentials           3.98 Mb     (    604,  432)
     [MEM] Each V/rho on FFT grid        0.32 Mb     (  20736)
     [MEM] Each G-vector array           0.04 Mb     (   4843)
     [MEM] G-vector shells               0.04 Mb     (   4710)
     [MEM] ----------------------------------------------------------
     [MEM] TOT                           5.75 Mb
     [MEM] ----------------------------------------------------------
     [MEM] 
     [MEM] ----------------------------------------------------------
     [MEM] **Memory** analysis: WSTAT global
     [MEM] ----------------------------------------------------------
     [MEM] Allocated arrays           est. size (Mb)     dimensions
     [MEM] ----------------------------------------------------------
     [MEM] dvg                           7.37 Mb     (    604,  800)
     [MEM] dng                           7.37 Mb     (    604,  800)
     [MEM] hr_distr                     39.06 Mb     (   3200,  800)
     [MEM] vr_distr                     39.06 Mb     (   3200,  800)
     [MEM] ----------------------------------------------------------
     [MEM] TOT                          92.87 Mb
     [MEM] ----------------------------------------------------------
     [MEM] 
     [MEM] ----------------------------------------------------------
     [MEM] **Memory** analysis: WSTAT temporary
     [MEM] ----------------------------------------------------------
     [MEM] Allocated arrays           est. size (Mb)     dimensions
     [MEM] ----------------------------------------------------------
     [MEM] dvpsi                         1.00 Mb     (    604,  109)
     [MEM] dpsi                          1.00 Mb     (    604,  109)
     [MEM] ----------------------------------------------------------
     [MEM] Total estimate                2.01 Mb
     [MEM] ----------------------------------------------------------
 
     Divergence =   3.920741E-01

                       *----------*              *----------*               *----------*
     #     Iteration = | starting |   DFPT_dim = |      800 |   Diago_dim = |      800 |  x 1/2
                       *----------*              *----------*               *----------*
     per-process dynamical memory   122.1 Mb
  
       
     --------------------------------------------------------------------------------------------
     Sternheimer eq. solver... with lite-solver                          
     --------------------------------------------------------------------------------------------
     in progress... |#                   | 005% :               01.0s (E)               20.1s (X)
     in progress... |##                  | 010% :               01.9s (E)               19.7s (X)
     in progress... |###                 | 015% :               02.9s (E)               19.9s (X)
     in progress... |####                | 020% :               03.9s (E)               19.9s (X)
     in progress... |#####               | 025% :               04.9s (E)               19.8s (X)
     in progress... |######              | 030% :               05.9s (E)               19.7s (X)
     in progress... |#######             | 035% :               06.9s (E)               19.7s (X)
     in progress... |########            | 040% :               07.8s (E)               19.7s (X)
     in progress... |#########           | 045% :               08.8s (E)               19.7s (X)
     in progress... |##########          | 050% :               09.8s (E)               19.7s (X)
     in progress... |###########         | 055% :               10.8s (E)               19.7s (X)
     in progress... |############        | 060% :               11.8s (E)               19.7s (X)
     in progress... |#############       | 065% :               12.8s (E)               19.7s (X)
     in progress... |##############      | 070% :               13.8s (E)               19.7s (X)
     in progress... |###############     | 075% :               14.8s (E)               19.7s (X)
     in progress... |################    | 080% :               15.8s (E)               19.7s (X)
     in progress... |#################   | 085% :               16.7s (E)               19.7s (X)
     in progress... |##################  | 090% :               17.7s (E)               19.7s (X)
     in progress... |################### | 095% :               18.7s (E)               19.7s (X)
     in progress... |####################| 100% :               19.7s (E)               19.7s (X)
     --------------------------------------------------------------------------------------------

     [I/O] -------------------------------------------------------
     [I/O] RESTART written in < 00.1s             
     [I/O] In location   : ./n2.wstat.restart
     [I/O] -------------------------------------------------------

                       *----------*              *----------*               *----------*
     #     Iteration = | starting |   DFPT_dim = |      800 |   Diago_dim = |      800 |  x 2/2
                       *----------*              *----------*               *----------*
     per-process dynamical memory   134.5 Mb
  
       
     --------------------------------------------------------------------------------------------
     Sternheimer eq. solver... with threshold =   1.000000E-06           
     --------------------------------------------------------------------------------------------
     in progress... |#                   | 005% :               16.6s (E)           05m-33.9s (X)
     in progress... |##                  | 010% :               33.3s (E)           05m-33.6s (X)
     in progress... |###                 | 015% :               50.0s (E)           05m-33.4s (X)
     in progress... |####                | 020% :           01m-06.5s (E)           05m-32.5s (X)
     in progress... |#####               | 025% :           01m-23.0s (E)           05m-32.0s (X)
     in progress... |######              | 030% :           01m-39.3s (E)           05m-31.1s (X)
     in progress... |#######             | 035% :           01m-55.6s (E)           05m-30.5s (X)
     in progress... |########            | 040% :           02m-12.0s (E)           05m-30.0s (X)
     in progress... |#########           | 045% :           02m-28.3s (E)           05m-29.5s (X)
     in progress... |##########          | 050% :           02m-44.5s (E)           05m-29.0s (X)
     in progress... |###########         | 055% :           03m-00.5s (E)           05m-28.3s (X)
     in progress... |############        | 060% :           03m-16.5s (E)           05m-27.6s (X)
     in progress... |#############       | 065% :           03m-32.4s (E)           05m-26.9s (X)
     in progress... |##############      | 070% :           03m-48.3s (E)           05m-26.2s (X)
     in progress... |###############     | 075% :           04m-03.9s (E)           05m-25.2s (X)
     in progress... |################    | 080% :           04m-19.6s (E)           05m-24.6s (X)
     in progress... |#################   | 085% :           04m-35.3s (E)           05m-23.9s (X)
     in progress... |##################  | 090% :           04m-51.0s (E)           05m-23.3s (X)
     in progress... |################### | 095% :           05m-06.6s (E)           05m-22.7s (X)
     in progress... |####################| 100% :           05m-22.1s (E)           05m-22.1s (X)
     --------------------------------------------------------------------------------------------
     p-DIAGOX done in 01.3s with a SCALAPACK grid (8x8)
     --------------------------------------------------------------------------------------------
        
       -3.00966  -2.82602  -2.81676  -2.80221  -2.80165  -2.77523  -2.75163  -2.75124  -2.64067
       -2.60954  -2.60919  -2.58455  -2.57826  -2.57798  -2.12916  -2.10887  -2.02591  -1.97428
       -1.97398  -1.96894  -1.96789  -1.95742  -1.94958  -1.94467  -1.94414  -1.94369  -1.94311
       -1.93576  -1.91265  -1.90770  -1.90686  -1.90376  -1.90301  -1.89716  -1.88859  -1.88687
       -1.88647  -1.88206  -1.88188  -1.83267  -1.82981  -1.82815  -1.82215  -1.82129  -1.81776
       -1.80139  -1.80077  -1.79532  -1.79471  -1.79222  -1.77075  -1.76983  -1.76559  -1.30088
       -1.25477  -1.24616  -1.24567  -1.24167  -1.23895  -1.23885  -1.23646  -1.23501  -1.23468
       -1.20226  -1.20164  -1.03848  -1.02055  -1.01185  -0.99974  -0.99823  -0.99175  -0.99038
       -0.98377  -0.94046  -0.90220  -0.86680  -0.86350  -0.86287  -0.85377  -0.85245  -0.83617
       -0.82674  -0.82544  -0.82436  -0.82009  -0.81882  -0.81826  -0.81723  -0.81663  -0.81570
       -0.81497  -0.81107  -0.81038  -0.80929  -0.80876  -0.80823  -0.80748  -0.80404  -0.80316
       -0.80195  -0.80159  -0.79483  -0.79375  -0.79298  -0.78292  -0.78196  -0.77897  -0.77808
       -0.77764  -0.77261  -0.77044  -0.77015  -0.76747  -0.76498  -0.76414  -0.74688  -0.74415
       -0.73816  -0.73628  -0.71222  -0.71042  -0.69172  -0.68017  -0.67149  -0.67086  -0.66086
       -0.66022  -0.65799  -0.65667  -0.65482  -0.65463  -0.65403  -0.65343  -0.65242  -0.65053
       -0.65014  -0.64769  -0.64703  -0.64534  -0.64408  -0.62780  -0.58835  -0.58663  -0.58333
       -0.57891  -0.57693  -0.57614  -0.57531  -0.57406  -0.57229  -0.57027  -0.56956  -0.56796
       -0.56679  -0.56398  -0.56016  -0.55949  -0.55560  -0.55472  -0.55363  -0.55253  -0.55187
       -0.54838  -0.54717  -0.54590  -0.54453  -0.54367  -0.54131  -0.52401  -0.51295  -0.51262
       -0.51108  -0.50968  -0.50786  -0.50735  -0.50622  -0.50501  -0.50421  -0.50373  -0.50284
       -0.50210  -0.50075  -0.50022  -0.49823  -0.49745  -0.49596  -0.49509  -0.49461  -0.49373
       -0.49180  -0.49134  -0.49059  -0.48991  -0.48864  -0.48687  -0.48463  -0.47803  -0.47380
       -0.47312  -0.47024  -0.47001  -0.46775  -0.46662  -0.46504  -0.46400  -0.46342  -0.46211
       -0.45989  -0.44666  -0.44506  -0.44373  -0.44237  -0.44074  -0.43922  -0.43759  -0.43430
       -0.38448  -0.38315  -0.37976  -0.37240  -0.37109  -0.37042  -0.36851  -0.36765  -0.36680
       -0.36639  -0.36579  -0.36535  -0.36445  -0.36393  -0.36348  -0.36221  -0.36132  -0.36107
       -0.36056  -0.35974  -0.35947  -0.35879  -0.35826  -0.35801  -0.35700  -0.35637  -0.35549
       -0.35448  -0.35384  -0.35265  -0.35135  -0.35045  -0.34985  -0.34907  -0.34775  -0.34733
       -0.34644  -0.34560  -0.34451  -0.34374  -0.34276  -0.34217  -0.34147  -0.34117  -0.34085
       -0.34044  -0.34012  -0.33942  -0.33879  -0.33831  -0.33802  -0.33734  -0.33694  -0.33628
       -0.33517  -0.33499  -0.33439  -0.33403  -0.33372  -0.33311  -0.33206  -0.33140  -0.33089
       -0.33036  -0.32996  -0.32915  -0.32796  -0.32701  -0.32643  -0.32580  -0.32450  -0.32304
       -0.32206  -0.32160  -0.32070  -0.31933  -0.31849  -0.31661  -0.31481  -0.31120  -0.29560
       -0.29129  -0.29007  -0.28906  -0.28846  -0.28738  -0.28676  -0.28575  -0.28395  -0.28281
       -0.28188  -0.28074  -0.27972  -0.27843  -0.27760  -0.27706  -0.27557  -0.27452  -0.27330
       -0.27247  -0.27173  -0.27109  -0.26990  -0.26795  -0.26572  -0.26460  -0.26394  -0.26350
       -0.26266  -0.26234  -0.26186  -0.26136  -0.26105  -0.26047  -0.26002  -0.25968  -0.25903
       -0.25850  -0.25843  -0.25772  -0.25743  -0.25699  -0.25640  -0.25588  -0.25561  -0.25508
       -0.25457  -0.25436  -0.25380  -0.25351  -0.25290  -0.25252  -0.25216  -0.25180  -0.25119
       -0.25063  -0.25023  -0.24973  -0.24923  -0.24900  -0.24842  -0.24819  -0.24749  -0.24715
       -0.24643  -0.24601  -0.24549  -0.24479  -0.24434  -0.24377  -0.24337  -0.24291  -0.24195
       -0.24169  -0.24138  -0.24065  -0.23991  -0.23983  -0.23953  -0.23919  -0.23870  -0.23783
       -0.23758  -0.23728  -0.23693  -0.23673  -0.23607  -0.23550  -0.23507  -0.23457  -0.23420
       -0.23394  -0.23338  -0.23307  -0.23228  -0.23184  -0.23160  -0.23129  -0.23088  -0.23034
       -0.22977  -0.22922  -0.22868  -0.22836  -0.22800  -0.22763  -0.22707  -0.22671  -0.22640
       -0.22556  -0.22532  -0.22486  -0.22436  -0.22395  -0.22348  -0.22290  -0.22246  -0.22199
       -0.22081  -0.22063  -0.22042  -0.21963  -0.21904  -0.21873  -0.21824  -0.21791  -0.21772
       -0.21707  -0.21617  -0.21578  -0.21544  -0.21488  -0.21431  -0.21388  -0.21351  -0.21267
       -0.21231  -0.21182  -0.21134  -0.21109  -0.21054  -0.21000  -0.20908  -0.20854  -0.20807
       -0.20785  -0.20762  -0.20620  -0.20603  -0.20560  -0.20519  -0.20460  -0.20396  -0.20343
       -0.20270  -0.20231  -0.20160  -0.20129  -0.20075  -0.19980  -0.19954  -0.19894  -0.19849
       -0.19789  -0.19695  -0.19608  -0.19588  -0.19466  -0.19434  -0.19322  -0.19230  -0.19180
       -0.19142  -0.19009  -0.18941  -0.18904  -0.18854  -0.18719  -0.18601  -0.18536  -0.18490
       -0.18428  -0.18367  -0.18291  -0.18219  -0.18156  -0.18050  -0.17987  -0.17901  -0.17873
       -0.17745  -0.17686  -0.17608  -0.17548  -0.17444  -0.17406  -0.17350  -0.17299  -0.17223
       -0.17155  -0.17083  -0.16983  -0.16939  -0.16867  -0.16828  -0.16741  -0.16669  -0.16614
       -0.16565  -0.16539  -0.16443  -0.16387  -0.16341  -0.16298  -0.16268  -0.16166  -0.16132
       -0.16095  -0.15991  -0.15923  -0.15875  -0.15848  -0.15813  -0.15782  -0.15725  -0.15699
       -0.15603  -0.15580  -0.15524  -0.15489  -0.15456  -0.15395  -0.15381  -0.15325  -0.15281
       -0.15251  -0.15222  -0.15184  -0.15160  -0.15116  -0.15071  -0.15011  -0.14968  -0.14892
       -0.14860  -0.14821  -0.14787  -0.14759  -0.14717  -0.14694  -0.14675  -0.14620  -0.14583
       -0.14565  -0.14506  -0.14436  -0.14396  -0.14358  -0.14342  -0.14290  -0.14267  -0.14220
       -0.14201  -0.14152  -0.14075  -0.14060  -0.14029  -0.13989  -0.13944  -0.13916  -0.13883
       -0.13815  -0.13779  -0.13746  -0.13716  -0.13661  -0.13628  -0.13605  -0.13536  -0.13519
       -0.13482  -0.13441  -0.13392  -0.13367  -0.13301  -0.13279  -0.13247  -0.13178  -0.13158
       -0.13120  -0.13066  -0.13025  -0.12991  -0.12945  -0.12929  -0.12839  -0.12810  -0.12792
       -0.12764  -0.12703  -0.12667  -0.12627  -0.12554  -0.12539  -0.12489  -0.12459  -0.12391
       -0.12352  -0.12296  -0.12264  -0.12252  -0.12215  -0.12146  -0.12107  -0.12062  -0.12000
       -0.11968  -0.11927  -0.11889  -0.11862  -0.11796  -0.11757  -0.11721  -0.11694  -0.11663
       -0.11609  -0.11583  -0.11550  -0.11516  -0.11448  -0.11432  -0.11380  -0.11357  -0.11322
       -0.11280  -0.11196  -0.11177  -0.11125  -0.11108  -0.11067  -0.11013  -0.10970  -0.10911
       -0.10896  -0.10845  -0.10806  -0.10754  -0.10728  -0.10688  -0.10671  -0.10626  -0.10588
       -0.10584  -0.10510  -0.10451  -0.10402  -0.10386  -0.10346  -0.10316  -0.10286  -0.10226
       -0.10210  -0.10153  -0.10133  -0.10093  -0.10065  -0.10033  -0.09984  -0.09892  -0.09889
       -0.09861  -0.09834  -0.09792  -0.09766  -0.09728  -0.09677  -0.09671  -0.09613  -0.09584
       -0.09544  -0.09503  -0.09469  -0.09435  -0.09366  -0.09355  -0.09293  -0.09251  -0.09228
       -0.09196  -0.09180  -0.09126  -0.09089  -0.09074  -0.08997  -0.08969  -0.08926  -0.08899
       -0.08888  -0.08851  -0.08797  -0.08766  -0.08753  -0.08713  -0.08672  -0.08630  -0.08607
       -0.08558  -0.08538  -0.08517  -0.08492  -0.08448  -0.08434  -0.08384  -0.08346  -0.08289
       -0.08263  -0.08236  -0.08202  -0.08160  -0.08138  -0.08102  -0.08084  -0.08069  -0.08034
       -0.08022  -0.07978  -0.07956  -0.07924  -0.07876  -0.07854  -0.07837  -0.07807  -0.07761
       -0.07749  -0.07707  -0.07685  -0.07653  -0.07611  -0.07590  -0.07554  -0.07531  -0.07472
       -0.07448  -0.07422  -0.07411  -0.07377  -0.07351  -0.07312  -0.07289  -0.07274  -0.07224
       -0.07205  -0.07181  -0.07158  -0.07128  -0.07093  -0.07056  -0.07022  -0.06982  -0.06949
       -0.06926  -0.06894  -0.06866  -0.06845  -0.06808  -0.06786  -0.06748  -0.06725  -0.06696
       -0.06671  -0.06646  -0.06586  -0.06566  -0.06531  -0.06505  -0.06465  -0.06451  -0.06421
       -0.06377  -0.06362  -0.06339  -0.06311  -0.06274  -0.06248  -0.06219  -0.06160  -0.06116
       -0.06088  -0.06054  -0.06026  -0.05977  -0.05962  -0.05919  -0.05881  -0.05849  -0.05786
       -0.05754  -0.05703  -0.05668  -0.05639  -0.05587  -0.05524  -0.05473  -0.05434
        
     --------------------------------------------------------------------------------------------
     Tot. elapsed time 05m-50.5s,  time spent in last iteration 05m-50.5s
     --------------------------------------------------------------------------------------------

     [I/O] -------------------------------------------------------
     [I/O] RESTART written in < 00.1s             
     [I/O] In location   : ./n2.wstat.restart
     [I/O] -------------------------------------------------------

                       *----------*              *----------*               *----------*
     #     Iteration = |        1 |   DFPT_dim = |      800 |   Diago_dim = |     1600 |
                       *----------*              *----------*               *----------*
     per-process dynamical memory   131.4 Mb
  
       
     --------------------------------------------------------------------------------------------
     Sternheimer eq. solver... with threshold =   1.000000E-12           
     --------------------------------------------------------------------------------------------
     in progress... |#                   | 005% :               29.6s (E)           09m-52.4s (X)
     in progress... |##                  | 010% :               59.1s (E)           09m-51.1s (X)
     in progress... |###                 | 015% :           01m-28.3s (E)           09m-49.0s (X)
     in progress... |####                | 020% :           01m-57.2s (E)           09m-46.0s (X)
     in progress... |#####               | 025% :           02m-26.2s (E)           09m-45.1s (X)
     in progress... |######              | 030% :           02m-55.0s (E)           09m-43.3s (X)
     in progress... |#######             | 035% :           03m-24.0s (E)           09m-42.8s (X)
     in progress... |########            | 040% :           03m-52.9s (E)           09m-42.4s (X)
     in progress... |#########           | 045% :           04m-21.9s (E)           09m-42.1s (X)
     in progress... |##########          | 050% :           04m-51.2s (E)           09m-42.4s (X)
     in progress... |###########         | 055% :           05m-20.6s (E)           09m-43.0s (X)
     in progress... |############        | 060% :           05m-49.9s (E)           09m-43.2s (X)
     in progress... |#############       | 065% :           06m-19.1s (E)           09m-43.2s (X)
     in progress... |##############      | 070% :           06m-47.9s (E)           09m-42.8s (X)
     in progress... |###############     | 075% :           07m-16.8s (E)           09m-42.4s (X)
     in progress... |################    | 080% :           07m-45.5s (E)           09m-41.9s (X)
     in progress... |#################   | 085% :           08m-16.1s (E)           09m-43.7s (X)
     in progress... |##################  | 090% :           08m-44.9s (E)           09m-43.3s (X)
     in progress... |################### | 095% :           09m-14.3s (E)           09m-43.5s (X)
     in progress... |####################| 100% :           09m-43.4s (E)           09m-43.4s (X)
     --------------------------------------------------------------------------------------------
     p-DIAGOX done in 02.3s with a SCALAPACK grid (8x8)
     --------------------------------------------------------------------------------------------
        
       -3.01681  -2.83242  -2.82258  -2.80796  -2.80796  -2.78104  -2.75733  -2.75733  -2.64672
       -2.61502  -2.61502  -2.59051  -2.58395  -2.58395  -2.13801  -2.11760  -2.03480  -1.98145
       -1.98145  -1.97590  -1.97590  -1.96447  -1.95701  -1.95172  -1.95172  -1.95123  -1.95123
       -1.94247  -1.91916  -1.91374  -1.91374  -1.91018  -1.91018  -1.90377  -1.89498  -1.89305
       -1.89305  -1.88855  -1.88855  -1.84096  -1.83732  -1.83732  -1.83011  -1.83010  -1.82596
       -1.80981  -1.80978  -1.80297  -1.80297  -1.80129  -1.77841  -1.77841  -1.77419  -1.30918
       -1.26019  -1.25139  -1.25139  -1.24700  -1.24475  -1.24475  -1.24228  -1.24070  -1.24070
       -1.20776  -1.20776  -1.04545  -1.02823  -1.02233  -1.00577  -1.00576  -0.99797  -0.99797
       -0.99114  -0.95169  -0.91268  -0.87549  -0.87123  -0.87123  -0.86096  -0.86096  -0.84379
       -0.83461  -0.83367  -0.83367  -0.82809  -0.82609  -0.82609  -0.82521  -0.82521  -0.82458
       -0.82458  -0.81786  -0.81786  -0.81722  -0.81692  -0.81692  -0.81578  -0.81155  -0.81154
       -0.81043  -0.81043  -0.80244  -0.80244  -0.80141  -0.79032  -0.79032  -0.78655  -0.78655
       -0.78628  -0.78051  -0.77923  -0.77923  -0.77569  -0.77347  -0.77347  -0.75934  -0.75313
       -0.74742  -0.74742  -0.72100  -0.72100  -0.70288  -0.69080  -0.68106  -0.68106  -0.66972
       -0.66972  -0.66807  -0.66563  -0.66427  -0.66427  -0.66328  -0.66328  -0.66174  -0.66174
       -0.66044  -0.65729  -0.65729  -0.65531  -0.65531  -0.63884  -0.60122  -0.60122  -0.59592
       -0.59061  -0.58900  -0.58900  -0.58824  -0.58823  -0.58382  -0.58353  -0.58353  -0.58076
       -0.58076  -0.57573  -0.57263  -0.57263  -0.56829  -0.56829  -0.56774  -0.56774  -0.56709
       -0.56281  -0.55900  -0.55899  -0.55871  -0.55871  -0.55707  -0.53792  -0.52801  -0.52799
       -0.52587  -0.52401  -0.52400  -0.52400  -0.52242  -0.51991  -0.51942  -0.51941  -0.51926
       -0.51925  -0.51569  -0.51568  -0.51334  -0.51333  -0.51168  -0.51044  -0.50866  -0.50865
       -0.50841  -0.50818  -0.50817  -0.50720  -0.50417  -0.50415  -0.49947  -0.49424  -0.49222
       -0.49220  -0.48990  -0.48988  -0.48961  -0.48956  -0.48721  -0.48505  -0.48504  -0.48230
       -0.48228  -0.46234  -0.46133  -0.46132  -0.45762  -0.45681  -0.45654  -0.45394  -0.45394
       -0.40065  -0.40064  -0.39175  -0.38828  -0.38824  -0.38117  -0.38101  -0.38099  -0.38075
       -0.37986  -0.37907  -0.37904  -0.37899  -0.37897  -0.37786  -0.37783  -0.37718  -0.37687
       -0.37613  -0.37611  -0.37458  -0.37457  -0.37338  -0.37335  -0.37327  -0.37293  -0.37224
       -0.37203  -0.37200  -0.37172  -0.37169  -0.37132  -0.37118  -0.37116  -0.37049  -0.37047
       -0.36937  -0.36933  -0.36926  -0.36924  -0.36868  -0.36719  -0.36716  -0.35649  -0.35486
       -0.35261  -0.35228  -0.35225  -0.35157  -0.35137  -0.35134  -0.35099  -0.35099  -0.35046
       -0.35046  -0.35001  -0.34996  -0.34984  -0.34981  -0.34954  -0.34950  -0.34847  -0.34833
       -0.34777  -0.34775  -0.34723  -0.34679  -0.34583  -0.34580  -0.34576  -0.34409  -0.34407
       -0.34281  -0.34279  -0.34273  -0.34178  -0.34177  -0.34147  -0.33583  -0.33578  -0.31264
       -0.31186  -0.31181  -0.30853  -0.30849  -0.30732  -0.30709  -0.30619  -0.30609  -0.30472
       -0.30466  -0.30413  -0.30405  -0.30394  -0.30226  -0.30139  -0.30133  -0.29967  -0.29802
       -0.29797  -0.29756  -0.29349  -0.29345  -0.28681  -0.28672  -0.28605  -0.28598  -0.28458
       -0.28383  -0.28375  -0.28334  -0.28327  -0.28214  -0.28208  -0.28165  -0.28159  -0.28100
       -0.28094  -0.28079  -0.28033  -0.28024  -0.27968  -0.27960  -0.27946  -0.27941  -0.27931
       -0.27899  -0.27830  -0.27818  -0.27713  -0.27707  -0.27700  -0.27675  -0.27655  -0.27648
       -0.27633  -0.27620  -0.27618  -0.27523  -0.27516  -0.27439  -0.27431  -0.27357  -0.27343
       -0.27338  -0.27209  -0.27197  -0.27169  -0.27152  -0.27026  -0.26999  -0.26991  -0.26888
       -0.26763  -0.26688  -0.26684  -0.26604  -0.26596  -0.26268  -0.26248  -0.26239  -0.26189
       -0.26181  -0.26165  -0.26111  -0.26102  -0.26088  -0.26076  -0.26068  -0.26063  -0.26044
       -0.26034  -0.26011  -0.26004  -0.25861  -0.25855  -0.25797  -0.25720  -0.25714  -0.25592
       -0.25550  -0.25537  -0.25507  -0.25500  -0.25444  -0.25439  -0.25426  -0.25414  -0.25293
       -0.25280  -0.25260  -0.25246  -0.25233  -0.25231  -0.25195  -0.25185  -0.25132  -0.25127
       -0.25127  -0.25108  -0.25090  -0.25077  -0.25062  -0.25042  -0.25029  -0.25020  -0.25002
       -0.24989  -0.24923  -0.24911  -0.24898  -0.24888  -0.24856  -0.24852  -0.24803  -0.24675
       -0.24658  -0.24357  -0.24246  -0.24237  -0.24219  -0.24201  -0.24193  -0.24177  -0.24008
       -0.23989  -0.23969  -0.23959  -0.23949  -0.23710  -0.23705  -0.23680  -0.23659  -0.23611
       -0.23588  -0.23544  -0.23516  -0.23478  -0.23420  -0.23363  -0.23345  -0.23312  -0.23195
       -0.23031  -0.23016  -0.22794  -0.22785  -0.22750  -0.22740  -0.22687  -0.22624  -0.22564
       -0.22556  -0.22477  -0.22442  -0.22434  -0.22401  -0.22285  -0.22269  -0.22234  -0.22030
       -0.22009  -0.21934  -0.21920  -0.21904  -0.21877  -0.21865  -0.21806  -0.21784  -0.21745
       -0.21686  -0.21666  -0.21641  -0.21566  -0.21536  -0.21521  -0.21123  -0.20544  -0.20462
       -0.20446  -0.20418  -0.20405  -0.20376  -0.20279  -0.20267  -0.20208  -0.20181  -0.20060
       -0.20049  -0.20028  -0.19988  -0.19966  -0.19923  -0.19900  -0.19876  -0.19826  -0.19690
       -0.19675  -0.19666  -0.19628  -0.19400  -0.19035  -0.19030  -0.18980  -0.18489  -0.18462
       -0.18342  -0.18325  -0.18279  -0.18172  -0.18152  -0.18141  -0.18130  -0.18116  -0.18093
       -0.18072  -0.18032  -0.18017  -0.18002  -0.17976  -0.17950  -0.17920  -0.17911  -0.17890
       -0.17883  -0.17865  -0.17840  -0.17805  -0.17790  -0.17779  -0.17765  -0.17730  -0.17681
       -0.17659  -0.17628  -0.17576  -0.17553  -0.17507  -0.17462  -0.17439  -0.17322  -0.17287
       -0.17273  -0.17264  -0.17253  -0.17233  -0.17222  -0.17210  -0.17190  -0.17175  -0.17152
       -0.17149  -0.17138  -0.17132  -0.17109  -0.17101  -0.17070  -0.17061  -0.17036  -0.17019
       -0.17005  -0.16988  -0.16986  -0.16978  -0.16940  -0.16918  -0.16913  -0.16890  -0.16876
       -0.16859  -0.16822  -0.16811  -0.16767  -0.16737  -0.16708  -0.16683  -0.16632  -0.16616
       -0.16587  -0.16543  -0.16512  -0.16483  -0.16442  -0.16427  -0.16406  -0.16389  -0.16271
       -0.16258  -0.16229  -0.16192  -0.16168  -0.16118  -0.16043  -0.16020  -0.15988  -0.15934
       -0.15885  -0.15872  -0.15787  -0.15763  -0.15710  -0.15448  -0.15343  -0.15227  -0.15194
       -0.15124  -0.15072  -0.14903  -0.14844  -0.14830  -0.14811  -0.14796  -0.14784  -0.14759
       -0.14741  -0.14711  -0.14703  -0.14673  -0.14650  -0.14635  -0.14603  -0.14565  -0.14552
       -0.14497  -0.14424  -0.14379  -0.14359  -0.14331  -0.14298  -0.14266  -0.14253  -0.14212
       -0.14178  -0.14136  -0.14119  -0.14110  -0.14066  -0.14024  -0.13998  -0.13961  -0.13940
       -0.13846  -0.13791  -0.13692  -0.13638  -0.13567  -0.13559  -0.13552  -0.13517  -0.13431
       -0.13385  -0.13372  -0.13336  -0.13301  -0.13250  -0.13226  -0.13190  -0.13138  -0.13035
       -0.13016  -0.12994  -0.12965  -0.12949  -0.12905  -0.12894  -0.12884  -0.12858  -0.12826
       -0.12816  -0.12789  -0.12784  -0.12767  -0.12750  -0.12734  -0.12707  -0.12700  -0.12683
       -0.12672  -0.12664  -0.12630  -0.12612  -0.12597  -0.12574  -0.12557  -0.12540  -0.12527
       -0.12508  -0.12483  -0.12466  -0.12437  -0.12434  -0.12415  -0.12396  -0.12373  -0.12358
       -0.12332  -0.12329  -0.12296  -0.12267  -0.12246  -0.12213  -0.12186  -0.12158  -0.12116
       -0.12081  -0.12061  -0.12008  -0.11984  -0.11885  -0.11733  -0.11641  -0.11525  -0.11265
       -0.11214  -0.11149  -0.11135  -0.11065  -0.11025  -0.10988  -0.10971  -0.10954  -0.10912
       -0.10876  -0.10854  -0.10836  -0.10811  -0.10757  -0.10748  -0.10728  -0.10703  -0.10700
       -0.10669  -0.10640  -0.10623  -0.10604  -0.10590  -0.10576  -0.10548  -0.10529  -0.10507
       -0.10499  -0.10468  -0.10453  -0.10426  -0.10408  -0.10400  -0.10371  -0.10360  -0.10337
       -0.10316  -0.10300  -0.10283  -0.10262  -0.10255  -0.10233  -0.10216  -0.10204  -0.10173
       -0.10158  -0.10128  -0.10118  -0.10091  -0.10066  -0.10054  -0.10037  -0.10014  -0.09997
       -0.09972  -0.09956  -0.09944  -0.09912  -0.09891  -0.09870  -0.09839  -0.09823  -0.09797
       -0.09776  -0.09761  -0.09738  -0.09729  -0.09698  -0.09689  -0.09683  -0.09643
        
     --------------------------------------------------------------------------------------------
     Tot. elapsed time 15m-39.5s,  time spent in last iteration 09m-48.0s
     --------------------------------------------------------------------------------------------

     [I/O] -------------------------------------------------------
     [I/O] RESTART written in < 00.1s             
     [I/O] In location   : ./n2.wstat.restart
     [I/O] -------------------------------------------------------

                       *----------*              *----------*               *----------*
     #     Iteration = |        2 |   DFPT_dim = |      800 |   Diago_dim = |     2400 |
                       *----------*              *----------*               *----------*
     per-process dynamical memory   149.7 Mb
  
       
     --------------------------------------------------------------------------------------------
     Sternheimer eq. solver... with threshold =   1.000000E-12           
     --------------------------------------------------------------------------------------------
     in progress... |#                   | 005% :               28.6s (E)           09m-33.5s (X)
     in progress... |##                  | 010% :               57.1s (E)           09m-31.6s (X)
     in progress... |###                 | 015% :           01m-25.6s (E)           09m-31.1s (X)
     in progress... |####                | 020% :           01m-54.0s (E)           09m-30.1s (X)
     in progress... |#####               | 025% :           02m-22.2s (E)           09m-29.1s (X)
     in progress... |######              | 030% :           02m-50.3s (E)           09m-27.9s (X)
     in progress... |#######             | 035% :           03m-18.7s (E)           09m-27.9s (X)
     in progress... |########            | 040% :           03m-46.7s (E)           09m-26.9s (X)
     in progress... |#########           | 045% :           04m-14.8s (E)           09m-26.2s (X)
     in progress... |##########          | 050% :           04m-42.8s (E)           09m-25.7s (X)
     in progress... |###########         | 055% :           05m-11.1s (E)           09m-25.7s (X)
     in progress... |############        | 060% :           05m-39.4s (E)           09m-25.7s (X)
     in progress... |#############       | 065% :           06m-07.4s (E)           09m-25.2s (X)
     in progress... |##############      | 070% :           06m-35.6s (E)           09m-25.1s (X)
     in progress... |###############     | 075% :           07m-03.5s (E)           09m-24.7s (X)
     in progress... |################    | 080% :           07m-31.4s (E)           09m-24.2s (X)
     in progress... |#################   | 085% :           07m-59.4s (E)           09m-24.0s (X)
     in progress... |##################  | 090% :           08m-27.2s (E)           09m-23.6s (X)
     in progress... |################### | 095% :           08m-55.1s (E)           09m-23.3s (X)
     in progress... |####################| 100% :           09m-22.8s (E)           09m-22.8s (X)
     --------------------------------------------------------------------------------------------
     p-DIAGOX done in 05.2s with a SCALAPACK grid (8x8)
     --------------------------------------------------------------------------------------------
        
       -3.01682  -2.83242  -2.82258  -2.80796  -2.80796  -2.78104  -2.75733  -2.75733  -2.64672
       -2.61502  -2.61502  -2.59051  -2.58395  -2.58395  -2.13801  -2.11761  -2.03480  -1.98145
       -1.98145  -1.97591  -1.97591  -1.96447  -1.95701  -1.95172  -1.95172  -1.95123  -1.95123
       -1.94247  -1.91917  -1.91374  -1.91374  -1.91019  -1.91019  -1.90378  -1.89499  -1.89306
       -1.89306  -1.88856  -1.88856  -1.84096  -1.83732  -1.83732  -1.83011  -1.83011  -1.82597
       -1.80981  -1.80979  -1.80297  -1.80297  -1.80129  -1.77841  -1.77841  -1.77419  -1.30918
       -1.26020  -1.25139  -1.25139  -1.24700  -1.24475  -1.24475  -1.24228  -1.24070  -1.24070
       -1.20776  -1.20776  -1.04545  -1.02824  -1.02233  -1.00577  -1.00577  -0.99797  -0.99797
       -0.99114  -0.95170  -0.91268  -0.87549  -0.87124  -0.87124  -0.86097  -0.86097  -0.84380
       -0.83462  -0.83368  -0.83368  -0.82810  -0.82610  -0.82610  -0.82521  -0.82521  -0.82459
       -0.82459  -0.81787  -0.81787  -0.81722  -0.81693  -0.81693  -0.81578  -0.81155  -0.81155
       -0.81044  -0.81044  -0.80245  -0.80245  -0.80142  -0.79033  -0.79033  -0.78656  -0.78656
       -0.78628  -0.78052  -0.77924  -0.77924  -0.77569  -0.77348  -0.77348  -0.75935  -0.75314
       -0.74743  -0.74743  -0.72101  -0.72101  -0.70289  -0.69082  -0.68107  -0.68107  -0.66974
       -0.66974  -0.66808  -0.66564  -0.66429  -0.66429  -0.66329  -0.66329  -0.66176  -0.66176
       -0.66045  -0.65731  -0.65731  -0.65533  -0.65533  -0.63885  -0.60125  -0.60125  -0.59594
       -0.59064  -0.58903  -0.58903  -0.58826  -0.58826  -0.58385  -0.58356  -0.58356  -0.58079
       -0.58079  -0.57575  -0.57266  -0.57266  -0.56832  -0.56832  -0.56778  -0.56778  -0.56712
       -0.56284  -0.55903  -0.55903  -0.55874  -0.55874  -0.55710  -0.53796  -0.52806  -0.52806
       -0.52592  -0.52406  -0.52406  -0.52405  -0.52248  -0.51996  -0.51946  -0.51946  -0.51930
       -0.51930  -0.51574  -0.51574  -0.51338  -0.51338  -0.51173  -0.51049  -0.50871  -0.50871
       -0.50847  -0.50821  -0.50821  -0.50726  -0.50422  -0.50422  -0.49950  -0.49430  -0.49228
       -0.49228  -0.48997  -0.48997  -0.48969  -0.48964  -0.48727  -0.48511  -0.48511  -0.48237
       -0.48237  -0.46240  -0.46139  -0.46139  -0.45768  -0.45686  -0.45660  -0.45401  -0.45401
       -0.40072  -0.40072  -0.39182  -0.38840  -0.38840  -0.38128  -0.38111  -0.38111  -0.38083
       -0.37999  -0.37917  -0.37917  -0.37910  -0.37909  -0.37797  -0.37797  -0.37726  -0.37701
       -0.37624  -0.37624  -0.37471  -0.37471  -0.37356  -0.37356  -0.37338  -0.37313  -0.37236
       -0.37221  -0.37221  -0.37189  -0.37189  -0.37140  -0.37128  -0.37128  -0.37060  -0.37060
       -0.36956  -0.36956  -0.36951  -0.36935  -0.36890  -0.36730  -0.36730  -0.35669  -0.35497
       -0.35272  -0.35238  -0.35238  -0.35167  -0.35147  -0.35147  -0.35110  -0.35110  -0.35056
       -0.35056  -0.35012  -0.35008  -0.34994  -0.34994  -0.34966  -0.34966  -0.34858  -0.34843
       -0.34789  -0.34789  -0.34737  -0.34689  -0.34593  -0.34593  -0.34593  -0.34424  -0.34424
       -0.34296  -0.34296  -0.34292  -0.34196  -0.34196  -0.34163  -0.33601  -0.33601  -0.31293
       -0.31223  -0.31223  -0.30893  -0.30893  -0.30774  -0.30747  -0.30657  -0.30657  -0.30504
       -0.30504  -0.30442  -0.30439  -0.30426  -0.30250  -0.30162  -0.30162  -0.29987  -0.29835
       -0.29835  -0.29776  -0.29391  -0.29391  -0.28745  -0.28745  -0.28648  -0.28648  -0.28483
       -0.28416  -0.28416  -0.28389  -0.28389  -0.28266  -0.28256  -0.28213  -0.28213  -0.28143
       -0.28143  -0.28136  -0.28082  -0.28082  -0.28044  -0.28009  -0.28009  -0.27991  -0.27991
       -0.27956  -0.27877  -0.27877  -0.27771  -0.27747  -0.27747  -0.27725  -0.27697  -0.27697
       -0.27677  -0.27676  -0.27657  -0.27578  -0.27578  -0.27477  -0.27477  -0.27412  -0.27412
       -0.27381  -0.27248  -0.27248  -0.27229  -0.27203  -0.27075  -0.27038  -0.27038  -0.26939
       -0.26809  -0.26742  -0.26742  -0.26649  -0.26649  -0.26316  -0.26304  -0.26304  -0.26240
       -0.26239  -0.26210  -0.26151  -0.26151  -0.26140  -0.26126  -0.26126  -0.26123  -0.26096
       -0.26088  -0.26060  -0.26060  -0.25910  -0.25910  -0.25847  -0.25771  -0.25771  -0.25637
       -0.25611  -0.25611  -0.25556  -0.25556  -0.25492  -0.25492  -0.25482  -0.25478  -0.25364
       -0.25364  -0.25332  -0.25332  -0.25284  -0.25284  -0.25282  -0.25282  -0.25184  -0.25184
       -0.25173  -0.25171  -0.25162  -0.25162  -0.25139  -0.25094  -0.25089  -0.25089  -0.25086
       -0.25059  -0.24990  -0.24990  -0.24972  -0.24964  -0.24964  -0.24950  -0.24882  -0.24747
       -0.24746  -0.24411  -0.24304  -0.24304  -0.24293  -0.24283  -0.24252  -0.24252  -0.24074
       -0.24074  -0.24030  -0.24030  -0.24010  -0.23816  -0.23816  -0.23791  -0.23746  -0.23733
       -0.23733  -0.23655  -0.23655  -0.23630  -0.23477  -0.23463  -0.23463  -0.23423  -0.23343
       -0.23111  -0.23111  -0.22859  -0.22859  -0.22818  -0.22818  -0.22763  -0.22685  -0.22614
       -0.22614  -0.22530  -0.22503  -0.22503  -0.22481  -0.22355  -0.22355  -0.22298  -0.22118
       -0.22118  -0.22022  -0.22010  -0.22010  -0.21985  -0.21985  -0.21899  -0.21899  -0.21859
       -0.21787  -0.21773  -0.21773  -0.21672  -0.21672  -0.21638  -0.21227  -0.20669  -0.20547
       -0.20547  -0.20547  -0.20547  -0.20523  -0.20386  -0.20386  -0.20327  -0.20327  -0.20190
       -0.20190  -0.20166  -0.20129  -0.20128  -0.20070  -0.20031  -0.20004  -0.20003  -0.19854
       -0.19854  -0.19826  -0.19813  -0.19545  -0.19161  -0.19161  -0.19149  -0.18675  -0.18675
       -0.18502  -0.18502  -0.18419  -0.18302  -0.18292  -0.18291  -0.18283  -0.18283  -0.18268
       -0.18251  -0.18218  -0.18181  -0.18181  -0.18174  -0.18128  -0.18107  -0.18061  -0.18037
       -0.18037  -0.18034  -0.18033  -0.18002  -0.18002  -0.17981  -0.17981  -0.17968  -0.17866
       -0.17865  -0.17790  -0.17754  -0.17754  -0.17662  -0.17658  -0.17658  -0.17485  -0.17467
       -0.17466  -0.17445  -0.17445  -0.17389  -0.17382  -0.17362  -0.17349  -0.17348  -0.17318
       -0.17312  -0.17312  -0.17294  -0.17293  -0.17274  -0.17252  -0.17252  -0.17249  -0.17192
       -0.17191  -0.17182  -0.17169  -0.17169  -0.17137  -0.17125  -0.17124  -0.17120  -0.17104
       -0.17104  -0.17062  -0.17062  -0.17037  -0.16988  -0.16945  -0.16944  -0.16803  -0.16803
       -0.16787  -0.16787  -0.16716  -0.16698  -0.16669  -0.16648  -0.16623  -0.16622  -0.16450
       -0.16429  -0.16428  -0.16414  -0.16413  -0.16329  -0.16256  -0.16256  -0.16191  -0.16136
       -0.16136  -0.16079  -0.16025  -0.16025  -0.15927  -0.15645  -0.15498  -0.15442  -0.15442
       -0.15358  -0.15357  -0.15124  -0.15027  -0.15025  -0.15025  -0.15001  -0.15001  -0.14989
       -0.14966  -0.14947  -0.14947  -0.14920  -0.14896  -0.14895  -0.14881  -0.14863  -0.14777
       -0.14776  -0.14673  -0.14614  -0.14614  -0.14574  -0.14573  -0.14500  -0.14499  -0.14486
       -0.14419  -0.14363  -0.14355  -0.14333  -0.14332  -0.14321  -0.14272  -0.14271  -0.14224
       -0.14120  -0.14119  -0.14045  -0.13945  -0.13877  -0.13876  -0.13835  -0.13835  -0.13743
       -0.13742  -0.13656  -0.13656  -0.13652  -0.13550  -0.13549  -0.13547  -0.13530  -0.13382
       -0.13380  -0.13308  -0.13291  -0.13290  -0.13169  -0.13168  -0.13158  -0.13157  -0.13155
       -0.13145  -0.13119  -0.13114  -0.13106  -0.13105  -0.13074  -0.13064  -0.13061  -0.13060
       -0.13048  -0.13021  -0.13020  -0.13005  -0.13005  -0.13000  -0.12967  -0.12966  -0.12935
       -0.12934  -0.12933  -0.12913  -0.12911  -0.12901  -0.12865  -0.12853  -0.12852  -0.12837
       -0.12835  -0.12772  -0.12769  -0.12767  -0.12755  -0.12732  -0.12731  -0.12730  -0.12728
       -0.12686  -0.12685  -0.12680  -0.12529  -0.12528  -0.12202  -0.12191  -0.12118  -0.11785
       -0.11780  -0.11731  -0.11728  -0.11657  -0.11643  -0.11639  -0.11614  -0.11597  -0.11509
       -0.11504  -0.11457  -0.11454  -0.11411  -0.11408  -0.11259  -0.11257  -0.11231  -0.11226
       -0.11201  -0.11198  -0.11190  -0.11171  -0.11168  -0.11161  -0.11158  -0.11146  -0.11133
       -0.11099  -0.11096  -0.11094  -0.11088  -0.11085  -0.11076  -0.11068  -0.11029  -0.10985
       -0.10982  -0.10978  -0.10939  -0.10935  -0.10929  -0.10922  -0.10918  -0.10904  -0.10902
       -0.10898  -0.10892  -0.10881  -0.10877  -0.10841  -0.10838  -0.10762  -0.10738  -0.10735
       -0.10722  -0.10720  -0.10704  -0.10697  -0.10654  -0.10649  -0.10623  -0.10592  -0.10588
       -0.10503  -0.10486  -0.10484  -0.10377  -0.10372  -0.10352  -0.10306  -0.10230
        
     --------------------------------------------------------------------------------------------
     Tot. elapsed time 25m-19.6s,  time spent in last iteration 09m-31.2s
     --------------------------------------------------------------------------------------------

     [I/O] -------------------------------------------------------
     [I/O] RESTART written in < 00.1s             
     [I/O] In location   : ./n2.wstat.restart
     [I/O] -------------------------------------------------------

                       *----------*              *----------*               *----------*
     #     Iteration = |        3 |   DFPT_dim = |      331 |   Diago_dim = |     2731 |
                       *----------*              *----------*               *----------*
     per-process dynamical memory   149.4 Mb
  
       
     --------------------------------------------------------------------------------------------
     Sternheimer eq. solver... with threshold =   1.000000E-12           
     --------------------------------------------------------------------------------------------
     in progress... |#                   | 005% :               14.0s (E)           04m-40.1s (X)
     in progress... |##                  | 010% :               25.1s (E)           04m-11.1s (X)
     in progress... |###                 | 015% :               36.2s (E)           04m-01.8s (X)
     in progress... |####                | 020% :               47.4s (E)           03m-57.1s (X)
     in progress... |#####               | 025% :               58.5s (E)           03m-54.2s (X)
     in progress... |######              | 030% :           01m-09.7s (E)           03m-52.4s (X)
     in progress... |#######             | 035% :           01m-23.7s (E)           03m-59.2s (X)
     in progress... |########            | 040% :           01m-34.9s (E)           03m-57.3s (X)
     in progress... |#########           | 045% :           01m-46.1s (E)           03m-55.8s (X)
     in progress... |##########          | 050% :           01m-57.2s (E)           03m-54.4s (X)
     in progress... |###########         | 055% :           02m-08.3s (E)           03m-53.2s (X)
     in progress... |############        | 060% :           02m-19.3s (E)           03m-52.3s (X)
     in progress... |#############       | 065% :           02m-30.4s (E)           03m-51.5s (X)
     in progress... |##############      | 070% :           02m-44.4s (E)           03m-54.8s (X)
     in progress... |###############     | 075% :           02m-55.4s (E)           03m-53.9s (X)
     in progress... |################    | 080% :           03m-06.4s (E)           03m-53.1s (X)
     in progress... |#################   | 085% :           03m-17.5s (E)           03m-52.3s (X)
     in progress... |##################  | 090% :           03m-28.5s (E)           03m-51.7s (X)
     in progress... |################### | 095% :           03m-39.8s (E)           03m-51.3s (X)
     in progress... |####################| 100% :           03m-50.8s (E)           03m-50.8s (X)
     --------------------------------------------------------------------------------------------
     p-DIAGOX done in 07.4s with a SCALAPACK grid (8x8)
     --------------------------------------------------------------------------------------------
        
       -3.01682  -2.83242  -2.82258  -2.80796  -2.80796  -2.78104  -2.75733  -2.75733  -2.64672
       -2.61502  -2.61502  -2.59051  -2.58395  -2.58395  -2.13801  -2.11761  -2.03480  -1.98145
       -1.98145  -1.97591  -1.97591  -1.96447  -1.95701  -1.95172  -1.95172  -1.95123  -1.95123
       -1.94247  -1.91917  -1.91374  -1.91374  -1.91019  -1.91019  -1.90378  -1.89499  -1.89306
       -1.89306  -1.88856  -1.88856  -1.84096  -1.83732  -1.83732  -1.83011  -1.83011  -1.82597
       -1.80981  -1.80979  -1.80297  -1.80297  -1.80129  -1.77841  -1.77841  -1.77419  -1.30918
       -1.26020  -1.25139  -1.25139  -1.24700  -1.24475  -1.24475  -1.24228  -1.24070  -1.24070
       -1.20776  -1.20776  -1.04545  -1.02824  -1.02233  -1.00577  -1.00577  -0.99797  -0.99797
       -0.99114  -0.95170  -0.91268  -0.87549  -0.87124  -0.87124  -0.86097  -0.86097  -0.84380
       -0.83462  -0.83368  -0.83368  -0.82810  -0.82610  -0.82610  -0.82521  -0.82521  -0.82459
       -0.82459  -0.81787  -0.81787  -0.81722  -0.81693  -0.81693  -0.81578  -0.81155  -0.81155
       -0.81044  -0.81044  -0.80245  -0.80245  -0.80142  -0.79033  -0.79033  -0.78656  -0.78656
       -0.78628  -0.78052  -0.77924  -0.77924  -0.77569  -0.77348  -0.77348  -0.75935  -0.75314
       -0.74743  -0.74743  -0.72101  -0.72101  -0.70289  -0.69082  -0.68107  -0.68107  -0.66974
       -0.66974  -0.66808  -0.66564  -0.66429  -0.66429  -0.66329  -0.66329  -0.66176  -0.66176
       -0.66045  -0.65731  -0.65731  -0.65533  -0.65533  -0.63885  -0.60125  -0.60125  -0.59594
       -0.59064  -0.58903  -0.58903  -0.58826  -0.58826  -0.58385  -0.58356  -0.58356  -0.58079
       -0.58079  -0.57575  -0.57266  -0.57266  -0.56832  -0.56832  -0.56778  -0.56778  -0.56712
       -0.56284  -0.55903  -0.55903  -0.55874  -0.55874  -0.55710  -0.53796  -0.52806  -0.52806
       -0.52592  -0.52406  -0.52406  -0.52405  -0.52248  -0.51996  -0.51946  -0.51946  -0.51930
       -0.51930  -0.51574  -0.51574  -0.51338  -0.51338  -0.51173  -0.51049  -0.50871  -0.50871
       -0.50847  -0.50821  -0.50821  -0.50726  -0.50422  -0.50422  -0.49950  -0.49430  -0.49228
       -0.49228  -0.48997  -0.48997  -0.48969  -0.48964  -0.48727  -0.48511  -0.48511  -0.48237
       -0.48237  -0.46240  -0.46139  -0.46139  -0.45768  -0.45686  -0.45660  -0.45401  -0.45401
       -0.40072  -0.40072  -0.39182  -0.38840  -0.38840  -0.38128  -0.38111  -0.38111  -0.38083
       -0.37999  -0.37917  -0.37917  -0.37910  -0.37910  -0.37797  -0.37797  -0.37726  -0.37701
       -0.37624  -0.37624  -0.37471  -0.37471  -0.37356  -0.37356  -0.37338  -0.37313  -0.37236
       -0.37221  -0.37221  -0.37189  -0.37189  -0.37140  -0.37128  -0.37128  -0.37060  -0.37060
       -0.36956  -0.36956  -0.36951  -0.36935  -0.36890  -0.36730  -0.36730  -0.35669  -0.35497
       -0.35272  -0.35238  -0.35238  -0.35167  -0.35147  -0.35147  -0.35110  -0.35110  -0.35056
       -0.35056  -0.35012  -0.35008  -0.34994  -0.34994  -0.34966  -0.34966  -0.34858  -0.34843
       -0.34789  -0.34789  -0.34737  -0.34689  -0.34593  -0.34593  -0.34593  -0.34424  -0.34424
       -0.34296  -0.34296  -0.34292  -0.34196  -0.34196  -0.34163  -0.33601  -0.33601  -0.31293
       -0.31223  -0.31223  -0.30893  -0.30893  -0.30774  -0.30747  -0.30657  -0.30657  -0.30504
       -0.30504  -0.30442  -0.30439  -0.30426  -0.30250  -0.30162  -0.30162  -0.29987  -0.29835
       -0.29835  -0.29776  -0.29391  -0.29391  -0.28745  -0.28745  -0.28648  -0.28648  -0.28483
       -0.28416  -0.28416  -0.28389  -0.28389  -0.28266  -0.28256  -0.28214  -0.28214  -0.28143
       -0.28143  -0.28136  -0.28082  -0.28082  -0.28044  -0.28009  -0.28009  -0.27991  -0.27991
       -0.27956  -0.27877  -0.27877  -0.27771  -0.27747  -0.27747  -0.27725  -0.27698  -0.27698
       -0.27677  -0.27676  -0.27657  -0.27578  -0.27578  -0.27477  -0.27477  -0.27412  -0.27412
       -0.27381  -0.27248  -0.27248  -0.27229  -0.27204  -0.27075  -0.27039  -0.27039  -0.26940
       -0.26809  -0.26742  -0.26742  -0.26649  -0.26649  -0.26316  -0.26304  -0.26304  -0.26240
       -0.26240  -0.26210  -0.26151  -0.26151  -0.26140  -0.26126  -0.26126  -0.26123  -0.26096
       -0.26088  -0.26060  -0.26060  -0.25910  -0.25910  -0.25847  -0.25771  -0.25771  -0.25637
       -0.25611  -0.25611  -0.25556  -0.25556  -0.25492  -0.25492  -0.25482  -0.25478  -0.25364
       -0.25364  -0.25332  -0.25332  -0.25284  -0.25284  -0.25283  -0.25283  -0.25185  -0.25184
       -0.25173  -0.25171  -0.25162  -0.25162  -0.25140  -0.25094  -0.25089  -0.25089  -0.25086
       -0.25059  -0.24990  -0.24990  -0.24972  -0.24964  -0.24964  -0.24951  -0.24883  -0.24747
       -0.24747  -0.24411  -0.24304  -0.24304  -0.24293  -0.24283  -0.24252  -0.24252  -0.24074
       -0.24074  -0.24030  -0.24030  -0.24011  -0.23816  -0.23816  -0.23792  -0.23746  -0.23734
       -0.23734  -0.23656  -0.23656  -0.23631  -0.23477  -0.23463  -0.23463  -0.23423  -0.23343
       -0.23111  -0.23111  -0.22859  -0.22859  -0.22818  -0.22818  -0.22764  -0.22685  -0.22614
       -0.22614  -0.22530  -0.22504  -0.22504  -0.22481  -0.22355  -0.22355  -0.22298  -0.22119
       -0.22119  -0.22023  -0.22010  -0.22010  -0.21985  -0.21985  -0.21899  -0.21899  -0.21860
       -0.21787  -0.21773  -0.21773  -0.21672  -0.21672  -0.21638  -0.21227  -0.20669  -0.20548
       -0.20548  -0.20548  -0.20548  -0.20524  -0.20386  -0.20386  -0.20328  -0.20328  -0.20191
       -0.20191  -0.20166  -0.20129  -0.20129  -0.20070  -0.20032  -0.20004  -0.20004  -0.19855
       -0.19855  -0.19827  -0.19813  -0.19546  -0.19162  -0.19162  -0.19150  -0.18677  -0.18677
       -0.18503  -0.18503  -0.18420  -0.18303  -0.18293  -0.18293  -0.18284  -0.18284  -0.18269
       -0.18252  -0.18219  -0.18182  -0.18182  -0.18175  -0.18129  -0.18108  -0.18063  -0.18038
       -0.18038  -0.18034  -0.18034  -0.18003  -0.18003  -0.17982  -0.17982  -0.17969  -0.17867
       -0.17867  -0.17791  -0.17755  -0.17755  -0.17663  -0.17659  -0.17659  -0.17486  -0.17468
       -0.17468  -0.17447  -0.17447  -0.17391  -0.17383  -0.17363  -0.17350  -0.17350  -0.17320
       -0.17313  -0.17313  -0.17295  -0.17295  -0.17275  -0.17253  -0.17253  -0.17251  -0.17193
       -0.17193  -0.17184  -0.17170  -0.17170  -0.17139  -0.17126  -0.17126  -0.17122  -0.17106
       -0.17106  -0.17063  -0.17063  -0.17039  -0.16990  -0.16946  -0.16946  -0.16804  -0.16804
       -0.16788  -0.16788  -0.16718  -0.16700  -0.16671  -0.16649  -0.16624  -0.16624  -0.16452
       -0.16430  -0.16430  -0.16415  -0.16415  -0.16331  -0.16258  -0.16258  -0.16192  -0.16138
       -0.16138  -0.16081  -0.16027  -0.16027  -0.15929  -0.15647  -0.15499  -0.15444  -0.15444
       -0.15360  -0.15360  -0.15126  -0.15030  -0.15027  -0.15027  -0.15003  -0.15003  -0.14992
       -0.14968  -0.14950  -0.14950  -0.14923  -0.14898  -0.14898  -0.14884  -0.14866  -0.14779
       -0.14779  -0.14676  -0.14617  -0.14617  -0.14577  -0.14577  -0.14502  -0.14502  -0.14489
       -0.14421  -0.14366  -0.14358  -0.14335  -0.14335  -0.14323  -0.14275  -0.14275  -0.14228
       -0.14123  -0.14123  -0.14049  -0.13948  -0.13881  -0.13881  -0.13839  -0.13839  -0.13747
       -0.13747  -0.13660  -0.13660  -0.13657  -0.13554  -0.13554  -0.13552  -0.13535  -0.13388
       -0.13388  -0.13313  -0.13295  -0.13295  -0.13174  -0.13174  -0.13164  -0.13163  -0.13163
       -0.13150  -0.13125  -0.13120  -0.13112  -0.13112  -0.13083  -0.13070  -0.13067  -0.13067
       -0.13053  -0.13029  -0.13029  -0.13011  -0.13011  -0.13006  -0.12973  -0.12973  -0.12943
       -0.12941  -0.12941  -0.12920  -0.12920  -0.12907  -0.12871  -0.12859  -0.12859  -0.12844
       -0.12844  -0.12778  -0.12776  -0.12776  -0.12760  -0.12737  -0.12737  -0.12735  -0.12735
       -0.12692  -0.12692  -0.12687  -0.12536  -0.12536  -0.12212  -0.12201  -0.12127  -0.11800
       -0.11800  -0.11749  -0.11749  -0.11678  -0.11655  -0.11655  -0.11638  -0.11610  -0.11522
       -0.11522  -0.11474  -0.11474  -0.11426  -0.11426  -0.11275  -0.11275  -0.11246  -0.11246
       -0.11217  -0.11214  -0.11212  -0.11187  -0.11187  -0.11181  -0.11181  -0.11171  -0.11146
       -0.11115  -0.11115  -0.11112  -0.11109  -0.11109  -0.11104  -0.11093  -0.11047  -0.11005
       -0.11005  -0.10993  -0.10953  -0.10953  -0.10944  -0.10943  -0.10943  -0.10921  -0.10921
       -0.10921  -0.10919  -0.10896  -0.10896  -0.10861  -0.10861  -0.10778  -0.10751  -0.10751
       -0.10736  -0.10736  -0.10716  -0.10708  -0.10668  -0.10668  -0.10638  -0.10608  -0.10608
       -0.10521  -0.10504  -0.10504  -0.10396  -0.10396  -0.10372  -0.10323  -0.10247
        
     --------------------------------------------------------------------------------------------
     Tot. elapsed time 29m-28.2s,  time spent in last iteration 04m-00.1s
     --------------------------------------------------------------------------------------------
      
     --------------------------------------------------------------------------------------------
     SAVE written in 02.4s               
     In location : ./n2.wstat.save
     --------------------------------------------------------------------------------------------
       
     --------------------------------------------------------------------------------------------
     Convergence achieved !!! in        3 steps                          
     --------------------------------------------------------------------------------------------
 
     Number of q in the star =    1
     List of q in the star:
          1   0.000000000   0.000000000   0.000000000
 imq =            1
 ichosen_sym(           1 ) =            1
 Index in this start is :            1
 Index in q_grid is :            1
     WSTAT        : 28m39.24s CPU    29m42.82s WALL

     wstat_readin :      0.41s CPU      0.54s WALL (       1 calls)
     fetch_input  :      0.03s CPU      0.03s WALL (       2 calls)
     read_xml     :      0.24s CPU      0.31s WALL (       1 calls)
     init_vloc    :      0.07s CPU      0.07s WALL (       2 calls)
     fft          :      0.01s CPU      0.01s WALL (      11 calls)
     fft_scatter  :    300.87s CPU    305.93s WALL ( 5439583 calls)
     v_of_rho     :      0.01s CPU      0.01s WALL (       1 calls)
     v_xc         :      0.01s CPU      0.01s WALL (       1 calls)
     v_h          :      0.00s CPU      0.00s WALL (       1 calls)
     read_wave    :      0.12s CPU      0.17s WALL (       1 calls)
     davcio       :      0.00s CPU      0.04s WALL (       7 calls)
     init_us_1    :      0.02s CPU      0.03s WALL (       2 calls)
     do_setup     :      0.05s CPU      0.06s WALL (       1 calls)
     init_pw_ar   :      0.05s CPU      0.06s WALL (       1 calls)
     init_at_1    :      0.00s CPU      0.00s WALL (       1 calls)
     chidiago     :   1718.66s CPU   1781.88s WALL (       1 calls)
     sqvc_init    :      0.00s CPU      0.00s WALL (       1 calls)
     randomize    :      0.27s CPU      0.27s WALL (       1 calls)
     paramgs      :      2.32s CPU      2.36s WALL (       5 calls)
     dfpt         :   1691.89s CPU   1719.31s WALL (       5 calls)
     init_us_2    :      0.01s CPU      0.01s WALL (       5 calls)
     fftw         :    944.25s CPU    961.31s WALL ( 5439572 calls)
     alphapc      :      3.99s CPU      4.05s WALL (     883 calls)
     wstat_restar :      4.86s CPU     24.18s WALL (       4 calls)
     linstern     :   1601.97s CPU   1627.74s WALL (     683 calls)
     stern        :   1517.58s CPU   1542.73s WALL (   38318 calls)
     h_psi_bgrp   :   1392.90s CPU   1416.61s WALL (   38318 calls)
     h_psi        :   1392.73s CPU   1416.49s WALL (   38318 calls)
     h_psi:pot    :   1378.61s CPU   1402.18s WALL (   38318 calls)
     vloc_psi     :    947.80s CPU    965.03s WALL (   38318 calls)
     h_psi:calbec :    224.65s CPU    230.09s WALL (   38318 calls)
     calbec       :    224.47s CPU    229.96s WALL (   38318 calls)
     add_vuspsi   :    205.76s CPU    206.78s WALL (   38318 calls)
     alphapv      :    113.81s CPU    115.26s WALL (   38318 calls)
     build_hr     :      0.98s CPU      1.08s WALL (       4 calls)
     diagox       :     14.52s CPU     16.42s WALL (       4 calls)
     redistr_vr   :      0.67s CPU      1.49s WALL (       3 calls)
     update_vr    :      1.05s CPU      1.18s WALL (       3 calls)
     symm_hr      :      0.81s CPU      1.60s WALL (       3 calls)
     chidiago:las :      0.00s CPU      0.00s WALL (       1 calls)
     refresh_vr   :      0.47s CPU      0.49s WALL (       1 calls)
     pdep_db      :      0.48s CPU      2.49s WALL (       1 calls)
 
     WSTAT        : 28m39.25s CPU    29m42.87s WALL

 
   This run was terminated on:   9:32: 1  26Jan2021            

=------------------------------------------------------------------------------=
   JOB DONE.
=------------------------------------------------------------------------------=
