
     Program WELPH v. 3.1.1 starts on 10Mar2021 at 20:37:22 

     This program is part of the open-source West suite
     for massively parallel calculations of excited states in materials; please cite
         "M. Govoni et al., J. Chem. Theory Comput. 11, 2680 (2015);
          URL http://www.west-code.org", 
     in publications or presentations arising from this work.

     Based on the Quantum ESPRESSO v. 6.1 svn rev. 13369

     I/O is Little Endian
       
     --------------------------------------------------------------------------------------------
     **MPI** Parallelization Status                                      
     --------------------------------------------------------------------------------------------
                    80                   2             1             1            40
     --------------------------------------------------------------------------------------------
                     N         =         I      X      P      X      B      X      Z
                     ^                   ^             ^             ^             ^
                     |                   |             |             |             |
                   #rnk                  |             |             |             |
                                      #image           |             |             |
                                                     #pool           |             |
                                                                   #bgrp           |
                                                                                 #R&G
     --------------------------------------------------------------------------------------------
     **OPENMP** Parallelization Status
     #thr/rnk               =            1
     --------------------------------------------------------------------------------------------
     #prc = (rnk) * (thr) =           80
     --------------------------------------------------------------------------------------------
       
     --------------------------------------------------------------------------------------------
     I/O Summary : input_west                                            
     --------------------------------------------------------------------------------------------
     qe_prefix      = c
     west_prefix    = c
     outdir         = ./
     --------------------------------------------------------------------------------------------

     Reading data from directory:
     ./c.save

   Info: using nr1, nr2, nr3 values from input

   Info: using nr1, nr2, nr3 values from input

     IMPORTANT: XC functional enforced from input :
     Exchange-correlation      = PBE ( 1  4  3  4 0 0)
     Any further DFT definition will be discarded
     Please, verify this is what you really want

     Message from routine readpp:
     file ./c.save/C_ONCV_PBE-1.0.upf not found
 
     Parallelization info
     --------------------
     sticks:   dense  smooth     PW     G-vecs:    dense   smooth      PW
     Min           9       9      3                  115      115      20
     Max          10      10      4                  119      119      24
     Sum         367     367    121                 4645     4645     869
 
       
     --------------------------------------------------------------------------------------------
     I/O Summary : wstat_control                                         
     --------------------------------------------------------------------------------------------
     wstat_calculation              =              S
     n_pdep_eigen                   =            150
     n_pdep_times                   =              4
     n_pdep_maxiter                 =            100
     n_dfpt_maxiter                 =            250
     n_pdep_read_from_file          =              0
     trev_pdep                      =   1.000000E-03
     trev_pdep_rel                  =   1.000000E-01
     tr2_dfpt                       =   1.000000E-12
     l_kinetic_only                 =              F
     l_minimize_exx_if_active       =              F
     l_use_ecutrho                  =              F
     l_use_symm                     =              T
     l_real_space_pdep              =              F
     nq(1)                          =              3
     nq(2)                          =              3
     nq(3)                          =              3
     --------------------------------------------------------------------------------------------
       
     --------------------------------------------------------------------------------------------
     I/O Summary : wfreq_control                                         
     --------------------------------------------------------------------------------------------
     wfreq_calculation                        =           XWGQ
     n_pdep_eigen_to_use                      =            150
     qp_bandrange(1)                          =              1
     qp_bandrange(2)                          =              2
     macropol_calculation                     =              C
     n_lanczos                                =             30
     n_imfreq                                 =            128
     n_refreq                                 =            272
     ecut_imfreq [Ry]                         =     240.000000
     ecut_refreq [Ry]                         =       2.000000
     wfreq_eta [Ry]                           =       0.003675
     n_secant_maxiter                         =             21
     trev_secant [Ry]                         =       0.003675
     l_enable_lanczos                         =              T
     l_enable_gwetot                          =              F
     o_restart_time [min]                     =       0.000000
     ecut_spectralf(1) [Ry]                   =      -2.000000
     ecut_spectralf(2) [Ry]                   =       2.000000
     n_spectralf                              =             10
     l_read_common_pdep                       =              F
     l_enable_gb_curvature                    =              T
     --------------------------------------------------------------------------------------------
       
     --------------------------------------------------------------------------------------------
     I/O Summary : welph_control                                         
     --------------------------------------------------------------------------------------------
     welph_calculation                        =             XP
     welph_n_pdep_eigen_to_use                =            150
     asr                                      =              1
     welph_band_range(1)                      =              1
     welph_band_range(2)                      =              8
     do_scr                                   =              T
     do_fxc                                   =              T
     welph_read_common_pdep                   =              T
     loto                                     =              F
     lsym                                     =              F
     l_adiabatic                              =              T
     l_enabel_gw                              =              T
     l_fd_fxc                                 =              F
     q_direction(1)                           =       1.000000
     q_direction(2)                           =       0.000000
     q_direction(3)                           =       0.000000
     welph_eta                                =       0.100000
     temperature                              =       0.000000
     --------------------------------------------------------------------------------------------
       
     --------------------------------------------------------------------------------------------
     System Overview                                                     
     --------------------------------------------------------------------------------------------
     gamma_only           =              F
     ecutwfc [Ry]         =      60.000000
     ecutrho [Ry]         =     240.000000
     omega [au^3]         =   7.433490E+01
     nbnd                 =              8
     nkstot               =             27
     nspin                =              1
     nelec                =       8.000000
     npol                 =              1
     lsda                 =              F
     noncolin             =              F
     lspinorb             =              F
     domag                =              F
     --------------------------------------------------------------------------------------------

     3DFFT grid
        s : (  24,  24,  24)
        p : (  24,  24,  24)

     Direct Lattice Cell [a.u.]
        a1 = (    -3.3372412     0.0000000     3.3372412)
        a2 = (     0.0000000     3.3372412     3.3372412)
        a3 = (    -3.3372412     3.3372412     0.0000000)

     Reciprocal Lattice Cell [a.u.]
        b1 = (    -0.9413742    -0.9413742     0.9413742)
        b2 = (     0.9413742     0.9413742     0.9413742)
        b3 = (    -0.9413742     0.9413742    -0.9413742)
      

     Brillouin Zone sampling [cryst. coord.]
 
        k(000001) = (     0.0000000     0.0000000     0.0000000)
        k(000002) = (     0.0000000     0.0000000     0.3333333)
        k(000003) = (     0.0000000     0.0000000    -0.3333333)
        k(000004) = (     0.0000000     0.3333333     0.0000000)
        k(000005) = (     0.0000000     0.3333333     0.3333333)
        k(000006) = (     0.0000000     0.3333333    -0.3333333)
        k(000007) = (     0.0000000    -0.3333333     0.0000000)
        k(000008) = (     0.0000000    -0.3333333     0.3333333)
        k(000009) = (     0.0000000    -0.3333333    -0.3333333)
        k(000010) = (     0.3333333     0.0000000     0.0000000)
        k(000011) = (     0.3333333     0.0000000     0.3333333)
        k(000012) = (     0.3333333     0.0000000    -0.3333333)
        k(000013) = (     0.3333333     0.3333333     0.0000000)
        k(000014) = (     0.3333333     0.3333333     0.3333333)
        k(000015) = (     0.3333333     0.3333333    -0.3333333)
        k(000016) = (     0.3333333    -0.3333333     0.0000000)
        k(000017) = (     0.3333333    -0.3333333     0.3333333)
        k(000018) = (     0.3333333    -0.3333333    -0.3333333)
        k(000019) = (    -0.3333333     0.0000000     0.0000000)
        k(000020) = (    -0.3333333     0.0000000     0.3333333)
        k(000021) = (    -0.3333333     0.0000000    -0.3333333)
        k(000022) = (    -0.3333333     0.3333333     0.0000000)
        k(000023) = (    -0.3333333     0.3333333     0.3333333)
        k(000024) = (    -0.3333333     0.3333333    -0.3333333)
        k(000025) = (    -0.3333333    -0.3333333     0.0000000)
        k(000026) = (    -0.3333333    -0.3333333     0.3333333)
        k(000027) = (    -0.3333333    -0.3333333    -0.3333333)
 
        q(000001) = (     0.0000000     0.0000000     0.0000000)
        q(000002) = (     0.0000000     0.0000000     0.3333333)
        q(000003) = (     0.0000000     0.0000000    -0.3333333)
        q(000004) = (     0.0000000     0.3333333     0.0000000)
        q(000005) = (     0.0000000     0.3333333     0.3333333)
        q(000006) = (     0.0000000     0.3333333    -0.3333333)
        q(000007) = (     0.0000000    -0.3333333     0.0000000)
        q(000008) = (     0.0000000    -0.3333333     0.3333333)
        q(000009) = (     0.0000000    -0.3333333    -0.3333333)
        q(000010) = (     0.3333333     0.0000000     0.0000000)
        q(000011) = (     0.3333333     0.0000000     0.3333333)
        q(000012) = (     0.3333333     0.0000000    -0.3333333)
        q(000013) = (     0.3333333     0.3333333     0.0000000)
        q(000014) = (     0.3333333     0.3333333     0.3333333)
        q(000015) = (     0.3333333     0.3333333    -0.3333333)
        q(000016) = (     0.3333333    -0.3333333     0.0000000)
        q(000017) = (     0.3333333    -0.3333333     0.3333333)
        q(000018) = (     0.3333333    -0.3333333    -0.3333333)
        q(000019) = (    -0.3333333     0.0000000     0.0000000)
        q(000020) = (    -0.3333333     0.0000000     0.3333333)
        q(000021) = (    -0.3333333     0.0000000    -0.3333333)
        q(000022) = (    -0.3333333     0.3333333     0.0000000)
        q(000023) = (    -0.3333333     0.3333333     0.3333333)
        q(000024) = (    -0.3333333     0.3333333    -0.3333333)
        q(000025) = (    -0.3333333    -0.3333333     0.0000000)
        q(000026) = (    -0.3333333    -0.3333333     0.3333333)
        q(000027) = (    -0.3333333    -0.3333333    -0.3333333)
       
     --------------------------------------------------------------------------------------------
     Parallelization for npdep                                           
     --------------------------------------------------------------------------------------------
     nglob                =            150
     nlevel               =              2
     Min nglob/nlevel     =             75
     Max nglob/nlevel     =             75
     --------------------------------------------------------------------------------------------
       
     --------------------------------------------------------------------------------------------
     Parallelization for npdep+macro                                     
     --------------------------------------------------------------------------------------------
     nglob                =            153
     nlevel               =              2
     Min nglob/nlevel     =             76
     Max nglob/nlevel     =             77
     --------------------------------------------------------------------------------------------
     ===========================================================================
          nsym   =   24
          nrot   =   48
          nq_ibz =    4
          Q-point IBZ [ cart  coord ]
          xq(00000001) = (  0.000000  0.000000  0.000000) wq =   0.037037
          xq(00000002) = ( -0.333333  0.333333 -0.333333) wq =   0.296296
          xq(00000003) = (  0.000000  0.666667  0.000000) wq =   0.222222
          xq(00000004) = (  0.666667 -0.000000  0.666667) wq =   0.444444
          Q-point IBZ [ cryst coord ]
          xq(00000001) = (  0.000000  0.000000  0.000000) wq =   0.037037
          xq(00000002) = (  0.000000  0.000000  0.333333) wq =   0.296296
          xq(00000003) = (  0.000000  0.333333  0.333333) wq =   0.222222
          xq(00000004) = (  0.000000  0.333333 -0.333333) wq =   0.444444
     ===========================================================================
       
     --------------------------------------------------------------------------------------------
     Building Chi matrices                                               
     --------------------------------------------------------------------------------------------
g0 =     0.0000000000E+00    0.0000000000E+00    0.0000000000E+00
       
     --------------------------------------------------------------------------------------------
     Reading eigenpotentials at this q point                             
     --------------------------------------------------------------------------------------------
     in progress... |#                   | 005% :             < 00.1s (E)             < 00.1s (X)
     in progress... |##                  | 010% :             < 00.1s (E)             < 00.1s (X)
     in progress... |###                 | 015% :             < 00.1s (E)             < 00.1s (X)
     in progress... |####                | 020% :             < 00.1s (E)             < 00.1s (X)
     in progress... |#####               | 025% :             < 00.1s (E)             < 00.1s (X)
     in progress... |######              | 030% :             < 00.1s (E)             < 00.1s (X)
     in progress... |#######             | 035% :             < 00.1s (E)             < 00.1s (X)
     in progress... |########            | 040% :             < 00.1s (E)             < 00.1s (X)
     in progress... |#########           | 045% :             < 00.1s (E)             < 00.1s (X)
     in progress... |##########          | 050% :             < 00.1s (E)             < 00.1s (X)
     in progress... |###########         | 055% :             < 00.1s (E)             < 00.1s (X)
     in progress... |############        | 060% :             < 00.1s (E)             < 00.1s (X)
     in progress... |#############       | 065% :             < 00.1s (E)             < 00.1s (X)
     in progress... |##############      | 070% :             < 00.1s (E)             < 00.1s (X)
     in progress... |###############     | 075% :             < 00.1s (E)             < 00.1s (X)
     in progress... |################    | 080% :             < 00.1s (E)             < 00.1s (X)
     in progress... |#################   | 085% :             < 00.1s (E)             < 00.1s (X)
     in progress... |##################  | 090% :             < 00.1s (E)             < 00.1s (X)
     in progress... |################### | 095% :             < 00.1s (E)             < 00.1s (X)
     --------------------------------------------------------------------------------------------
     in progress... |#####               | 025% :               00.6s (E)               02.5s (X)
g0 =     0.0000000000E+00    0.0000000000E+00    0.0000000000E+00
       
     --------------------------------------------------------------------------------------------
     Reading eigenpotentials at this q point                             
     --------------------------------------------------------------------------------------------
     in progress... |#                   | 005% :             < 00.1s (E)               00.3s (X)
     in progress... |##                  | 010% :             < 00.1s (E)               00.1s (X)
     in progress... |###                 | 015% :             < 00.1s (E)               00.1s (X)
     in progress... |####                | 020% :             < 00.1s (E)               00.1s (X)
     in progress... |#####               | 025% :             < 00.1s (E)               00.1s (X)
     in progress... |######              | 030% :             < 00.1s (E)               00.1s (X)
     in progress... |#######             | 035% :             < 00.1s (E)               00.1s (X)
     in progress... |########            | 040% :             < 00.1s (E)               00.1s (X)
     in progress... |#########           | 045% :             < 00.1s (E)               00.1s (X)
     in progress... |##########          | 050% :             < 00.1s (E)               00.1s (X)
     in progress... |###########         | 055% :             < 00.1s (E)               00.1s (X)
     in progress... |############        | 060% :               00.1s (E)               00.1s (X)
     in progress... |#############       | 065% :               00.1s (E)               00.2s (X)
     in progress... |##############      | 070% :               00.1s (E)               00.2s (X)
     in progress... |###############     | 075% :               00.1s (E)               00.2s (X)
     in progress... |################    | 080% :               00.1s (E)               00.2s (X)
     in progress... |#################   | 085% :               00.1s (E)               00.1s (X)
     in progress... |##################  | 090% :               00.1s (E)               00.1s (X)
     in progress... |################### | 095% :               00.1s (E)               00.1s (X)
     --------------------------------------------------------------------------------------------
     in progress... |##########          | 050% :               01.3s (E)               02.7s (X)
g0 =     0.0000000000E+00    0.0000000000E+00    0.0000000000E+00
       
     --------------------------------------------------------------------------------------------
     Reading eigenpotentials at this q point                             
     --------------------------------------------------------------------------------------------
     in progress... |#                   | 005% :             < 00.1s (E)             < 00.1s (X)
     in progress... |##                  | 010% :             < 00.1s (E)             < 00.1s (X)
     in progress... |###                 | 015% :             < 00.1s (E)             < 00.1s (X)
     in progress... |####                | 020% :             < 00.1s (E)             < 00.1s (X)
     in progress... |#####               | 025% :             < 00.1s (E)             < 00.1s (X)
     in progress... |######              | 030% :             < 00.1s (E)             < 00.1s (X)
     in progress... |#######             | 035% :             < 00.1s (E)             < 00.1s (X)
     in progress... |########            | 040% :             < 00.1s (E)             < 00.1s (X)
     in progress... |#########           | 045% :             < 00.1s (E)             < 00.1s (X)
     in progress... |##########          | 050% :             < 00.1s (E)             < 00.1s (X)
     in progress... |###########         | 055% :             < 00.1s (E)             < 00.1s (X)
     in progress... |############        | 060% :             < 00.1s (E)             < 00.1s (X)
     in progress... |#############       | 065% :             < 00.1s (E)             < 00.1s (X)
     in progress... |##############      | 070% :             < 00.1s (E)             < 00.1s (X)
     in progress... |###############     | 075% :             < 00.1s (E)             < 00.1s (X)
     in progress... |################    | 080% :             < 00.1s (E)             < 00.1s (X)
     in progress... |#################   | 085% :             < 00.1s (E)             < 00.1s (X)
     in progress... |##################  | 090% :             < 00.1s (E)             < 00.1s (X)
     in progress... |################### | 095% :             < 00.1s (E)             < 00.1s (X)
     --------------------------------------------------------------------------------------------
     in progress... |###############     | 075% :               02.0s (E)               02.7s (X)
g0 =     0.5551115123E-16    0.5551115123E-16    0.5551115123E-16
       
     --------------------------------------------------------------------------------------------
     Reading eigenpotentials at this q point                             
     --------------------------------------------------------------------------------------------
     in progress... |#                   | 005% :             < 00.1s (E)             < 00.1s (X)
     in progress... |##                  | 010% :             < 00.1s (E)             < 00.1s (X)
     in progress... |###                 | 015% :             < 00.1s (E)             < 00.1s (X)
     in progress... |####                | 020% :             < 00.1s (E)               00.1s (X)
     in progress... |#####               | 025% :             < 00.1s (E)               00.1s (X)
     in progress... |######              | 030% :             < 00.1s (E)               00.2s (X)
     in progress... |#######             | 035% :             < 00.1s (E)               00.1s (X)
     in progress... |########            | 040% :             < 00.1s (E)               00.1s (X)
     in progress... |#########           | 045% :             < 00.1s (E)               00.1s (X)
     in progress... |##########          | 050% :             < 00.1s (E)               00.1s (X)
     in progress... |###########         | 055% :             < 00.1s (E)               00.1s (X)
     in progress... |############        | 060% :             < 00.1s (E)               00.1s (X)
     in progress... |#############       | 065% :             < 00.1s (E)               00.1s (X)
     in progress... |##############      | 070% :             < 00.1s (E)               00.1s (X)
     in progress... |###############     | 075% :             < 00.1s (E)               00.1s (X)
     in progress... |################    | 080% :             < 00.1s (E)               00.1s (X)
     in progress... |#################   | 085% :               00.1s (E)               00.1s (X)
     in progress... |##################  | 090% :               00.1s (E)               00.1s (X)
     in progress... |################### | 095% :               00.1s (E)               00.1s (X)
     --------------------------------------------------------------------------------------------
     in progress... |####################| 100% :               02.7s (E)               02.7s (X)
     --------------------------------------------------------------------------------------------
       
     --------------------------------------------------------------------------------------------
     Working on iqr = 00001 in q IBZ                                     
     --------------------------------------------------------------------------------------------
     Q-point No.    1,        24 Sym. Ops. Found,      Inv. Sym. Found.
  

     point group T_d (-43m) 
     there are  5 classes
     the character table:

       E     8C3   3C2   6S4   6s_d 
A_1    1.00  1.00  1.00  1.00  1.00
A_2    1.00  1.00  1.00 -1.00 -1.00
E      2.00 -1.00  2.00  0.00  0.00
T_1    3.00  0.00 -1.00  1.00 -1.00
T_2    3.00  0.00 -1.00 -1.00  1.00

     the symmetry operations in each class and the name of the first element:

     E        1
                                                                 
     8C3      5    7    8    6   12    9   10   11
                                                                 
     3C2      2    3    4
                                                                 
     6S4     15   16   20   19   23   24
                                                                 
     6s_d    13   14   17   18   21   22
                                                                 


     Atomic displacements:
     There are   2 irreducible representations

     Representation     1      3 modes -T_2  G_15 P_4  To be done
     Irreps are as follows:

     mode #   1              mode #   2              mode #   3
     (   0.00000   0.00000 ) (   0.00000   0.00000 ) (   0.00000   0.00000 ) 
     (   0.00000   0.00000 ) (   0.00000   0.00000 ) (   0.00000   0.00000 ) 
     (   0.00000   0.00000 ) (   0.00000   0.00000 ) (   0.00000   0.00000 ) 
     (  -0.57708   0.00000 ) (  -0.35196   0.00000 ) (  -0.73696   0.00000 ) 
     (  -0.73960   0.00000 ) (   0.60794   0.00000 ) (   0.28880   0.00000 ) 
     (   0.34638   0.00000 ) (   0.71171   0.00000 ) (  -0.61114   0.00000 ) 

     Representation     2      3 modes -T_2  G_15 P_4  To be done
     Irreps are as follows:

     mode #   4              mode #   5              mode #   6
     (  -0.07022   0.00000 ) (  -0.88685   0.00000 ) (  -0.45669   0.00000 ) 
     (   0.85759   0.00000 ) (  -0.28752   0.00000 ) (   0.42647   0.00000 ) 
     (   0.50952   0.00000 ) (   0.36171   0.00000 ) (  -0.78074   0.00000 ) 
     (   0.00000   0.00000 ) (   0.00000   0.00000 ) (   0.00000   0.00000 ) 
     (   0.00000   0.00000 ) (   0.00000   0.00000 ) (   0.00000   0.00000 ) 
     (   0.00000   0.00000 ) (   0.00000   0.00000 ) (   0.00000   0.00000 ) 
 time_reversal =  T skip_equiv =  F
 nrot=          48
 nsymq=          24
 minus_q= T
 magnetic_sym= F
     ===========================================================================
          K points generated with subgroup at this q point
          nsym   =   24
          nrot   =   48
          nk_ibz =    4
          xk(00000001) = (  0.000000  0.000000  0.000000) wk =   0.074074
          xk(00000002) = ( -0.333333  0.333333 -0.333333) wk =   0.592593
          xk(00000003) = (  0.000000  0.666667  0.000000) wk =   0.444444
          xk(00000004) = (  0.666667 -0.000000  0.666667) wk =   0.888889
     ===========================================================================
  2nd deri of PP in cart basis (real part)
   0.300366E+02   0.136982E+01  -0.375371E+01   0.000000E+00   0.000000E+00   0.000000E+00
  
   0.136982E+01   0.260506E+02   0.136981E+01   0.000000E+00   0.000000E+00   0.000000E+00
  
  -0.375371E+01   0.136981E+01   0.300366E+02   0.000000E+00   0.000000E+00   0.000000E+00
  
   0.000000E+00   0.000000E+00   0.000000E+00   0.300365E+02   0.136986E+01  -0.375369E+01
  
   0.000000E+00   0.000000E+00   0.000000E+00   0.136986E+01   0.260506E+02   0.136977E+01
  
   0.000000E+00   0.000000E+00   0.000000E+00  -0.375369E+01   0.136977E+01   0.300366E+02
  
  2nd deri of PP in pattern basis (real part)
   0.298243E+02   0.323495E+01   0.176020E+01   0.000000E+00   0.000000E+00   0.000000E+00
  
   0.323495E+01   0.310431E+02  -0.518809E+00   0.000000E+00   0.000000E+00   0.000000E+00
  
   0.176020E+01  -0.518809E+00   0.252563E+02   0.000000E+00   0.000000E+00   0.000000E+00
  
   0.000000E+00   0.000000E+00   0.000000E+00   0.284058E+02   0.198442E+01  -0.198716E+01
  
   0.000000E+00   0.000000E+00   0.000000E+00   0.198442E+01   0.325290E+02  -0.130967E+01
  
   0.000000E+00   0.000000E+00   0.000000E+00  -0.198716E+01  -0.130967E+01   0.251890E+02
  

     Alpha used in Ewald sum =   2.5000
  Ionic contribution in cart of iq =            1
   0.180321E+01  -0.921485E-14   0.108802E-13  -0.180321E+01   0.666134E-15   0.888178E-15
 
  -0.943690E-14   0.180321E+01  -0.177636E-14   0.666134E-15  -0.180321E+01   0.266454E-14
 
   0.108802E-13  -0.177636E-14   0.180321E+01   0.888178E-15   0.266454E-14  -0.180321E+01
 
  -0.180321E+01   0.666134E-15   0.888178E-15   0.180321E+01  -0.921485E-14   0.108802E-13
 
   0.666134E-15  -0.180321E+01   0.266454E-14  -0.943690E-14   0.180321E+01  -0.177636E-14
 
   0.888178E-15   0.266454E-14  -0.180321E+01   0.108802E-13  -0.177636E-14   0.180321E+01
 
  Ionic contribution in pattern of iq =            1
   0.180321E+01  -0.444089E-14  -0.344169E-14   0.752408E+00  -0.153221E+01   0.581176E+00
 
  -0.427436E-14   0.180321E+01   0.210942E-14  -0.163859E+01  -0.711862E+00   0.244616E+00
 
  -0.327516E-14   0.199840E-14   0.180321E+01   0.215797E-01  -0.630188E+00  -0.168937E+01
 
   0.752408E+00  -0.163859E+01   0.215797E-01   0.180321E+01   0.155431E-14   0.277556E-14
 
  -0.153221E+01  -0.711862E+00  -0.630188E+00   0.133227E-14   0.180321E+01   0.732747E-14
 
   0.581176E+00   0.244616E+00  -0.168937E+01   0.266454E-14   0.743849E-14   0.180321E+01
 
       
     --------------------------------------------------------------------------------------------
     Computing drho                                                      
     --------------------------------------------------------------------------------------------
     in progress... |######              | 030% :               00.1s (E)               00.3s (X)
     in progress... |#############       | 065% :               00.1s (E)               00.2s (X)
     in progress... |####################| 100% :               00.2s (E)               00.2s (X)
     --------------------------------------------------------------------------------------------
       
     --------------------------------------------------------------------------------------------
     Reading eigenpotentials at this q point                             
     --------------------------------------------------------------------------------------------
     in progress... |#                   | 005% :             < 00.1s (E)             < 00.1s (X)
     in progress... |##                  | 010% :             < 00.1s (E)             < 00.1s (X)
     in progress... |###                 | 015% :             < 00.1s (E)             < 00.1s (X)
     in progress... |####                | 020% :             < 00.1s (E)             < 00.1s (X)
     in progress... |#####               | 025% :             < 00.1s (E)             < 00.1s (X)
     in progress... |######              | 030% :             < 00.1s (E)             < 00.1s (X)
     in progress... |#######             | 035% :             < 00.1s (E)             < 00.1s (X)
     in progress... |########            | 040% :             < 00.1s (E)             < 00.1s (X)
     in progress... |#########           | 045% :             < 00.1s (E)             < 00.1s (X)
     in progress... |##########          | 050% :             < 00.1s (E)             < 00.1s (X)
     in progress... |###########         | 055% :             < 00.1s (E)             < 00.1s (X)
     in progress... |############        | 060% :             < 00.1s (E)             < 00.1s (X)
     in progress... |#############       | 065% :             < 00.1s (E)             < 00.1s (X)
     in progress... |##############      | 070% :             < 00.1s (E)             < 00.1s (X)
     in progress... |###############     | 075% :             < 00.1s (E)             < 00.1s (X)
     in progress... |################    | 080% :             < 00.1s (E)             < 00.1s (X)
     in progress... |#################   | 085% :             < 00.1s (E)             < 00.1s (X)
     in progress... |##################  | 090% :             < 00.1s (E)             < 00.1s (X)
     in progress... |################### | 095% :             < 00.1s (E)             < 00.1s (X)
     --------------------------------------------------------------------------------------------
     Leading diagonal terms in fxc
            -0.2484389377
            -0.3475194212
            -0.3475194301
            -0.3475194262
            -0.3349404239
            -0.3349403974
            -0.3349404345
            -0.4635789416
            -0.4939123670
            -0.4939123331
            -0.6087367214
            -0.6087364980
            -0.6087366058
            -0.8526879515
            -0.8526825126
            -0.8526825602
            -0.9529643820
            -0.9529633400
            -0.9529636998
            -0.9247625873
            -0.9247556463
            -0.9307041915
            -0.9307019813
            -0.9307027838
            -1.0722179872
            -0.8924605697
            -1.4197435450
            -1.4197536496
            -1.4197666234
            -1.4175580627
            -1.4175450753
            -1.4175579898
            -1.7591436224
            -1.7591473135
            -1.6296975746
            -1.6297054766
            -1.6096856144
            -1.6096722906
            -1.6096705110
            -1.5354911641
            -1.5354988750
            -1.5354882545
            -1.5448251257
            -1.9398288589
            -1.9846366993
            -1.9846405262
            -1.9846486145
            -2.0995961745
            -2.0995597718
            -2.0996165018
       
     --------------------------------------------------------------------------------------------
     Computing elec elec part                                            
     --------------------------------------------------------------------------------------------
     in progress... |######              | 030% :             < 00.1s (E)             < 00.1s (X)
     in progress... |#############       | 065% :             < 00.1s (E)             < 00.1s (X)
     in progress... |####################| 100% :             < 00.1s (E)             < 00.1s (X)
     --------------------------------------------------------------------------------------------
Epsilon infinity
       9.373016357       0.000000000      -0.000000000 
       0.000000000       9.373016357      -0.000000000 
      -0.000000000      -0.000000000       9.373016357 
Born effective charge of atom     1
      -0.894282      -0.000000       0.000000 
       0.000000      -0.894282      -0.000000 
       0.000000      -0.000000      -0.894282 
Born effective charge of atom     2
      -0.894285       0.000000      -0.000000 
       0.000000      -0.894285      -0.000000 
      -0.000000       0.000000      -0.894285 
 Dynmat after symmetrization (real part)
   0.829911E+00  -0.555112E-16   0.277556E-15  -0.907829E+00  -0.555112E-15  -0.111022E-15
  
  -0.166533E-15   0.829911E+00  -0.388578E-15  -0.333067E-15  -0.907829E+00   0.111022E-15
  
   0.277556E-15  -0.333067E-15   0.829911E+00  -0.111022E-15  -0.111022E-15  -0.907829E+00
  
  -0.907829E+00  -0.222045E-15   0.111022E-15   0.829916E+00  -0.277556E-15   0.277556E-15
  
  -0.444089E-15  -0.907829E+00   0.000000E+00  -0.277556E-15   0.829916E+00  -0.277556E-15
  
  -0.111022E-15   0.111022E-15  -0.907829E+00   0.277556E-15  -0.277556E-15   0.829916E+00
  
 Dynmat after symmetrization (imag part)
   0.000000E+00   0.000000E+00   0.000000E+00   0.000000E+00   0.000000E+00   0.000000E+00
  
   0.000000E+00   0.000000E+00   0.000000E+00   0.000000E+00   0.000000E+00   0.000000E+00
  
   0.000000E+00   0.000000E+00   0.000000E+00   0.000000E+00   0.000000E+00   0.000000E+00
  
   0.000000E+00   0.000000E+00   0.000000E+00   0.000000E+00   0.000000E+00   0.000000E+00
  
   0.000000E+00   0.000000E+00   0.000000E+00   0.000000E+00   0.000000E+00   0.000000E+00
  
   0.000000E+00   0.000000E+00   0.000000E+00   0.000000E+00   0.000000E+00   0.000000E+00
  
 
     Number of q in the star =    1
     List of q in the star:
          1   0.000000000   0.000000000   0.000000000
     Phonon frequencies at q point No.  1 in q point IBZ.
      Mode(   1)=      -0.000000 [THz]      -0.000003 [cm-1]
      Mode(   2)=       0.000000 [THz]       0.000011 [cm-1]
      Mode(   3)=       0.000001 [THz]       0.000019 [cm-1]
      Mode(   4)=      42.367952 [THz]    1413.242761 [cm-1]
      Mode(   5)=      42.367952 [THz]    1413.242761 [cm-1]
      Mode(   6)=      42.367952 [THz]    1413.242761 [cm-1]
 current_iq =            1 iqq =            1  iq =            1
 g0 =   0.000000000000000E+000  0.000000000000000E+000  0.000000000000000E+000
       
     --------------------------------------------------------------------------------------------
     Working on iqr = 00002 in q IBZ                                     
     --------------------------------------------------------------------------------------------
     Q-point No.    2,         6 Sym. Ops. Found,      Inv. Sym. Not Found.
  

     point group C_3v (3m)  
     there are  3 classes
     the character table:

       E     2C3   3s_v 
A_1    1.00  1.00  1.00
A_2    1.00  1.00 -1.00
E      2.00 -1.00  0.00

     the symmetry operations in each class and the name of the first element:

     E        1
                                                                 
     2C3      2    3
                                                                 
     3s_v     4    5    6
                                                                 


     Atomic displacements:
     There are   4 irreducible representations

     Representation     1      1 modes -A_1  L_1  To be done
     Irreps are as follows:

                     mode #   1
                     (   0.00000   0.00000   ) 
                     (   0.00000   0.00000   ) 
                     (   0.00000   0.00000   ) 
                     (  -0.57735   0.00000   ) 
                     (   0.57735  -0.00000   ) 
                     (  -0.57735   0.00000   ) 

     Representation     2      1 modes -A_1  L_1  To be done
     Irreps are as follows:

                     mode #   2
                     (  -0.57735   0.00000   ) 
                     (   0.57735   0.00000   ) 
                     (  -0.57735  -0.00000   ) 
                     (   0.00000   0.00000   ) 
                     (   0.00000   0.00000   ) 
                     (   0.00000   0.00000   ) 

     Representation     3      2 modes -E    L_3  To be done
     Irreps are as follows:

           mode #   3                           mode #   4
           (   0.00000   0.00000   )            (   0.00000   0.00000   ) 
           (   0.00000   0.00000   )            (   0.00000   0.00000   ) 
           (   0.00000   0.00000   )            (   0.00000   0.00000   ) 
           (  -0.40825   0.00000   )            (  -0.70711   0.00000   ) 
           (   0.40825  -0.00000   )            (  -0.70711   0.00000   ) 
           (   0.81650  -0.00000   )            (   0.00000   0.00000   ) 

     Representation     4      2 modes -E    L_3  To be done
     Irreps are as follows:

           mode #   5                           mode #   6
           (  -0.42924  -0.00000   )            (  -0.69456   0.00000   ) 
           (   0.11855  -0.50081   )            (  -0.55318   0.30950   ) 
           (   0.54779  -0.50081   )            (   0.14138   0.30950   ) 
           (   0.00000   0.00000   )            (   0.00000   0.00000   ) 
           (   0.00000   0.00000   )            (   0.00000   0.00000   ) 
           (   0.00000   0.00000   )            (   0.00000   0.00000   ) 
 time_reversal =  T skip_equiv =  F
 nrot=          48
 nsymq=           6
 minus_q= F
 magnetic_sym= F
     ===========================================================================
          K points generated with subgroup at this q point
          nsym   =   24
          nrot   =   48
          nk_ibz =   10
          xk(00000001) = (  0.000000  0.000000  0.000000) wk =   0.074074
          xk(00000002) = ( -0.333333  0.333333 -0.333333) wk =   0.074074
          xk(00000003) = (  0.000000  0.666667  0.000000) wk =   0.222222
          xk(00000004) = (  0.666667 -0.000000  0.666667) wk =   0.222222
          xk(00000005) = (  0.333333  0.333333  0.333333) wk =   0.222222
          xk(00000006) = (  0.333333 -0.333333  0.333333) wk =   0.074074
          xk(00000007) = ( -0.333333  0.333333  0.333333) wk =   0.222222
          xk(00000008) = (  0.666667  0.000000  0.000000) wk =   0.222222
          xk(00000009) = (  0.000000 -0.666667 -0.666667) wk =   0.444444
          xk(00000010) = ( -0.666667  0.000000 -0.666667) wk =   0.222222
     ===========================================================================
  2nd deri of PP in cart basis (real part)
   0.280436E+02   0.342454E+00  -0.153440E+01   0.000000E+00   0.000000E+00   0.000000E+00
  
   0.342454E+00   0.280436E+02  -0.187684E+01   0.000000E+00   0.000000E+00   0.000000E+00
  
  -0.153440E+01  -0.187684E+01   0.300365E+02   0.000000E+00   0.000000E+00   0.000000E+00
  
   0.000000E+00   0.000000E+00   0.000000E+00   0.280435E+02   0.342454E+00  -0.153439E+01
  
   0.000000E+00   0.000000E+00   0.000000E+00   0.342454E+00   0.280436E+02  -0.187685E+01
  
   0.000000E+00   0.000000E+00   0.000000E+00  -0.153439E+01  -0.187685E+01   0.300365E+02
  
  2nd deri of PP in pattern basis (real part)
   0.287079E+02   0.000000E+00  -0.118165E+01  -0.139264E+01   0.000000E+00   0.000000E+00
  
   0.000000E+00   0.287079E+02   0.000000E+00   0.000000E+00  -0.109872E+01  -0.143331E+01
  
  -0.118165E+01   0.000000E+00   0.290297E+02   0.196948E+01   0.000000E+00   0.000000E+00
  
  -0.139264E+01   0.000000E+00   0.196948E+01   0.283860E+02   0.000000E+00   0.000000E+00
  
   0.000000E+00  -0.109872E+01   0.000000E+00   0.000000E+00   0.286430E+02   0.169459E+01
  
   0.000000E+00  -0.143331E+01   0.000000E+00   0.000000E+00   0.169459E+01   0.287728E+02
  

     Alpha used in Ewald sum =   2.5000
  Ionic contribution in cart of iq =            2
   0.360642E+01  -0.161748E+01   0.161748E+01   0.404780E-06  -0.270888E+01   0.270888E+01
 
  -0.161748E+01   0.360642E+01  -0.161748E+01  -0.270888E+01   0.404780E-06  -0.270888E+01
 
   0.161748E+01  -0.161748E+01   0.360642E+01   0.270888E+01  -0.270888E+01   0.404780E-06
 
   0.404780E-06  -0.270888E+01   0.270888E+01   0.360642E+01  -0.161748E+01   0.161748E+01
 
  -0.270888E+01   0.404780E-06  -0.270888E+01  -0.161748E+01   0.360642E+01  -0.161748E+01
 
   0.270888E+01  -0.270888E+01   0.404780E-06   0.161748E+01  -0.161748E+01   0.360642E+01
 
  Ionic contribution in pattern of iq =            2
   0.684138E+01   0.541776E+01   0.244249E-14  -0.754952E-14  -0.101338E-15   0.226698E-14
 
   0.541776E+01   0.684138E+01  -0.505243E-15   0.355271E-14   0.000000E+00  -0.738298E-14
 
   0.333067E-14  -0.283199E-15   0.198893E+01  -0.102141E-13  -0.148057E+01  -0.677218E+00
 
  -0.754952E-14   0.333067E-14  -0.101030E-13   0.198893E+01  -0.789595E+00  -0.226983E+01
 
   0.651954E-16   0.000000E+00  -0.148057E+01  -0.789595E+00   0.198893E+01  -0.105471E-13
 
   0.232249E-14  -0.749401E-14  -0.677218E+00  -0.226983E+01  -0.107137E-13   0.198893E+01
 
       
     --------------------------------------------------------------------------------------------
     Computing drho                                                      
     --------------------------------------------------------------------------------------------
     in progress... |######              | 030% :             < 00.1s (E)               00.3s (X)
     in progress... |#############       | 065% :               00.1s (E)               00.3s (X)
     in progress... |####################| 100% :               00.3s (E)               00.3s (X)
     --------------------------------------------------------------------------------------------
       
     --------------------------------------------------------------------------------------------
     Reading eigenpotentials at this q point                             
     --------------------------------------------------------------------------------------------
     in progress... |#                   | 005% :             < 00.1s (E)             < 00.1s (X)
     in progress... |##                  | 010% :             < 00.1s (E)             < 00.1s (X)
     in progress... |###                 | 015% :             < 00.1s (E)             < 00.1s (X)
     in progress... |####                | 020% :             < 00.1s (E)             < 00.1s (X)
     in progress... |#####               | 025% :             < 00.1s (E)             < 00.1s (X)
     in progress... |######              | 030% :             < 00.1s (E)             < 00.1s (X)
     in progress... |#######             | 035% :             < 00.1s (E)             < 00.1s (X)
     in progress... |########            | 040% :             < 00.1s (E)             < 00.1s (X)
     in progress... |#########           | 045% :             < 00.1s (E)             < 00.1s (X)
     in progress... |##########          | 050% :             < 00.1s (E)             < 00.1s (X)
     in progress... |###########         | 055% :             < 00.1s (E)             < 00.1s (X)
     in progress... |############        | 060% :             < 00.1s (E)             < 00.1s (X)
     in progress... |#############       | 065% :             < 00.1s (E)             < 00.1s (X)
     in progress... |##############      | 070% :             < 00.1s (E)             < 00.1s (X)
     in progress... |###############     | 075% :             < 00.1s (E)             < 00.1s (X)
     in progress... |################    | 080% :             < 00.1s (E)             < 00.1s (X)
     in progress... |#################   | 085% :             < 00.1s (E)             < 00.1s (X)
     in progress... |##################  | 090% :             < 00.1s (E)             < 00.1s (X)
     in progress... |################### | 095% :             < 00.1s (E)             < 00.1s (X)
     --------------------------------------------------------------------------------------------
     Leading diagonal terms in fxc
            -0.0817415537
            -0.2110887309
            -0.2400448475
            -0.3029301501
            -0.3029301880
            -0.3721711361
            -0.3721711535
            -0.4485763632
            -0.5360574002
            -0.5194554012
            -0.5194555456
            -0.6456044621
            -0.6814258377
            -0.6814238952
            -0.7693751655
            -0.7693717082
            -0.6387985724
            -0.8389894641
            -0.8389911867
            -0.9607914620
            -0.9617525425
            -0.9617514770
            -0.9602934084
            -0.9454469510
            -1.1575843988
            -1.1575809946
            -1.2632542987
            -1.2632552356
            -1.2863409448
            -1.4613095273
            -1.4613510039
            -1.2050472226
            -1.4083667742
            -1.4083691744
            -1.4491133996
            -1.4534570056
            -1.4768228016
            -1.5560403029
            -1.5560519686
            -1.7401427837
            -1.7696143803
            -1.7696239531
            -1.8006743089
            -1.8006660379
            -1.8240104089
            -1.7497721156
            -1.7497785381
            -1.8798624043
            -2.0043691352
            -2.0554106162
       
     --------------------------------------------------------------------------------------------
     Computing elec elec part                                            
     --------------------------------------------------------------------------------------------
     in progress... |######              | 030% :             < 00.1s (E)             < 00.1s (X)
     in progress... |#############       | 065% :             < 00.1s (E)             < 00.1s (X)
     in progress... |####################| 100% :             < 00.1s (E)             < 00.1s (X)
     --------------------------------------------------------------------------------------------
 Dynmat after symmetrization (real part)
   0.890687E+00  -0.933243E-01   0.933243E-01  -0.580460E+00  -0.732249E-01   0.732249E-01
  
  -0.933243E-01   0.890687E+00  -0.933243E-01  -0.732249E-01  -0.580460E+00  -0.732249E-01
  
   0.933243E-01  -0.933243E-01   0.890687E+00   0.732249E-01  -0.732249E-01  -0.580460E+00
  
  -0.580460E+00  -0.732249E-01   0.732249E-01   0.890686E+00  -0.933284E-01   0.933284E-01
  
  -0.732249E-01  -0.580460E+00  -0.732249E-01  -0.933284E-01   0.890686E+00  -0.933284E-01
  
   0.732249E-01  -0.732249E-01  -0.580460E+00   0.933284E-01  -0.933284E-01   0.890686E+00
  
 Dynmat after symmetrization (imag part)
   0.000000E+00   0.000000E+00   0.462593E-17   0.161183E+00  -0.374822E-01   0.374822E-01
  
   0.000000E+00   0.000000E+00  -0.462593E-17  -0.374822E-01   0.161183E+00  -0.374822E-01
  
  -0.462593E-17   0.462593E-17   0.000000E+00   0.374822E-01  -0.374822E-01   0.161183E+00
  
  -0.161183E+00   0.374822E-01  -0.374822E-01   0.000000E+00   0.000000E+00   0.000000E+00
  
   0.374822E-01  -0.161183E+00   0.374822E-01   0.000000E+00   0.000000E+00   0.000000E+00
  
  -0.374822E-01   0.374822E-01  -0.161183E+00   0.000000E+00   0.000000E+00   0.000000E+00
  
 
     Number of q in the star =    4
     List of q in the star:
          1  -0.333333333   0.333333333  -0.333333333
          2   0.333333333   0.333333333   0.333333333
          3   0.333333333  -0.333333333  -0.333333333
          4  -0.333333333  -0.333333333   0.333333333
     In addition there is the -q list: 
          1   0.333333333  -0.333333333   0.333333333
          2  -0.333333333  -0.333333333  -0.333333333
          3  -0.333333333   0.333333333   0.333333333
          4   0.333333333   0.333333333  -0.333333333
     Phonon frequencies at q point No.  2 in q point IBZ.
      Mode(   1)=      11.426904 [THz]     381.160480 [cm-1]
      Mode(   2)=      11.426904 [THz]     381.160480 [cm-1]
      Mode(   3)=      24.012937 [THz]     800.985363 [cm-1]
      Mode(   4)=      38.026828 [THz]    1268.438438 [cm-1]
      Mode(   5)=      38.026828 [THz]    1268.438438 [cm-1]
      Mode(   6)=      39.415643 [THz]    1314.764334 [cm-1]
 current_iq =            2 iqq =            1  iq =            2
 g0 =   0.000000000000000E+000  0.000000000000000E+000  0.000000000000000E+000
 current_iq =            2 iqq =            1  iq =            3
 g0 =  -5.551115123125783E-017  5.551115123125783E-017 -5.551115123125783E-017
 current_iq =            2 iqq =            2  iq =            4
 g0 =   0.000000000000000E+000  0.000000000000000E+000  0.000000000000000E+000
 current_iq =            2 iqq =            2  iq =            7
 g0 =   5.551115123125783E-017  5.551115123125783E-017  5.551115123125783E-017
 current_iq =            2 iqq =            3  iq =           27
 g0 =  -5.551115123125783E-017  5.551115123125783E-017  5.551115123125783E-017
 current_iq =            2 iqq =            3  iq =           14
 g0 =   0.000000000000000E+000  0.000000000000000E+000  0.000000000000000E+000
 current_iq =            2 iqq =            4  iq =           10
 g0 =   0.000000000000000E+000  0.000000000000000E+000  0.000000000000000E+000
 current_iq =            2 iqq =            4  iq =           19
 g0 =  -5.551115123125783E-017 -5.551115123125783E-017  5.551115123125783E-017
       
     --------------------------------------------------------------------------------------------
     Working on iqr = 00003 in q IBZ                                     
     --------------------------------------------------------------------------------------------
     Q-point No.    3,         4 Sym. Ops. Found,      Inv. Sym. Not Found.
  

     point group C_2v (mm2) 
     there are  4 classes
     the character table:

       E     C2    s_v   s_v' 
A_1    1.00  1.00  1.00  1.00
A_2    1.00  1.00 -1.00 -1.00
B_1    1.00 -1.00  1.00 -1.00
B_2    1.00 -1.00 -1.00  1.00

     the symmetry operations in each class and the name of the first element:

     E        1
                                                                 
     C2       3
                                                                 
     s_v      2
                                                                 
     s_v'     4
                                                                 


     Atomic displacements:
     There are   6 irreducible representations

     Representation     1      1 modes -A_1  D_1  S_1  To be done
     Irreps are as follows:

                     mode #   1
                     (   0.00000   0.00000   ) 
                     (   0.00000   0.00000   ) 
                     (   0.00000   0.00000   ) 
                     (   0.00000   0.00000   ) 
                     (  -1.00000   0.00000   ) 
                     (  -0.00000   0.00000   ) 

     Representation     2      1 modes -A_1  D_1  S_1  To be done
     Irreps are as follows:

                     mode #   2
                     (   0.00000   0.00000   ) 
                     (  -1.00000   0.00000   ) 
                     (  -0.00000   0.00000   ) 
                     (   0.00000   0.00000   ) 
                     (   0.00000   0.00000   ) 
                     (   0.00000   0.00000   ) 

     Representation     3      1 modes -B_1  D_3  S_3  To be done
     Irreps are as follows:

                     mode #   3
                     (   0.00000   0.00000   ) 
                     (   0.00000   0.00000   ) 
                     (   0.00000   0.00000   ) 
                     (  -0.70711   0.00000   ) 
                     (   0.00000   0.00000   ) 
                     (  -0.70711   0.00000   ) 

     Representation     4      1 modes -B_1  D_3  S_3  To be done
     Irreps are as follows:

                     mode #   4
                     (  -0.70711   0.00000   ) 
                     (   0.00000   0.00000   ) 
                     (  -0.70711   0.00000   ) 
                     (   0.00000   0.00000   ) 
                     (   0.00000   0.00000   ) 
                     (   0.00000   0.00000   ) 

     Representation     5      1 modes -B_2  D_4  S_4  To be done
     Irreps are as follows:

                     mode #   5
                     (  -0.70711   0.00000   ) 
                     (  -0.00000  -0.00000   ) 
                     (   0.70711   0.00000   ) 
                     (   0.00000   0.00000   ) 
                     (   0.00000   0.00000   ) 
                     (   0.00000   0.00000   ) 

     Representation     6      1 modes -B_2  D_4  S_4  To be done
     Irreps are as follows:

                     mode #   6
                     (   0.00000   0.00000   ) 
                     (   0.00000   0.00000   ) 
                     (   0.00000   0.00000   ) 
                     (  -0.70711   0.00000   ) 
                     (  -0.00000   0.00000   ) 
                     (   0.70711  -0.00000   ) 
 time_reversal =  T skip_equiv =  F
 nrot=          48
 nsymq=           4
 minus_q= F
 magnetic_sym= F
     ===========================================================================
          K points generated with subgroup at this q point
          nsym   =   24
          nrot   =   48
          nk_ibz =   12
          xk(00000001) = (  0.000000  0.000000  0.000000) wk =   0.074074
          xk(00000002) = ( -0.333333  0.333333 -0.333333) wk =   0.148148
          xk(00000003) = (  0.000000  0.666667  0.000000) wk =   0.074074
          xk(00000004) = (  0.666667 -0.000000  0.666667) wk =   0.148148
          xk(00000005) = (  0.333333 -0.333333 -0.333333) wk =   0.148148
          xk(00000006) = (  0.333333 -0.333333  0.333333) wk =   0.148148
          xk(00000007) = ( -0.333333  0.333333  0.333333) wk =   0.148148
          xk(00000008) = ( -0.666667  0.000000  0.000000) wk =   0.296296
          xk(00000009) = (  0.000000 -0.666667  0.000000) wk =   0.074074
          xk(00000010) = (  0.000000 -0.666667  0.666667) wk =   0.296296
          xk(00000011) = ( -0.666667  0.000000  0.666667) wk =   0.148148
          xk(00000012) = (  0.666667  0.666667  0.000000) wk =   0.296296
     ===========================================================================
  2nd deri of PP in cart basis (real part)
   0.280777E+02   0.575183E+00   0.707563E-05   0.000000E+00   0.000000E+00   0.000000E+00
  
   0.575183E+00   0.287079E+02   0.794627E+00   0.000000E+00   0.000000E+00   0.000000E+00
  
   0.707563E-05   0.794627E+00   0.293381E+02   0.000000E+00   0.000000E+00   0.000000E+00
  
   0.000000E+00   0.000000E+00   0.000000E+00   0.280777E+02   0.575189E+00  -0.125392E-04
  
   0.000000E+00   0.000000E+00   0.000000E+00   0.575189E+00   0.287079E+02   0.794607E+00
  
   0.000000E+00   0.000000E+00   0.000000E+00  -0.125392E-04   0.794607E+00   0.293381E+02
  
  2nd deri of PP in pattern basis (real part)
   0.287079E+02   0.000000E+00   0.968592E+00   0.000000E+00   0.000000E+00  -0.155152E+00
  
   0.000000E+00   0.287079E+02   0.000000E+00   0.968602E+00  -0.155170E+00   0.000000E+00
  
   0.968592E+00   0.000000E+00   0.287079E+02   0.000000E+00   0.000000E+00  -0.630217E+00
  
   0.000000E+00   0.968602E+00   0.000000E+00   0.287079E+02  -0.630195E+00   0.000000E+00
  
   0.000000E+00  -0.155170E+00   0.000000E+00  -0.630195E+00   0.287079E+02   0.000000E+00
  
  -0.155152E+00   0.000000E+00  -0.630217E+00   0.000000E+00   0.000000E+00   0.287079E+02
  

     Alpha used in Ewald sum =   2.5000
  Ionic contribution in cart of iq =            3
   0.244554E+01  -0.114353E-13   0.643929E-14  -0.446805E+00  -0.199840E-14   0.338191E+01
 
  -0.122125E-13   0.592817E+01  -0.266454E-14  -0.177636E-14   0.893611E+00  -0.355271E-14
 
   0.688338E-14  -0.266454E-14   0.244554E+01   0.338191E+01  -0.310862E-14  -0.446805E+00
 
  -0.446805E+00  -0.199840E-14   0.338191E+01   0.244554E+01  -0.114353E-13   0.643929E-14
 
  -0.177636E-14   0.893611E+00  -0.355271E-14  -0.122125E-13   0.592817E+01  -0.266454E-14
 
   0.338191E+01  -0.310862E-14  -0.446805E+00   0.688338E-14  -0.266454E-14   0.244554E+01
 
  Ionic contribution in pattern of iq =            3
   0.592817E+01   0.893611E+00  -0.111569E-13  -0.375586E-14   0.918234E-14  -0.645710E-14
 
   0.893611E+00   0.592817E+01  -0.388998E-14  -0.106319E-13   0.191925E-13   0.299467E-13
 
  -0.106074E-13  -0.373298E-14   0.244554E+01   0.293510E+01  -0.971445E-15   0.000000E+00
 
  -0.359885E-14  -0.100823E-13   0.293510E+01   0.244554E+01   0.000000E+00  -0.222045E-14
 
   0.871131E-14   0.197421E-13  -0.971445E-15  -0.444089E-15   0.244554E+01  -0.382871E+01
 
  -0.590756E-14   0.294756E-13  -0.444089E-15  -0.222045E-14  -0.382871E+01   0.244554E+01
 
       
     --------------------------------------------------------------------------------------------
     Computing drho                                                      
     --------------------------------------------------------------------------------------------
     in progress... |######              | 030% :               00.1s (E)               00.3s (X)
     in progress... |#############       | 065% :               00.2s (E)               00.3s (X)
     in progress... |####################| 100% :               00.3s (E)               00.3s (X)
     --------------------------------------------------------------------------------------------
       
     --------------------------------------------------------------------------------------------
     Reading eigenpotentials at this q point                             
     --------------------------------------------------------------------------------------------
     in progress... |#                   | 005% :             < 00.1s (E)             < 00.1s (X)
     in progress... |##                  | 010% :             < 00.1s (E)             < 00.1s (X)
     in progress... |###                 | 015% :             < 00.1s (E)             < 00.1s (X)
     in progress... |####                | 020% :             < 00.1s (E)             < 00.1s (X)
     in progress... |#####               | 025% :             < 00.1s (E)             < 00.1s (X)
     in progress... |######              | 030% :             < 00.1s (E)             < 00.1s (X)
     in progress... |#######             | 035% :             < 00.1s (E)             < 00.1s (X)
     in progress... |########            | 040% :             < 00.1s (E)             < 00.1s (X)
     in progress... |#########           | 045% :             < 00.1s (E)             < 00.1s (X)
     in progress... |##########          | 050% :             < 00.1s (E)             < 00.1s (X)
     in progress... |###########         | 055% :             < 00.1s (E)             < 00.1s (X)
     in progress... |############        | 060% :             < 00.1s (E)             < 00.1s (X)
     in progress... |#############       | 065% :             < 00.1s (E)             < 00.1s (X)
     in progress... |##############      | 070% :             < 00.1s (E)             < 00.1s (X)
     in progress... |###############     | 075% :             < 00.1s (E)             < 00.1s (X)
     in progress... |################    | 080% :             < 00.1s (E)             < 00.1s (X)
     in progress... |#################   | 085% :             < 00.1s (E)             < 00.1s (X)
     in progress... |##################  | 090% :             < 00.1s (E)             < 00.1s (X)
     in progress... |################### | 095% :             < 00.1s (E)             < 00.1s (X)
     --------------------------------------------------------------------------------------------
     Leading diagonal terms in fxc
            -0.0811522421
            -0.2128709116
            -0.2844774192
            -0.2489772153
            -0.2489771965
            -0.2964645609
            -0.4693401853
            -0.4693402744
            -0.4339186548
            -0.5426879006
            -0.6477081841
            -0.7538156662
            -0.7538159864
            -0.6977627837
            -0.6545555622
            -0.6545550131
            -0.7736232218
            -0.6751690418
            -0.9127285786
            -0.9127283485
            -0.8622072976
            -0.9453075614
            -1.1022595163
            -1.1022587418
            -1.0675040913
            -1.1787805111
            -1.2440734758
            -1.2505957996
            -1.2505802584
            -1.3112135676
            -1.3428913687
            -1.3490208035
            -1.3490225482
            -1.4919838959
            -1.2119459956
            -1.5470256075
            -1.5586788319
            -1.6275286205
            -1.6275311527
            -1.7516019183
            -1.7516689013
            -1.6491347274
            -1.7247513701
            -1.9398460622
            -1.7153449627
            -1.7153649361
            -1.8925378282
            -1.8682244714
            -2.0538106744
            -2.1058634841
       
     --------------------------------------------------------------------------------------------
     Computing elec elec part                                            
     --------------------------------------------------------------------------------------------
     in progress... |######              | 030% :             < 00.1s (E)             < 00.1s (X)
     in progress... |#############       | 065% :             < 00.1s (E)             < 00.1s (X)
     in progress... |####################| 100% :             < 00.1s (E)             < 00.1s (X)
     --------------------------------------------------------------------------------------------
 Dynmat after symmetrization (real part)
   0.768714E+00   0.555112E-16   0.163154E-05  -0.207479E+00   0.000000E+00   0.173457E+00
  
   0.111022E-15   0.116852E+01   0.111022E-15   0.000000E+00  -0.212415E+00   0.000000E+00
  
   0.163154E-05   0.555112E-16   0.768714E+00   0.173457E+00  -0.277556E-16  -0.207479E+00
  
  -0.207479E+00   0.000000E+00   0.173457E+00   0.768713E+00   0.000000E+00  -0.111767E-06
  
   0.000000E+00  -0.212415E+00   0.000000E+00   0.111022E-15   0.116853E+01   0.000000E+00
  
   0.173457E+00  -0.277556E-16  -0.207479E+00  -0.111767E-06   0.000000E+00   0.768713E+00
  
 Dynmat after symmetrization (imag part)
   0.000000E+00   0.000000E+00   0.000000E+00   0.359364E+00   0.000000E+00   0.100144E+00
  
   0.000000E+00   0.000000E+00   0.000000E+00   0.000000E+00   0.367907E+00   0.000000E+00
  
   0.000000E+00   0.000000E+00   0.000000E+00   0.100144E+00   0.000000E+00   0.359364E+00
  
  -0.359364E+00   0.000000E+00  -0.100144E+00   0.000000E+00   0.000000E+00   0.000000E+00
  
   0.000000E+00  -0.367907E+00   0.000000E+00   0.000000E+00   0.000000E+00   0.000000E+00
  
  -0.100144E+00   0.000000E+00  -0.359364E+00   0.000000E+00   0.000000E+00   0.000000E+00
  
 
     Number of q in the star =    6
     List of q in the star:
          1   0.000000000   0.666666667   0.000000000
          2  -0.666666667   0.000000000   0.000000000
          3   0.000000000   0.000000000  -0.666666667
          4   0.666666667   0.000000000   0.000000000
          5   0.000000000  -0.666666667   0.000000000
          6   0.000000000   0.000000000   0.666666667
     Phonon frequencies at q point No.  3 in q point IBZ.
      Mode(   1)=      17.448510 [THz]     582.019640 [cm-1]
      Mode(   2)=      17.448510 [THz]     582.019640 [cm-1]
      Mode(   3)=      27.115658 [THz]     904.481000 [cm-1]
      Mode(   4)=      34.864321 [THz]    1162.948570 [cm-1]
      Mode(   5)=      34.864321 [THz]    1162.948570 [cm-1]
      Mode(   6)=      39.689547 [THz]    1323.900795 [cm-1]
 current_iq =            5 iqq =            1  iq =            5
 g0 =   0.000000000000000E+000  0.000000000000000E+000  0.000000000000000E+000
 current_iq =            5 iqq =            2  iq =           11
 g0 =   0.000000000000000E+000  0.000000000000000E+000  0.000000000000000E+000
 current_iq =            5 iqq =            3  iq =           25
 g0 =   0.000000000000000E+000  0.000000000000000E+000  1.110223024625157E-016
 current_iq =            5 iqq =            4  iq =           21
 g0 =  -1.110223024625157E-016  0.000000000000000E+000  0.000000000000000E+000
 current_iq =            5 iqq =            5  iq =            9
 g0 =   0.000000000000000E+000  1.110223024625157E-016  0.000000000000000E+000
 current_iq =            5 iqq =            6  iq =           13
 g0 =   0.000000000000000E+000  0.000000000000000E+000  0.000000000000000E+000
       
     --------------------------------------------------------------------------------------------
     Working on iqr = 00004 in q IBZ                                     
     --------------------------------------------------------------------------------------------
     Q-point No.    4,         2 Sym. Ops. Found,      Inv. Sym. Not Found.
  

     point group C_s (m)    
     there are  2 classes
     the character table:

       E     s    
A'     1.00  1.00
A''    1.00 -1.00

     the symmetry operations in each class and the name of the first element:

     E        1
                                                                 
     s        2
                                                                 


     Atomic displacements:
     There are   6 irreducible representations

     Representation     1      1 modes -A'  To be done
     Irreps are as follows:

                     mode #   1
                     (   0.00000   0.00000   ) 
                     (   0.00000   0.00000   ) 
                     (   0.00000   0.00000   ) 
                     (  -0.45036   0.00000   ) 
                     (  -0.35413   0.68480   ) 
                     (  -0.45036   0.00000   ) 

     Representation     2      1 modes -A'  To be done
     Irreps are as follows:

                     mode #   2
                     (  -0.27768   0.00000   ) 
                     (   0.49122   0.77749   ) 
                     (  -0.27768   0.00000   ) 
                     (   0.00000   0.00000   ) 
                     (   0.00000   0.00000   ) 
                     (   0.00000   0.00000   ) 

     Representation     3      1 modes -A'  To be done
     Irreps are as follows:

                     mode #   3
                     (   0.00000   0.00000   ) 
                     (   0.00000   0.00000   ) 
                     (   0.00000   0.00000   ) 
                     (  -0.54514   0.00000   ) 
                     (   0.29256  -0.56573   ) 
                     (  -0.54514   0.00000   ) 

     Representation     4      1 modes -A'  To be done
     Irreps are as follows:

                     mode #   4
                     (  -0.65030   0.00000   ) 
                     (  -0.20975  -0.33199   ) 
                     (  -0.65030   0.00000   ) 
                     (   0.00000   0.00000   ) 
                     (   0.00000   0.00000   ) 
                     (   0.00000   0.00000   ) 

     Representation     5      1 modes -A''  To be done
     Irreps are as follows:

                     mode #   5
                     (  -0.70711   0.00000   ) 
                     (  -0.00000  -0.00000   ) 
                     (   0.70711  -0.00000   ) 
                     (   0.00000   0.00000   ) 
                     (   0.00000   0.00000   ) 
                     (   0.00000   0.00000   ) 

     Representation     6      1 modes -A''  To be done
     Irreps are as follows:

                     mode #   6
                     (   0.00000   0.00000   ) 
                     (   0.00000   0.00000   ) 
                     (   0.00000   0.00000   ) 
                     (  -0.70711   0.00000   ) 
                     (   0.00000  -0.00000   ) 
                     (   0.70711  -0.00000   ) 
 time_reversal =  T skip_equiv =  F
 nrot=          48
 nsymq=           2
 minus_q= F
 magnetic_sym= F
     ===========================================================================
          K points generated with subgroup at this q point
          nsym   =   24
          nrot   =   48
          nk_ibz =   18
          xk(00000001) = (  0.000000  0.000000  0.000000) wk =   0.074074
          xk(00000002) = ( -0.333333  0.333333 -0.333333) wk =   0.074074
          xk(00000003) = (  0.000000  0.666667  0.000000) wk =   0.074074
          xk(00000004) = (  0.666667 -0.000000  0.666667) wk =   0.074074
          xk(00000005) = (  0.333333  0.333333  0.333333) wk =   0.074074
          xk(00000006) = (  0.333333 -0.333333 -0.333333) wk =   0.148148
          xk(00000007) = (  0.333333 -0.333333  0.333333) wk =   0.074074
          xk(00000008) = ( -0.333333  0.333333  0.333333) wk =   0.148148
          xk(00000009) = ( -0.333333 -0.333333 -0.333333) wk =   0.074074
          xk(00000010) = ( -0.666667  0.000000  0.000000) wk =   0.148148
          xk(00000011) = (  0.666667  0.000000  0.000000) wk =   0.148148
          xk(00000012) = (  0.000000 -0.666667  0.000000) wk =   0.074074
          xk(00000013) = ( -0.666667  0.000000 -0.666667) wk =   0.074074
          xk(00000014) = (  0.000000 -0.666667  0.666667) wk =   0.148148
          xk(00000015) = (  0.000000 -0.666667 -0.666667) wk =   0.148148
          xk(00000016) = ( -0.666667  0.000000  0.666667) wk =   0.148148
          xk(00000017) = (  0.666667  0.666667  0.000000) wk =   0.148148
          xk(00000018) = ( -0.666667  0.666667  0.000000) wk =   0.148148
     ===========================================================================
  2nd deri of PP in cart basis (real part)
   0.280777E+02   0.684905E+00   0.222892E-05   0.000000E+00   0.000000E+00   0.000000E+00
  
   0.684905E+00   0.287079E+02  -0.684906E+00   0.000000E+00   0.000000E+00   0.000000E+00
  
   0.222892E-05  -0.684906E+00   0.293381E+02   0.000000E+00   0.000000E+00   0.000000E+00
  
   0.000000E+00   0.000000E+00   0.000000E+00   0.280777E+02   0.684904E+00  -0.303915E-05
  
   0.000000E+00   0.000000E+00   0.000000E+00   0.684904E+00   0.287079E+02  -0.684917E+00
  
   0.000000E+00   0.000000E+00   0.000000E+00  -0.303915E-05  -0.684917E+00   0.293381E+02
  
  2nd deri of PP in pattern basis (real part)
   0.287079E+02   0.000000E+00  -0.595709E-05   0.000000E+00   0.000000E+00  -0.583637E-01
  
   0.000000E+00   0.287079E+02   0.000000E+00   0.694949E-05  -0.723273E+00   0.000000E+00
  
  -0.595709E-05   0.000000E+00   0.287079E+02   0.000000E+00   0.000000E+00  -0.769233E+00
  
   0.000000E+00   0.694949E-05   0.000000E+00   0.287079E+02  -0.376401E+00   0.000000E+00
  
   0.000000E+00  -0.723273E+00   0.000000E+00  -0.376401E+00   0.287079E+02   0.000000E+00
  
  -0.583637E-01   0.000000E+00  -0.769233E+00   0.000000E+00   0.000000E+00   0.287079E+02
  

     Alpha used in Ewald sum =   2.5000
  Ionic contribution in cart of iq =            4
   0.338517E+01  -0.262013E-13   0.106761E+01   0.221574E+00   0.111022E-15   0.400326E+01
 
  -0.265343E-13   0.404890E+01  -0.821565E-14  -0.333067E-15  -0.443147E+00   0.888178E-15
 
   0.106761E+01  -0.102141E-13   0.338517E+01   0.400326E+01   0.888178E-15   0.221574E+00
 
   0.221574E+00   0.111022E-15   0.400326E+01   0.338517E+01  -0.262013E-13   0.106761E+01
 
  -0.333067E-15  -0.443147E+00   0.888178E-15  -0.265343E-13   0.404890E+01  -0.821565E-14
 
   0.400326E+01   0.888178E-15   0.221574E+00   0.106761E+01  -0.102141E-13   0.338517E+01
 
  Ionic contribution in pattern of iq =            4
   0.421273E+01   0.161296E+00   0.198307E+00   0.528076E+01   0.846545E-15  -0.177636E-14
 
   0.161296E+00   0.411119E+01  -0.126398E+01   0.145858E+00   0.577316E-14  -0.179995E-13
 
   0.198307E+00  -0.126398E+01   0.428895E+01   0.207898E+01   0.555528E-13   0.333067E-13
 
   0.528076E+01   0.145858E+00   0.207898E+01   0.439049E+01  -0.244249E-14   0.326683E-13
 
   0.188738E-14   0.499600E-14   0.563993E-13  -0.199840E-14   0.231756E+01  -0.378169E+01
 
  -0.111022E-14  -0.177497E-13   0.328626E-13   0.335010E-13  -0.378169E+01   0.231756E+01
 
       
     --------------------------------------------------------------------------------------------
     Computing drho                                                      
     --------------------------------------------------------------------------------------------
     in progress... |######              | 030% :               00.1s (E)               00.5s (X)
     in progress... |#############       | 065% :               00.3s (E)               00.5s (X)
     in progress... |####################| 100% :               00.4s (E)               00.4s (X)
     --------------------------------------------------------------------------------------------
       
     --------------------------------------------------------------------------------------------
     Reading eigenpotentials at this q point                             
     --------------------------------------------------------------------------------------------
     in progress... |#                   | 005% :             < 00.1s (E)             < 00.1s (X)
     in progress... |##                  | 010% :             < 00.1s (E)             < 00.1s (X)
     in progress... |###                 | 015% :             < 00.1s (E)             < 00.1s (X)
     in progress... |####                | 020% :             < 00.1s (E)             < 00.1s (X)
     in progress... |#####               | 025% :             < 00.1s (E)             < 00.1s (X)
     in progress... |######              | 030% :             < 00.1s (E)             < 00.1s (X)
     in progress... |#######             | 035% :             < 00.1s (E)             < 00.1s (X)
     in progress... |########            | 040% :             < 00.1s (E)             < 00.1s (X)
     in progress... |#########           | 045% :             < 00.1s (E)             < 00.1s (X)
     in progress... |##########          | 050% :             < 00.1s (E)             < 00.1s (X)
     in progress... |###########         | 055% :             < 00.1s (E)             < 00.1s (X)
     in progress... |############        | 060% :             < 00.1s (E)             < 00.1s (X)
     in progress... |#############       | 065% :             < 00.1s (E)             < 00.1s (X)
     in progress... |##############      | 070% :             < 00.1s (E)             < 00.1s (X)
     in progress... |###############     | 075% :             < 00.1s (E)             < 00.1s (X)
     in progress... |################    | 080% :             < 00.1s (E)             < 00.1s (X)
     in progress... |#################   | 085% :             < 00.1s (E)             < 00.1s (X)
     in progress... |##################  | 090% :             < 00.1s (E)             < 00.1s (X)
     in progress... |################### | 095% :             < 00.1s (E)             < 00.1s (X)
     --------------------------------------------------------------------------------------------
     Leading diagonal terms in fxc
            -0.1716371263
            -0.1373630482
            -0.1721157650
            -0.2828814908
            -0.2577475027
            -0.3936172972
            -0.4408714122
            -0.4310527112
            -0.6181808466
            -0.4572692357
            -0.5084609451
            -0.6929853176
            -0.7299503612
            -0.7486519283
            -0.6917275192
            -0.6463123923
            -0.8772626404
            -0.6846589848
            -0.8677947934
            -0.9090748510
            -0.9828305198
            -0.9998278681
            -1.0150972985
            -0.9714194960
            -1.1577762938
            -1.2169947728
            -1.1705424859
            -1.1834307421
            -1.2535017846
            -1.3469600796
            -1.2766991049
            -1.3238538287
            -1.5051783425
            -1.2527797098
            -1.3976417439
            -1.5901975175
            -1.5914130903
            -1.6260681228
            -1.7277745194
            -1.7042868628
            -1.7754912719
            -1.7601692601
            -1.6766547175
            -1.9565322193
            -1.7044831596
            -1.6866438559
            -1.7361305029
            -1.8790243105
            -1.9071357325
            -2.0218895381
       
     --------------------------------------------------------------------------------------------
     Computing elec elec part                                            
     --------------------------------------------------------------------------------------------
     in progress... |######              | 030% :             < 00.1s (E)             < 00.1s (X)
     in progress... |#############       | 065% :             < 00.1s (E)             < 00.1s (X)
     in progress... |####################| 100% :             < 00.1s (E)             < 00.1s (X)
     --------------------------------------------------------------------------------------------
 Dynmat after symmetrization (real part)
   0.854504E+00  -0.592062E-05   0.934014E-01  -0.224741E+00   0.688540E-05   0.134875E+00
  
  -0.592062E-05   0.105228E+01  -0.592062E-05   0.366500E-05  -0.235177E+00   0.366500E-05
  
   0.934014E-01  -0.592062E-05   0.854504E+00   0.134875E+00   0.688540E-05  -0.224741E+00
  
  -0.224741E+00   0.366500E-05   0.134875E+00   0.854509E+00  -0.688906E-05   0.934022E-01
  
   0.688540E-05  -0.235177E+00   0.688540E-05  -0.688906E-05   0.105228E+01  -0.688906E-05
  
   0.134875E+00   0.366500E-05  -0.224741E+00   0.934022E-01  -0.688906E-05   0.854509E+00
  
 Dynmat after symmetrization (imag part)
   0.000000E+00  -0.779147E-01   0.000000E+00  -0.998101E-06   0.561901E-01  -0.650029E-05
  
   0.779147E-01   0.000000E+00   0.779147E-01   0.561990E-01   0.173356E-05   0.561990E-01
  
   0.000000E+00  -0.779147E-01   0.000000E+00  -0.650029E-05   0.561901E-01  -0.998101E-06
  
   0.998101E-06  -0.561990E-01   0.650029E-05   0.000000E+00   0.779208E-01   0.000000E+00
  
  -0.561901E-01  -0.173356E-05  -0.561901E-01  -0.779208E-01   0.000000E+00  -0.779208E-01
  
   0.650029E-05  -0.561990E-01   0.998101E-06   0.000000E+00   0.779208E-01   0.000000E+00
  
 
     Number of q in the star =   12
     List of q in the star:
          1   0.666666667   0.000000000   0.666666667
          2  -0.666666667   0.000000000  -0.666666667
          3   0.000000000  -0.666666667   0.666666667
          4   0.666666667  -0.666666667   0.000000000
          5   0.000000000  -0.666666667  -0.666666667
          6  -0.666666667   0.000000000   0.666666667
          7   0.666666667   0.666666667   0.000000000
          8  -0.666666667  -0.666666667   0.000000000
          9  -0.666666667   0.666666667   0.000000000
         10   0.666666667   0.000000000  -0.666666667
         11   0.000000000   0.666666667   0.666666667
         12   0.000000000   0.666666667  -0.666666667
     Phonon frequencies at q point No.  4 in q point IBZ.
      Mode(   1)=      19.923116 [THz]     664.563619 [cm-1]
      Mode(   2)=      27.880827 [THz]     930.004289 [cm-1]
      Mode(   3)=      28.349122 [THz]     945.624917 [cm-1]
      Mode(   4)=      32.095813 [THz]    1070.601083 [cm-1]
      Mode(   5)=      33.286573 [THz]    1110.320577 [cm-1]
      Mode(   6)=      36.657815 [THz]    1222.773076 [cm-1]
 current_iq =            6 iqq =            1  iq =            6
 g0 =   5.551115123125783E-017  5.551115123125783E-017  5.551115123125783E-017
 current_iq =            6 iqq =            2  iq =            8
 g0 =  -5.551115123125783E-017  5.551115123125783E-017 -5.551115123125783E-017
 current_iq =            6 iqq =            3  iq =           12
 g0 =  -5.551115123125783E-017 -5.551115123125783E-017  5.551115123125783E-017
 current_iq =            6 iqq =            4  iq =           26
 g0 =    1.00000000000000       -1.00000000000000        1.00000000000000     
 current_iq =            6 iqq =            5  iq =           24
 g0 =   -1.00000000000000       -1.00000000000000       -1.00000000000000     
 current_iq =            6 iqq =            6  iq =           23
 g0 =   -1.00000000000000       -1.00000000000000        1.00000000000000     
 current_iq =            6 iqq =            7  iq =           22
 g0 =   5.551115123125783E-017  5.551115123125783E-017  5.551115123125783E-017
 current_iq =            6 iqq =            8  iq =           16
 g0 =  -5.551115123125783E-017 -5.551115123125783E-017  5.551115123125783E-017
 current_iq =            6 iqq =            9  iq =           15
 g0 =   -1.00000000000000        1.00000000000000       -1.00000000000000     
 current_iq =            6 iqq =           10  iq =           18
 g0 =    1.00000000000000        1.00000000000000       -1.00000000000000     
 current_iq =            6 iqq =           11  iq =           17
 g0 =    1.00000000000000        1.00000000000000        1.00000000000000     
 current_iq =            6 iqq =           12  iq =           20
 g0 =  -5.551115123125783E-017  5.551115123125783E-017 -5.551115123125783E-017
     WELPH        :     7.99s CPU        26.44s WALL

     welph_readin :      0.54s CPU      0.79s WALL (       1 calls)
     fetch_input  :      0.06s CPU      0.07s WALL (       2 calls)
     read_xml     :      0.35s CPU      0.51s WALL (       1 calls)
     init_vloc    :      0.00s CPU      0.02s WALL (       2 calls)
     fft          :      0.26s CPU      0.29s WALL (    6048 calls)
     fft_scatter  :      1.81s CPU      1.92s WALL (   85996 calls)
     v_of_rho     :      0.00s CPU      0.02s WALL (       1 calls)
     v_xc         :      0.00s CPU      0.01s WALL (       1 calls)
     v_h          :      0.00s CPU      0.00s WALL (       1 calls)
     read_wave    :      0.13s CPU      0.20s WALL (       1 calls)
     davcio       :      0.01s CPU      0.04s WALL (     668 calls)
     init_us_1    :      0.00s CPU      0.01s WALL (       2 calls)
     do_setup     :      0.02s CPU      0.03s WALL (       1 calls)
     init_pw_ar   :      0.00s CPU      0.01s WALL (       1 calls)
     init_at_1    :      0.00s CPU      0.00s WALL (       1 calls)
     setup_dmuxc  :      0.00s CPU      0.00s WALL (       1 calls)
     build_chi    :      2.15s CPU      2.73s WALL (       1 calls)
     sqvc_init    :      0.00s CPU      0.00s WALL (       8 calls)
     eigpot_io    :      0.19s CPU      0.48s WALL (       8 calls)
     pdep_db      :      0.67s CPU      0.70s WALL (       4 calls)
     fftw         :      1.92s CPU      2.03s WALL (   79921 calls)
     diagh        :      1.27s CPU      1.28s WALL (      35 calls)
     init_us_2    :      0.00s CPU      0.01s WALL (     604 calls)
     calbec       :      0.12s CPU      0.13s WALL (    5857 calls)
     drho         :      1.18s CPU      1.36s WALL (       4 calls)
     ffts         :      0.00s CPU      0.00s WALL (      27 calls)
     alphapc      :      0.00s CPU      0.01s WALL (     164 calls)
     linstern     :      1.20s CPU      1.27s WALL (     164 calls)
     stern        :      1.03s CPU      1.09s WALL (    4217 calls)
     h_psi_bgrp   :      0.94s CPU      1.00s WALL (    4217 calls)
     h_psi        :      0.93s CPU      0.99s WALL (    4217 calls)
     h_psi:pot    :      0.93s CPU      0.98s WALL (    4217 calls)
     vloc_psi     :      0.81s CPU      0.86s WALL (    4217 calls)
     h_psi:calbec :      0.08s CPU      0.09s WALL (    4217 calls)
     add_vuspsi   :      0.02s CPU      0.02s WALL (    4217 calls)
     alphapv      :      0.08s CPU      0.08s WALL (    4217 calls)
     gather_grid  :      0.02s CPU      0.02s WALL (     216 calls)
     scatter_grid :      0.01s CPU      0.02s WALL (     204 calls)
     psymdvscf    :      0.11s CPU      0.12s WALL (      18 calls)
     cgather      :      0.01s CPU      0.02s WALL (      27 calls)
     symdvscf     :      0.10s CPU      0.10s WALL (      18 calls)
     dynmat       :      0.11s CPU      0.11s WALL (       4 calls)
     commutator_H :      0.01s CPU      0.01s WALL (      48 calls)
     stres_us31   :      0.00s CPU      0.00s WALL (      48 calls)
     stres_us32   :      0.00s CPU      0.00s WALL (      48 calls)
     stres_us33   :      0.00s CPU      0.00s WALL (      48 calls)
     stres_us34   :      0.00s CPU      0.00s WALL (      48 calls)
     rotate_WHxc_ :      0.51s CPU      1.98s WALL (       4 calls)
 
     WELPH        :     7.99s CPU        26.45s WALL

 
   This run was terminated on:  20:37:48  10Mar2021            

=------------------------------------------------------------------------------=
   JOB DONE.
=------------------------------------------------------------------------------=
