
     Program WELPH v. 3.1.1 starts on 24May2021 at  8:14:44 

     This program is part of the open-source West suite
     for massively parallel calculations of excited states in materials; please cite
         "M. Govoni et al., J. Chem. Theory Comput. 11, 2680 (2015);
          URL http://www.west-code.org", 
     in publications or presentations arising from this work.

     Based on the Quantum ESPRESSO v. 6.1 svn rev. 13369

     I/O is Little Endian
       
     --------------------------------------------------------------------------------------------
     **MPI** Parallelization Status                                      
     --------------------------------------------------------------------------------------------
                   300                   5             1             1            60
     --------------------------------------------------------------------------------------------
                     N         =         I      X      P      X      B      X      Z
                     ^                   ^             ^             ^             ^
                     |                   |             |             |             |
                   #rnk                  |             |             |             |
                                      #image           |             |             |
                                                     #pool           |             |
                                                                   #bgrp           |
                                                                                 #R&G
     --------------------------------------------------------------------------------------------
     **OPENMP** Parallelization Status
     #thr/rnk               =            1
     --------------------------------------------------------------------------------------------
     #prc = (rnk) * (thr) =          300
     --------------------------------------------------------------------------------------------
       
     --------------------------------------------------------------------------------------------
     I/O Summary : input_west                                            
     --------------------------------------------------------------------------------------------
     qe_prefix      = b
     west_prefix    = b
     outdir         = ./
     --------------------------------------------------------------------------------------------

     Reading data from directory:
     ./b.save

   Info: using nr1, nr2, nr3 values from input

   Info: using nr1, nr2, nr3 values from input

     IMPORTANT: XC functional enforced from input :
     Exchange-correlation      = PBE ( 1  4  3  4 0 0)
     Any further DFT definition will be discarded
     Please, verify this is what you really want

     Message from routine readpp:
     file ./b.save/C_ONCV_PBE-1.0.upf not found
     Message from routine readpp:
     file ./b.save/B_ONCV_PBE-1.0.upf not found
 
     Parallelization info
     --------------------
     sticks:   dense  smooth     PW     G-vecs:    dense   smooth      PW
     Min         128     128     32                 7418     7418     924
     Max         129     129     33                 7420     7420     929
     Sum        7697    7697   1921               445125   445125   55657
 
       
     --------------------------------------------------------------------------------------------
     I/O Summary : wstat_control                                         
     --------------------------------------------------------------------------------------------
     wstat_calculation              =              S
     n_pdep_eigen                   =           1200
     n_pdep_times                   =              4
     n_pdep_maxiter                 =            100
     n_dfpt_maxiter                 =            250
     n_pdep_read_from_file          =              0
     trev_pdep                      =   1.000000E-03
     trev_pdep_rel                  =   1.000000E-01
     tr2_dfpt                       =   1.000000E-12
     l_kinetic_only                 =              F
     l_minimize_exx_if_active       =              F
     l_use_ecutrho                  =              F
     l_use_symm                     =              F
     l_real_space_pdep              =              F
     nq(1)                          =              1
     nq(2)                          =              1
     nq(3)                          =              1
     --------------------------------------------------------------------------------------------
       
     --------------------------------------------------------------------------------------------
     I/O Summary : wfreq_control                                         
     --------------------------------------------------------------------------------------------
     wfreq_calculation                        =           XWGQ
     n_pdep_eigen_to_use                      =           1200
     qp_bandrange(1)                          =              1
     qp_bandrange(2)                          =              2
     macropol_calculation                     =              C
     n_lanczos                                =             30
     n_imfreq                                 =            128
     n_refreq                                 =            272
     ecut_imfreq [Ry]                         =     200.000000
     ecut_refreq [Ry]                         =       2.000000
     wfreq_eta [Ry]                           =       0.003675
     n_secant_maxiter                         =             21
     trev_secant [Ry]                         =       0.003675
     l_enable_lanczos                         =              T
     l_enable_gwetot                          =              F
     o_restart_time [min]                     =       0.000000
     ecut_spectralf(1) [Ry]                   =      -2.000000
     ecut_spectralf(2) [Ry]                   =       2.000000
     n_spectralf                              =             10
     l_read_common_pdep                       =              F
     l_enable_gb_curvature                    =              T
     --------------------------------------------------------------------------------------------
       
     --------------------------------------------------------------------------------------------
     I/O Summary : welph_control                                         
     --------------------------------------------------------------------------------------------
     welph_calculation                        =              S
     welph_n_pdep_eigen_to_use                =           1200
     asr                                      =              1
     welph_band_range(1)                      =            480
     welph_band_range(2)                      =            520
     do_scr                                   =              T
     do_fxc                                   =              T
     welph_read_common_pdep                   =              T
     loto                                     =              T
     lsym                                     =              F
     l_adiabatic                              =              T
     l_enabel_gw                              =              T
     l_ff_fxc                                 =              F
     q_direction(1)                           =       1.000000
     q_direction(2)                           =       0.000000
     q_direction(3)                           =       0.000000
     welph_eta                                =       0.100000
     temperature                              =       0.000000
     --------------------------------------------------------------------------------------------
       
     --------------------------------------------------------------------------------------------
     System Overview                                                     
     --------------------------------------------------------------------------------------------
     gamma_only           =              F
     ecutwfc [Ry]         =      50.000000
     ecutrho [Ry]         =     200.000000
     omega [au^3]         =   9.320914E+03
     nbnd                 =            600
     nkstot               =              1
     nspin                =              1
     nelec                =     998.000000
     npol                 =              1
     lsda                 =              F
     noncolin             =              F
     lspinorb             =              F
     domag                =              F
     --------------------------------------------------------------------------------------------

     3DFFT grid
        s : ( 108, 108, 108)
        p : ( 108, 108, 108)

     Direct Lattice Cell [a.u.]
        a1 = (   -16.6985150    -0.0101282    16.6985150)
        a2 = (     0.0101282    16.6985150    16.6985150)
        a3 = (   -16.6985150    16.6985150    -0.0101282)

     Reciprocal Lattice Cell [a.u.]
        b1 = (    -0.1880790    -0.1879650     0.1880790)
        b2 = (     0.1879650     0.1880790     0.1880790)
        b3 = (    -0.1880790     0.1880790    -0.1879650)
      

     Brillouin Zone sampling [cryst. coord.]
 
        k(000001) = (     0.0000000     0.0000000     0.0000000)
 
        q(000001) = (     0.0000000     0.0000000     0.0000000)
       
     --------------------------------------------------------------------------------------------
     Parallelization for npdep                                           
     --------------------------------------------------------------------------------------------
     nglob                =           1200
     nlevel               =              5
     Min nglob/nlevel     =            240
     Max nglob/nlevel     =            240
     --------------------------------------------------------------------------------------------
       
     --------------------------------------------------------------------------------------------
     Parallelization for npdep+macro                                     
     --------------------------------------------------------------------------------------------
     nglob                =           1203
     nlevel               =              5
     Min nglob/nlevel     =            240
     Max nglob/nlevel     =            241
     --------------------------------------------------------------------------------------------
     ===========================================================================
     Symmetries disabled, nq =    1
          Q-point IBZ [ cart coord ]
          xq(00000001) = (  0.000000  0.000000  0.000000) wq =   1.000000
     ===========================================================================
     -------------------------------
     | Electron-Phonon Self-energy |
     -------------------------------
     Message from routine kpoint_grid:
     ATTENTION: skip check of k-points equivalence
     ===========================================================================
          nsym   =    6
          nrot   =   12
          nk_ibz =    1
          Q-point IBZ [ cart  coord ]
          xk(00000001) = (  0.000000  0.000000  0.000000) wk =   1.000000
          Q-point IBZ [ cryst coord ]
          xk(00000001) = (  0.000000  0.000000  0.000000) wk =   1.000000
     ===========================================================================
       
     --------------------------------------------------------------------------------------------
     Computing Debye-Waller Self-energy (occ)                            
     --------------------------------------------------------------------------------------------
     in progress... |#                   | 005% :           44m-17.3s (E)       14h-45m-47.3s (X)
     in progress... |##                  | 010% :       01h-13m-16.8s (E)       12h-12m-48.7s (X)
     in progress... |###                 | 015% :       01h-42m-11.3s (E)       11h-21m-15.5s (X)
     in progress... |####                | 020% :       02h-12m-06.3s (E)       11h-00m-31.7s (X)
     in progress... |#####               | 025% :       02h-41m-59.4s (E)       10h-47m-57.6s (X)
     in progress... |######              | 030% :       03h-11m-59.0s (E)       10h-39m-56.7s (X)
     in progress... |#######             | 035% :       03h-41m-58.1s (E)       10h-34m-11.9s (X)
     in progress... |########            | 040% :       04h-12m-42.5s (E)       10h-31m-46.2s (X)
     in progress... |#########           | 045% :       04h-43m-36.6s (E)       10h-30m-14.6s (X)
     in progress... |##########          | 050% :       05h-13m-32.2s (E)       10h-27m-04.5s (X)
     in progress... |###########         | 055% :       05h-43m-26.3s (E)       10h-24m-26.1s (X)
     in progress... |############        | 060% :       06h-14m-33.2s (E)       10h-24m-15.4s (X)
     in progress... |#############       | 065% :       06h-48m-03.5s (E)       10h-27m-47.0s (X)
     in progress... |##############      | 070% :       07h-22m-09.8s (E)       10h-31m-39.7s (X)
     in progress... |###############     | 075% :       07h-56m-36.4s (E)       10h-35m-28.5s (X)
     in progress... |################    | 080% :       08h-30m-58.0s (E)       10h-38m-42.6s (X)
     in progress... |#################   | 085% :       09h-02m-38.5s (E)       10h-38m-24.1s (X)
     in progress... |##################  | 090% :       09h-32m-33.1s (E)       10h-36m-10.2s (X)
     in progress... |################### | 095% :       10h-02m-29.6s (E)       10h-34m-12.2s (X)
     in progress... |####################| 100% :       10h-32m-51.9s (E)       10h-32m-51.9s (X)
     --------------------------------------------------------------------------------------------
       
     --------------------------------------------------------------------------------------------
     Computing Debye-Waller Self-energy (Lanczos)                        
     --------------------------------------------------------------------------------------------
     in progress... |####################| 100% :       02h-18m-34.2s (E)       02h-18m-34.2s (X)
     --------------------------------------------------------------------------------------------
       
     --------------------------------------------------------------------------------------------
     Compute Fan-Migdal Self-energy (occ)                                
     --------------------------------------------------------------------------------------------
     in progress... |####################| 100% :           18m-12.0s (E)           18m-12.0s (X)
     --------------------------------------------------------------------------------------------
       
     --------------------------------------------------------------------------------------------
     Compute Fan-Migdal Self-energy (Lanczos)                            
     --------------------------------------------------------------------------------------------
     in progress... |####################| 100% :           30m-15.8s (E)           30m-15.8s (X)
     --------------------------------------------------------------------------------------------
     WELPH        :    13h21m CPU       13h58m WALL

     welph_readin :      5.32s CPU     19.45s WALL (       1 calls)
     fetch_input  :      0.04s CPU      0.05s WALL (       2 calls)
     read_xml     :      1.81s CPU      2.62s WALL (       1 calls)
     init_vloc    :      0.14s CPU      0.14s WALL (       2 calls)
     fft          :      1.24s CPU      1.75s WALL (      14 calls)
     fft_scatter  :   1001.85s CPU   1026.97s WALL ( 2273888 calls)
     v_of_rho     :      0.04s CPU      0.04s WALL (       1 calls)
     v_xc         :      0.03s CPU      0.04s WALL (       1 calls)
     v_h          :      0.00s CPU      0.00s WALL (       1 calls)
     read_wave    :      3.44s CPU     16.70s WALL (       1 calls)
     davcio       :      1.69s CPU     27.91s WALL (     304 calls)
     init_us_1    :      0.04s CPU      0.04s WALL (       2 calls)
     do_setup     :      2.01s CPU      8.01s WALL (       1 calls)
     init_pw_ar   :      0.11s CPU      6.08s WALL (       1 calls)
     init_at_1    :      0.00s CPU      0.00s WALL (       1 calls)
     setup_dmuxc  :      0.00s CPU      0.00s WALL (       1 calls)
     ffts         :     10.04s CPU     10.21s WALL (     450 calls)
     scatter_grid :      0.77s CPU      1.80s WALL (     450 calls)
     init_us_2    :      8.17s CPU      8.34s WALL (     604 calls)
     fftw         :   1545.46s CPU   1579.89s WALL ( 2273424 calls)
     calbec       :   1917.48s CPU   1925.10s WALL (    8100 calls)
     computeDW1   :  37756.73s CPU  37971.92s WALL (       1 calls)
     computeDW2   :   8164.98s CPU   8314.29s WALL (       1 calls)
     alphapc      :    624.83s CPU    628.49s WALL (    5890 calls)
     lan_H        :   4061.55s CPU   4109.26s WALL (     190 calls)
     h_psi_bgrp   :   3285.54s CPU   3326.25s WALL (    5700 calls)
     h_psi        :   3285.49s CPU   3326.24s WALL (    5700 calls)
     h_psi:pot    :   3274.36s CPU   3314.98s WALL (    5700 calls)
     vloc_psi     :   1552.03s CPU   1586.16s WALL (    5700 calls)
     h_psi:calbec :    856.58s CPU    860.12s WALL (    5700 calls)
     add_vuspsi   :    865.68s CPU    868.65s WALL (    5700 calls)
     computeFM1   :    488.09s CPU   1092.09s WALL (       1 calls)
     computeFM2   :   1210.96s CPU   1815.90s WALL (       1 calls)
 
     WELPH        :    13h21m CPU       13h58m WALL

 
   This run was terminated on:  22:12:55  24May2021            

=------------------------------------------------------------------------------=
   JOB DONE.
=------------------------------------------------------------------------------=
