
     Program WFREQ v. 3.1.1 starts on 27Jan2021 at 12: 0:14 

     This program is part of the open-source West suite
     for massively parallel calculations of excited states in materials; please cite
         "M. Govoni et al., J. Chem. Theory Comput. 11, 2680 (2015);
          URL http://www.west-code.org", 
     in publications or presentations arising from this work.

     Based on the Quantum ESPRESSO v. 6.1 svn rev. 13369

     I/O is Little Endian
       
     --------------------------------------------------------------------------------------------
     **MPI** Parallelization Status                                      
     --------------------------------------------------------------------------------------------
                   300                   5             1             1            60
     --------------------------------------------------------------------------------------------
                     N         =         I      X      P      X      B      X      Z
                     ^                   ^             ^             ^             ^
                     |                   |             |             |             |
                   #rnk                  |             |             |             |
                                      #image           |             |             |
                                                     #pool           |             |
                                                                   #bgrp           |
                                                                                 #R&G
     --------------------------------------------------------------------------------------------
     **OPENMP** Parallelization Status
     #thr/rnk               =            1
     --------------------------------------------------------------------------------------------
     #prc = (rnk) * (thr) =          300
     --------------------------------------------------------------------------------------------
       
     --------------------------------------------------------------------------------------------
     I/O Summary : input_west                                            
     --------------------------------------------------------------------------------------------
     qe_prefix      = b
     west_prefix    = b
     outdir         = ./
     --------------------------------------------------------------------------------------------

     Reading data from directory:
     ./b.save

   Info: using nr1, nr2, nr3 values from input

   Info: using nr1, nr2, nr3 values from input

     IMPORTANT: XC functional enforced from input :
     Exchange-correlation      = PBE ( 1  4  3  4 0 0)
     Any further DFT definition will be discarded
     Please, verify this is what you really want

     Message from routine readpp:
     file ./b.save/C_ONCV_PBE-1.0.upf not found
     Message from routine readpp:
     file ./b.save/B_ONCV_PBE-1.0.upf not found
 
     Parallelization info
     --------------------
     sticks:   dense  smooth     PW     G-vecs:    dense   smooth      PW
     Min         128     128     32                 7418     7418     924
     Max         129     129     33                 7420     7420     929
     Sum        7697    7697   1921               445125   445125   55657
 
       
     --------------------------------------------------------------------------------------------
     I/O Summary : wstat_control                                         
     --------------------------------------------------------------------------------------------
     wstat_calculation              =              S
     n_pdep_eigen                   =           1200
     n_pdep_times                   =              4
     n_pdep_maxiter                 =            100
     n_dfpt_maxiter                 =            250
     n_pdep_read_from_file          =              0
     trev_pdep                      =   1.000000E-03
     trev_pdep_rel                  =   1.000000E-01
     tr2_dfpt                       =   1.000000E-12
     l_kinetic_only                 =              F
     l_minimize_exx_if_active       =              F
     l_use_ecutrho                  =              F
     l_use_symm                     =              F
     nq(1)                          =              1
     nq(2)                          =              1
     nq(3)                          =              1
     --------------------------------------------------------------------------------------------
       
     --------------------------------------------------------------------------------------------
     I/O Summary : wfreq_control                                         
     --------------------------------------------------------------------------------------------
     wfreq_calculation                        =           XWGQ
     n_pdep_eigen_to_use                      =           1200
     qp_bandrange(1)                          =            480
     qp_bandrange(2)                          =            520
     macropol_calculation                     =              C
     n_lanczos                                =             30
     n_imfreq                                 =            400
     n_refreq                                 =            400
     ecut_imfreq [Ry]                         =     200.000000
     ecut_refreq [Ry]                         =       2.000000
     wfreq_eta [Ry]                           =       0.003675
     n_secant_maxiter                         =            200
     trev_secant [Ry]                         =       0.003676
     l_enable_lanczos                         =              T
     l_enable_gwetot                          =              F
     o_restart_time [min]                     =      -1.000000
     ecut_spectralf(1) [Ry]                   =      -2.000000
     ecut_spectralf(2) [Ry]                   =       2.000000
     n_spectralf                              =             10
     l_read_common_pdep                       =              F
     l_enable_gb_curvature                    =              T
     --------------------------------------------------------------------------------------------
       
     --------------------------------------------------------------------------------------------
     System Overview                                                     
     --------------------------------------------------------------------------------------------
     gamma_only           =              F
     ecutwfc [Ry]         =      50.000000
     ecutrho [Ry]         =     200.000000
     omega [au^3]         =   9.320914E+03
     nbnd                 =            600
     nkstot               =              1
     nspin                =              1
     nelec                =     998.000000
     npol                 =              1
     lsda                 =              F
     noncolin             =              F
     lspinorb             =              F
     domag                =              F
     --------------------------------------------------------------------------------------------

     3DFFT grid
        s : ( 108, 108, 108)
        p : ( 108, 108, 108)

     Direct Lattice Cell [a.u.]
        a1 = (   -16.6985150    -0.0101282    16.6985150)
        a2 = (     0.0101282    16.6985150    16.6985150)
        a3 = (   -16.6985150    16.6985150    -0.0101282)

     Reciprocal Lattice Cell [a.u.]
        b1 = (    -0.1880790    -0.1879650     0.1880790)
        b2 = (     0.1879650     0.1880790     0.1880790)
        b3 = (    -0.1880790     0.1880790    -0.1879650)
      

     Brillouin Zone sampling [cryst. coord.]
 
        k(000001) = (     0.0000000     0.0000000     0.0000000)
 
        q(000001) = (     0.0000000     0.0000000     0.0000000)
       
     --------------------------------------------------------------------------------------------
     Parallelization for npdep                                           
     --------------------------------------------------------------------------------------------
     nglob                =           1200
     nlevel               =              5
     Min nglob/nlevel     =            240
     Max nglob/nlevel     =            240
     --------------------------------------------------------------------------------------------
       
     --------------------------------------------------------------------------------------------
     Parallelization for npdep+macro                                     
     --------------------------------------------------------------------------------------------
     nglob                =           1203
     nlevel               =              5
     Min nglob/nlevel     =            240
     Max nglob/nlevel     =            241
     --------------------------------------------------------------------------------------------
       
     --------------------------------------------------------------------------------------------
     Parallelization for n_imfreq                                        
     --------------------------------------------------------------------------------------------
     nglob                =            400
     nlevel               =             60
     Min nglob/nlevel     =              6
     Max nglob/nlevel     =              7
     --------------------------------------------------------------------------------------------
       
     --------------------------------------------------------------------------------------------
     Parallelization for n_refreq                                        
     --------------------------------------------------------------------------------------------
     nglob                =            400
     nlevel               =             60
     Min nglob/nlevel     =              6
     Max nglob/nlevel     =              7
     --------------------------------------------------------------------------------------------
       
     --------------------------------------------------------------------------------------------
     Parallelization for nbnd                                            
     --------------------------------------------------------------------------------------------
     nglob                =            600
     nlevel               =              5
     Min nglob/nlevel     =            120
     Max nglob/nlevel     =            120
     --------------------------------------------------------------------------------------------
     Message from routine kpoint_grid:
     ATTENTION: skip check of k-points equivalence
     ===========================================================================
          nsym   =    6
          nrot   =   12
          nk_ibz =    1
          Q-point IBZ [ cart  coord ]
          xk(00000001) = (  0.000000  0.000000  0.000000) wk =   1.000000
          Q-point IBZ [ cryst coord ]
          xk(00000001) = (  0.000000  0.000000  0.000000) wk =   1.000000
     ===========================================================================
     ===========================================================================
     Symmetries disabled, nq =    1
          Q-point IBZ [ cart coord ]
          xq(00000001) = (  0.000000  0.000000  0.000000) wq =   1.000000
     ===========================================================================
       
     --------------------------------------------------------------------------------------------
     Hartree-Fock Exact E(X)change                                       
     --------------------------------------------------------------------------------------------
      
     --------------------------------------------------------------------------------------------
     Vxc
     --------------------------------------------------------------------------------------------
     in progress... |####################| 100% :             < 00.1s (E)             < 00.1s (X)
     --------------------------------------------------------------------------------------------
      
     --------------------------------------------------------------------------------------------
     (X)-Sigma
     --------------------------------------------------------------------------------------------
     in progress... |#                   | 005% :               07.2s (E)           02m-24.2s (X)
     in progress... |##                  | 010% :               08.1s (E)           01m-21.8s (X)
     in progress... |###                 | 015% :               09.1s (E)           01m-00.9s (X)
     in progress... |####                | 020% :               10.1s (E)               50.5s (X)
     in progress... |#####               | 025% :               11.0s (E)               44.2s (X)
     in progress... |######              | 030% :               12.0s (E)               40.1s (X)
     in progress... |#######             | 035% :               12.9s (E)               37.1s (X)
     in progress... |########            | 040% :               13.9s (E)               34.8s (X)
     in progress... |#########           | 045% :               14.9s (E)               33.1s (X)
     in progress... |##########          | 050% :               15.8s (E)               31.7s (X)
     in progress... |###########         | 055% :               16.8s (E)               30.6s (X)
     in progress... |############        | 060% :               17.8s (E)               29.6s (X)
     in progress... |#############       | 065% :               18.7s (E)               28.8s (X)
     in progress... |##############      | 070% :               19.7s (E)               28.2s (X)
     in progress... |###############     | 075% :               20.7s (E)               27.6s (X)
     in progress... |################    | 080% :               21.6s (E)               27.0s (X)
     in progress... |#################   | 085% :               22.6s (E)               26.6s (X)
     in progress... |##################  | 090% :               23.5s (E)               26.2s (X)
     in progress... |################### | 095% :               24.5s (E)               25.8s (X)
     in progress... |####################| 100% :               25.5s (E)               25.5s (X)
     --------------------------------------------------------------------------------------------
       
     --------------------------------------------------------------------------------------------
     (W)-Lanczos                                                         
     --------------------------------------------------------------------------------------------
     in progress... |#                   | 005% :           25m-47.4s (E)       08h-35m-48.9s (X)
     in progress... |##                  | 010% :           51m-05.8s (E)       08h-30m-58.6s (X)
     in progress... |###                 | 015% :       01h-16m-22.7s (E)       08h-29m-11.4s (X)
     in progress... |####                | 020% :       01h-41m-40.5s (E)       08h-28m-22.6s (X)
     in progress... |#####               | 025% :       02h-06m-57.3s (E)       08h-27m-49.2s (X)
     in progress... |######              | 030% :       02h-32m-15.1s (E)       08h-27m-30.3s (X)
     in progress... |#######             | 035% :       02h-57m-29.5s (E)       08h-27m-07.2s (X)
     in progress... |########            | 040% :       03h-22m-40.9s (E)       08h-26m-42.3s (X)
     in progress... |#########           | 045% :       03h-47m-49.3s (E)       08h-26m-16.3s (X)
     in progress... |##########          | 050% :       04h-12m-57.4s (E)       08h-25m-54.9s (X)
     in progress... |###########         | 055% :       04h-38m-16.9s (E)       08h-25m-58.0s (X)
     in progress... |############        | 060% :       05h-03m-35.5s (E)       08h-25m-59.2s (X)
     in progress... |#############       | 065% :       05h-28m-55.3s (E)       08h-26m-02.1s (X)
     in progress... |##############      | 070% :       05h-54m-15.7s (E)       08h-26m-05.3s (X)
     in progress... |###############     | 075% :       06h-19m-35.8s (E)       08h-26m-07.8s (X)
     in progress... |################    | 080% :       06h-44m-53.8s (E)       08h-26m-07.3s (X)
     in progress... |#################   | 085% :       07h-10m-18.3s (E)       08h-26m-14.5s (X)
     in progress... |##################  | 090% :       07h-35m-50.1s (E)       08h-26m-29.1s (X)
     in progress... |################### | 095% :       08h-01m-24.2s (E)       08h-26m-44.4s (X)
     in progress... |####################| 100% :       08h-26m-07.5s (E)       08h-26m-07.5s (X)
     --------------------------------------------------------------------------------------------
       
     --------------------------------------------------------------------------------------------
     (G)-Lanczos                                                         
     --------------------------------------------------------------------------------------------
     in progress... |#                   | 005% :           02m-57.9s (E)           59m-18.1s (X)
     in progress... |##                  | 010% :           04m-56.3s (E)           49m-23.0s (X)
     in progress... |###                 | 015% :           06m-52.4s (E)           45m-49.4s (X)
     in progress... |####                | 020% :           08m-52.8s (E)           44m-24.2s (X)
     in progress... |#####               | 025% :           10m-50.7s (E)           43m-23.1s (X)
     in progress... |######              | 030% :           12m-46.8s (E)           42m-36.2s (X)
     in progress... |#######             | 035% :           14m-42.3s (E)           42m-00.8s (X)
     in progress... |########            | 040% :           16m-37.8s (E)           41m-34.6s (X)
     in progress... |#########           | 045% :           18m-35.1s (E)           41m-18.1s (X)
     in progress... |##########          | 050% :           20m-32.4s (E)           41m-04.8s (X)
     in progress... |###########         | 055% :           22m-37.5s (E)           41m-08.2s (X)
     in progress... |############        | 060% :           24m-34.7s (E)           40m-57.9s (X)
     in progress... |#############       | 065% :           26m-31.4s (E)           40m-48.4s (X)
     in progress... |##############      | 070% :           28m-29.7s (E)           40m-42.4s (X)
     in progress... |###############     | 075% :           30m-26.5s (E)           40m-35.3s (X)
     in progress... |################    | 080% :           32m-23.6s (E)           40m-29.5s (X)
     in progress... |#################   | 085% :           34m-23.1s (E)           40m-27.1s (X)
     in progress... |##################  | 090% :           36m-20.1s (E)           40m-22.3s (X)
     in progress... |################### | 095% :           38m-24.2s (E)           40m-25.5s (X)
     in progress... |####################| 100% :           40m-21.5s (E)           40m-21.5s (X)
     --------------------------------------------------------------------------------------------
       
     --------------------------------------------------------------------------------------------
     Collecting results from W and G                                     
     --------------------------------------------------------------------------------------------
     in progress... |#                   | 005% :           02m-58.5s (E)           59m-30.1s (X)
     in progress... |##                  | 010% :           04m-57.6s (E)           49m-36.0s (X)
     in progress... |###                 | 015% :           06m-56.6s (E)           46m-17.9s (X)
     in progress... |####                | 020% :           08m-55.8s (E)           44m-39.1s (X)
     in progress... |#####               | 025% :           10m-55.0s (E)           43m-40.0s (X)
     in progress... |######              | 030% :           12m-53.5s (E)           42m-58.5s (X)
     in progress... |#######             | 035% :           14m-52.3s (E)           42m-29.6s (X)
     in progress... |########            | 040% :           16m-51.6s (E)           42m-09.1s (X)
     in progress... |#########           | 045% :           18m-50.7s (E)           41m-52.8s (X)
     in progress... |##########          | 050% :           20m-49.9s (E)           41m-39.8s (X)
     in progress... |###########         | 055% :           22m-49.2s (E)           41m-29.5s (X)
     in progress... |############        | 060% :           24m-48.5s (E)           41m-20.8s (X)
     in progress... |#############       | 065% :           26m-47.8s (E)           41m-13.6s (X)
     in progress... |##############      | 070% :           28m-47.2s (E)           41m-07.4s (X)
     in progress... |###############     | 075% :           30m-46.5s (E)           41m-02.0s (X)
     in progress... |################    | 080% :           32m-45.9s (E)           40m-57.4s (X)
     in progress... |#################   | 085% :           34m-45.2s (E)           40m-53.2s (X)
     in progress... |##################  | 090% :           36m-44.6s (E)           40m-49.6s (X)
     in progress... |################### | 095% :           38m-43.9s (E)           40m-46.2s (X)
     in progress... |####################| 100% :           40m-43.3s (E)           40m-43.3s (X)
     --------------------------------------------------------------------------------------------
       
     --------------------------------------------------------------------------------------------
     (Q)uasiparticle energies                                            
     --------------------------------------------------------------------------------------------
       
     --------------------------------------------------------------------------------------------
     Sigma_C                                                             
     --------------------------------------------------------------------------------------------
     Integrating along the IM axis...
     --------------------------------------------------------------------------------------------
     in progress... |#                   | 005% :             < 00.1s (E)               00.4s (X)
     in progress... |##                  | 010% :             < 00.1s (E)               00.2s (X)
     in progress... |###                 | 015% :             < 00.1s (E)               00.1s (X)
     in progress... |####                | 020% :             < 00.1s (E)               00.1s (X)
     in progress... |#####               | 025% :             < 00.1s (E)               00.1s (X)
     in progress... |######              | 030% :             < 00.1s (E)               00.1s (X)
     in progress... |#######             | 035% :             < 00.1s (E)               00.1s (X)
     in progress... |########            | 040% :             < 00.1s (E)               00.1s (X)
     in progress... |#########           | 045% :             < 00.1s (E)             < 00.1s (X)
     in progress... |##########          | 050% :             < 00.1s (E)             < 00.1s (X)
     in progress... |###########         | 055% :             < 00.1s (E)             < 00.1s (X)
     in progress... |############        | 060% :             < 00.1s (E)             < 00.1s (X)
     in progress... |#############       | 065% :             < 00.1s (E)             < 00.1s (X)
     in progress... |##############      | 070% :             < 00.1s (E)             < 00.1s (X)
     in progress... |###############     | 075% :             < 00.1s (E)             < 00.1s (X)
     in progress... |################    | 080% :             < 00.1s (E)             < 00.1s (X)
     in progress... |#################   | 085% :             < 00.1s (E)             < 00.1s (X)
     in progress... |##################  | 090% :             < 00.1s (E)             < 00.1s (X)
     in progress... |################### | 095% :             < 00.1s (E)             < 00.1s (X)
     in progress... |####################| 100% :             < 00.1s (E)             < 00.1s (X)
     --------------------------------------------------------------------------------------------
     Residues along the RE axis...
     --------------------------------------------------------------------------------------------
     in progress... |#                   | 005% :             < 00.1s (E)             < 00.1s (X)
     in progress... |##                  | 010% :             < 00.1s (E)             < 00.1s (X)
     in progress... |###                 | 015% :             < 00.1s (E)             < 00.1s (X)
     in progress... |####                | 020% :             < 00.1s (E)             < 00.1s (X)
     in progress... |#####               | 025% :             < 00.1s (E)             < 00.1s (X)
     in progress... |######              | 030% :             < 00.1s (E)             < 00.1s (X)
     in progress... |#######             | 035% :             < 00.1s (E)             < 00.1s (X)
     in progress... |########            | 040% :             < 00.1s (E)             < 00.1s (X)
     in progress... |#########           | 045% :             < 00.1s (E)             < 00.1s (X)
     in progress... |##########          | 050% :             < 00.1s (E)             < 00.1s (X)
     in progress... |###########         | 055% :             < 00.1s (E)             < 00.1s (X)
     in progress... |############        | 060% :             < 00.1s (E)             < 00.1s (X)
     in progress... |#############       | 065% :             < 00.1s (E)             < 00.1s (X)
     in progress... |##############      | 070% :             < 00.1s (E)             < 00.1s (X)
     in progress... |###############     | 075% :             < 00.1s (E)             < 00.1s (X)
     in progress... |################    | 080% :             < 00.1s (E)             < 00.1s (X)
     in progress... |#################   | 085% :             < 00.1s (E)             < 00.1s (X)
     in progress... |##################  | 090% :             < 00.1s (E)             < 00.1s (X)
     in progress... |################### | 095% :             < 00.1s (E)             < 00.1s (X)
     in progress... |####################| 100% :             < 00.1s (E)             < 00.1s (X)
     --------------------------------------------------------------------------------------------
       
     --------------------------------------------------------------------------------------------
     Sigma_C                                                             
     --------------------------------------------------------------------------------------------
     Integrating along the IM axis...
     --------------------------------------------------------------------------------------------
     in progress... |#                   | 005% :             < 00.1s (E)             < 00.1s (X)
     in progress... |##                  | 010% :             < 00.1s (E)             < 00.1s (X)
     in progress... |###                 | 015% :             < 00.1s (E)             < 00.1s (X)
     in progress... |####                | 020% :             < 00.1s (E)             < 00.1s (X)
     in progress... |#####               | 025% :             < 00.1s (E)             < 00.1s (X)
     in progress... |######              | 030% :             < 00.1s (E)             < 00.1s (X)
     in progress... |#######             | 035% :             < 00.1s (E)             < 00.1s (X)
     in progress... |########            | 040% :             < 00.1s (E)             < 00.1s (X)
     in progress... |#########           | 045% :             < 00.1s (E)             < 00.1s (X)
     in progress... |##########          | 050% :             < 00.1s (E)             < 00.1s (X)
     in progress... |###########         | 055% :             < 00.1s (E)             < 00.1s (X)
     in progress... |############        | 060% :             < 00.1s (E)             < 00.1s (X)
     in progress... |#############       | 065% :             < 00.1s (E)             < 00.1s (X)
     in progress... |##############      | 070% :             < 00.1s (E)             < 00.1s (X)
     in progress... |###############     | 075% :             < 00.1s (E)             < 00.1s (X)
     in progress... |################    | 080% :             < 00.1s (E)             < 00.1s (X)
     in progress... |#################   | 085% :             < 00.1s (E)             < 00.1s (X)
     in progress... |##################  | 090% :             < 00.1s (E)             < 00.1s (X)
     in progress... |################### | 095% :             < 00.1s (E)             < 00.1s (X)
     in progress... |####################| 100% :             < 00.1s (E)             < 00.1s (X)
     --------------------------------------------------------------------------------------------
     Residues along the RE axis...
     --------------------------------------------------------------------------------------------
     in progress... |#                   | 005% :             < 00.1s (E)             < 00.1s (X)
     in progress... |##                  | 010% :             < 00.1s (E)             < 00.1s (X)
     in progress... |###                 | 015% :             < 00.1s (E)             < 00.1s (X)
     in progress... |####                | 020% :             < 00.1s (E)             < 00.1s (X)
     in progress... |#####               | 025% :             < 00.1s (E)             < 00.1s (X)
     in progress... |######              | 030% :             < 00.1s (E)             < 00.1s (X)
     in progress... |#######             | 035% :             < 00.1s (E)             < 00.1s (X)
     in progress... |########            | 040% :             < 00.1s (E)             < 00.1s (X)
     in progress... |#########           | 045% :             < 00.1s (E)             < 00.1s (X)
     in progress... |##########          | 050% :             < 00.1s (E)             < 00.1s (X)
     in progress... |###########         | 055% :             < 00.1s (E)             < 00.1s (X)
     in progress... |############        | 060% :             < 00.1s (E)             < 00.1s (X)
     in progress... |#############       | 065% :             < 00.1s (E)             < 00.1s (X)
     in progress... |##############      | 070% :             < 00.1s (E)             < 00.1s (X)
     in progress... |###############     | 075% :             < 00.1s (E)             < 00.1s (X)
     in progress... |################    | 080% :             < 00.1s (E)             < 00.1s (X)
     in progress... |#################   | 085% :             < 00.1s (E)             < 00.1s (X)
     in progress... |##################  | 090% :             < 00.1s (E)             < 00.1s (X)
     in progress... |################### | 095% :             < 00.1s (E)             < 00.1s (X)
     in progress... |####################| 100% :             < 00.1s (E)             < 00.1s (X)
     --------------------------------------------------------------------------------------------

     --------------------------------------------------------------------------------------------
     Iter: 000000
     k(000001) = (   0.0000000   0.0000000   0.0000000) cryst. coord.
     band      QP en. [eV] conv
     000480      11.133534   no
     000481      10.444619   no
     000482      11.703084   no
     000483      11.703090   no
     000484      11.720886   no
     000485      11.720424   no
     000486      11.728460   no
     000487      11.728453   no
     000488      11.767446   no
     000489      11.767432   no
     000490      11.783553   no
     000491      11.483378   no
     000492      11.483372   no
     000493      11.854613   no
     000494      11.854659   no
     000495      12.076145   no
     000496      12.076223   no
     000497      13.058074   no
     000498      13.211035   no
     000499      13.211076   no
     000500      15.202188   no
     000501      19.075191   no
     000502      19.095625   no
     000503      19.095608   no
     000504      19.107354   no
     000505      19.107388   no
     000506      19.135202   no
     000507      19.825295   no
     000508      19.849155   no
     000509      19.849124   no
     000510      19.898518   no
     000511      19.904321   no
     000512      19.904341   no
     000513      20.235686   no
     000514      20.273704   no
     000515      20.273706   no
     000516      20.310839   no
     000517      20.312196   no
     000518      20.312247   no
     000519      20.330555   no
     000520      20.330612   no
     --------------------------------------------------------------------------------------------
       
     --------------------------------------------------------------------------------------------
     Sigma_C                                                             
     --------------------------------------------------------------------------------------------
     Integrating along the IM axis...
     --------------------------------------------------------------------------------------------
     in progress... |#                   | 005% :             < 00.1s (E)             < 00.1s (X)
     in progress... |##                  | 010% :             < 00.1s (E)             < 00.1s (X)
     in progress... |###                 | 015% :             < 00.1s (E)             < 00.1s (X)
     in progress... |####                | 020% :             < 00.1s (E)             < 00.1s (X)
     in progress... |#####               | 025% :             < 00.1s (E)             < 00.1s (X)
     in progress... |######              | 030% :             < 00.1s (E)             < 00.1s (X)
     in progress... |#######             | 035% :             < 00.1s (E)             < 00.1s (X)
     in progress... |########            | 040% :             < 00.1s (E)             < 00.1s (X)
     in progress... |#########           | 045% :             < 00.1s (E)             < 00.1s (X)
     in progress... |##########          | 050% :             < 00.1s (E)             < 00.1s (X)
     in progress... |###########         | 055% :             < 00.1s (E)             < 00.1s (X)
     in progress... |############        | 060% :             < 00.1s (E)             < 00.1s (X)
     in progress... |#############       | 065% :             < 00.1s (E)             < 00.1s (X)
     in progress... |##############      | 070% :             < 00.1s (E)             < 00.1s (X)
     in progress... |###############     | 075% :             < 00.1s (E)             < 00.1s (X)
     in progress... |################    | 080% :             < 00.1s (E)             < 00.1s (X)
     in progress... |#################   | 085% :             < 00.1s (E)             < 00.1s (X)
     in progress... |##################  | 090% :             < 00.1s (E)             < 00.1s (X)
     in progress... |################### | 095% :             < 00.1s (E)             < 00.1s (X)
     in progress... |####################| 100% :             < 00.1s (E)             < 00.1s (X)
     --------------------------------------------------------------------------------------------
     Residues along the RE axis...
     --------------------------------------------------------------------------------------------
     in progress... |#                   | 005% :             < 00.1s (E)             < 00.1s (X)
     in progress... |##                  | 010% :             < 00.1s (E)             < 00.1s (X)
     in progress... |###                 | 015% :             < 00.1s (E)             < 00.1s (X)
     in progress... |####                | 020% :             < 00.1s (E)             < 00.1s (X)
     in progress... |#####               | 025% :             < 00.1s (E)             < 00.1s (X)
     in progress... |######              | 030% :             < 00.1s (E)             < 00.1s (X)
     in progress... |#######             | 035% :             < 00.1s (E)             < 00.1s (X)
     in progress... |########            | 040% :             < 00.1s (E)             < 00.1s (X)
     in progress... |#########           | 045% :             < 00.1s (E)             < 00.1s (X)
     in progress... |##########          | 050% :             < 00.1s (E)             < 00.1s (X)
     in progress... |###########         | 055% :             < 00.1s (E)             < 00.1s (X)
     in progress... |############        | 060% :             < 00.1s (E)             < 00.1s (X)
     in progress... |#############       | 065% :             < 00.1s (E)             < 00.1s (X)
     in progress... |##############      | 070% :             < 00.1s (E)             < 00.1s (X)
     in progress... |###############     | 075% :             < 00.1s (E)             < 00.1s (X)
     in progress... |################    | 080% :             < 00.1s (E)             < 00.1s (X)
     in progress... |#################   | 085% :             < 00.1s (E)             < 00.1s (X)
     in progress... |##################  | 090% :             < 00.1s (E)             < 00.1s (X)
     in progress... |################### | 095% :             < 00.1s (E)             < 00.1s (X)
     in progress... |####################| 100% :             < 00.1s (E)             < 00.1s (X)
     --------------------------------------------------------------------------------------------

     --------------------------------------------------------------------------------------------
     Iter: 000001
     k(000001) = (   0.0000000   0.0000000   0.0000000) cryst. coord.
     band      QP en. [eV] conv
     000480      11.107793  yes
     000481      11.468748   no
     000482      11.712155  yes
     000483      11.712163  yes
     000484      11.726761  yes
     000485      11.724893  yes
     000486      11.732505  yes
     000487      11.732499  yes
     000488      11.771044  yes
     000489      11.771029  yes
     000490      11.786038  yes
     000491      11.782168   no
     000492      11.782165   no
     000493      11.857281  yes
     000494      11.857328  yes
     000495      12.022136   no
     000496      12.022220   no
     000497      13.059219  yes
     000498      13.212729  yes
     000499      13.212770  yes
     000500      15.197536  yes
     000501      19.070701  yes
     000502      19.090386  yes
     000503      19.090370  yes
     000504      19.102186  yes
     000505      19.102220  yes
     000506      19.132214  yes
     000507      19.828954  yes
     000508      19.841370  yes
     000509      19.841340  yes
     000510      19.891224  yes
     000511      19.896458  yes
     000512      19.896479  yes
     000513      20.240323  yes
     000514      20.268107  yes
     000515      20.268108  yes
     000516      20.303596  yes
     000517      20.305451  yes
     000518      20.305500  yes
     000519      20.329253  yes
     000520      20.329311  yes
     --------------------------------------------------------------------------------------------
       
     --------------------------------------------------------------------------------------------
     Sigma_C                                                             
     --------------------------------------------------------------------------------------------
     Integrating along the IM axis...
     --------------------------------------------------------------------------------------------
     in progress... |#                   | 005% :             < 00.1s (E)             < 00.1s (X)
     in progress... |##                  | 010% :             < 00.1s (E)             < 00.1s (X)
     in progress... |###                 | 015% :             < 00.1s (E)             < 00.1s (X)
     in progress... |####                | 020% :             < 00.1s (E)             < 00.1s (X)
     in progress... |#####               | 025% :             < 00.1s (E)             < 00.1s (X)
     in progress... |######              | 030% :             < 00.1s (E)             < 00.1s (X)
     in progress... |#######             | 035% :             < 00.1s (E)             < 00.1s (X)
     in progress... |########            | 040% :             < 00.1s (E)             < 00.1s (X)
     in progress... |#########           | 045% :             < 00.1s (E)             < 00.1s (X)
     in progress... |##########          | 050% :             < 00.1s (E)             < 00.1s (X)
     in progress... |###########         | 055% :             < 00.1s (E)             < 00.1s (X)
     in progress... |############        | 060% :             < 00.1s (E)             < 00.1s (X)
     in progress... |#############       | 065% :             < 00.1s (E)             < 00.1s (X)
     in progress... |##############      | 070% :             < 00.1s (E)             < 00.1s (X)
     in progress... |###############     | 075% :             < 00.1s (E)             < 00.1s (X)
     in progress... |################    | 080% :             < 00.1s (E)             < 00.1s (X)
     in progress... |#################   | 085% :             < 00.1s (E)             < 00.1s (X)
     in progress... |##################  | 090% :             < 00.1s (E)             < 00.1s (X)
     in progress... |################### | 095% :             < 00.1s (E)             < 00.1s (X)
     in progress... |####################| 100% :             < 00.1s (E)             < 00.1s (X)
     --------------------------------------------------------------------------------------------
     Residues along the RE axis...
     --------------------------------------------------------------------------------------------
     in progress... |#                   | 005% :             < 00.1s (E)             < 00.1s (X)
     in progress... |##                  | 010% :             < 00.1s (E)             < 00.1s (X)
     in progress... |###                 | 015% :             < 00.1s (E)             < 00.1s (X)
     in progress... |####                | 020% :             < 00.1s (E)             < 00.1s (X)
     in progress... |#####               | 025% :             < 00.1s (E)             < 00.1s (X)
     in progress... |######              | 030% :             < 00.1s (E)             < 00.1s (X)
     in progress... |#######             | 035% :             < 00.1s (E)             < 00.1s (X)
     in progress... |########            | 040% :             < 00.1s (E)             < 00.1s (X)
     in progress... |#########           | 045% :             < 00.1s (E)             < 00.1s (X)
     in progress... |##########          | 050% :             < 00.1s (E)             < 00.1s (X)
     in progress... |###########         | 055% :             < 00.1s (E)             < 00.1s (X)
     in progress... |############        | 060% :             < 00.1s (E)             < 00.1s (X)
     in progress... |#############       | 065% :             < 00.1s (E)             < 00.1s (X)
     in progress... |##############      | 070% :             < 00.1s (E)             < 00.1s (X)
     in progress... |###############     | 075% :             < 00.1s (E)             < 00.1s (X)
     in progress... |################    | 080% :             < 00.1s (E)             < 00.1s (X)
     in progress... |#################   | 085% :             < 00.1s (E)             < 00.1s (X)
     in progress... |##################  | 090% :             < 00.1s (E)             < 00.1s (X)
     in progress... |################### | 095% :             < 00.1s (E)             < 00.1s (X)
     in progress... |####################| 100% :             < 00.1s (E)             < 00.1s (X)
     --------------------------------------------------------------------------------------------
       
     --------------------------------------------------------------------------------------------
     CONVERGENCE ACHIEVED !!!                                            
     --------------------------------------------------------------------------------------------

     --------------------------------------------------------------------------------------------
     k(000001) = (   0.0000000   0.0000000   0.0000000) cryst. coord.
     band      QP en. [eV] conv
     000480      11.107793  yes
     000481      11.457365  yes
     000482      11.712155  yes
     000483      11.712163  yes
     000484      11.726761  yes
     000485      11.724893  yes
     000486      11.732505  yes
     000487      11.732499  yes
     000488      11.771044  yes
     000489      11.771029  yes
     000490      11.786038  yes
     000491      11.785614  yes
     000492      11.785610  yes
     000493      11.857281  yes
     000494      11.857328  yes
     000495      12.026096  yes
     000496      12.026180  yes
     000497      13.059219  yes
     000498      13.212729  yes
     000499      13.212770  yes
     000500      15.197536  yes
     000501      19.070701  yes
     000502      19.090386  yes
     000503      19.090370  yes
     000504      19.102186  yes
     000505      19.102220  yes
     000506      19.132214  yes
     000507      19.828954  yes
     000508      19.841370  yes
     000509      19.841340  yes
     000510      19.891224  yes
     000511      19.896458  yes
     000512      19.896479  yes
     000513      20.240323  yes
     000514      20.268107  yes
     000515      20.268108  yes
     000516      20.303596  yes
     000517      20.305451  yes
     000518      20.305500  yes
     000519      20.329253  yes
     000520      20.329311  yes
     --------------------------------------------------------------------------------------------
      
     --------------------------------------------------------------------------------------------
     SAVE written in < 00.1s             
     In location : ./b.wfreq.save
     --------------------------------------------------------------------------------------------
     WFREQ        :     9h35m CPU        9h48m WALL

     wfreq_readin :      5.71s CPU     14.94s WALL (       1 calls)
     fetch_input  :      0.15s CPU      0.16s WALL (       2 calls)
     read_xml     :      1.41s CPU      2.21s WALL (       1 calls)
     init_vloc    :      0.13s CPU      0.14s WALL (       2 calls)
     fft          :     10.41s CPU     11.16s WALL (    4118 calls)
     fft_scatter  :   3565.52s CPU   3651.86s WALL ( 8191841 calls)
     v_of_rho     :      0.03s CPU      0.04s WALL (       1 calls)
     v_xc         :      0.06s CPU      0.07s WALL (       2 calls)
     v_h          :      0.00s CPU      0.00s WALL (       1 calls)
     read_wave    :      4.10s CPU     12.51s WALL (       1 calls)
     davcio       :      0.42s CPU      7.04s WALL (      86 calls)
     init_us_1    :      0.05s CPU      0.06s WALL (       2 calls)
     do_setup     :      5.80s CPU      5.99s WALL (       1 calls)
     init_pw_ar   :      0.15s CPU      0.19s WALL (       1 calls)
     init_at_1    :      0.00s CPU      0.00s WALL (       1 calls)
     solve_hf     :     23.84s CPU     25.59s WALL (       1 calls)
     sigmavxc     :      0.01s CPU      0.03s WALL (       1 calls)
     init_us_2    :      0.55s CPU      0.65s WALL (      44 calls)
     fftw         :   5555.98s CPU   5675.01s WALL ( 8187723 calls)
     sigmax       :     23.80s CPU     25.51s WALL (       1 calls)
     sqvc_init    :      0.03s CPU      0.03s WALL (      83 calls)
     wlanczos     :  29861.41s CPU  30367.51s WALL (       1 calls)
     commutator_H :    149.23s CPU    251.37s WALL (    1497 calls)
     stres_us31   :      0.06s CPU      0.06s WALL (    1497 calls)
     stres_us32   :      0.11s CPU      0.12s WALL (    1497 calls)
     stres_us33   :      0.33s CPU      0.34s WALL (    1497 calls)
     stres_us34   :     21.92s CPU     22.24s WALL (    1497 calls)
     calbec       :   3401.23s CPU   3417.45s WALL (   38892 calls)
     alphapc      :   1989.54s CPU   1997.71s WALL (   17738 calls)
     linstern     :    963.71s CPU    969.51s WALL (     499 calls)
     stern        :    957.94s CPU    963.65s WALL (   19698 calls)
     h_psi_bgrp   :  12321.70s CPU  12468.79s WALL (   35898 calls)
     h_psi        :  12321.47s CPU  12468.69s WALL (   35898 calls)
     h_psi:pot    :  12277.86s CPU  12424.54s WALL (   35898 calls)
     vloc_psi     :   5590.08s CPU   5710.59s WALL (   35898 calls)
     h_psi:calbec :   3382.77s CPU   3398.61s WALL (   35898 calls)
     add_vuspsi   :   3304.49s CPU   3315.01s WALL (   35898 calls)
     alphapv      :    176.01s CPU    176.89s WALL (   19698 calls)
     lan_H        :  14427.38s CPU  14586.49s WALL (     540 calls)
     brak         :  13294.43s CPU  13410.81s WALL (     540 calls)
     chi0_diag    :     10.95s CPU     11.08s WALL (       1 calls)
     glanczos     :   2331.81s CPU   2421.52s WALL (       1 calls)
     solve_qp     :   2252.55s CPU   2443.74s WALL (       1 calls)
     coll_gw      :   2252.24s CPU   2443.31s WALL (       1 calls)
     sigmac_i     :      0.19s CPU      0.21s WALL (       4 calls)
     sigmac_r     :      0.03s CPU      0.03s WALL (       4 calls)
     wfreq_db     :      0.03s CPU      0.04s WALL (       1 calls)
 
     WFREQ        :     9h35m CPU        9h48m WALL

 
   This run was terminated on:  21:48:36  27Jan2021            

=------------------------------------------------------------------------------=
   JOB DONE.
=------------------------------------------------------------------------------=
