
     Program WSTAT v. 3.1.1 starts on 10Nov2020 at  9:40:40 

     This program is part of the open-source West suite
     for massively parallel calculations of excited states in materials; please cite
         "M. Govoni et al., J. Chem. Theory Comput. 11, 2680 (2015);
          URL http://www.west-code.org", 
     in publications or presentations arising from this work.

     Based on the Quantum ESPRESSO v. 6.1 svn rev. 13369

     I/O is Little Endian
       
     --------------------------------------------------------------------------------------------
     **MPI** Parallelization Status                                      
     --------------------------------------------------------------------------------------------
                   224                   8             1             1            28
     --------------------------------------------------------------------------------------------
                     N         =         I      X      P      X      B      X      Z
                     ^                   ^             ^             ^             ^
                     |                   |             |             |             |
                   #rnk                  |             |             |             |
                                      #image           |             |             |
                                                     #pool           |             |
                                                                   #bgrp           |
                                                                                 #R&G
     --------------------------------------------------------------------------------------------
     **OPENMP** Parallelization Status
     #thr/rnk               =            1
     --------------------------------------------------------------------------------------------
     #prc = (rnk) * (thr) =          224
     --------------------------------------------------------------------------------------------
       
     --------------------------------------------------------------------------------------------
     I/O Summary : input_west                                            
     --------------------------------------------------------------------------------------------
     qe_prefix      = b
     west_prefix    = b
     outdir         = ./
     --------------------------------------------------------------------------------------------

     Reading data from directory:
     ./b.save

   Info: using nr1, nr2, nr3 values from input

   Info: using nr1, nr2, nr3 values from input

     IMPORTANT: XC functional enforced from input :
     Exchange-correlation      = PBE ( 1  4  3  4 0 0)
     Any further DFT definition will be discarded
     Please, verify this is what you really want

     Message from routine readpp:
     file ./b.save/C_ONCV_PBE-1.0.upf not found
     Message from routine readpp:
     file ./b.save/B_ONCV_PBE-1.0.upf not found
 
     Parallelization info
     --------------------
     sticks:   dense  smooth     PW     G-vecs:    dense   smooth      PW
     Min         274     274     68                15896    15896    1986
     Max         275     275     69                15899    15899    1990
     Sum        7697    7697   1921               445125   445125   55657
 
       
     --------------------------------------------------------------------------------------------
     I/O Summary : wstat_control                                         
     --------------------------------------------------------------------------------------------
     wstat_calculation              =              S
     n_pdep_eigen                   =           1200
     n_pdep_times                   =              4
     n_pdep_maxiter                 =            100
     n_dfpt_maxiter                 =            250
     n_pdep_read_from_file          =              0
     trev_pdep                      =   1.000000E-03
     trev_pdep_rel                  =   1.000000E-01
     tr2_dfpt                       =   1.000000E-12
     l_kinetic_only                 =              F
     l_minimize_exx_if_active       =              F
     l_use_ecutrho                  =              F
     l_use_symm                     =              F
     nq(1)                          =              1
     nq(2)                          =              1
     nq(3)                          =              1
     --------------------------------------------------------------------------------------------
       
     --------------------------------------------------------------------------------------------
     System Overview                                                     
     --------------------------------------------------------------------------------------------
     gamma_only           =              F
     ecutwfc [Ry]         =      50.000000
     ecutrho [Ry]         =     200.000000
     omega [au^3]         =   9.320914E+03
     nbnd                 =            600
     nkstot               =              1
     nspin                =              1
     nelec                =     998.000000
     npol                 =              1
     lsda                 =              F
     noncolin             =              F
     lspinorb             =              F
     domag                =              F
     --------------------------------------------------------------------------------------------

     3DFFT grid
        s : ( 108, 108, 108)
        p : ( 108, 108, 108)

     Direct Lattice Cell [a.u.]
        a1 = (   -16.6985150    -0.0101282    16.6985150)
        a2 = (     0.0101282    16.6985150    16.6985150)
        a3 = (   -16.6985150    16.6985150    -0.0101282)

     Reciprocal Lattice Cell [a.u.]
        b1 = (    -0.1880790    -0.1879650     0.1880790)
        b2 = (     0.1879650     0.1880790     0.1880790)
        b3 = (    -0.1880790     0.1880790    -0.1879650)
      

     Brillouin Zone sampling [cryst. coord.]
 
        k(000001) = (     0.0000000     0.0000000     0.0000000)
 
        q(000001) = (     0.0000000     0.0000000     0.0000000)
     ===========================================================================
     Symmetries disabled, nq =    1
          Q-point IBZ [ cart coord ]
          xq(00000001) = (  0.000000  0.000000  0.000000) wq =   1.000000
     ===========================================================================
       
     --------------------------------------------------------------------------------------------
     Parallelization for nvecx                                           
     --------------------------------------------------------------------------------------------
     nglob                =           4800
     nlevel               =              8
     Min nglob/nlevel     =            600
     Max nglob/nlevel     =            600
     --------------------------------------------------------------------------------------------

     [MEM] ----------------------------------------------------------
     [MEM] **Memory** analysis: QE
     [MEM] ----------------------------------------------------------
     [MEM] Allocated arrays           est. size (Mb)     dimensions
     [MEM] ----------------------------------------------------------
     [MEM] Kohn-Sham Wavefunctions      18.22 Mb     (   1990,  600)
     [MEM] NL pseudopotentials          60.73 Mb     (   1990, 2000)
     [MEM] Each V/rho on FFT grid        0.71 Mb     (  46656)
     [MEM] Each G-vector array           0.12 Mb     (  15897)
     [MEM] G-vector shells               0.12 Mb     (  15749)
     [MEM] ----------------------------------------------------------
     [MEM] TOT                          79.90 Mb
     [MEM] ----------------------------------------------------------
     [MEM] 
     [MEM] ----------------------------------------------------------
     [MEM] **Memory** analysis: WSTAT global
     [MEM] ----------------------------------------------------------
     [MEM] Allocated arrays           est. size (Mb)     dimensions
     [MEM] ----------------------------------------------------------
     [MEM] dvg                          18.22 Mb     (   1990,  600)
     [MEM] dng                          18.22 Mb     (   1990,  600)
     [MEM] hr_distr                     43.95 Mb     (   4800,  600)
     [MEM] vr_distr                     43.95 Mb     (   4800,  600)
     [MEM] ----------------------------------------------------------
     [MEM] TOT                         124.33 Mb
     [MEM] ----------------------------------------------------------
     [MEM] 
     [MEM] ----------------------------------------------------------
     [MEM] **Memory** analysis: WSTAT temporary
     [MEM] ----------------------------------------------------------
     [MEM] Allocated arrays           est. size (Mb)     dimensions
     [MEM] ----------------------------------------------------------
     [MEM] dvpsi                        15.15 Mb     (   1990,  499)
     [MEM] dpsi                         15.15 Mb     (   1990,  499)
     [MEM] ----------------------------------------------------------
     [MEM] Total estimate               30.30 Mb
     [MEM] ----------------------------------------------------------
 
     Divergence =   2.358166E-01

                       *----------*              *----------*               *----------*
     #     Iteration = | starting |   DFPT_dim = |     1200 |   Diago_dim = |     1200 |  x 1/2
                       *----------*              *----------*               *----------*
     per-process dynamical memory   325.4 Mb
  
       
     --------------------------------------------------------------------------------------------
     Sternheimer eq. solver... with lite-solver                          
     --------------------------------------------------------------------------------------------
     in progress... |#                   | 005% :               14.8s (E)           04m-57.2s (X)
     in progress... |##                  | 010% :               27.6s (E)           04m-36.0s (X)
     in progress... |###                 | 015% :               42.1s (E)           04m-40.9s (X)
     in progress... |####                | 020% :               54.8s (E)           04m-34.2s (X)
     in progress... |#####               | 025% :           01m-09.3s (E)           04m-37.5s (X)
     in progress... |######              | 030% :           01m-22.0s (E)           04m-33.5s (X)
     in progress... |#######             | 035% :           01m-36.5s (E)           04m-35.8s (X)
     in progress... |########            | 040% :           01m-49.2s (E)           04m-33.1s (X)
     in progress... |#########           | 045% :           02m-03.7s (E)           04m-34.9s (X)
     in progress... |##########          | 050% :           02m-16.4s (E)           04m-32.8s (X)
     in progress... |###########         | 055% :           02m-30.8s (E)           04m-34.3s (X)
     in progress... |############        | 060% :           02m-43.5s (E)           04m-32.6s (X)
     in progress... |#############       | 065% :           02m-58.0s (E)           04m-33.9s (X)
     in progress... |##############      | 070% :           03m-10.7s (E)           04m-32.4s (X)
     in progress... |###############     | 075% :           03m-25.2s (E)           04m-33.6s (X)
     in progress... |################    | 080% :           03m-38.0s (E)           04m-32.5s (X)
     in progress... |#################   | 085% :           03m-52.5s (E)           04m-33.5s (X)
     in progress... |##################  | 090% :           04m-05.1s (E)           04m-32.4s (X)
     in progress... |################### | 095% :           04m-19.7s (E)           04m-33.3s (X)
     in progress... |####################| 100% :           04m-32.3s (E)           04m-32.3s (X)
     --------------------------------------------------------------------------------------------

     [I/O] -------------------------------------------------------
     [I/O] RESTART written in < 00.1s             
     [I/O] In location   : ./b.wstat.restart
     [I/O] -------------------------------------------------------

                       *----------*              *----------*               *----------*
     #     Iteration = | starting |   DFPT_dim = |     1200 |   Diago_dim = |     1200 |  x 2/2
                       *----------*              *----------*               *----------*
     per-process dynamical memory   344.0 Mb
  
       
     --------------------------------------------------------------------------------------------
     Sternheimer eq. solver... with threshold =   1.000000E-06           
     --------------------------------------------------------------------------------------------
     in progress... |#                   | 005% :           05m-57.5s (E)       01h-59m-11.6s (X)
     in progress... |##                  | 010% :           11m-09.7s (E)       01h-51m-37.8s (X)
     in progress... |###                 | 015% :           17m-05.9s (E)       01h-53m-59.6s (X)
     in progress... |####                | 020% :           22m-16.5s (E)       01h-51m-22.7s (X)
     in progress... |#####               | 025% :           28m-10.8s (E)       01h-52m-43.2s (X)
     in progress... |######              | 030% :           33m-21.6s (E)       01h-51m-12.2s (X)
     in progress... |#######             | 035% :           39m-14.2s (E)       01h-52m-06.4s (X)
     in progress... |########            | 040% :           44m-21.9s (E)       01h-50m-54.8s (X)
     in progress... |#########           | 045% :           50m-13.1s (E)       01h-51m-35.9s (X)
     in progress... |##########          | 050% :           55m-19.9s (E)       01h-50m-39.9s (X)
     in progress... |###########         | 055% :       01h-01m-09.6s (E)       01h-51m-12.0s (X)
     in progress... |############        | 060% :       01h-06m-14.7s (E)       01h-50m-24.5s (X)
     in progress... |#############       | 065% :       01h-12m-02.6s (E)       01h-50m-50.2s (X)
     in progress... |##############      | 070% :       01h-17m-06.5s (E)       01h-50m-09.4s (X)
     in progress... |###############     | 075% :       01h-22m-53.3s (E)       01h-50m-31.1s (X)
     in progress... |################    | 080% :       01h-27m-56.6s (E)       01h-49m-55.7s (X)
     in progress... |#################   | 085% :       01h-33m-44.3s (E)       01h-50m-16.8s (X)
     in progress... |##################  | 090% :       01h-38m-46.7s (E)       01h-49m-45.2s (X)
     in progress... |################### | 095% :       01h-44m-31.8s (E)       01h-50m-01.9s (X)
     in progress... |####################| 100% :       01h-49m-33.3s (E)       01h-49m-33.3s (X)
     --------------------------------------------------------------------------------------------
     p-DIAGOX done in 02.7s with a SCALAPACK grid (14x14)
     --------------------------------------------------------------------------------------------
        
       -4.95358  -3.95989  -3.89275  -3.89143  -3.80291  -3.80239  -3.75852  -3.74610  -3.66649
       -3.66099  -3.66036  -3.66006  -3.64588  -3.64498  -3.02189  -2.89312  -2.89278  -2.88665
       -2.88494  -2.87038  -2.85944  -2.84887  -2.84749  -2.84714  -2.84471  -2.84414  -2.66720
       -2.60918  -2.60836  -2.58918  -2.58690  -2.57933  -2.56795  -2.56687  -2.56570  -2.56251
       -2.56013  -2.55904  -2.55750  -2.55697  -2.55598  -2.55488  -2.55450  -2.55351  -2.55282
       -2.55120  -2.55019  -2.54838  -2.54752  -2.54638  -2.44563  -2.44215  -2.43698  -2.42657
       -2.42213  -2.42130  -2.41742  -2.41369  -2.24416  -2.24250  -2.23853  -2.22475  -2.22371
       -2.22261  -2.06918  -2.05783  -2.05613  -2.05371  -2.05266  -2.04899  -2.04821  -2.04654
       -2.04430  -2.04296  -2.04235  -2.04075  -2.03789  -2.03704  -2.03483  -2.03337  -2.03238
       -2.03056  -2.02906  -2.02733  -2.02588  -2.02371  -2.02150  -2.01995  -2.01757  -2.01623
       -2.01272  -2.01054  -2.00784  -2.00496  -2.00392  -2.00304  -2.00088  -2.00005  -1.99823
       -1.99710  -1.99540  -1.99491  -1.99349  -1.99216  -1.99099  -1.98945  -1.98847  -1.98689
       -1.98452  -1.98312  -1.98019  -1.97520  -1.90261  -1.89892  -1.89865  -1.89574  -1.89372
       -1.89138  -1.88929  -1.88820  -1.88431  -1.88337  -1.87969  -1.87406  -1.84564  -1.84333
       -1.83921  -1.81728  -1.81365  -1.81064  -1.80892  -1.80802  -1.80683  -1.80518  -1.80329
       -1.80240  -1.80094  -1.79969  -1.79817  -1.79781  -1.79694  -1.79626  -1.79555  -1.79428
       -1.79298  -1.79205  -1.79056  -1.79020  -1.78882  -1.78848  -1.78764  -1.78707  -1.78635
       -1.78528  -1.78439  -1.78405  -1.78236  -1.78132  -1.78014  -1.77972  -1.77877  -1.77796
       -1.77615  -1.77545  -1.77484  -1.77370  -1.77254  -1.77086  -1.77029  -1.76906  -1.76841
       -1.76726  -1.76593  -1.76397  -1.76270  -1.76158  -1.76010  -1.75903  -1.75865  -1.75683
       -1.75553  -1.75385  -1.75064  -1.74865  -1.74607  -1.74141  -1.73886  -1.73750  -1.73537
       -1.73377  -1.73078  -1.72938  -1.72608  -1.72489  -1.72399  -1.72132  -1.71921  -1.71829
       -1.71656  -1.71446  -1.71302  -1.71026  -1.70881  -1.70762  -1.70607  -1.70393  -1.70228
       -1.70024  -1.69926  -1.69721  -1.69545  -1.69423  -1.69124  -1.68835  -1.68732  -1.68383
       -1.68200  -1.68017  -1.67764  -1.67636  -1.67360  -1.67183  -1.67086  -1.66726  -1.66560
       -1.66290  -1.66084  -1.65710  -1.65394  -1.65187  -1.64974  -1.64898  -1.64558  -1.64048
       -1.63738  -1.63419  -1.62785  -1.62428  -1.62021  -1.61646  -1.60838  -1.60182  -1.59880
       -1.59143  -1.58638  -1.58080  -1.57618  -1.56035  -1.40815  -1.14963  -1.14155  -1.13832
       -1.13729  -1.13624  -1.13508  -1.13385  -1.13169  -1.13116  -1.12995  -1.12908  -1.12797
       -1.12619  -1.12523  -1.12341  -1.12255  -1.11999  -1.11935  -1.11646  -1.11422  -1.11212
       -1.11020  -1.10728  -1.09708  -1.09091  -1.08862  -1.08778  -1.08719  -1.08682  -1.08572
       -1.08479  -1.08430  -1.08365  -1.08304  -1.08256  -1.08178  -1.08110  -1.08009  -1.07978
       -1.07913  -1.07792  -1.07763  -1.07678  -1.07624  -1.07531  -1.07478  -1.07415  -1.07237
       -1.07182  -1.07130  -1.07006  -1.06898  -1.06695  -1.06655  -1.06585  -1.06376  -1.06302
       -1.06159  -1.05914  -1.05544  -1.01673  -1.01299  -1.00874  -1.00437  -1.00156  -0.99764
       -0.99384  -0.98476  -0.95496  -0.95386  -0.95096  -0.94863  -0.94682  -0.94597  -0.94440
       -0.94341  -0.94148  -0.94020  -0.93933  -0.93765  -0.93677  -0.93551  -0.93367  -0.93295
       -0.93083  -0.92929  -0.92738  -0.92597  -0.92436  -0.92178  -0.91745  -0.90832  -0.89620
       -0.89205  -0.89003  -0.88918  -0.88748  -0.88547  -0.88369  -0.88247  -0.88158  -0.88000
       -0.87826  -0.87650  -0.87592  -0.87428  -0.87369  -0.87285  -0.87173  -0.87067  -0.87000
       -0.86800  -0.86720  -0.86650  -0.86541  -0.86533  -0.86421  -0.86285  -0.86163  -0.86039
       -0.85850  -0.85647  -0.85571  -0.85447  -0.85374  -0.85225  -0.85007  -0.84618  -0.79858
       -0.79336  -0.79143  -0.79025  -0.78668  -0.78469  -0.77524  -0.77423  -0.77163  -0.76968
       -0.76933  -0.76847  -0.76751  -0.76540  -0.76465  -0.76417  -0.76343  -0.76129  -0.76046
       -0.75940  -0.75836  -0.75791  -0.75652  -0.75540  -0.75467  -0.75371  -0.75217  -0.75130
       -0.75046  -0.74907  -0.74802  -0.74675  -0.74632  -0.74460  -0.74284  -0.74185  -0.74126
       -0.74019  -0.73894  -0.73628  -0.73429  -0.73276  -0.72265  -0.72071  -0.71874  -0.71675
       -0.71528  -0.71416  -0.71280  -0.71206  -0.71019  -0.70727  -0.70700  -0.70563  -0.70413
       -0.70299  -0.70190  -0.70088  -0.70053  -0.69958  -0.69875  -0.69782  -0.69657  -0.69606
       -0.69495  -0.69404  -0.69334  -0.69233  -0.69182  -0.69116  -0.68974  -0.68880  -0.68806
       -0.68746  -0.68711  -0.68631  -0.68536  -0.68429  -0.68392  -0.68302  -0.68259  -0.68136
       -0.68074  -0.67999  -0.67972  -0.67898  -0.67850  -0.67707  -0.67655  -0.67564  -0.67509
       -0.67459  -0.67372  -0.67270  -0.67236  -0.67189  -0.67112  -0.66977  -0.66957  -0.66817
       -0.66784  -0.66592  -0.66567  -0.66504  -0.66435  -0.66338  -0.66330  -0.66266  -0.66142
       -0.66072  -0.66023  -0.65915  -0.65837  -0.65826  -0.65664  -0.65608  -0.65551  -0.65429
       -0.65393  -0.65296  -0.65270  -0.65224  -0.65087  -0.65028  -0.64943  -0.64912  -0.64801
       -0.64706  -0.64613  -0.64532  -0.64453  -0.64314  -0.64263  -0.64127  -0.64080  -0.63949
       -0.63875  -0.63818  -0.63734  -0.63665  -0.63545  -0.63396  -0.63322  -0.63259  -0.63196
       -0.63102  -0.63029  -0.62886  -0.62749  -0.62632  -0.62550  -0.62478  -0.62419  -0.62351
       -0.62242  -0.62105  -0.61954  -0.61853  -0.61741  -0.61665  -0.61577  -0.61530  -0.61394
       -0.61344  -0.61245  -0.61079  -0.61012  -0.60931  -0.60766  -0.60683  -0.60593  -0.60437
       -0.60347  -0.60274  -0.60128  -0.60076  -0.59929  -0.59833  -0.59629  -0.59525  -0.59505
       -0.59464  -0.59336  -0.59250  -0.59151  -0.58983  -0.58890  -0.58812  -0.58733  -0.58610
       -0.58502  -0.58436  -0.58326  -0.58286  -0.58153  -0.58099  -0.57990  -0.57917  -0.57830
       -0.57739  -0.57616  -0.57565  -0.57513  -0.57433  -0.57298  -0.57210  -0.57137  -0.57061
       -0.57017  -0.56931  -0.56867  -0.56794  -0.56657  -0.56575  -0.56508  -0.56414  -0.56305
       -0.56277  -0.56146  -0.56120  -0.56062  -0.56010  -0.55903  -0.55844  -0.55768  -0.55692
       -0.55605  -0.55531  -0.55385  -0.55311  -0.55213  -0.55164  -0.55060  -0.54962  -0.54935
       -0.54882  -0.54815  -0.54729  -0.54620  -0.54552  -0.54466  -0.54371  -0.54297  -0.54153
       -0.54069  -0.53990  -0.53847  -0.53788  -0.53718  -0.53655  -0.53524  -0.53486  -0.53391
       -0.53349  -0.53249  -0.53126  -0.53059  -0.52979  -0.52873  -0.52763  -0.52716  -0.52612
       -0.52555  -0.52518  -0.52396  -0.52330  -0.52199  -0.52161  -0.52086  -0.52023  -0.51887
       -0.51808  -0.51737  -0.51673  -0.51552  -0.51431  -0.51412  -0.51291  -0.51217  -0.51122
       -0.51084  -0.50963  -0.50878  -0.50820  -0.50742  -0.50635  -0.50556  -0.50414  -0.50382
       -0.50321  -0.50272  -0.50124  -0.50031  -0.49892  -0.49818  -0.49727  -0.49668  -0.49594
       -0.49480  -0.49319  -0.49278  -0.49187  -0.49118  -0.49021  -0.48967  -0.48835  -0.48752
       -0.48684  -0.48583  -0.48518  -0.48391  -0.48278  -0.48194  -0.48154  -0.48046  -0.48003
       -0.47956  -0.47764  -0.47658  -0.47636  -0.47555  -0.47507  -0.47374  -0.47252  -0.47226
       -0.47092  -0.47021  -0.46989  -0.46924  -0.46882  -0.46766  -0.46647  -0.46570  -0.46523
       -0.46460  -0.46337  -0.46221  -0.46178  -0.46062  -0.46027  -0.45964  -0.45893  -0.45862
       -0.45774  -0.45663  -0.45626  -0.45530  -0.45439  -0.45390  -0.45265  -0.45196  -0.45090
       -0.45054  -0.44934  -0.44909  -0.44791  -0.44749  -0.44637  -0.44594  -0.44523  -0.44465
       -0.44438  -0.44362  -0.44275  -0.44191  -0.44140  -0.44073  -0.44014  -0.43948  -0.43867
       -0.43837  -0.43801  -0.43716  -0.43621  -0.43592  -0.43518  -0.43460  -0.43352  -0.43275
       -0.43188  -0.43094  -0.43041  -0.42968  -0.42872  -0.42786  -0.42770  -0.42695  -0.42657
       -0.42603  -0.42573  -0.42504  -0.42413  -0.42341  -0.42223  -0.42178  -0.42120  -0.42063
       -0.41988  -0.41938  -0.41877  -0.41811  -0.41771  -0.41684  -0.41608  -0.41524  -0.41471
       -0.41406  -0.41349  -0.41252  -0.41197  -0.41160  -0.41090  -0.41080  -0.40988  -0.40932
       -0.40861  -0.40815  -0.40710  -0.40660  -0.40585  -0.40536  -0.40442  -0.40374  -0.40323
       -0.40262  -0.40216  -0.40151  -0.40101  -0.40048  -0.39982  -0.39936  -0.39896  -0.39827
       -0.39725  -0.39651  -0.39608  -0.39565  -0.39499  -0.39415  -0.39372  -0.39274  -0.39227
       -0.39186  -0.39076  -0.39041  -0.38961  -0.38892  -0.38829  -0.38794  -0.38714  -0.38609
       -0.38523  -0.38441  -0.38414  -0.38367  -0.38340  -0.38266  -0.38212  -0.38184  -0.38137
       -0.38076  -0.38008  -0.37899  -0.37857  -0.37804  -0.37743  -0.37707  -0.37673  -0.37563
       -0.37528  -0.37464  -0.37424  -0.37356  -0.37294  -0.37230  -0.37187  -0.37128  -0.37073
       -0.37039  -0.36961  -0.36888  -0.36813  -0.36744  -0.36697  -0.36634  -0.36559  -0.36489
       -0.36434  -0.36360  -0.36251  -0.36212  -0.36157  -0.36117  -0.36011  -0.35982  -0.35903
       -0.35838  -0.35787  -0.35720  -0.35677  -0.35565  -0.35541  -0.35491  -0.35450  -0.35352
       -0.35307  -0.35249  -0.35185  -0.35099  -0.35057  -0.34946  -0.34921  -0.34825  -0.34798
       -0.34772  -0.34717  -0.34650  -0.34579  -0.34555  -0.34502  -0.34418  -0.34350  -0.34307
       -0.34271  -0.34206  -0.34175  -0.34098  -0.34018  -0.33965  -0.33925  -0.33895  -0.33808
       -0.33796  -0.33687  -0.33634  -0.33541  -0.33494  -0.33446  -0.33377  -0.33353  -0.33271
       -0.33240  -0.33202  -0.33188  -0.33124  -0.33049  -0.32997  -0.32969  -0.32895  -0.32848
       -0.32806  -0.32733  -0.32723  -0.32661  -0.32615  -0.32564  -0.32524  -0.32485  -0.32412
       -0.32375  -0.32336  -0.32281  -0.32222  -0.32168  -0.32117  -0.32031  -0.31991  -0.31931
       -0.31912  -0.31851  -0.31793  -0.31732  -0.31711  -0.31617  -0.31568  -0.31540  -0.31517
       -0.31448  -0.31374  -0.31342  -0.31291  -0.31269  -0.31206  -0.31162  -0.31103  -0.31027
       -0.31007  -0.30913  -0.30896  -0.30831  -0.30806  -0.30770  -0.30718  -0.30691  -0.30632
       -0.30536  -0.30521  -0.30452  -0.30428  -0.30396  -0.30360  -0.30330  -0.30297  -0.30250
       -0.30200  -0.30136  -0.30107  -0.30053  -0.30009  -0.29976  -0.29931  -0.29894  -0.29846
       -0.29830  -0.29792  -0.29763  -0.29680  -0.29657  -0.29619  -0.29549  -0.29523  -0.29502
       -0.29455  -0.29414  -0.29366  -0.29287  -0.29275  -0.29237  -0.29190  -0.29145  -0.29089
       -0.29064  -0.29022  -0.28979  -0.28941  -0.28892  -0.28855  -0.28825  -0.28765  -0.28703
       -0.28664  -0.28625  -0.28602  -0.28546  -0.28511  -0.28473  -0.28438  -0.28350  -0.28327
       -0.28309  -0.28277  -0.28224  -0.28203  -0.28182  -0.28159  -0.28070  -0.28037  -0.27984
       -0.27948  -0.27899  -0.27890  -0.27797  -0.27746  -0.27707  -0.27676  -0.27634  -0.27603
       -0.27567  -0.27531  -0.27489  -0.27462  -0.27385  -0.27339  -0.27308  -0.27286  -0.27244
       -0.27229  -0.27169  -0.27133  -0.27110  -0.27067  -0.27022  -0.26968  -0.26921  -0.26886
       -0.26837  -0.26808  -0.26741  -0.26716  -0.26690  -0.26647  -0.26622  -0.26571  -0.26535
       -0.26503  -0.26468  -0.26427  -0.26407  -0.26345  -0.26334  -0.26287  -0.26221  -0.26195
       -0.26140  -0.26114  -0.26029  -0.26015  -0.25935  -0.25892  -0.25850  -0.25823  -0.25814
       -0.25773  -0.25753  -0.25694  -0.25630  -0.25598  -0.25547  -0.25495  -0.25462  -0.25448
       -0.25394  -0.25363  -0.25311  -0.25272  -0.25209  -0.25171  -0.25100  -0.25088  -0.25060
       -0.25012  -0.24978  -0.24933  -0.24885  -0.24847  -0.24815  -0.24790  -0.24759  -0.24701
       -0.24658  -0.24616  -0.24576  -0.24527  -0.24500  -0.24433  -0.24380  -0.24348  -0.24280
       -0.24240  -0.24215  -0.24163  -0.24130  -0.24091  -0.24063  -0.24024  -0.23991  -0.23926
       -0.23903  -0.23870  -0.23796  -0.23756  -0.23713  -0.23705  -0.23633  -0.23580  -0.23532
       -0.23495  -0.23445  -0.23429  -0.23398  -0.23319  -0.23269  -0.23244  -0.23142  -0.23121
       -0.23099  -0.23044  -0.23020  -0.22963  -0.22919  -0.22869  -0.22830  -0.22747  -0.22730
       -0.22673  -0.22611  -0.22588  -0.22540  -0.22511  -0.22418  -0.22379  -0.22335  -0.22273
       -0.22256  -0.22161  -0.22127  -0.22096  -0.22022  -0.21991  -0.21897  -0.21871  -0.21829
       -0.21764  -0.21672  -0.21599  -0.21534  -0.21466  -0.21427  -0.21406  -0.21345  -0.21271
       -0.21217  -0.21161  -0.21049  -0.21011  -0.20927  -0.20811  -0.20746  -0.20618  -0.20567
       -0.20447  -0.20306  -0.20231
        
     --------------------------------------------------------------------------------------------
     Tot. elapsed time 01h-58m-08.3s,  time spent in last iteration 01h-58m-08.3s
     --------------------------------------------------------------------------------------------

     [I/O] -------------------------------------------------------
     [I/O] RESTART written in < 00.1s             
     [I/O] In location   : ./b.wstat.restart
     [I/O] -------------------------------------------------------

                       *----------*              *----------*               *----------*
     #     Iteration = |        1 |   DFPT_dim = |     1200 |   Diago_dim = |     2400 |
                       *----------*              *----------*               *----------*
     per-process dynamical memory   461.3 Mb
  
       
     --------------------------------------------------------------------------------------------
     Sternheimer eq. solver... with threshold =   1.000000E-12           
     --------------------------------------------------------------------------------------------
     in progress... |#                   | 005% :           10m-28.3s (E)       03h-29m-26.2s (X)
     in progress... |##                  | 010% :           19m-38.4s (E)       03h-16m-24.2s (X)
     in progress... |###                 | 015% :           30m-07.4s (E)       03h-20m-49.6s (X)
     in progress... |####                | 020% :           39m-20.4s (E)       03h-16m-42.2s (X)
     in progress... |#####               | 025% :           49m-45.9s (E)       03h-19m-03.7s (X)
     in progress... |######              | 030% :           58m-52.2s (E)       03h-16m-14.0s (X)
     in progress... |#######             | 035% :       01h-09m-15.8s (E)       03h-17m-53.8s (X)
     in progress... |########            | 040% :       01h-18m-21.9s (E)       03h-15m-54.9s (X)
     in progress... |#########           | 045% :       01h-28m-47.1s (E)       03h-17m-18.0s (X)
     in progress... |##########          | 050% :       01h-37m-54.8s (E)       03h-15m-49.6s (X)
     in progress... |###########         | 055% :       01h-48m-20.0s (E)       03h-16m-58.2s (X)
     in progress... |############        | 060% :       01h-57m-26.9s (E)       03h-15m-44.9s (X)
     in progress... |#############       | 065% :       02h-07m-51.4s (E)       03h-16m-42.2s (X)
     in progress... |##############      | 070% :       02h-16m-58.2s (E)       03h-15m-40.4s (X)
     in progress... |###############     | 075% :       02h-27m-23.0s (E)       03h-16m-30.7s (X)
     in progress... |################    | 080% :       02h-36m-29.0s (E)       03h-15m-36.2s (X)
     in progress... |#################   | 085% :       02h-46m-52.1s (E)       03h-16m-19.0s (X)
     in progress... |##################  | 090% :       02h-55m-55.1s (E)       03h-15m-27.9s (X)
     in progress... |################### | 095% :       03h-06m-15.2s (E)       03h-16m-03.4s (X)
     in progress... |####################| 100% :       03h-15m-17.5s (E)       03h-15m-17.5s (X)
     --------------------------------------------------------------------------------------------
     p-DIAGOX done in 06.7s with a SCALAPACK grid (14x14)
     --------------------------------------------------------------------------------------------
        
       -5.01935  -3.97980  -3.91212  -3.91211  -3.82133  -3.82133  -3.77620  -3.76435  -3.68469
       -3.67830  -3.67822  -3.67822  -3.66327  -3.66327  -3.04922  -2.91708  -2.91708  -2.91078
       -2.91077  -2.89455  -2.88352  -2.87278  -2.87161  -2.87161  -2.86872  -2.86872  -2.69766
       -2.63928  -2.63928  -2.61879  -2.61878  -2.60945  -2.59646  -2.59645  -2.59559  -2.58989
       -2.58722  -2.58722  -2.58717  -2.58717  -2.58682  -2.58646  -2.58561  -2.58337  -2.58337
       -2.58207  -2.58108  -2.58108  -2.57984  -2.57984  -2.48540  -2.48537  -2.48363  -2.46769
       -2.46672  -2.46508  -2.46506  -2.46066  -2.28092  -2.28091  -2.28031  -2.26259  -2.26258
       -2.26163  -2.12027  -2.11197  -2.11195  -2.10845  -2.10843  -2.10587  -2.10585  -2.10436
       -2.10093  -2.10002  -2.09998  -2.09996  -2.09990  -2.09823  -2.09818  -2.09686  -2.09606
       -2.09604  -2.09571  -2.09568  -2.09118  -2.09058  -2.09056  -2.08804  -2.07495  -2.06537
       -2.06534  -2.05840  -2.05838  -2.04793  -2.04792  -2.04688  -2.04687  -2.04657  -2.04635
       -2.04623  -2.04311  -2.04307  -2.04299  -2.04296  -2.04295  -2.04124  -2.04071  -2.04070
       -2.04068  -2.03675  -2.03672  -2.03138  -1.95987  -1.95986  -1.95660  -1.95657  -1.95533
       -1.95503  -1.95501  -1.95491  -1.95446  -1.95104  -1.95099  -1.94519  -1.93871  -1.90974
       -1.90971  -1.90294  -1.87502  -1.87501  -1.86954  -1.86815  -1.86809  -1.86445  -1.86308
       -1.86296  -1.86135  -1.86126  -1.86091  -1.86083  -1.86076  -1.86066  -1.86063  -1.86059
       -1.85987  -1.85985  -1.85976  -1.85953  -1.85951  -1.85913  -1.85880  -1.85810  -1.85704
       -1.85700  -1.85621  -1.85613  -1.85608  -1.85553  -1.85450  -1.85421  -1.85387  -1.85382
       -1.85250  -1.85171  -1.85168  -1.85163  -1.85146  -1.85142  -1.85122  -1.84982  -1.84773
       -1.84772  -1.84509  -1.84473  -1.84464  -1.84456  -1.84426  -1.84421  -1.84343  -1.84337
       -1.84329  -1.84324  -1.84189  -1.84184  -1.84176  -1.84154  -1.83997  -1.83994  -1.83786
       -1.83779  -1.83690  -1.83686  -1.83673  -1.83427  -1.83326  -1.83308  -1.83304  -1.83181
       -1.83163  -1.83046  -1.82970  -1.82968  -1.82963  -1.82899  -1.82895  -1.82794  -1.82788
       -1.82644  -1.82641  -1.82476  -1.81347  -1.80275  -1.80270  -1.80260  -1.80055  -1.80051
       -1.80011  -1.80005  -1.79998  -1.79871  -1.79829  -1.79824  -1.79820  -1.79812  -1.79801
       -1.79734  -1.79725  -1.79635  -1.79572  -1.79516  -1.79511  -1.79453  -1.79444  -1.79059
       -1.79056  -1.79050  -1.78925  -1.78853  -1.78849  -1.77656  -1.70894  -1.70885  -1.70725
       -1.69768  -1.68904  -1.68895  -1.68791  -1.68237  -1.47296  -1.20674  -1.19460  -1.19445
       -1.19118  -1.19108  -1.18951  -1.18938  -1.18924  -1.18895  -1.18843  -1.18838  -1.18833
       -1.18758  -1.18753  -1.18738  -1.18732  -1.18721  -1.18716  -1.18709  -1.18633  -1.18628
       -1.18610  -1.18320  -1.15825  -1.13236  -1.12453  -1.12447  -1.12396  -1.12393  -1.12337
       -1.12329  -1.12274  -1.12270  -1.12257  -1.12241  -1.12185  -1.12115  -1.12105  -1.12098
       -1.12089  -1.12084  -1.12080  -1.12054  -1.12031  -1.12007  -1.11884  -1.11875  -1.11765
       -1.11698  -1.11693  -1.11674  -1.11668  -1.11659  -1.11657  -1.11634  -1.11619  -1.11586
       -1.11097  -1.11090  -1.11046  -1.09031  -1.09005  -1.08901  -1.08615  -1.08400  -1.08334
       -1.08307  -1.06070  -1.00679  -1.00577  -1.00564  -1.00302  -1.00277  -1.00267  -1.00188
       -1.00179  -1.00102  -1.00094  -1.00088  -1.00075  -1.00059  -1.00038  -1.00023  -1.00013
       -0.99833  -0.99830  -0.99828  -0.99807  -0.99797  -0.99605  -0.99596  -0.97481  -0.94984
       -0.94968  -0.94898  -0.94885  -0.94722  -0.94503  -0.94349  -0.94335  -0.94290  -0.94154
       -0.94137  -0.93725  -0.91986  -0.91821  -0.91808  -0.91758  -0.91747  -0.91565  -0.91456
       -0.91441  -0.91434  -0.91429  -0.91419  -0.91414  -0.91406  -0.91392  -0.91390  -0.91384
       -0.91372  -0.91362  -0.91350  -0.91258  -0.91244  -0.91196  -0.90891  -0.90877  -0.86327
       -0.86320  -0.86213  -0.86198  -0.86102  -0.85795  -0.82628  -0.82605  -0.82442  -0.82407
       -0.82380  -0.82370  -0.82349  -0.82316  -0.82284  -0.82158  -0.82094  -0.82069  -0.81922
       -0.81882  -0.81867  -0.81827  -0.81795  -0.81775  -0.81761  -0.81733  -0.81705  -0.81507
       -0.81498  -0.81366  -0.80954  -0.80864  -0.80842  -0.80760  -0.80733  -0.80707  -0.80654
       -0.80632  -0.80629  -0.80575  -0.80407  -0.80376  -0.78808  -0.78774  -0.78722  -0.78552
       -0.78505  -0.78450  -0.78193  -0.78162  -0.76758  -0.76723  -0.76709  -0.76684  -0.76647
       -0.76474  -0.75490  -0.75466  -0.75434  -0.75411  -0.75369  -0.75304  -0.75153  -0.74952
       -0.74942  -0.74894  -0.74876  -0.74867  -0.74812  -0.74797  -0.74680  -0.74660  -0.74620
       -0.74615  -0.74588  -0.74571  -0.74549  -0.74524  -0.74515  -0.74489  -0.74454  -0.74438
       -0.74418  -0.74399  -0.74299  -0.74250  -0.74037  -0.74021  -0.74009  -0.73985  -0.73958
       -0.73935  -0.73916  -0.73895  -0.73881  -0.73860  -0.73843  -0.73811  -0.73783  -0.73757
       -0.73734  -0.73719  -0.73691  -0.73659  -0.73614  -0.73599  -0.73531  -0.73388  -0.73325
       -0.73244  -0.73125  -0.73052  -0.72974  -0.72943  -0.72902  -0.72837  -0.72809  -0.72786
       -0.72712  -0.72550  -0.72502  -0.72208  -0.72204  -0.72154  -0.72092  -0.72042  -0.72013
       -0.71984  -0.71964  -0.71948  -0.71927  -0.71893  -0.71875  -0.71843  -0.71831  -0.71810
       -0.71800  -0.71783  -0.71768  -0.71731  -0.71724  -0.71676  -0.71655  -0.71551  -0.71351
       -0.71311  -0.70909  -0.70776  -0.70770  -0.70704  -0.70696  -0.70651  -0.70623  -0.70589
       -0.70542  -0.70505  -0.70282  -0.70182  -0.68742  -0.68721  -0.68655  -0.68623  -0.68597
       -0.68555  -0.68521  -0.68504  -0.68492  -0.68483  -0.68467  -0.68412  -0.68400  -0.68381
       -0.68357  -0.68299  -0.68273  -0.68259  -0.68213  -0.68168  -0.68092  -0.67994  -0.67822
       -0.67774  -0.66232  -0.66207  -0.66080  -0.66030  -0.66003  -0.65978  -0.65941  -0.65919
       -0.65899  -0.65884  -0.65842  -0.65809  -0.65773  -0.65768  -0.65728  -0.65712  -0.65674
       -0.65647  -0.65621  -0.65587  -0.65534  -0.65505  -0.65475  -0.65450  -0.65414  -0.65384
       -0.65357  -0.65306  -0.65282  -0.65239  -0.65225  -0.65201  -0.65151  -0.65113  -0.65084
       -0.65058  -0.64986  -0.64887  -0.64841  -0.64743  -0.64058  -0.64004  -0.63947  -0.63921
       -0.63875  -0.63831  -0.63804  -0.63770  -0.63761  -0.63707  -0.63682  -0.63662  -0.63644
       -0.63610  -0.63587  -0.63564  -0.63529  -0.63503  -0.63464  -0.63432  -0.63397  -0.63374
       -0.63361  -0.63303  -0.63247  -0.63215  -0.63208  -0.63133  -0.63113  -0.63002  -0.62948
       -0.62852  -0.62777  -0.62699  -0.62682  -0.62651  -0.62598  -0.62559  -0.62484  -0.62425
       -0.62402  -0.62307  -0.62244  -0.62192  -0.62113  -0.62051  -0.62026  -0.61999  -0.61963
       -0.61930  -0.61889  -0.61853  -0.61818  -0.61763  -0.61752  -0.61711  -0.61691  -0.61622
       -0.61553  -0.61516  -0.61483  -0.61442  -0.61347  -0.61244  -0.61123  -0.61030  -0.60899
       -0.60364  -0.60310  -0.60249  -0.60215  -0.60144  -0.60108  -0.60050  -0.59990  -0.59981
       -0.59960  -0.59941  -0.59910  -0.59844  -0.59832  -0.59785  -0.59728  -0.59686  -0.59613
       -0.59539  -0.59529  -0.59459  -0.59238  -0.59110  -0.59038  -0.58393  -0.58293  -0.58186
       -0.58144  -0.58051  -0.58010  -0.56941  -0.56818  -0.56767  -0.56691  -0.56632  -0.56583
       -0.56536  -0.56497  -0.56428  -0.56377  -0.56336  -0.56296  -0.56193  -0.56146  -0.56116
       -0.56100  -0.56031  -0.56014  -0.55987  -0.55930  -0.55903  -0.55793  -0.55742  -0.55684
       -0.55597  -0.55545  -0.55381  -0.55318  -0.54988  -0.54958  -0.54857  -0.54782  -0.54731
       -0.54691  -0.54620  -0.54600  -0.54570  -0.54542  -0.54480  -0.54423  -0.54397  -0.54366
       -0.54291  -0.54221  -0.54187  -0.54154  -0.54092  -0.54051  -0.53988  -0.53958  -0.53890
       -0.53839  -0.53801  -0.53694  -0.53672  -0.53618  -0.53564  -0.53536  -0.53467  -0.53387
       -0.53375  -0.53269  -0.53166  -0.53112  -0.53047  -0.52982  -0.52853  -0.52725  -0.52074
       -0.51984  -0.51935  -0.51835  -0.51784  -0.51750  -0.51729  -0.51673  -0.51618  -0.51566
       -0.51535  -0.51485  -0.51431  -0.51396  -0.51351  -0.51269  -0.51241  -0.51178  -0.51136
       -0.51080  -0.51022  -0.50923  -0.50915  -0.50838  -0.50751  -0.50725  -0.50627  -0.50516
       -0.50438  -0.50369  -0.50339  -0.50239  -0.50212  -0.50147  -0.50119  -0.50053  -0.50035
       -0.50004  -0.49936  -0.49861  -0.49826  -0.49799  -0.49756  -0.49706  -0.49682  -0.49647
       -0.49606  -0.49586  -0.49559  -0.49546  -0.49494  -0.49483  -0.49437  -0.49414  -0.49391
       -0.49370  -0.49360  -0.49304  -0.49272  -0.49249  -0.49240  -0.49208  -0.49167  -0.49123
       -0.49100  -0.49081  -0.49055  -0.49002  -0.48971  -0.48941  -0.48920  -0.48877  -0.48845
       -0.48804  -0.48789  -0.48741  -0.48723  -0.48713  -0.48667  -0.48638  -0.48609  -0.48569
       -0.48554  -0.48505  -0.48480  -0.48460  -0.48413  -0.48362  -0.48323  -0.48275  -0.48239
       -0.48224  -0.48161  -0.48140  -0.48105  -0.48056  -0.48005  -0.47964  -0.47947  -0.47928
       -0.47870  -0.47826  -0.47761  -0.47736  -0.47717  -0.47668  -0.47610  -0.47594  -0.47544
       -0.47495  -0.47431  -0.47414  -0.47386  -0.47331  -0.47279  -0.47234  -0.47161  -0.47136
       -0.47087  -0.47079  -0.47054  -0.47034  -0.46985  -0.46926  -0.46896  -0.46873  -0.46813
       -0.46780  -0.46747  -0.46723  -0.46669  -0.46639  -0.46614  -0.46572  -0.46511  -0.46490
       -0.46465  -0.46410  -0.46347  -0.46307  -0.46268  -0.46233  -0.46204  -0.46175  -0.46132
       -0.46096  -0.46044  -0.45999  -0.45937  -0.45893  -0.45838  -0.45827  -0.45777  -0.45722
       -0.45685  -0.45638  -0.45585  -0.45558  -0.45510  -0.45466  -0.45404  -0.45343  -0.45299
       -0.45266  -0.45210  -0.45160  -0.45109  -0.45075  -0.45033  -0.44969  -0.44881  -0.44823
       -0.44769  -0.44735  -0.44676  -0.44626  -0.44560  -0.44466  -0.44397  -0.44311  -0.44284
       -0.44195  -0.44152  -0.44076  -0.44008  -0.43960  -0.43949  -0.43815  -0.43732  -0.43690
       -0.43669  -0.43615  -0.43495  -0.43435  -0.43336  -0.43244  -0.43203  -0.43086  -0.43069
       -0.43032  -0.42886  -0.42802  -0.42745  -0.42620  -0.42571  -0.42479  -0.42393  -0.42339
       -0.42169  -0.42103  -0.42032  -0.41938  -0.41831  -0.41771  -0.41631  -0.41593  -0.41523
       -0.41340  -0.41262  -0.41172  -0.41069  -0.41026  -0.40861  -0.40742  -0.40579  -0.40485
       -0.40344  -0.40241  -0.40157  -0.40054  -0.39973  -0.39821  -0.39743  -0.39594  -0.39360
       -0.39283  -0.39192  -0.39065  -0.38972  -0.38920  -0.38678  -0.38526  -0.38354  -0.38063
       -0.37486  -0.37414  -0.37360  -0.37181  -0.37128  -0.37001  -0.36940  -0.36849  -0.36791
       -0.36648  -0.36570  -0.36496  -0.36401  -0.36368  -0.36296  -0.36261  -0.36230  -0.36207
       -0.36138  -0.36104  -0.36032  -0.36015  -0.35969  -0.35942  -0.35899  -0.35878  -0.35862
       -0.35807  -0.35777  -0.35759  -0.35697  -0.35647  -0.35627  -0.35614  -0.35583  -0.35547
       -0.35518  -0.35480  -0.35447  -0.35399  -0.35371  -0.35338  -0.35315  -0.35304  -0.35267
       -0.35216  -0.35193  -0.35168  -0.35121  -0.35090  -0.35081  -0.35037  -0.35009  -0.34996
       -0.34942  -0.34929  -0.34907  -0.34890  -0.34844  -0.34806  -0.34779  -0.34755  -0.34737
       -0.34680  -0.34660  -0.34636  -0.34612  -0.34594  -0.34565  -0.34552  -0.34514  -0.34491
       -0.34470  -0.34434  -0.34424  -0.34395  -0.34370  -0.34336  -0.34313  -0.34278  -0.34246
       -0.34218  -0.34200  -0.34172  -0.34132  -0.34109  -0.34080  -0.34041  -0.34032  -0.34000
       -0.33983  -0.33947  -0.33923  -0.33889  -0.33875  -0.33849  -0.33790  -0.33767  -0.33751
       -0.33703  -0.33683  -0.33665  -0.33637  -0.33594  -0.33589  -0.33540  -0.33534  -0.33512
       -0.33470  -0.33462  -0.33401  -0.33373  -0.33348  -0.33319  -0.33297  -0.33270  -0.33252
       -0.33214  -0.33195  -0.33140  -0.33112  -0.33099  -0.33079  -0.33028  -0.32995  -0.32977
       -0.32947  -0.32917  -0.32894  -0.32858  -0.32832  -0.32789  -0.32749  -0.32725  -0.32684
       -0.32673  -0.32643  -0.32584  -0.32571  -0.32539  -0.32485  -0.32468  -0.32437  -0.32412
       -0.32370  -0.32346  -0.32312  -0.32266  -0.32219  -0.32183  -0.32167  -0.32133  -0.32085
       -0.32073  -0.32032  -0.32001  -0.31966  -0.31933  -0.31899  -0.31866  -0.31807  -0.31768
       -0.31718  -0.31707  -0.31681  -0.31603  -0.31575  -0.31560  -0.31517  -0.31471  -0.31442
       -0.31406  -0.31363  -0.31346  -0.31292  -0.31251  -0.31187  -0.31178  -0.31135  -0.31115
       -0.31088  -0.31030  -0.30989  -0.30963  -0.30912  -0.30887  -0.30831  -0.30815  -0.30774
       -0.30732  -0.30700  -0.30644
        
     --------------------------------------------------------------------------------------------
     Tot. elapsed time 05h-20m-14.4s,  time spent in last iteration 03h-22m-02.5s
     --------------------------------------------------------------------------------------------

     [I/O] -------------------------------------------------------
     [I/O] RESTART written in < 00.1s             
     [I/O] In location   : ./b.wstat.restart
     [I/O] -------------------------------------------------------

                       *----------*              *----------*               *----------*
     #     Iteration = |        2 |   DFPT_dim = |     1200 |   Diago_dim = |     3600 |
                       *----------*              *----------*               *----------*
     per-process dynamical memory   476.8 Mb
  
       
     --------------------------------------------------------------------------------------------
     Sternheimer eq. solver... with threshold =   1.000000E-12           
     --------------------------------------------------------------------------------------------
     in progress... |#                   | 005% :           10m-21.3s (E)       03h-27m-07.2s (X)
     in progress... |##                  | 010% :           19m-26.0s (E)       03h-14m-20.7s (X)
     in progress... |###                 | 015% :           29m-45.4s (E)       03h-18m-22.6s (X)
     in progress... |####                | 020% :           38m-47.2s (E)       03h-13m-56.3s (X)
     in progress... |#####               | 025% :           49m-06.3s (E)       03h-16m-25.4s (X)
     in progress... |######              | 030% :           58m-08.1s (E)       03h-13m-47.0s (X)
     in progress... |#######             | 035% :       01h-08m-27.3s (E)       03h-15m-35.3s (X)
     in progress... |########            | 040% :       01h-17m-30.2s (E)       03h-13m-45.6s (X)
     in progress... |#########           | 045% :       01h-27m-48.8s (E)       03h-15m-08.4s (X)
     in progress... |##########          | 050% :       01h-36m-49.0s (E)       03h-13m-38.1s (X)
     in progress... |###########         | 055% :       01h-47m-06.3s (E)       03h-14m-44.1s (X)
     in progress... |############        | 060% :       01h-56m-06.1s (E)       03h-13m-30.2s (X)
     in progress... |#############       | 065% :       02h-06m-23.3s (E)       03h-14m-26.6s (X)
     in progress... |##############      | 070% :       02h-15m-24.2s (E)       03h-13m-26.0s (X)
     in progress... |###############     | 075% :       02h-25m-41.6s (E)       03h-14m-15.5s (X)
     in progress... |################    | 080% :       02h-34m-41.2s (E)       03h-13m-21.5s (X)
     in progress... |#################   | 085% :       02h-44m-57.4s (E)       03h-14m-04.0s (X)
     in progress... |##################  | 090% :       02h-53m-55.6s (E)       03h-13m-15.1s (X)
     in progress... |################### | 095% :       03h-04m-10.3s (E)       03h-13m-51.9s (X)
     in progress... |####################| 100% :       03h-13m-07.9s (E)       03h-13m-07.9s (X)
     --------------------------------------------------------------------------------------------
     p-DIAGOX done in 18.1s with a SCALAPACK grid (14x14)
     --------------------------------------------------------------------------------------------
        
       -5.01937  -3.97982  -3.91213  -3.91213  -3.82134  -3.82134  -3.77621  -3.76436  -3.68470
       -3.67832  -3.67824  -3.67824  -3.66329  -3.66329  -3.04926  -2.91711  -2.91711  -2.91081
       -2.91081  -2.89458  -2.88356  -2.87282  -2.87164  -2.87164  -2.86875  -2.86875  -2.69771
       -2.63933  -2.63933  -2.61884  -2.61884  -2.60951  -2.59651  -2.59651  -2.59565  -2.58993
       -2.58728  -2.58728  -2.58723  -2.58723  -2.58687  -2.58651  -2.58566  -2.58343  -2.58343
       -2.58212  -2.58113  -2.58113  -2.57990  -2.57990  -2.48549  -2.48549  -2.48373  -2.46778
       -2.46682  -2.46517  -2.46517  -2.46076  -2.28101  -2.28101  -2.28042  -2.26268  -2.26268
       -2.26172  -2.12046  -2.11219  -2.11219  -2.10865  -2.10865  -2.10609  -2.10609  -2.10459
       -2.10117  -2.10021  -2.10021  -2.10018  -2.10014  -2.09842  -2.09842  -2.09709  -2.09627
       -2.09627  -2.09594  -2.09594  -2.09138  -2.09079  -2.09079  -2.08829  -2.07513  -2.06552
       -2.06552  -2.05856  -2.05856  -2.04808  -2.04808  -2.04703  -2.04703  -2.04674  -2.04650
       -2.04639  -2.04325  -2.04325  -2.04315  -2.04312  -2.04312  -2.04139  -2.04086  -2.04085
       -2.04085  -2.03689  -2.03689  -2.03156  -1.96013  -1.96013  -1.95684  -1.95684  -1.95559
       -1.95529  -1.95529  -1.95518  -1.95471  -1.95130  -1.95130  -1.94553  -1.93943  -1.91005
       -1.91005  -1.90321  -1.87540  -1.87540  -1.86994  -1.86853  -1.86853  -1.86497  -1.86350
       -1.86350  -1.86182  -1.86181  -1.86141  -1.86120  -1.86120  -1.86103  -1.86103  -1.86103
       -1.86023  -1.86023  -1.86023  -1.85992  -1.85992  -1.85952  -1.85946  -1.85869  -1.85751
       -1.85751  -1.85662  -1.85662  -1.85649  -1.85602  -1.85499  -1.85471  -1.85418  -1.85418
       -1.85278  -1.85208  -1.85203  -1.85203  -1.85175  -1.85175  -1.85149  -1.85020  -1.84806
       -1.84806  -1.84563  -1.84527  -1.84526  -1.84526  -1.84482  -1.84482  -1.84402  -1.84402
       -1.84361  -1.84361  -1.84241  -1.84241  -1.84234  -1.84215  -1.84057  -1.84057  -1.83833
       -1.83833  -1.83718  -1.83718  -1.83718  -1.83455  -1.83363  -1.83330  -1.83330  -1.83208
       -1.83201  -1.83087  -1.82997  -1.82990  -1.82990  -1.82922  -1.82922  -1.82819  -1.82819
       -1.82667  -1.82667  -1.82507  -1.81401  -1.80323  -1.80323  -1.80309  -1.80103  -1.80103
       -1.80062  -1.80053  -1.80053  -1.79924  -1.79878  -1.79878  -1.79875  -1.79875  -1.79859
       -1.79784  -1.79784  -1.79685  -1.79625  -1.79567  -1.79567  -1.79504  -1.79504  -1.79101
       -1.79101  -1.79098  -1.78975  -1.78898  -1.78898  -1.77704  -1.70935  -1.70935  -1.70770
       -1.69817  -1.68946  -1.68946  -1.68836  -1.68286  -1.47341  -1.20748  -1.19537  -1.19537
       -1.19193  -1.19193  -1.19029  -1.19014  -1.19014  -1.18969  -1.18926  -1.18914  -1.18914
       -1.18834  -1.18834  -1.18815  -1.18815  -1.18800  -1.18800  -1.18798  -1.18707  -1.18707
       -1.18699  -1.18403  -1.15913  -1.13302  -1.12509  -1.12509  -1.12451  -1.12451  -1.12393
       -1.12393  -1.12330  -1.12330  -1.12315  -1.12301  -1.12248  -1.12165  -1.12165  -1.12152
       -1.12152  -1.12147  -1.12147  -1.12115  -1.12092  -1.12067  -1.11935  -1.11935  -1.11812
       -1.11741  -1.11741  -1.11718  -1.11718  -1.11706  -1.11706  -1.11678  -1.11675  -1.11637
       -1.11150  -1.11150  -1.11110  -1.09146  -1.09146  -1.09022  -1.08738  -1.08523  -1.08452
       -1.08451  -1.06197  -1.00793  -1.00692  -1.00692  -1.00427  -1.00400  -1.00399  -1.00306
       -1.00306  -1.00213  -1.00213  -1.00201  -1.00200  -1.00191  -1.00172  -1.00168  -1.00156
       -0.99965  -0.99965  -0.99947  -0.99947  -0.99941  -0.99734  -0.99734  -0.97625  -0.95124
       -0.95124  -0.95039  -0.95039  -0.94870  -0.94661  -0.94490  -0.94489  -0.94436  -0.94296
       -0.94296  -0.93895  -0.92110  -0.91934  -0.91934  -0.91872  -0.91872  -0.91681  -0.91567
       -0.91551  -0.91551  -0.91546  -0.91527  -0.91522  -0.91522  -0.91518  -0.91518  -0.91498
       -0.91498  -0.91490  -0.91488  -0.91380  -0.91380  -0.91326  -0.91011  -0.91011  -0.86560
       -0.86560  -0.86440  -0.86440  -0.86364  -0.86052  -0.82877  -0.82876  -0.82700  -0.82676
       -0.82676  -0.82637  -0.82605  -0.82585  -0.82584  -0.82392  -0.82352  -0.82352  -0.82114
       -0.82113  -0.82050  -0.82003  -0.82003  -0.81966  -0.81965  -0.81946  -0.81914  -0.81727
       -0.81727  -0.81650  -0.81157  -0.81062  -0.81061  -0.80960  -0.80960  -0.80951  -0.80852
       -0.80852  -0.80842  -0.80777  -0.80629  -0.80628  -0.79134  -0.79134  -0.79082  -0.78851
       -0.78831  -0.78830  -0.78522  -0.78512  -0.77002  -0.77001  -0.76965  -0.76965  -0.76950
       -0.76799  -0.75864  -0.75864  -0.75815  -0.75814  -0.75803  -0.75740  -0.75474  -0.75234
       -0.75213  -0.75212  -0.75155  -0.75154  -0.75122  -0.75121  -0.74944  -0.74924  -0.74923
       -0.74918  -0.74853  -0.74852  -0.74851  -0.74821  -0.74788  -0.74779  -0.74778  -0.74772
       -0.74772  -0.74753  -0.74581  -0.74580  -0.74362  -0.74361  -0.74352  -0.74351  -0.74332
       -0.74305  -0.74304  -0.74295  -0.74290  -0.74284  -0.74283  -0.74207  -0.74165  -0.74164
       -0.74163  -0.74162  -0.74137  -0.74124  -0.74123  -0.74094  -0.73966  -0.73772  -0.73771
       -0.73658  -0.73557  -0.73421  -0.73419  -0.73330  -0.73303  -0.73302  -0.73283  -0.73282
       -0.73178  -0.72950  -0.72949  -0.72567  -0.72566  -0.72493  -0.72449  -0.72448  -0.72393
       -0.72392  -0.72312  -0.72284  -0.72278  -0.72264  -0.72263  -0.72197  -0.72196  -0.72181
       -0.72172  -0.72164  -0.72144  -0.72143  -0.72142  -0.72140  -0.72102  -0.72094  -0.71756
       -0.71756  -0.71329  -0.71166  -0.71134  -0.71132  -0.71121  -0.71120  -0.71021  -0.71020
       -0.71014  -0.70978  -0.70688  -0.70686  -0.69151  -0.69151  -0.69058  -0.69057  -0.69029
       -0.68999  -0.68985  -0.68984  -0.68952  -0.68951  -0.68901  -0.68899  -0.68890  -0.68875
       -0.68875  -0.68856  -0.68838  -0.68815  -0.68726  -0.68725  -0.68609  -0.68532  -0.68328
       -0.68327  -0.66782  -0.66781  -0.66649  -0.66644  -0.66589  -0.66586  -0.66558  -0.66522
       -0.66518  -0.66511  -0.66507  -0.66485  -0.66482  -0.66468  -0.66465  -0.66460  -0.66456
       -0.66353  -0.66351  -0.66310  -0.66277  -0.66181  -0.66178  -0.66135  -0.66131  -0.65997
       -0.65994  -0.65971  -0.65851  -0.65821  -0.65819  -0.65819  -0.65776  -0.65775  -0.65772
       -0.65684  -0.65682  -0.65592  -0.65538  -0.65536  -0.64585  -0.64561  -0.64559  -0.64491
       -0.64476  -0.64474  -0.64434  -0.64432  -0.64337  -0.64330  -0.64246  -0.64245  -0.64234
       -0.64233  -0.64220  -0.64219  -0.64171  -0.64163  -0.64127  -0.64081  -0.64078  -0.64076
       -0.64071  -0.64067  -0.64036  -0.63972  -0.63927  -0.63923  -0.63906  -0.63728  -0.63724
       -0.63609  -0.63606  -0.63529  -0.63447  -0.63440  -0.63437  -0.63407  -0.63337  -0.63332
       -0.63266  -0.63264  -0.63260  -0.62888  -0.62863  -0.62860  -0.62806  -0.62802  -0.62795
       -0.62792  -0.62710  -0.62697  -0.62696  -0.62690  -0.62673  -0.62668  -0.62639  -0.62636
       -0.62628  -0.62606  -0.62590  -0.62410  -0.62405  -0.62326  -0.62012  -0.61993  -0.61990
       -0.61151  -0.61150  -0.61047  -0.61044  -0.61018  -0.60975  -0.60968  -0.60963  -0.60948
       -0.60945  -0.60940  -0.60936  -0.60927  -0.60923  -0.60922  -0.60914  -0.60910  -0.60906
       -0.60769  -0.60760  -0.60691  -0.60222  -0.60163  -0.60158  -0.59131  -0.59125  -0.59013
       -0.59003  -0.58981  -0.58973  -0.57860  -0.57854  -0.57800  -0.57795  -0.57756  -0.57727
       -0.57703  -0.57675  -0.57666  -0.57651  -0.57516  -0.57508  -0.57266  -0.57262  -0.57246
       -0.57241  -0.57215  -0.57209  -0.57196  -0.57190  -0.57181  -0.57154  -0.57100  -0.57083
       -0.57079  -0.57071  -0.56625  -0.56620  -0.56002  -0.55986  -0.55820  -0.55813  -0.55810
       -0.55786  -0.55785  -0.55777  -0.55772  -0.55769  -0.55766  -0.55760  -0.55754  -0.55750
       -0.55727  -0.55720  -0.55714  -0.55696  -0.55538  -0.55511  -0.55501  -0.55452  -0.55251
       -0.55241  -0.55020  -0.55006  -0.54945  -0.54849  -0.54841  -0.54838  -0.54830  -0.54730
       -0.54725  -0.54709  -0.54695  -0.54642  -0.54625  -0.54605  -0.54389  -0.54382  -0.53253
       -0.53241  -0.53203  -0.53192  -0.53147  -0.53140  -0.53131  -0.53126  -0.53116  -0.53110
       -0.53106  -0.53105  -0.53096  -0.53091  -0.53085  -0.53079  -0.53066  -0.53053  -0.53046
       -0.53024  -0.52982  -0.52971  -0.52728  -0.52723  -0.52054  -0.52045  -0.51929  -0.51810
       -0.51800  -0.51677  -0.51641  -0.51625  -0.51610  -0.51596  -0.51573  -0.51564  -0.51555
       -0.51532  -0.51511  -0.51248  -0.51237  -0.51198  -0.50924  -0.50919  -0.50886  -0.50871
       -0.50863  -0.50861  -0.50848  -0.50841  -0.50828  -0.50824  -0.50815  -0.50811  -0.50795
       -0.50786  -0.50773  -0.50768  -0.50757  -0.50747  -0.50740  -0.50736  -0.50726  -0.50716
       -0.50704  -0.50700  -0.50694  -0.50679  -0.50672  -0.50667  -0.50663  -0.50655  -0.50651
       -0.50646  -0.50638  -0.50636  -0.50630  -0.50626  -0.50620  -0.50614  -0.50607  -0.50597
       -0.50590  -0.50587  -0.50582  -0.50579  -0.50571  -0.50566  -0.50560  -0.50554  -0.50549
       -0.50539  -0.50530  -0.50524  -0.50518  -0.50511  -0.50499  -0.50492  -0.50481  -0.50477
       -0.50465  -0.50449  -0.50438  -0.50423  -0.50412  -0.50402  -0.50386  -0.50370  -0.50016
       -0.50006  -0.49903  -0.49869  -0.49250  -0.49224  -0.49195  -0.49179  -0.49165  -0.49145
       -0.49115  -0.49078  -0.49051  -0.49040  -0.49008  -0.48987  -0.48963  -0.48954  -0.48943
       -0.48931  -0.48920  -0.48909  -0.48902  -0.48897  -0.48890  -0.48880  -0.48868  -0.48857
       -0.48854  -0.48834  -0.48816  -0.48812  -0.48800  -0.48788  -0.48768  -0.48756  -0.48741
       -0.48726  -0.48713  -0.48702  -0.48692  -0.48679  -0.48669  -0.48663  -0.48654  -0.48643
       -0.48631  -0.48624  -0.48610  -0.48595  -0.48583  -0.48575  -0.48548  -0.48540  -0.48520
       -0.48481  -0.48376  -0.48362  -0.48335  -0.48310  -0.48076  -0.48064  -0.48043  -0.48035
       -0.48004  -0.47992  -0.47987  -0.47978  -0.47969  -0.47965  -0.47956  -0.47949  -0.47938
       -0.47929  -0.47927  -0.47915  -0.47903  -0.47900  -0.47891  -0.47883  -0.47868  -0.47861
       -0.47855  -0.47842  -0.47839  -0.47830  -0.47813  -0.47805  -0.47794  -0.47787  -0.47770
       -0.47760  -0.47738  -0.47719  -0.47715  -0.47702  -0.47680  -0.47663  -0.47642  -0.47625
       -0.47599  -0.47571  -0.47547  -0.47189  -0.46967  -0.46928  -0.46862  -0.46811  -0.46720
       -0.46657  -0.46637  -0.46625  -0.46600  -0.46548  -0.46521  -0.46325  -0.46019  -0.45976
       -0.45137  -0.45104  -0.44560  -0.44342  -0.44319  -0.44291  -0.44266  -0.44242  -0.42954
       -0.42915  -0.42232  -0.42177  -0.42116  -0.42101  -0.42072  -0.42055  -0.42011  -0.41920
       -0.39913  -0.39899  -0.39843  -0.39810  -0.39792  -0.39749  -0.39399  -0.39345  -0.39065
       -0.38460  -0.38434  -0.38278  -0.38060  -0.38038  -0.37973  -0.37869  -0.37824  -0.37814
       -0.37781  -0.37735  -0.37712  -0.37683  -0.37669  -0.37651  -0.37633  -0.37625  -0.37616
       -0.37600  -0.37592  -0.37582  -0.37565  -0.37558  -0.37546  -0.37541  -0.37529  -0.37522
       -0.37508  -0.37499  -0.37483  -0.37472  -0.37458  -0.37446  -0.37436  -0.37430  -0.37415
       -0.37402  -0.37390  -0.37372  -0.37367  -0.37348  -0.37339  -0.37307  -0.37302  -0.37288
       -0.37278  -0.37268  -0.37238  -0.37219  -0.37209  -0.37184  -0.37163  -0.37154  -0.37140
       -0.37120  -0.37091  -0.37071  -0.37049  -0.37038  -0.36986  -0.36976  -0.36960  -0.36930
       -0.36912  -0.36897  -0.36879  -0.36862  -0.36834  -0.36770  -0.36746  -0.36605  -0.36579
       -0.36563  -0.36525  -0.36516  -0.36497  -0.36478  -0.36468  -0.36461  -0.36453  -0.36437
       -0.36431  -0.36425  -0.36411  -0.36397  -0.36391  -0.36378  -0.36364  -0.36356  -0.36342
       -0.36331  -0.36328  -0.36322  -0.36309  -0.36306  -0.36294  -0.36283  -0.36274  -0.36261
       -0.36245  -0.36241  -0.36227  -0.36212  -0.36206  -0.36191  -0.36182  -0.36173  -0.36164
       -0.36161  -0.36143  -0.36137  -0.36123  -0.36120  -0.36108  -0.36102  -0.36087  -0.36082
       -0.36070  -0.36063  -0.36045  -0.36032  -0.36027  -0.36021  -0.36008  -0.36002  -0.35984
       -0.35975  -0.35961  -0.35955  -0.35937  -0.35928  -0.35919  -0.35914  -0.35906  -0.35896
       -0.35887  -0.35879  -0.35865  -0.35856  -0.35837  -0.35828  -0.35812  -0.35795  -0.35779
       -0.35768  -0.35743  -0.35728  -0.35725  -0.35713  -0.35701  -0.35691  -0.35682  -0.35666
       -0.35641  -0.35625  -0.35616  -0.35602  -0.35590  -0.35542  -0.35535  -0.35505  -0.35478
       -0.35468  -0.35428  -0.35406  -0.35335  -0.35305  -0.35278  -0.35264  -0.35232  -0.35226
       -0.35205  -0.35191  -0.35174  -0.35159  -0.35146  -0.35128  -0.35114  -0.35104  -0.35089
       -0.35071  -0.35060  -0.35043
        
     --------------------------------------------------------------------------------------------
     Tot. elapsed time 08h-40m-56.7s,  time spent in last iteration 03h-20m-17.9s
     --------------------------------------------------------------------------------------------

     [I/O] -------------------------------------------------------
     [I/O] RESTART written in < 00.1s             
     [I/O] In location   : ./b.wstat.restart
     [I/O] -------------------------------------------------------

                       *----------*              *----------*               *----------*
     #     Iteration = |        3 |   DFPT_dim = |      891 |   Diago_dim = |     4491 |
                       *----------*              *----------*               *----------*
     per-process dynamical memory   476.8 Mb
  
       
     --------------------------------------------------------------------------------------------
     Sternheimer eq. solver... with threshold =   1.000000E-12           
     --------------------------------------------------------------------------------------------
     in progress... |#                   | 005% :           07m-41.7s (E)       02h-33m-54.8s (X)
     in progress... |##                  | 010% :           15m-22.6s (E)       02h-33m-46.5s (X)
     in progress... |###                 | 015% :           21m-46.7s (E)       02h-25m-11.6s (X)
     in progress... |####                | 020% :           29m-27.7s (E)       02h-27m-18.5s (X)
     in progress... |#####               | 025% :           35m-51.7s (E)       02h-23m-27.0s (X)
     in progress... |######              | 030% :           43m-32.4s (E)       02h-25m-08.0s (X)
     in progress... |#######             | 035% :           51m-13.1s (E)       02h-26m-20.4s (X)
     in progress... |########            | 040% :           57m-38.4s (E)       02h-24m-06.0s (X)
     in progress... |#########           | 045% :       01h-05m-18.9s (E)       02h-25m-08.8s (X)
     in progress... |##########          | 050% :       01h-11m-42.7s (E)       02h-23m-25.4s (X)
     in progress... |###########         | 055% :       01h-19m-23.1s (E)       02h-24m-20.3s (X)
     in progress... |############        | 060% :       01h-27m-03.5s (E)       02h-25m-05.9s (X)
     in progress... |#############       | 065% :       01h-33m-27.1s (E)       02h-23m-46.4s (X)
     in progress... |##############      | 070% :       01h-41m-07.3s (E)       02h-24m-27.6s (X)
     in progress... |###############     | 075% :       01h-47m-31.1s (E)       02h-23m-21.4s (X)
     in progress... |################    | 080% :       01h-55m-11.9s (E)       02h-23m-59.9s (X)
     in progress... |#################   | 085% :       02h-02m-52.1s (E)       02h-24m-33.1s (X)
     in progress... |##################  | 090% :       02h-09m-15.4s (E)       02h-23m-37.1s (X)
     in progress... |################### | 095% :       02h-16m-54.9s (E)       02h-24m-07.3s (X)
     in progress... |####################| 100% :       02h-23m-18.3s (E)       02h-23m-18.3s (X)
     --------------------------------------------------------------------------------------------
     p-DIAGOX done in 32.2s with a SCALAPACK grid (14x14)
     --------------------------------------------------------------------------------------------
        
       -5.01937  -3.97982  -3.91213  -3.91213  -3.82134  -3.82134  -3.77621  -3.76436  -3.68470
       -3.67832  -3.67824  -3.67824  -3.66329  -3.66329  -3.04926  -2.91711  -2.91711  -2.91081
       -2.91081  -2.89458  -2.88356  -2.87282  -2.87164  -2.87164  -2.86875  -2.86875  -2.69771
       -2.63933  -2.63933  -2.61884  -2.61884  -2.60951  -2.59651  -2.59651  -2.59565  -2.58993
       -2.58728  -2.58728  -2.58723  -2.58723  -2.58687  -2.58651  -2.58566  -2.58343  -2.58343
       -2.58212  -2.58113  -2.58113  -2.57990  -2.57990  -2.48549  -2.48549  -2.48373  -2.46778
       -2.46682  -2.46517  -2.46517  -2.46076  -2.28101  -2.28101  -2.28042  -2.26268  -2.26268
       -2.26172  -2.12046  -2.11219  -2.11219  -2.10865  -2.10865  -2.10609  -2.10609  -2.10459
       -2.10117  -2.10021  -2.10021  -2.10018  -2.10014  -2.09842  -2.09842  -2.09709  -2.09627
       -2.09627  -2.09594  -2.09594  -2.09139  -2.09079  -2.09079  -2.08829  -2.07513  -2.06552
       -2.06552  -2.05856  -2.05856  -2.04808  -2.04808  -2.04703  -2.04703  -2.04674  -2.04650
       -2.04639  -2.04325  -2.04325  -2.04315  -2.04312  -2.04312  -2.04139  -2.04087  -2.04085
       -2.04085  -2.03689  -2.03689  -2.03156  -1.96013  -1.96013  -1.95684  -1.95684  -1.95559
       -1.95529  -1.95529  -1.95518  -1.95471  -1.95130  -1.95130  -1.94553  -1.93943  -1.91005
       -1.91005  -1.90321  -1.87540  -1.87540  -1.86994  -1.86853  -1.86853  -1.86497  -1.86350
       -1.86350  -1.86182  -1.86182  -1.86141  -1.86120  -1.86120  -1.86103  -1.86103  -1.86103
       -1.86023  -1.86023  -1.86023  -1.85992  -1.85992  -1.85953  -1.85946  -1.85869  -1.85752
       -1.85752  -1.85662  -1.85662  -1.85649  -1.85602  -1.85499  -1.85471  -1.85418  -1.85418
       -1.85278  -1.85208  -1.85203  -1.85203  -1.85175  -1.85175  -1.85149  -1.85020  -1.84806
       -1.84806  -1.84563  -1.84527  -1.84526  -1.84526  -1.84482  -1.84482  -1.84402  -1.84402
       -1.84361  -1.84361  -1.84241  -1.84241  -1.84235  -1.84215  -1.84057  -1.84057  -1.83833
       -1.83833  -1.83718  -1.83718  -1.83718  -1.83455  -1.83363  -1.83330  -1.83330  -1.83208
       -1.83201  -1.83087  -1.82997  -1.82990  -1.82990  -1.82923  -1.82923  -1.82819  -1.82819
       -1.82667  -1.82667  -1.82507  -1.81401  -1.80323  -1.80323  -1.80309  -1.80103  -1.80103
       -1.80063  -1.80053  -1.80053  -1.79924  -1.79878  -1.79878  -1.79875  -1.79875  -1.79859
       -1.79784  -1.79784  -1.79685  -1.79625  -1.79567  -1.79567  -1.79504  -1.79504  -1.79101
       -1.79101  -1.79098  -1.78975  -1.78898  -1.78898  -1.77704  -1.70935  -1.70935  -1.70770
       -1.69817  -1.68946  -1.68946  -1.68836  -1.68287  -1.47342  -1.20749  -1.19538  -1.19538
       -1.19193  -1.19193  -1.19030  -1.19014  -1.19014  -1.18969  -1.18926  -1.18914  -1.18914
       -1.18834  -1.18834  -1.18815  -1.18815  -1.18800  -1.18800  -1.18798  -1.18707  -1.18707
       -1.18699  -1.18403  -1.15914  -1.13302  -1.12509  -1.12509  -1.12452  -1.12452  -1.12393
       -1.12393  -1.12331  -1.12331  -1.12315  -1.12301  -1.12248  -1.12166  -1.12166  -1.12153
       -1.12153  -1.12147  -1.12147  -1.12115  -1.12092  -1.12067  -1.11936  -1.11936  -1.11812
       -1.11741  -1.11741  -1.11718  -1.11718  -1.11706  -1.11706  -1.11678  -1.11676  -1.11637
       -1.11150  -1.11150  -1.11110  -1.09147  -1.09147  -1.09022  -1.08739  -1.08523  -1.08452
       -1.08452  -1.06198  -1.00794  -1.00693  -1.00693  -1.00428  -1.00400  -1.00400  -1.00307
       -1.00307  -1.00214  -1.00214  -1.00201  -1.00201  -1.00192  -1.00173  -1.00169  -1.00157
       -0.99966  -0.99966  -0.99948  -0.99948  -0.99942  -0.99735  -0.99735  -0.97626  -0.95125
       -0.95125  -0.95040  -0.95040  -0.94871  -0.94662  -0.94491  -0.94491  -0.94437  -0.94297
       -0.94297  -0.93896  -0.92111  -0.91935  -0.91935  -0.91873  -0.91873  -0.91682  -0.91567
       -0.91552  -0.91552  -0.91547  -0.91528  -0.91523  -0.91523  -0.91519  -0.91519  -0.91499
       -0.91499  -0.91491  -0.91489  -0.91381  -0.91381  -0.91327  -0.91012  -0.91012  -0.86562
       -0.86562  -0.86442  -0.86442  -0.86366  -0.86055  -0.82879  -0.82879  -0.82703  -0.82679
       -0.82679  -0.82640  -0.82608  -0.82587  -0.82587  -0.82395  -0.82355  -0.82355  -0.82116
       -0.82116  -0.82052  -0.82005  -0.82005  -0.81968  -0.81968  -0.81948  -0.81916  -0.81730
       -0.81730  -0.81653  -0.81159  -0.81064  -0.81064  -0.80963  -0.80963  -0.80954  -0.80855
       -0.80855  -0.80845  -0.80780  -0.80631  -0.80631  -0.79138  -0.79138  -0.79086  -0.78856
       -0.78834  -0.78834  -0.78526  -0.78516  -0.77005  -0.77005  -0.76969  -0.76969  -0.76954
       -0.76804  -0.75870  -0.75870  -0.75820  -0.75820  -0.75809  -0.75747  -0.75478  -0.75238
       -0.75217  -0.75217  -0.75159  -0.75159  -0.75126  -0.75126  -0.74948  -0.74928  -0.74928
       -0.74923  -0.74857  -0.74856  -0.74856  -0.74826  -0.74792  -0.74783  -0.74783  -0.74777
       -0.74777  -0.74758  -0.74585  -0.74585  -0.74367  -0.74367  -0.74357  -0.74357  -0.74338
       -0.74311  -0.74311  -0.74301  -0.74296  -0.74289  -0.74289  -0.74213  -0.74170  -0.74170
       -0.74168  -0.74168  -0.74143  -0.74129  -0.74129  -0.74100  -0.73971  -0.73777  -0.73777
       -0.73664  -0.73563  -0.73426  -0.73426  -0.73336  -0.73309  -0.73309  -0.73290  -0.73290
       -0.73185  -0.72956  -0.72956  -0.72573  -0.72573  -0.72499  -0.72455  -0.72455  -0.72399
       -0.72399  -0.72319  -0.72290  -0.72284  -0.72270  -0.72270  -0.72203  -0.72203  -0.72187
       -0.72178  -0.72170  -0.72149  -0.72149  -0.72147  -0.72147  -0.72109  -0.72100  -0.71762
       -0.71762  -0.71336  -0.71173  -0.71140  -0.71140  -0.71128  -0.71128  -0.71027  -0.71027
       -0.71021  -0.70984  -0.70694  -0.70694  -0.69159  -0.69159  -0.69066  -0.69066  -0.69038
       -0.69008  -0.68993  -0.68993  -0.68960  -0.68960  -0.68909  -0.68909  -0.68898  -0.68884
       -0.68884  -0.68865  -0.68847  -0.68824  -0.68735  -0.68735  -0.68618  -0.68541  -0.68337
       -0.68337  -0.66795  -0.66795  -0.66662  -0.66662  -0.66604  -0.66603  -0.66572  -0.66535
       -0.66535  -0.66525  -0.66524  -0.66498  -0.66498  -0.66482  -0.66479  -0.66474  -0.66474
       -0.66366  -0.66366  -0.66325  -0.66290  -0.66193  -0.66193  -0.66148  -0.66148  -0.66008
       -0.66008  -0.65985  -0.65864  -0.65834  -0.65830  -0.65830  -0.65789  -0.65789  -0.65784
       -0.65695  -0.65695  -0.65607  -0.65551  -0.65550  -0.64598  -0.64575  -0.64575  -0.64506
       -0.64490  -0.64490  -0.64448  -0.64448  -0.64352  -0.64345  -0.64260  -0.64260  -0.64249
       -0.64249  -0.64236  -0.64236  -0.64184  -0.64183  -0.64141  -0.64094  -0.64094  -0.64089
       -0.64089  -0.64083  -0.64054  -0.63987  -0.63939  -0.63939  -0.63921  -0.63743  -0.63743
       -0.63626  -0.63625  -0.63548  -0.63464  -0.63464  -0.63458  -0.63428  -0.63357  -0.63357
       -0.63284  -0.63284  -0.63284  -0.62908  -0.62883  -0.62883  -0.62826  -0.62826  -0.62815
       -0.62815  -0.62730  -0.62718  -0.62718  -0.62714  -0.62692  -0.62692  -0.62658  -0.62658
       -0.62652  -0.62627  -0.62615  -0.62429  -0.62429  -0.62350  -0.62035  -0.62014  -0.62014
       -0.61173  -0.61173  -0.61072  -0.61072  -0.61045  -0.61002  -0.60992  -0.60992  -0.60972
       -0.60972  -0.60966  -0.60964  -0.60953  -0.60953  -0.60952  -0.60940  -0.60937  -0.60937
       -0.60792  -0.60792  -0.60717  -0.60248  -0.60187  -0.60187  -0.59153  -0.59153  -0.59040
       -0.59028  -0.59004  -0.59004  -0.57896  -0.57895  -0.57839  -0.57839  -0.57798  -0.57764
       -0.57743  -0.57713  -0.57713  -0.57699  -0.57557  -0.57557  -0.57306  -0.57306  -0.57285
       -0.57285  -0.57254  -0.57247  -0.57247  -0.57227  -0.57227  -0.57198  -0.57143  -0.57121
       -0.57120  -0.57120  -0.56666  -0.56665  -0.56045  -0.56045  -0.55861  -0.55861  -0.55860
       -0.55831  -0.55831  -0.55830  -0.55827  -0.55827  -0.55815  -0.55809  -0.55809  -0.55806
       -0.55772  -0.55772  -0.55768  -0.55753  -0.55589  -0.55563  -0.55563  -0.55507  -0.55299
       -0.55298  -0.55070  -0.55069  -0.54998  -0.54894  -0.54894  -0.54888  -0.54888  -0.54772
       -0.54772  -0.54772  -0.54752  -0.54697  -0.54669  -0.54669  -0.54440  -0.54440  -0.53318
       -0.53318  -0.53273  -0.53272  -0.53215  -0.53205  -0.53205  -0.53198  -0.53188  -0.53187
       -0.53181  -0.53177  -0.53176  -0.53175  -0.53174  -0.53172  -0.53172  -0.53157  -0.53147
       -0.53115  -0.53060  -0.53060  -0.52807  -0.52807  -0.52116  -0.52116  -0.51990  -0.51887
       -0.51887  -0.51760  -0.51709  -0.51708  -0.51695  -0.51694  -0.51666  -0.51656  -0.51652
       -0.51614  -0.51614  -0.51340  -0.51340  -0.51276  -0.51018  -0.51018  -0.50979  -0.50948
       -0.50948  -0.50947  -0.50947  -0.50941  -0.50930  -0.50911  -0.50908  -0.50907  -0.50906
       -0.50879  -0.50879  -0.50852  -0.50851  -0.50848  -0.50847  -0.50846  -0.50846  -0.50816
       -0.50800  -0.50800  -0.50797  -0.50796  -0.50781  -0.50759  -0.50759  -0.50757  -0.50755
       -0.50755  -0.50735  -0.50735  -0.50733  -0.50723  -0.50723  -0.50721  -0.50720  -0.50710
       -0.50710  -0.50704  -0.50704  -0.50701  -0.50688  -0.50688  -0.50686  -0.50681  -0.50672
       -0.50663  -0.50659  -0.50659  -0.50646  -0.50643  -0.50643  -0.50635  -0.50634  -0.50627
       -0.50608  -0.50608  -0.50592  -0.50589  -0.50589  -0.50542  -0.50538  -0.50526  -0.50151
       -0.50150  -0.50033  -0.50033  -0.49353  -0.49352  -0.49293  -0.49277  -0.49277  -0.49264
       -0.49218  -0.49207  -0.49207  -0.49192  -0.49151  -0.49151  -0.49105  -0.49075  -0.49074
       -0.49073  -0.49072  -0.49067  -0.49067  -0.49066  -0.49036  -0.49035  -0.49031  -0.49030
       -0.49029  -0.49019  -0.48997  -0.48959  -0.48932  -0.48931  -0.48922  -0.48922  -0.48920
       -0.48919  -0.48916  -0.48862  -0.48836  -0.48826  -0.48825  -0.48808  -0.48808  -0.48805
       -0.48804  -0.48796  -0.48795  -0.48789  -0.48782  -0.48761  -0.48740  -0.48739  -0.48710
       -0.48673  -0.48528  -0.48528  -0.48494  -0.48493  -0.48243  -0.48231  -0.48221  -0.48220
       -0.48136  -0.48136  -0.48133  -0.48132  -0.48130  -0.48123  -0.48122  -0.48113  -0.48103
       -0.48103  -0.48100  -0.48099  -0.48077  -0.48076  -0.48075  -0.48071  -0.48070  -0.48060
       -0.48052  -0.48048  -0.48048  -0.48047  -0.48042  -0.48041  -0.48024  -0.48022  -0.48017
       -0.48010  -0.48009  -0.47970  -0.47968  -0.47957  -0.47956  -0.47918  -0.47917  -0.47915
       -0.47889  -0.47877  -0.47868  -0.47440  -0.47205  -0.47204  -0.47131  -0.47129  -0.46946
       -0.46945  -0.46936  -0.46930  -0.46928  -0.46922  -0.46906  -0.46584  -0.46246  -0.46244
       -0.45345  -0.45344  -0.44799  -0.44552  -0.44551  -0.44549  -0.44526  -0.44520  -0.43195
       -0.43194  -0.42466  -0.42401  -0.42320  -0.42319  -0.42317  -0.42316  -0.42275  -0.42175
       -0.40193  -0.40192  -0.40136  -0.40133  -0.40128  -0.40124  -0.39699  -0.39696  -0.39314
       -0.38709  -0.38707  -0.38521  -0.38319  -0.38315  -0.38275  -0.38137  -0.38133  -0.38127
       -0.38122  -0.38020  -0.38016  -0.37955  -0.37936  -0.37930  -0.37927  -0.37925  -0.37921
       -0.37911  -0.37891  -0.37890  -0.37874  -0.37871  -0.37868  -0.37842  -0.37839  -0.37836
       -0.37829  -0.37827  -0.37821  -0.37818  -0.37815  -0.37812  -0.37810  -0.37808  -0.37804
       -0.37802  -0.37801  -0.37796  -0.37786  -0.37766  -0.37761  -0.37749  -0.37745  -0.37743
       -0.37626  -0.37623  -0.37588  -0.37573  -0.37565  -0.37547  -0.37541  -0.37512  -0.37494
       -0.37491  -0.37489  -0.37474  -0.37466  -0.37463  -0.37457  -0.37445  -0.37442  -0.37438
       -0.37430  -0.37425  -0.37419  -0.37390  -0.37384  -0.37338  -0.37196  -0.37002  -0.36999
       -0.36942  -0.36939  -0.36915  -0.36912  -0.36907  -0.36903  -0.36898  -0.36895  -0.36891
       -0.36878  -0.36857  -0.36854  -0.36843  -0.36840  -0.36819  -0.36815  -0.36811  -0.36809
       -0.36806  -0.36802  -0.36800  -0.36795  -0.36793  -0.36790  -0.36786  -0.36785  -0.36781
       -0.36779  -0.36777  -0.36774  -0.36773  -0.36768  -0.36765  -0.36762  -0.36759  -0.36757
       -0.36751  -0.36748  -0.36741  -0.36735  -0.36731  -0.36716  -0.36711  -0.36701  -0.36693
       -0.36674  -0.36670  -0.36664  -0.36663  -0.36654  -0.36634  -0.36586  -0.36569  -0.36564
       -0.36540  -0.36532  -0.36525  -0.36518  -0.36504  -0.36498  -0.36496  -0.36482  -0.36474
       -0.36467  -0.36458  -0.36450  -0.36445  -0.36439  -0.36406  -0.36397  -0.36392  -0.36384
       -0.36377  -0.36361  -0.36356  -0.36350  -0.36346  -0.36338  -0.36330  -0.36309  -0.36282
       -0.36274  -0.36215  -0.36212  -0.36206  -0.36170  -0.36098  -0.36095  -0.36090  -0.36083
       -0.36064  -0.35988  -0.35962  -0.35878  -0.35862  -0.35858  -0.35850  -0.35842  -0.35836
       -0.35806  -0.35798  -0.35793  -0.35761  -0.35759  -0.35677  -0.35669  -0.35655  -0.35608
       -0.35553  -0.35543  -0.35485
        
     --------------------------------------------------------------------------------------------
     Tot. elapsed time 11h-08m-58.3s,  time spent in last iteration 02h-27m-29.5s
     --------------------------------------------------------------------------------------------

       Refresh the basis set

     [I/O] -------------------------------------------------------
     [I/O] RESTART written in < 00.1s             
     [I/O] In location   : ./b.wstat.restart
     [I/O] -------------------------------------------------------

                       *----------*              *----------*               *----------*
     #     Iteration = |        4 |   DFPT_dim = |      376 |   Diago_dim = |     1576 |
                       *----------*              *----------*               *----------*
     per-process dynamical memory   476.8 Mb
  
       
     --------------------------------------------------------------------------------------------
     Sternheimer eq. solver... with threshold =   1.000000E-12           
     --------------------------------------------------------------------------------------------
     in progress... |#                   | 005% :           03m-50.2s (E)       01h-16m-44.5s (X)
     in progress... |##                  | 010% :           06m-23.3s (E)       01h-03m-53.0s (X)
     in progress... |###                 | 015% :           10m-12.5s (E)       01h-08m-03.8s (X)
     in progress... |####                | 020% :           12m-45.4s (E)       01h-03m-47.0s (X)
     in progress... |#####               | 025% :           15m-18.2s (E)       01h-01m-13.1s (X)
     in progress... |######              | 030% :           19m-07.3s (E)       01h-03m-44.5s (X)
     in progress... |#######             | 035% :           21m-40.2s (E)       01h-01m-55.0s (X)
     in progress... |########            | 040% :           24m-13.0s (E)       01h-00m-32.6s (X)
     in progress... |#########           | 045% :           28m-03.4s (E)       01h-02m-21.1s (X)
     in progress... |##########          | 050% :           30m-36.4s (E)       01h-01m-12.8s (X)
     in progress... |###########         | 055% :           33m-08.8s (E)       01h-00m-16.0s (X)
     in progress... |############        | 060% :           36m-57.8s (E)       01h-01m-36.4s (X)
     in progress... |#############       | 065% :           39m-30.6s (E)       01h-00m-47.2s (X)
     in progress... |##############      | 070% :           42m-03.0s (E)       01h-00m-04.3s (X)
     in progress... |###############     | 075% :           45m-51.8s (E)       01h-01m-09.0s (X)
     in progress... |################    | 080% :           48m-24.2s (E)       01h-00m-30.2s (X)
     in progress... |#################   | 085% :           50m-56.7s (E)           59m-56.1s (X)
     in progress... |##################  | 090% :           54m-45.3s (E)       01h-00m-50.4s (X)
     in progress... |################### | 095% :           57m-17.5s (E)       01h-00m-18.5s (X)
     in progress... |####################| 100% :           59m-49.7s (E)           59m-49.7s (X)
     --------------------------------------------------------------------------------------------
     p-DIAGOX done in 03.0s with a SCALAPACK grid (14x14)
     --------------------------------------------------------------------------------------------
        
       -5.01937  -3.97982  -3.91213  -3.91213  -3.82134  -3.82134  -3.77621  -3.76436  -3.68470
       -3.67832  -3.67824  -3.67824  -3.66329  -3.66329  -3.04926  -2.91711  -2.91711  -2.91081
       -2.91081  -2.89458  -2.88356  -2.87282  -2.87164  -2.87164  -2.86875  -2.86875  -2.69771
       -2.63933  -2.63933  -2.61884  -2.61884  -2.60951  -2.59651  -2.59651  -2.59565  -2.58993
       -2.58728  -2.58728  -2.58723  -2.58723  -2.58687  -2.58651  -2.58566  -2.58343  -2.58343
       -2.58212  -2.58113  -2.58113  -2.57990  -2.57990  -2.48549  -2.48549  -2.48373  -2.46778
       -2.46682  -2.46517  -2.46517  -2.46076  -2.28101  -2.28101  -2.28042  -2.26268  -2.26268
       -2.26172  -2.12046  -2.11219  -2.11219  -2.10865  -2.10865  -2.10609  -2.10609  -2.10459
       -2.10117  -2.10021  -2.10021  -2.10018  -2.10014  -2.09842  -2.09842  -2.09709  -2.09627
       -2.09627  -2.09594  -2.09594  -2.09139  -2.09079  -2.09079  -2.08829  -2.07513  -2.06552
       -2.06552  -2.05856  -2.05856  -2.04808  -2.04808  -2.04703  -2.04703  -2.04674  -2.04650
       -2.04639  -2.04325  -2.04325  -2.04315  -2.04312  -2.04312  -2.04139  -2.04087  -2.04085
       -2.04085  -2.03689  -2.03689  -2.03156  -1.96013  -1.96013  -1.95684  -1.95684  -1.95559
       -1.95529  -1.95529  -1.95518  -1.95471  -1.95130  -1.95130  -1.94553  -1.93943  -1.91005
       -1.91005  -1.90321  -1.87540  -1.87540  -1.86994  -1.86853  -1.86853  -1.86497  -1.86350
       -1.86350  -1.86182  -1.86182  -1.86141  -1.86120  -1.86120  -1.86103  -1.86103  -1.86103
       -1.86023  -1.86023  -1.86023  -1.85992  -1.85992  -1.85953  -1.85946  -1.85869  -1.85752
       -1.85752  -1.85662  -1.85662  -1.85649  -1.85602  -1.85499  -1.85471  -1.85418  -1.85418
       -1.85278  -1.85208  -1.85203  -1.85203  -1.85175  -1.85175  -1.85149  -1.85020  -1.84806
       -1.84806  -1.84563  -1.84527  -1.84526  -1.84526  -1.84482  -1.84482  -1.84402  -1.84402
       -1.84361  -1.84361  -1.84241  -1.84241  -1.84235  -1.84215  -1.84057  -1.84057  -1.83833
       -1.83833  -1.83718  -1.83718  -1.83718  -1.83455  -1.83363  -1.83330  -1.83330  -1.83208
       -1.83201  -1.83087  -1.82997  -1.82990  -1.82990  -1.82923  -1.82923  -1.82819  -1.82819
       -1.82667  -1.82667  -1.82507  -1.81401  -1.80323  -1.80323  -1.80309  -1.80103  -1.80103
       -1.80063  -1.80053  -1.80053  -1.79924  -1.79878  -1.79878  -1.79875  -1.79875  -1.79859
       -1.79784  -1.79784  -1.79685  -1.79625  -1.79567  -1.79567  -1.79504  -1.79504  -1.79101
       -1.79101  -1.79098  -1.78975  -1.78898  -1.78898  -1.77704  -1.70935  -1.70935  -1.70770
       -1.69817  -1.68946  -1.68946  -1.68836  -1.68287  -1.47342  -1.20749  -1.19538  -1.19538
       -1.19193  -1.19193  -1.19030  -1.19014  -1.19014  -1.18969  -1.18926  -1.18914  -1.18914
       -1.18834  -1.18834  -1.18815  -1.18815  -1.18800  -1.18800  -1.18798  -1.18707  -1.18707
       -1.18699  -1.18403  -1.15914  -1.13302  -1.12509  -1.12509  -1.12452  -1.12452  -1.12393
       -1.12393  -1.12331  -1.12331  -1.12315  -1.12301  -1.12248  -1.12166  -1.12166  -1.12153
       -1.12153  -1.12147  -1.12147  -1.12115  -1.12092  -1.12067  -1.11936  -1.11936  -1.11812
       -1.11741  -1.11741  -1.11718  -1.11718  -1.11706  -1.11706  -1.11678  -1.11676  -1.11637
       -1.11150  -1.11150  -1.11110  -1.09147  -1.09147  -1.09022  -1.08739  -1.08523  -1.08452
       -1.08452  -1.06198  -1.00794  -1.00693  -1.00693  -1.00428  -1.00400  -1.00400  -1.00307
       -1.00307  -1.00214  -1.00214  -1.00201  -1.00201  -1.00192  -1.00173  -1.00169  -1.00157
       -0.99966  -0.99966  -0.99948  -0.99948  -0.99942  -0.99735  -0.99735  -0.97626  -0.95125
       -0.95125  -0.95040  -0.95040  -0.94871  -0.94662  -0.94491  -0.94491  -0.94437  -0.94297
       -0.94297  -0.93896  -0.92111  -0.91935  -0.91935  -0.91873  -0.91873  -0.91682  -0.91567
       -0.91552  -0.91552  -0.91547  -0.91528  -0.91523  -0.91523  -0.91519  -0.91519  -0.91499
       -0.91499  -0.91491  -0.91489  -0.91381  -0.91381  -0.91327  -0.91012  -0.91012  -0.86562
       -0.86562  -0.86442  -0.86442  -0.86366  -0.86055  -0.82879  -0.82879  -0.82703  -0.82679
       -0.82679  -0.82640  -0.82608  -0.82587  -0.82587  -0.82395  -0.82355  -0.82355  -0.82116
       -0.82116  -0.82052  -0.82005  -0.82005  -0.81968  -0.81968  -0.81948  -0.81916  -0.81730
       -0.81730  -0.81653  -0.81159  -0.81064  -0.81064  -0.80963  -0.80963  -0.80954  -0.80855
       -0.80855  -0.80845  -0.80780  -0.80631  -0.80631  -0.79138  -0.79138  -0.79086  -0.78856
       -0.78834  -0.78834  -0.78526  -0.78516  -0.77005  -0.77005  -0.76969  -0.76969  -0.76954
       -0.76804  -0.75870  -0.75870  -0.75820  -0.75820  -0.75809  -0.75747  -0.75478  -0.75238
       -0.75217  -0.75217  -0.75159  -0.75159  -0.75126  -0.75126  -0.74948  -0.74928  -0.74928
       -0.74923  -0.74857  -0.74856  -0.74856  -0.74826  -0.74792  -0.74783  -0.74783  -0.74777
       -0.74777  -0.74758  -0.74585  -0.74585  -0.74367  -0.74367  -0.74357  -0.74357  -0.74338
       -0.74311  -0.74311  -0.74301  -0.74296  -0.74289  -0.74289  -0.74213  -0.74170  -0.74170
       -0.74169  -0.74169  -0.74143  -0.74129  -0.74129  -0.74100  -0.73972  -0.73777  -0.73777
       -0.73664  -0.73563  -0.73426  -0.73426  -0.73336  -0.73309  -0.73309  -0.73290  -0.73290
       -0.73185  -0.72956  -0.72956  -0.72573  -0.72573  -0.72499  -0.72455  -0.72455  -0.72399
       -0.72399  -0.72319  -0.72290  -0.72284  -0.72270  -0.72270  -0.72203  -0.72203  -0.72187
       -0.72179  -0.72170  -0.72149  -0.72149  -0.72147  -0.72147  -0.72109  -0.72100  -0.71762
       -0.71762  -0.71336  -0.71173  -0.71140  -0.71140  -0.71128  -0.71128  -0.71027  -0.71027
       -0.71021  -0.70984  -0.70694  -0.70694  -0.69159  -0.69159  -0.69066  -0.69066  -0.69038
       -0.69008  -0.68993  -0.68993  -0.68960  -0.68960  -0.68909  -0.68909  -0.68898  -0.68884
       -0.68884  -0.68865  -0.68848  -0.68824  -0.68735  -0.68735  -0.68618  -0.68541  -0.68337
       -0.68337  -0.66795  -0.66795  -0.66662  -0.66662  -0.66604  -0.66603  -0.66572  -0.66535
       -0.66535  -0.66525  -0.66525  -0.66499  -0.66499  -0.66483  -0.66479  -0.66474  -0.66474
       -0.66366  -0.66366  -0.66325  -0.66291  -0.66193  -0.66193  -0.66148  -0.66148  -0.66008
       -0.66008  -0.65985  -0.65864  -0.65834  -0.65830  -0.65830  -0.65789  -0.65789  -0.65784
       -0.65695  -0.65695  -0.65607  -0.65551  -0.65551  -0.64598  -0.64575  -0.64575  -0.64506
       -0.64490  -0.64490  -0.64448  -0.64448  -0.64352  -0.64345  -0.64260  -0.64260  -0.64249
       -0.64249  -0.64236  -0.64236  -0.64184  -0.64184  -0.64142  -0.64095  -0.64095  -0.64089
       -0.64089  -0.64083  -0.64054  -0.63988  -0.63939  -0.63939  -0.63921  -0.63744  -0.63744
       -0.63626  -0.63626  -0.63548  -0.63464  -0.63464  -0.63458  -0.63428  -0.63357  -0.63357
       -0.63284  -0.63284  -0.63284  -0.62908  -0.62883  -0.62883  -0.62826  -0.62826  -0.62815
       -0.62815  -0.62730  -0.62718  -0.62718  -0.62714  -0.62692  -0.62692  -0.62659  -0.62659
       -0.62653  -0.62628  -0.62615  -0.62429  -0.62429  -0.62350  -0.62035  -0.62014  -0.62014
       -0.61173  -0.61173  -0.61072  -0.61072  -0.61045  -0.61002  -0.60992  -0.60992  -0.60972
       -0.60972  -0.60967  -0.60964  -0.60953  -0.60953  -0.60952  -0.60940  -0.60938  -0.60938
       -0.60792  -0.60792  -0.60717  -0.60248  -0.60188  -0.60188  -0.59153  -0.59153  -0.59040
       -0.59029  -0.59004  -0.59004  -0.57896  -0.57896  -0.57840  -0.57840  -0.57799  -0.57765
       -0.57744  -0.57714  -0.57714  -0.57699  -0.57557  -0.57557  -0.57307  -0.57307  -0.57285
       -0.57285  -0.57255  -0.57248  -0.57248  -0.57228  -0.57228  -0.57199  -0.57144  -0.57121
       -0.57120  -0.57120  -0.56666  -0.56666  -0.56046  -0.56046  -0.55861  -0.55861  -0.55861
       -0.55831  -0.55831  -0.55831  -0.55828  -0.55828  -0.55816  -0.55809  -0.55809  -0.55806
       -0.55773  -0.55773  -0.55769  -0.55753  -0.55590  -0.55563  -0.55563  -0.55508  -0.55299
       -0.55299  -0.55070  -0.55070  -0.54999  -0.54894  -0.54894  -0.54889  -0.54889  -0.54773
       -0.54772  -0.54772  -0.54753  -0.54698  -0.54670  -0.54670  -0.54441  -0.54441  -0.53319
       -0.53319  -0.53274  -0.53274  -0.53216  -0.53206  -0.53206  -0.53200  -0.53189  -0.53189
       -0.53182  -0.53178  -0.53178  -0.53176  -0.53175  -0.53174  -0.53174  -0.53158  -0.53149
       -0.53117  -0.53061  -0.53061  -0.52808  -0.52808  -0.52117  -0.52117  -0.51991  -0.51888
       -0.51888  -0.51761  -0.51710  -0.51710  -0.51696  -0.51696  -0.51668  -0.51658  -0.51654
       -0.51615  -0.51615  -0.51342  -0.51342  -0.51278  -0.51020  -0.51020  -0.50981  -0.50950
       -0.50950  -0.50949  -0.50949  -0.50944  -0.50933  -0.50913  -0.50909  -0.50909  -0.50909
       -0.50881  -0.50881  -0.50854  -0.50854  -0.50850  -0.50850  -0.50848  -0.50848  -0.50818
       -0.50802  -0.50802  -0.50799  -0.50799  -0.50783  -0.50761  -0.50761  -0.50760  -0.50757
       -0.50757  -0.50737  -0.50737  -0.50736  -0.50725  -0.50725  -0.50723  -0.50723  -0.50712
       -0.50712  -0.50706  -0.50706  -0.50704  -0.50690  -0.50690  -0.50688  -0.50684  -0.50674
       -0.50665  -0.50661  -0.50661  -0.50649  -0.50646  -0.50646  -0.50637  -0.50637  -0.50630
       -0.50610  -0.50610  -0.50594  -0.50591  -0.50591  -0.50545  -0.50540  -0.50529  -0.50153
       -0.50153  -0.50036  -0.50036  -0.49355  -0.49355  -0.49295  -0.49279  -0.49279  -0.49267
       -0.49220  -0.49211  -0.49211  -0.49195  -0.49155  -0.49155  -0.49109  -0.49079  -0.49078
       -0.49076  -0.49076  -0.49071  -0.49071  -0.49070  -0.49039  -0.49039  -0.49034  -0.49034
       -0.49032  -0.49023  -0.49000  -0.48963  -0.48935  -0.48935  -0.48926  -0.48926  -0.48923
       -0.48923  -0.48921  -0.48866  -0.48840  -0.48830  -0.48830  -0.48811  -0.48811  -0.48809
       -0.48809  -0.48799  -0.48799  -0.48792  -0.48786  -0.48764  -0.48743  -0.48743  -0.48713
       -0.48676  -0.48532  -0.48532  -0.48497  -0.48497  -0.48248  -0.48235  -0.48225  -0.48225
       -0.48140  -0.48140  -0.48138  -0.48135  -0.48135  -0.48126  -0.48126  -0.48118  -0.48108
       -0.48108  -0.48104  -0.48104  -0.48080  -0.48080  -0.48079  -0.48076  -0.48075  -0.48065
       -0.48055  -0.48052  -0.48052  -0.48052  -0.48047  -0.48047  -0.48027  -0.48027  -0.48021
       -0.48014  -0.48014  -0.47974  -0.47974  -0.47962  -0.47961  -0.47924  -0.47922  -0.47922
       -0.47894  -0.47883  -0.47873  -0.47446  -0.47210  -0.47210  -0.47137  -0.47136  -0.46953
       -0.46953  -0.46944  -0.46936  -0.46936  -0.46929  -0.46913  -0.46590  -0.46251  -0.46251
       -0.45351  -0.45351  -0.44806  -0.44558  -0.44558  -0.44558  -0.44533  -0.44526  -0.43203
       -0.43203  -0.42475  -0.42409  -0.42329  -0.42328  -0.42324  -0.42324  -0.42284  -0.42184
       -0.40206  -0.40206  -0.40149  -0.40149  -0.40141  -0.40140  -0.39712  -0.39712  -0.39326
       -0.38722  -0.38722  -0.38535  -0.38335  -0.38334  -0.38291  -0.38155  -0.38154  -0.38147
       -0.38146  -0.38039  -0.38038  -0.37973  -0.37954  -0.37953  -0.37949  -0.37949  -0.37943
       -0.37934  -0.37912  -0.37912  -0.37894  -0.37893  -0.37893  -0.37859  -0.37859  -0.37857
       -0.37851  -0.37850  -0.37839  -0.37838  -0.37837  -0.37833  -0.37833  -0.37828  -0.37828
       -0.37828  -0.37827  -0.37820  -0.37810  -0.37785  -0.37784  -0.37772  -0.37771  -0.37770
       -0.37645  -0.37644  -0.37610  -0.37592  -0.37590  -0.37566  -0.37565  -0.37534  -0.37512
       -0.37510  -0.37509  -0.37499  -0.37491  -0.37489  -0.37489  -0.37476  -0.37475  -0.37466
       -0.37460  -0.37455  -0.37454  -0.37417  -0.37416  -0.37372  -0.37223  -0.37037  -0.37036
       -0.36970  -0.36969  -0.36950  -0.36940  -0.36938  -0.36938  -0.36937  -0.36933  -0.36932
       -0.36918  -0.36892  -0.36891  -0.36878  -0.36878  -0.36855  -0.36849  -0.36846  -0.36845
       -0.36844  -0.36842  -0.36831  -0.36830  -0.36829  -0.36828  -0.36827  -0.36827  -0.36822
       -0.36818  -0.36817  -0.36816  -0.36815  -0.36811  -0.36807  -0.36805  -0.36805  -0.36802
       -0.36800  -0.36798  -0.36796  -0.36777  -0.36777  -0.36765  -0.36746  -0.36744  -0.36733
       -0.36703  -0.36701  -0.36693  -0.36693  -0.36691  -0.36679  -0.36613  -0.36602  -0.36601
       -0.36573  -0.36571  -0.36558  -0.36556  -0.36533  -0.36532  -0.36531  -0.36520  -0.36504
       -0.36502  -0.36492  -0.36491  -0.36479  -0.36477  -0.36440  -0.36431  -0.36430  -0.36420
       -0.36419  -0.36398  -0.36388  -0.36387  -0.36383  -0.36381  -0.36361  -0.36347  -0.36308
       -0.36307  -0.36238  -0.36237  -0.36236  -0.36195  -0.36123  -0.36122  -0.36119  -0.36118
       -0.36097  -0.36022  -0.35983  -0.35921  -0.35906  -0.35903  -0.35900  -0.35899  -0.35883
       -0.35851  -0.35849  -0.35848  -0.35801  -0.35799  -0.35718  -0.35715  -0.35708  -0.35658
       -0.35599  -0.35595  -0.35521
        
     --------------------------------------------------------------------------------------------
     Tot. elapsed time 12h-11m-20.0s,  time spent in last iteration 01h-01m-52.8s
     --------------------------------------------------------------------------------------------
      
     --------------------------------------------------------------------------------------------
     SAVE written in 09.4s               
     In location : ./b.wstat.save
     --------------------------------------------------------------------------------------------
       
     --------------------------------------------------------------------------------------------
     Convergence achieved !!! in        4 steps                          
     --------------------------------------------------------------------------------------------
     WSTAT        :    12h 5m CPU       12h12m WALL

     wstat_readin :      2.33s CPU      3.34s WALL (       1 calls)
     fetch_input  :      0.01s CPU      0.02s WALL (       2 calls)
     read_xml     :      0.64s CPU      0.66s WALL (       1 calls)
     init_vloc    :      0.22s CPU      0.22s WALL (       2 calls)
     fft          :      0.03s CPU      0.03s WALL (      11 calls)
     fft_scatter  :   4085.27s CPU   4120.92s WALL (23839467 calls)
     v_of_rho     :      0.03s CPU      0.03s WALL (       1 calls)
     v_xc         :      0.03s CPU      0.03s WALL (       1 calls)
     v_h          :      0.00s CPU      0.00s WALL (       1 calls)
     read_wave    :      1.64s CPU      2.59s WALL (       1 calls)
     davcio       :      0.05s CPU      3.31s WALL (       8 calls)
     init_us_1    :      0.06s CPU      0.06s WALL (       2 calls)
     do_setup     :      0.26s CPU      0.36s WALL (       1 calls)
     init_pw_ar   :      0.25s CPU      0.33s WALL (       1 calls)
     init_at_1    :      0.00s CPU      0.00s WALL (       1 calls)
     chidiago     :  43525.77s CPU  43919.94s WALL (       1 calls)
     sqvc_init    :      0.00s CPU      0.00s WALL (       1 calls)
     randomize    :      1.13s CPU      1.14s WALL (       1 calls)
     paramgs      :     27.95s CPU     28.15s WALL (       6 calls)
     dfpt         :  43351.12s CPU  43633.57s WALL (       6 calls)
     init_us_2    :      0.13s CPU      0.20s WALL (       6 calls)
     fftw         :  12335.85s CPU  12447.89s WALL (23839456 calls)
     alphapc      :    174.07s CPU    174.95s WALL (     759 calls)
     wstat_restar :     11.52s CPU     85.50s WALL (       5 calls)
     linstern     :  40710.63s CPU  40943.50s WALL (     609 calls)
     stern        :  39309.74s CPU  39527.48s WALL (   38219 calls)
     h_psi_bgrp   :  33601.63s CPU  33796.52s WALL (   38219 calls)
     h_psi        :  33601.33s CPU  33796.41s WALL (   38219 calls)
     h_psi:pot    :  33382.74s CPU  33575.95s WALL (   38219 calls)
     vloc_psi     :  12866.95s CPU  12980.75s WALL (   38219 calls)
     h_psi:calbec :  10418.37s CPU  10462.65s WALL (   38219 calls)
     calbec       :  10418.17s CPU  10462.54s WALL (   38219 calls)
     add_vuspsi   :  10096.89s CPU  10132.23s WALL (   38219 calls)
     alphapv      :   5503.31s CPU   5525.02s WALL (   38219 calls)
     build_hr     :     10.12s CPU     10.29s WALL (       5 calls)
     diagox       :     62.16s CPU     63.02s WALL (       5 calls)
     redistr_vr   :      3.31s CPU      3.45s WALL (       4 calls)
     update_vr    :     27.73s CPU     28.28s WALL (       4 calls)
     symm_hr      :      3.45s CPU      3.66s WALL (       4 calls)
     chidiago:las :     20.93s CPU     21.16s WALL (       2 calls)
     refresh_vr   :     24.61s CPU     24.89s WALL (       3 calls)
     pdep_db      :      0.62s CPU      9.44s WALL (       1 calls)
 
     WSTAT        :    12h 5m CPU       12h12m WALL

 
   This run was terminated on:  21:52:44  10Nov2020            

=------------------------------------------------------------------------------=
   JOB DONE.
=------------------------------------------------------------------------------=
