
     Program WFREQ v. 3.1.1 starts on 24Jan2021 at 12:21:48 

     This program is part of the open-source West suite
     for massively parallel calculations of excited states in materials; please cite
         "M. Govoni et al., J. Chem. Theory Comput. 11, 2680 (2015);
          URL http://www.west-code.org", 
     in publications or presentations arising from this work.

     Based on the Quantum ESPRESSO v. 6.1 svn rev. 13369

     I/O is Little Endian
       
     --------------------------------------------------------------------------------------------
     **MPI** Parallelization Status                                      
     --------------------------------------------------------------------------------------------
                    80                   4             1             1            20
     --------------------------------------------------------------------------------------------
                     N         =         I      X      P      X      B      X      Z
                     ^                   ^             ^             ^             ^
                     |                   |             |             |             |
                   #rnk                  |             |             |             |
                                      #image           |             |             |
                                                     #pool           |             |
                                                                   #bgrp           |
                                                                                 #R&G
     --------------------------------------------------------------------------------------------
     **OPENMP** Parallelization Status
     #thr/rnk               =            1
     --------------------------------------------------------------------------------------------
     #prc = (rnk) * (thr) =           80
     --------------------------------------------------------------------------------------------
       
     --------------------------------------------------------------------------------------------
     I/O Summary : input_west                                            
     --------------------------------------------------------------------------------------------
     qe_prefix      = b
     west_prefix    = b
     outdir         = ./
     --------------------------------------------------------------------------------------------

     Reading data from directory:
     ./b.save

   Info: using nr1, nr2, nr3 values from input

   Info: using nr1, nr2, nr3 values from input

     IMPORTANT: XC functional enforced from input :
     Exchange-correlation      = PBE ( 1  4  3  4 0 0)
     Any further DFT definition will be discarded
     Please, verify this is what you really want

     Message from routine readpp:
     file ./b.save/C_ONCV_PBE-1.0.upf not found
     Message from routine readpp:
     file ./b.save/B_ONCV_PBE-1.0.upf not found
 
     Parallelization info
     --------------------
     sticks:   dense  smooth     PW     G-vecs:    dense   smooth      PW
     Min         139     139     34                 4886     4886     606
     Max         140     140     35                 4889     4889     607
     Sum        2795    2795    695                97751    97751   12135
 
       
     --------------------------------------------------------------------------------------------
     I/O Summary : wstat_control                                         
     --------------------------------------------------------------------------------------------
     wstat_calculation              =              S
     n_pdep_eigen                   =            800
     n_pdep_times                   =              4
     n_pdep_maxiter                 =            100
     n_dfpt_maxiter                 =            250
     n_pdep_read_from_file          =              0
     trev_pdep                      =   1.000000E-03
     trev_pdep_rel                  =   1.000000E-01
     tr2_dfpt                       =   1.000000E-12
     l_kinetic_only                 =              F
     l_minimize_exx_if_active       =              F
     l_use_ecutrho                  =              F
     l_use_symm                     =              T
     nq(1)                          =              1
     nq(2)                          =              1
     nq(3)                          =              1
     --------------------------------------------------------------------------------------------
       
     --------------------------------------------------------------------------------------------
     I/O Summary : wfreq_control                                         
     --------------------------------------------------------------------------------------------
     wfreq_calculation                        =           XWGQ
     n_pdep_eigen_to_use                      =            800
     qp_bandrange(1)                          =            100
     qp_bandrange(2)                          =            120
     macropol_calculation                     =              C
     n_lanczos                                =             30
     n_imfreq                                 =            100
     n_refreq                                 =            100
     ecut_imfreq [Ry]                         =     200.000000
     ecut_refreq [Ry]                         =       2.000000
     wfreq_eta [Ry]                           =       0.003675
     n_secant_maxiter                         =            200
     trev_secant [Ry]                         =       0.003676
     l_enable_lanczos                         =              T
     l_enable_gwetot                          =              F
     o_restart_time [min]                     =      -1.000000
     ecut_spectralf(1) [Ry]                   =      -2.000000
     ecut_spectralf(2) [Ry]                   =       2.000000
     n_spectralf                              =             10
     l_read_common_pdep                       =              F
     l_enable_gb_curvature                    =              T
     --------------------------------------------------------------------------------------------
       
     --------------------------------------------------------------------------------------------
     System Overview                                                     
     --------------------------------------------------------------------------------------------
     gamma_only           =              F
     ecutwfc [Ry]         =      50.000000
     ecutrho [Ry]         =     200.000000
     omega [au^3]         =   2.046569E+03
     nbnd                 =            150
     nkstot               =              1
     nspin                =              1
     nelec                =     214.000000
     npol                 =              1
     lsda                 =              F
     noncolin             =              F
     lspinorb             =              F
     domag                =              F
     --------------------------------------------------------------------------------------------

     3DFFT grid
        s : (  72,  72,  72)
        p : (  72,  72,  72)

     Direct Lattice Cell [a.u.]
        a1 = (   -10.0615237    -0.0310421    10.0615237)
        a2 = (     0.0310421    10.0615237    10.0615237)
        a3 = (   -10.0615237    10.0615237    -0.0310421)

     Reciprocal Lattice Cell [a.u.]
        b1 = (    -0.3117588    -0.3107970     0.3117588)
        b2 = (     0.3107970     0.3117588     0.3117588)
        b3 = (    -0.3117588     0.3117588    -0.3107970)
      

     Brillouin Zone sampling [cryst. coord.]
 
        k(000001) = (     0.0000000     0.0000000     0.0000000)
 
        q(000001) = (     0.0000000     0.0000000     0.0000000)
       
     --------------------------------------------------------------------------------------------
     Parallelization for npdep                                           
     --------------------------------------------------------------------------------------------
     nglob                =            800
     nlevel               =              4
     Min nglob/nlevel     =            200
     Max nglob/nlevel     =            200
     --------------------------------------------------------------------------------------------
       
     --------------------------------------------------------------------------------------------
     Parallelization for npdep+macro                                     
     --------------------------------------------------------------------------------------------
     nglob                =            803
     nlevel               =              4
     Min nglob/nlevel     =            200
     Max nglob/nlevel     =            201
     --------------------------------------------------------------------------------------------
       
     --------------------------------------------------------------------------------------------
     Parallelization for n_imfreq                                        
     --------------------------------------------------------------------------------------------
     nglob                =            100
     nlevel               =             20
     Min nglob/nlevel     =              5
     Max nglob/nlevel     =              5
     --------------------------------------------------------------------------------------------
       
     --------------------------------------------------------------------------------------------
     Parallelization for n_refreq                                        
     --------------------------------------------------------------------------------------------
     nglob                =            100
     nlevel               =             20
     Min nglob/nlevel     =              5
     Max nglob/nlevel     =              5
     --------------------------------------------------------------------------------------------
       
     --------------------------------------------------------------------------------------------
     Parallelization for nbnd                                            
     --------------------------------------------------------------------------------------------
     nglob                =            150
     nlevel               =              4
     Min nglob/nlevel     =             37
     Max nglob/nlevel     =             38
     --------------------------------------------------------------------------------------------
     ===========================================================================
          nsym   =    6
          nrot   =   12
          nk_ibz =    1
          Q-point IBZ [ cart  coord ]
          xk(00000001) = (  0.000000  0.000000  0.000000) wk =   1.000000
          Q-point IBZ [ cryst coord ]
          xk(00000001) = (  0.000000  0.000000  0.000000) wk =   1.000000
     ===========================================================================
     ===========================================================================
          nsym   =    6
          nrot   =   12
          nq_ibz =    1
          Q-point IBZ [ cart  coord ]
          xq(00000001) = (  0.000000  0.000000  0.000000) wq =   1.000000
          Q-point IBZ [ cryst coord ]
          xq(00000001) = (  0.000000  0.000000  0.000000) wq =   1.000000
     ===========================================================================
       
     --------------------------------------------------------------------------------------------
     Hartree-Fock Exact E(X)change                                       
     --------------------------------------------------------------------------------------------
      
     --------------------------------------------------------------------------------------------
     Vxc
     --------------------------------------------------------------------------------------------
     in progress... |####################| 100% :             < 00.1s (E)             < 00.1s (X)
     --------------------------------------------------------------------------------------------
      
     --------------------------------------------------------------------------------------------
     (X)-Sigma
     --------------------------------------------------------------------------------------------
     in progress... |#                   | 005% :             < 00.1s (E)               00.8s (X)
     in progress... |##                  | 010% :             < 00.1s (E)               00.6s (X)
     in progress... |###                 | 015% :             < 00.1s (E)               00.5s (X)
     in progress... |####                | 020% :               00.1s (E)               00.5s (X)
     in progress... |#####               | 025% :               00.1s (E)               00.4s (X)
     in progress... |######              | 030% :               00.1s (E)               00.4s (X)
     in progress... |#######             | 035% :               00.1s (E)               00.4s (X)
     in progress... |########            | 040% :               00.1s (E)               00.4s (X)
     in progress... |#########           | 045% :               00.2s (E)               00.4s (X)
     in progress... |##########          | 050% :               00.2s (E)               00.4s (X)
     in progress... |###########         | 055% :               00.2s (E)               00.4s (X)
     in progress... |############        | 060% :               00.2s (E)               00.4s (X)
     in progress... |#############       | 065% :               00.2s (E)               00.4s (X)
     in progress... |##############      | 070% :               00.3s (E)               00.4s (X)
     in progress... |###############     | 075% :               00.3s (E)               00.4s (X)
     in progress... |################    | 080% :               00.3s (E)               00.4s (X)
     in progress... |#################   | 085% :               00.3s (E)               00.4s (X)
     in progress... |##################  | 090% :               00.3s (E)               00.4s (X)
     in progress... |################### | 095% :               00.4s (E)               00.4s (X)
     in progress... |####################| 100% :               00.4s (E)               00.4s (X)
     --------------------------------------------------------------------------------------------
       
     --------------------------------------------------------------------------------------------
     (W)-Lanczos                                                         
     --------------------------------------------------------------------------------------------
     in progress... |#                   | 005% :           01m-24.7s (E)           28m-14.0s (X)
     in progress... |##                  | 010% :           02m-32.9s (E)           25m-29.1s (X)
     in progress... |###                 | 015% :           03m-54.7s (E)           26m-04.9s (X)
     in progress... |####                | 020% :           05m-03.0s (E)           25m-15.3s (X)
     in progress... |#####               | 025% :           06m-11.3s (E)           24m-45.2s (X)
     in progress... |######              | 030% :           07m-33.3s (E)           25m-11.0s (X)
     in progress... |#######             | 035% :           08m-51.2s (E)           25m-17.9s (X)
     in progress... |########            | 040% :           09m-59.5s (E)           24m-58.9s (X)
     in progress... |#########           | 045% :           11m-21.5s (E)           25m-14.4s (X)
     in progress... |##########          | 050% :           12m-29.8s (E)           24m-59.6s (X)
     in progress... |###########         | 055% :           13m-38.1s (E)           24m-47.5s (X)
     in progress... |############        | 060% :           15m-00.2s (E)           25m-00.3s (X)
     in progress... |#############       | 065% :           16m-08.5s (E)           24m-50.1s (X)
     in progress... |##############      | 070% :           17m-17.0s (E)           24m-41.5s (X)
     in progress... |###############     | 075% :           18m-39.2s (E)           24m-52.2s (X)
     in progress... |################    | 080% :           19m-47.6s (E)           24m-44.5s (X)
     in progress... |#################   | 085% :           20m-56.1s (E)           24m-37.7s (X)
     in progress... |##################  | 090% :           22m-18.2s (E)           24m-46.9s (X)
     in progress... |################### | 095% :           23m-27.0s (E)           24m-41.0s (X)
     in progress... |####################| 100% :           24m-35.7s (E)           24m-35.7s (X)
     --------------------------------------------------------------------------------------------
       
     --------------------------------------------------------------------------------------------
     (G)-Lanczos                                                         
     --------------------------------------------------------------------------------------------
     in progress... |#                   | 005% :               27.0s (E)           09m-00.0s (X)
     in progress... |##                  | 010% :               40.0s (E)           06m-40.7s (X)
     in progress... |###                 | 015% :               53.3s (E)           05m-55.4s (X)
     in progress... |####                | 020% :           01m-06.4s (E)           05m-32.1s (X)
     in progress... |#####               | 025% :           01m-19.4s (E)           05m-17.9s (X)
     in progress... |######              | 030% :           01m-32.5s (E)           05m-08.5s (X)
     in progress... |#######             | 035% :           01m-45.6s (E)           05m-01.8s (X)
     in progress... |########            | 040% :           01m-58.7s (E)           04m-56.9s (X)
     in progress... |#########           | 045% :           02m-11.8s (E)           04m-52.9s (X)
     in progress... |##########          | 050% :           02m-24.8s (E)           04m-49.7s (X)
     in progress... |###########         | 055% :           02m-38.0s (E)           04m-47.3s (X)
     in progress... |############        | 060% :           02m-51.1s (E)           04m-45.2s (X)
     in progress... |#############       | 065% :           03m-04.2s (E)           04m-43.4s (X)
     in progress... |##############      | 070% :           03m-17.3s (E)           04m-41.8s (X)
     in progress... |###############     | 075% :           03m-30.4s (E)           04m-40.6s (X)
     in progress... |################    | 080% :           03m-43.6s (E)           04m-39.5s (X)
     in progress... |#################   | 085% :           03m-56.8s (E)           04m-38.6s (X)
     in progress... |##################  | 090% :           04m-09.8s (E)           04m-37.6s (X)
     in progress... |################### | 095% :           04m-23.0s (E)           04m-36.8s (X)
     in progress... |####################| 100% :           04m-36.0s (E)           04m-36.0s (X)
     --------------------------------------------------------------------------------------------
       
     --------------------------------------------------------------------------------------------
     Collecting results from W and G                                     
     --------------------------------------------------------------------------------------------
     in progress... |#                   | 005% :               10.1s (E)           03m-22.1s (X)
     in progress... |##                  | 010% :               15.1s (E)           02m-31.5s (X)
     in progress... |###                 | 015% :               20.1s (E)           02m-14.6s (X)
     in progress... |####                | 020% :               25.2s (E)           02m-06.4s (X)
     in progress... |#####               | 025% :               30.3s (E)           02m-01.4s (X)
     in progress... |######              | 030% :               35.4s (E)           01m-58.1s (X)
     in progress... |#######             | 035% :               40.5s (E)           01m-55.9s (X)
     in progress... |########            | 040% :               45.7s (E)           01m-54.2s (X)
     in progress... |#########           | 045% :               50.7s (E)           01m-52.7s (X)
     in progress... |##########          | 050% :               55.8s (E)           01m-51.6s (X)
     in progress... |###########         | 055% :           01m-01.1s (E)           01m-51.2s (X)
     in progress... |############        | 060% :           01m-06.2s (E)           01m-50.4s (X)
     in progress... |#############       | 065% :           01m-11.3s (E)           01m-49.7s (X)
     in progress... |##############      | 070% :           01m-16.4s (E)           01m-49.2s (X)
     in progress... |###############     | 075% :           01m-20.9s (E)           01m-47.9s (X)
     in progress... |################    | 080% :           01m-25.3s (E)           01m-46.6s (X)
     in progress... |#################   | 085% :           01m-29.7s (E)           01m-45.6s (X)
     in progress... |##################  | 090% :           01m-34.2s (E)           01m-44.6s (X)
     in progress... |################### | 095% :           01m-38.6s (E)           01m-43.8s (X)
     in progress... |####################| 100% :           01m-42.9s (E)           01m-42.9s (X)
     --------------------------------------------------------------------------------------------
       
     --------------------------------------------------------------------------------------------
     (Q)uasiparticle energies                                            
     --------------------------------------------------------------------------------------------
       
     --------------------------------------------------------------------------------------------
     Sigma_C                                                             
     --------------------------------------------------------------------------------------------
     Integrating along the IM axis...
     --------------------------------------------------------------------------------------------
     in progress... |#                   | 005% :             < 00.1s (E)             < 00.1s (X)
     in progress... |##                  | 010% :             < 00.1s (E)             < 00.1s (X)
     in progress... |###                 | 015% :             < 00.1s (E)             < 00.1s (X)
     in progress... |####                | 020% :             < 00.1s (E)             < 00.1s (X)
     in progress... |#####               | 025% :             < 00.1s (E)             < 00.1s (X)
     in progress... |######              | 030% :             < 00.1s (E)             < 00.1s (X)
     in progress... |#######             | 035% :             < 00.1s (E)             < 00.1s (X)
     in progress... |########            | 040% :             < 00.1s (E)             < 00.1s (X)
     in progress... |#########           | 045% :             < 00.1s (E)             < 00.1s (X)
     in progress... |##########          | 050% :             < 00.1s (E)             < 00.1s (X)
     in progress... |###########         | 055% :             < 00.1s (E)             < 00.1s (X)
     in progress... |############        | 060% :             < 00.1s (E)             < 00.1s (X)
     in progress... |#############       | 065% :             < 00.1s (E)             < 00.1s (X)
     in progress... |##############      | 070% :             < 00.1s (E)             < 00.1s (X)
     in progress... |###############     | 075% :             < 00.1s (E)             < 00.1s (X)
     in progress... |################    | 080% :             < 00.1s (E)             < 00.1s (X)
     in progress... |#################   | 085% :             < 00.1s (E)             < 00.1s (X)
     in progress... |##################  | 090% :             < 00.1s (E)             < 00.1s (X)
     in progress... |################### | 095% :             < 00.1s (E)             < 00.1s (X)
     in progress... |####################| 100% :             < 00.1s (E)             < 00.1s (X)
     --------------------------------------------------------------------------------------------
     Residues along the RE axis...
     --------------------------------------------------------------------------------------------
     in progress... |#                   | 005% :             < 00.1s (E)             < 00.1s (X)
     in progress... |##                  | 010% :             < 00.1s (E)             < 00.1s (X)
     in progress... |###                 | 015% :             < 00.1s (E)             < 00.1s (X)
     in progress... |####                | 020% :             < 00.1s (E)             < 00.1s (X)
     in progress... |#####               | 025% :             < 00.1s (E)             < 00.1s (X)
     in progress... |######              | 030% :             < 00.1s (E)             < 00.1s (X)
     in progress... |#######             | 035% :             < 00.1s (E)             < 00.1s (X)
     in progress... |########            | 040% :             < 00.1s (E)             < 00.1s (X)
     in progress... |#########           | 045% :             < 00.1s (E)             < 00.1s (X)
     in progress... |##########          | 050% :             < 00.1s (E)             < 00.1s (X)
     in progress... |###########         | 055% :             < 00.1s (E)             < 00.1s (X)
     in progress... |############        | 060% :             < 00.1s (E)             < 00.1s (X)
     in progress... |#############       | 065% :             < 00.1s (E)             < 00.1s (X)
     in progress... |##############      | 070% :             < 00.1s (E)             < 00.1s (X)
     in progress... |###############     | 075% :             < 00.1s (E)             < 00.1s (X)
     in progress... |################    | 080% :             < 00.1s (E)             < 00.1s (X)
     in progress... |#################   | 085% :             < 00.1s (E)             < 00.1s (X)
     in progress... |##################  | 090% :             < 00.1s (E)             < 00.1s (X)
     in progress... |################### | 095% :             < 00.1s (E)             < 00.1s (X)
     in progress... |####################| 100% :             < 00.1s (E)             < 00.1s (X)
     --------------------------------------------------------------------------------------------
       
     --------------------------------------------------------------------------------------------
     Sigma_C                                                             
     --------------------------------------------------------------------------------------------
     Integrating along the IM axis...
     --------------------------------------------------------------------------------------------
     in progress... |#                   | 005% :             < 00.1s (E)             < 00.1s (X)
     in progress... |##                  | 010% :             < 00.1s (E)             < 00.1s (X)
     in progress... |###                 | 015% :             < 00.1s (E)             < 00.1s (X)
     in progress... |####                | 020% :             < 00.1s (E)             < 00.1s (X)
     in progress... |#####               | 025% :             < 00.1s (E)             < 00.1s (X)
     in progress... |######              | 030% :             < 00.1s (E)             < 00.1s (X)
     in progress... |#######             | 035% :             < 00.1s (E)             < 00.1s (X)
     in progress... |########            | 040% :             < 00.1s (E)             < 00.1s (X)
     in progress... |#########           | 045% :             < 00.1s (E)             < 00.1s (X)
     in progress... |##########          | 050% :             < 00.1s (E)             < 00.1s (X)
     in progress... |###########         | 055% :             < 00.1s (E)             < 00.1s (X)
     in progress... |############        | 060% :             < 00.1s (E)             < 00.1s (X)
     in progress... |#############       | 065% :             < 00.1s (E)             < 00.1s (X)
     in progress... |##############      | 070% :             < 00.1s (E)             < 00.1s (X)
     in progress... |###############     | 075% :             < 00.1s (E)             < 00.1s (X)
     in progress... |################    | 080% :             < 00.1s (E)             < 00.1s (X)
     in progress... |#################   | 085% :             < 00.1s (E)             < 00.1s (X)
     in progress... |##################  | 090% :             < 00.1s (E)             < 00.1s (X)
     in progress... |################### | 095% :             < 00.1s (E)             < 00.1s (X)
     in progress... |####################| 100% :             < 00.1s (E)             < 00.1s (X)
     --------------------------------------------------------------------------------------------
     Residues along the RE axis...
     --------------------------------------------------------------------------------------------
     in progress... |#                   | 005% :             < 00.1s (E)             < 00.1s (X)
     in progress... |##                  | 010% :             < 00.1s (E)             < 00.1s (X)
     in progress... |###                 | 015% :             < 00.1s (E)             < 00.1s (X)
     in progress... |####                | 020% :             < 00.1s (E)             < 00.1s (X)
     in progress... |#####               | 025% :             < 00.1s (E)             < 00.1s (X)
     in progress... |######              | 030% :             < 00.1s (E)             < 00.1s (X)
     in progress... |#######             | 035% :             < 00.1s (E)             < 00.1s (X)
     in progress... |########            | 040% :             < 00.1s (E)             < 00.1s (X)
     in progress... |#########           | 045% :             < 00.1s (E)             < 00.1s (X)
     in progress... |##########          | 050% :             < 00.1s (E)             < 00.1s (X)
     in progress... |###########         | 055% :             < 00.1s (E)             < 00.1s (X)
     in progress... |############        | 060% :             < 00.1s (E)             < 00.1s (X)
     in progress... |#############       | 065% :             < 00.1s (E)             < 00.1s (X)
     in progress... |##############      | 070% :             < 00.1s (E)             < 00.1s (X)
     in progress... |###############     | 075% :             < 00.1s (E)             < 00.1s (X)
     in progress... |################    | 080% :             < 00.1s (E)             < 00.1s (X)
     in progress... |#################   | 085% :             < 00.1s (E)             < 00.1s (X)
     in progress... |##################  | 090% :             < 00.1s (E)             < 00.1s (X)
     in progress... |################### | 095% :             < 00.1s (E)             < 00.1s (X)
     in progress... |####################| 100% :             < 00.1s (E)             < 00.1s (X)
     --------------------------------------------------------------------------------------------

     --------------------------------------------------------------------------------------------
     Iter: 000000
     k(000001) = (   0.0000000   0.0000000   0.0000000) cryst. coord.
     band      QP en. [eV] conv
     000100      10.320230   no
     000101      10.647751   no
     000102      10.647751   no
     000103      10.888684   no
     000104      10.888685   no
     000105      12.217163   no
     000106      12.820871   no
     000107      12.820871   no
     000108      15.505901   no
     000109      18.176052   no
     000110      18.277152   no
     000111      18.277152   no
     000112      18.344587   no
     000113      18.344588   no
     000114      18.548950   no
     000115      20.047874   no
     000116      20.346519   no
     000117      20.346519   no
     000118      20.248261   no
     000119      20.459721   no
     000120      20.459720   no
     --------------------------------------------------------------------------------------------
       
     --------------------------------------------------------------------------------------------
     Sigma_C                                                             
     --------------------------------------------------------------------------------------------
     Integrating along the IM axis...
     --------------------------------------------------------------------------------------------
     in progress... |#                   | 005% :             < 00.1s (E)             < 00.1s (X)
     in progress... |##                  | 010% :             < 00.1s (E)             < 00.1s (X)
     in progress... |###                 | 015% :             < 00.1s (E)             < 00.1s (X)
     in progress... |####                | 020% :             < 00.1s (E)             < 00.1s (X)
     in progress... |#####               | 025% :             < 00.1s (E)             < 00.1s (X)
     in progress... |######              | 030% :             < 00.1s (E)             < 00.1s (X)
     in progress... |#######             | 035% :             < 00.1s (E)             < 00.1s (X)
     in progress... |########            | 040% :             < 00.1s (E)             < 00.1s (X)
     in progress... |#########           | 045% :             < 00.1s (E)             < 00.1s (X)
     in progress... |##########          | 050% :             < 00.1s (E)             < 00.1s (X)
     in progress... |###########         | 055% :             < 00.1s (E)             < 00.1s (X)
     in progress... |############        | 060% :             < 00.1s (E)             < 00.1s (X)
     in progress... |#############       | 065% :             < 00.1s (E)             < 00.1s (X)
     in progress... |##############      | 070% :             < 00.1s (E)             < 00.1s (X)
     in progress... |###############     | 075% :             < 00.1s (E)             < 00.1s (X)
     in progress... |################    | 080% :             < 00.1s (E)             < 00.1s (X)
     in progress... |#################   | 085% :             < 00.1s (E)             < 00.1s (X)
     in progress... |##################  | 090% :             < 00.1s (E)             < 00.1s (X)
     in progress... |################### | 095% :             < 00.1s (E)             < 00.1s (X)
     in progress... |####################| 100% :             < 00.1s (E)             < 00.1s (X)
     --------------------------------------------------------------------------------------------
     Residues along the RE axis...
     --------------------------------------------------------------------------------------------
     in progress... |#                   | 005% :             < 00.1s (E)             < 00.1s (X)
     in progress... |##                  | 010% :             < 00.1s (E)             < 00.1s (X)
     in progress... |###                 | 015% :             < 00.1s (E)             < 00.1s (X)
     in progress... |####                | 020% :             < 00.1s (E)             < 00.1s (X)
     in progress... |#####               | 025% :             < 00.1s (E)             < 00.1s (X)
     in progress... |######              | 030% :             < 00.1s (E)             < 00.1s (X)
     in progress... |#######             | 035% :             < 00.1s (E)             < 00.1s (X)
     in progress... |########            | 040% :             < 00.1s (E)             < 00.1s (X)
     in progress... |#########           | 045% :             < 00.1s (E)             < 00.1s (X)
     in progress... |##########          | 050% :             < 00.1s (E)             < 00.1s (X)
     in progress... |###########         | 055% :             < 00.1s (E)             < 00.1s (X)
     in progress... |############        | 060% :             < 00.1s (E)             < 00.1s (X)
     in progress... |#############       | 065% :             < 00.1s (E)             < 00.1s (X)
     in progress... |##############      | 070% :             < 00.1s (E)             < 00.1s (X)
     in progress... |###############     | 075% :             < 00.1s (E)             < 00.1s (X)
     in progress... |################    | 080% :             < 00.1s (E)             < 00.1s (X)
     in progress... |#################   | 085% :             < 00.1s (E)             < 00.1s (X)
     in progress... |##################  | 090% :             < 00.1s (E)             < 00.1s (X)
     in progress... |################### | 095% :             < 00.1s (E)             < 00.1s (X)
     in progress... |####################| 100% :             < 00.1s (E)             < 00.1s (X)
     --------------------------------------------------------------------------------------------

     --------------------------------------------------------------------------------------------
     Iter: 000001
     k(000001) = (   0.0000000   0.0000000   0.0000000) cryst. coord.
     band      QP en. [eV] conv
     000100      10.320752  yes
     000101      10.653265  yes
     000102      10.653265  yes
     000103      11.131061   no
     000104      11.131062   no
     000105      12.220609  yes
     000106      12.825040  yes
     000107      12.825040  yes
     000108      15.504027  yes
     000109      18.174868  yes
     000110      18.275152  yes
     000111      18.275152  yes
     000112      18.342586  yes
     000113      18.342586  yes
     000114      18.547721  yes
     000115      20.046207  yes
     000116      20.339450  yes
     000117      20.339451  yes
     000118      20.237222  yes
     000119      20.456346  yes
     000120      20.456345  yes
     --------------------------------------------------------------------------------------------
       
     --------------------------------------------------------------------------------------------
     Sigma_C                                                             
     --------------------------------------------------------------------------------------------
     Integrating along the IM axis...
     --------------------------------------------------------------------------------------------
     in progress... |#                   | 005% :             < 00.1s (E)             < 00.1s (X)
     in progress... |##                  | 010% :             < 00.1s (E)             < 00.1s (X)
     in progress... |###                 | 015% :             < 00.1s (E)             < 00.1s (X)
     in progress... |####                | 020% :             < 00.1s (E)             < 00.1s (X)
     in progress... |#####               | 025% :             < 00.1s (E)             < 00.1s (X)
     in progress... |######              | 030% :             < 00.1s (E)             < 00.1s (X)
     in progress... |#######             | 035% :             < 00.1s (E)             < 00.1s (X)
     in progress... |########            | 040% :             < 00.1s (E)             < 00.1s (X)
     in progress... |#########           | 045% :             < 00.1s (E)             < 00.1s (X)
     in progress... |##########          | 050% :             < 00.1s (E)             < 00.1s (X)
     in progress... |###########         | 055% :             < 00.1s (E)             < 00.1s (X)
     in progress... |############        | 060% :             < 00.1s (E)             < 00.1s (X)
     in progress... |#############       | 065% :             < 00.1s (E)             < 00.1s (X)
     in progress... |##############      | 070% :             < 00.1s (E)             < 00.1s (X)
     in progress... |###############     | 075% :             < 00.1s (E)             < 00.1s (X)
     in progress... |################    | 080% :             < 00.1s (E)             < 00.1s (X)
     in progress... |#################   | 085% :             < 00.1s (E)             < 00.1s (X)
     in progress... |##################  | 090% :             < 00.1s (E)             < 00.1s (X)
     in progress... |################### | 095% :             < 00.1s (E)             < 00.1s (X)
     in progress... |####################| 100% :             < 00.1s (E)             < 00.1s (X)
     --------------------------------------------------------------------------------------------
     Residues along the RE axis...
     --------------------------------------------------------------------------------------------
     in progress... |#                   | 005% :             < 00.1s (E)             < 00.1s (X)
     in progress... |##                  | 010% :             < 00.1s (E)             < 00.1s (X)
     in progress... |###                 | 015% :             < 00.1s (E)             < 00.1s (X)
     in progress... |####                | 020% :             < 00.1s (E)             < 00.1s (X)
     in progress... |#####               | 025% :             < 00.1s (E)             < 00.1s (X)
     in progress... |######              | 030% :             < 00.1s (E)             < 00.1s (X)
     in progress... |#######             | 035% :             < 00.1s (E)             < 00.1s (X)
     in progress... |########            | 040% :             < 00.1s (E)             < 00.1s (X)
     in progress... |#########           | 045% :             < 00.1s (E)             < 00.1s (X)
     in progress... |##########          | 050% :             < 00.1s (E)             < 00.1s (X)
     in progress... |###########         | 055% :             < 00.1s (E)             < 00.1s (X)
     in progress... |############        | 060% :             < 00.1s (E)             < 00.1s (X)
     in progress... |#############       | 065% :             < 00.1s (E)             < 00.1s (X)
     in progress... |##############      | 070% :             < 00.1s (E)             < 00.1s (X)
     in progress... |###############     | 075% :             < 00.1s (E)             < 00.1s (X)
     in progress... |################    | 080% :             < 00.1s (E)             < 00.1s (X)
     in progress... |#################   | 085% :             < 00.1s (E)             < 00.1s (X)
     in progress... |##################  | 090% :             < 00.1s (E)             < 00.1s (X)
     in progress... |################### | 095% :             < 00.1s (E)             < 00.1s (X)
     in progress... |####################| 100% :             < 00.1s (E)             < 00.1s (X)
     --------------------------------------------------------------------------------------------

     --------------------------------------------------------------------------------------------
     Iter: 000002
     k(000001) = (   0.0000000   0.0000000   0.0000000) cryst. coord.
     band      QP en. [eV] conv
     000100      10.320752  yes
     000101      10.653265  yes
     000102      10.653265  yes
     000103      11.077718   no
     000104      11.077718   no
     000105      12.220609  yes
     000106      12.825040  yes
     000107      12.825040  yes
     000108      15.504027  yes
     000109      18.174868  yes
     000110      18.275152  yes
     000111      18.275152  yes
     000112      18.342586  yes
     000113      18.342586  yes
     000114      18.547721  yes
     000115      20.046207  yes
     000116      20.339450  yes
     000117      20.339451  yes
     000118      20.237222  yes
     000119      20.456346  yes
     000120      20.456345  yes
     --------------------------------------------------------------------------------------------
       
     --------------------------------------------------------------------------------------------
     Sigma_C                                                             
     --------------------------------------------------------------------------------------------
     Integrating along the IM axis...
     --------------------------------------------------------------------------------------------
     in progress... |#                   | 005% :             < 00.1s (E)             < 00.1s (X)
     in progress... |##                  | 010% :             < 00.1s (E)             < 00.1s (X)
     in progress... |###                 | 015% :             < 00.1s (E)             < 00.1s (X)
     in progress... |####                | 020% :             < 00.1s (E)             < 00.1s (X)
     in progress... |#####               | 025% :             < 00.1s (E)             < 00.1s (X)
     in progress... |######              | 030% :             < 00.1s (E)             < 00.1s (X)
     in progress... |#######             | 035% :             < 00.1s (E)             < 00.1s (X)
     in progress... |########            | 040% :             < 00.1s (E)             < 00.1s (X)
     in progress... |#########           | 045% :             < 00.1s (E)             < 00.1s (X)
     in progress... |##########          | 050% :             < 00.1s (E)             < 00.1s (X)
     in progress... |###########         | 055% :             < 00.1s (E)             < 00.1s (X)
     in progress... |############        | 060% :             < 00.1s (E)             < 00.1s (X)
     in progress... |#############       | 065% :             < 00.1s (E)             < 00.1s (X)
     in progress... |##############      | 070% :             < 00.1s (E)             < 00.1s (X)
     in progress... |###############     | 075% :             < 00.1s (E)             < 00.1s (X)
     in progress... |################    | 080% :             < 00.1s (E)             < 00.1s (X)
     in progress... |#################   | 085% :             < 00.1s (E)             < 00.1s (X)
     in progress... |##################  | 090% :             < 00.1s (E)             < 00.1s (X)
     in progress... |################### | 095% :             < 00.1s (E)             < 00.1s (X)
     in progress... |####################| 100% :             < 00.1s (E)             < 00.1s (X)
     --------------------------------------------------------------------------------------------
     Residues along the RE axis...
     --------------------------------------------------------------------------------------------
     in progress... |#                   | 005% :             < 00.1s (E)             < 00.1s (X)
     in progress... |##                  | 010% :             < 00.1s (E)             < 00.1s (X)
     in progress... |###                 | 015% :             < 00.1s (E)             < 00.1s (X)
     in progress... |####                | 020% :             < 00.1s (E)             < 00.1s (X)
     in progress... |#####               | 025% :             < 00.1s (E)             < 00.1s (X)
     in progress... |######              | 030% :             < 00.1s (E)             < 00.1s (X)
     in progress... |#######             | 035% :             < 00.1s (E)             < 00.1s (X)
     in progress... |########            | 040% :             < 00.1s (E)             < 00.1s (X)
     in progress... |#########           | 045% :             < 00.1s (E)             < 00.1s (X)
     in progress... |##########          | 050% :             < 00.1s (E)             < 00.1s (X)
     in progress... |###########         | 055% :             < 00.1s (E)             < 00.1s (X)
     in progress... |############        | 060% :             < 00.1s (E)             < 00.1s (X)
     in progress... |#############       | 065% :             < 00.1s (E)             < 00.1s (X)
     in progress... |##############      | 070% :             < 00.1s (E)             < 00.1s (X)
     in progress... |###############     | 075% :             < 00.1s (E)             < 00.1s (X)
     in progress... |################    | 080% :             < 00.1s (E)             < 00.1s (X)
     in progress... |#################   | 085% :             < 00.1s (E)             < 00.1s (X)
     in progress... |##################  | 090% :             < 00.1s (E)             < 00.1s (X)
     in progress... |################### | 095% :             < 00.1s (E)             < 00.1s (X)
     in progress... |####################| 100% :             < 00.1s (E)             < 00.1s (X)
     --------------------------------------------------------------------------------------------
       
     --------------------------------------------------------------------------------------------
     CONVERGENCE ACHIEVED !!!                                            
     --------------------------------------------------------------------------------------------

     --------------------------------------------------------------------------------------------
     k(000001) = (   0.0000000   0.0000000   0.0000000) cryst. coord.
     band      QP en. [eV] conv
     000100      10.320752  yes
     000101      10.653265  yes
     000102      10.653265  yes
     000103      11.052229  yes
     000104      11.052229  yes
     000105      12.220609  yes
     000106      12.825040  yes
     000107      12.825040  yes
     000108      15.504027  yes
     000109      18.174868  yes
     000110      18.275152  yes
     000111      18.275152  yes
     000112      18.342586  yes
     000113      18.342586  yes
     000114      18.547721  yes
     000115      20.046207  yes
     000116      20.339450  yes
     000117      20.339451  yes
     000118      20.237222  yes
     000119      20.456346  yes
     000120      20.456345  yes
     --------------------------------------------------------------------------------------------
      
     --------------------------------------------------------------------------------------------
     SAVE written in < 00.1s             
     In location : ./b.wfreq.save
     --------------------------------------------------------------------------------------------
     WFREQ        : 29m48.40s CPU    30m59.23s WALL

     wfreq_readin :      0.31s CPU      0.38s WALL (       1 calls)
     fetch_input  :      0.00s CPU      0.00s WALL (       2 calls)
     read_xml     :      0.22s CPU      0.24s WALL (       1 calls)
     init_vloc    :      0.07s CPU      0.07s WALL (       2 calls)
     fft          :      0.14s CPU      0.16s WALL (     585 calls)
     fft_scatter  :     63.51s CPU     65.05s WALL ( 1619942 calls)
     v_of_rho     :      0.01s CPU      0.01s WALL (       1 calls)
     v_xc         :      0.01s CPU      0.02s WALL (       2 calls)
     v_h          :      0.00s CPU      0.00s WALL (       1 calls)
     read_wave    :      0.09s CPU      0.13s WALL (       1 calls)
     davcio       :      0.04s CPU      0.18s WALL (      46 calls)
     init_us_1    :      0.01s CPU      0.01s WALL (       2 calls)
     do_setup     :      0.05s CPU      0.06s WALL (       1 calls)
     init_pw_ar   :      0.05s CPU      0.05s WALL (       1 calls)
     init_at_1    :      0.00s CPU      0.00s WALL (       1 calls)
     solve_hf     :      0.38s CPU      0.44s WALL (       1 calls)
     sigmavxc     :      0.00s CPU      0.00s WALL (       1 calls)
     init_us_2    :      0.05s CPU      0.06s WALL (      24 calls)
     fftw         :    245.16s CPU    249.91s WALL ( 1619357 calls)
     sigmax       :      0.37s CPU      0.43s WALL (       1 calls)
     sqvc_init    :      0.01s CPU      0.01s WALL (      43 calls)
     wlanczos     :   1421.48s CPU   1475.80s WALL (       1 calls)
     commutator_H :      3.81s CPU      7.88s WALL (     321 calls)
     stres_us31   :      0.00s CPU      0.00s WALL (     321 calls)
     stres_us32   :      0.01s CPU      0.01s WALL (     321 calls)
     stres_us33   :      0.02s CPU      0.03s WALL (     321 calls)
     stres_us34   :      0.48s CPU      0.51s WALL (     321 calls)
     calbec       :     65.30s CPU     76.50s WALL (    8662 calls)
     alphapc      :     41.79s CPU     42.63s WALL (    4182 calls)
     linstern     :     17.19s CPU     17.45s WALL (     107 calls)
     stern        :     16.85s CPU     17.10s WALL (    4180 calls)
     h_psi_bgrp   :    388.65s CPU    404.99s WALL (    8020 calls)
     h_psi        :    388.62s CPU    404.97s WALL (    8020 calls)
     h_psi:pot    :    384.31s CPU    400.60s WALL (    8020 calls)
     vloc_psi     :    256.57s CPU    261.13s WALL (    8020 calls)
     h_psi:calbec :     64.66s CPU     75.83s WALL (    8020 calls)
     add_vuspsi   :     63.01s CPU     63.59s WALL (    8020 calls)
     alphapv      :      1.80s CPU      1.83s WALL (    4180 calls)
     lan_H        :    500.11s CPU    518.38s WALL (     128 calls)
     brak         :   1062.04s CPU   1080.36s WALL (     128 calls)
     chi0_diag    :      1.55s CPU      1.75s WALL (       1 calls)
     glanczos     :    263.57s CPU    276.05s WALL (       1 calls)
     solve_qp     :     99.53s CPU    103.09s WALL (       1 calls)
     coll_gw      :     99.43s CPU    102.95s WALL (       1 calls)
     sigmac_i     :      0.05s CPU      0.05s WALL (       5 calls)
     sigmac_r     :      0.00s CPU      0.01s WALL (       5 calls)
     wfreq_db     :      0.01s CPU      0.02s WALL (       1 calls)
 
     WFREQ        : 29m48.40s CPU    30m59.24s WALL

 
   This run was terminated on:  12:52:47  24Jan2021            

=------------------------------------------------------------------------------=
   JOB DONE.
=------------------------------------------------------------------------------=
