
     Program WSTAT v. 3.1.1 starts on 23Jan2021 at 11:16:29 

     This program is part of the open-source West suite
     for massively parallel calculations of excited states in materials; please cite
         "M. Govoni et al., J. Chem. Theory Comput. 11, 2680 (2015);
          URL http://www.west-code.org", 
     in publications or presentations arising from this work.

     Based on the Quantum ESPRESSO v. 6.1 svn rev. 13369

     I/O is Little Endian
       
     --------------------------------------------------------------------------------------------
     **MPI** Parallelization Status                                      
     --------------------------------------------------------------------------------------------
                    80                   4             1             1            20
     --------------------------------------------------------------------------------------------
                     N         =         I      X      P      X      B      X      Z
                     ^                   ^             ^             ^             ^
                     |                   |             |             |             |
                   #rnk                  |             |             |             |
                                      #image           |             |             |
                                                     #pool           |             |
                                                                   #bgrp           |
                                                                                 #R&G
     --------------------------------------------------------------------------------------------
     **OPENMP** Parallelization Status
     #thr/rnk               =            1
     --------------------------------------------------------------------------------------------
     #prc = (rnk) * (thr) =           80
     --------------------------------------------------------------------------------------------
       
     --------------------------------------------------------------------------------------------
     I/O Summary : input_west                                            
     --------------------------------------------------------------------------------------------
     qe_prefix      = b
     west_prefix    = b
     outdir         = ./
     --------------------------------------------------------------------------------------------

     Reading data from directory:
     ./b.save

   Info: using nr1, nr2, nr3 values from input

   Info: using nr1, nr2, nr3 values from input

     IMPORTANT: XC functional enforced from input :
     Exchange-correlation      = PBE ( 1  4  3  4 0 0)
     Any further DFT definition will be discarded
     Please, verify this is what you really want

     Message from routine readpp:
     file ./b.save/C_ONCV_PBE-1.0.upf not found
     Message from routine readpp:
     file ./b.save/B_ONCV_PBE-1.0.upf not found
 
     Parallelization info
     --------------------
     sticks:   dense  smooth     PW     G-vecs:    dense   smooth      PW
     Min         139     139     34                 4886     4886     606
     Max         140     140     35                 4889     4889     607
     Sum        2795    2795    695                97751    97751   12135
 
       
     --------------------------------------------------------------------------------------------
     I/O Summary : wstat_control                                         
     --------------------------------------------------------------------------------------------
     wstat_calculation              =              S
     n_pdep_eigen                   =           1000
     n_pdep_times                   =              4
     n_pdep_maxiter                 =            100
     n_dfpt_maxiter                 =            250
     n_pdep_read_from_file          =              0
     trev_pdep                      =   1.000000E-03
     trev_pdep_rel                  =   1.000000E-01
     tr2_dfpt                       =   1.000000E-12
     l_kinetic_only                 =              F
     l_minimize_exx_if_active       =              F
     l_use_ecutrho                  =              F
     l_use_symm                     =              T
     nq(1)                          =              1
     nq(2)                          =              1
     nq(3)                          =              1
     --------------------------------------------------------------------------------------------
       
     --------------------------------------------------------------------------------------------
     System Overview                                                     
     --------------------------------------------------------------------------------------------
     gamma_only           =              F
     ecutwfc [Ry]         =      50.000000
     ecutrho [Ry]         =     200.000000
     omega [au^3]         =   2.046569E+03
     nbnd                 =            150
     nkstot               =              1
     nspin                =              1
     nelec                =     214.000000
     npol                 =              1
     lsda                 =              F
     noncolin             =              F
     lspinorb             =              F
     domag                =              F
     --------------------------------------------------------------------------------------------

     3DFFT grid
        s : (  72,  72,  72)
        p : (  72,  72,  72)

     Direct Lattice Cell [a.u.]
        a1 = (   -10.0615237    -0.0310421    10.0615237)
        a2 = (     0.0310421    10.0615237    10.0615237)
        a3 = (   -10.0615237    10.0615237    -0.0310421)

     Reciprocal Lattice Cell [a.u.]
        b1 = (    -0.3117588    -0.3107970     0.3117588)
        b2 = (     0.3107970     0.3117588     0.3117588)
        b3 = (    -0.3117588     0.3117588    -0.3107970)
      

     Brillouin Zone sampling [cryst. coord.]
 
        k(000001) = (     0.0000000     0.0000000     0.0000000)
 
        q(000001) = (     0.0000000     0.0000000     0.0000000)
     ===========================================================================
          nsym   =    6
          nrot   =   12
          nq_ibz =    1
          Q-point IBZ [ cart  coord ]
          xq(00000001) = (  0.000000  0.000000  0.000000) wq =   1.000000
          Q-point IBZ [ cryst coord ]
          xq(00000001) = (  0.000000  0.000000  0.000000) wq =   1.000000
     ===========================================================================
       
     --------------------------------------------------------------------------------------------
     Parallelization for nvecx                                           
     --------------------------------------------------------------------------------------------
     nglob                =           4000
     nlevel               =              4
     Min nglob/nlevel     =           1000
     Max nglob/nlevel     =           1000
     --------------------------------------------------------------------------------------------

     [MEM] ----------------------------------------------------------
     [MEM] **Memory** analysis: QE
     [MEM] ----------------------------------------------------------
     [MEM] Allocated arrays           est. size (Mb)     dimensions
     [MEM] ----------------------------------------------------------
     [MEM] Kohn-Sham Wavefunctions       1.39 Mb     (    607,  150)
     [MEM] NL pseudopotentials           4.00 Mb     (    607,  432)
     [MEM] Each V/rho on FFT grid        0.32 Mb     (  20736)
     [MEM] Each G-vector array           0.04 Mb     (   4889)
     [MEM] G-vector shells               0.04 Mb     (   4758)
     [MEM] ----------------------------------------------------------
     [MEM] TOT                           5.78 Mb
     [MEM] ----------------------------------------------------------
     [MEM] 
     [MEM] ----------------------------------------------------------
     [MEM] **Memory** analysis: WSTAT global
     [MEM] ----------------------------------------------------------
     [MEM] Allocated arrays           est. size (Mb)     dimensions
     [MEM] ----------------------------------------------------------
     [MEM] dvg                           9.26 Mb     (    607, 1000)
     [MEM] dng                           9.26 Mb     (    607, 1000)
     [MEM] hr_distr                     61.04 Mb     (   4000, 1000)
     [MEM] vr_distr                     61.04 Mb     (   4000, 1000)
     [MEM] ----------------------------------------------------------
     [MEM] TOT                         140.59 Mb
     [MEM] ----------------------------------------------------------
     [MEM] 
     [MEM] ----------------------------------------------------------
     [MEM] **Memory** analysis: WSTAT temporary
     [MEM] ----------------------------------------------------------
     [MEM] Allocated arrays           est. size (Mb)     dimensions
     [MEM] ----------------------------------------------------------
     [MEM] dvpsi                         0.99 Mb     (    607,  107)
     [MEM] dpsi                          0.99 Mb     (    607,  107)
     [MEM] ----------------------------------------------------------
     [MEM] Total estimate                1.98 Mb
     [MEM] ----------------------------------------------------------
 
     Divergence =   3.908874E-01

                       *----------*              *----------*               *----------*
     #     Iteration = | starting |   DFPT_dim = |     1000 |   Diago_dim = |     1000 |  x 1/2
                       *----------*              *----------*               *----------*
     per-process dynamical memory   170.9 Mb
  
       
     --------------------------------------------------------------------------------------------
     Sternheimer eq. solver... with lite-solver                          
     --------------------------------------------------------------------------------------------
     in progress... |#                   | 005% :               01.2s (E)               24.2s (X)
     in progress... |##                  | 010% :               02.2s (E)               22.9s (X)
     in progress... |###                 | 015% :               03.5s (E)               23.7s (X)
     in progress... |####                | 020% :               04.7s (E)               23.6s (X)
     in progress... |#####               | 025% :               05.9s (E)               23.9s (X)
     in progress... |######              | 030% :               07.1s (E)               23.8s (X)
     in progress... |#######             | 035% :               08.4s (E)               24.0s (X)
     in progress... |########            | 040% :               09.5s (E)               23.9s (X)
     in progress... |#########           | 045% :               10.8s (E)               24.0s (X)
     in progress... |##########          | 050% :               11.9s (E)               23.9s (X)
     in progress... |###########         | 055% :               13.2s (E)               24.0s (X)
     in progress... |############        | 060% :               14.3s (E)               23.9s (X)
     in progress... |#############       | 065% :               15.6s (E)               24.0s (X)
     in progress... |##############      | 070% :               16.7s (E)               23.9s (X)
     in progress... |###############     | 075% :               18.0s (E)               24.0s (X)
     in progress... |################    | 080% :               19.2s (E)               24.0s (X)
     in progress... |#################   | 085% :               20.4s (E)               24.0s (X)
     in progress... |##################  | 090% :               21.6s (E)               24.0s (X)
     in progress... |################### | 095% :               22.8s (E)               24.0s (X)
     in progress... |####################| 100% :               24.0s (E)               24.0s (X)
     --------------------------------------------------------------------------------------------

     [I/O] -------------------------------------------------------
     [I/O] RESTART written in < 00.1s             
     [I/O] In location   : ./b.wstat.restart
     [I/O] -------------------------------------------------------

                       *----------*              *----------*               *----------*
     #     Iteration = | starting |   DFPT_dim = |     1000 |   Diago_dim = |     1000 |  x 2/2
                       *----------*              *----------*               *----------*
     per-process dynamical memory   183.2 Mb
  
       
     --------------------------------------------------------------------------------------------
     Sternheimer eq. solver... with threshold =   1.000000E-06           
     --------------------------------------------------------------------------------------------
     in progress... |#                   | 005% :               21.0s (E)           07m-00.1s (X)
     in progress... |##                  | 010% :               40.2s (E)           06m-42.7s (X)
     in progress... |###                 | 015% :           01m-00.8s (E)           06m-45.4s (X)
     in progress... |####                | 020% :           01m-19.8s (E)           06m-39.3s (X)
     in progress... |#####               | 025% :           01m-40.1s (E)           06m-40.7s (X)
     in progress... |######              | 030% :           01m-58.8s (E)           06m-36.0s (X)
     in progress... |#######             | 035% :           02m-18.8s (E)           06m-36.7s (X)
     in progress... |########            | 040% :           02m-37.2s (E)           06m-33.0s (X)
     in progress... |#########           | 045% :           02m-57.1s (E)           06m-33.6s (X)
     in progress... |##########          | 050% :           03m-15.6s (E)           06m-31.2s (X)
     in progress... |###########         | 055% :           03m-35.3s (E)           06m-31.4s (X)
     in progress... |############        | 060% :           03m-53.4s (E)           06m-29.0s (X)
     in progress... |#############       | 065% :           04m-13.0s (E)           06m-29.3s (X)
     in progress... |##############      | 070% :           04m-31.0s (E)           06m-27.2s (X)
     in progress... |###############     | 075% :           04m-50.5s (E)           06m-27.3s (X)
     in progress... |################    | 080% :           05m-08.4s (E)           06m-25.6s (X)
     in progress... |#################   | 085% :           05m-28.5s (E)           06m-26.4s (X)
     in progress... |##################  | 090% :           05m-46.3s (E)           06m-24.7s (X)
     in progress... |################### | 095% :           06m-05.5s (E)           06m-24.8s (X)
     in progress... |####################| 100% :           06m-23.2s (E)           06m-23.2s (X)
     --------------------------------------------------------------------------------------------
     p-DIAGOX done in 02.0s with a SCALAPACK grid (8x8)
     --------------------------------------------------------------------------------------------
        
       -3.40859  -3.13334  -3.13321  -2.84063  -2.82277  -2.82256  -2.81900  -2.78101  -2.68440
       -2.68408  -2.68045  -2.63393  -2.61509  -2.61480  -2.01242  -2.01209  -2.01029  -1.99675
       -1.99067  -1.99032  -1.98695  -1.98654  -1.97046  -1.96748  -1.95994  -1.95965  -1.95664
       -1.95644  -1.94974  -1.94399  -1.94368  -1.94327  -1.92767  -1.91532  -1.91506  -1.91472
       -1.91173  -1.91150  -1.87347  -1.85244  -1.85210  -1.84743  -1.83315  -1.83285  -1.82358
       -1.82250  -1.82226  -1.81811  -1.80535  -1.80517  -1.80232  -1.76845  -1.46036  -1.25890
       -1.25862  -1.25415  -1.25395  -1.25061  -1.24788  -1.24684  -1.24665  -1.24123  -1.23839
       -1.23811  -1.23153  -1.02902  -1.02853  -1.01530  -1.00153  -1.00126  -1.00012  -0.99139
       -0.96605  -0.86095  -0.86072  -0.85831  -0.85793  -0.85267  -0.85179  -0.83202  -0.83124
       -0.82842  -0.82809  -0.82169  -0.81969  -0.81931  -0.81899  -0.81881  -0.81849  -0.81822
       -0.81781  -0.81534  -0.81512  -0.81452  -0.81271  -0.81217  -0.81162  -0.81043  -0.81002
       -0.80957  -0.79772  -0.79697  -0.79260  -0.79220  -0.79187  -0.79165  -0.79093  -0.78795
       -0.78232  -0.78172  -0.78144  -0.78058  -0.76909  -0.76880  -0.76480  -0.73000  -0.72926
       -0.72379  -0.72344  -0.72310  -0.70969  -0.68067  -0.68042  -0.67402  -0.67346  -0.67290
       -0.66730  -0.66672  -0.66618  -0.66445  -0.66162  -0.66021  -0.65986  -0.65926  -0.65865
       -0.65726  -0.65672  -0.65224  -0.64114  -0.64036  -0.58599  -0.58484  -0.58433  -0.58352
       -0.58322  -0.58225  -0.58056  -0.57879  -0.57791  -0.57705  -0.57624  -0.57258  -0.57211
       -0.56966  -0.56339  -0.56283  -0.56191  -0.56101  -0.55981  -0.55792  -0.55706  -0.55690
       -0.55594  -0.55011  -0.54982  -0.54558  -0.54266  -0.54195  -0.52112  -0.52066  -0.51574
       -0.51500  -0.51467  -0.51423  -0.51293  -0.51234  -0.51206  -0.51124  -0.51070  -0.50982
       -0.50962  -0.50902  -0.50862  -0.50749  -0.50650  -0.50592  -0.50564  -0.50532  -0.50366
       -0.50191  -0.49523  -0.49285  -0.49195  -0.49052  -0.48977  -0.48412  -0.48090  -0.48004
       -0.47942  -0.47815  -0.47784  -0.47689  -0.47504  -0.46952  -0.46879  -0.46710  -0.46622
       -0.46530  -0.45750  -0.45352  -0.45233  -0.45132  -0.44646  -0.44519  -0.42448  -0.42386
       -0.38933  -0.38853  -0.38653  -0.38460  -0.38376  -0.37590  -0.37537  -0.37441  -0.37342
       -0.37281  -0.37115  -0.37071  -0.36912  -0.36855  -0.36802  -0.36772  -0.36751  -0.36680
       -0.36656  -0.36643  -0.36613  -0.36547  -0.36528  -0.36503  -0.36468  -0.36448  -0.36368
       -0.36300  -0.36278  -0.36264  -0.36143  -0.36112  -0.35992  -0.35847  -0.35759  -0.35699
       -0.35667  -0.35579  -0.35504  -0.35453  -0.35385  -0.35294  -0.35212  -0.35179  -0.35088
       -0.35001  -0.34721  -0.34660  -0.34646  -0.34612  -0.34590  -0.34555  -0.34539  -0.34457
       -0.34405  -0.34388  -0.34336  -0.34295  -0.34247  -0.34221  -0.34183  -0.34167  -0.34076
       -0.33973  -0.33920  -0.33900  -0.33851  -0.33795  -0.33720  -0.33636  -0.33548  -0.33488
       -0.33387  -0.33327  -0.33225  -0.32760  -0.32668  -0.32595  -0.32480  -0.32219  -0.30757
       -0.30663  -0.30387  -0.29763  -0.29643  -0.29624  -0.29480  -0.29438  -0.29246  -0.29203
       -0.29106  -0.29021  -0.28901  -0.28803  -0.28731  -0.28673  -0.28639  -0.28585  -0.28484
       -0.28367  -0.28290  -0.28142  -0.28040  -0.27721  -0.27581  -0.27472  -0.27344  -0.27271
       -0.27228  -0.27196  -0.27111  -0.27039  -0.26985  -0.26924  -0.26896  -0.26873  -0.26807
       -0.26760  -0.26738  -0.26693  -0.26672  -0.26634  -0.26596  -0.26544  -0.26518  -0.26484
       -0.26452  -0.26424  -0.26398  -0.26371  -0.26317  -0.26297  -0.26263  -0.26231  -0.26205
       -0.26172  -0.26138  -0.26079  -0.25965  -0.25945  -0.25894  -0.25860  -0.25837  -0.25790
       -0.25698  -0.25666  -0.25637  -0.25536  -0.25462  -0.25448  -0.25281  -0.25217  -0.25196
       -0.25137  -0.25096  -0.25027  -0.24984  -0.24957  -0.24921  -0.24879  -0.24861  -0.24846
       -0.24799  -0.24790  -0.24758  -0.24704  -0.24665  -0.24640  -0.24592  -0.24551  -0.24514
       -0.24455  -0.24429  -0.24399  -0.24361  -0.24309  -0.24279  -0.24262  -0.24223  -0.24210
       -0.24168  -0.24163  -0.24098  -0.24075  -0.24041  -0.24017  -0.23924  -0.23887  -0.23876
       -0.23835  -0.23821  -0.23768  -0.23735  -0.23628  -0.23596  -0.23559  -0.23546  -0.23487
       -0.23435  -0.23367  -0.23320  -0.23262  -0.23170  -0.23140  -0.23062  -0.23009  -0.22980
       -0.22941  -0.22917  -0.22835  -0.22775  -0.22741  -0.22688  -0.22644  -0.22585  -0.22551
       -0.22508  -0.22443  -0.22370  -0.22362  -0.22284  -0.22258  -0.22201  -0.22158  -0.22133
       -0.22031  -0.22003  -0.21916  -0.21872  -0.21818  -0.21719  -0.21665  -0.21656  -0.21600
       -0.21574  -0.21514  -0.21455  -0.21399  -0.21385  -0.21335  -0.21238  -0.21135  -0.21101
       -0.21068  -0.20989  -0.20948  -0.20915  -0.20849  -0.20813  -0.20735  -0.20678  -0.20638
       -0.20566  -0.20512  -0.20416  -0.20356  -0.20294  -0.20272  -0.20172  -0.20106  -0.20076
       -0.20011  -0.19934  -0.19893  -0.19804  -0.19759  -0.19677  -0.19590  -0.19561  -0.19479
       -0.19437  -0.19339  -0.19228  -0.19143  -0.18995  -0.18889  -0.18827  -0.18623  -0.18513
       -0.18477  -0.18335  -0.18226  -0.18091  -0.18013  -0.17971  -0.17865  -0.17833  -0.17800
       -0.17746  -0.17661  -0.17630  -0.17557  -0.17512  -0.17429  -0.17376  -0.17303  -0.17258
       -0.17156  -0.17032  -0.16982  -0.16831  -0.16761  -0.16741  -0.16707  -0.16647  -0.16570
       -0.16551  -0.16508  -0.16476  -0.16443  -0.16397  -0.16370  -0.16325  -0.16302  -0.16281
       -0.16222  -0.16207  -0.16150  -0.16121  -0.16078  -0.16068  -0.16036  -0.15988  -0.15969
       -0.15954  -0.15901  -0.15886  -0.15856  -0.15824  -0.15811  -0.15762  -0.15721  -0.15698
       -0.15690  -0.15626  -0.15604  -0.15590  -0.15548  -0.15515  -0.15493  -0.15478  -0.15442
       -0.15378  -0.15362  -0.15353  -0.15334  -0.15311  -0.15277  -0.15261  -0.15211  -0.15178
       -0.15164  -0.15128  -0.15094  -0.15066  -0.15029  -0.15006  -0.14960  -0.14938  -0.14901
       -0.14862  -0.14837  -0.14823  -0.14774  -0.14758  -0.14697  -0.14683  -0.14640  -0.14603
       -0.14578  -0.14556  -0.14523  -0.14483  -0.14443  -0.14395  -0.14358  -0.14320  -0.14247
       -0.14237  -0.14210  -0.14151  -0.14107  -0.14077  -0.14041  -0.13985  -0.13961  -0.13913
       -0.13871  -0.13847  -0.13799  -0.13776  -0.13741  -0.13676  -0.13644  -0.13566  -0.13535
       -0.13515  -0.13442  -0.13408  -0.13379  -0.13332  -0.13284  -0.13229  -0.13202  -0.13168
       -0.13141  -0.13080  -0.13042  -0.12996  -0.12928  -0.12864  -0.12823  -0.12818  -0.12778
       -0.12736  -0.12715  -0.12674  -0.12643  -0.12588  -0.12561  -0.12522  -0.12500  -0.12423
       -0.12397  -0.12335  -0.12293  -0.12273  -0.12239  -0.12183  -0.12152  -0.12105  -0.12053
       -0.12023  -0.12001  -0.11987  -0.11931  -0.11916  -0.11880  -0.11813  -0.11797  -0.11742
       -0.11693  -0.11659  -0.11631  -0.11594  -0.11576  -0.11531  -0.11513  -0.11472  -0.11409
       -0.11403  -0.11356  -0.11341  -0.11300  -0.11287  -0.11254  -0.11213  -0.11186  -0.11170
       -0.11103  -0.11093  -0.11046  -0.11024  -0.10998  -0.10961  -0.10932  -0.10913  -0.10871
       -0.10829  -0.10802  -0.10768  -0.10751  -0.10723  -0.10676  -0.10630  -0.10594  -0.10579
       -0.10542  -0.10512  -0.10466  -0.10391  -0.10379  -0.10326  -0.10305  -0.10288  -0.10236
       -0.10203  -0.10153  -0.10119  -0.10083  -0.10042  -0.09996  -0.09966  -0.09931  -0.09890
       -0.09854  -0.09826  -0.09799  -0.09761  -0.09735  -0.09690  -0.09640  -0.09608  -0.09585
       -0.09569  -0.09535  -0.09493  -0.09470  -0.09446  -0.09407  -0.09375  -0.09301  -0.09280
       -0.09257  -0.09202  -0.09166  -0.09154  -0.09106  -0.09070  -0.09051  -0.08994  -0.08969
       -0.08953  -0.08919  -0.08901  -0.08879  -0.08836  -0.08806  -0.08781  -0.08761  -0.08739
       -0.08728  -0.08697  -0.08673  -0.08666  -0.08634  -0.08616  -0.08603  -0.08578  -0.08559
       -0.08541  -0.08501  -0.08487  -0.08456  -0.08440  -0.08416  -0.08402  -0.08352  -0.08341
       -0.08323  -0.08293  -0.08269  -0.08253  -0.08240  -0.08221  -0.08195  -0.08185  -0.08168
       -0.08147  -0.08122  -0.08114  -0.08096  -0.08079  -0.08059  -0.08041  -0.08005  -0.07990
       -0.07986  -0.07961  -0.07916  -0.07910  -0.07901  -0.07871  -0.07863  -0.07834  -0.07809
       -0.07790  -0.07773  -0.07765  -0.07725  -0.07708  -0.07689  -0.07671  -0.07650  -0.07625
       -0.07617  -0.07605  -0.07564  -0.07552  -0.07535  -0.07516  -0.07495  -0.07482  -0.07453
       -0.07445  -0.07433  -0.07410  -0.07391  -0.07374  -0.07358  -0.07341  -0.07305  -0.07296
       -0.07275  -0.07258  -0.07223  -0.07199  -0.07194  -0.07176  -0.07148  -0.07136  -0.07123
       -0.07114  -0.07102  -0.07072  -0.07039  -0.07029  -0.07009  -0.06991  -0.06979  -0.06964
       -0.06940  -0.06926  -0.06910  -0.06894  -0.06881  -0.06842  -0.06837  -0.06820  -0.06808
       -0.06782  -0.06766  -0.06725  -0.06718  -0.06696  -0.06690  -0.06666  -0.06640  -0.06609
       -0.06597  -0.06579  -0.06564  -0.06537  -0.06512  -0.06503  -0.06493  -0.06471  -0.06453
       -0.06439  -0.06407  -0.06378  -0.06359  -0.06327  -0.06321  -0.06302  -0.06296  -0.06264
       -0.06248  -0.06238  -0.06228  -0.06211  -0.06192  -0.06160  -0.06149  -0.06139  -0.06116
       -0.06088  -0.06077  -0.06060  -0.06038  -0.06024  -0.06012  -0.05990  -0.05972  -0.05954
       -0.05933  -0.05908  -0.05894  -0.05870  -0.05850  -0.05837  -0.05821  -0.05794  -0.05779
       -0.05773  -0.05753  -0.05719  -0.05708  -0.05699  -0.05662  -0.05643  -0.05613  -0.05609
       -0.05586  -0.05570  -0.05549  -0.05538  -0.05519  -0.05491  -0.05482  -0.05461  -0.05451
       -0.05435  -0.05414  -0.05390  -0.05383  -0.05366  -0.05335  -0.05313  -0.05299  -0.05270
       -0.05260  -0.05242  -0.05217  -0.05204  -0.05178  -0.05162  -0.05149  -0.05140  -0.05118
       -0.05095  -0.05076  -0.05053  -0.05029  -0.05016  -0.05005  -0.04991  -0.04983  -0.04959
       -0.04927  -0.04923  -0.04894  -0.04874  -0.04860  -0.04852  -0.04832  -0.04807  -0.04799
       -0.04786  -0.04763  -0.04750  -0.04729  -0.04713  -0.04691  -0.04672  -0.04661  -0.04649
       -0.04624  -0.04619  -0.04610  -0.04591  -0.04563  -0.04545  -0.04520  -0.04509  -0.04487
       -0.04459  -0.04445  -0.04427  -0.04399  -0.04394  -0.04360  -0.04344  -0.04326  -0.04301
       -0.04293  -0.04259  -0.04246  -0.04221  -0.04211  -0.04190  -0.04166  -0.04131  -0.04114
       -0.04090  -0.04072  -0.04058  -0.04021  -0.04002  -0.03967  -0.03938  -0.03927  -0.03889
       -0.03805
        
     --------------------------------------------------------------------------------------------
     Tot. elapsed time 06m-52.3s,  time spent in last iteration 06m-52.3s
     --------------------------------------------------------------------------------------------

     [I/O] -------------------------------------------------------
     [I/O] RESTART written in < 00.1s             
     [I/O] In location   : ./b.wstat.restart
     [I/O] -------------------------------------------------------

                       *----------*              *----------*               *----------*
     #     Iteration = |        1 |   DFPT_dim = |     1000 |   Diago_dim = |     2000 |
                       *----------*              *----------*               *----------*
     per-process dynamical memory   182.3 Mb
  
       
     --------------------------------------------------------------------------------------------
     Sternheimer eq. solver... with threshold =   1.000000E-12           
     --------------------------------------------------------------------------------------------
     in progress... |#                   | 005% :               35.3s (E)           11m-47.4s (X)
     in progress... |##                  | 010% :           01m-07.9s (E)           11m-19.1s (X)
     in progress... |###                 | 015% :           01m-43.2s (E)           11m-28.1s (X)
     in progress... |####                | 020% :           02m-15.7s (E)           11m-18.5s (X)
     in progress... |#####               | 025% :           02m-50.8s (E)           11m-23.3s (X)
     in progress... |######              | 030% :           03m-23.2s (E)           11m-17.4s (X)
     in progress... |#######             | 035% :           03m-58.3s (E)           11m-21.0s (X)
     in progress... |########            | 040% :           04m-30.8s (E)           11m-17.0s (X)
     in progress... |#########           | 045% :           05m-05.8s (E)           11m-19.6s (X)
     in progress... |##########          | 050% :           05m-38.0s (E)           11m-16.0s (X)
     in progress... |###########         | 055% :           06m-12.6s (E)           11m-17.5s (X)
     in progress... |############        | 060% :           06m-44.6s (E)           11m-14.4s (X)
     in progress... |#############       | 065% :           07m-19.1s (E)           11m-15.6s (X)
     in progress... |##############      | 070% :           07m-50.9s (E)           11m-12.8s (X)
     in progress... |###############     | 075% :           08m-25.3s (E)           11m-13.8s (X)
     in progress... |################    | 080% :           08m-57.1s (E)           11m-11.4s (X)
     in progress... |#################   | 085% :           09m-31.4s (E)           11m-12.3s (X)
     in progress... |##################  | 090% :           10m-03.0s (E)           11m-10.0s (X)
     in progress... |################### | 095% :           10m-37.2s (E)           11m-10.7s (X)
     in progress... |####################| 100% :           11m-08.6s (E)           11m-08.6s (X)
     --------------------------------------------------------------------------------------------
     p-DIAGOX done in 03.8s with a SCALAPACK grid (8x8)
     --------------------------------------------------------------------------------------------
        
       -3.41436  -3.13841  -3.13841  -2.84449  -2.82654  -2.82654  -2.82287  -2.78506  -2.68813
       -2.68813  -2.68456  -2.63799  -2.61893  -2.61893  -2.01669  -2.01669  -2.01518  -2.00106
       -1.99463  -1.99463  -1.99115  -1.99115  -1.97476  -1.97151  -1.96401  -1.96401  -1.96090
       -1.96090  -1.95383  -1.94773  -1.94771  -1.94771  -1.93156  -1.91893  -1.91893  -1.91839
       -1.91560  -1.91560  -1.87770  -1.85674  -1.85674  -1.85181  -1.83763  -1.83763  -1.82847
       -1.82687  -1.82687  -1.82275  -1.80985  -1.80985  -1.80697  -1.77258  -1.46328  -1.26229
       -1.26229  -1.25751  -1.25751  -1.25391  -1.25130  -1.25046  -1.25046  -1.24501  -1.24183
       -1.24183  -1.23491  -1.03287  -1.03287  -1.01909  -1.00500  -1.00500  -1.00358  -0.99499
       -0.96975  -0.86488  -0.86488  -0.86223  -0.86223  -0.85693  -0.85610  -0.83641  -0.83641
       -0.83306  -0.83306  -0.82649  -0.82410  -0.82410  -0.82373  -0.82311  -0.82300  -0.82300
       -0.82258  -0.82012  -0.82012  -0.81901  -0.81699  -0.81665  -0.81665  -0.81504  -0.81459
       -0.81459  -0.80220  -0.80220  -0.79689  -0.79689  -0.79665  -0.79665  -0.79580  -0.79276
       -0.78669  -0.78669  -0.78654  -0.78536  -0.77375  -0.77375  -0.76967  -0.73532  -0.73532
       -0.72936  -0.72922  -0.72922  -0.71557  -0.68578  -0.68578  -0.67903  -0.67852  -0.67852
       -0.67221  -0.67221  -0.67150  -0.67002  -0.66696  -0.66559  -0.66558  -0.66484  -0.66484
       -0.66261  -0.66261  -0.65828  -0.64651  -0.64651  -0.59183  -0.59183  -0.59162  -0.59162
       -0.58948  -0.58948  -0.58821  -0.58510  -0.58510  -0.58368  -0.58360  -0.57957  -0.57956
       -0.57684  -0.56989  -0.56989  -0.56858  -0.56858  -0.56730  -0.56459  -0.56410  -0.56399
       -0.56399  -0.55725  -0.55724  -0.55237  -0.54958  -0.54958  -0.52717  -0.52717  -0.52290
       -0.52290  -0.52118  -0.52108  -0.52108  -0.52043  -0.51978  -0.51942  -0.51941  -0.51859
       -0.51751  -0.51751  -0.51714  -0.51690  -0.51559  -0.51559  -0.51441  -0.51440  -0.51344
       -0.51064  -0.50454  -0.50131  -0.50131  -0.49941  -0.49940  -0.48996  -0.48965  -0.48965
       -0.48938  -0.48938  -0.48788  -0.48733  -0.48590  -0.47820  -0.47783  -0.47782  -0.47592
       -0.47592  -0.46640  -0.46155  -0.46155  -0.45995  -0.45612  -0.45547  -0.43201  -0.43201
       -0.39822  -0.39822  -0.39441  -0.39441  -0.39435  -0.38257  -0.38257  -0.38183  -0.38137
       -0.38137  -0.38101  -0.38101  -0.37770  -0.37744  -0.37743  -0.37678  -0.37662  -0.37579
       -0.37579  -0.37549  -0.37549  -0.37535  -0.37533  -0.37533  -0.37482  -0.37442  -0.37412
       -0.37412  -0.37380  -0.37380  -0.37341  -0.37321  -0.37293  -0.37292  -0.37181  -0.37095
       -0.37074  -0.37074  -0.36924  -0.36716  -0.36716  -0.36175  -0.36174  -0.36146  -0.36146
       -0.35990  -0.35504  -0.35503  -0.35383  -0.35382  -0.35356  -0.35299  -0.35299  -0.35293
       -0.35268  -0.35244  -0.35173  -0.35173  -0.35152  -0.35152  -0.35141  -0.35062  -0.34977
       -0.34970  -0.34933  -0.34933  -0.34881  -0.34880  -0.34805  -0.34777  -0.34762  -0.34761
       -0.34529  -0.34529  -0.34460  -0.33847  -0.33847  -0.33652  -0.33652  -0.33568  -0.32020
       -0.32019  -0.31336  -0.30929  -0.30888  -0.30865  -0.30864  -0.30786  -0.30717  -0.30715
       -0.30713  -0.30524  -0.30522  -0.30500  -0.30313  -0.30311  -0.30203  -0.30203  -0.30140
       -0.30139  -0.30118  -0.29713  -0.29048  -0.29048  -0.28996  -0.28995  -0.28841  -0.28653
       -0.28528  -0.28504  -0.28503  -0.28458  -0.28457  -0.28259  -0.28251  -0.28251  -0.28231
       -0.28211  -0.28210  -0.28151  -0.28151  -0.28070  -0.28051  -0.28049  -0.28041  -0.28006
       -0.28004  -0.27972  -0.27971  -0.27919  -0.27859  -0.27840  -0.27817  -0.27814  -0.27812
       -0.27767  -0.27766  -0.27633  -0.27632  -0.27625  -0.27509  -0.27472  -0.27425  -0.27423
       -0.27422  -0.27382  -0.27380  -0.27341  -0.27090  -0.27089  -0.26977  -0.26975  -0.26809
       -0.26722  -0.26720  -0.26693  -0.26522  -0.26521  -0.26521  -0.26519  -0.26380  -0.26378
       -0.26377  -0.26366  -0.26308  -0.26281  -0.26279  -0.26233  -0.26151  -0.26149  -0.26128
       -0.26105  -0.26105  -0.25965  -0.25963  -0.25893  -0.25846  -0.25836  -0.25833  -0.25810
       -0.25806  -0.25755  -0.25695  -0.25693  -0.25646  -0.25625  -0.25623  -0.25614  -0.25612
       -0.25602  -0.25480  -0.25477  -0.25464  -0.25463  -0.25448  -0.25443  -0.25353  -0.25350
       -0.25348  -0.25339  -0.25318  -0.25315  -0.25258  -0.25258  -0.25220  -0.25211  -0.25200
       -0.25197  -0.25195  -0.25045  -0.25039  -0.24964  -0.24964  -0.24592  -0.24590  -0.24587
       -0.24584  -0.24582  -0.24397  -0.24263  -0.24094  -0.24092  -0.24085  -0.23993  -0.23948
       -0.23937  -0.23934  -0.23933  -0.23931  -0.23836  -0.23793  -0.23597  -0.23595  -0.23592
       -0.23588  -0.23474  -0.23470  -0.23457  -0.23370  -0.23052  -0.23051  -0.23049  -0.23018
       -0.23016  -0.22938  -0.22882  -0.22880  -0.22817  -0.22739  -0.22691  -0.22689  -0.22659
       -0.22654  -0.22497  -0.22495  -0.22480  -0.22478  -0.22358  -0.22304  -0.22292  -0.22289
       -0.22167  -0.22152  -0.22146  -0.22071  -0.21951  -0.21947  -0.21878  -0.21708  -0.21620
       -0.21616  -0.21609  -0.21607  -0.21590  -0.21585  -0.21028  -0.20645  -0.20643  -0.20522
       -0.20513  -0.20511  -0.20458  -0.20127  -0.20063  -0.20045  -0.20043  -0.20039  -0.20031
       -0.20025  -0.19892  -0.19890  -0.19886  -0.19798  -0.19792  -0.19730  -0.19728  -0.19569
       -0.19322  -0.19314  -0.18964  -0.18954  -0.18592  -0.18476  -0.18335  -0.18333  -0.18329
       -0.18319  -0.18284  -0.18280  -0.18205  -0.18165  -0.18157  -0.18149  -0.18144  -0.18138
       -0.18134  -0.18048  -0.18034  -0.18028  -0.18015  -0.18009  -0.17991  -0.17897  -0.17849
       -0.17841  -0.17780  -0.17743  -0.17738  -0.17707  -0.17697  -0.17591  -0.17586  -0.17565
       -0.17554  -0.17534  -0.17509  -0.17478  -0.17474  -0.17462  -0.17455  -0.17443  -0.17412
       -0.17379  -0.17374  -0.17351  -0.17345  -0.17328  -0.17318  -0.17313  -0.17306  -0.17301
       -0.17297  -0.17292  -0.17284  -0.17272  -0.17253  -0.17241  -0.17183  -0.17150  -0.17138
       -0.17132  -0.17126  -0.17115  -0.17111  -0.17103  -0.17083  -0.17027  -0.17019  -0.17007
       -0.16894  -0.16883  -0.16881  -0.16805  -0.16758  -0.16753  -0.16673  -0.16671  -0.16668
       -0.16664  -0.16637  -0.16623  -0.16611  -0.16569  -0.16439  -0.16371  -0.16364  -0.16320
       -0.16304  -0.16297  -0.16202  -0.16189  -0.16107  -0.16098  -0.15876  -0.15870  -0.15832
       -0.15648  -0.15594  -0.15268  -0.15255  -0.15072  -0.15069  -0.15063  -0.15045  -0.15039
       -0.15018  -0.15010  -0.14964  -0.14958  -0.14953  -0.14940  -0.14933  -0.14931  -0.14917
       -0.14837  -0.14835  -0.14824  -0.14816  -0.14634  -0.14530  -0.14518  -0.14511  -0.14493
       -0.14459  -0.14384  -0.14381  -0.14372  -0.14361  -0.14352  -0.14345  -0.14224  -0.14219
       -0.14159  -0.14100  -0.14095  -0.14059  -0.14052  -0.13933  -0.13898  -0.13893  -0.13735
       -0.13720  -0.13700  -0.13680  -0.13671  -0.13646  -0.13605  -0.13509  -0.13499  -0.13488
       -0.13484  -0.13428  -0.13359  -0.13348  -0.13157  -0.13143  -0.13082  -0.13075  -0.13066
       -0.13052  -0.13045  -0.13033  -0.13027  -0.13016  -0.12988  -0.12985  -0.12973  -0.12958
       -0.12954  -0.12950  -0.12939  -0.12929  -0.12919  -0.12915  -0.12905  -0.12894  -0.12890
       -0.12878  -0.12867  -0.12851  -0.12834  -0.12827  -0.12811  -0.12792  -0.12777  -0.12760
       -0.12723  -0.12718  -0.12714  -0.12696  -0.12684  -0.12671  -0.12650  -0.12608  -0.12602
       -0.12591  -0.12575  -0.12550  -0.12547  -0.12527  -0.12461  -0.12442  -0.12393  -0.12376
       -0.12217  -0.11991  -0.11962  -0.11951  -0.11746  -0.11735  -0.11471  -0.11436  -0.11397
       -0.11359  -0.11325  -0.11304  -0.11215  -0.11168  -0.11160  -0.11142  -0.11132  -0.11112
       -0.11055  -0.11045  -0.11031  -0.11002  -0.10984  -0.10975  -0.10961  -0.10950  -0.10938
       -0.10932  -0.10925  -0.10903  -0.10893  -0.10880  -0.10871  -0.10853  -0.10837  -0.10820
       -0.10806  -0.10801  -0.10790  -0.10776  -0.10768  -0.10762  -0.10744  -0.10733  -0.10718
       -0.10707  -0.10695  -0.10679  -0.10669  -0.10648  -0.10643  -0.10622  -0.10615  -0.10587
       -0.10569  -0.10546  -0.10530  -0.10510  -0.10505  -0.10460  -0.10432  -0.10416  -0.10384
       -0.10309  -0.10235  -0.10219  -0.10180  -0.10163  -0.10153  -0.10096  -0.10048  -0.10042
       -0.10019  -0.09999  -0.09989  -0.09978  -0.09960  -0.09945  -0.09929  -0.09915  -0.09895
       -0.09885  -0.09870  -0.09851  -0.09843  -0.09832  -0.09827  -0.09815  -0.09805  -0.09798
       -0.09796  -0.09781  -0.09765  -0.09761  -0.09752  -0.09738  -0.09722  -0.09702  -0.09681
       -0.09670  -0.09652  -0.09644  -0.09624  -0.09618  -0.09596  -0.09585  -0.09568  -0.09555
       -0.09531  -0.09435  -0.09404  -0.09394  -0.09377  -0.09343  -0.09317  -0.09296  -0.09280
       -0.09267  -0.09234  -0.09225  -0.09212  -0.09205  -0.09188  -0.09175  -0.09164  -0.09157
       -0.09133  -0.09122  -0.09110  -0.09106  -0.09091  -0.09078  -0.09062  -0.09054  -0.09048
       -0.09037  -0.09025  -0.09022  -0.09008  -0.08998  -0.08994  -0.08987  -0.08977  -0.08965
       -0.08953  -0.08951  -0.08940  -0.08932  -0.08926  -0.08918  -0.08910  -0.08904  -0.08899
       -0.08886  -0.08878  -0.08875  -0.08868  -0.08864  -0.08854  -0.08848  -0.08841  -0.08833
       -0.08831  -0.08814  -0.08798  -0.08789  -0.08786  -0.08779  -0.08773  -0.08765  -0.08754
       -0.08746  -0.08740  -0.08723  -0.08717  -0.08709  -0.08700  -0.08692  -0.08688  -0.08673
       -0.08667  -0.08662  -0.08649  -0.08646  -0.08627  -0.08622  -0.08613  -0.08599  -0.08582
       -0.08572  -0.08553  -0.08546  -0.08529  -0.08518  -0.08507  -0.08492  -0.08484  -0.08462
       -0.08449  -0.08444  -0.08434  -0.08422  -0.08409  -0.08389  -0.08370  -0.08355  -0.08321
       -0.08290  -0.08286  -0.08266  -0.08235  -0.08223  -0.08186  -0.08163  -0.08128  -0.08101
       -0.08066  -0.08027  -0.07986  -0.07966  -0.07934  -0.07888  -0.07847  -0.07826  -0.07732
       -0.07716  -0.07692  -0.07653  -0.07651  -0.07622  -0.07613  -0.07576  -0.07559  -0.07538
       -0.07512  -0.07486  -0.07468  -0.07458  -0.07428  -0.07414  -0.07395  -0.07390  -0.07371
       -0.07356  -0.07326  -0.07302  -0.07287  -0.07257  -0.07241  -0.07233  -0.07218  -0.07202
       -0.07188  -0.07176  -0.07157  -0.07152  -0.07137  -0.07123  -0.07105  -0.07102  -0.07080
       -0.07070  -0.07053  -0.07041  -0.07030  -0.07015  -0.07000  -0.06987  -0.06980  -0.06973
       -0.06958  -0.06919  -0.06909  -0.06901  -0.06892  -0.06879  -0.06864  -0.06857  -0.06837
       -0.06818
        
     --------------------------------------------------------------------------------------------
     Tot. elapsed time 18m-10.0s,  time spent in last iteration 11m-16.3s
     --------------------------------------------------------------------------------------------

     [I/O] -------------------------------------------------------
     [I/O] RESTART written in < 00.1s             
     [I/O] In location   : ./b.wstat.restart
     [I/O] -------------------------------------------------------

                       *----------*              *----------*               *----------*
     #     Iteration = |        2 |   DFPT_dim = |     1000 |   Diago_dim = |     3000 |
                       *----------*              *----------*               *----------*
     per-process dynamical memory   208.5 Mb
  
       
     --------------------------------------------------------------------------------------------
     Sternheimer eq. solver... with threshold =   1.000000E-12           
     --------------------------------------------------------------------------------------------
     in progress... |#                   | 005% :               34.2s (E)           11m-25.0s (X)
     in progress... |##                  | 010% :           01m-05.7s (E)           10m-57.0s (X)
     in progress... |###                 | 015% :           01m-39.8s (E)           11m-05.3s (X)
     in progress... |####                | 020% :           02m-11.2s (E)           10m-56.1s (X)
     in progress... |#####               | 025% :           02m-45.1s (E)           11m-00.7s (X)
     in progress... |######              | 030% :           03m-16.4s (E)           10m-54.9s (X)
     in progress... |#######             | 035% :           03m-50.2s (E)           10m-57.8s (X)
     in progress... |########            | 040% :           04m-21.4s (E)           10m-53.6s (X)
     in progress... |#########           | 045% :           04m-55.1s (E)           10m-55.8s (X)
     in progress... |##########          | 050% :           05m-26.2s (E)           10m-52.4s (X)
     in progress... |###########         | 055% :           05m-59.8s (E)           10m-54.2s (X)
     in progress... |############        | 060% :           06m-30.8s (E)           10m-51.3s (X)
     in progress... |#############       | 065% :           07m-04.2s (E)           10m-52.7s (X)
     in progress... |##############      | 070% :           07m-35.3s (E)           10m-50.4s (X)
     in progress... |###############     | 075% :           08m-08.7s (E)           10m-51.6s (X)
     in progress... |################    | 080% :           08m-39.5s (E)           10m-49.4s (X)
     in progress... |#################   | 085% :           09m-12.8s (E)           10m-50.4s (X)
     in progress... |##################  | 090% :           09m-43.6s (E)           10m-48.4s (X)
     in progress... |################### | 095% :           10m-16.9s (E)           10m-49.4s (X)
     in progress... |####################| 100% :           10m-47.6s (E)           10m-47.6s (X)
     --------------------------------------------------------------------------------------------
     p-DIAGOX done in 09.5s with a SCALAPACK grid (8x8)
     --------------------------------------------------------------------------------------------
        
       -3.41436  -3.13841  -3.13841  -2.84449  -2.82654  -2.82654  -2.82287  -2.78506  -2.68813
       -2.68813  -2.68456  -2.63799  -2.61893  -2.61893  -2.01669  -2.01669  -2.01518  -2.00106
       -1.99463  -1.99463  -1.99115  -1.99115  -1.97476  -1.97151  -1.96401  -1.96401  -1.96090
       -1.96090  -1.95383  -1.94773  -1.94771  -1.94771  -1.93156  -1.91893  -1.91893  -1.91839
       -1.91560  -1.91560  -1.87770  -1.85674  -1.85674  -1.85181  -1.83763  -1.83763  -1.82847
       -1.82687  -1.82687  -1.82275  -1.80985  -1.80985  -1.80697  -1.77258  -1.46328  -1.26230
       -1.26230  -1.25751  -1.25751  -1.25391  -1.25130  -1.25046  -1.25046  -1.24501  -1.24183
       -1.24183  -1.23491  -1.03287  -1.03287  -1.01909  -1.00500  -1.00500  -1.00358  -0.99499
       -0.96975  -0.86488  -0.86488  -0.86223  -0.86223  -0.85693  -0.85610  -0.83641  -0.83641
       -0.83307  -0.83307  -0.82649  -0.82410  -0.82410  -0.82373  -0.82311  -0.82300  -0.82300
       -0.82259  -0.82012  -0.82012  -0.81902  -0.81699  -0.81665  -0.81665  -0.81505  -0.81459
       -0.81459  -0.80220  -0.80220  -0.79690  -0.79690  -0.79665  -0.79665  -0.79580  -0.79276
       -0.78669  -0.78669  -0.78654  -0.78536  -0.77375  -0.77375  -0.76968  -0.73533  -0.73533
       -0.72936  -0.72922  -0.72922  -0.71557  -0.68579  -0.68579  -0.67903  -0.67852  -0.67852
       -0.67221  -0.67221  -0.67150  -0.67002  -0.66696  -0.66559  -0.66559  -0.66485  -0.66485
       -0.66261  -0.66261  -0.65829  -0.64652  -0.64652  -0.59184  -0.59184  -0.59162  -0.59162
       -0.58948  -0.58948  -0.58821  -0.58510  -0.58510  -0.58369  -0.58360  -0.57957  -0.57957
       -0.57684  -0.56989  -0.56989  -0.56859  -0.56859  -0.56730  -0.56460  -0.56411  -0.56400
       -0.56400  -0.55725  -0.55725  -0.55238  -0.54959  -0.54959  -0.52718  -0.52718  -0.52291
       -0.52291  -0.52118  -0.52109  -0.52109  -0.52044  -0.51979  -0.51943  -0.51943  -0.51860
       -0.51752  -0.51752  -0.51715  -0.51691  -0.51560  -0.51560  -0.51441  -0.51441  -0.51345
       -0.51065  -0.50455  -0.50132  -0.50132  -0.49942  -0.49942  -0.48997  -0.48966  -0.48966
       -0.48940  -0.48940  -0.48789  -0.48734  -0.48591  -0.47822  -0.47784  -0.47784  -0.47593
       -0.47593  -0.46641  -0.46156  -0.46156  -0.45996  -0.45613  -0.45549  -0.43203  -0.43203
       -0.39824  -0.39824  -0.39443  -0.39443  -0.39436  -0.38259  -0.38259  -0.38185  -0.38139
       -0.38139  -0.38103  -0.38103  -0.37772  -0.37746  -0.37746  -0.37682  -0.37665  -0.37582
       -0.37582  -0.37552  -0.37552  -0.37538  -0.37536  -0.37536  -0.37486  -0.37445  -0.37414
       -0.37414  -0.37383  -0.37383  -0.37343  -0.37324  -0.37296  -0.37296  -0.37184  -0.37097
       -0.37078  -0.37078  -0.36927  -0.36719  -0.36719  -0.36178  -0.36178  -0.36148  -0.36148
       -0.35992  -0.35506  -0.35506  -0.35385  -0.35385  -0.35359  -0.35302  -0.35302  -0.35295
       -0.35271  -0.35247  -0.35175  -0.35175  -0.35154  -0.35154  -0.35143  -0.35064  -0.34979
       -0.34973  -0.34936  -0.34936  -0.34884  -0.34884  -0.34808  -0.34780  -0.34765  -0.34765
       -0.34533  -0.34533  -0.34464  -0.33851  -0.33851  -0.33655  -0.33655  -0.33573  -0.32025
       -0.32025  -0.31341  -0.30938  -0.30896  -0.30873  -0.30873  -0.30791  -0.30722  -0.30722
       -0.30722  -0.30532  -0.30532  -0.30505  -0.30320  -0.30320  -0.30212  -0.30212  -0.30147
       -0.30147  -0.30122  -0.29722  -0.29058  -0.29058  -0.29004  -0.29004  -0.28844  -0.28663
       -0.28538  -0.28510  -0.28510  -0.28466  -0.28466  -0.28268  -0.28262  -0.28262  -0.28244
       -0.28221  -0.28221  -0.28164  -0.28164  -0.28079  -0.28062  -0.28062  -0.28052  -0.28015
       -0.28015  -0.27983  -0.27983  -0.27928  -0.27870  -0.27849  -0.27827  -0.27827  -0.27825
       -0.27775  -0.27775  -0.27641  -0.27641  -0.27636  -0.27518  -0.27480  -0.27438  -0.27432
       -0.27432  -0.27390  -0.27390  -0.27351  -0.27098  -0.27098  -0.26985  -0.26985  -0.26819
       -0.26735  -0.26735  -0.26705  -0.26533  -0.26533  -0.26533  -0.26533  -0.26392  -0.26390
       -0.26390  -0.26378  -0.26317  -0.26290  -0.26290  -0.26244  -0.26160  -0.26160  -0.26140
       -0.26116  -0.26116  -0.25977  -0.25977  -0.25905  -0.25855  -0.25846  -0.25846  -0.25819
       -0.25819  -0.25766  -0.25705  -0.25705  -0.25656  -0.25635  -0.25635  -0.25625  -0.25625
       -0.25613  -0.25491  -0.25491  -0.25479  -0.25479  -0.25460  -0.25456  -0.25362  -0.25362
       -0.25360  -0.25353  -0.25329  -0.25329  -0.25268  -0.25268  -0.25239  -0.25226  -0.25212
       -0.25211  -0.25211  -0.25060  -0.25060  -0.24982  -0.24982  -0.24608  -0.24608  -0.24600
       -0.24600  -0.24593  -0.24409  -0.24273  -0.24111  -0.24111  -0.24103  -0.24003  -0.23976
       -0.23950  -0.23950  -0.23949  -0.23949  -0.23852  -0.23820  -0.23619  -0.23619  -0.23615
       -0.23615  -0.23490  -0.23490  -0.23487  -0.23382  -0.23071  -0.23071  -0.23064  -0.23035
       -0.23035  -0.22949  -0.22896  -0.22896  -0.22835  -0.22749  -0.22702  -0.22702  -0.22673
       -0.22673  -0.22510  -0.22510  -0.22492  -0.22492  -0.22370  -0.22324  -0.22305  -0.22305
       -0.22185  -0.22170  -0.22170  -0.22094  -0.21968  -0.21968  -0.21892  -0.21725  -0.21638
       -0.21638  -0.21624  -0.21624  -0.21613  -0.21613  -0.21050  -0.20665  -0.20665  -0.20543
       -0.20534  -0.20534  -0.20480  -0.20159  -0.20092  -0.20072  -0.20072  -0.20068  -0.20068
       -0.20060  -0.19922  -0.19922  -0.19911  -0.19828  -0.19828  -0.19760  -0.19760  -0.19599
       -0.19348  -0.19348  -0.19007  -0.19007  -0.18622  -0.18522  -0.18373  -0.18373  -0.18366
       -0.18360  -0.18314  -0.18314  -0.18252  -0.18195  -0.18194  -0.18187  -0.18176  -0.18176
       -0.18176  -0.18087  -0.18087  -0.18062  -0.18049  -0.18049  -0.18023  -0.17934  -0.17880
       -0.17880  -0.17818  -0.17775  -0.17775  -0.17740  -0.17740  -0.17629  -0.17629  -0.17598
       -0.17598  -0.17567  -0.17549  -0.17516  -0.17516  -0.17503  -0.17495  -0.17494  -0.17446
       -0.17415  -0.17415  -0.17389  -0.17389  -0.17362  -0.17357  -0.17357  -0.17344  -0.17338
       -0.17338  -0.17321  -0.17321  -0.17321  -0.17283  -0.17276  -0.17219  -0.17183  -0.17183
       -0.17158  -0.17158  -0.17156  -0.17143  -0.17143  -0.17120  -0.17062  -0.17062  -0.17045
       -0.16926  -0.16926  -0.16918  -0.16836  -0.16791  -0.16791  -0.16705  -0.16705  -0.16702
       -0.16702  -0.16679  -0.16657  -0.16657  -0.16609  -0.16479  -0.16405  -0.16405  -0.16355
       -0.16345  -0.16345  -0.16243  -0.16227  -0.16141  -0.16141  -0.15918  -0.15918  -0.15876
       -0.15697  -0.15642  -0.15312  -0.15312  -0.15113  -0.15113  -0.15106  -0.15086  -0.15086
       -0.15057  -0.15050  -0.15011  -0.15007  -0.15007  -0.14985  -0.14985  -0.14982  -0.14967
       -0.14884  -0.14884  -0.14870  -0.14870  -0.14687  -0.14574  -0.14574  -0.14558  -0.14551
       -0.14509  -0.14434  -0.14434  -0.14428  -0.14427  -0.14410  -0.14410  -0.14281  -0.14281
       -0.14221  -0.14150  -0.14150  -0.14109  -0.14109  -0.14009  -0.13965  -0.13965  -0.13797
       -0.13797  -0.13780  -0.13753  -0.13742  -0.13716  -0.13680  -0.13580  -0.13580  -0.13566
       -0.13566  -0.13516  -0.13436  -0.13436  -0.13225  -0.13225  -0.13177  -0.13158  -0.13158
       -0.13130  -0.13130  -0.13126  -0.13104  -0.13104  -0.13079  -0.13055  -0.13051  -0.13044
       -0.13044  -0.13037  -0.13037  -0.13024  -0.13024  -0.12994  -0.12992  -0.12992  -0.12989
       -0.12989  -0.12972  -0.12961  -0.12922  -0.12919  -0.12919  -0.12899  -0.12899  -0.12828
       -0.12826  -0.12825  -0.12807  -0.12772  -0.12772  -0.12746  -0.12746  -0.12705  -0.12698
       -0.12698  -0.12693  -0.12636  -0.12627  -0.12627  -0.12583  -0.12583  -0.12521  -0.12469
       -0.12311  -0.12134  -0.12079  -0.12079  -0.11859  -0.11859  -0.11671  -0.11662  -0.11581
       -0.11580  -0.11532  -0.11531  -0.11387  -0.11325  -0.11311  -0.11311  -0.11287  -0.11286
       -0.11222  -0.11205  -0.11205  -0.11167  -0.11166  -0.11153  -0.11152  -0.11129  -0.11118
       -0.11117  -0.11115  -0.11109  -0.11108  -0.11103  -0.11103  -0.11048  -0.11043  -0.11004
       -0.11003  -0.10995  -0.10968  -0.10941  -0.10941  -0.10913  -0.10898  -0.10881  -0.10881
       -0.10874  -0.10874  -0.10871  -0.10871  -0.10870  -0.10835  -0.10834  -0.10778  -0.10773
       -0.10723  -0.10707  -0.10707  -0.10701  -0.10701  -0.10635  -0.10634  -0.10627  -0.10588
       -0.10496  -0.10415  -0.10414  -0.10376  -0.10370  -0.10370  -0.10288  -0.10200  -0.10200
       -0.10175  -0.10156  -0.10155  -0.10144  -0.10143  -0.10130  -0.10125  -0.10125  -0.10056
       -0.10026  -0.10025  -0.10014  -0.10013  -0.10013  -0.10008  -0.09974  -0.09973  -0.09968
       -0.09968  -0.09966  -0.09943  -0.09942  -0.09942  -0.09935  -0.09918  -0.09918  -0.09883
       -0.09882  -0.09880  -0.09836  -0.09836  -0.09811  -0.09811  -0.09800  -0.09774  -0.09774
       -0.09709  -0.09637  -0.09637  -0.09610  -0.09609  -0.09523  -0.09505  -0.09489  -0.09488
       -0.09455  -0.09425  -0.09425  -0.09416  -0.09405  -0.09405  -0.09397  -0.09375  -0.09355
       -0.09355  -0.09328  -0.09328  -0.09323  -0.09312  -0.09311  -0.09292  -0.09262  -0.09262
       -0.09258  -0.09257  -0.09230  -0.09219  -0.09208  -0.09206  -0.09187  -0.09186  -0.09185
       -0.09180  -0.09176  -0.09166  -0.09166  -0.09148  -0.09145  -0.09144  -0.09134  -0.09129
       -0.09126  -0.09121  -0.09120  -0.09118  -0.09112  -0.09112  -0.09107  -0.09106  -0.09101
       -0.09100  -0.09099  -0.09098  -0.09097  -0.09097  -0.09095  -0.09092  -0.09086  -0.09085
       -0.09081  -0.09070  -0.09058  -0.09055  -0.09055  -0.09032  -0.09031  -0.09015  -0.09015
       -0.09015  -0.09014  -0.09013  -0.08987  -0.08986  -0.08984  -0.08967  -0.08966  -0.08927
       -0.08926  -0.08903  -0.08903  -0.08894  -0.08892  -0.08857  -0.08849  -0.08835  -0.08834
       -0.08834  -0.08830  -0.08813  -0.08773  -0.08772  -0.08716  -0.08688  -0.08687  -0.08678
       -0.08677  -0.08674  -0.08674  -0.08587  -0.08586  -0.08534  -0.08533  -0.08450  -0.08419
       -0.08350  -0.08349  -0.08345  -0.08344  -0.08312  -0.08225  -0.08223  -0.08165  -0.08056
       -0.08009  -0.08002  -0.08001  -0.07992  -0.07977  -0.07976  -0.07913  -0.07831  -0.07829
       -0.07828  -0.07798  -0.07794  -0.07792  -0.07779  -0.07739  -0.07733  -0.07730  -0.07729
       -0.07729  -0.07720  -0.07700  -0.07646  -0.07634  -0.07631  -0.07627  -0.07625  -0.07541
       -0.07540  -0.07532  -0.07490  -0.07489  -0.07487  -0.07485  -0.07476  -0.07464  -0.07463
       -0.07445  -0.07442  -0.07434  -0.07432  -0.07430  -0.07428  -0.07349  -0.07347  -0.07299
       -0.07296  -0.07295  -0.07291  -0.07285  -0.07272  -0.07271  -0.07257  -0.07251  -0.07250
       -0.07212
        
     --------------------------------------------------------------------------------------------
     Tot. elapsed time 29m-14.7s,  time spent in last iteration 11m-02.6s
     --------------------------------------------------------------------------------------------

     [I/O] -------------------------------------------------------
     [I/O] RESTART written in < 00.1s             
     [I/O] In location   : ./b.wstat.restart
     [I/O] -------------------------------------------------------

                       *----------*              *----------*               *----------*
     #     Iteration = |        3 |   DFPT_dim = |      294 |   Diago_dim = |     3294 |
                       *----------*              *----------*               *----------*
     per-process dynamical memory   207.6 Mb
  
       
     --------------------------------------------------------------------------------------------
     Sternheimer eq. solver... with threshold =   1.000000E-12           
     --------------------------------------------------------------------------------------------
     in progress... |#                   | 005% :               10.3s (E)           03m-26.0s (X)
     in progress... |##                  | 010% :               20.5s (E)           03m-25.5s (X)
     in progress... |###                 | 015% :               30.8s (E)           03m-25.4s (X)
     in progress... |####                | 020% :               38.5s (E)           03m-12.5s (X)
     in progress... |#####               | 025% :               48.7s (E)           03m-15.0s (X)
     in progress... |######              | 030% :               59.0s (E)           03m-16.9s (X)
     in progress... |#######             | 035% :           01m-06.7s (E)           03m-10.7s (X)
     in progress... |########            | 040% :           01m-17.0s (E)           03m-12.7s (X)
     in progress... |#########           | 045% :           01m-27.3s (E)           03m-14.0s (X)
     in progress... |##########          | 050% :           01m-35.0s (E)           03m-10.0s (X)
     in progress... |###########         | 055% :           01m-45.2s (E)           03m-11.3s (X)
     in progress... |############        | 060% :           01m-55.5s (E)           03m-12.5s (X)
     in progress... |#############       | 065% :           02m-05.7s (E)           03m-13.5s (X)
     in progress... |##############      | 070% :           02m-13.4s (E)           03m-10.6s (X)
     in progress... |###############     | 075% :           02m-23.6s (E)           03m-11.5s (X)
     in progress... |################    | 080% :           02m-33.9s (E)           03m-12.3s (X)
     in progress... |#################   | 085% :           02m-41.5s (E)           03m-10.1s (X)
     in progress... |##################  | 090% :           02m-51.8s (E)           03m-10.9s (X)
     in progress... |################### | 095% :           03m-02.0s (E)           03m-11.6s (X)
     in progress... |####################| 100% :           03m-09.7s (E)           03m-09.7s (X)
     --------------------------------------------------------------------------------------------
     p-DIAGOX done in 12.5s with a SCALAPACK grid (8x8)
     --------------------------------------------------------------------------------------------
        
       -3.41436  -3.13841  -3.13841  -2.84449  -2.82654  -2.82654  -2.82287  -2.78506  -2.68813
       -2.68813  -2.68456  -2.63799  -2.61893  -2.61893  -2.01669  -2.01669  -2.01518  -2.00106
       -1.99463  -1.99463  -1.99115  -1.99115  -1.97476  -1.97151  -1.96401  -1.96401  -1.96090
       -1.96090  -1.95383  -1.94773  -1.94771  -1.94771  -1.93156  -1.91893  -1.91893  -1.91839
       -1.91560  -1.91560  -1.87770  -1.85674  -1.85674  -1.85181  -1.83763  -1.83763  -1.82847
       -1.82687  -1.82687  -1.82275  -1.80985  -1.80985  -1.80697  -1.77258  -1.46328  -1.26230
       -1.26230  -1.25751  -1.25751  -1.25391  -1.25130  -1.25046  -1.25046  -1.24501  -1.24183
       -1.24183  -1.23491  -1.03287  -1.03287  -1.01909  -1.00500  -1.00500  -1.00358  -0.99499
       -0.96975  -0.86488  -0.86488  -0.86223  -0.86223  -0.85693  -0.85610  -0.83641  -0.83641
       -0.83307  -0.83307  -0.82649  -0.82410  -0.82410  -0.82373  -0.82311  -0.82300  -0.82300
       -0.82259  -0.82012  -0.82012  -0.81902  -0.81699  -0.81665  -0.81665  -0.81505  -0.81459
       -0.81459  -0.80220  -0.80220  -0.79690  -0.79690  -0.79665  -0.79665  -0.79580  -0.79276
       -0.78669  -0.78669  -0.78654  -0.78536  -0.77375  -0.77375  -0.76968  -0.73533  -0.73533
       -0.72936  -0.72922  -0.72922  -0.71557  -0.68579  -0.68579  -0.67903  -0.67852  -0.67852
       -0.67221  -0.67221  -0.67150  -0.67002  -0.66696  -0.66559  -0.66559  -0.66485  -0.66485
       -0.66261  -0.66261  -0.65829  -0.64652  -0.64652  -0.59184  -0.59184  -0.59162  -0.59162
       -0.58948  -0.58948  -0.58821  -0.58510  -0.58510  -0.58369  -0.58360  -0.57957  -0.57957
       -0.57684  -0.56989  -0.56989  -0.56859  -0.56859  -0.56730  -0.56460  -0.56411  -0.56400
       -0.56400  -0.55725  -0.55725  -0.55238  -0.54959  -0.54959  -0.52718  -0.52718  -0.52291
       -0.52291  -0.52118  -0.52109  -0.52109  -0.52044  -0.51979  -0.51943  -0.51943  -0.51860
       -0.51752  -0.51752  -0.51715  -0.51691  -0.51560  -0.51560  -0.51441  -0.51441  -0.51345
       -0.51065  -0.50455  -0.50132  -0.50132  -0.49942  -0.49942  -0.48997  -0.48966  -0.48966
       -0.48940  -0.48940  -0.48789  -0.48734  -0.48591  -0.47822  -0.47784  -0.47784  -0.47593
       -0.47593  -0.46641  -0.46156  -0.46156  -0.45996  -0.45613  -0.45549  -0.43203  -0.43203
       -0.39824  -0.39824  -0.39443  -0.39443  -0.39436  -0.38259  -0.38259  -0.38185  -0.38139
       -0.38139  -0.38103  -0.38103  -0.37772  -0.37746  -0.37746  -0.37682  -0.37665  -0.37582
       -0.37582  -0.37552  -0.37552  -0.37538  -0.37536  -0.37536  -0.37486  -0.37445  -0.37414
       -0.37414  -0.37383  -0.37383  -0.37343  -0.37324  -0.37296  -0.37296  -0.37184  -0.37097
       -0.37078  -0.37078  -0.36927  -0.36719  -0.36719  -0.36178  -0.36178  -0.36148  -0.36148
       -0.35992  -0.35506  -0.35506  -0.35385  -0.35385  -0.35359  -0.35302  -0.35302  -0.35295
       -0.35271  -0.35247  -0.35175  -0.35175  -0.35154  -0.35154  -0.35143  -0.35064  -0.34979
       -0.34973  -0.34936  -0.34936  -0.34884  -0.34884  -0.34808  -0.34780  -0.34765  -0.34765
       -0.34533  -0.34533  -0.34464  -0.33851  -0.33851  -0.33655  -0.33655  -0.33573  -0.32025
       -0.32025  -0.31341  -0.30938  -0.30896  -0.30873  -0.30873  -0.30791  -0.30722  -0.30722
       -0.30722  -0.30532  -0.30532  -0.30505  -0.30320  -0.30320  -0.30212  -0.30212  -0.30147
       -0.30147  -0.30122  -0.29722  -0.29058  -0.29058  -0.29004  -0.29004  -0.28844  -0.28663
       -0.28538  -0.28510  -0.28510  -0.28466  -0.28466  -0.28268  -0.28262  -0.28262  -0.28244
       -0.28221  -0.28221  -0.28164  -0.28164  -0.28079  -0.28062  -0.28062  -0.28052  -0.28015
       -0.28015  -0.27983  -0.27983  -0.27928  -0.27870  -0.27849  -0.27827  -0.27827  -0.27825
       -0.27775  -0.27775  -0.27641  -0.27641  -0.27636  -0.27518  -0.27480  -0.27439  -0.27432
       -0.27432  -0.27390  -0.27390  -0.27351  -0.27098  -0.27098  -0.26985  -0.26985  -0.26819
       -0.26735  -0.26735  -0.26705  -0.26533  -0.26533  -0.26533  -0.26533  -0.26392  -0.26390
       -0.26390  -0.26378  -0.26317  -0.26290  -0.26290  -0.26244  -0.26160  -0.26160  -0.26140
       -0.26116  -0.26116  -0.25977  -0.25977  -0.25905  -0.25855  -0.25846  -0.25846  -0.25819
       -0.25819  -0.25766  -0.25705  -0.25705  -0.25656  -0.25635  -0.25635  -0.25625  -0.25625
       -0.25613  -0.25491  -0.25491  -0.25479  -0.25479  -0.25460  -0.25456  -0.25362  -0.25362
       -0.25360  -0.25353  -0.25329  -0.25329  -0.25268  -0.25268  -0.25239  -0.25226  -0.25212
       -0.25211  -0.25211  -0.25060  -0.25060  -0.24982  -0.24982  -0.24608  -0.24608  -0.24600
       -0.24600  -0.24593  -0.24409  -0.24273  -0.24111  -0.24111  -0.24103  -0.24003  -0.23976
       -0.23950  -0.23950  -0.23949  -0.23949  -0.23852  -0.23820  -0.23619  -0.23619  -0.23615
       -0.23615  -0.23490  -0.23490  -0.23487  -0.23382  -0.23071  -0.23071  -0.23064  -0.23035
       -0.23035  -0.22949  -0.22896  -0.22896  -0.22835  -0.22749  -0.22702  -0.22702  -0.22673
       -0.22673  -0.22510  -0.22510  -0.22492  -0.22492  -0.22370  -0.22324  -0.22305  -0.22305
       -0.22185  -0.22170  -0.22170  -0.22094  -0.21968  -0.21968  -0.21892  -0.21725  -0.21638
       -0.21638  -0.21624  -0.21624  -0.21613  -0.21613  -0.21050  -0.20665  -0.20665  -0.20543
       -0.20534  -0.20534  -0.20480  -0.20159  -0.20092  -0.20072  -0.20072  -0.20068  -0.20068
       -0.20060  -0.19922  -0.19922  -0.19911  -0.19828  -0.19828  -0.19760  -0.19760  -0.19600
       -0.19348  -0.19348  -0.19007  -0.19007  -0.18622  -0.18522  -0.18373  -0.18373  -0.18366
       -0.18360  -0.18314  -0.18314  -0.18252  -0.18195  -0.18195  -0.18188  -0.18176  -0.18176
       -0.18176  -0.18087  -0.18087  -0.18062  -0.18049  -0.18049  -0.18023  -0.17934  -0.17880
       -0.17880  -0.17818  -0.17775  -0.17775  -0.17740  -0.17740  -0.17629  -0.17629  -0.17598
       -0.17598  -0.17567  -0.17549  -0.17516  -0.17516  -0.17504  -0.17495  -0.17495  -0.17446
       -0.17415  -0.17415  -0.17389  -0.17389  -0.17362  -0.17357  -0.17357  -0.17344  -0.17338
       -0.17338  -0.17321  -0.17321  -0.17321  -0.17283  -0.17276  -0.17219  -0.17183  -0.17183
       -0.17158  -0.17158  -0.17156  -0.17143  -0.17143  -0.17120  -0.17062  -0.17062  -0.17045
       -0.16926  -0.16926  -0.16918  -0.16836  -0.16791  -0.16791  -0.16705  -0.16705  -0.16702
       -0.16702  -0.16679  -0.16657  -0.16657  -0.16609  -0.16480  -0.16405  -0.16405  -0.16355
       -0.16345  -0.16345  -0.16243  -0.16227  -0.16141  -0.16141  -0.15918  -0.15918  -0.15876
       -0.15698  -0.15642  -0.15312  -0.15312  -0.15113  -0.15113  -0.15106  -0.15086  -0.15086
       -0.15057  -0.15051  -0.15011  -0.15007  -0.15007  -0.14985  -0.14985  -0.14983  -0.14968
       -0.14885  -0.14885  -0.14870  -0.14870  -0.14687  -0.14575  -0.14575  -0.14558  -0.14552
       -0.14509  -0.14434  -0.14434  -0.14428  -0.14428  -0.14410  -0.14410  -0.14281  -0.14281
       -0.14221  -0.14151  -0.14151  -0.14109  -0.14109  -0.14009  -0.13966  -0.13966  -0.13797
       -0.13797  -0.13780  -0.13753  -0.13742  -0.13716  -0.13680  -0.13580  -0.13580  -0.13566
       -0.13566  -0.13517  -0.13436  -0.13436  -0.13225  -0.13225  -0.13178  -0.13158  -0.13158
       -0.13131  -0.13131  -0.13126  -0.13104  -0.13104  -0.13080  -0.13056  -0.13051  -0.13044
       -0.13044  -0.13038  -0.13038  -0.13024  -0.13024  -0.12994  -0.12992  -0.12992  -0.12990
       -0.12990  -0.12973  -0.12961  -0.12923  -0.12919  -0.12919  -0.12899  -0.12899  -0.12828
       -0.12826  -0.12826  -0.12807  -0.12772  -0.12772  -0.12746  -0.12746  -0.12706  -0.12698
       -0.12698  -0.12694  -0.12636  -0.12628  -0.12627  -0.12584  -0.12584  -0.12522  -0.12469
       -0.12311  -0.12135  -0.12080  -0.12079  -0.11860  -0.11860  -0.11673  -0.11664  -0.11582
       -0.11582  -0.11533  -0.11533  -0.11388  -0.11326  -0.11312  -0.11312  -0.11288  -0.11288
       -0.11224  -0.11206  -0.11206  -0.11168  -0.11168  -0.11154  -0.11154  -0.11131  -0.11119
       -0.11119  -0.11116  -0.11110  -0.11110  -0.11104  -0.11104  -0.11050  -0.11045  -0.11005
       -0.11005  -0.10996  -0.10970  -0.10943  -0.10943  -0.10915  -0.10899  -0.10882  -0.10882
       -0.10876  -0.10876  -0.10873  -0.10873  -0.10872  -0.10836  -0.10836  -0.10779  -0.10774
       -0.10724  -0.10709  -0.10709  -0.10702  -0.10702  -0.10636  -0.10636  -0.10628  -0.10590
       -0.10498  -0.10416  -0.10416  -0.10378  -0.10372  -0.10372  -0.10290  -0.10202  -0.10202
       -0.10177  -0.10157  -0.10157  -0.10146  -0.10146  -0.10133  -0.10127  -0.10127  -0.10058
       -0.10027  -0.10027  -0.10016  -0.10016  -0.10016  -0.10011  -0.09976  -0.09976  -0.09970
       -0.09970  -0.09968  -0.09945  -0.09945  -0.09944  -0.09937  -0.09920  -0.09920  -0.09885
       -0.09885  -0.09883  -0.09838  -0.09838  -0.09814  -0.09814  -0.09802  -0.09777  -0.09777
       -0.09711  -0.09640  -0.09640  -0.09612  -0.09612  -0.09526  -0.09508  -0.09492  -0.09492
       -0.09458  -0.09429  -0.09428  -0.09419  -0.09408  -0.09408  -0.09400  -0.09380  -0.09358
       -0.09358  -0.09331  -0.09331  -0.09327  -0.09315  -0.09315  -0.09296  -0.09266  -0.09266
       -0.09262  -0.09262  -0.09234  -0.09223  -0.09211  -0.09211  -0.09190  -0.09189  -0.09189
       -0.09184  -0.09180  -0.09170  -0.09170  -0.09152  -0.09148  -0.09148  -0.09139  -0.09134
       -0.09130  -0.09125  -0.09125  -0.09123  -0.09116  -0.09116  -0.09111  -0.09111  -0.09105
       -0.09105  -0.09103  -0.09103  -0.09102  -0.09101  -0.09100  -0.09096  -0.09091  -0.09091
       -0.09086  -0.09075  -0.09063  -0.09060  -0.09060  -0.09036  -0.09036  -0.09019  -0.09019
       -0.09019  -0.09018  -0.09018  -0.08991  -0.08989  -0.08989  -0.08971  -0.08971  -0.08931
       -0.08931  -0.08907  -0.08907  -0.08897  -0.08897  -0.08861  -0.08853  -0.08839  -0.08838
       -0.08838  -0.08834  -0.08818  -0.08778  -0.08778  -0.08720  -0.08693  -0.08693  -0.08683
       -0.08683  -0.08678  -0.08678  -0.08591  -0.08591  -0.08539  -0.08539  -0.08455  -0.08424
       -0.08356  -0.08356  -0.08350  -0.08350  -0.08319  -0.08231  -0.08231  -0.08171  -0.08063
       -0.08015  -0.08009  -0.08009  -0.07999  -0.07984  -0.07984  -0.07920  -0.07838  -0.07836
       -0.07836  -0.07806  -0.07802  -0.07802  -0.07787  -0.07748  -0.07739  -0.07739  -0.07738
       -0.07738  -0.07729  -0.07707  -0.07658  -0.07644  -0.07644  -0.07637  -0.07637  -0.07551
       -0.07551  -0.07544  -0.07498  -0.07498  -0.07497  -0.07497  -0.07485  -0.07475  -0.07474
       -0.07453  -0.07453  -0.07443  -0.07443  -0.07439  -0.07439  -0.07358  -0.07358  -0.07309
       -0.07304  -0.07304  -0.07302  -0.07295  -0.07281  -0.07281  -0.07267  -0.07263  -0.07263
       -0.07221
        
     --------------------------------------------------------------------------------------------
     Tot. elapsed time 32m-59.6s,  time spent in last iteration 03m-24.6s
     --------------------------------------------------------------------------------------------
      
     --------------------------------------------------------------------------------------------
     SAVE written in 04.3s               
     In location : ./b.wstat.save
     --------------------------------------------------------------------------------------------
       
     --------------------------------------------------------------------------------------------
     Convergence achieved !!! in        3 steps                          
     --------------------------------------------------------------------------------------------
 
     Number of q in the star =    1
     List of q in the star:
          1   0.000000000   0.000000000   0.000000000
 imq =            1
 ichosen_sym(           1 ) =            1
 Index in this start is :            1
 Index in q_grid is :            1
     WSTAT        : 32m 9.62s CPU    33m17.81s WALL

     wstat_readin :      0.37s CPU      0.47s WALL (       1 calls)
     fetch_input  :      0.01s CPU      0.01s WALL (       2 calls)
     read_xml     :      0.22s CPU      0.24s WALL (       1 calls)
     init_vloc    :      0.07s CPU      0.07s WALL (       2 calls)
     fft          :      0.01s CPU      0.01s WALL (      11 calls)
     fft_scatter  :    264.30s CPU    267.80s WALL ( 6469011 calls)
     v_of_rho     :      0.01s CPU      0.01s WALL (       1 calls)
     v_xc         :      0.01s CPU      0.01s WALL (       1 calls)
     v_h          :      0.00s CPU      0.00s WALL (       1 calls)
     read_wave    :      0.14s CPU      0.19s WALL (       1 calls)
     davcio       :      0.01s CPU      0.08s WALL (       7 calls)
     init_us_1    :      0.00s CPU      0.01s WALL (       2 calls)
     do_setup     :      0.08s CPU      0.13s WALL (       1 calls)
     init_pw_ar   :      0.04s CPU      0.09s WALL (       1 calls)
     init_at_1    :      0.00s CPU      0.00s WALL (       1 calls)
     chidiago     :   1929.01s CPU   1996.87s WALL (       1 calls)
     sqvc_init    :      0.00s CPU      0.00s WALL (       1 calls)
     randomize    :      0.33s CPU      0.33s WALL (       1 calls)
     paramgs      :      3.38s CPU      3.41s WALL (       5 calls)
     dfpt         :   1887.91s CPU   1913.27s WALL (       5 calls)
     init_us_2    :      0.01s CPU      0.01s WALL (       5 calls)
     fftw         :   1017.87s CPU   1031.13s WALL ( 6469000 calls)
     alphapc      :      4.62s CPU      4.71s WALL (    1074 calls)
     wstat_restar :      3.79s CPU     25.18s WALL (       4 calls)
     linstern     :   1787.24s CPU   1811.16s WALL (     824 calls)
     stern        :   1695.32s CPU   1718.63s WALL (   46748 calls)
     h_psi_bgrp   :   1562.21s CPU   1583.81s WALL (   46748 calls)
     h_psi        :   1562.04s CPU   1583.70s WALL (   46748 calls)
     h_psi:pot    :   1546.04s CPU   1567.52s WALL (   46748 calls)
     vloc_psi     :   1025.54s CPU   1038.83s WALL (   46748 calls)
     h_psi:calbec :    264.01s CPU    271.09s WALL (   46748 calls)
     calbec       :    263.80s CPU    270.96s WALL (   46748 calls)
     add_vuspsi   :    256.06s CPU    257.31s WALL (   46748 calls)
     alphapv      :    120.25s CPU    121.99s WALL (   46748 calls)
     build_hr     :      1.82s CPU      1.95s WALL (       4 calls)
     diagox       :     24.72s CPU     27.88s WALL (       4 calls)
     redistr_vr   :      1.09s CPU      2.25s WALL (       3 calls)
     update_vr    :      2.23s CPU      2.36s WALL (       3 calls)
     symm_hr      :      1.30s CPU      2.48s WALL (       3 calls)
     chidiago:las :      0.00s CPU      0.00s WALL (       1 calls)
     refresh_vr   :      1.09s CPU      1.11s WALL (       1 calls)
     pdep_db      :      0.73s CPU      4.33s WALL (       1 calls)
 
     WSTAT        : 32m 9.64s CPU    33m17.86s WALL

 
   This run was terminated on:  11:49:47  23Jan2021            

=------------------------------------------------------------------------------=
   JOB DONE.
=------------------------------------------------------------------------------=
