
     Program WELPH v. 3.1.1 starts on 14Jan2021 at  8: 0:49 

     This program is part of the open-source West suite
     for massively parallel calculations of excited states in materials; please cite
         "M. Govoni et al., J. Chem. Theory Comput. 11, 2680 (2015);
          URL http://www.west-code.org", 
     in publications or presentations arising from this work.

     Based on the Quantum ESPRESSO v. 6.1 svn rev. 13369

     I/O is Little Endian
       
     --------------------------------------------------------------------------------------------
     **MPI** Parallelization Status                                      
     --------------------------------------------------------------------------------------------
                    80                   2             1             1            40
     --------------------------------------------------------------------------------------------
                     N         =         I      X      P      X      B      X      Z
                     ^                   ^             ^             ^             ^
                     |                   |             |             |             |
                   #rnk                  |             |             |             |
                                      #image           |             |             |
                                                     #pool           |             |
                                                                   #bgrp           |
                                                                                 #R&G
     --------------------------------------------------------------------------------------------
     **OPENMP** Parallelization Status
     #thr/rnk               =            1
     --------------------------------------------------------------------------------------------
     #prc = (rnk) * (thr) =           80
     --------------------------------------------------------------------------------------------
       
     --------------------------------------------------------------------------------------------
     I/O Summary : input_west                                            
     --------------------------------------------------------------------------------------------
     qe_prefix      = c
     west_prefix    = c
     outdir         = ./
     --------------------------------------------------------------------------------------------

     Reading data from directory:
     ./c.save

   Info: using nr1, nr2, nr3 values from input

   Info: using nr1, nr2, nr3 values from input

     IMPORTANT: XC functional enforced from input :
     Exchange-correlation      = PBE ( 1  4  3  4 0 0)
     Any further DFT definition will be discarded
     Please, verify this is what you really want

 
     Parallelization info
     --------------------
     sticks:   dense  smooth     PW     G-vecs:    dense   smooth      PW
     Min           9       9      3                  122      122      23
     Max          10      10      4                  125      125      27
     Sum         379     379    121                 4909     4909     941
 
       
     --------------------------------------------------------------------------------------------
     I/O Summary : wstat_control                                         
     --------------------------------------------------------------------------------------------
     wstat_calculation              =              S
     n_pdep_eigen                   =            200
     n_pdep_times                   =              4
     n_pdep_maxiter                 =            100
     n_dfpt_maxiter                 =            250
     n_pdep_read_from_file          =              0
     trev_pdep                      =   1.000000E-03
     trev_pdep_rel                  =   1.000000E-01
     tr2_dfpt                       =   1.000000E-12
     l_kinetic_only                 =              F
     l_minimize_exx_if_active       =              F
     l_use_ecutrho                  =              F
     l_use_symm                     =              T
     nq(1)                          =              5
     nq(2)                          =              5
     nq(3)                          =              5
     --------------------------------------------------------------------------------------------
       
     --------------------------------------------------------------------------------------------
     I/O Summary : wfreq_control                                         
     --------------------------------------------------------------------------------------------
     wfreq_calculation                        =           XWGQ
     n_pdep_eigen_to_use                      =            200
     qp_bandrange(1)                          =              1
     qp_bandrange(2)                          =              2
     macropol_calculation                     =              C
     n_lanczos                                =             30
     n_imfreq                                 =            128
     n_refreq                                 =            272
     ecut_imfreq [Ry]                         =     240.000000
     ecut_refreq [Ry]                         =       2.000000
     wfreq_eta [Ry]                           =       0.003675
     n_secant_maxiter                         =             21
     trev_secant [Ry]                         =       0.003675
     l_enable_lanczos                         =              T
     l_enable_gwetot                          =              F
     o_restart_time [min]                     =       0.000000
     ecut_spectralf(1) [Ry]                   =      -2.000000
     ecut_spectralf(2) [Ry]                   =       2.000000
     n_spectralf                              =             10
     l_read_common_pdep                       =              F
     l_enable_gb_curvature                    =              T
     --------------------------------------------------------------------------------------------
       
     --------------------------------------------------------------------------------------------
     I/O Summary : welph_control                                         
     --------------------------------------------------------------------------------------------
     welph_calculation                        =              S
     welph_n_pdep_eigen_to_use                =            200
     asr                                      =              1
     welph_band_range(1)                      =              1
     welph_band_range(2)                      =              8
     do_scr                                   =              T
     do_fxc                                   =              T
     welph_read_common_pdep                   =              T
     loto                                     =              F
     lsym                                     =              F
     l_adiabatic                              =              T
     l_enabel_gw                              =              T
     q_direction(1)                           =       1.000000
     q_direction(2)                           =       0.000000
     q_direction(3)                           =       0.000000
     welph_eta                                =       0.100000
     temperature                              =     200.000000
     --------------------------------------------------------------------------------------------
       
     --------------------------------------------------------------------------------------------
     System Overview                                                     
     --------------------------------------------------------------------------------------------
     gamma_only           =              F
     ecutwfc [Ry]         =      60.000000
     ecutrho [Ry]         =     240.000000
     omega [au^3]         =   7.656776E+01
     nbnd                 =              8
     nkstot               =            125
     nspin                =              1
     nelec                =       8.000000
     npol                 =              1
     lsda                 =              F
     noncolin             =              F
     lspinorb             =              F
     domag                =              F
     --------------------------------------------------------------------------------------------

     3DFFT grid
        s : (  24,  24,  24)
        p : (  24,  24,  24)

     Direct Lattice Cell [a.u.]
        a1 = (    -3.3703266     0.0000000     3.3703266)
        a2 = (     0.0000000     3.3703266     3.3703266)
        a3 = (    -3.3703266     3.3703266     0.0000000)

     Reciprocal Lattice Cell [a.u.]
        b1 = (    -0.9321330    -0.9321330     0.9321330)
        b2 = (     0.9321330     0.9321330     0.9321330)
        b3 = (    -0.9321330     0.9321330    -0.9321330)
      

     Brillouin Zone sampling [cryst. coord.]
 
        k(000001) = (     0.0000000     0.0000000     0.0000000)
        k(000002) = (     0.0000000     0.0000000     0.2000000)
        k(000003) = (     0.0000000     0.0000000     0.4000000)
        k(000004) = (     0.0000000     0.0000000    -0.4000000)
        k(000005) = (     0.0000000     0.0000000    -0.2000000)
        k(000006) = (     0.0000000     0.2000000     0.0000000)
        k(000007) = (     0.0000000     0.2000000     0.2000000)
        k(000008) = (     0.0000000     0.2000000     0.4000000)
        k(000009) = (     0.0000000     0.2000000    -0.4000000)
        k(000010) = (     0.0000000     0.2000000    -0.2000000)
        k(000011) = (     0.0000000     0.4000000     0.0000000)
        k(000012) = (     0.0000000     0.4000000     0.2000000)
        k(000013) = (     0.0000000     0.4000000     0.4000000)
        k(000014) = (     0.0000000     0.4000000    -0.4000000)
        k(000015) = (     0.0000000     0.4000000    -0.2000000)
        k(000016) = (     0.0000000    -0.4000000     0.0000000)
        k(000017) = (     0.0000000    -0.4000000     0.2000000)
        k(000018) = (     0.0000000    -0.4000000     0.4000000)
        k(000019) = (     0.0000000    -0.4000000    -0.4000000)
        k(000020) = (     0.0000000    -0.4000000    -0.2000000)
        k(000021) = (     0.0000000    -0.2000000     0.0000000)
        k(000022) = (     0.0000000    -0.2000000     0.2000000)
        k(000023) = (     0.0000000    -0.2000000     0.4000000)
        k(000024) = (     0.0000000    -0.2000000    -0.4000000)
        k(000025) = (     0.0000000    -0.2000000    -0.2000000)
        k(000026) = (     0.2000000     0.0000000     0.0000000)
        k(000027) = (     0.2000000     0.0000000     0.2000000)
        k(000028) = (     0.2000000     0.0000000     0.4000000)
        k(000029) = (     0.2000000     0.0000000    -0.4000000)
        k(000030) = (     0.2000000     0.0000000    -0.2000000)
        k(000031) = (     0.2000000     0.2000000     0.0000000)
        k(000032) = (     0.2000000     0.2000000     0.2000000)
        k(000033) = (     0.2000000     0.2000000     0.4000000)
        k(000034) = (     0.2000000     0.2000000    -0.4000000)
        k(000035) = (     0.2000000     0.2000000    -0.2000000)
        k(000036) = (     0.2000000     0.4000000     0.0000000)
        k(000037) = (     0.2000000     0.4000000     0.2000000)
        k(000038) = (     0.2000000     0.4000000     0.4000000)
        k(000039) = (     0.2000000     0.4000000    -0.4000000)
        k(000040) = (     0.2000000     0.4000000    -0.2000000)
        k(000041) = (     0.2000000    -0.4000000     0.0000000)
        k(000042) = (     0.2000000    -0.4000000     0.2000000)
        k(000043) = (     0.2000000    -0.4000000     0.4000000)
        k(000044) = (     0.2000000    -0.4000000    -0.4000000)
        k(000045) = (     0.2000000    -0.4000000    -0.2000000)
        k(000046) = (     0.2000000    -0.2000000     0.0000000)
        k(000047) = (     0.2000000    -0.2000000     0.2000000)
        k(000048) = (     0.2000000    -0.2000000     0.4000000)
        k(000049) = (     0.2000000    -0.2000000    -0.4000000)
        k(000050) = (     0.2000000    -0.2000000    -0.2000000)
        Printing only first 50 k points...
 
        q(000001) = (     0.0000000     0.0000000     0.0000000)
        q(000002) = (     0.0000000     0.0000000     0.2000000)
        q(000003) = (     0.0000000     0.0000000     0.4000000)
        q(000004) = (     0.0000000     0.0000000    -0.4000000)
        q(000005) = (     0.0000000     0.0000000    -0.2000000)
        q(000006) = (     0.0000000     0.2000000     0.0000000)
        q(000007) = (     0.0000000     0.2000000     0.2000000)
        q(000008) = (     0.0000000     0.2000000     0.4000000)
        q(000009) = (     0.0000000     0.2000000    -0.4000000)
        q(000010) = (     0.0000000     0.2000000    -0.2000000)
        q(000011) = (     0.0000000     0.4000000     0.0000000)
        q(000012) = (     0.0000000     0.4000000     0.2000000)
        q(000013) = (     0.0000000     0.4000000     0.4000000)
        q(000014) = (     0.0000000     0.4000000    -0.4000000)
        q(000015) = (     0.0000000     0.4000000    -0.2000000)
        q(000016) = (     0.0000000    -0.4000000     0.0000000)
        q(000017) = (     0.0000000    -0.4000000     0.2000000)
        q(000018) = (     0.0000000    -0.4000000     0.4000000)
        q(000019) = (     0.0000000    -0.4000000    -0.4000000)
        q(000020) = (     0.0000000    -0.4000000    -0.2000000)
        q(000021) = (     0.0000000    -0.2000000     0.0000000)
        q(000022) = (     0.0000000    -0.2000000     0.2000000)
        q(000023) = (     0.0000000    -0.2000000     0.4000000)
        q(000024) = (     0.0000000    -0.2000000    -0.4000000)
        q(000025) = (     0.0000000    -0.2000000    -0.2000000)
        q(000026) = (     0.2000000     0.0000000     0.0000000)
        q(000027) = (     0.2000000     0.0000000     0.2000000)
        q(000028) = (     0.2000000     0.0000000     0.4000000)
        q(000029) = (     0.2000000     0.0000000    -0.4000000)
        q(000030) = (     0.2000000     0.0000000    -0.2000000)
        q(000031) = (     0.2000000     0.2000000     0.0000000)
        q(000032) = (     0.2000000     0.2000000     0.2000000)
        q(000033) = (     0.2000000     0.2000000     0.4000000)
        q(000034) = (     0.2000000     0.2000000    -0.4000000)
        q(000035) = (     0.2000000     0.2000000    -0.2000000)
        q(000036) = (     0.2000000     0.4000000     0.0000000)
        q(000037) = (     0.2000000     0.4000000     0.2000000)
        q(000038) = (     0.2000000     0.4000000     0.4000000)
        q(000039) = (     0.2000000     0.4000000    -0.4000000)
        q(000040) = (     0.2000000     0.4000000    -0.2000000)
        q(000041) = (     0.2000000    -0.4000000     0.0000000)
        q(000042) = (     0.2000000    -0.4000000     0.2000000)
        q(000043) = (     0.2000000    -0.4000000     0.4000000)
        q(000044) = (     0.2000000    -0.4000000    -0.4000000)
        q(000045) = (     0.2000000    -0.4000000    -0.2000000)
        q(000046) = (     0.2000000    -0.2000000     0.0000000)
        q(000047) = (     0.2000000    -0.2000000     0.2000000)
        q(000048) = (     0.2000000    -0.2000000     0.4000000)
        q(000049) = (     0.2000000    -0.2000000    -0.4000000)
        q(000050) = (     0.2000000    -0.2000000    -0.2000000)
        Printing only first 50 q points...
       
     --------------------------------------------------------------------------------------------
     Parallelization for npdep                                           
     --------------------------------------------------------------------------------------------
     nglob                =            200
     nlevel               =              2
     Min nglob/nlevel     =            100
     Max nglob/nlevel     =            100
     --------------------------------------------------------------------------------------------
       
     --------------------------------------------------------------------------------------------
     Parallelization for npdep+macro                                     
     --------------------------------------------------------------------------------------------
     nglob                =            203
     nlevel               =              2
     Min nglob/nlevel     =            101
     Max nglob/nlevel     =            102
     --------------------------------------------------------------------------------------------
     ===========================================================================
          nsym   =   24
          nrot   =   48
          nq_ibz =   10
          Q-point IBZ [ cart  coord ]
          xq(00000001) = (  0.000000  0.000000  0.000000) wq =   0.008000
          xq(00000002) = ( -0.200000  0.200000 -0.200000) wq =   0.064000
          xq(00000003) = ( -0.400000  0.400000 -0.400000) wq =   0.064000
          xq(00000004) = (  0.000000  0.400000  0.000000) wq =   0.048000
          xq(00000005) = ( -0.200000  0.600000 -0.200000) wq =   0.192000
          xq(00000006) = (  0.600000 -0.200000  0.600000) wq =   0.192000
          xq(00000007) = (  0.400000  0.000000  0.400000) wq =   0.096000
          xq(00000008) = (  0.000000  0.800000  0.000000) wq =   0.048000
          xq(00000009) = (  0.800000  0.000000  0.800000) wq =   0.096000
          xq(00000010) = (  0.600000 -0.200000  1.000000) wq =   0.192000
          Q-point IBZ [ cryst coord ]
          xq(00000001) = (  0.000000  0.000000  0.000000) wq =   0.008000
          xq(00000002) = (  0.000000  0.000000  0.200000) wq =   0.064000
          xq(00000003) = (  0.000000  0.000000  0.400000) wq =   0.064000
          xq(00000004) = (  0.000000  0.200000  0.200000) wq =   0.048000
          xq(00000005) = (  0.000000  0.200000  0.400000) wq =   0.192000
          xq(00000006) = (  0.000000  0.200000 -0.400000) wq =   0.192000
          xq(00000007) = (  0.000000  0.200000 -0.200000) wq =   0.096000
          xq(00000008) = (  0.000000  0.400000  0.400000) wq =   0.048000
          xq(00000009) = (  0.000000  0.400000 -0.400000) wq =   0.096000
          xq(00000010) = (  0.200000  0.400000 -0.400000) wq =   0.192000
     ===========================================================================
     -------------------------------
     | Electron-Phonon Self-energy |
     -------------------------------
     ===========================================================================
          nsym   =   24
          nrot   =   48
          nk_ibz =   10
          Q-point IBZ [ cart  coord ]
          xk(00000001) = (  0.000000  0.000000  0.000000) wk =   0.008000
          xk(00000002) = ( -0.200000  0.200000 -0.200000) wk =   0.064000
          xk(00000003) = ( -0.400000  0.400000 -0.400000) wk =   0.064000
          xk(00000004) = (  0.000000  0.400000  0.000000) wk =   0.048000
          xk(00000005) = ( -0.200000  0.600000 -0.200000) wk =   0.192000
          xk(00000006) = (  0.600000 -0.200000  0.600000) wk =   0.192000
          xk(00000007) = (  0.400000  0.000000  0.400000) wk =   0.096000
          xk(00000008) = (  0.000000  0.800000  0.000000) wk =   0.048000
          xk(00000009) = (  0.800000  0.000000  0.800000) wk =   0.096000
          xk(00000010) = (  0.600000 -0.200000  1.000000) wk =   0.192000
          Q-point IBZ [ cryst coord ]
          xk(00000001) = (  0.000000  0.000000  0.000000) wk =   0.008000
          xk(00000002) = (  0.000000  0.000000  0.200000) wk =   0.064000
          xk(00000003) = (  0.000000  0.000000  0.400000) wk =   0.064000
          xk(00000004) = (  0.000000  0.200000  0.200000) wk =   0.048000
          xk(00000005) = (  0.000000  0.200000  0.400000) wk =   0.192000
          xk(00000006) = (  0.000000  0.200000 -0.400000) wk =   0.192000
          xk(00000007) = (  0.000000  0.200000 -0.200000) wk =   0.096000
          xk(00000008) = (  0.000000  0.400000  0.400000) wk =   0.048000
          xk(00000009) = (  0.000000  0.400000 -0.400000) wk =   0.096000
          xk(00000010) = (  0.200000  0.400000 -0.400000) wk =   0.192000
     ===========================================================================
       
     --------------------------------------------------------------------------------------------
     Computing Debye-Waller Self-energy (occ)                            
     --------------------------------------------------------------------------------------------
     in progress... |#                   | 005% :               00.1s (E)               02.3s (X)
     in progress... |##                  | 010% :               00.2s (E)               02.2s (X)
     in progress... |###                 | 015% :               00.3s (E)               02.1s (X)
     in progress... |####                | 020% :               00.4s (E)               02.1s (X)
     in progress... |#####               | 025% :               00.5s (E)               02.1s (X)
     in progress... |######              | 030% :               00.6s (E)               02.0s (X)
     in progress... |#######             | 035% :               00.7s (E)               02.0s (X)
     in progress... |########            | 040% :               00.8s (E)               02.0s (X)
     in progress... |#########           | 045% :               00.9s (E)               02.0s (X)
     in progress... |##########          | 050% :               01.0s (E)               02.0s (X)
     in progress... |###########         | 055% :               01.1s (E)               02.0s (X)
     in progress... |############        | 060% :               01.2s (E)               02.0s (X)
     in progress... |#############       | 065% :               01.3s (E)               02.0s (X)
     in progress... |##############      | 070% :               01.4s (E)               02.0s (X)
     in progress... |###############     | 075% :               01.5s (E)               02.0s (X)
     in progress... |################    | 080% :               01.6s (E)               02.0s (X)
     in progress... |#################   | 085% :               01.7s (E)               02.0s (X)
     in progress... |##################  | 090% :               01.8s (E)               02.0s (X)
     in progress... |################### | 095% :               01.9s (E)               02.0s (X)
     in progress... |####################| 100% :               02.0s (E)               02.0s (X)
     --------------------------------------------------------------------------------------------
       
     --------------------------------------------------------------------------------------------
     Computing Debye-Waller Self-energy (Lanczos)                        
     --------------------------------------------------------------------------------------------
     in progress... |##                  | 010% :               00.5s (E)               05.2s (X)
     in progress... |####                | 020% :               01.0s (E)               05.3s (X)
     in progress... |######              | 030% :               01.6s (E)               05.6s (X)
     in progress... |########            | 040% :               02.2s (E)               05.6s (X)
     in progress... |##########          | 050% :               02.8s (E)               05.6s (X)
     in progress... |############        | 060% :               03.4s (E)               05.7s (X)
     in progress... |##############      | 070% :               04.0s (E)               05.7s (X)
     in progress... |################    | 080% :               04.5s (E)               05.7s (X)
     in progress... |##################  | 090% :               05.1s (E)               05.6s (X)
     in progress... |####################| 100% :               05.6s (E)               05.6s (X)
     --------------------------------------------------------------------------------------------
       
     --------------------------------------------------------------------------------------------
     Compute Fan-Migdal Self-energy (occ)                                
     --------------------------------------------------------------------------------------------
     in progress... |#                   | 005% :               00.4s (E)               09.5s (X)
     in progress... |##                  | 010% :               00.9s (E)               09.3s (X)
     in progress... |###                 | 015% :               01.4s (E)               09.4s (X)
     in progress... |####                | 020% :               01.9s (E)               09.6s (X)
     in progress... |#####               | 025% :               02.4s (E)               09.8s (X)
     in progress... |######              | 030% :               03.0s (E)               10.1s (X)
     in progress... |#######             | 035% :               03.4s (E)               09.8s (X)
     in progress... |########            | 040% :               03.9s (E)               09.7s (X)
     in progress... |#########           | 045% :               04.4s (E)               09.9s (X)
     in progress... |##########          | 050% :               04.9s (E)               09.9s (X)
     in progress... |###########         | 055% :               05.4s (E)               09.8s (X)
     in progress... |############        | 060% :               05.8s (E)               09.7s (X)
     in progress... |#############       | 065% :               06.3s (E)               09.7s (X)
     in progress... |##############      | 070% :               06.8s (E)               09.7s (X)
     in progress... |###############     | 075% :               07.2s (E)               09.6s (X)
     in progress... |################    | 080% :               07.7s (E)               09.7s (X)
     in progress... |#################   | 085% :               08.3s (E)               09.8s (X)
     in progress... |##################  | 090% :               08.8s (E)               09.7s (X)
     in progress... |################### | 095% :               09.2s (E)               09.7s (X)
     in progress... |####################| 100% :               09.8s (E)               09.8s (X)
     --------------------------------------------------------------------------------------------
       
     --------------------------------------------------------------------------------------------
     Compute Fan-Migdal Self-energy (Lanczos)                            
     --------------------------------------------------------------------------------------------
     in progress... |##                  | 010% :               11.4s (E)           01m-54.7s (X)
     in progress... |####                | 020% :               22.8s (E)           01m-54.2s (X)
     in progress... |######              | 030% :               34.3s (E)           01m-54.3s (X)
     in progress... |########            | 040% :               45.5s (E)           01m-53.8s (X)
     in progress... |##########          | 050% :               56.9s (E)           01m-53.9s (X)
     in progress... |############        | 060% :           01m-08.3s (E)           01m-53.9s (X)
     in progress... |##############      | 070% :           01m-19.6s (E)           01m-53.7s (X)
     in progress... |################    | 080% :           01m-31.0s (E)           01m-53.8s (X)
     in progress... |##################  | 090% :           01m-42.4s (E)           01m-53.8s (X)
     in progress... |####################| 100% :           01m-53.7s (E)           01m-53.7s (X)
     --------------------------------------------------------------------------------------------
     WELPH        :  2m 4.51s CPU     2m14.55s WALL

     welph_readin :      1.58s CPU      1.80s WALL (       1 calls)
     fetch_input  :      0.01s CPU      0.01s WALL (       2 calls)
     read_xml     :      1.07s CPU      1.20s WALL (       1 calls)
     init_vloc    :      0.00s CPU      0.00s WALL (       2 calls)
     fft          :      0.02s CPU      0.02s WALL (      14 calls)
     fft_scatter  :     53.45s CPU     57.34s WALL ( 1989662 calls)
     v_of_rho     :      0.00s CPU      0.00s WALL (       1 calls)
     v_xc         :      0.00s CPU      0.00s WALL (       1 calls)
     v_h          :      0.00s CPU      0.00s WALL (       1 calls)
     read_wave    :      0.50s CPU      0.58s WALL (       1 calls)
     davcio       :      0.21s CPU      0.25s WALL (   10206 calls)
     init_us_1    :      0.01s CPU      0.01s WALL (       2 calls)
     do_setup     :      0.02s CPU      0.03s WALL (       1 calls)
     init_pw_ar   :      0.00s CPU      0.00s WALL (       1 calls)
     init_at_1    :      0.00s CPU      0.00s WALL (       1 calls)
     setup_dmuxc  :      0.00s CPU      0.00s WALL (       1 calls)
     ffts         :      0.59s CPU      0.61s WALL (    4128 calls)
     scatter_grid :      0.30s CPU      0.33s WALL (    7503 calls)
     init_us_2    :      0.09s CPU      0.10s WALL (   10080 calls)
     fftw         :     63.41s CPU     68.02s WALL ( 1985520 calls)
     calbec       :      4.33s CPU      4.64s WALL (  144540 calls)
     computeDW1   :      1.75s CPU      2.01s WALL (       1 calls)
     computeDW2   :      5.31s CPU      5.66s WALL (       1 calls)
     alphapc      :      4.25s CPU      4.53s WALL (  118110 calls)
     lan_H        :     94.75s CPU    101.32s WALL (    3810 calls)
     h_psi_bgrp   :     66.63s CPU     71.44s WALL (  114300 calls)
     h_psi        :     66.37s CPU     71.17s WALL (  114300 calls)
     h_psi:pot    :     66.08s CPU     70.86s WALL (  114300 calls)
     vloc_psi     :     61.23s CPU     65.65s WALL (  114300 calls)
     h_psi:calbec :      3.73s CPU      4.00s WALL (  114300 calls)
     add_vuspsi   :      0.59s CPU      0.65s WALL (  114300 calls)
     computeFM1   :      8.83s CPU      9.82s WALL (       1 calls)
     computeFM2   :    106.57s CPU    113.79s WALL (       1 calls)
 
     WELPH        :  2m 4.52s CPU     2m14.56s WALL

 
   This run was terminated on:   8: 3: 4  14Jan2021            

=------------------------------------------------------------------------------=
   JOB DONE.
=------------------------------------------------------------------------------=
