
     Program WELPH v. 3.1.1 starts on  1Feb2021 at 17: 6:20 

     This program is part of the open-source West suite
     for massively parallel calculations of excited states in materials; please cite
         "M. Govoni et al., J. Chem. Theory Comput. 11, 2680 (2015);
          URL http://www.west-code.org", 
     in publications or presentations arising from this work.

     Based on the Quantum ESPRESSO v. 6.1 svn rev. 13369

     I/O is Little Endian
       
     --------------------------------------------------------------------------------------------
     **MPI** Parallelization Status                                      
     --------------------------------------------------------------------------------------------
                   160                   2             1             1            80
     --------------------------------------------------------------------------------------------
                     N         =         I      X      P      X      B      X      Z
                     ^                   ^             ^             ^             ^
                     |                   |             |             |             |
                   #rnk                  |             |             |             |
                                      #image           |             |             |
                                                     #pool           |             |
                                                                   #bgrp           |
                                                                                 #R&G
     --------------------------------------------------------------------------------------------
     **OPENMP** Parallelization Status
     #thr/rnk               =            1
     --------------------------------------------------------------------------------------------
     #prc = (rnk) * (thr) =          160
     --------------------------------------------------------------------------------------------
       
     --------------------------------------------------------------------------------------------
     I/O Summary : input_west                                            
     --------------------------------------------------------------------------------------------
     qe_prefix      = c
     west_prefix    = c
     outdir         = ./
     --------------------------------------------------------------------------------------------

     Reading data from directory:
     ./c.save

   Info: using nr1, nr2, nr3 values from input

   Info: using nr1, nr2, nr3 values from input

     IMPORTANT: XC functional enforced from input :
     Exchange-correlation      = PZ ( 1  1  0  0 0 0)
     Any further DFT definition will be discarded
     Please, verify this is what you really want

               file C.pz-mt.fhi.UPF: wavefunction(s)  3d renormalized
 
     Parallelization info
     --------------------
     sticks:   dense  smooth     PW     G-vecs:    dense   smooth      PW
     Min           4       4      1                   56       56       9
     Max           5       5      2                   60       60      14
     Sum         367     367    121                 4645     4645     941
 
       
     --------------------------------------------------------------------------------------------
     I/O Summary : wstat_control                                         
     --------------------------------------------------------------------------------------------
     wstat_calculation              =              S
     n_pdep_eigen                   =            200
     n_pdep_times                   =              4
     n_pdep_maxiter                 =            100
     n_dfpt_maxiter                 =            250
     n_pdep_read_from_file          =              0
     trev_pdep                      =   1.000000E-03
     trev_pdep_rel                  =   1.000000E-01
     tr2_dfpt                       =   1.000000E-12
     l_kinetic_only                 =              F
     l_minimize_exx_if_active       =              F
     l_use_ecutrho                  =              F
     l_use_symm                     =              T
     nq(1)                          =             10
     nq(2)                          =             10
     nq(3)                          =             10
     --------------------------------------------------------------------------------------------
       
     --------------------------------------------------------------------------------------------
     I/O Summary : wfreq_control                                         
     --------------------------------------------------------------------------------------------
     wfreq_calculation                        =           XWGQ
     n_pdep_eigen_to_use                      =            200
     qp_bandrange(1)                          =              1
     qp_bandrange(2)                          =              2
     macropol_calculation                     =              C
     n_lanczos                                =             30
     n_imfreq                                 =            128
     n_refreq                                 =            272
     ecut_imfreq [Ry]                         =     240.000000
     ecut_refreq [Ry]                         =       2.000000
     wfreq_eta [Ry]                           =       0.003675
     n_secant_maxiter                         =             21
     trev_secant [Ry]                         =       0.003675
     l_enable_lanczos                         =              T
     l_enable_gwetot                          =              F
     o_restart_time [min]                     =       0.000000
     ecut_spectralf(1) [Ry]                   =      -2.000000
     ecut_spectralf(2) [Ry]                   =       2.000000
     n_spectralf                              =             10
     l_read_common_pdep                       =              F
     l_enable_gb_curvature                    =              T
     --------------------------------------------------------------------------------------------
       
     --------------------------------------------------------------------------------------------
     I/O Summary : welph_control                                         
     --------------------------------------------------------------------------------------------
     welph_calculation                        =              S
     welph_n_pdep_eigen_to_use                =            200
     asr                                      =              1
     welph_band_range(1)                      =              1
     welph_band_range(2)                      =              8
     do_scr                                   =              T
     do_fxc                                   =              T
     welph_read_common_pdep                   =              T
     loto                                     =              F
     lsym                                     =              F
     l_adiabatic                              =              T
     l_enabel_gw                              =              F
     q_direction(1)                           =       1.000000
     q_direction(2)                           =       0.000000
     q_direction(3)                           =       0.000000
     welph_eta                                =       0.100000
     temperature                              =       0.000000
     --------------------------------------------------------------------------------------------
       
     --------------------------------------------------------------------------------------------
     System Overview                                                     
     --------------------------------------------------------------------------------------------
     gamma_only           =              F
     ecutwfc [Ry]         =      60.000000
     ecutrho [Ry]         =     240.000000
     omega [au^3]         =   7.349575E+01
     nbnd                 =              8
     nkstot               =           1000
     nspin                =              1
     nelec                =       8.000000
     npol                 =              1
     lsda                 =              F
     noncolin             =              F
     lspinorb             =              F
     domag                =              F
     --------------------------------------------------------------------------------------------

     3DFFT grid
        s : (  24,  24,  24)
        p : (  24,  24,  24)

     Direct Lattice Cell [a.u.]
        a1 = (    -3.3246357     0.0000000     3.3246357)
        a2 = (     0.0000000     3.3246357     3.3246357)
        a3 = (    -3.3246357     3.3246357     0.0000000)

     Reciprocal Lattice Cell [a.u.]
        b1 = (    -0.9449434    -0.9449434     0.9449434)
        b2 = (     0.9449434     0.9449434     0.9449434)
        b3 = (    -0.9449434     0.9449434    -0.9449434)
      

     Brillouin Zone sampling [cryst. coord.]
 
        k(000001) = (     0.0000000     0.0000000     0.0000000)
        k(000002) = (     0.0000000     0.0000000     0.1000000)
        k(000003) = (     0.0000000     0.0000000     0.2000000)
        k(000004) = (     0.0000000     0.0000000     0.3000000)
        k(000005) = (     0.0000000     0.0000000     0.4000000)
        k(000006) = (     0.0000000     0.0000000    -0.5000000)
        k(000007) = (     0.0000000     0.0000000    -0.4000000)
        k(000008) = (     0.0000000     0.0000000    -0.3000000)
        k(000009) = (     0.0000000     0.0000000    -0.2000000)
        k(000010) = (     0.0000000     0.0000000    -0.1000000)
        k(000011) = (     0.0000000     0.1000000     0.0000000)
        k(000012) = (     0.0000000     0.1000000     0.1000000)
        k(000013) = (     0.0000000     0.1000000     0.2000000)
        k(000014) = (     0.0000000     0.1000000     0.3000000)
        k(000015) = (     0.0000000     0.1000000     0.4000000)
        k(000016) = (     0.0000000     0.1000000    -0.5000000)
        k(000017) = (     0.0000000     0.1000000    -0.4000000)
        k(000018) = (     0.0000000     0.1000000    -0.3000000)
        k(000019) = (     0.0000000     0.1000000    -0.2000000)
        k(000020) = (     0.0000000     0.1000000    -0.1000000)
        k(000021) = (     0.0000000     0.2000000     0.0000000)
        k(000022) = (     0.0000000     0.2000000     0.1000000)
        k(000023) = (     0.0000000     0.2000000     0.2000000)
        k(000024) = (     0.0000000     0.2000000     0.3000000)
        k(000025) = (     0.0000000     0.2000000     0.4000000)
        k(000026) = (     0.0000000     0.2000000    -0.5000000)
        k(000027) = (     0.0000000     0.2000000    -0.4000000)
        k(000028) = (     0.0000000     0.2000000    -0.3000000)
        k(000029) = (     0.0000000     0.2000000    -0.2000000)
        k(000030) = (     0.0000000     0.2000000    -0.1000000)
        k(000031) = (     0.0000000     0.3000000     0.0000000)
        k(000032) = (     0.0000000     0.3000000     0.1000000)
        k(000033) = (     0.0000000     0.3000000     0.2000000)
        k(000034) = (     0.0000000     0.3000000     0.3000000)
        k(000035) = (     0.0000000     0.3000000     0.4000000)
        k(000036) = (     0.0000000     0.3000000    -0.5000000)
        k(000037) = (     0.0000000     0.3000000    -0.4000000)
        k(000038) = (     0.0000000     0.3000000    -0.3000000)
        k(000039) = (     0.0000000     0.3000000    -0.2000000)
        k(000040) = (     0.0000000     0.3000000    -0.1000000)
        k(000041) = (     0.0000000     0.4000000     0.0000000)
        k(000042) = (     0.0000000     0.4000000     0.1000000)
        k(000043) = (     0.0000000     0.4000000     0.2000000)
        k(000044) = (     0.0000000     0.4000000     0.3000000)
        k(000045) = (     0.0000000     0.4000000     0.4000000)
        k(000046) = (     0.0000000     0.4000000    -0.5000000)
        k(000047) = (     0.0000000     0.4000000    -0.4000000)
        k(000048) = (     0.0000000     0.4000000    -0.3000000)
        k(000049) = (     0.0000000     0.4000000    -0.2000000)
        k(000050) = (     0.0000000     0.4000000    -0.1000000)
        Printing only first 50 k points...
 
        q(000001) = (     0.0000000     0.0000000     0.0000000)
        q(000002) = (     0.0000000     0.0000000     0.1000000)
        q(000003) = (     0.0000000     0.0000000     0.2000000)
        q(000004) = (     0.0000000     0.0000000     0.3000000)
        q(000005) = (     0.0000000     0.0000000     0.4000000)
        q(000006) = (     0.0000000     0.0000000    -0.5000000)
        q(000007) = (     0.0000000     0.0000000    -0.4000000)
        q(000008) = (     0.0000000     0.0000000    -0.3000000)
        q(000009) = (     0.0000000     0.0000000    -0.2000000)
        q(000010) = (     0.0000000     0.0000000    -0.1000000)
        q(000011) = (     0.0000000     0.1000000     0.0000000)
        q(000012) = (     0.0000000     0.1000000     0.1000000)
        q(000013) = (     0.0000000     0.1000000     0.2000000)
        q(000014) = (     0.0000000     0.1000000     0.3000000)
        q(000015) = (     0.0000000     0.1000000     0.4000000)
        q(000016) = (     0.0000000     0.1000000    -0.5000000)
        q(000017) = (     0.0000000     0.1000000    -0.4000000)
        q(000018) = (     0.0000000     0.1000000    -0.3000000)
        q(000019) = (     0.0000000     0.1000000    -0.2000000)
        q(000020) = (     0.0000000     0.1000000    -0.1000000)
        q(000021) = (     0.0000000     0.2000000     0.0000000)
        q(000022) = (     0.0000000     0.2000000     0.1000000)
        q(000023) = (     0.0000000     0.2000000     0.2000000)
        q(000024) = (     0.0000000     0.2000000     0.3000000)
        q(000025) = (     0.0000000     0.2000000     0.4000000)
        q(000026) = (     0.0000000     0.2000000    -0.5000000)
        q(000027) = (     0.0000000     0.2000000    -0.4000000)
        q(000028) = (     0.0000000     0.2000000    -0.3000000)
        q(000029) = (     0.0000000     0.2000000    -0.2000000)
        q(000030) = (     0.0000000     0.2000000    -0.1000000)
        q(000031) = (     0.0000000     0.3000000     0.0000000)
        q(000032) = (     0.0000000     0.3000000     0.1000000)
        q(000033) = (     0.0000000     0.3000000     0.2000000)
        q(000034) = (     0.0000000     0.3000000     0.3000000)
        q(000035) = (     0.0000000     0.3000000     0.4000000)
        q(000036) = (     0.0000000     0.3000000    -0.5000000)
        q(000037) = (     0.0000000     0.3000000    -0.4000000)
        q(000038) = (     0.0000000     0.3000000    -0.3000000)
        q(000039) = (     0.0000000     0.3000000    -0.2000000)
        q(000040) = (     0.0000000     0.3000000    -0.1000000)
        q(000041) = (     0.0000000     0.4000000     0.0000000)
        q(000042) = (     0.0000000     0.4000000     0.1000000)
        q(000043) = (     0.0000000     0.4000000     0.2000000)
        q(000044) = (     0.0000000     0.4000000     0.3000000)
        q(000045) = (     0.0000000     0.4000000     0.4000000)
        q(000046) = (     0.0000000     0.4000000    -0.5000000)
        q(000047) = (     0.0000000     0.4000000    -0.4000000)
        q(000048) = (     0.0000000     0.4000000    -0.3000000)
        q(000049) = (     0.0000000     0.4000000    -0.2000000)
        q(000050) = (     0.0000000     0.4000000    -0.1000000)
        Printing only first 50 q points...
       
     --------------------------------------------------------------------------------------------
     Parallelization for npdep                                           
     --------------------------------------------------------------------------------------------
     nglob                =            200
     nlevel               =              2
     Min nglob/nlevel     =            100
     Max nglob/nlevel     =            100
     --------------------------------------------------------------------------------------------
       
     --------------------------------------------------------------------------------------------
     Parallelization for npdep+macro                                     
     --------------------------------------------------------------------------------------------
     nglob                =            203
     nlevel               =              2
     Min nglob/nlevel     =            101
     Max nglob/nlevel     =            102
     --------------------------------------------------------------------------------------------
     ===========================================================================
          nsym   =   24
          nrot   =   48
          nq_ibz =   47
          Q-point IBZ [ cart  coord ]
          xq(00000001) = (  0.000000  0.000000  0.000000) wq =   0.001000
          xq(00000002) = ( -0.100000  0.100000 -0.100000) wq =   0.008000
          xq(00000003) = ( -0.200000  0.200000 -0.200000) wq =   0.008000
          xq(00000004) = ( -0.300000  0.300000 -0.300000) wq =   0.008000
          xq(00000005) = ( -0.400000  0.400000 -0.400000) wq =   0.008000
          xq(00000006) = (  0.500000 -0.500000  0.500000) wq =   0.004000
          xq(00000007) = (  0.000000  0.200000  0.000000) wq =   0.006000
          xq(00000008) = ( -0.100000  0.300000 -0.100000) wq =   0.024000
          xq(00000009) = ( -0.200000  0.400000 -0.200000) wq =   0.024000
          xq(00000010) = ( -0.300000  0.500000 -0.300000) wq =   0.024000
          xq(00000011) = (  0.600000 -0.400000  0.600000) wq =   0.024000
          xq(00000012) = (  0.500000 -0.300000  0.500000) wq =   0.024000
          xq(00000013) = (  0.400000 -0.200000  0.400000) wq =   0.024000
          xq(00000014) = (  0.300000 -0.100000  0.300000) wq =   0.024000
          xq(00000015) = (  0.200000  0.000000  0.200000) wq =   0.012000
          xq(00000016) = (  0.000000  0.400000  0.000000) wq =   0.006000
          xq(00000017) = ( -0.100000  0.500000 -0.100000) wq =   0.024000
          xq(00000018) = ( -0.200000  0.600000 -0.200000) wq =   0.024000
          xq(00000019) = (  0.700000 -0.300000  0.700000) wq =   0.024000
          xq(00000020) = (  0.600000 -0.200000  0.600000) wq =   0.024000
          xq(00000021) = (  0.500000 -0.100000  0.500000) wq =   0.024000
          xq(00000022) = (  0.400000  0.000000  0.400000) wq =   0.012000
          xq(00000023) = (  0.000000  0.600000  0.000000) wq =   0.006000
          xq(00000024) = ( -0.100000  0.700000 -0.100000) wq =   0.024000
          xq(00000025) = (  0.800000 -0.200000  0.800000) wq =   0.024000
          xq(00000026) = (  0.700000 -0.100000  0.700000) wq =   0.024000
          xq(00000027) = (  0.600000 -0.000000  0.600000) wq =   0.012000
          xq(00000028) = (  0.000000  0.800000  0.000000) wq =   0.006000
          xq(00000029) = (  0.900000 -0.100000  0.900000) wq =   0.024000
          xq(00000030) = (  0.800000  0.000000  0.800000) wq =   0.012000
          xq(00000031) = (  0.000000 -1.000000  0.000000) wq =   0.003000
          xq(00000032) = ( -0.200000  0.400000  0.000000) wq =   0.024000
          xq(00000033) = ( -0.300000  0.500000 -0.100000) wq =   0.048000
          xq(00000034) = (  0.600000 -0.400000  0.800000) wq =   0.048000
          xq(00000035) = (  0.500000 -0.300000  0.700000) wq =   0.024000
          xq(00000036) = ( -0.200000  0.600000  0.000000) wq =   0.024000
          xq(00000037) = (  0.700000 -0.300000  0.900000) wq =   0.048000
          xq(00000038) = (  0.600000 -0.200000  0.800000) wq =   0.048000
          xq(00000039) = (  0.500000 -0.100000  0.700000) wq =   0.048000
          xq(00000040) = (  0.400000  0.000000  0.600000) wq =   0.024000
          xq(00000041) = (  0.800000 -0.200000  1.000000) wq =   0.024000
          xq(00000042) = (  0.700000 -0.100000  0.900000) wq =   0.048000
          xq(00000043) = (  0.600000  0.000000  0.800000) wq =   0.024000
          xq(00000044) = ( -0.200000 -1.000000  0.000000) wq =   0.012000
          xq(00000045) = (  0.600000 -0.200000  1.000000) wq =   0.024000
          xq(00000046) = (  0.500000 -0.100000  0.900000) wq =   0.024000
          xq(00000047) = ( -0.400000 -1.000000  0.000000) wq =   0.012000
          Q-point IBZ [ cryst coord ]
          xq(00000001) = (  0.000000  0.000000  0.000000) wq =   0.001000
          xq(00000002) = (  0.000000  0.000000  0.100000) wq =   0.008000
          xq(00000003) = (  0.000000  0.000000  0.200000) wq =   0.008000
          xq(00000004) = (  0.000000  0.000000  0.300000) wq =   0.008000
          xq(00000005) = (  0.000000  0.000000  0.400000) wq =   0.008000
          xq(00000006) = (  0.000000  0.000000 -0.500000) wq =   0.004000
          xq(00000007) = (  0.000000  0.100000  0.100000) wq =   0.006000
          xq(00000008) = (  0.000000  0.100000  0.200000) wq =   0.024000
          xq(00000009) = (  0.000000  0.100000  0.300000) wq =   0.024000
          xq(00000010) = (  0.000000  0.100000  0.400000) wq =   0.024000
          xq(00000011) = (  0.000000  0.100000 -0.500000) wq =   0.024000
          xq(00000012) = (  0.000000  0.100000 -0.400000) wq =   0.024000
          xq(00000013) = (  0.000000  0.100000 -0.300000) wq =   0.024000
          xq(00000014) = (  0.000000  0.100000 -0.200000) wq =   0.024000
          xq(00000015) = (  0.000000  0.100000 -0.100000) wq =   0.012000
          xq(00000016) = (  0.000000  0.200000  0.200000) wq =   0.006000
          xq(00000017) = (  0.000000  0.200000  0.300000) wq =   0.024000
          xq(00000018) = (  0.000000  0.200000  0.400000) wq =   0.024000
          xq(00000019) = (  0.000000  0.200000 -0.500000) wq =   0.024000
          xq(00000020) = (  0.000000  0.200000 -0.400000) wq =   0.024000
          xq(00000021) = (  0.000000  0.200000 -0.300000) wq =   0.024000
          xq(00000022) = (  0.000000  0.200000 -0.200000) wq =   0.012000
          xq(00000023) = (  0.000000  0.300000  0.300000) wq =   0.006000
          xq(00000024) = (  0.000000  0.300000  0.400000) wq =   0.024000
          xq(00000025) = (  0.000000  0.300000 -0.500000) wq =   0.024000
          xq(00000026) = (  0.000000  0.300000 -0.400000) wq =   0.024000
          xq(00000027) = (  0.000000  0.300000 -0.300000) wq =   0.012000
          xq(00000028) = (  0.000000  0.400000  0.400000) wq =   0.006000
          xq(00000029) = (  0.000000  0.400000 -0.500000) wq =   0.024000
          xq(00000030) = (  0.000000  0.400000 -0.400000) wq =   0.012000
          xq(00000031) = (  0.000000 -0.500000 -0.500000) wq =   0.003000
          xq(00000032) = (  0.100000  0.200000  0.300000) wq =   0.024000
          xq(00000033) = (  0.100000  0.200000  0.400000) wq =   0.048000
          xq(00000034) = (  0.100000  0.200000 -0.500000) wq =   0.048000
          xq(00000035) = (  0.100000  0.200000 -0.400000) wq =   0.024000
          xq(00000036) = (  0.100000  0.300000  0.400000) wq =   0.024000
          xq(00000037) = (  0.100000  0.300000 -0.500000) wq =   0.048000
          xq(00000038) = (  0.100000  0.300000 -0.400000) wq =   0.048000
          xq(00000039) = (  0.100000  0.300000 -0.300000) wq =   0.048000
          xq(00000040) = (  0.100000  0.300000 -0.200000) wq =   0.024000
          xq(00000041) = (  0.100000  0.400000 -0.500000) wq =   0.024000
          xq(00000042) = (  0.100000  0.400000 -0.400000) wq =   0.048000
          xq(00000043) = (  0.100000  0.400000 -0.300000) wq =   0.024000
          xq(00000044) = (  0.100000 -0.500000 -0.400000) wq =   0.012000
          xq(00000045) = (  0.200000  0.400000 -0.400000) wq =   0.024000
          xq(00000046) = (  0.200000  0.400000 -0.300000) wq =   0.024000
          xq(00000047) = (  0.200000 -0.500000 -0.300000) wq =   0.012000
     ===========================================================================
     -------------------------------
     | Electron-Phonon Self-energy |
     -------------------------------
     ===========================================================================
          nsym   =   24
          nrot   =   48
          nk_ibz =   47
          Q-point IBZ [ cart  coord ]
          xk(00000001) = (  0.000000  0.000000  0.000000) wk =   0.001000
          xk(00000002) = ( -0.100000  0.100000 -0.100000) wk =   0.008000
          xk(00000003) = ( -0.200000  0.200000 -0.200000) wk =   0.008000
          xk(00000004) = ( -0.300000  0.300000 -0.300000) wk =   0.008000
          xk(00000005) = ( -0.400000  0.400000 -0.400000) wk =   0.008000
          xk(00000006) = (  0.500000 -0.500000  0.500000) wk =   0.004000
          xk(00000007) = (  0.000000  0.200000  0.000000) wk =   0.006000
          xk(00000008) = ( -0.100000  0.300000 -0.100000) wk =   0.024000
          xk(00000009) = ( -0.200000  0.400000 -0.200000) wk =   0.024000
          xk(00000010) = ( -0.300000  0.500000 -0.300000) wk =   0.024000
          xk(00000011) = (  0.600000 -0.400000  0.600000) wk =   0.024000
          xk(00000012) = (  0.500000 -0.300000  0.500000) wk =   0.024000
          xk(00000013) = (  0.400000 -0.200000  0.400000) wk =   0.024000
          xk(00000014) = (  0.300000 -0.100000  0.300000) wk =   0.024000
          xk(00000015) = (  0.200000  0.000000  0.200000) wk =   0.012000
          xk(00000016) = (  0.000000  0.400000  0.000000) wk =   0.006000
          xk(00000017) = ( -0.100000  0.500000 -0.100000) wk =   0.024000
          xk(00000018) = ( -0.200000  0.600000 -0.200000) wk =   0.024000
          xk(00000019) = (  0.700000 -0.300000  0.700000) wk =   0.024000
          xk(00000020) = (  0.600000 -0.200000  0.600000) wk =   0.024000
          xk(00000021) = (  0.500000 -0.100000  0.500000) wk =   0.024000
          xk(00000022) = (  0.400000  0.000000  0.400000) wk =   0.012000
          xk(00000023) = (  0.000000  0.600000  0.000000) wk =   0.006000
          xk(00000024) = ( -0.100000  0.700000 -0.100000) wk =   0.024000
          xk(00000025) = (  0.800000 -0.200000  0.800000) wk =   0.024000
          xk(00000026) = (  0.700000 -0.100000  0.700000) wk =   0.024000
          xk(00000027) = (  0.600000 -0.000000  0.600000) wk =   0.012000
          xk(00000028) = (  0.000000  0.800000  0.000000) wk =   0.006000
          xk(00000029) = (  0.900000 -0.100000  0.900000) wk =   0.024000
          xk(00000030) = (  0.800000  0.000000  0.800000) wk =   0.012000
          xk(00000031) = (  0.000000 -1.000000  0.000000) wk =   0.003000
          xk(00000032) = ( -0.200000  0.400000  0.000000) wk =   0.024000
          xk(00000033) = ( -0.300000  0.500000 -0.100000) wk =   0.048000
          xk(00000034) = (  0.600000 -0.400000  0.800000) wk =   0.048000
          xk(00000035) = (  0.500000 -0.300000  0.700000) wk =   0.024000
          xk(00000036) = ( -0.200000  0.600000  0.000000) wk =   0.024000
          xk(00000037) = (  0.700000 -0.300000  0.900000) wk =   0.048000
          xk(00000038) = (  0.600000 -0.200000  0.800000) wk =   0.048000
          xk(00000039) = (  0.500000 -0.100000  0.700000) wk =   0.048000
          xk(00000040) = (  0.400000  0.000000  0.600000) wk =   0.024000
          xk(00000041) = (  0.800000 -0.200000  1.000000) wk =   0.024000
          xk(00000042) = (  0.700000 -0.100000  0.900000) wk =   0.048000
          xk(00000043) = (  0.600000  0.000000  0.800000) wk =   0.024000
          xk(00000044) = ( -0.200000 -1.000000  0.000000) wk =   0.012000
          xk(00000045) = (  0.600000 -0.200000  1.000000) wk =   0.024000
          xk(00000046) = (  0.500000 -0.100000  0.900000) wk =   0.024000
          xk(00000047) = ( -0.400000 -1.000000  0.000000) wk =   0.012000
          Q-point IBZ [ cryst coord ]
          xk(00000001) = (  0.000000  0.000000  0.000000) wk =   0.001000
          xk(00000002) = (  0.000000  0.000000  0.100000) wk =   0.008000
          xk(00000003) = (  0.000000  0.000000  0.200000) wk =   0.008000
          xk(00000004) = (  0.000000  0.000000  0.300000) wk =   0.008000
          xk(00000005) = (  0.000000  0.000000  0.400000) wk =   0.008000
          xk(00000006) = (  0.000000  0.000000 -0.500000) wk =   0.004000
          xk(00000007) = (  0.000000  0.100000  0.100000) wk =   0.006000
          xk(00000008) = (  0.000000  0.100000  0.200000) wk =   0.024000
          xk(00000009) = (  0.000000  0.100000  0.300000) wk =   0.024000
          xk(00000010) = (  0.000000  0.100000  0.400000) wk =   0.024000
          xk(00000011) = (  0.000000  0.100000 -0.500000) wk =   0.024000
          xk(00000012) = (  0.000000  0.100000 -0.400000) wk =   0.024000
          xk(00000013) = (  0.000000  0.100000 -0.300000) wk =   0.024000
          xk(00000014) = (  0.000000  0.100000 -0.200000) wk =   0.024000
          xk(00000015) = (  0.000000  0.100000 -0.100000) wk =   0.012000
          xk(00000016) = (  0.000000  0.200000  0.200000) wk =   0.006000
          xk(00000017) = (  0.000000  0.200000  0.300000) wk =   0.024000
          xk(00000018) = (  0.000000  0.200000  0.400000) wk =   0.024000
          xk(00000019) = (  0.000000  0.200000 -0.500000) wk =   0.024000
          xk(00000020) = (  0.000000  0.200000 -0.400000) wk =   0.024000
          xk(00000021) = (  0.000000  0.200000 -0.300000) wk =   0.024000
          xk(00000022) = (  0.000000  0.200000 -0.200000) wk =   0.012000
          xk(00000023) = (  0.000000  0.300000  0.300000) wk =   0.006000
          xk(00000024) = (  0.000000  0.300000  0.400000) wk =   0.024000
          xk(00000025) = (  0.000000  0.300000 -0.500000) wk =   0.024000
          xk(00000026) = (  0.000000  0.300000 -0.400000) wk =   0.024000
          xk(00000027) = (  0.000000  0.300000 -0.300000) wk =   0.012000
          xk(00000028) = (  0.000000  0.400000  0.400000) wk =   0.006000
          xk(00000029) = (  0.000000  0.400000 -0.500000) wk =   0.024000
          xk(00000030) = (  0.000000  0.400000 -0.400000) wk =   0.012000
          xk(00000031) = (  0.000000 -0.500000 -0.500000) wk =   0.003000
          xk(00000032) = (  0.100000  0.200000  0.300000) wk =   0.024000
          xk(00000033) = (  0.100000  0.200000  0.400000) wk =   0.048000
          xk(00000034) = (  0.100000  0.200000 -0.500000) wk =   0.048000
          xk(00000035) = (  0.100000  0.200000 -0.400000) wk =   0.024000
          xk(00000036) = (  0.100000  0.300000  0.400000) wk =   0.024000
          xk(00000037) = (  0.100000  0.300000 -0.500000) wk =   0.048000
          xk(00000038) = (  0.100000  0.300000 -0.400000) wk =   0.048000
          xk(00000039) = (  0.100000  0.300000 -0.300000) wk =   0.048000
          xk(00000040) = (  0.100000  0.300000 -0.200000) wk =   0.024000
          xk(00000041) = (  0.100000  0.400000 -0.500000) wk =   0.024000
          xk(00000042) = (  0.100000  0.400000 -0.400000) wk =   0.048000
          xk(00000043) = (  0.100000  0.400000 -0.300000) wk =   0.024000
          xk(00000044) = (  0.100000 -0.500000 -0.400000) wk =   0.012000
          xk(00000045) = (  0.200000  0.400000 -0.400000) wk =   0.024000
          xk(00000046) = (  0.200000  0.400000 -0.300000) wk =   0.024000
          xk(00000047) = (  0.200000 -0.500000 -0.300000) wk =   0.012000
     ===========================================================================
       
     --------------------------------------------------------------------------------------------
     Computing Debye-Waller Self-energy (occ)                            
     --------------------------------------------------------------------------------------------
     in progress... |#                   | 005% :               05.0s (E)           01m-41.3s (X)
     in progress... |##                  | 010% :               08.8s (E)           01m-28.9s (X)
     in progress... |###                 | 015% :               12.9s (E)           01m-26.3s (X)
     in progress... |####                | 020% :               16.7s (E)           01m-23.5s (X)
     in progress... |#####               | 025% :               20.3s (E)           01m-21.4s (X)
     in progress... |######              | 030% :               24.1s (E)           01m-20.4s (X)
     in progress... |#######             | 035% :               28.0s (E)           01m-20.0s (X)
     in progress... |########            | 040% :               31.7s (E)           01m-19.4s (X)
     in progress... |#########           | 045% :               35.5s (E)           01m-18.9s (X)
     in progress... |##########          | 050% :               39.0s (E)           01m-18.1s (X)
     in progress... |###########         | 055% :               42.8s (E)           01m-17.9s (X)
     in progress... |############        | 060% :               46.7s (E)           01m-17.9s (X)
     in progress... |#############       | 065% :               50.5s (E)           01m-17.7s (X)
     in progress... |##############      | 070% :               54.2s (E)           01m-17.4s (X)
     in progress... |###############     | 075% :               57.8s (E)           01m-17.1s (X)
     in progress... |################    | 080% :           01m-01.7s (E)           01m-17.1s (X)
     in progress... |#################   | 085% :           01m-05.4s (E)           01m-17.0s (X)
     in progress... |##################  | 090% :           01m-09.3s (E)           01m-17.0s (X)
     in progress... |################### | 095% :           01m-13.2s (E)           01m-17.1s (X)
     in progress... |####################| 100% :           01m-16.7s (E)           01m-16.7s (X)
     --------------------------------------------------------------------------------------------
       
     --------------------------------------------------------------------------------------------
     Computing Debye-Waller Self-energy (Lanczos)                        
     --------------------------------------------------------------------------------------------
     in progress... |#                   | 005% :               07.0s (E)           02m-21.1s (X)
     in progress... |##                  | 010% :               11.5s (E)           01m-55.8s (X)
     in progress... |###                 | 015% :               18.4s (E)           02m-02.9s (X)
     in progress... |####                | 020% :               23.1s (E)           01m-55.5s (X)
     in progress... |#####               | 025% :               27.9s (E)           01m-51.7s (X)
     in progress... |######              | 030% :               34.9s (E)           01m-56.6s (X)
     in progress... |#######             | 035% :               39.6s (E)           01m-53.2s (X)
     in progress... |########            | 040% :               44.3s (E)           01m-50.8s (X)
     in progress... |#########           | 045% :               51.2s (E)           01m-53.8s (X)
     in progress... |##########          | 050% :               55.7s (E)           01m-51.5s (X)
     in progress... |###########         | 055% :           01m-00.3s (E)           01m-49.7s (X)
     in progress... |############        | 060% :           01m-07.3s (E)           01m-52.1s (X)
     in progress... |#############       | 065% :           01m-12.0s (E)           01m-50.7s (X)
     in progress... |##############      | 070% :           01m-16.5s (E)           01m-49.3s (X)
     in progress... |###############     | 075% :           01m-23.4s (E)           01m-51.2s (X)
     in progress... |################    | 080% :           01m-28.1s (E)           01m-50.1s (X)
     in progress... |#################   | 085% :           01m-32.9s (E)           01m-49.3s (X)
     in progress... |##################  | 090% :           01m-40.0s (E)           01m-51.1s (X)
     in progress... |################### | 095% :           01m-44.7s (E)           01m-50.2s (X)
     in progress... |####################| 100% :           01m-49.4s (E)           01m-49.4s (X)
     --------------------------------------------------------------------------------------------
       
     --------------------------------------------------------------------------------------------
     Compute Fan-Migdal Self-energy (occ)                                
     --------------------------------------------------------------------------------------------
     in progress... |#                   | 005% :               20.5s (E)           06m-50.7s (X)
     in progress... |##                  | 010% :               40.8s (E)           06m-48.6s (X)
     in progress... |###                 | 015% :           01m-01.2s (E)           06m-48.0s (X)
     in progress... |####                | 020% :           01m-22.1s (E)           06m-50.7s (X)
     in progress... |#####               | 025% :           01m-43.2s (E)           06m-52.8s (X)
     in progress... |######              | 030% :           02m-03.3s (E)           06m-51.2s (X)
     in progress... |#######             | 035% :           02m-24.3s (E)           06m-52.4s (X)
     in progress... |########            | 040% :           02m-44.7s (E)           06m-51.9s (X)
     in progress... |#########           | 045% :           03m-05.4s (E)           06m-52.0s (X)
     in progress... |##########          | 050% :           03m-26.1s (E)           06m-52.3s (X)
     in progress... |###########         | 055% :           03m-47.1s (E)           06m-52.9s (X)
     in progress... |############        | 060% :           04m-07.4s (E)           06m-52.4s (X)
     in progress... |#############       | 065% :           04m-29.0s (E)           06m-53.9s (X)
     in progress... |##############      | 070% :           04m-49.9s (E)           06m-54.1s (X)
     in progress... |###############     | 075% :           05m-10.8s (E)           06m-54.4s (X)
     in progress... |################    | 080% :           05m-31.9s (E)           06m-54.9s (X)
     in progress... |#################   | 085% :           05m-56.8s (E)           06m-59.8s (X)
     in progress... |##################  | 090% :           06m-17.2s (E)           06m-59.1s (X)
     in progress... |################### | 095% :           06m-37.1s (E)           06m-58.0s (X)
     in progress... |####################| 100% :           06m-58.4s (E)           06m-58.4s (X)
     --------------------------------------------------------------------------------------------
       
     --------------------------------------------------------------------------------------------
     Compute Fan-Migdal Self-energy (Lanczos)                            
     --------------------------------------------------------------------------------------------
     in progress... |#                   | 005% :           06m-05.7s (E)       02h-01m-54.3s (X)
     in progress... |##                  | 010% :           10m-06.6s (E)       01h-41m-06.6s (X)
     in progress... |###                 | 015% :           16m-05.9s (E)       01h-47m-19.8s (X)
     in progress... |####                | 020% :           20m-09.0s (E)       01h-40m-45.2s (X)
     in progress... |#####               | 025% :           24m-15.7s (E)       01h-37m-02.8s (X)
     in progress... |######              | 030% :           30m-17.9s (E)       01h-40m-59.7s (X)
     in progress... |#######             | 035% :           34m-17.6s (E)       01h-37m-58.9s (X)
     in progress... |########            | 040% :           38m-13.3s (E)       01h-35m-33.4s (X)
     in progress... |#########           | 045% :           44m-11.1s (E)       01h-38m-11.5s (X)
     in progress... |##########          | 050% :           48m-09.7s (E)       01h-36m-19.4s (X)
     in progress... |###########         | 055% :           52m-07.2s (E)       01h-34m-45.8s (X)
     in progress... |############        | 060% :           58m-09.0s (E)       01h-36m-55.1s (X)
     in progress... |#############       | 065% :       01h-02m-17.2s (E)       01h-35m-49.6s (X)
     in progress... |##############      | 070% :       01h-06m-22.1s (E)       01h-34m-48.7s (X)
     in progress... |###############     | 075% :       01h-12m-24.8s (E)       01h-36m-33.0s (X)
     in progress... |################    | 080% :       01h-16m-28.3s (E)       01h-35m-35.4s (X)
     in progress... |#################   | 085% :       01h-20m-28.4s (E)       01h-34m-40.5s (X)
     in progress... |##################  | 090% :       01h-26m-26.3s (E)       01h-36m-02.5s (X)
     in progress... |################### | 095% :       01h-30m-21.7s (E)       01h-35m-07.0s (X)
     in progress... |####################| 100% :       01h-34m-16.3s (E)       01h-34m-16.3s (X)
     --------------------------------------------------------------------------------------------
     WELPH        :     1h35m CPU        1h45m WALL

     welph_readin :     32.20s CPU     54.35s WALL (       1 calls)
     fetch_input  :      0.06s CPU      0.07s WALL (       2 calls)
     read_xml     :      7.03s CPU      9.55s WALL (       1 calls)
     init_vloc    :      0.00s CPU      0.00s WALL (       2 calls)
     fft          :      0.12s CPU      0.38s WALL (       4 calls)
     fft_scatter  :   2792.15s CPU   2999.64s WALL (74124451 calls)
     v_of_rho     :      0.00s CPU      0.00s WALL (       1 calls)
     v_xc         :      0.00s CPU      0.00s WALL (       1 calls)
     v_h          :      0.00s CPU      0.00s WALL (       1 calls)
     read_wave    :     25.11s CPU     44.72s WALL (       1 calls)
     davcio       :      8.09s CPU      9.41s WALL (  377377 calls)
     init_us_1    :      0.01s CPU      0.01s WALL (       2 calls)
     do_setup     :      1.29s CPU      1.36s WALL (       1 calls)
     init_pw_ar   :      0.01s CPU      0.01s WALL (       1 calls)
     init_at_1    :      0.00s CPU      0.00s WALL (       1 calls)
     setup_dmuxc  :      0.00s CPU      0.00s WALL (       1 calls)
     ffts         :     22.84s CPU     24.14s WALL (  144003 calls)
     scatter_grid :     11.41s CPU     13.06s WALL (  282003 calls)
     init_us_2    :      2.91s CPU      3.07s WALL (  376376 calls)
     fftw         :   3178.90s CPU   3408.43s WALL (73980444 calls)
     calbec       :    195.53s CPU    211.39s WALL ( 5367588 calls)
     computeDW1   :     71.43s CPU     76.77s WALL (       1 calls)
     computeDW2   :    103.39s CPU    109.50s WALL (       1 calls)
     alphapc      :    195.62s CPU    209.25s WALL ( 4379742 calls)
     lan_H        :   4714.57s CPU   5032.77s WALL (  141282 calls)
     h_psi_bgrp   :   3260.43s CPU   3483.30s WALL ( 4238460 calls)
     h_psi        :   3250.64s CPU   3473.23s WALL ( 4238460 calls)
     h_psi:pot    :   3240.25s CPU   3462.22s WALL ( 4238460 calls)
     vloc_psi     :   3040.64s CPU   3248.61s WALL ( 4238460 calls)
     h_psi:calbec :    163.59s CPU    175.30s WALL ( 4238460 calls)
     add_vuspsi   :     16.34s CPU     17.59s WALL ( 4238460 calls)
     computeFM1   :    312.14s CPU    418.46s WALL (       1 calls)
     computeFM2   :   5215.83s CPU   5656.36s WALL (       1 calls)
 
     WELPH        :     1h35m CPU        1h45m WALL

 
   This run was terminated on:  18:52: 3   1Feb2021            

=------------------------------------------------------------------------------=
   JOB DONE.
=------------------------------------------------------------------------------=
