
     Program WFREQ v. 3.1.1 starts on  9Jan2021 at  2:22:49 

     This program is part of the open-source West suite
     for massively parallel calculations of excited states in materials; please cite
         "M. Govoni et al., J. Chem. Theory Comput. 11, 2680 (2015);
          URL http://www.west-code.org", 
     in publications or presentations arising from this work.

     Based on the Quantum ESPRESSO v. 6.1 svn rev. 13369

     I/O is Little Endian
       
     --------------------------------------------------------------------------------------------
     **MPI** Parallelization Status                                      
     --------------------------------------------------------------------------------------------
                    80                   2             1             1            40
     --------------------------------------------------------------------------------------------
                     N         =         I      X      P      X      B      X      Z
                     ^                   ^             ^             ^             ^
                     |                   |             |             |             |
                   #rnk                  |             |             |             |
                                      #image           |             |             |
                                                     #pool           |             |
                                                                   #bgrp           |
                                                                                 #R&G
     --------------------------------------------------------------------------------------------
     **OPENMP** Parallelization Status
     #thr/rnk               =            1
     --------------------------------------------------------------------------------------------
     #prc = (rnk) * (thr) =           80
     --------------------------------------------------------------------------------------------
       
     --------------------------------------------------------------------------------------------
     I/O Summary : input_west                                            
     --------------------------------------------------------------------------------------------
     qe_prefix      = c
     west_prefix    = c
     outdir         = ./
     --------------------------------------------------------------------------------------------

     Reading data from directory:
     ./c.save

   Info: using nr1, nr2, nr3 values from input

   Info: using nr1, nr2, nr3 values from input

     IMPORTANT: XC functional enforced from input :
     Exchange-correlation      = PBE ( 1  4  3  4 0 0)
     Any further DFT definition will be discarded
     Please, verify this is what you really want

 
     Parallelization info
     --------------------
     sticks:   dense  smooth     PW     G-vecs:    dense   smooth      PW
     Min           9       9      3                  122      122      23
     Max          10      10      4                  125      125      27
     Sum         379     379    121                 4909     4909     941
 
       
     --------------------------------------------------------------------------------------------
     I/O Summary : wstat_control                                         
     --------------------------------------------------------------------------------------------
     wstat_calculation              =              S
     n_pdep_eigen                   =            200
     n_pdep_times                   =              4
     n_pdep_maxiter                 =            100
     n_dfpt_maxiter                 =            250
     n_pdep_read_from_file          =              0
     trev_pdep                      =   1.000000E-03
     trev_pdep_rel                  =   1.000000E-01
     tr2_dfpt                       =   1.000000E-12
     l_kinetic_only                 =              F
     l_minimize_exx_if_active       =              F
     l_use_ecutrho                  =              F
     l_use_symm                     =              T
     nq(1)                          =              4
     nq(2)                          =              4
     nq(3)                          =              4
     --------------------------------------------------------------------------------------------
       
     --------------------------------------------------------------------------------------------
     I/O Summary : wfreq_control                                         
     --------------------------------------------------------------------------------------------
     wfreq_calculation                        =           XWGQ
     n_pdep_eigen_to_use                      =            200
     qp_bandrange(1)                          =              1
     qp_bandrange(2)                          =              8
     macropol_calculation                     =              C
     n_lanczos                                =             30
     n_imfreq                                 =            500
     n_refreq                                 =            500
     ecut_imfreq [Ry]                         =     240.000000
     ecut_refreq [Ry]                         =       3.000000
     wfreq_eta [Ry]                           =       0.003675
     n_secant_maxiter                         =            200
     trev_secant [Ry]                         =       0.003676
     l_enable_lanczos                         =              T
     l_enable_gwetot                          =              F
     o_restart_time [min]                     =      -1.000000
     ecut_spectralf(1) [Ry]                   =      -2.000000
     ecut_spectralf(2) [Ry]                   =       2.000000
     n_spectralf                              =             10
     l_read_common_pdep                       =              F
     l_enable_gb_curvature                    =              T
     --------------------------------------------------------------------------------------------
       
     --------------------------------------------------------------------------------------------
     System Overview                                                     
     --------------------------------------------------------------------------------------------
     gamma_only           =              F
     ecutwfc [Ry]         =      60.000000
     ecutrho [Ry]         =     240.000000
     omega [au^3]         =   7.770087E+01
     nbnd                 =              8
     nkstot               =             64
     nspin                =              1
     nelec                =       8.000000
     npol                 =              1
     lsda                 =              F
     noncolin             =              F
     lspinorb             =              F
     domag                =              F
     --------------------------------------------------------------------------------------------

     3DFFT grid
        s : (  24,  24,  24)
        p : (  24,  24,  24)

     Direct Lattice Cell [a.u.]
        a1 = (    -3.3868707     0.0000000     3.3868707)
        a2 = (     0.0000000     3.3868707     3.3868707)
        a3 = (    -3.3868707     3.3868707     0.0000000)

     Reciprocal Lattice Cell [a.u.]
        b1 = (    -0.9275797    -0.9275797     0.9275797)
        b2 = (     0.9275797     0.9275797     0.9275797)
        b3 = (    -0.9275797     0.9275797    -0.9275797)
      

     Brillouin Zone sampling [cryst. coord.]
 
        k(000001) = (     0.0000000     0.0000000     0.0000000)
        k(000002) = (     0.0000000     0.0000000     0.2500000)
        k(000003) = (     0.0000000     0.0000000    -0.5000000)
        k(000004) = (     0.0000000     0.0000000    -0.2500000)
        k(000005) = (     0.0000000     0.2500000     0.0000000)
        k(000006) = (     0.0000000     0.2500000     0.2500000)
        k(000007) = (     0.0000000     0.2500000    -0.5000000)
        k(000008) = (     0.0000000     0.2500000    -0.2500000)
        k(000009) = (     0.0000000    -0.5000000     0.0000000)
        k(000010) = (     0.0000000    -0.5000000     0.2500000)
        k(000011) = (     0.0000000    -0.5000000    -0.5000000)
        k(000012) = (     0.0000000    -0.5000000    -0.2500000)
        k(000013) = (     0.0000000    -0.2500000     0.0000000)
        k(000014) = (     0.0000000    -0.2500000     0.2500000)
        k(000015) = (     0.0000000    -0.2500000    -0.5000000)
        k(000016) = (     0.0000000    -0.2500000    -0.2500000)
        k(000017) = (     0.2500000     0.0000000     0.0000000)
        k(000018) = (     0.2500000     0.0000000     0.2500000)
        k(000019) = (     0.2500000     0.0000000    -0.5000000)
        k(000020) = (     0.2500000     0.0000000    -0.2500000)
        k(000021) = (     0.2500000     0.2500000     0.0000000)
        k(000022) = (     0.2500000     0.2500000     0.2500000)
        k(000023) = (     0.2500000     0.2500000    -0.5000000)
        k(000024) = (     0.2500000     0.2500000    -0.2500000)
        k(000025) = (     0.2500000    -0.5000000     0.0000000)
        k(000026) = (     0.2500000    -0.5000000     0.2500000)
        k(000027) = (     0.2500000    -0.5000000    -0.5000000)
        k(000028) = (     0.2500000    -0.5000000    -0.2500000)
        k(000029) = (     0.2500000    -0.2500000     0.0000000)
        k(000030) = (     0.2500000    -0.2500000     0.2500000)
        k(000031) = (     0.2500000    -0.2500000    -0.5000000)
        k(000032) = (     0.2500000    -0.2500000    -0.2500000)
        k(000033) = (    -0.5000000     0.0000000     0.0000000)
        k(000034) = (    -0.5000000     0.0000000     0.2500000)
        k(000035) = (    -0.5000000     0.0000000    -0.5000000)
        k(000036) = (    -0.5000000     0.0000000    -0.2500000)
        k(000037) = (    -0.5000000     0.2500000     0.0000000)
        k(000038) = (    -0.5000000     0.2500000     0.2500000)
        k(000039) = (    -0.5000000     0.2500000    -0.5000000)
        k(000040) = (    -0.5000000     0.2500000    -0.2500000)
        k(000041) = (    -0.5000000    -0.5000000     0.0000000)
        k(000042) = (    -0.5000000    -0.5000000     0.2500000)
        k(000043) = (    -0.5000000    -0.5000000    -0.5000000)
        k(000044) = (    -0.5000000    -0.5000000    -0.2500000)
        k(000045) = (    -0.5000000    -0.2500000     0.0000000)
        k(000046) = (    -0.5000000    -0.2500000     0.2500000)
        k(000047) = (    -0.5000000    -0.2500000    -0.5000000)
        k(000048) = (    -0.5000000    -0.2500000    -0.2500000)
        k(000049) = (    -0.2500000     0.0000000     0.0000000)
        k(000050) = (    -0.2500000     0.0000000     0.2500000)
        Printing only first 50 k points...
 
        q(000001) = (     0.0000000     0.0000000     0.0000000)
        q(000002) = (     0.0000000     0.0000000     0.2500000)
        q(000003) = (     0.0000000     0.0000000    -0.5000000)
        q(000004) = (     0.0000000     0.0000000    -0.2500000)
        q(000005) = (     0.0000000     0.2500000     0.0000000)
        q(000006) = (     0.0000000     0.2500000     0.2500000)
        q(000007) = (     0.0000000     0.2500000    -0.5000000)
        q(000008) = (     0.0000000     0.2500000    -0.2500000)
        q(000009) = (     0.0000000    -0.5000000     0.0000000)
        q(000010) = (     0.0000000    -0.5000000     0.2500000)
        q(000011) = (     0.0000000    -0.5000000    -0.5000000)
        q(000012) = (     0.0000000    -0.5000000    -0.2500000)
        q(000013) = (     0.0000000    -0.2500000     0.0000000)
        q(000014) = (     0.0000000    -0.2500000     0.2500000)
        q(000015) = (     0.0000000    -0.2500000    -0.5000000)
        q(000016) = (     0.0000000    -0.2500000    -0.2500000)
        q(000017) = (     0.2500000     0.0000000     0.0000000)
        q(000018) = (     0.2500000     0.0000000     0.2500000)
        q(000019) = (     0.2500000     0.0000000    -0.5000000)
        q(000020) = (     0.2500000     0.0000000    -0.2500000)
        q(000021) = (     0.2500000     0.2500000     0.0000000)
        q(000022) = (     0.2500000     0.2500000     0.2500000)
        q(000023) = (     0.2500000     0.2500000    -0.5000000)
        q(000024) = (     0.2500000     0.2500000    -0.2500000)
        q(000025) = (     0.2500000    -0.5000000     0.0000000)
        q(000026) = (     0.2500000    -0.5000000     0.2500000)
        q(000027) = (     0.2500000    -0.5000000    -0.5000000)
        q(000028) = (     0.2500000    -0.5000000    -0.2500000)
        q(000029) = (     0.2500000    -0.2500000     0.0000000)
        q(000030) = (     0.2500000    -0.2500000     0.2500000)
        q(000031) = (     0.2500000    -0.2500000    -0.5000000)
        q(000032) = (     0.2500000    -0.2500000    -0.2500000)
        q(000033) = (    -0.5000000     0.0000000     0.0000000)
        q(000034) = (    -0.5000000     0.0000000     0.2500000)
        q(000035) = (    -0.5000000     0.0000000    -0.5000000)
        q(000036) = (    -0.5000000     0.0000000    -0.2500000)
        q(000037) = (    -0.5000000     0.2500000     0.0000000)
        q(000038) = (    -0.5000000     0.2500000     0.2500000)
        q(000039) = (    -0.5000000     0.2500000    -0.5000000)
        q(000040) = (    -0.5000000     0.2500000    -0.2500000)
        q(000041) = (    -0.5000000    -0.5000000     0.0000000)
        q(000042) = (    -0.5000000    -0.5000000     0.2500000)
        q(000043) = (    -0.5000000    -0.5000000    -0.5000000)
        q(000044) = (    -0.5000000    -0.5000000    -0.2500000)
        q(000045) = (    -0.5000000    -0.2500000     0.0000000)
        q(000046) = (    -0.5000000    -0.2500000     0.2500000)
        q(000047) = (    -0.5000000    -0.2500000    -0.5000000)
        q(000048) = (    -0.5000000    -0.2500000    -0.2500000)
        q(000049) = (    -0.2500000     0.0000000     0.0000000)
        q(000050) = (    -0.2500000     0.0000000     0.2500000)
        Printing only first 50 q points...
       
     --------------------------------------------------------------------------------------------
     Parallelization for npdep                                           
     --------------------------------------------------------------------------------------------
     nglob                =            200
     nlevel               =              2
     Min nglob/nlevel     =            100
     Max nglob/nlevel     =            100
     --------------------------------------------------------------------------------------------
       
     --------------------------------------------------------------------------------------------
     Parallelization for npdep+macro                                     
     --------------------------------------------------------------------------------------------
     nglob                =            203
     nlevel               =              2
     Min nglob/nlevel     =            101
     Max nglob/nlevel     =            102
     --------------------------------------------------------------------------------------------
       
     --------------------------------------------------------------------------------------------
     Parallelization for n_imfreq                                        
     --------------------------------------------------------------------------------------------
     nglob                =            500
     nlevel               =             40
     Min nglob/nlevel     =             12
     Max nglob/nlevel     =             13
     --------------------------------------------------------------------------------------------
       
     --------------------------------------------------------------------------------------------
     Parallelization for n_refreq                                        
     --------------------------------------------------------------------------------------------
     nglob                =            500
     nlevel               =             40
     Min nglob/nlevel     =             12
     Max nglob/nlevel     =             13
     --------------------------------------------------------------------------------------------
       
     --------------------------------------------------------------------------------------------
     Parallelization for nbnd                                            
     --------------------------------------------------------------------------------------------
     nglob                =              8
     nlevel               =              2
     Min nglob/nlevel     =              4
     Max nglob/nlevel     =              4
     --------------------------------------------------------------------------------------------
     ===========================================================================
          nsym   =   24
          nrot   =   48
          nk_ibz =    8
          Q-point IBZ [ cart  coord ]
          xk(00000001) = (  0.000000  0.000000  0.000000) wk =   0.015625
          xk(00000002) = ( -0.250000  0.250000 -0.250000) wk =   0.125000
          xk(00000003) = (  0.500000 -0.500000  0.500000) wk =   0.062500
          xk(00000004) = (  0.000000  0.500000  0.000000) wk =   0.093750
          xk(00000005) = (  0.750000 -0.250000  0.750000) wk =   0.375000
          xk(00000006) = (  0.500000  0.000000  0.500000) wk =   0.187500
          xk(00000007) = (  0.000000 -1.000000  0.000000) wk =   0.046875
          xk(00000008) = ( -0.500000 -1.000000  0.000000) wk =   0.093750
          Q-point IBZ [ cryst coord ]
          xk(00000001) = (  0.000000  0.000000  0.000000) wk =   0.015625
          xk(00000002) = (  0.000000  0.000000  0.250000) wk =   0.125000
          xk(00000003) = (  0.000000  0.000000 -0.500000) wk =   0.062500
          xk(00000004) = (  0.000000  0.250000  0.250000) wk =   0.093750
          xk(00000005) = (  0.000000  0.250000 -0.500000) wk =   0.375000
          xk(00000006) = (  0.000000  0.250000 -0.250000) wk =   0.187500
          xk(00000007) = (  0.000000 -0.500000 -0.500000) wk =   0.046875
          xk(00000008) = (  0.250000 -0.500000 -0.250000) wk =   0.093750
     ===========================================================================
     ===========================================================================
          nsym   =   24
          nrot   =   48
          nq_ibz =    8
          Q-point IBZ [ cart  coord ]
          xq(00000001) = (  0.000000  0.000000  0.000000) wq =   0.015625
          xq(00000002) = ( -0.250000  0.250000 -0.250000) wq =   0.125000
          xq(00000003) = (  0.500000 -0.500000  0.500000) wq =   0.062500
          xq(00000004) = (  0.000000  0.500000  0.000000) wq =   0.093750
          xq(00000005) = (  0.750000 -0.250000  0.750000) wq =   0.375000
          xq(00000006) = (  0.500000  0.000000  0.500000) wq =   0.187500
          xq(00000007) = (  0.000000 -1.000000  0.000000) wq =   0.046875
          xq(00000008) = ( -0.500000 -1.000000  0.000000) wq =   0.093750
          Q-point IBZ [ cryst coord ]
          xq(00000001) = (  0.000000  0.000000  0.000000) wq =   0.015625
          xq(00000002) = (  0.000000  0.000000  0.250000) wq =   0.125000
          xq(00000003) = (  0.000000  0.000000 -0.500000) wq =   0.062500
          xq(00000004) = (  0.000000  0.250000  0.250000) wq =   0.093750
          xq(00000005) = (  0.000000  0.250000 -0.500000) wq =   0.375000
          xq(00000006) = (  0.000000  0.250000 -0.250000) wq =   0.187500
          xq(00000007) = (  0.000000 -0.500000 -0.500000) wq =   0.046875
          xq(00000008) = (  0.250000 -0.500000 -0.250000) wq =   0.093750
     ===========================================================================
       
     --------------------------------------------------------------------------------------------
     Hartree-Fock Exact E(X)change                                       
     --------------------------------------------------------------------------------------------
      
     --------------------------------------------------------------------------------------------
     Vxc
     --------------------------------------------------------------------------------------------
     in progress... |#                   | 005% :             < 00.1s (E)               00.2s (X)
     in progress... |##                  | 010% :             < 00.1s (E)               00.1s (X)
     in progress... |###                 | 015% :             < 00.1s (E)               00.1s (X)
     in progress... |####                | 020% :             < 00.1s (E)               00.1s (X)
     in progress... |#####               | 025% :             < 00.1s (E)             < 00.1s (X)
     in progress... |######              | 030% :             < 00.1s (E)             < 00.1s (X)
     in progress... |#######             | 035% :             < 00.1s (E)             < 00.1s (X)
     in progress... |########            | 040% :             < 00.1s (E)             < 00.1s (X)
     in progress... |#########           | 045% :             < 00.1s (E)             < 00.1s (X)
     in progress... |##########          | 050% :             < 00.1s (E)             < 00.1s (X)
     in progress... |###########         | 055% :             < 00.1s (E)             < 00.1s (X)
     in progress... |############        | 060% :             < 00.1s (E)             < 00.1s (X)
     in progress... |#############       | 065% :             < 00.1s (E)             < 00.1s (X)
     in progress... |##############      | 070% :             < 00.1s (E)             < 00.1s (X)
     in progress... |###############     | 075% :             < 00.1s (E)             < 00.1s (X)
     in progress... |################    | 080% :             < 00.1s (E)             < 00.1s (X)
     in progress... |#################   | 085% :             < 00.1s (E)             < 00.1s (X)
     in progress... |##################  | 090% :             < 00.1s (E)             < 00.1s (X)
     in progress... |################### | 095% :             < 00.1s (E)             < 00.1s (X)
     in progress... |####################| 100% :             < 00.1s (E)             < 00.1s (X)
     --------------------------------------------------------------------------------------------
      
     --------------------------------------------------------------------------------------------
     (X)-Sigma
     --------------------------------------------------------------------------------------------
     in progress... |#                   | 005% :               00.4s (E)               08.7s (X)
     in progress... |##                  | 010% :               00.8s (E)               08.7s (X)
     in progress... |###                 | 015% :               01.2s (E)               08.6s (X)
     in progress... |####                | 020% :               01.7s (E)               08.6s (X)
     in progress... |#####               | 025% :               02.1s (E)               08.7s (X)
     in progress... |######              | 030% :               02.6s (E)               08.8s (X)
     in progress... |#######             | 035% :               03.0s (E)               08.8s (X)
     in progress... |########            | 040% :               06.8s (E)               17.2s (X)
     in progress... |#########           | 045% :               07.3s (E)               16.2s (X)
     in progress... |##########          | 050% :               07.7s (E)               15.4s (X)
     in progress... |###########         | 055% :               08.1s (E)               14.8s (X)
     in progress... |############        | 060% :               08.6s (E)               14.3s (X)
     in progress... |#############       | 065% :               09.0s (E)               13.9s (X)
     in progress... |##############      | 070% :               09.5s (E)               13.6s (X)
     in progress... |###############     | 075% :               09.9s (E)               13.2s (X)
     in progress... |################    | 080% :               10.3s (E)               12.9s (X)
     in progress... |#################   | 085% :               10.8s (E)               12.7s (X)
     in progress... |##################  | 090% :               11.2s (E)               12.5s (X)
     in progress... |################### | 095% :               11.7s (E)               12.3s (X)
     in progress... |####################| 100% :               12.1s (E)               12.1s (X)
     --------------------------------------------------------------------------------------------
       
     --------------------------------------------------------------------------------------------
     (W)-Lanczos                                                         
     --------------------------------------------------------------------------------------------
     in progress... |#                   | 005% :               43.9s (E)           14m-39.1s (X)
     in progress... |##                  | 010% :           01m-27.1s (E)           14m-31.2s (X)
     in progress... |###                 | 015% :           02m-12.0s (E)           14m-40.0s (X)
     in progress... |####                | 020% :           02m-54.4s (E)           14m-32.0s (X)
     in progress... |#####               | 025% :           03m-37.0s (E)           14m-28.0s (X)
     in progress... |######              | 030% :           04m-21.5s (E)           14m-31.9s (X)
     in progress... |#######             | 035% :           05m-04.2s (E)           14m-29.1s (X)
     in progress... |########            | 040% :           05m-49.2s (E)           14m-33.1s (X)
     in progress... |#########           | 045% :           06m-31.8s (E)           14m-30.7s (X)
     in progress... |##########          | 050% :           07m-14.4s (E)           14m-28.9s (X)
     in progress... |###########         | 055% :           07m-58.7s (E)           14m-30.5s (X)
     in progress... |############        | 060% :           08m-41.2s (E)           14m-28.6s (X)
     in progress... |#############       | 065% :           09m-25.3s (E)           14m-29.7s (X)
     in progress... |##############      | 070% :           10m-07.8s (E)           14m-28.3s (X)
     in progress... |###############     | 075% :           10m-50.4s (E)           14m-27.2s (X)
     in progress... |################    | 080% :           11m-33.7s (E)           14m-27.1s (X)
     in progress... |#################   | 085% :           12m-15.7s (E)           14m-25.6s (X)
     in progress... |##################  | 090% :           12m-58.9s (E)           14m-25.5s (X)
     in progress... |################### | 095% :           13m-40.3s (E)           14m-23.4s (X)
     in progress... |####################| 100% :           14m-21.9s (E)           14m-21.9s (X)
     --------------------------------------------------------------------------------------------
 
     Number of q in the star =    4
     List of q in the star:
          1  -0.250000000   0.250000000  -0.250000000
          2   0.250000000  -0.250000000  -0.250000000
          3   0.250000000   0.250000000   0.250000000
          4  -0.250000000  -0.250000000   0.250000000
     In addition there is the -q list: 
          1   0.250000000  -0.250000000   0.250000000
          2  -0.250000000   0.250000000   0.250000000
          3  -0.250000000  -0.250000000  -0.250000000
          4   0.250000000   0.250000000  -0.250000000
 
     Number of q in the star =    4
     List of q in the star:
          1   0.500000000  -0.500000000   0.500000000
          2  -0.500000000   0.500000000   0.500000000
          3  -0.500000000  -0.500000000  -0.500000000
          4   0.500000000   0.500000000  -0.500000000
 
     Number of q in the star =    6
     List of q in the star:
          1   0.000000000   0.500000000   0.000000000
          2   0.000000000  -0.500000000   0.000000000
          3   0.500000000   0.000000000   0.000000000
          4  -0.500000000   0.000000000   0.000000000
          5   0.000000000   0.000000000   0.500000000
          6   0.000000000   0.000000000  -0.500000000
 
     Number of q in the star =   12
     List of q in the star:
          1   0.750000000  -0.250000000   0.750000000
          2  -0.750000000   0.250000000   0.750000000
          3  -0.750000000  -0.250000000  -0.750000000
          4   0.750000000   0.250000000  -0.750000000
          5  -0.250000000   0.750000000   0.750000000
          6   0.250000000   0.750000000  -0.750000000
          7  -0.250000000  -0.750000000  -0.750000000
          8   0.250000000  -0.750000000   0.750000000
          9   0.750000000   0.750000000  -0.250000000
         10   0.750000000  -0.750000000   0.250000000
         11  -0.750000000  -0.750000000  -0.250000000
         12  -0.750000000   0.750000000   0.250000000
     In addition there is the -q list: 
          1  -0.750000000   0.250000000  -0.750000000
          2   0.750000000  -0.250000000  -0.750000000
          3   0.750000000   0.250000000   0.750000000
          4  -0.750000000  -0.250000000   0.750000000
          5   0.250000000  -0.750000000  -0.750000000
          6  -0.250000000  -0.750000000   0.750000000
          7   0.250000000   0.750000000   0.750000000
          8  -0.250000000   0.750000000  -0.750000000
          9  -0.750000000  -0.750000000   0.250000000
         10  -0.750000000   0.750000000  -0.250000000
         11   0.750000000   0.750000000   0.250000000
         12   0.750000000  -0.750000000  -0.250000000
 
     Number of q in the star =   12
     List of q in the star:
          1   0.500000000   0.000000000   0.500000000
          2  -0.500000000   0.000000000   0.500000000
          3  -0.500000000   0.000000000  -0.500000000
          4   0.500000000   0.000000000  -0.500000000
          5   0.000000000   0.500000000   0.500000000
          6   0.000000000   0.500000000  -0.500000000
          7   0.000000000  -0.500000000  -0.500000000
          8   0.000000000  -0.500000000   0.500000000
          9   0.500000000   0.500000000   0.000000000
         10   0.500000000  -0.500000000   0.000000000
         11  -0.500000000  -0.500000000   0.000000000
         12  -0.500000000   0.500000000   0.000000000
 
     Number of q in the star =    3
     List of q in the star:
          1   0.000000000  -1.000000000   0.000000000
          2  -1.000000000   0.000000000   0.000000000
          3   0.000000000   0.000000000  -1.000000000
 
     Number of q in the star =    6
     List of q in the star:
          1  -0.500000000  -1.000000000   0.000000000
          2   0.500000000   1.000000000   0.000000000
          3  -1.000000000   0.000000000  -0.500000000
          4   1.000000000   0.000000000   0.500000000
          5   0.000000000  -0.500000000  -1.000000000
          6   0.000000000   0.500000000   1.000000000
 
     Number of q in the star =    4
     List of q in the star:
          1  -0.250000000   0.250000000  -0.250000000
          2   0.250000000  -0.250000000  -0.250000000
          3   0.250000000   0.250000000   0.250000000
          4  -0.250000000  -0.250000000   0.250000000
     In addition there is the -q list: 
          1   0.250000000  -0.250000000   0.250000000
          2  -0.250000000   0.250000000   0.250000000
          3  -0.250000000  -0.250000000  -0.250000000
          4   0.250000000   0.250000000  -0.250000000
 
     Number of q in the star =    4
     List of q in the star:
          1   0.500000000  -0.500000000   0.500000000
          2  -0.500000000   0.500000000   0.500000000
          3  -0.500000000  -0.500000000  -0.500000000
          4   0.500000000   0.500000000  -0.500000000
 
     Number of q in the star =    6
     List of q in the star:
          1   0.000000000   0.500000000   0.000000000
          2   0.000000000  -0.500000000   0.000000000
          3   0.500000000   0.000000000   0.000000000
          4  -0.500000000   0.000000000   0.000000000
          5   0.000000000   0.000000000   0.500000000
          6   0.000000000   0.000000000  -0.500000000
 
     Number of q in the star =   12
     List of q in the star:
          1   0.750000000  -0.250000000   0.750000000
          2  -0.750000000   0.250000000   0.750000000
          3  -0.750000000  -0.250000000  -0.750000000
          4   0.750000000   0.250000000  -0.750000000
          5  -0.250000000   0.750000000   0.750000000
          6   0.250000000   0.750000000  -0.750000000
          7  -0.250000000  -0.750000000  -0.750000000
          8   0.250000000  -0.750000000   0.750000000
          9   0.750000000   0.750000000  -0.250000000
         10   0.750000000  -0.750000000   0.250000000
         11  -0.750000000  -0.750000000  -0.250000000
         12  -0.750000000   0.750000000   0.250000000
     In addition there is the -q list: 
          1  -0.750000000   0.250000000  -0.750000000
          2   0.750000000  -0.250000000  -0.750000000
          3   0.750000000   0.250000000   0.750000000
          4  -0.750000000  -0.250000000   0.750000000
          5   0.250000000  -0.750000000  -0.750000000
          6  -0.250000000  -0.750000000   0.750000000
          7   0.250000000   0.750000000   0.750000000
          8  -0.250000000   0.750000000  -0.750000000
          9  -0.750000000  -0.750000000   0.250000000
         10  -0.750000000   0.750000000  -0.250000000
         11   0.750000000   0.750000000   0.250000000
         12   0.750000000  -0.750000000  -0.250000000
 
     Number of q in the star =   12
     List of q in the star:
          1   0.500000000   0.000000000   0.500000000
          2  -0.500000000   0.000000000   0.500000000
          3  -0.500000000   0.000000000  -0.500000000
          4   0.500000000   0.000000000  -0.500000000
          5   0.000000000   0.500000000   0.500000000
          6   0.000000000   0.500000000  -0.500000000
          7   0.000000000  -0.500000000  -0.500000000
          8   0.000000000  -0.500000000   0.500000000
          9   0.500000000   0.500000000   0.000000000
         10   0.500000000  -0.500000000   0.000000000
         11  -0.500000000  -0.500000000   0.000000000
         12  -0.500000000   0.500000000   0.000000000
 
     Number of q in the star =    3
     List of q in the star:
          1   0.000000000  -1.000000000   0.000000000
          2  -1.000000000   0.000000000   0.000000000
          3   0.000000000   0.000000000  -1.000000000
 
     Number of q in the star =    6
     List of q in the star:
          1  -0.500000000  -1.000000000   0.000000000
          2   0.500000000   1.000000000   0.000000000
          3  -1.000000000   0.000000000  -0.500000000
          4   1.000000000   0.000000000   0.500000000
          5   0.000000000  -0.500000000  -1.000000000
          6   0.000000000   0.500000000   1.000000000
       
     --------------------------------------------------------------------------------------------
     (G)-Lanczos                                                         
     --------------------------------------------------------------------------------------------
     in progress... |#                   | 005% :           02m-46.5s (E)           55m-30.2s (X)
     in progress... |##                  | 010% :           04m-28.1s (E)           44m-41.2s (X)
     in progress... |###                 | 015% :           06m-12.5s (E)           41m-23.3s (X)
     in progress... |####                | 020% :           07m-54.8s (E)           39m-34.2s (X)
     in progress... |#####               | 025% :           09m-35.6s (E)           38m-22.7s (X)
     in progress... |######              | 030% :           11m-21.5s (E)           37m-51.8s (X)
     in progress... |#######             | 035% :           13m-04.0s (E)           37m-20.1s (X)
     in progress... |########            | 040% :           14m-49.7s (E)           37m-04.3s (X)
     in progress... |#########           | 045% :           16m-33.2s (E)           36m-47.3s (X)
     in progress... |##########          | 050% :           18m-14.3s (E)           36m-28.6s (X)
     in progress... |###########         | 055% :           20m-00.9s (E)           36m-23.5s (X)
     in progress... |############        | 060% :           21m-42.7s (E)           36m-11.3s (X)
     in progress... |#############       | 065% :           23m-28.5s (E)           36m-06.9s (X)
     in progress... |##############      | 070% :           25m-10.5s (E)           35m-57.8s (X)
     in progress... |###############     | 075% :           26m-52.4s (E)           35m-49.9s (X)
     in progress... |################    | 080% :           28m-39.4s (E)           35m-49.3s (X)
     in progress... |#################   | 085% :           30m-21.6s (E)           35m-43.0s (X)
     in progress... |##################  | 090% :           32m-06.4s (E)           35m-40.5s (X)
     in progress... |################### | 095% :           33m-49.3s (E)           35m-36.1s (X)
     in progress... |####################| 100% :           35m-32.5s (E)           35m-32.5s (X)
     --------------------------------------------------------------------------------------------
       
     --------------------------------------------------------------------------------------------
     (Q)uasiparticle energies                                            
     --------------------------------------------------------------------------------------------
       
     --------------------------------------------------------------------------------------------
     Sigma_C                                                             
     --------------------------------------------------------------------------------------------
     Integrating along the IM axis...
     --------------------------------------------------------------------------------------------
     in progress... |#                   | 005% :               01.2s (E)               25.3s (X)
     in progress... |##                  | 010% :               02.4s (E)               24.6s (X)
     --------------------------------------------------------------------------------------------
     Residues along the RE axis...
     --------------------------------------------------------------------------------------------
     in progress... |#                   | 005% :             < 00.1s (E)             < 00.1s (X)
     in progress... |##                  | 010% :             < 00.1s (E)             < 00.1s (X)
     --------------------------------------------------------------------------------------------
       
     --------------------------------------------------------------------------------------------
     Sigma_C                                                             
     --------------------------------------------------------------------------------------------
     Integrating along the IM axis...
     --------------------------------------------------------------------------------------------
     in progress... |#                   | 005% :               00.9s (E)               18.6s (X)
     in progress... |##                  | 010% :               01.8s (E)               18.7s (X)
     --------------------------------------------------------------------------------------------
     Residues along the RE axis...
     --------------------------------------------------------------------------------------------
     in progress... |#                   | 005% :             < 00.1s (E)             < 00.1s (X)
     in progress... |##                  | 010% :             < 00.1s (E)             < 00.1s (X)
     --------------------------------------------------------------------------------------------

     --------------------------------------------------------------------------------------------
     Iter: 000000
     k(000001) = (   0.0000000   0.0000000   0.0000000) cryst. coord.
     band      QP en. [eV] conv
     000001     -12.014131   no
     000002      11.907251   no
     000003      11.907251   no
     000004      11.907251   no
     000005      19.424976   no
     000006      19.424976   no
     000007      19.424976   no
     000008      26.402916   no
     ---------------------------------
     k(000002) = (   0.0000000   0.0000000   0.2500000) cryst. coord.
     band      QP en. [eV] conv
     000001     -25.975179   no
     000002       4.914721   no
     000003      10.104009   no
     000004      10.104009   no
     000005      21.706491   no
     000006      21.706491   no
     000007      21.586411   no
     000008      28.171641   no
     ---------------------------------
     k(000003) = (   0.0000000   0.0000000  -0.5000000) cryst. coord.
     band      QP en. [eV] conv
     000001      -3.670230   no
     000002      -1.679167   no
     000003       8.948888   no
     000004       8.948888   no
     000005      22.384326   no
     000006      22.384326   no
     000007      22.103753   no
     000008      29.183408   no
     ---------------------------------
     k(000006) = (   0.0000000   0.2500000   0.2500000) cryst. coord.
     band      QP en. [eV] conv
     000001      -1.129136   no
     000002       6.829739   no
     000003       7.629908   no
     000004       7.629908   no
     000005      17.967486   no
     000006      23.750158   no
     000007      25.538607   no
     000008      25.538607   no
     ---------------------------------
     k(000007) = (   0.0000000   0.2500000  -0.5000000) cryst. coord.
     band      QP en. [eV] conv
     000001      -3.910976   no
     000002       0.681683   no
     000003       4.762522   no
     000004       6.797997   no
     000005      19.609270   no
     000006      25.140410   no
     000007      26.806909   no
     000008      26.945832   no
     ---------------------------------
     k(000008) = (   0.0000000   0.2500000  -0.2500000) cryst. coord.
     band      QP en. [eV] conv
     000001      -7.056596   no
     000002       2.740775   no
     000003       4.004459   no
     000004       8.734577   no
     000005      21.564404   no
     000006      24.046633   no
     000007      26.436979   no
     000008      27.423205   no
     ---------------------------------
     k(000011) = (   0.0000000  -0.5000000  -0.5000000) cryst. coord.
     band      QP en. [eV] conv
     000001      -0.718040   no
     000002      -0.718039   no
     000003       5.308425   no
     000004       5.308425   no
     000005      18.161915   no
     000006      18.161916   no
     000007      31.402172   no
     000008      31.402173   no
     ---------------------------------
     k(000028) = (   0.2500000  -0.5000000  -0.2500000) cryst. coord.
     band      QP en. [eV] conv
     000001      17.198106   no
     000002      17.197965   no
     000003       3.186415   no
     000004       3.186415   no
     000005      24.360864   no
     000006      24.360864   no
     000007      25.953552   no
     000008      25.953552   no
     ---------------------------------
     --------------------------------------------------------------------------------------------
       
     --------------------------------------------------------------------------------------------
     Sigma_C                                                             
     --------------------------------------------------------------------------------------------
     Integrating along the IM axis...
     --------------------------------------------------------------------------------------------
     in progress... |#                   | 005% :               00.9s (E)               18.8s (X)
     in progress... |##                  | 010% :               01.8s (E)               18.7s (X)
     --------------------------------------------------------------------------------------------
     Residues along the RE axis...
     --------------------------------------------------------------------------------------------
     in progress... |#                   | 005% :             < 00.1s (E)             < 00.1s (X)
     in progress... |##                  | 010% :             < 00.1s (E)             < 00.1s (X)
     --------------------------------------------------------------------------------------------

     --------------------------------------------------------------------------------------------
     Iter: 000001
     k(000001) = (   0.0000000   0.0000000   0.0000000) cryst. coord.
     band      QP en. [eV] conv
     000001     -10.378522   no
     000002      11.912100  yes
     000003      11.912100  yes
     000004      11.912100  yes
     000005      19.421942  yes
     000006      19.421942  yes
     000007      19.421942  yes
     000008      26.396042  yes
     ---------------------------------
     k(000002) = (   0.0000000   0.0000000   0.2500000) cryst. coord.
     band      QP en. [eV] conv
     000001      -8.256587   no
     000002       4.880391  yes
     000003      10.109614  yes
     000004      10.109615  yes
     000005      21.701341  yes
     000006      21.701340  yes
     000007      21.586775  yes
     000008      28.088575   no
     ---------------------------------
     k(000003) = (   0.0000000   0.0000000  -0.5000000) cryst. coord.
     band      QP en. [eV] conv
     000001      -4.204611   no
     000002      -1.824390   no
     000003       8.959595  yes
     000004       8.959596  yes
     000005      22.377971  yes
     000006      22.377970  yes
     000007      22.104772  yes
     000008      29.369777   no
     ---------------------------------
     k(000006) = (   0.0000000   0.2500000   0.2500000) cryst. coord.
     band      QP en. [eV] conv
     000001      -7.558707   no
     000002       6.888406   no
     000003       7.643413  yes
     000004       7.643413  yes
     000005      17.966567  yes
     000006      23.748220  yes
     000007      25.549007  yes
     000008      25.549007  yes
     ---------------------------------
     k(000007) = (   0.0000000   0.2500000  -0.5000000) cryst. coord.
     band      QP en. [eV] conv
     000001      -4.069574   no
     000002       0.638018  yes
     000003       4.782100  yes
     000004       6.812010  yes
     000005      19.608348  yes
     000006      25.131096  yes
     000007      26.763859  yes
     000008      26.940981  yes
     ---------------------------------
     k(000008) = (   0.0000000   0.2500000  -0.2500000) cryst. coord.
     band      QP en. [eV] conv
     000001      -5.465613   no
     000002       2.681778   no
     000003       3.955344  yes
     000004       8.745000  yes
     000005      21.562451  yes
     000006      24.044246  yes
     000007      26.043962   no
     000008      27.507892   no
     ---------------------------------
     k(000011) = (   0.0000000  -0.5000000  -0.5000000) cryst. coord.
     band      QP en. [eV] conv
     000001      -1.197549   no
     000002      -1.197548   no
     000003       5.329125  yes
     000004       5.329125  yes
     000005      18.161571  yes
     000006      18.161571  yes
     000007      30.672981   no
     000008      30.672982   no
     ---------------------------------
     k(000028) = (   0.2500000  -0.5000000  -0.2500000) cryst. coord.
     band      QP en. [eV] conv
     000001      -0.864294   no
     000002      -0.864292   no
     000003       3.309132   no
     000004       3.309133   no
     000005      24.355406  yes
     000006      24.355406  yes
     000007      26.076897   no
     000008      26.076897   no
     ---------------------------------
     --------------------------------------------------------------------------------------------
       
     --------------------------------------------------------------------------------------------
     Sigma_C                                                             
     --------------------------------------------------------------------------------------------
     Integrating along the IM axis...
     --------------------------------------------------------------------------------------------
     in progress... |#                   | 005% :               00.9s (E)               18.7s (X)
     in progress... |##                  | 010% :               01.8s (E)               18.9s (X)
     --------------------------------------------------------------------------------------------
     Residues along the RE axis...
     --------------------------------------------------------------------------------------------
     in progress... |#                   | 005% :             < 00.1s (E)             < 00.1s (X)
     in progress... |##                  | 010% :             < 00.1s (E)             < 00.1s (X)
     --------------------------------------------------------------------------------------------

     --------------------------------------------------------------------------------------------
     Iter: 000002
     k(000001) = (   0.0000000   0.0000000   0.0000000) cryst. coord.
     band      QP en. [eV] conv
     000001     -10.609518   no
     000002      11.912100  yes
     000003      11.912100  yes
     000004      11.912100  yes
     000005      19.421942  yes
     000006      19.421942  yes
     000007      19.421942  yes
     000008      26.396042  yes
     ---------------------------------
     k(000002) = (   0.0000000   0.0000000   0.2500000) cryst. coord.
     band      QP en. [eV] conv
     000001      -8.172714   no
     000002       4.880391  yes
     000003      10.109614  yes
     000004      10.109615  yes
     000005      21.701341  yes
     000006      21.701340  yes
     000007      21.586775  yes
     000008      28.103292  yes
     ---------------------------------
     k(000003) = (   0.0000000   0.0000000  -0.5000000) cryst. coord.
     band      QP en. [eV] conv
     000001      -4.636032   no
     000002      -1.758754   no
     000003       8.959595  yes
     000004       8.959596  yes
     000005      22.377971  yes
     000006      22.377970  yes
     000007      22.104772  yes
     000008      29.386599  yes
     ---------------------------------
     k(000006) = (   0.0000000   0.2500000   0.2500000) cryst. coord.
     band      QP en. [eV] conv
     000001      -7.623540   no
     000002       6.887921  yes
     000003       7.643413  yes
     000004       7.643413  yes
     000005      17.966567  yes
     000006      23.748220  yes
     000007      25.549007  yes
     000008      25.549007  yes
     ---------------------------------
     k(000007) = (   0.0000000   0.2500000  -0.5000000) cryst. coord.
     band      QP en. [eV] conv
     000001      -4.013532   no
     000002       0.638018  yes
     000003       4.782100  yes
     000004       6.812010  yes
     000005      19.608348  yes
     000006      25.131096  yes
     000007      26.763859  yes
     000008      26.940981  yes
     ---------------------------------
     k(000008) = (   0.0000000   0.2500000  -0.2500000) cryst. coord.
     band      QP en. [eV] conv
     000001      -5.687714   no
     000002       2.690574  yes
     000003       3.955344  yes
     000004       8.745000  yes
     000005      21.562451  yes
     000006      24.044246  yes
     000007      26.068793  yes
     000008      27.490904  yes
     ---------------------------------
     k(000011) = (   0.0000000  -0.5000000  -0.5000000) cryst. coord.
     band      QP en. [eV] conv
     000001      -1.408755   no
     000002      -1.408755   no
     000003       5.329125  yes
     000004       5.329125  yes
     000005      18.161571  yes
     000006      18.161571  yes
     000007      30.665786  yes
     000008      30.665787  yes
     ---------------------------------
     k(000028) = (   0.2500000  -0.5000000  -0.2500000) cryst. coord.
     band      QP en. [eV] conv
     000001      -0.684646   no
     000002      -0.684645   no
     000003       3.304872  yes
     000004       3.304872  yes
     000005      24.355406  yes
     000006      24.355406  yes
     000007      26.085356  yes
     000008      26.085357  yes
     ---------------------------------
     --------------------------------------------------------------------------------------------
       
     --------------------------------------------------------------------------------------------
     Sigma_C                                                             
     --------------------------------------------------------------------------------------------
     Integrating along the IM axis...
     --------------------------------------------------------------------------------------------
     in progress... |#                   | 005% :               00.9s (E)               19.0s (X)
     in progress... |##                  | 010% :               01.9s (E)               19.7s (X)
     --------------------------------------------------------------------------------------------
     Residues along the RE axis...
     --------------------------------------------------------------------------------------------
     in progress... |#                   | 005% :             < 00.1s (E)             < 00.1s (X)
     in progress... |##                  | 010% :             < 00.1s (E)             < 00.1s (X)
     --------------------------------------------------------------------------------------------

     --------------------------------------------------------------------------------------------
     Iter: 000003
     k(000001) = (   0.0000000   0.0000000   0.0000000) cryst. coord.
     band      QP en. [eV] conv
     000001     -10.433543   no
     000002      11.912100  yes
     000003      11.912100  yes
     000004      11.912100  yes
     000005      19.421942  yes
     000006      19.421942  yes
     000007      19.421942  yes
     000008      26.396042  yes
     ---------------------------------
     k(000002) = (   0.0000000   0.0000000   0.2500000) cryst. coord.
     band      QP en. [eV] conv
     000001      -8.176967  yes
     000002       4.880391  yes
     000003      10.109614  yes
     000004      10.109615  yes
     000005      21.701341  yes
     000006      21.701340  yes
     000007      21.586775  yes
     000008      28.103292  yes
     ---------------------------------
     k(000003) = (   0.0000000   0.0000000  -0.5000000) cryst. coord.
     band      QP en. [eV] conv
     000001      -4.742303   no
     000002      -1.738114  yes
     000003       8.959595  yes
     000004       8.959596  yes
     000005      22.377971  yes
     000006      22.377970  yes
     000007      22.104772  yes
     000008      29.386599  yes
     ---------------------------------
     k(000006) = (   0.0000000   0.2500000   0.2500000) cryst. coord.
     band      QP en. [eV] conv
     000001      -7.737464   no
     000002       6.887921  yes
     000003       7.643413  yes
     000004       7.643413  yes
     000005      17.966567  yes
     000006      23.748220  yes
     000007      25.549007  yes
     000008      25.549007  yes
     ---------------------------------
     k(000007) = (   0.0000000   0.2500000  -0.5000000) cryst. coord.
     band      QP en. [eV] conv
     000001      -3.946956   no
     000002       0.638018  yes
     000003       4.782100  yes
     000004       6.812010  yes
     000005      19.608348  yes
     000006      25.131096  yes
     000007      26.763859  yes
     000008      26.940981  yes
     ---------------------------------
     k(000008) = (   0.0000000   0.2500000  -0.2500000) cryst. coord.
     band      QP en. [eV] conv
     000001      -5.589021   no
     000002       2.690574  yes
     000003       3.955344  yes
     000004       8.745000  yes
     000005      21.562451  yes
     000006      24.044246  yes
     000007      26.068793  yes
     000008      27.490904  yes
     ---------------------------------
     k(000011) = (   0.0000000  -0.5000000  -0.5000000) cryst. coord.
     band      QP en. [eV] conv
     000001       0.783192   no
     000002       0.783203   no
     000003       5.329125  yes
     000004       5.329125  yes
     000005      18.161571  yes
     000006      18.161571  yes
     000007      30.665786  yes
     000008      30.665787  yes
     ---------------------------------
     k(000028) = (   0.2500000  -0.5000000  -0.2500000) cryst. coord.
     band      QP en. [eV] conv
     000001      -0.693438  yes
     000002      -0.693436  yes
     000003       3.304872  yes
     000004       3.304872  yes
     000005      24.355406  yes
     000006      24.355406  yes
     000007      26.085356  yes
     000008      26.085357  yes
     ---------------------------------
     --------------------------------------------------------------------------------------------
       
     --------------------------------------------------------------------------------------------
     Sigma_C                                                             
     --------------------------------------------------------------------------------------------
     Integrating along the IM axis...
     --------------------------------------------------------------------------------------------
     in progress... |#                   | 005% :               00.9s (E)               18.5s (X)
     in progress... |##                  | 010% :               01.8s (E)               18.7s (X)
     --------------------------------------------------------------------------------------------
     Residues along the RE axis...
     --------------------------------------------------------------------------------------------
     in progress... |#                   | 005% :             < 00.1s (E)             < 00.1s (X)
     in progress... |##                  | 010% :             < 00.1s (E)             < 00.1s (X)
     --------------------------------------------------------------------------------------------

     --------------------------------------------------------------------------------------------
     Iter: 000004
     k(000001) = (   0.0000000   0.0000000   0.0000000) cryst. coord.
     band      QP en. [eV] conv
     000001     -10.474573  yes
     000002      11.912100  yes
     000003      11.912100  yes
     000004      11.912100  yes
     000005      19.421942  yes
     000006      19.421942  yes
     000007      19.421942  yes
     000008      26.396042  yes
     ---------------------------------
     k(000002) = (   0.0000000   0.0000000   0.2500000) cryst. coord.
     band      QP en. [eV] conv
     000001      -8.176967  yes
     000002       4.880391  yes
     000003      10.109614  yes
     000004      10.109615  yes
     000005      21.701341  yes
     000006      21.701340  yes
     000007      21.586775  yes
     000008      28.103292  yes
     ---------------------------------
     k(000003) = (   0.0000000   0.0000000  -0.5000000) cryst. coord.
     band      QP en. [eV] conv
     000001      -4.654846   no
     000002      -1.738114  yes
     000003       8.959595  yes
     000004       8.959596  yes
     000005      22.377971  yes
     000006      22.377970  yes
     000007      22.104772  yes
     000008      29.386599  yes
     ---------------------------------
     k(000006) = (   0.0000000   0.2500000   0.2500000) cryst. coord.
     band      QP en. [eV] conv
     000001      -7.694365  yes
     000002       6.887921  yes
     000003       7.643413  yes
     000004       7.643413  yes
     000005      17.966567  yes
     000006      23.748220  yes
     000007      25.549007  yes
     000008      25.549007  yes
     ---------------------------------
     k(000007) = (   0.0000000   0.2500000  -0.5000000) cryst. coord.
     band      QP en. [eV] conv
     000001      -3.987927  yes
     000002       0.638018  yes
     000003       4.782100  yes
     000004       6.812010  yes
     000005      19.608348  yes
     000006      25.131096  yes
     000007      26.763859  yes
     000008      26.940981  yes
     ---------------------------------
     k(000008) = (   0.0000000   0.2500000  -0.2500000) cryst. coord.
     band      QP en. [eV] conv
     000001      -5.571633  yes
     000002       2.690574  yes
     000003       3.955344  yes
     000004       8.745000  yes
     000005      21.562451  yes
     000006      24.044246  yes
     000007      26.068793  yes
     000008      27.490904  yes
     ---------------------------------
     k(000011) = (   0.0000000  -0.5000000  -0.5000000) cryst. coord.
     band      QP en. [eV] conv
     000001      -1.598070   no
     000002      -1.598069   no
     000003       5.329125  yes
     000004       5.329125  yes
     000005      18.161571  yes
     000006      18.161571  yes
     000007      30.665786  yes
     000008      30.665787  yes
     ---------------------------------
     k(000028) = (   0.2500000  -0.5000000  -0.2500000) cryst. coord.
     band      QP en. [eV] conv
     000001      -0.693438  yes
     000002      -0.693436  yes
     000003       3.304872  yes
     000004       3.304872  yes
     000005      24.355406  yes
     000006      24.355406  yes
     000007      26.085356  yes
     000008      26.085357  yes
     ---------------------------------
     --------------------------------------------------------------------------------------------
       
     --------------------------------------------------------------------------------------------
     Sigma_C                                                             
     --------------------------------------------------------------------------------------------
     Integrating along the IM axis...
     --------------------------------------------------------------------------------------------
     in progress... |#                   | 005% :               00.9s (E)               18.6s (X)
     in progress... |##                  | 010% :               01.8s (E)               18.6s (X)
     --------------------------------------------------------------------------------------------
     Residues along the RE axis...
     --------------------------------------------------------------------------------------------
     in progress... |#                   | 005% :             < 00.1s (E)             < 00.1s (X)
     in progress... |##                  | 010% :             < 00.1s (E)             < 00.1s (X)
     --------------------------------------------------------------------------------------------

     --------------------------------------------------------------------------------------------
     Iter: 000005
     k(000001) = (   0.0000000   0.0000000   0.0000000) cryst. coord.
     band      QP en. [eV] conv
     000001     -10.474573  yes
     000002      11.912100  yes
     000003      11.912100  yes
     000004      11.912100  yes
     000005      19.421942  yes
     000006      19.421942  yes
     000007      19.421942  yes
     000008      26.396042  yes
     ---------------------------------
     k(000002) = (   0.0000000   0.0000000   0.2500000) cryst. coord.
     band      QP en. [eV] conv
     000001      -8.176967  yes
     000002       4.880391  yes
     000003      10.109614  yes
     000004      10.109615  yes
     000005      21.701341  yes
     000006      21.701340  yes
     000007      21.586775  yes
     000008      28.103292  yes
     ---------------------------------
     k(000003) = (   0.0000000   0.0000000  -0.5000000) cryst. coord.
     band      QP en. [eV] conv
     000001      -4.653443  yes
     000002      -1.738114  yes
     000003       8.959595  yes
     000004       8.959596  yes
     000005      22.377971  yes
     000006      22.377970  yes
     000007      22.104772  yes
     000008      29.386599  yes
     ---------------------------------
     k(000006) = (   0.0000000   0.2500000   0.2500000) cryst. coord.
     band      QP en. [eV] conv
     000001      -7.694365  yes
     000002       6.887921  yes
     000003       7.643413  yes
     000004       7.643413  yes
     000005      17.966567  yes
     000006      23.748220  yes
     000007      25.549007  yes
     000008      25.549007  yes
     ---------------------------------
     k(000007) = (   0.0000000   0.2500000  -0.5000000) cryst. coord.
     band      QP en. [eV] conv
     000001      -3.987927  yes
     000002       0.638018  yes
     000003       4.782100  yes
     000004       6.812010  yes
     000005      19.608348  yes
     000006      25.131096  yes
     000007      26.763859  yes
     000008      26.940981  yes
     ---------------------------------
     k(000008) = (   0.0000000   0.2500000  -0.2500000) cryst. coord.
     band      QP en. [eV] conv
     000001      -5.571633  yes
     000002       2.690574  yes
     000003       3.955344  yes
     000004       8.745000  yes
     000005      21.562451  yes
     000006      24.044246  yes
     000007      26.068793  yes
     000008      27.490904  yes
     ---------------------------------
     k(000011) = (   0.0000000  -0.5000000  -0.5000000) cryst. coord.
     band      QP en. [eV] conv
     000001      -1.347518   no
     000002      -1.347518   no
     000003       5.329125  yes
     000004       5.329125  yes
     000005      18.161571  yes
     000006      18.161571  yes
     000007      30.665786  yes
     000008      30.665787  yes
     ---------------------------------
     k(000028) = (   0.2500000  -0.5000000  -0.2500000) cryst. coord.
     band      QP en. [eV] conv
     000001      -0.693438  yes
     000002      -0.693436  yes
     000003       3.304872  yes
     000004       3.304872  yes
     000005      24.355406  yes
     000006      24.355406  yes
     000007      26.085356  yes
     000008      26.085357  yes
     ---------------------------------
     --------------------------------------------------------------------------------------------
       
     --------------------------------------------------------------------------------------------
     Sigma_C                                                             
     --------------------------------------------------------------------------------------------
     Integrating along the IM axis...
     --------------------------------------------------------------------------------------------
     in progress... |#                   | 005% :               00.9s (E)               18.9s (X)
     in progress... |##                  | 010% :               01.9s (E)               19.0s (X)
     --------------------------------------------------------------------------------------------
     Residues along the RE axis...
     --------------------------------------------------------------------------------------------
     in progress... |#                   | 005% :             < 00.1s (E)             < 00.1s (X)
     in progress... |##                  | 010% :             < 00.1s (E)             < 00.1s (X)
     --------------------------------------------------------------------------------------------

     --------------------------------------------------------------------------------------------
     Iter: 000006
     k(000001) = (   0.0000000   0.0000000   0.0000000) cryst. coord.
     band      QP en. [eV] conv
     000001     -10.474573  yes
     000002      11.912100  yes
     000003      11.912100  yes
     000004      11.912100  yes
     000005      19.421942  yes
     000006      19.421942  yes
     000007      19.421942  yes
     000008      26.396042  yes
     ---------------------------------
     k(000002) = (   0.0000000   0.0000000   0.2500000) cryst. coord.
     band      QP en. [eV] conv
     000001      -8.176967  yes
     000002       4.880391  yes
     000003      10.109614  yes
     000004      10.109615  yes
     000005      21.701341  yes
     000006      21.701340  yes
     000007      21.586775  yes
     000008      28.103292  yes
     ---------------------------------
     k(000003) = (   0.0000000   0.0000000  -0.5000000) cryst. coord.
     band      QP en. [eV] conv
     000001      -4.653443  yes
     000002      -1.738114  yes
     000003       8.959595  yes
     000004       8.959596  yes
     000005      22.377971  yes
     000006      22.377970  yes
     000007      22.104772  yes
     000008      29.386599  yes
     ---------------------------------
     k(000006) = (   0.0000000   0.2500000   0.2500000) cryst. coord.
     band      QP en. [eV] conv
     000001      -7.694365  yes
     000002       6.887921  yes
     000003       7.643413  yes
     000004       7.643413  yes
     000005      17.966567  yes
     000006      23.748220  yes
     000007      25.549007  yes
     000008      25.549007  yes
     ---------------------------------
     k(000007) = (   0.0000000   0.2500000  -0.5000000) cryst. coord.
     band      QP en. [eV] conv
     000001      -3.987927  yes
     000002       0.638018  yes
     000003       4.782100  yes
     000004       6.812010  yes
     000005      19.608348  yes
     000006      25.131096  yes
     000007      26.763859  yes
     000008      26.940981  yes
     ---------------------------------
     k(000008) = (   0.0000000   0.2500000  -0.2500000) cryst. coord.
     band      QP en. [eV] conv
     000001      -5.571633  yes
     000002       2.690574  yes
     000003       3.955344  yes
     000004       8.745000  yes
     000005      21.562451  yes
     000006      24.044246  yes
     000007      26.068793  yes
     000008      27.490904  yes
     ---------------------------------
     k(000011) = (   0.0000000  -0.5000000  -0.5000000) cryst. coord.
     band      QP en. [eV] conv
     000001      -1.397557   no
     000002      -1.397556   no
     000003       5.329125  yes
     000004       5.329125  yes
     000005      18.161571  yes
     000006      18.161571  yes
     000007      30.665786  yes
     000008      30.665787  yes
     ---------------------------------
     k(000028) = (   0.2500000  -0.5000000  -0.2500000) cryst. coord.
     band      QP en. [eV] conv
     000001      -0.693438  yes
     000002      -0.693436  yes
     000003       3.304872  yes
     000004       3.304872  yes
     000005      24.355406  yes
     000006      24.355406  yes
     000007      26.085356  yes
     000008      26.085357  yes
     ---------------------------------
     --------------------------------------------------------------------------------------------
       
     --------------------------------------------------------------------------------------------
     Sigma_C                                                             
     --------------------------------------------------------------------------------------------
     Integrating along the IM axis...
     --------------------------------------------------------------------------------------------
     in progress... |#                   | 005% :               00.9s (E)               19.0s (X)
     in progress... |##                  | 010% :               01.9s (E)               19.1s (X)
     --------------------------------------------------------------------------------------------
     Residues along the RE axis...
     --------------------------------------------------------------------------------------------
     in progress... |#                   | 005% :             < 00.1s (E)             < 00.1s (X)
     in progress... |##                  | 010% :             < 00.1s (E)             < 00.1s (X)
     --------------------------------------------------------------------------------------------

     --------------------------------------------------------------------------------------------
     Iter: 000007
     k(000001) = (   0.0000000   0.0000000   0.0000000) cryst. coord.
     band      QP en. [eV] conv
     000001     -10.474573  yes
     000002      11.912100  yes
     000003      11.912100  yes
     000004      11.912100  yes
     000005      19.421942  yes
     000006      19.421942  yes
     000007      19.421942  yes
     000008      26.396042  yes
     ---------------------------------
     k(000002) = (   0.0000000   0.0000000   0.2500000) cryst. coord.
     band      QP en. [eV] conv
     000001      -8.176967  yes
     000002       4.880391  yes
     000003      10.109614  yes
     000004      10.109615  yes
     000005      21.701341  yes
     000006      21.701340  yes
     000007      21.586775  yes
     000008      28.103292  yes
     ---------------------------------
     k(000003) = (   0.0000000   0.0000000  -0.5000000) cryst. coord.
     band      QP en. [eV] conv
     000001      -4.653443  yes
     000002      -1.738114  yes
     000003       8.959595  yes
     000004       8.959596  yes
     000005      22.377971  yes
     000006      22.377970  yes
     000007      22.104772  yes
     000008      29.386599  yes
     ---------------------------------
     k(000006) = (   0.0000000   0.2500000   0.2500000) cryst. coord.
     band      QP en. [eV] conv
     000001      -7.694365  yes
     000002       6.887921  yes
     000003       7.643413  yes
     000004       7.643413  yes
     000005      17.966567  yes
     000006      23.748220  yes
     000007      25.549007  yes
     000008      25.549007  yes
     ---------------------------------
     k(000007) = (   0.0000000   0.2500000  -0.5000000) cryst. coord.
     band      QP en. [eV] conv
     000001      -3.987927  yes
     000002       0.638018  yes
     000003       4.782100  yes
     000004       6.812010  yes
     000005      19.608348  yes
     000006      25.131096  yes
     000007      26.763859  yes
     000008      26.940981  yes
     ---------------------------------
     k(000008) = (   0.0000000   0.2500000  -0.2500000) cryst. coord.
     band      QP en. [eV] conv
     000001      -5.571633  yes
     000002       2.690574  yes
     000003       3.955344  yes
     000004       8.745000  yes
     000005      21.562451  yes
     000006      24.044246  yes
     000007      26.068793  yes
     000008      27.490904  yes
     ---------------------------------
     k(000011) = (   0.0000000  -0.5000000  -0.5000000) cryst. coord.
     band      QP en. [eV] conv
     000001      -1.322755   no
     000002      -1.322755   no
     000003       5.329125  yes
     000004       5.329125  yes
     000005      18.161571  yes
     000006      18.161571  yes
     000007      30.665786  yes
     000008      30.665787  yes
     ---------------------------------
     k(000028) = (   0.2500000  -0.5000000  -0.2500000) cryst. coord.
     band      QP en. [eV] conv
     000001      -0.693438  yes
     000002      -0.693436  yes
     000003       3.304872  yes
     000004       3.304872  yes
     000005      24.355406  yes
     000006      24.355406  yes
     000007      26.085356  yes
     000008      26.085357  yes
     ---------------------------------
     --------------------------------------------------------------------------------------------
       
     --------------------------------------------------------------------------------------------
     Sigma_C                                                             
     --------------------------------------------------------------------------------------------
     Integrating along the IM axis...
     --------------------------------------------------------------------------------------------
     in progress... |#                   | 005% :               00.9s (E)               18.8s (X)
     in progress... |##                  | 010% :               01.8s (E)               18.8s (X)
     --------------------------------------------------------------------------------------------
     Residues along the RE axis...
     --------------------------------------------------------------------------------------------
     in progress... |#                   | 005% :             < 00.1s (E)             < 00.1s (X)
     in progress... |##                  | 010% :             < 00.1s (E)             < 00.1s (X)
     --------------------------------------------------------------------------------------------
       
     --------------------------------------------------------------------------------------------
     CONVERGENCE ACHIEVED !!!                                            
     --------------------------------------------------------------------------------------------

     --------------------------------------------------------------------------------------------
     k(000001) = (   0.0000000   0.0000000   0.0000000) cryst. coord.
     band      QP en. [eV] conv
     000001     -10.474573  yes
     000002      11.912100  yes
     000003      11.912100  yes
     000004      11.912100  yes
     000005      19.421942  yes
     000006      19.421942  yes
     000007      19.421942  yes
     000008      26.396042  yes
     ---------------------------------
     k(000002) = (   0.0000000   0.0000000   0.2500000) cryst. coord.
     band      QP en. [eV] conv
     000001      -8.176967  yes
     000002       4.880391  yes
     000003      10.109614  yes
     000004      10.109615  yes
     000005      21.701341  yes
     000006      21.701340  yes
     000007      21.586775  yes
     000008      28.103292  yes
     ---------------------------------
     k(000003) = (   0.0000000   0.0000000  -0.5000000) cryst. coord.
     band      QP en. [eV] conv
     000001      -4.653443  yes
     000002      -1.738114  yes
     000003       8.959595  yes
     000004       8.959596  yes
     000005      22.377971  yes
     000006      22.377970  yes
     000007      22.104772  yes
     000008      29.386599  yes
     ---------------------------------
     k(000006) = (   0.0000000   0.2500000   0.2500000) cryst. coord.
     band      QP en. [eV] conv
     000001      -7.694365  yes
     000002       6.887921  yes
     000003       7.643413  yes
     000004       7.643413  yes
     000005      17.966567  yes
     000006      23.748220  yes
     000007      25.549007  yes
     000008      25.549007  yes
     ---------------------------------
     k(000007) = (   0.0000000   0.2500000  -0.5000000) cryst. coord.
     band      QP en. [eV] conv
     000001      -3.987927  yes
     000002       0.638018  yes
     000003       4.782100  yes
     000004       6.812010  yes
     000005      19.608348  yes
     000006      25.131096  yes
     000007      26.763859  yes
     000008      26.940981  yes
     ---------------------------------
     k(000008) = (   0.0000000   0.2500000  -0.2500000) cryst. coord.
     band      QP en. [eV] conv
     000001      -5.571633  yes
     000002       2.690574  yes
     000003       3.955344  yes
     000004       8.745000  yes
     000005      21.562451  yes
     000006      24.044246  yes
     000007      26.068793  yes
     000008      27.490904  yes
     ---------------------------------
     k(000011) = (   0.0000000  -0.5000000  -0.5000000) cryst. coord.
     band      QP en. [eV] conv
     000001      -1.306256  yes
     000002      -1.306255  yes
     000003       5.329125  yes
     000004       5.329125  yes
     000005      18.161571  yes
     000006      18.161571  yes
     000007      30.665786  yes
     000008      30.665787  yes
     ---------------------------------
     k(000028) = (   0.2500000  -0.5000000  -0.2500000) cryst. coord.
     band      QP en. [eV] conv
     000001      -0.693438  yes
     000002      -0.693436  yes
     000003       3.304872  yes
     000004       3.304872  yes
     000005      24.355406  yes
     000006      24.355406  yes
     000007      26.085356  yes
     000008      26.085357  yes
     ---------------------------------
     --------------------------------------------------------------------------------------------
 
     Number of q in the star =    1
     List of q in the star:
          1   0.000000000   0.000000000   0.000000000
 
     Number of q in the star =    4
     List of q in the star:
          1  -0.250000000   0.250000000  -0.250000000
          2   0.250000000  -0.250000000  -0.250000000
          3   0.250000000   0.250000000   0.250000000
          4  -0.250000000  -0.250000000   0.250000000
     In addition there is the -q list: 
          1   0.250000000  -0.250000000   0.250000000
          2  -0.250000000   0.250000000   0.250000000
          3  -0.250000000  -0.250000000  -0.250000000
          4   0.250000000   0.250000000  -0.250000000
 
     Number of q in the star =    4
     List of q in the star:
          1   0.500000000  -0.500000000   0.500000000
          2  -0.500000000   0.500000000   0.500000000
          3  -0.500000000  -0.500000000  -0.500000000
          4   0.500000000   0.500000000  -0.500000000
 
     Number of q in the star =    6
     List of q in the star:
          1   0.000000000   0.500000000   0.000000000
          2   0.000000000  -0.500000000   0.000000000
          3   0.500000000   0.000000000   0.000000000
          4  -0.500000000   0.000000000   0.000000000
          5   0.000000000   0.000000000   0.500000000
          6   0.000000000   0.000000000  -0.500000000
 
     Number of q in the star =   12
     List of q in the star:
          1   0.750000000  -0.250000000   0.750000000
          2  -0.750000000   0.250000000   0.750000000
          3  -0.750000000  -0.250000000  -0.750000000
          4   0.750000000   0.250000000  -0.750000000
          5  -0.250000000   0.750000000   0.750000000
          6   0.250000000   0.750000000  -0.750000000
          7  -0.250000000  -0.750000000  -0.750000000
          8   0.250000000  -0.750000000   0.750000000
          9   0.750000000   0.750000000  -0.250000000
         10   0.750000000  -0.750000000   0.250000000
         11  -0.750000000  -0.750000000  -0.250000000
         12  -0.750000000   0.750000000   0.250000000
     In addition there is the -q list: 
          1  -0.750000000   0.250000000  -0.750000000
          2   0.750000000  -0.250000000  -0.750000000
          3   0.750000000   0.250000000   0.750000000
          4  -0.750000000  -0.250000000   0.750000000
          5   0.250000000  -0.750000000  -0.750000000
          6  -0.250000000  -0.750000000   0.750000000
          7   0.250000000   0.750000000   0.750000000
          8  -0.250000000   0.750000000  -0.750000000
          9  -0.750000000  -0.750000000   0.250000000
         10  -0.750000000   0.750000000  -0.250000000
         11   0.750000000   0.750000000   0.250000000
         12   0.750000000  -0.750000000  -0.250000000
 
     Number of q in the star =   12
     List of q in the star:
          1   0.500000000   0.000000000   0.500000000
          2  -0.500000000   0.000000000   0.500000000
          3  -0.500000000   0.000000000  -0.500000000
          4   0.500000000   0.000000000  -0.500000000
          5   0.000000000   0.500000000   0.500000000
          6   0.000000000   0.500000000  -0.500000000
          7   0.000000000  -0.500000000  -0.500000000
          8   0.000000000  -0.500000000   0.500000000
          9   0.500000000   0.500000000   0.000000000
         10   0.500000000  -0.500000000   0.000000000
         11  -0.500000000  -0.500000000   0.000000000
         12  -0.500000000   0.500000000   0.000000000
 
     Number of q in the star =    3
     List of q in the star:
          1   0.000000000  -1.000000000   0.000000000
          2  -1.000000000   0.000000000   0.000000000
          3   0.000000000   0.000000000  -1.000000000
 
     Number of q in the star =    6
     List of q in the star:
          1  -0.500000000  -1.000000000   0.000000000
          2   0.500000000   1.000000000   0.000000000
          3  -1.000000000   0.000000000  -0.500000000
          4   1.000000000   0.000000000   0.500000000
          5   0.000000000  -0.500000000  -1.000000000
          6   0.000000000   0.500000000   1.000000000
      
     --------------------------------------------------------------------------------------------
     SAVE written in 00.6s               
     In location : ./c.wfreq.save
     --------------------------------------------------------------------------------------------
     WFREQ        : 39m24.31s CPU    50m50.25s WALL

     wfreq_readin :      0.90s CPU      1.82s WALL (       1 calls)
     fetch_input  :      0.02s CPU      0.03s WALL (       2 calls)
     read_xml     :      0.60s CPU      1.08s WALL (       1 calls)
     init_vloc    :      0.00s CPU      0.01s WALL (       2 calls)
     fft          :      2.50s CPU      2.89s WALL (   65554 calls)
     fft_scatter  :    849.35s CPU    953.10s WALL (38543036 calls)
     v_of_rho     :      0.01s CPU      0.02s WALL (       1 calls)
     v_xc         :      0.01s CPU      0.02s WALL (       2 calls)
     v_h          :      0.00s CPU      0.00s WALL (       1 calls)
     read_wave    :      0.27s CPU      0.69s WALL (       1 calls)
     davcio       :      0.82s CPU      1.12s WALL (   38089 calls)
     init_us_1    :      0.00s CPU      0.01s WALL (       2 calls)
     do_setup     :      0.01s CPU      0.03s WALL (       1 calls)
     init_pw_ar   :      0.00s CPU      0.02s WALL (       1 calls)
     init_at_1    :      0.00s CPU      0.00s WALL (       1 calls)
     solve_hf     :     10.90s CPU     12.27s WALL (       1 calls)
     sigmavxc     :      0.02s CPU      0.03s WALL (       1 calls)
     init_us_2    :      0.09s CPU      0.11s WALL (    4736 calls)
     fftw         :   1043.64s CPU   1166.24s WALL (38477482 calls)
     sigmax       :     10.88s CPU     12.17s WALL (       1 calls)
     sqvc_init    :      0.26s CPU      0.29s WALL (   36872 calls)
     wlanczos     :    800.45s CPU    861.98s WALL (       1 calls)
     commutator_H :      0.61s CPU      0.63s WALL (     768 calls)
     stres_us31   :      0.00s CPU      0.00s WALL (     768 calls)
     stres_us32   :      0.00s CPU      0.00s WALL (     768 calls)
     stres_us33   :      0.00s CPU      0.00s WALL (     768 calls)
     stres_us34   :      0.00s CPU      0.00s WALL (     768 calls)
     calbec       :     12.37s CPU     13.80s WALL (  191648 calls)
     alphapc      :     21.65s CPU     23.31s WALL (  192768 calls)
     linstern     :      1.61s CPU      1.75s WALL (     256 calls)
     stern        :      1.40s CPU      1.52s WALL (    5792 calls)
     h_psi_bgrp   :   1078.76s CPU   1203.72s WALL (  190112 calls)
     h_psi        :   1078.28s CPU   1203.25s WALL (  190112 calls)
     h_psi:pot    :   1077.30s CPU   1202.16s WALL (  190112 calls)
     vloc_psi     :   1060.65s CPU   1183.62s WALL (  190112 calls)
     h_psi:calbec :     12.26s CPU     13.72s WALL (  190112 calls)
     add_vuspsi   :      3.46s CPU      3.83s WALL (  190112 calls)
     alphapv      :      0.13s CPU      0.14s WALL (    5792 calls)
     lan_H        :   1156.94s CPU   1289.03s WALL (    6144 calls)
     brak         :    337.48s CPU    345.99s WALL (    6144 calls)
     chi0_diag    :      4.79s CPU      4.87s WALL (       1 calls)
     glanczos     :   1515.76s CPU   2132.55s WALL (       1 calls)
     solve_qp     :     25.54s CPU     28.50s WALL (       1 calls)
     sigmac_i     :     22.61s CPU     24.10s WALL (      10 calls)
     sigmac_r     :      0.05s CPU      0.05s WALL (      10 calls)
     wfreq_db     :      0.49s CPU      0.64s WALL (       1 calls)
 
     WFREQ        : 39m24.42s CPU    50m50.49s WALL

 
   This run was terminated on:   3:13:39   9Jan2021            

=------------------------------------------------------------------------------=
   JOB DONE.
=------------------------------------------------------------------------------=
