
     Program WELPH v. 3.1.1 starts on 29Jan2021 at  7: 7:42 

     This program is part of the open-source West suite
     for massively parallel calculations of excited states in materials; please cite
         "M. Govoni et al., J. Chem. Theory Comput. 11, 2680 (2015);
          URL http://www.west-code.org", 
     in publications or presentations arising from this work.

     Based on the Quantum ESPRESSO v. 6.1 svn rev. 13369

     I/O is Little Endian
       
     --------------------------------------------------------------------------------------------
     **MPI** Parallelization Status                                      
     --------------------------------------------------------------------------------------------
                    80                   4             1             1            20
     --------------------------------------------------------------------------------------------
                     N         =         I      X      P      X      B      X      Z
                     ^                   ^             ^             ^             ^
                     |                   |             |             |             |
                   #rnk                  |             |             |             |
                                      #image           |             |             |
                                                     #pool           |             |
                                                                   #bgrp           |
                                                                                 #R&G
     --------------------------------------------------------------------------------------------
     **OPENMP** Parallelization Status
     #thr/rnk               =            1
     --------------------------------------------------------------------------------------------
     #prc = (rnk) * (thr) =           80
     --------------------------------------------------------------------------------------------
       
     --------------------------------------------------------------------------------------------
     I/O Summary : input_west                                            
     --------------------------------------------------------------------------------------------
     qe_prefix      = b
     west_prefix    = b
     outdir         = ./
     --------------------------------------------------------------------------------------------

     Reading data from directory:
     ./b.save

   Info: using nr1, nr2, nr3 values from input

   Info: using nr1, nr2, nr3 values from input

     IMPORTANT: XC functional enforced from input :
     Exchange-correlation      = PBE ( 1  4  3  4 0 0)
     Any further DFT definition will be discarded
     Please, verify this is what you really want

     Message from routine readpp:
     file ./b.save/C_ONCV_PBE-1.0.upf not found
     Message from routine readpp:
     file ./b.save/B_ONCV_PBE-1.0.upf not found
 
     Parallelization info
     --------------------
     sticks:   dense  smooth     PW     G-vecs:    dense   smooth      PW
     Min         246     246     61                11445    11445    1430
     Max         247     247     62                11450    11450    1432
     Sum        4935    4935   1237               228945   228945   28631
 
       
     --------------------------------------------------------------------------------------------
     I/O Summary : wstat_control                                         
     --------------------------------------------------------------------------------------------
     wstat_calculation              =              S
     n_pdep_eigen                   =           1000
     n_pdep_times                   =              4
     n_pdep_maxiter                 =            100
     n_dfpt_maxiter                 =            250
     n_pdep_read_from_file          =              0
     trev_pdep                      =   1.000000E-03
     trev_pdep_rel                  =   1.000000E-01
     tr2_dfpt                       =   1.000000E-12
     l_kinetic_only                 =              F
     l_minimize_exx_if_active       =              F
     l_use_ecutrho                  =              F
     l_use_symm                     =              F
     nq(1)                          =              1
     nq(2)                          =              1
     nq(3)                          =              1
     --------------------------------------------------------------------------------------------
       
     --------------------------------------------------------------------------------------------
     I/O Summary : wfreq_control                                         
     --------------------------------------------------------------------------------------------
     wfreq_calculation                        =           XWGQ
     n_pdep_eigen_to_use                      =           1000
     qp_bandrange(1)                          =              1
     qp_bandrange(2)                          =              2
     macropol_calculation                     =              C
     n_lanczos                                =             30
     n_imfreq                                 =            128
     n_refreq                                 =            272
     ecut_imfreq [Ry]                         =     200.000000
     ecut_refreq [Ry]                         =       2.000000
     wfreq_eta [Ry]                           =       0.003675
     n_secant_maxiter                         =             21
     trev_secant [Ry]                         =       0.003675
     l_enable_lanczos                         =              T
     l_enable_gwetot                          =              F
     o_restart_time [min]                     =       0.000000
     ecut_spectralf(1) [Ry]                   =      -2.000000
     ecut_spectralf(2) [Ry]                   =       2.000000
     n_spectralf                              =             10
     l_read_common_pdep                       =              F
     l_enable_gb_curvature                    =              T
     --------------------------------------------------------------------------------------------
       
     --------------------------------------------------------------------------------------------
     I/O Summary : welph_control                                         
     --------------------------------------------------------------------------------------------
     welph_calculation                        =              S
     welph_n_pdep_eigen_to_use                =           1000
     asr                                      =              1
     welph_band_range(1)                      =            240
     welph_band_range(2)                      =            280
     do_scr                                   =              T
     do_fxc                                   =              T
     welph_read_common_pdep                   =              T
     loto                                     =              T
     lsym                                     =              F
     l_adiabatic                              =              T
     l_enabel_gw                              =              T
     q_direction(1)                           =       1.000000
     q_direction(2)                           =       0.000000
     q_direction(3)                           =       0.000000
     welph_eta                                =       0.100000
     temperature                              =       0.000000
     --------------------------------------------------------------------------------------------
       
     --------------------------------------------------------------------------------------------
     System Overview                                                     
     --------------------------------------------------------------------------------------------
     gamma_only           =              F
     ecutwfc [Ry]         =      50.000000
     ecutrho [Ry]         =     200.000000
     omega [au^3]         =   4.791059E+03
     nbnd                 =            300
     nkstot               =              1
     nspin                =              1
     nelec                =     510.000000
     npol                 =              1
     lsda                 =              F
     noncolin             =              F
     lspinorb             =              F
     domag                =              F
     --------------------------------------------------------------------------------------------

     3DFFT grid
        s : (  90,  90,  90)
        p : (  90,  90,  90)

     Direct Lattice Cell [a.u.]
        a1 = (   -13.3715626    -0.0175676    13.3715626)
        a2 = (     0.0175676    13.3715626    13.3715626)
        a3 = (   -13.3715626    13.3715626    -0.0175675)

     Reciprocal Lattice Cell [a.u.]
        b1 = (    -0.2347918    -0.2344833     0.2347918)
        b2 = (     0.2344833     0.2347918     0.2347918)
        b3 = (    -0.2347918     0.2347918    -0.2344833)
      

     Brillouin Zone sampling [cryst. coord.]
 
        k(000001) = (     0.0000000     0.0000000     0.0000000)
 
        q(000001) = (     0.0000000     0.0000000     0.0000000)
       
     --------------------------------------------------------------------------------------------
     Parallelization for npdep                                           
     --------------------------------------------------------------------------------------------
     nglob                =           1000
     nlevel               =              4
     Min nglob/nlevel     =            250
     Max nglob/nlevel     =            250
     --------------------------------------------------------------------------------------------
       
     --------------------------------------------------------------------------------------------
     Parallelization for npdep+macro                                     
     --------------------------------------------------------------------------------------------
     nglob                =           1003
     nlevel               =              4
     Min nglob/nlevel     =            250
     Max nglob/nlevel     =            251
     --------------------------------------------------------------------------------------------
     ===========================================================================
     Symmetries disabled, nq =    1
          Q-point IBZ [ cart coord ]
          xq(00000001) = (  0.000000  0.000000  0.000000) wq =   1.000000
     ===========================================================================
     -------------------------------
     | Electron-Phonon Self-energy |
     -------------------------------
     Message from routine kpoint_grid:
     ATTENTION: skip check of k-points equivalence
     ===========================================================================
          nsym   =    6
          nrot   =   12
          nk_ibz =    1
          Q-point IBZ [ cart  coord ]
          xk(00000001) = (  0.000000  0.000000  0.000000) wk =   1.000000
          Q-point IBZ [ cryst coord ]
          xk(00000001) = (  0.000000  0.000000  0.000000) wk =   1.000000
     ===========================================================================
       
     --------------------------------------------------------------------------------------------
     Computing Debye-Waller Self-energy (occ)                            
     --------------------------------------------------------------------------------------------
     in progress... |#                   | 005% :           21m-46.5s (E)       07h-15m-31.3s (X)
     in progress... |##                  | 010% :           37m-02.7s (E)       06h-10m-27.4s (X)
     in progress... |###                 | 015% :           52m-20.5s (E)       05h-48m-56.8s (X)
     in progress... |####                | 020% :       01h-07m-30.0s (E)       05h-37m-30.4s (X)
     in progress... |#####               | 025% :       01h-22m-43.9s (E)       05h-30m-55.7s (X)
     in progress... |######              | 030% :       01h-37m-47.4s (E)       05h-25m-58.3s (X)
     in progress... |#######             | 035% :       01h-52m-48.1s (E)       05h-22m-17.5s (X)
     in progress... |########            | 040% :       02h-07m-58.3s (E)       05h-19m-55.8s (X)
     in progress... |#########           | 045% :       02h-23m-14.4s (E)       05h-18m-18.6s (X)
     in progress... |##########          | 050% :       02h-38m-34.6s (E)       05h-17m-09.2s (X)
     in progress... |###########         | 055% :       02h-53m-52.0s (E)       05h-16m-07.3s (X)
     in progress... |############        | 060% :       03h-09m-07.5s (E)       05h-15m-12.5s (X)
     in progress... |#############       | 065% :       03h-24m-26.0s (E)       05h-14m-30.8s (X)
     in progress... |##############      | 070% :       03h-39m-41.6s (E)       05h-13m-50.9s (X)
     in progress... |###############     | 075% :       03h-54m-59.1s (E)       05h-13m-18.8s (X)
     in progress... |################    | 080% :       04h-10m-18.3s (E)       05h-12m-52.9s (X)
     in progress... |#################   | 085% :       04h-25m-35.4s (E)       05h-12m-27.5s (X)
     in progress... |##################  | 090% :       04h-40m-54.3s (E)       05h-12m-07.0s (X)
     in progress... |################### | 095% :       04h-56m-04.8s (E)       05h-11m-39.8s (X)
     in progress... |####################| 100% :       05h-11m-07.2s (E)       05h-11m-07.2s (X)
     --------------------------------------------------------------------------------------------
       
     --------------------------------------------------------------------------------------------
     Computing Debye-Waller Self-energy (Lanczos)                        
     --------------------------------------------------------------------------------------------
     in progress... |####################| 100% :       01h-52m-32.3s (E)       01h-52m-32.3s (X)
     --------------------------------------------------------------------------------------------
       
     --------------------------------------------------------------------------------------------
     Compute Fan-Migdal Self-energy (occ)                                
     --------------------------------------------------------------------------------------------
     in progress... |####################| 100% :           21m-12.5s (E)           21m-12.5s (X)
     --------------------------------------------------------------------------------------------
       
     --------------------------------------------------------------------------------------------
     Compute Fan-Migdal Self-energy (Lanczos)                            
     --------------------------------------------------------------------------------------------
     in progress... |####################| 100% :           33m-34.8s (E)           33m-34.8s (X)
     --------------------------------------------------------------------------------------------
     WELPH        :     7h35m CPU        8h21m WALL

     welph_readin :      2.42s CPU      4.86s WALL (       1 calls)
     fetch_input  :      0.00s CPU      0.03s WALL (       2 calls)
     read_xml     :      1.11s CPU      1.35s WALL (       1 calls)
     init_vloc    :      0.57s CPU      0.64s WALL (       2 calls)
     fft          :      0.04s CPU      0.06s WALL (      14 calls)
     fft_scatter  :    579.83s CPU    586.93s WALL ( 1218278 calls)
     v_of_rho     :      0.05s CPU      0.06s WALL (       1 calls)
     v_xc         :      0.04s CPU      0.06s WALL (       1 calls)
     v_h          :      0.00s CPU      0.00s WALL (       1 calls)
     read_wave    :      1.29s CPU      3.44s WALL (       1 calls)
     davcio       :      1.36s CPU     11.10s WALL (     196 calls)
     init_us_1    :      0.04s CPU      0.04s WALL (       2 calls)
     do_setup     :      0.37s CPU      0.45s WALL (       1 calls)
     init_pw_ar   :      0.36s CPU      0.43s WALL (       1 calls)
     init_at_1    :      0.00s CPU      0.00s WALL (       1 calls)
     setup_dmuxc  :      0.01s CPU      0.01s WALL (       1 calls)
     ffts         :     13.70s CPU     13.93s WALL (     288 calls)
     scatter_grid :      0.60s CPU      0.72s WALL (     288 calls)
     init_us_2    :      6.07s CPU      6.52s WALL (     388 calls)
     fftw         :   1694.38s CPU   1714.41s WALL ( 1217976 calls)
     calbec       :   1052.89s CPU   1077.20s WALL (    5616 calls)
     computeDW1   :  18600.85s CPU  18667.20s WALL (       1 calls)
     computeDW2   :   6654.02s CPU   6752.33s WALL (       1 calls)
     alphapc      :    659.13s CPU    665.01s WALL (    4216 calls)
     lan_H        :   3728.93s CPU   3770.53s WALL (     136 calls)
     h_psi_bgrp   :   2871.68s CPU   2902.87s WALL (    4080 calls)
     h_psi        :   2871.62s CPU   2902.84s WALL (    4080 calls)
     h_psi:pot    :   2854.32s CPU   2885.32s WALL (    4080 calls)
     vloc_psi     :   1709.78s CPU   1728.45s WALL (    4080 calls)
     h_psi:calbec :    601.36s CPU    610.90s WALL (    4080 calls)
     add_vuspsi   :    543.08s CPU    545.89s WALL (    4080 calls)
     computeFM1   :    373.44s CPU   1272.57s WALL (       1 calls)
     computeFM2   :   1190.83s CPU   2014.89s WALL (       1 calls)
 
     WELPH        :     7h35m CPU        8h21m WALL

 
   This run was terminated on:  15:28:59  29Jan2021            

=------------------------------------------------------------------------------=
   JOB DONE.
=------------------------------------------------------------------------------=
