
     Program WFREQ v. 3.1.1 starts on 27Jan2021 at 20:55:55 

     This program is part of the open-source West suite
     for massively parallel calculations of excited states in materials; please cite
         "M. Govoni et al., J. Chem. Theory Comput. 11, 2680 (2015);
          URL http://www.west-code.org", 
     in publications or presentations arising from this work.

     Based on the Quantum ESPRESSO v. 6.1 svn rev. 13369

     I/O is Little Endian
       
     --------------------------------------------------------------------------------------------
     **MPI** Parallelization Status                                      
     --------------------------------------------------------------------------------------------
                   120                   6             1             1            20
     --------------------------------------------------------------------------------------------
                     N         =         I      X      P      X      B      X      Z
                     ^                   ^             ^             ^             ^
                     |                   |             |             |             |
                   #rnk                  |             |             |             |
                                      #image           |             |             |
                                                     #pool           |             |
                                                                   #bgrp           |
                                                                                 #R&G
     --------------------------------------------------------------------------------------------
     **OPENMP** Parallelization Status
     #thr/rnk               =            1
     --------------------------------------------------------------------------------------------
     #prc = (rnk) * (thr) =          120
     --------------------------------------------------------------------------------------------
       
     --------------------------------------------------------------------------------------------
     I/O Summary : input_west                                            
     --------------------------------------------------------------------------------------------
     qe_prefix      = b
     west_prefix    = b
     outdir         = ./
     --------------------------------------------------------------------------------------------

     Reading data from directory:
     ./b.save

   Info: using nr1, nr2, nr3 values from input

   Info: using nr1, nr2, nr3 values from input

     IMPORTANT: XC functional enforced from input :
     Exchange-correlation      = PBE ( 1  4  3  4 0 0)
     Any further DFT definition will be discarded
     Please, verify this is what you really want

     Message from routine readpp:
     file ./b.save/C_ONCV_PBE-1.0.upf not found
     Message from routine readpp:
     file ./b.save/B_ONCV_PBE-1.0.upf not found
 
     Parallelization info
     --------------------
     sticks:   dense  smooth     PW     G-vecs:    dense   smooth      PW
     Min         246     246     61                11445    11445    1430
     Max         247     247     62                11450    11450    1432
     Sum        4935    4935   1237               228945   228945   28631
 
       
     --------------------------------------------------------------------------------------------
     I/O Summary : wstat_control                                         
     --------------------------------------------------------------------------------------------
     wstat_calculation              =              S
     n_pdep_eigen                   =           1000
     n_pdep_times                   =              4
     n_pdep_maxiter                 =            100
     n_dfpt_maxiter                 =            250
     n_pdep_read_from_file          =              0
     trev_pdep                      =   1.000000E-03
     trev_pdep_rel                  =   1.000000E-01
     tr2_dfpt                       =   1.000000E-12
     l_kinetic_only                 =              F
     l_minimize_exx_if_active       =              F
     l_use_ecutrho                  =              F
     l_use_symm                     =              T
     nq(1)                          =              1
     nq(2)                          =              1
     nq(3)                          =              1
     --------------------------------------------------------------------------------------------
       
     --------------------------------------------------------------------------------------------
     I/O Summary : wfreq_control                                         
     --------------------------------------------------------------------------------------------
     wfreq_calculation                        =           XWGQ
     n_pdep_eigen_to_use                      =           1000
     qp_bandrange(1)                          =            240
     qp_bandrange(2)                          =            280
     macropol_calculation                     =              C
     n_lanczos                                =             30
     n_imfreq                                 =            400
     n_refreq                                 =            400
     ecut_imfreq [Ry]                         =     200.000000
     ecut_refreq [Ry]                         =       2.000000
     wfreq_eta [Ry]                           =       0.003675
     n_secant_maxiter                         =            200
     trev_secant [Ry]                         =       0.003676
     l_enable_lanczos                         =              T
     l_enable_gwetot                          =              F
     o_restart_time [min]                     =      -1.000000
     ecut_spectralf(1) [Ry]                   =      -2.000000
     ecut_spectralf(2) [Ry]                   =       2.000000
     n_spectralf                              =             10
     l_read_common_pdep                       =              F
     l_enable_gb_curvature                    =              T
     --------------------------------------------------------------------------------------------
       
     --------------------------------------------------------------------------------------------
     System Overview                                                     
     --------------------------------------------------------------------------------------------
     gamma_only           =              F
     ecutwfc [Ry]         =      50.000000
     ecutrho [Ry]         =     200.000000
     omega [au^3]         =   4.791059E+03
     nbnd                 =            300
     nkstot               =              1
     nspin                =              1
     nelec                =     510.000000
     npol                 =              1
     lsda                 =              F
     noncolin             =              F
     lspinorb             =              F
     domag                =              F
     --------------------------------------------------------------------------------------------

     3DFFT grid
        s : (  90,  90,  90)
        p : (  90,  90,  90)

     Direct Lattice Cell [a.u.]
        a1 = (   -13.3715626    -0.0175676    13.3715626)
        a2 = (     0.0175676    13.3715626    13.3715626)
        a3 = (   -13.3715626    13.3715626    -0.0175675)

     Reciprocal Lattice Cell [a.u.]
        b1 = (    -0.2347918    -0.2344833     0.2347918)
        b2 = (     0.2344833     0.2347918     0.2347918)
        b3 = (    -0.2347918     0.2347918    -0.2344833)
      

     Brillouin Zone sampling [cryst. coord.]
 
        k(000001) = (     0.0000000     0.0000000     0.0000000)
 
        q(000001) = (     0.0000000     0.0000000     0.0000000)
       
     --------------------------------------------------------------------------------------------
     Parallelization for npdep                                           
     --------------------------------------------------------------------------------------------
     nglob                =           1000
     nlevel               =              6
     Min nglob/nlevel     =            166
     Max nglob/nlevel     =            167
     --------------------------------------------------------------------------------------------
       
     --------------------------------------------------------------------------------------------
     Parallelization for npdep+macro                                     
     --------------------------------------------------------------------------------------------
     nglob                =           1003
     nlevel               =              6
     Min nglob/nlevel     =            167
     Max nglob/nlevel     =            168
     --------------------------------------------------------------------------------------------
       
     --------------------------------------------------------------------------------------------
     Parallelization for n_imfreq                                        
     --------------------------------------------------------------------------------------------
     nglob                =            400
     nlevel               =             20
     Min nglob/nlevel     =             20
     Max nglob/nlevel     =             20
     --------------------------------------------------------------------------------------------
       
     --------------------------------------------------------------------------------------------
     Parallelization for n_refreq                                        
     --------------------------------------------------------------------------------------------
     nglob                =            400
     nlevel               =             20
     Min nglob/nlevel     =             20
     Max nglob/nlevel     =             20
     --------------------------------------------------------------------------------------------
       
     --------------------------------------------------------------------------------------------
     Parallelization for nbnd                                            
     --------------------------------------------------------------------------------------------
     nglob                =            300
     nlevel               =              6
     Min nglob/nlevel     =             50
     Max nglob/nlevel     =             50
     --------------------------------------------------------------------------------------------
     ===========================================================================
          nsym   =    6
          nrot   =   12
          nk_ibz =    1
          Q-point IBZ [ cart  coord ]
          xk(00000001) = (  0.000000  0.000000  0.000000) wk =   1.000000
          Q-point IBZ [ cryst coord ]
          xk(00000001) = (  0.000000  0.000000  0.000000) wk =   1.000000
     ===========================================================================
     ===========================================================================
          nsym   =    6
          nrot   =   12
          nq_ibz =    1
          Q-point IBZ [ cart  coord ]
          xq(00000001) = (  0.000000  0.000000  0.000000) wq =   1.000000
          Q-point IBZ [ cryst coord ]
          xq(00000001) = (  0.000000  0.000000  0.000000) wq =   1.000000
     ===========================================================================
       
     --------------------------------------------------------------------------------------------
     Hartree-Fock Exact E(X)change                                       
     --------------------------------------------------------------------------------------------
      
     --------------------------------------------------------------------------------------------
     Vxc
     --------------------------------------------------------------------------------------------
     in progress... |####################| 100% :             < 00.1s (E)             < 00.1s (X)
     --------------------------------------------------------------------------------------------
      
     --------------------------------------------------------------------------------------------
     (X)-Sigma
     --------------------------------------------------------------------------------------------
     in progress... |#                   | 005% :               00.3s (E)               07.8s (X)
     in progress... |##                  | 010% :               00.6s (E)               06.3s (X)
     in progress... |###                 | 015% :               00.8s (E)               05.7s (X)
     in progress... |####                | 020% :               01.0s (E)               05.4s (X)
     in progress... |#####               | 025% :               01.3s (E)               05.2s (X)
     in progress... |######              | 030% :               01.5s (E)               05.1s (X)
     in progress... |#######             | 035% :               01.7s (E)               05.0s (X)
     in progress... |########            | 040% :               01.9s (E)               04.9s (X)
     in progress... |#########           | 045% :               02.2s (E)               04.9s (X)
     in progress... |##########          | 050% :               02.4s (E)               04.8s (X)
     in progress... |###########         | 055% :               02.6s (E)               04.8s (X)
     in progress... |############        | 060% :               02.9s (E)               04.9s (X)
     in progress... |#############       | 065% :               03.2s (E)               04.9s (X)
     in progress... |##############      | 070% :               03.5s (E)               05.0s (X)
     in progress... |###############     | 075% :               03.8s (E)               05.1s (X)
     in progress... |################    | 080% :               04.1s (E)               05.1s (X)
     in progress... |#################   | 085% :               04.3s (E)               05.1s (X)
     in progress... |##################  | 090% :               04.6s (E)               05.1s (X)
     in progress... |################### | 095% :               04.8s (E)               05.0s (X)
     in progress... |####################| 100% :               05.0s (E)               05.0s (X)
     --------------------------------------------------------------------------------------------
       
     --------------------------------------------------------------------------------------------
     (W)-Lanczos                                                         
     --------------------------------------------------------------------------------------------
     in progress... |#                   | 005% :           09m-12.6s (E)       03h-04m-13.6s (X)
     in progress... |##                  | 010% :           18m-17.7s (E)       03h-02m-57.6s (X)
     in progress... |###                 | 015% :           27m-22.0s (E)       03h-02m-26.8s (X)
     in progress... |####                | 020% :           35m-44.4s (E)       02h-58m-42.1s (X)
     in progress... |#####               | 025% :           44m-47.9s (E)       02h-59m-11.6s (X)
     in progress... |######              | 030% :           53m-50.8s (E)       02h-59m-29.6s (X)
     in progress... |#######             | 035% :       01h-02m-53.6s (E)       02h-59m-41.9s (X)
     in progress... |########            | 040% :       01h-11m-14.9s (E)       02h-58m-07.3s (X)
     in progress... |#########           | 045% :       01h-20m-18.0s (E)       02h-58m-26.7s (X)
     in progress... |##########          | 050% :       01h-29m-21.2s (E)       02h-58m-42.4s (X)
     in progress... |###########         | 055% :       01h-38m-24.8s (E)       02h-58m-56.0s (X)
     in progress... |############        | 060% :       01h-46m-47.0s (E)       02h-57m-58.4s (X)
     in progress... |#############       | 065% :       01h-55m-51.2s (E)       02h-58m-14.3s (X)
     in progress... |##############      | 070% :       02h-04m-55.8s (E)       02h-58m-28.4s (X)
     in progress... |###############     | 075% :       02h-14m-01.2s (E)       02h-58m-41.7s (X)
     in progress... |################    | 080% :       02h-22m-24.8s (E)       02h-58m-01.0s (X)
     in progress... |#################   | 085% :       02h-31m-30.8s (E)       02h-58m-15.1s (X)
     in progress... |##################  | 090% :       02h-40m-37.9s (E)       02h-58m-28.7s (X)
     in progress... |################### | 095% :       02h-49m-46.1s (E)       02h-58m-42.2s (X)
     in progress... |####################| 100% :       02h-58m-13.9s (E)       02h-58m-13.9s (X)
     --------------------------------------------------------------------------------------------
       
     --------------------------------------------------------------------------------------------
     (G)-Lanczos                                                         
     --------------------------------------------------------------------------------------------
     in progress... |#                   | 005% :           01m-55.2s (E)           38m-24.1s (X)
     in progress... |##                  | 010% :           03m-11.1s (E)           31m-51.4s (X)
     in progress... |###                 | 015% :           04m-27.0s (E)           29m-40.2s (X)
     in progress... |####                | 020% :           05m-43.0s (E)           28m-35.1s (X)
     in progress... |#####               | 025% :           06m-58.7s (E)           27m-54.9s (X)
     in progress... |######              | 030% :           08m-14.7s (E)           27m-29.2s (X)
     in progress... |#######             | 035% :           09m-30.9s (E)           27m-11.2s (X)
     in progress... |########            | 040% :           10m-47.3s (E)           26m-58.2s (X)
     in progress... |#########           | 045% :           12m-03.5s (E)           26m-47.9s (X)
     in progress... |##########          | 050% :           13m-19.7s (E)           26m-39.4s (X)
     in progress... |###########         | 055% :           14m-35.8s (E)           26m-32.5s (X)
     in progress... |############        | 060% :           15m-51.9s (E)           26m-26.6s (X)
     in progress... |#############       | 065% :           17m-08.0s (E)           26m-21.5s (X)
     in progress... |##############      | 070% :           18m-24.4s (E)           26m-17.7s (X)
     in progress... |###############     | 075% :           19m-40.3s (E)           26m-13.8s (X)
     in progress... |################    | 080% :           20m-56.2s (E)           26m-10.3s (X)
     in progress... |#################   | 085% :           22m-12.5s (E)           26m-07.6s (X)
     in progress... |##################  | 090% :           23m-28.7s (E)           26m-05.2s (X)
     in progress... |################### | 095% :           24m-44.8s (E)           26m-02.9s (X)
     in progress... |####################| 100% :           26m-00.7s (E)           26m-00.7s (X)
     --------------------------------------------------------------------------------------------
       
     --------------------------------------------------------------------------------------------
     Collecting results from W and G                                     
     --------------------------------------------------------------------------------------------
     in progress... |#                   | 005% :           01m-50.0s (E)           36m-40.4s (X)
     in progress... |##                  | 010% :           03m-03.2s (E)           30m-32.5s (X)
     in progress... |###                 | 015% :           04m-17.0s (E)           28m-33.8s (X)
     in progress... |####                | 020% :           05m-30.5s (E)           27m-32.9s (X)
     in progress... |#####               | 025% :           06m-44.2s (E)           26m-56.8s (X)
     in progress... |######              | 030% :           07m-57.7s (E)           26m-32.6s (X)
     in progress... |#######             | 035% :           09m-11.6s (E)           26m-16.1s (X)
     in progress... |########            | 040% :           10m-24.8s (E)           26m-02.2s (X)
     in progress... |#########           | 045% :           11m-38.1s (E)           25m-51.5s (X)
     in progress... |##########          | 050% :           12m-51.5s (E)           25m-43.0s (X)
     in progress... |###########         | 055% :           14m-04.9s (E)           25m-36.2s (X)
     in progress... |############        | 060% :           15m-18.5s (E)           25m-30.9s (X)
     in progress... |#############       | 065% :           16m-32.1s (E)           25m-26.3s (X)
     in progress... |##############      | 070% :           17m-45.5s (E)           25m-22.1s (X)
     in progress... |###############     | 075% :           18m-59.2s (E)           25m-19.0s (X)
     in progress... |################    | 080% :           20m-13.1s (E)           25m-16.4s (X)
     in progress... |#################   | 085% :           21m-26.6s (E)           25m-13.7s (X)
     in progress... |##################  | 090% :           22m-40.3s (E)           25m-11.4s (X)
     in progress... |################### | 095% :           23m-53.9s (E)           25m-09.4s (X)
     in progress... |####################| 100% :           25m-06.8s (E)           25m-06.8s (X)
     --------------------------------------------------------------------------------------------
       
     --------------------------------------------------------------------------------------------
     (Q)uasiparticle energies                                            
     --------------------------------------------------------------------------------------------
       
     --------------------------------------------------------------------------------------------
     Sigma_C                                                             
     --------------------------------------------------------------------------------------------
     Integrating along the IM axis...
     --------------------------------------------------------------------------------------------
     in progress... |#                   | 005% :             < 00.1s (E)               01.7s (X)
     in progress... |##                  | 010% :             < 00.1s (E)               00.9s (X)
     in progress... |###                 | 015% :             < 00.1s (E)               00.6s (X)
     in progress... |####                | 020% :             < 00.1s (E)               00.4s (X)
     in progress... |#####               | 025% :               00.1s (E)               00.4s (X)
     in progress... |######              | 030% :               00.1s (E)               00.3s (X)
     in progress... |#######             | 035% :               00.1s (E)               00.3s (X)
     in progress... |########            | 040% :               00.1s (E)               00.2s (X)
     in progress... |#########           | 045% :               00.1s (E)               00.2s (X)
     in progress... |##########          | 050% :               00.1s (E)               00.2s (X)
     in progress... |###########         | 055% :               00.1s (E)               00.2s (X)
     in progress... |############        | 060% :               00.1s (E)               00.2s (X)
     in progress... |#############       | 065% :               00.1s (E)               00.2s (X)
     in progress... |##############      | 070% :               00.1s (E)               00.1s (X)
     in progress... |###############     | 075% :               00.1s (E)               00.1s (X)
     in progress... |################    | 080% :               00.1s (E)               00.1s (X)
     in progress... |#################   | 085% :               00.1s (E)               00.1s (X)
     in progress... |##################  | 090% :               00.1s (E)               00.1s (X)
     in progress... |################### | 095% :               00.1s (E)               00.1s (X)
     in progress... |####################| 100% :               00.1s (E)               00.1s (X)
     --------------------------------------------------------------------------------------------
     Residues along the RE axis...
     --------------------------------------------------------------------------------------------
     in progress... |#                   | 005% :             < 00.1s (E)             < 00.1s (X)
     in progress... |##                  | 010% :             < 00.1s (E)             < 00.1s (X)
     in progress... |###                 | 015% :             < 00.1s (E)             < 00.1s (X)
     in progress... |####                | 020% :             < 00.1s (E)             < 00.1s (X)
     in progress... |#####               | 025% :             < 00.1s (E)             < 00.1s (X)
     in progress... |######              | 030% :             < 00.1s (E)             < 00.1s (X)
     in progress... |#######             | 035% :             < 00.1s (E)             < 00.1s (X)
     in progress... |########            | 040% :             < 00.1s (E)             < 00.1s (X)
     in progress... |#########           | 045% :             < 00.1s (E)             < 00.1s (X)
     in progress... |##########          | 050% :             < 00.1s (E)             < 00.1s (X)
     in progress... |###########         | 055% :             < 00.1s (E)             < 00.1s (X)
     in progress... |############        | 060% :             < 00.1s (E)             < 00.1s (X)
     in progress... |#############       | 065% :             < 00.1s (E)             < 00.1s (X)
     in progress... |##############      | 070% :             < 00.1s (E)             < 00.1s (X)
     in progress... |###############     | 075% :             < 00.1s (E)             < 00.1s (X)
     in progress... |################    | 080% :             < 00.1s (E)             < 00.1s (X)
     in progress... |#################   | 085% :             < 00.1s (E)             < 00.1s (X)
     in progress... |##################  | 090% :             < 00.1s (E)             < 00.1s (X)
     in progress... |################### | 095% :             < 00.1s (E)             < 00.1s (X)
     in progress... |####################| 100% :             < 00.1s (E)             < 00.1s (X)
     --------------------------------------------------------------------------------------------
       
     --------------------------------------------------------------------------------------------
     Sigma_C                                                             
     --------------------------------------------------------------------------------------------
     Integrating along the IM axis...
     --------------------------------------------------------------------------------------------
     in progress... |#                   | 005% :             < 00.1s (E)               00.1s (X)
     in progress... |##                  | 010% :             < 00.1s (E)             < 00.1s (X)
     in progress... |###                 | 015% :             < 00.1s (E)             < 00.1s (X)
     in progress... |####                | 020% :             < 00.1s (E)             < 00.1s (X)
     in progress... |#####               | 025% :             < 00.1s (E)             < 00.1s (X)
     in progress... |######              | 030% :             < 00.1s (E)             < 00.1s (X)
     in progress... |#######             | 035% :             < 00.1s (E)             < 00.1s (X)
     in progress... |########            | 040% :             < 00.1s (E)             < 00.1s (X)
     in progress... |#########           | 045% :             < 00.1s (E)             < 00.1s (X)
     in progress... |##########          | 050% :             < 00.1s (E)             < 00.1s (X)
     in progress... |###########         | 055% :             < 00.1s (E)             < 00.1s (X)
     in progress... |############        | 060% :             < 00.1s (E)             < 00.1s (X)
     in progress... |#############       | 065% :             < 00.1s (E)             < 00.1s (X)
     in progress... |##############      | 070% :             < 00.1s (E)             < 00.1s (X)
     in progress... |###############     | 075% :             < 00.1s (E)             < 00.1s (X)
     in progress... |################    | 080% :             < 00.1s (E)             < 00.1s (X)
     in progress... |#################   | 085% :             < 00.1s (E)             < 00.1s (X)
     in progress... |##################  | 090% :             < 00.1s (E)             < 00.1s (X)
     in progress... |################### | 095% :             < 00.1s (E)             < 00.1s (X)
     in progress... |####################| 100% :             < 00.1s (E)             < 00.1s (X)
     --------------------------------------------------------------------------------------------
     Residues along the RE axis...
     --------------------------------------------------------------------------------------------
     in progress... |#                   | 005% :             < 00.1s (E)             < 00.1s (X)
     in progress... |##                  | 010% :             < 00.1s (E)             < 00.1s (X)
     in progress... |###                 | 015% :             < 00.1s (E)             < 00.1s (X)
     in progress... |####                | 020% :             < 00.1s (E)             < 00.1s (X)
     in progress... |#####               | 025% :             < 00.1s (E)             < 00.1s (X)
     in progress... |######              | 030% :             < 00.1s (E)             < 00.1s (X)
     in progress... |#######             | 035% :             < 00.1s (E)             < 00.1s (X)
     in progress... |########            | 040% :             < 00.1s (E)             < 00.1s (X)
     in progress... |#########           | 045% :             < 00.1s (E)             < 00.1s (X)
     in progress... |##########          | 050% :             < 00.1s (E)             < 00.1s (X)
     in progress... |###########         | 055% :             < 00.1s (E)             < 00.1s (X)
     in progress... |############        | 060% :             < 00.1s (E)             < 00.1s (X)
     in progress... |#############       | 065% :             < 00.1s (E)             < 00.1s (X)
     in progress... |##############      | 070% :             < 00.1s (E)             < 00.1s (X)
     in progress... |###############     | 075% :             < 00.1s (E)             < 00.1s (X)
     in progress... |################    | 080% :             < 00.1s (E)             < 00.1s (X)
     in progress... |#################   | 085% :             < 00.1s (E)             < 00.1s (X)
     in progress... |##################  | 090% :             < 00.1s (E)             < 00.1s (X)
     in progress... |################### | 095% :             < 00.1s (E)             < 00.1s (X)
     in progress... |####################| 100% :             < 00.1s (E)             < 00.1s (X)
     --------------------------------------------------------------------------------------------

     --------------------------------------------------------------------------------------------
     Iter: 000000
     k(000001) = (   0.0000000   0.0000000   0.0000000) cryst. coord.
     band      QP en. [eV] conv
     000240      11.086979   no
     000241      11.082407   no
     000242      11.100223   no
     000243      11.100199   no
     000244      11.206498   no
     000245      11.206539   no
     000246      11.218561   no
     000247      11.215713   no
     000248      11.215737   no
     000249      11.361049   no
     000250      11.361035   no
     000251      11.662529   no
     000252      11.662521   no
     000253      12.772337   no
     000254      13.066204   no
     000255      13.066229   no
     000256      15.216834   no
     000257      19.206049   no
     000258      19.223383   no
     000259      19.223328   no
     000260      19.257014   no
     000261      19.287379   no
     000262      19.287427   no
     000263      19.374058   no
     000264      19.373926   no
     000265      19.427075   no
     000266      19.459727   no
     000267      19.459783   no
     000268      19.504668   no
     000269      20.670799   no
     000270      20.800138   no
     000271      20.800129   no
     000272      20.705787   no
     000273      20.778183   no
     000274      20.792939   no
     000275      20.792798   no
     000276      20.832059   no
     000277      20.831973   no
     000278      20.848014   no
     000279      20.847893   no
     000280      20.861799   no
     --------------------------------------------------------------------------------------------
       
     --------------------------------------------------------------------------------------------
     Sigma_C                                                             
     --------------------------------------------------------------------------------------------
     Integrating along the IM axis...
     --------------------------------------------------------------------------------------------
     in progress... |#                   | 005% :             < 00.1s (E)               00.1s (X)
     in progress... |##                  | 010% :             < 00.1s (E)             < 00.1s (X)
     in progress... |###                 | 015% :             < 00.1s (E)             < 00.1s (X)
     in progress... |####                | 020% :             < 00.1s (E)             < 00.1s (X)
     in progress... |#####               | 025% :             < 00.1s (E)             < 00.1s (X)
     in progress... |######              | 030% :             < 00.1s (E)             < 00.1s (X)
     in progress... |#######             | 035% :             < 00.1s (E)             < 00.1s (X)
     in progress... |########            | 040% :             < 00.1s (E)             < 00.1s (X)
     in progress... |#########           | 045% :             < 00.1s (E)             < 00.1s (X)
     in progress... |##########          | 050% :             < 00.1s (E)             < 00.1s (X)
     in progress... |###########         | 055% :             < 00.1s (E)             < 00.1s (X)
     in progress... |############        | 060% :             < 00.1s (E)             < 00.1s (X)
     in progress... |#############       | 065% :             < 00.1s (E)             < 00.1s (X)
     in progress... |##############      | 070% :             < 00.1s (E)             < 00.1s (X)
     in progress... |###############     | 075% :             < 00.1s (E)             < 00.1s (X)
     in progress... |################    | 080% :             < 00.1s (E)             < 00.1s (X)
     in progress... |#################   | 085% :             < 00.1s (E)             < 00.1s (X)
     in progress... |##################  | 090% :             < 00.1s (E)             < 00.1s (X)
     in progress... |################### | 095% :             < 00.1s (E)             < 00.1s (X)
     in progress... |####################| 100% :             < 00.1s (E)             < 00.1s (X)
     --------------------------------------------------------------------------------------------
     Residues along the RE axis...
     --------------------------------------------------------------------------------------------
     in progress... |#                   | 005% :             < 00.1s (E)             < 00.1s (X)
     in progress... |##                  | 010% :             < 00.1s (E)             < 00.1s (X)
     in progress... |###                 | 015% :             < 00.1s (E)             < 00.1s (X)
     in progress... |####                | 020% :             < 00.1s (E)             < 00.1s (X)
     in progress... |#####               | 025% :             < 00.1s (E)             < 00.1s (X)
     in progress... |######              | 030% :             < 00.1s (E)             < 00.1s (X)
     in progress... |#######             | 035% :             < 00.1s (E)             < 00.1s (X)
     in progress... |########            | 040% :             < 00.1s (E)             < 00.1s (X)
     in progress... |#########           | 045% :             < 00.1s (E)             < 00.1s (X)
     in progress... |##########          | 050% :             < 00.1s (E)             < 00.1s (X)
     in progress... |###########         | 055% :             < 00.1s (E)             < 00.1s (X)
     in progress... |############        | 060% :             < 00.1s (E)             < 00.1s (X)
     in progress... |#############       | 065% :             < 00.1s (E)             < 00.1s (X)
     in progress... |##############      | 070% :             < 00.1s (E)             < 00.1s (X)
     in progress... |###############     | 075% :             < 00.1s (E)             < 00.1s (X)
     in progress... |################    | 080% :             < 00.1s (E)             < 00.1s (X)
     in progress... |#################   | 085% :             < 00.1s (E)             < 00.1s (X)
     in progress... |##################  | 090% :             < 00.1s (E)             < 00.1s (X)
     in progress... |################### | 095% :             < 00.1s (E)             < 00.1s (X)
     in progress... |####################| 100% :             < 00.1s (E)             < 00.1s (X)
     --------------------------------------------------------------------------------------------

     --------------------------------------------------------------------------------------------
     Iter: 000001
     k(000001) = (   0.0000000   0.0000000   0.0000000) cryst. coord.
     band      QP en. [eV] conv
     000240      11.077549  yes
     000241      11.089706  yes
     000242      11.108515  yes
     000243      11.108490  yes
     000244      11.204484  yes
     000245      11.204527  yes
     000246      11.223235  yes
     000247      11.220691  yes
     000248      11.220713  yes
     000249      11.365551  yes
     000250      11.365536  yes
     000251      11.574218   no
     000252      11.574209   no
     000253      12.774071  yes
     000254      13.068939  yes
     000255      13.068964  yes
     000256      15.214774  yes
     000257      19.201567  yes
     000258      19.219334  yes
     000259      19.219279  yes
     000260      19.252505  yes
     000261      19.283128  yes
     000262      19.283175  yes
     000263      19.370927  yes
     000264      19.370809  yes
     000265      19.423264  yes
     000266      19.456516  yes
     000267      19.456574  yes
     000268      19.480707  yes
     000269      20.663782  yes
     000270      20.791036  yes
     000271      20.791026  yes
     000272      20.770213   no
     000273      20.785513  yes
     000274      20.793174  yes
     000275      20.793031  yes
     000276      20.812115  yes
     000277      20.812029  yes
     000278      20.820636  yes
     000279      20.820520  yes
     000280      20.859081  yes
     --------------------------------------------------------------------------------------------
       
     --------------------------------------------------------------------------------------------
     Sigma_C                                                             
     --------------------------------------------------------------------------------------------
     Integrating along the IM axis...
     --------------------------------------------------------------------------------------------
     in progress... |#                   | 005% :             < 00.1s (E)             < 00.1s (X)
     in progress... |##                  | 010% :             < 00.1s (E)             < 00.1s (X)
     in progress... |###                 | 015% :             < 00.1s (E)             < 00.1s (X)
     in progress... |####                | 020% :             < 00.1s (E)             < 00.1s (X)
     in progress... |#####               | 025% :             < 00.1s (E)             < 00.1s (X)
     in progress... |######              | 030% :             < 00.1s (E)             < 00.1s (X)
     in progress... |#######             | 035% :             < 00.1s (E)             < 00.1s (X)
     in progress... |########            | 040% :             < 00.1s (E)             < 00.1s (X)
     in progress... |#########           | 045% :             < 00.1s (E)             < 00.1s (X)
     in progress... |##########          | 050% :             < 00.1s (E)             < 00.1s (X)
     in progress... |###########         | 055% :             < 00.1s (E)             < 00.1s (X)
     in progress... |############        | 060% :             < 00.1s (E)             < 00.1s (X)
     in progress... |#############       | 065% :             < 00.1s (E)             < 00.1s (X)
     in progress... |##############      | 070% :             < 00.1s (E)             < 00.1s (X)
     in progress... |###############     | 075% :             < 00.1s (E)             < 00.1s (X)
     in progress... |################    | 080% :             < 00.1s (E)             < 00.1s (X)
     in progress... |#################   | 085% :             < 00.1s (E)             < 00.1s (X)
     in progress... |##################  | 090% :             < 00.1s (E)             < 00.1s (X)
     in progress... |################### | 095% :             < 00.1s (E)             < 00.1s (X)
     in progress... |####################| 100% :             < 00.1s (E)             < 00.1s (X)
     --------------------------------------------------------------------------------------------
     Residues along the RE axis...
     --------------------------------------------------------------------------------------------
     in progress... |#                   | 005% :             < 00.1s (E)             < 00.1s (X)
     in progress... |##                  | 010% :             < 00.1s (E)             < 00.1s (X)
     in progress... |###                 | 015% :             < 00.1s (E)             < 00.1s (X)
     in progress... |####                | 020% :             < 00.1s (E)             < 00.1s (X)
     in progress... |#####               | 025% :             < 00.1s (E)             < 00.1s (X)
     in progress... |######              | 030% :             < 00.1s (E)             < 00.1s (X)
     in progress... |#######             | 035% :             < 00.1s (E)             < 00.1s (X)
     in progress... |########            | 040% :             < 00.1s (E)             < 00.1s (X)
     in progress... |#########           | 045% :             < 00.1s (E)             < 00.1s (X)
     in progress... |##########          | 050% :             < 00.1s (E)             < 00.1s (X)
     in progress... |###########         | 055% :             < 00.1s (E)             < 00.1s (X)
     in progress... |############        | 060% :             < 00.1s (E)             < 00.1s (X)
     in progress... |#############       | 065% :             < 00.1s (E)             < 00.1s (X)
     in progress... |##############      | 070% :             < 00.1s (E)             < 00.1s (X)
     in progress... |###############     | 075% :             < 00.1s (E)             < 00.1s (X)
     in progress... |################    | 080% :             < 00.1s (E)             < 00.1s (X)
     in progress... |#################   | 085% :             < 00.1s (E)             < 00.1s (X)
     in progress... |##################  | 090% :             < 00.1s (E)             < 00.1s (X)
     in progress... |################### | 095% :             < 00.1s (E)             < 00.1s (X)
     in progress... |####################| 100% :             < 00.1s (E)             < 00.1s (X)
     --------------------------------------------------------------------------------------------
       
     --------------------------------------------------------------------------------------------
     CONVERGENCE ACHIEVED !!!                                            
     --------------------------------------------------------------------------------------------

     --------------------------------------------------------------------------------------------
     k(000001) = (   0.0000000   0.0000000   0.0000000) cryst. coord.
     band      QP en. [eV] conv
     000240      11.077549  yes
     000241      11.089706  yes
     000242      11.108515  yes
     000243      11.108490  yes
     000244      11.204484  yes
     000245      11.204527  yes
     000246      11.223235  yes
     000247      11.220691  yes
     000248      11.220713  yes
     000249      11.365551  yes
     000250      11.365536  yes
     000251      11.590664  yes
     000252      11.590655  yes
     000253      12.774071  yes
     000254      13.068939  yes
     000255      13.068964  yes
     000256      15.214774  yes
     000257      19.201567  yes
     000258      19.219334  yes
     000259      19.219279  yes
     000260      19.252505  yes
     000261      19.283128  yes
     000262      19.283175  yes
     000263      19.370927  yes
     000264      19.370809  yes
     000265      19.423264  yes
     000266      19.456516  yes
     000267      19.456574  yes
     000268      19.480707  yes
     000269      20.663782  yes
     000270      20.791036  yes
     000271      20.791026  yes
     000272      20.761011  yes
     000273      20.785513  yes
     000274      20.793174  yes
     000275      20.793031  yes
     000276      20.812115  yes
     000277      20.812029  yes
     000278      20.820636  yes
     000279      20.820520  yes
     000280      20.859081  yes
     --------------------------------------------------------------------------------------------
 
     Number of q in the star =    1
     List of q in the star:
          1   0.000000000   0.000000000   0.000000000
      
     --------------------------------------------------------------------------------------------
     SAVE written in < 00.1s             
     In location : ./b.wfreq.save
     --------------------------------------------------------------------------------------------
     WFREQ        :     3h45m CPU        3h49m WALL

     wfreq_readin :      1.01s CPU      2.13s WALL (       1 calls)
     fetch_input  :      0.00s CPU      0.01s WALL (       2 calls)
     read_xml     :      0.49s CPU      0.96s WALL (       1 calls)
     init_vloc    :      0.19s CPU      0.19s WALL (       2 calls)
     fft          :      1.64s CPU      1.91s WALL (    1781 calls)
     fft_scatter  :    282.50s CPU    284.74s WALL ( 3144607 calls)
     v_of_rho     :      0.03s CPU      0.04s WALL (       1 calls)
     v_xc         :      0.05s CPU      0.06s WALL (       2 calls)
     v_h          :      0.00s CPU      0.00s WALL (       1 calls)
     read_wave    :      0.48s CPU      1.12s WALL (       1 calls)
     davcio       :      0.29s CPU      2.19s WALL (      86 calls)
     init_us_1    :      0.03s CPU      0.03s WALL (       2 calls)
     do_setup     :      0.16s CPU      0.20s WALL (       1 calls)
     init_pw_ar   :      0.13s CPU      0.17s WALL (       1 calls)
     init_at_1    :      0.00s CPU      0.00s WALL (       1 calls)
     solve_hf     :      4.27s CPU      5.12s WALL (       1 calls)
     sigmavxc     :      0.01s CPU      0.02s WALL (       1 calls)
     init_us_2    :      0.47s CPU      0.55s WALL (      44 calls)
     fftw         :   1499.33s CPU   1511.21s WALL ( 3142826 calls)
     sigmax       :      4.24s CPU      5.05s WALL (       1 calls)
     sqvc_init    :      0.04s CPU      0.04s WALL (      83 calls)
     wlanczos     :  10547.55s CPU  10693.97s WALL (       1 calls)
     commutator_H :     55.60s CPU    106.02s WALL (     765 calls)
     stres_us31   :      0.03s CPU      0.03s WALL (     765 calls)
     stres_us32   :      0.07s CPU      0.07s WALL (     765 calls)
     stres_us33   :      0.19s CPU      0.19s WALL (     765 calls)
     stres_us34   :      9.16s CPU      9.23s WALL (     765 calls)
     calbec       :    617.34s CPU    619.23s WALL (   20539 calls)
     alphapc      :    322.36s CPU    323.27s WALL (    9686 calls)
     linstern     :    225.67s CPU    226.69s WALL (     255 calls)
     stern        :    224.03s CPU    225.03s WALL (   10129 calls)
     h_psi_bgrp   :   2848.16s CPU   2863.79s WALL (   19009 calls)
     h_psi        :   2848.08s CPU   2863.75s WALL (   19009 calls)
     h_psi:pot    :   2824.00s CPU   2839.50s WALL (   19009 calls)
     vloc_psi     :   1590.53s CPU   1602.91s WALL (   19009 calls)
     h_psi:calbec :    606.72s CPU    608.19s WALL (   19009 calls)
     add_vuspsi   :    626.56s CPU    628.27s WALL (   19009 calls)
     alphapv      :     34.04s CPU     34.18s WALL (   10129 calls)
     lan_H        :   3550.57s CPU   3568.27s WALL (     296 calls)
     brak         :   7213.06s CPU   7242.48s WALL (     296 calls)
     chi0_diag    :     10.46s CPU     10.52s WALL (       1 calls)
     glanczos     :   1516.90s CPU   1560.75s WALL (       1 calls)
     solve_qp     :   1464.28s CPU   1507.43s WALL (       1 calls)
     coll_gw      :   1463.84s CPU   1506.86s WALL (       1 calls)
     sigmac_i     :      0.36s CPU      0.37s WALL (       4 calls)
     sigmac_r     :      0.01s CPU      0.01s WALL (       4 calls)
     wfreq_db     :      0.03s CPU      0.03s WALL (       1 calls)
 
     WFREQ        :     3h45m CPU        3h49m WALL

 
   This run was terminated on:   0:45:46  28Jan2021            

=------------------------------------------------------------------------------=
   JOB DONE.
=------------------------------------------------------------------------------=
