
     Program WSTAT v. 3.1.1 starts on 20Jan2021 at 17:39:41 

     This program is part of the open-source West suite
     for massively parallel calculations of excited states in materials; please cite
         "M. Govoni et al., J. Chem. Theory Comput. 11, 2680 (2015);
          URL http://www.west-code.org", 
     in publications or presentations arising from this work.

     Based on the Quantum ESPRESSO v. 6.1 svn rev. 13369

     I/O is Little Endian
       
     --------------------------------------------------------------------------------------------
     **MPI** Parallelization Status                                      
     --------------------------------------------------------------------------------------------
                    80                   4             1             1            20
     --------------------------------------------------------------------------------------------
                     N         =         I      X      P      X      B      X      Z
                     ^                   ^             ^             ^             ^
                     |                   |             |             |             |
                   #rnk                  |             |             |             |
                                      #image           |             |             |
                                                     #pool           |             |
                                                                   #bgrp           |
                                                                                 #R&G
     --------------------------------------------------------------------------------------------
     **OPENMP** Parallelization Status
     #thr/rnk               =            1
     --------------------------------------------------------------------------------------------
     #prc = (rnk) * (thr) =           80
     --------------------------------------------------------------------------------------------
       
     --------------------------------------------------------------------------------------------
     I/O Summary : input_west                                            
     --------------------------------------------------------------------------------------------
     qe_prefix      = b
     west_prefix    = b
     outdir         = ./
     --------------------------------------------------------------------------------------------

     Reading data from directory:
     ./b.save

   Info: using nr1, nr2, nr3 values from input

   Info: using nr1, nr2, nr3 values from input

     IMPORTANT: XC functional enforced from input :
     Exchange-correlation      = PBE ( 1  4  3  4 0 0)
     Any further DFT definition will be discarded
     Please, verify this is what you really want

     Message from routine readpp:
     file ./b.save/C_ONCV_PBE-1.0.upf not found
     Message from routine readpp:
     file ./b.save/B_ONCV_PBE-1.0.upf not found
 
     Parallelization info
     --------------------
     sticks:   dense  smooth     PW     G-vecs:    dense   smooth      PW
     Min         246     246     61                11445    11445    1430
     Max         247     247     62                11450    11450    1432
     Sum        4935    4935   1237               228945   228945   28631
 
       
     --------------------------------------------------------------------------------------------
     I/O Summary : wstat_control                                         
     --------------------------------------------------------------------------------------------
     wstat_calculation              =              S
     n_pdep_eigen                   =           1000
     n_pdep_times                   =              4
     n_pdep_maxiter                 =            100
     n_dfpt_maxiter                 =            250
     n_pdep_read_from_file          =              0
     trev_pdep                      =   1.000000E-03
     trev_pdep_rel                  =   1.000000E-01
     tr2_dfpt                       =   1.000000E-12
     l_kinetic_only                 =              F
     l_minimize_exx_if_active       =              F
     l_use_ecutrho                  =              F
     l_use_symm                     =              T
     nq(1)                          =              1
     nq(2)                          =              1
     nq(3)                          =              1
     --------------------------------------------------------------------------------------------
       
     --------------------------------------------------------------------------------------------
     System Overview                                                     
     --------------------------------------------------------------------------------------------
     gamma_only           =              F
     ecutwfc [Ry]         =      50.000000
     ecutrho [Ry]         =     200.000000
     omega [au^3]         =   4.791059E+03
     nbnd                 =            300
     nkstot               =              1
     nspin                =              1
     nelec                =     510.000000
     npol                 =              1
     lsda                 =              F
     noncolin             =              F
     lspinorb             =              F
     domag                =              F
     --------------------------------------------------------------------------------------------

     3DFFT grid
        s : (  90,  90,  90)
        p : (  90,  90,  90)

     Direct Lattice Cell [a.u.]
        a1 = (   -13.3715626    -0.0175676    13.3715626)
        a2 = (     0.0175676    13.3715626    13.3715626)
        a3 = (   -13.3715626    13.3715626    -0.0175675)

     Reciprocal Lattice Cell [a.u.]
        b1 = (    -0.2347918    -0.2344833     0.2347918)
        b2 = (     0.2344833     0.2347918     0.2347918)
        b3 = (    -0.2347918     0.2347918    -0.2344833)
      

     Brillouin Zone sampling [cryst. coord.]
 
        k(000001) = (     0.0000000     0.0000000     0.0000000)
 
        q(000001) = (     0.0000000     0.0000000     0.0000000)
     ===========================================================================
          nsym   =    6
          nrot   =   12
          nq_ibz =    1
          Q-point IBZ [ cart  coord ]
          xq(00000001) = (  0.000000  0.000000  0.000000) wq =   1.000000
          Q-point IBZ [ cryst coord ]
          xq(00000001) = (  0.000000  0.000000  0.000000) wq =   1.000000
     ===========================================================================
       
     --------------------------------------------------------------------------------------------
     Parallelization for nvecx                                           
     --------------------------------------------------------------------------------------------
     nglob                =           4000
     nlevel               =              4
     Min nglob/nlevel     =           1000
     Max nglob/nlevel     =           1000
     --------------------------------------------------------------------------------------------

     [MEM] ----------------------------------------------------------
     [MEM] **Memory** analysis: QE
     [MEM] ----------------------------------------------------------
     [MEM] Allocated arrays           est. size (Mb)     dimensions
     [MEM] ----------------------------------------------------------
     [MEM] Kohn-Sham Wavefunctions       6.55 Mb     (   1430,  300)
     [MEM] NL pseudopotentials          22.34 Mb     (   1430, 1024)
     [MEM] Each V/rho on FFT grid        0.62 Mb     (  40500)
     [MEM] Each G-vector array           0.09 Mb     (  11450)
     [MEM] G-vector shells               0.09 Mb     (  11190)
     [MEM] ----------------------------------------------------------
     [MEM] TOT                          29.68 Mb
     [MEM] ----------------------------------------------------------
     [MEM] 
     [MEM] ----------------------------------------------------------
     [MEM] **Memory** analysis: WSTAT global
     [MEM] ----------------------------------------------------------
     [MEM] Allocated arrays           est. size (Mb)     dimensions
     [MEM] ----------------------------------------------------------
     [MEM] dvg                          21.82 Mb     (   1430, 1000)
     [MEM] dng                          21.82 Mb     (   1430, 1000)
     [MEM] hr_distr                     61.04 Mb     (   4000, 1000)
     [MEM] vr_distr                     61.04 Mb     (   4000, 1000)
     [MEM] ----------------------------------------------------------
     [MEM] TOT                         165.71 Mb
     [MEM] ----------------------------------------------------------
     [MEM] 
     [MEM] ----------------------------------------------------------
     [MEM] **Memory** analysis: WSTAT temporary
     [MEM] ----------------------------------------------------------
     [MEM] Allocated arrays           est. size (Mb)     dimensions
     [MEM] ----------------------------------------------------------
     [MEM] dvpsi                         5.56 Mb     (   1430,  255)
     [MEM] dpsi                          5.56 Mb     (   1430,  255)
     [MEM] ----------------------------------------------------------
     [MEM] Total estimate               11.13 Mb
     [MEM] ----------------------------------------------------------
 
     Divergence =   2.943856E-01

                       *----------*              *----------*               *----------*
     #     Iteration = | starting |   DFPT_dim = |     1000 |   Diago_dim = |     1000 |  x 1/2
                       *----------*              *----------*               *----------*
     per-process dynamical memory   251.9 Mb
  
       
     --------------------------------------------------------------------------------------------
     Sternheimer eq. solver... with lite-solver                          
     --------------------------------------------------------------------------------------------
     in progress... |#                   | 005% :               09.5s (E)           03m-10.5s (X)
     in progress... |##                  | 010% :               18.1s (E)           03m-01.2s (X)
     in progress... |###                 | 015% :               27.5s (E)           03m-03.6s (X)
     in progress... |####                | 020% :               36.1s (E)           03m-00.7s (X)
     in progress... |#####               | 025% :               45.5s (E)           03m-02.0s (X)
     in progress... |######              | 030% :               54.1s (E)           03m-00.4s (X)
     in progress... |#######             | 035% :           01m-03.4s (E)           03m-01.2s (X)
     in progress... |########            | 040% :           01m-12.0s (E)           03m-00.0s (X)
     in progress... |#########           | 045% :           01m-21.3s (E)           03m-00.8s (X)
     in progress... |##########          | 050% :           01m-29.8s (E)           02m-59.7s (X)
     in progress... |###########         | 055% :           01m-39.1s (E)           03m-00.2s (X)
     in progress... |############        | 060% :           01m-47.7s (E)           02m-59.6s (X)
     in progress... |#############       | 065% :           01m-57.0s (E)           03m-00.0s (X)
     in progress... |##############      | 070% :           02m-05.5s (E)           02m-59.3s (X)
     in progress... |###############     | 075% :           02m-14.9s (E)           02m-59.8s (X)
     in progress... |################    | 080% :           02m-23.4s (E)           02m-59.3s (X)
     in progress... |#################   | 085% :           02m-32.6s (E)           02m-59.6s (X)
     in progress... |##################  | 090% :           02m-41.1s (E)           02m-59.0s (X)
     in progress... |################### | 095% :           02m-50.4s (E)           02m-59.4s (X)
     in progress... |####################| 100% :           02m-58.9s (E)           02m-58.9s (X)
     --------------------------------------------------------------------------------------------

     [I/O] -------------------------------------------------------
     [I/O] RESTART written in < 00.1s             
     [I/O] In location   : ./b.wstat.restart
     [I/O] -------------------------------------------------------

                       *----------*              *----------*               *----------*
     #     Iteration = | starting |   DFPT_dim = |     1000 |   Diago_dim = |     1000 |  x 2/2
                       *----------*              *----------*               *----------*
     per-process dynamical memory   281.1 Mb
  
       
     --------------------------------------------------------------------------------------------
     Sternheimer eq. solver... with threshold =   1.000000E-06           
     --------------------------------------------------------------------------------------------
     in progress... |#                   | 005% :           02m-53.4s (E)           57m-49.6s (X)
     in progress... |##                  | 010% :           05m-32.1s (E)           55m-21.8s (X)
     in progress... |###                 | 015% :           08m-22.3s (E)           55m-49.3s (X)
     in progress... |####                | 020% :           11m-01.2s (E)           55m-06.1s (X)
     in progress... |#####               | 025% :           13m-52.3s (E)           55m-29.2s (X)
     in progress... |######              | 030% :           16m-30.5s (E)           55m-01.7s (X)
     in progress... |#######             | 035% :           19m-22.4s (E)           55m-21.1s (X)
     in progress... |########            | 040% :           22m-00.2s (E)           55m-00.5s (X)
     in progress... |#########           | 045% :           24m-51.1s (E)           55m-13.5s (X)
     in progress... |##########          | 050% :           27m-27.7s (E)           54m-55.4s (X)
     in progress... |###########         | 055% :           30m-18.7s (E)           55m-06.8s (X)
     in progress... |############        | 060% :           32m-55.3s (E)           54m-52.2s (X)
     in progress... |#############       | 065% :           35m-43.2s (E)           54m-57.3s (X)
     in progress... |##############      | 070% :           38m-17.5s (E)           54m-42.1s (X)
     in progress... |###############     | 075% :           41m-03.9s (E)           54m-45.2s (X)
     in progress... |################    | 080% :           43m-36.6s (E)           54m-30.8s (X)
     in progress... |#################   | 085% :           46m-22.1s (E)           54m-33.0s (X)
     in progress... |##################  | 090% :           48m-54.3s (E)           54m-20.4s (X)
     in progress... |################### | 095% :           51m-37.6s (E)           54m-20.6s (X)
     in progress... |####################| 100% :           54m-08.1s (E)           54m-08.1s (X)
     --------------------------------------------------------------------------------------------
     p-DIAGOX done in 02.3s with a SCALAPACK grid (8x8)
     --------------------------------------------------------------------------------------------
        
       -4.46273  -3.57161  -3.57138  -3.47916  -3.37718  -3.37677  -3.35237  -3.32641  -3.23384
       -3.23248  -3.23204  -3.22012  -3.19945  -3.19874  -2.51633  -2.43523  -2.43438  -2.42547
       -2.42429  -2.39439  -2.38158  -2.37752  -2.37718  -2.37602  -2.37288  -2.37191  -2.28446
       -2.28309  -2.28198  -2.27120  -2.21767  -2.19627  -2.19555  -2.19323  -2.19211  -2.17762
       -2.17580  -2.16893  -2.16680  -2.16572  -2.16363  -2.16294  -2.16090  -2.15991  -2.15904
       -2.15740  -2.15612  -2.15579  -2.15414  -2.15246  -2.15133  -2.14026  -2.13879  -2.13698
       -1.93799  -1.93678  -1.92519  -1.91265  -1.91085  -1.90520  -1.90211  -1.87780  -1.87596
       -1.87498  -1.87369  -1.87257  -1.87084  -1.86953  -1.86823  -1.86703  -1.86556  -1.86106
       -1.85719  -1.84900  -1.84727  -1.84582  -1.84376  -1.84029  -1.83987  -1.83668  -1.83601
       -1.83554  -1.83528  -1.83350  -1.83124  -1.82844  -1.82667  -1.82278  -1.80745  -1.80520
       -1.80439  -1.80239  -1.80144  -1.79904  -1.79827  -1.79767  -1.79642  -1.79493  -1.79400
       -1.79247  -1.79191  -1.79043  -1.78991  -1.78920  -1.78707  -1.78637  -1.78531  -1.78417
       -1.78256  -1.78200  -1.78004  -1.77864  -1.77664  -1.77589  -1.77399  -1.77213  -1.77102
       -1.76955  -1.76831  -1.76633  -1.76129  -1.75071  -1.63647  -1.63341  -1.63030  -1.59545
       -1.45663  -1.16660  -1.15989  -1.15573  -1.14330  -1.12789  -1.11765  -1.11668  -1.11598
       -1.11521  -1.11457  -1.11360  -1.11254  -1.11190  -1.11129  -1.11060  -1.11001  -1.10901
       -1.10812  -1.10735  -1.10720  -1.10594  -1.10399  -1.10274  -1.10248  -1.10116  -1.09913
       -1.09830  -1.06965  -1.06663  -1.06558  -1.06488  -1.06403  -1.06316  -1.06212  -1.06124
       -1.06015  -1.05948  -1.05907  -1.05826  -1.05779  -1.05712  -1.05613  -1.05474  -1.05371
       -1.05331  -1.05166  -1.04883  -1.04770  -1.04638  -1.04106  -1.03942  -1.01213  -0.84131
       -0.83936  -0.83834  -0.83366  -0.83219  -0.82990  -0.82601  -0.82528  -0.82446  -0.82355
       -0.82202  -0.82050  -0.81947  -0.81890  -0.81764  -0.81625  -0.81540  -0.81285  -0.81118
       -0.80554  -0.77377  -0.77056  -0.77022  -0.76852  -0.76685  -0.76437  -0.75987  -0.75829
       -0.75736  -0.75662  -0.75606  -0.75536  -0.75402  -0.75367  -0.75302  -0.75271  -0.75226
       -0.75129  -0.75087  -0.74944  -0.74919  -0.74837  -0.74815  -0.74731  -0.74574  -0.74514
       -0.74436  -0.74368  -0.74258  -0.74018  -0.73963  -0.73828  -0.73717  -0.73632  -0.73555
       -0.73453  -0.73412  -0.73314  -0.73228  -0.73138  -0.73112  -0.73048  -0.72979  -0.72909
       -0.72834  -0.72782  -0.72730  -0.72690  -0.72601  -0.72536  -0.72509  -0.72450  -0.72389
       -0.72310  -0.72293  -0.72223  -0.72093  -0.72026  -0.71986  -0.71890  -0.71830  -0.71776
       -0.71659  -0.71582  -0.71522  -0.71487  -0.71370  -0.71288  -0.71172  -0.71117  -0.70990
       -0.70844  -0.70778  -0.70631  -0.70475  -0.69864  -0.69601  -0.68441  -0.66833  -0.66703
       -0.66559  -0.66456  -0.66363  -0.66188  -0.66042  -0.65980  -0.65808  -0.65544  -0.65460
       -0.65287  -0.64178  -0.63946  -0.63625  -0.63448  -0.63238  -0.62926  -0.62847  -0.62596
       -0.62329  -0.62142  -0.62103  -0.61872  -0.61782  -0.61698  -0.61595  -0.61498  -0.61423
       -0.61288  -0.61197  -0.61111  -0.60966  -0.60900  -0.60834  -0.60610  -0.60394  -0.60221
       -0.60052  -0.59946  -0.59851  -0.59734  -0.59625  -0.59288  -0.59193  -0.58851  -0.58632
       -0.58506  -0.58396  -0.58266  -0.58130  -0.58027  -0.57818  -0.57619  -0.57457  -0.57361
       -0.57238  -0.57010  -0.56901  -0.56791  -0.56660  -0.56527  -0.56369  -0.56243  -0.56154
       -0.56028  -0.55987  -0.55895  -0.55640  -0.55560  -0.55511  -0.55390  -0.55264  -0.55133
       -0.55076  -0.54881  -0.54708  -0.54500  -0.54464  -0.54298  -0.54040  -0.53617  -0.53409
       -0.53330  -0.53181  -0.53063  -0.52845  -0.52749  -0.52442  -0.52183  -0.51978  -0.51931
       -0.51859  -0.51713  -0.51583  -0.51466  -0.51349  -0.51151  -0.51095  -0.51012  -0.50849
       -0.50769  -0.50632  -0.50399  -0.50340  -0.50128  -0.50031  -0.49937  -0.49901  -0.49668
       -0.49532  -0.49485  -0.49304  -0.48940  -0.48811  -0.48710  -0.48551  -0.48412  -0.48125
       -0.48054  -0.47966  -0.47910  -0.47797  -0.47518  -0.47387  -0.47317  -0.47218  -0.47140
       -0.47013  -0.46952  -0.46839  -0.46700  -0.46563  -0.46482  -0.46431  -0.46368  -0.46282
       -0.46263  -0.46148  -0.46044  -0.45996  -0.45909  -0.45840  -0.45713  -0.45680  -0.45647
       -0.45600  -0.45548  -0.45421  -0.45287  -0.45220  -0.45184  -0.45129  -0.45059  -0.45010
       -0.44886  -0.44800  -0.44697  -0.44624  -0.44577  -0.44480  -0.44418  -0.44348  -0.44286
       -0.44213  -0.44095  -0.44013  -0.43934  -0.43914  -0.43830  -0.43786  -0.43716  -0.43610
       -0.43571  -0.43537  -0.43429  -0.43369  -0.43321  -0.43222  -0.43110  -0.42990  -0.42953
       -0.42891  -0.42779  -0.42697  -0.42623  -0.42534  -0.42452  -0.42355  -0.42279  -0.42162
       -0.42073  -0.41985  -0.41935  -0.41766  -0.41673  -0.41624  -0.41530  -0.41474  -0.41367
       -0.41274  -0.41120  -0.40934  -0.40896  -0.40813  -0.40735  -0.40662  -0.40563  -0.40454
       -0.40330  -0.40216  -0.40137  -0.40058  -0.39991  -0.39787  -0.39624  -0.39440  -0.39340
       -0.39265  -0.39017  -0.38900  -0.38722  -0.38471  -0.38335  -0.38046  -0.37805  -0.37544
       -0.37294  -0.37263  -0.36998  -0.36767  -0.36706  -0.36451  -0.36283  -0.36077  -0.35815
       -0.35776  -0.35523  -0.35392  -0.35230  -0.35168  -0.35117  -0.34968  -0.34805  -0.34762
       -0.34704  -0.34606  -0.34566  -0.34367  -0.34270  -0.34219  -0.34143  -0.34041  -0.33969
       -0.33861  -0.33814  -0.33753  -0.33661  -0.33593  -0.33541  -0.33488  -0.33404  -0.33359
       -0.33305  -0.33222  -0.33169  -0.33104  -0.33080  -0.33017  -0.32928  -0.32888  -0.32823
       -0.32735  -0.32694  -0.32611  -0.32562  -0.32493  -0.32477  -0.32448  -0.32340  -0.32285
       -0.32262  -0.32202  -0.32150  -0.32112  -0.32041  -0.31982  -0.31946  -0.31901  -0.31882
       -0.31801  -0.31733  -0.31702  -0.31663  -0.31578  -0.31551  -0.31468  -0.31441  -0.31392
       -0.31369  -0.31307  -0.31289  -0.31262  -0.31204  -0.31141  -0.31088  -0.31034  -0.30990
       -0.30913  -0.30893  -0.30846  -0.30771  -0.30752  -0.30708  -0.30661  -0.30634  -0.30603
       -0.30527  -0.30468  -0.30398  -0.30356  -0.30263  -0.30244  -0.30205  -0.30178  -0.30133
       -0.30105  -0.30059  -0.30021  -0.29996  -0.29935  -0.29889  -0.29828  -0.29783  -0.29755
       -0.29691  -0.29630  -0.29591  -0.29497  -0.29476  -0.29410  -0.29387  -0.29344  -0.29294
       -0.29248  -0.29233  -0.29147  -0.29096  -0.29054  -0.29037  -0.28994  -0.28943  -0.28887
       -0.28835  -0.28789  -0.28749  -0.28696  -0.28649  -0.28616  -0.28561  -0.28498  -0.28445
       -0.28418  -0.28379  -0.28322  -0.28243  -0.28201  -0.28122  -0.28089  -0.28043  -0.27988
       -0.27936  -0.27884  -0.27838  -0.27807  -0.27780  -0.27728  -0.27692  -0.27643  -0.27588
       -0.27540  -0.27491  -0.27402  -0.27354  -0.27305  -0.27274  -0.27203  -0.27142  -0.27076
       -0.27054  -0.27014  -0.26920  -0.26915  -0.26881  -0.26820  -0.26806  -0.26727  -0.26685
       -0.26629  -0.26572  -0.26556  -0.26486  -0.26451  -0.26393  -0.26343  -0.26301  -0.26253
       -0.26214  -0.26168  -0.26099  -0.26074  -0.26026  -0.25975  -0.25927  -0.25868  -0.25818
       -0.25789  -0.25718  -0.25674  -0.25642  -0.25604  -0.25588  -0.25527  -0.25469  -0.25438
       -0.25379  -0.25304  -0.25265  -0.25238  -0.25166  -0.25145  -0.25119  -0.25048  -0.24982
       -0.24947  -0.24928  -0.24901  -0.24838  -0.24795  -0.24755  -0.24711  -0.24688  -0.24640
       -0.24598  -0.24571  -0.24535  -0.24495  -0.24467  -0.24416  -0.24356  -0.24326  -0.24278
       -0.24222  -0.24211  -0.24154  -0.24123  -0.24078  -0.24044  -0.23993  -0.23962  -0.23905
       -0.23896  -0.23821  -0.23806  -0.23740  -0.23681  -0.23668  -0.23614  -0.23560  -0.23527
       -0.23485  -0.23439  -0.23385  -0.23343  -0.23285  -0.23270  -0.23234  -0.23212  -0.23161
       -0.23129  -0.23089  -0.23058  -0.23002  -0.22946  -0.22902  -0.22879  -0.22851  -0.22777
       -0.22733  -0.22671  -0.22660  -0.22616  -0.22559  -0.22548  -0.22540  -0.22493  -0.22461
       -0.22406  -0.22364  -0.22348  -0.22326  -0.22235  -0.22182  -0.22157  -0.22116  -0.22077
       -0.22053  -0.22004  -0.21946  -0.21905  -0.21851  -0.21797  -0.21776  -0.21727  -0.21671
       -0.21627  -0.21618  -0.21548  -0.21533  -0.21497  -0.21474  -0.21400  -0.21369  -0.21316
       -0.21295  -0.21251  -0.21233  -0.21167  -0.21127  -0.21106  -0.21061  -0.20990  -0.20968
       -0.20937  -0.20920  -0.20857  -0.20849  -0.20778  -0.20738  -0.20709  -0.20669  -0.20604
       -0.20568  -0.20535  -0.20488  -0.20458  -0.20417  -0.20378  -0.20350  -0.20314  -0.20260
       -0.20219  -0.20171  -0.20139  -0.20096  -0.20072  -0.20043  -0.20010  -0.19974  -0.19920
       -0.19902  -0.19841  -0.19819  -0.19765  -0.19733  -0.19708  -0.19687  -0.19635  -0.19605
       -0.19558  -0.19541  -0.19467  -0.19445  -0.19413  -0.19332  -0.19288  -0.19243  -0.19209
       -0.19174  -0.19157  -0.19109  -0.19053  -0.19031  -0.18991  -0.18968  -0.18914  -0.18882
       -0.18872  -0.18855  -0.18832  -0.18770  -0.18739  -0.18682  -0.18613  -0.18561  -0.18554
       -0.18490  -0.18458  -0.18427  -0.18407  -0.18363  -0.18344  -0.18295  -0.18254  -0.18223
       -0.18181  -0.18155  -0.18099  -0.18049  -0.18033  -0.17993  -0.17954  -0.17867  -0.17853
       -0.17796  -0.17775  -0.17731  -0.17692  -0.17648  -0.17618  -0.17571  -0.17548  -0.17532
       -0.17486  -0.17432  -0.17409  -0.17337  -0.17321  -0.17257  -0.17237  -0.17158  -0.17103
       -0.17069  -0.17056  -0.17021  -0.16976  -0.16960  -0.16897  -0.16874  -0.16811  -0.16789
       -0.16755  -0.16693  -0.16674  -0.16629  -0.16564  -0.16509  -0.16487  -0.16473  -0.16435
       -0.16401  -0.16348  -0.16296  -0.16268  -0.16245  -0.16200  -0.16154  -0.16139  -0.16122
       -0.16045  -0.15964  -0.15917  -0.15913  -0.15861  -0.15802  -0.15768  -0.15701  -0.15655
       -0.15637  -0.15607  -0.15554  -0.15514  -0.15470  -0.15457  -0.15407  -0.15333  -0.15304
       -0.15284  -0.15246  -0.15190  -0.15134  -0.15093  -0.15058  -0.14995  -0.14957  -0.14915
       -0.14909  -0.14823  -0.14781  -0.14733  -0.14688  -0.14664  -0.14585  -0.14539  -0.14493
       -0.14424  -0.14375  -0.14293  -0.14249  -0.14169  -0.14131  -0.14084  -0.13997  -0.13963
       -0.13888  -0.13850  -0.13776  -0.13713  -0.13647  -0.13545  -0.13531  -0.13473  -0.13437
       -0.13359  -0.13288  -0.13279  -0.13112  -0.13057  -0.12989  -0.12915  -0.12790  -0.12706
       -0.12566
        
     --------------------------------------------------------------------------------------------
     Tot. elapsed time 59m-25.8s,  time spent in last iteration 59m-25.8s
     --------------------------------------------------------------------------------------------

     [I/O] -------------------------------------------------------
     [I/O] RESTART written in < 00.1s             
     [I/O] In location   : ./b.wstat.restart
     [I/O] -------------------------------------------------------

                       *----------*              *----------*               *----------*
     #     Iteration = |        1 |   DFPT_dim = |     1000 |   Diago_dim = |     2000 |
                       *----------*              *----------*               *----------*
     per-process dynamical memory   325.0 Mb
  
       
     --------------------------------------------------------------------------------------------
     Sternheimer eq. solver... with threshold =   1.000000E-12           
     --------------------------------------------------------------------------------------------
     in progress... |#                   | 005% :           04m-59.6s (E)       01h-39m-53.8s (X)
     in progress... |##                  | 010% :           09m-34.6s (E)       01h-35m-46.3s (X)
     in progress... |###                 | 015% :           14m-33.0s (E)       01h-37m-00.5s (X)
     in progress... |####                | 020% :           19m-07.2s (E)       01h-35m-36.2s (X)
     in progress... |#####               | 025% :           24m-06.0s (E)       01h-36m-24.0s (X)
     in progress... |######              | 030% :           28m-41.8s (E)       01h-35m-39.3s (X)
     in progress... |#######             | 035% :           33m-40.2s (E)       01h-36m-12.0s (X)
     in progress... |########            | 040% :           38m-18.2s (E)       01h-35m-45.7s (X)
     in progress... |#########           | 045% :           43m-15.2s (E)       01h-36m-07.2s (X)
     in progress... |##########          | 050% :           47m-51.3s (E)       01h-35m-42.7s (X)
     in progress... |###########         | 055% :           52m-47.5s (E)       01h-35m-59.2s (X)
     in progress... |############        | 060% :           57m-21.8s (E)       01h-35m-36.3s (X)
     in progress... |#############       | 065% :       01h-02m-17.8s (E)       01h-35m-50.4s (X)
     in progress... |##############      | 070% :       01h-06m-52.8s (E)       01h-35m-32.6s (X)
     in progress... |###############     | 075% :       01h-11m-50.5s (E)       01h-35m-47.3s (X)
     in progress... |################    | 080% :       01h-16m-24.3s (E)       01h-35m-30.3s (X)
     in progress... |#################   | 085% :       01h-21m-21.6s (E)       01h-35m-43.1s (X)
     in progress... |##################  | 090% :       01h-25m-56.9s (E)       01h-35m-29.9s (X)
     in progress... |################### | 095% :       01h-30m-55.9s (E)       01h-35m-43.0s (X)
     in progress... |####################| 100% :       01h-35m-30.5s (E)       01h-35m-30.5s (X)
     --------------------------------------------------------------------------------------------
     p-DIAGOX done in 03.9s with a SCALAPACK grid (8x8)
     --------------------------------------------------------------------------------------------
        
       -4.49491  -3.58425  -3.58425  -3.49008  -3.38755  -3.38755  -3.36270  -3.33750  -3.24461
       -3.24280  -3.24280  -3.23079  -3.20977  -3.20977  -2.53296  -2.44989  -2.44989  -2.44052
       -2.44052  -2.40812  -2.39628  -2.39175  -2.39175  -2.39129  -2.38780  -2.38780  -2.30722
       -2.30624  -2.30624  -2.29557  -2.23736  -2.21463  -2.21462  -2.21289  -2.21288  -2.19685
       -2.19684  -2.18804  -2.18634  -2.18592  -2.18405  -2.18404  -2.17948  -2.17922  -2.17922
       -2.17729  -2.17729  -2.17618  -2.17361  -2.17242  -2.17241  -2.16033  -2.16033  -2.15882
       -1.96181  -1.96180  -1.95678  -1.95104  -1.93561  -1.93561  -1.92753  -1.90254  -1.90253
       -1.89945  -1.89922  -1.89922  -1.89682  -1.89682  -1.89566  -1.89443  -1.89443  -1.88952
       -1.88612  -1.88213  -1.88098  -1.88097  -1.87554  -1.87553  -1.87516  -1.87515  -1.87357
       -1.87113  -1.87112  -1.86970  -1.86970  -1.86969  -1.86613  -1.86079  -1.84495  -1.84495
       -1.84138  -1.84137  -1.84087  -1.83941  -1.83613  -1.83373  -1.82958  -1.82957  -1.82923
       -1.82922  -1.82568  -1.82524  -1.82524  -1.82493  -1.82420  -1.82418  -1.82229  -1.82204
       -1.82203  -1.82044  -1.82014  -1.82013  -1.81790  -1.81649  -1.81649  -1.81588  -1.81474
       -1.81056  -1.81056  -1.80993  -1.80993  -1.78680  -1.66015  -1.66014  -1.65504  -1.62003
       -1.47992  -1.20219  -1.19194  -1.19190  -1.17704  -1.15065  -1.13707  -1.13706  -1.13618
       -1.13617  -1.13506  -1.13505  -1.13456  -1.13455  -1.13378  -1.13364  -1.13232  -1.13192
       -1.13162  -1.13161  -1.13152  -1.12759  -1.12758  -1.12716  -1.12715  -1.12563  -1.12509
       -1.12509  -1.09318  -1.08492  -1.08491  -1.08376  -1.08037  -1.08036  -1.07988  -1.07988
       -1.07978  -1.07978  -1.07843  -1.07707  -1.07670  -1.07666  -1.07600  -1.07600  -1.07514
       -1.07513  -1.07498  -1.07208  -1.07206  -1.07105  -1.06303  -1.06302  -1.03548  -0.86777
       -0.86774  -0.86650  -0.86050  -0.86045  -0.86041  -0.85495  -0.85334  -0.85328  -0.85304
       -0.85042  -0.84768  -0.84766  -0.84619  -0.84558  -0.84554  -0.84317  -0.84128  -0.84125
       -0.83782  -0.79983  -0.79976  -0.79848  -0.79840  -0.79677  -0.79654  -0.78363  -0.78219
       -0.78216  -0.78108  -0.78104  -0.78100  -0.77928  -0.77925  -0.77736  -0.77656  -0.77638
       -0.77635  -0.77519  -0.77482  -0.77479  -0.77379  -0.77364  -0.77359  -0.77355  -0.77348
       -0.77271  -0.77259  -0.76970  -0.76963  -0.76710  -0.76629  -0.76626  -0.76453  -0.76450
       -0.76361  -0.76338  -0.76315  -0.76307  -0.76227  -0.76218  -0.76048  -0.76043  -0.76013
       -0.75867  -0.75860  -0.75850  -0.75799  -0.75794  -0.75775  -0.75690  -0.75683  -0.75630
       -0.75561  -0.75555  -0.75548  -0.75541  -0.75515  -0.75506  -0.75446  -0.75202  -0.75195
       -0.75003  -0.74934  -0.74924  -0.74923  -0.74840  -0.74835  -0.74710  -0.74703  -0.74693
       -0.74647  -0.74640  -0.74633  -0.74583  -0.73050  -0.73042  -0.72054  -0.69783  -0.69776
       -0.69613  -0.69510  -0.69504  -0.69440  -0.69254  -0.69160  -0.69150  -0.69029  -0.68899
       -0.68892  -0.67293  -0.67287  -0.66791  -0.66720  -0.66703  -0.66495  -0.66171  -0.66167
       -0.65379  -0.65368  -0.65282  -0.65200  -0.65156  -0.65145  -0.65127  -0.65117  -0.65015
       -0.64887  -0.64746  -0.64744  -0.64735  -0.64722  -0.64658  -0.64631  -0.64377  -0.64026
       -0.64008  -0.63394  -0.63385  -0.63348  -0.63342  -0.63332  -0.63190  -0.63001  -0.62985
       -0.62974  -0.62959  -0.62922  -0.62783  -0.62689  -0.62634  -0.62614  -0.62406  -0.62396
       -0.62303  -0.60988  -0.60974  -0.60807  -0.60796  -0.60775  -0.60726  -0.60719  -0.60615
       -0.60583  -0.60556  -0.60543  -0.60536  -0.60518  -0.60468  -0.60449  -0.60440  -0.60424
       -0.60409  -0.59945  -0.59918  -0.59797  -0.59378  -0.59346  -0.59167  -0.57803  -0.57775
       -0.57740  -0.57716  -0.57578  -0.57505  -0.57136  -0.57118  -0.56313  -0.56307  -0.56163
       -0.56150  -0.56126  -0.56108  -0.56084  -0.55865  -0.55847  -0.55772  -0.55752  -0.55703
       -0.55621  -0.55604  -0.55367  -0.55339  -0.55286  -0.55252  -0.55230  -0.55202  -0.55161
       -0.55087  -0.54974  -0.54955  -0.54864  -0.54832  -0.54183  -0.54174  -0.52240  -0.52208
       -0.52104  -0.52055  -0.52028  -0.51963  -0.51942  -0.51913  -0.51873  -0.51817  -0.51762
       -0.51754  -0.51727  -0.51618  -0.51603  -0.51348  -0.51202  -0.51189  -0.51076  -0.51058
       -0.50941  -0.50897  -0.50732  -0.50725  -0.50699  -0.50689  -0.50651  -0.50486  -0.50450
       -0.50423  -0.50400  -0.50367  -0.50289  -0.50273  -0.50248  -0.50234  -0.50219  -0.50207
       -0.50180  -0.50172  -0.50162  -0.50141  -0.50122  -0.50096  -0.50082  -0.50057  -0.50049
       -0.50032  -0.50020  -0.50006  -0.49987  -0.49964  -0.49957  -0.49948  -0.49920  -0.49891
       -0.49870  -0.49846  -0.49837  -0.49776  -0.49738  -0.49681  -0.49663  -0.49624  -0.49562
       -0.49543  -0.49497  -0.49486  -0.49447  -0.49396  -0.49358  -0.49300  -0.49173  -0.49128
       -0.49085  -0.49031  -0.48828  -0.48801  -0.48771  -0.48727  -0.48701  -0.48657  -0.48623
       -0.48595  -0.48572  -0.48536  -0.48522  -0.48502  -0.48472  -0.48454  -0.48415  -0.48390
       -0.48327  -0.48272  -0.48198  -0.48037  -0.48016  -0.47904  -0.47787  -0.47767  -0.47713
       -0.47603  -0.47557  -0.47418  -0.47134  -0.47098  -0.46370  -0.46323  -0.45782  -0.45705
       -0.45635  -0.45547  -0.44712  -0.44652  -0.43723  -0.43440  -0.42483  -0.42405  -0.40285
       -0.39950  -0.39901  -0.39866  -0.39820  -0.39764  -0.39689  -0.39540  -0.39240  -0.39176
       -0.38656  -0.38187  -0.38162  -0.38131  -0.38065  -0.37984  -0.37772  -0.37712  -0.37675
       -0.37618  -0.37560  -0.37505  -0.37471  -0.37439  -0.37411  -0.37365  -0.37338  -0.37326
       -0.37307  -0.37293  -0.37225  -0.37195  -0.37128  -0.37072  -0.37037  -0.37031  -0.36984
       -0.36943  -0.36916  -0.36878  -0.36855  -0.36832  -0.36803  -0.36784  -0.36746  -0.36735
       -0.36717  -0.36684  -0.36668  -0.36649  -0.36632  -0.36610  -0.36598  -0.36586  -0.36554
       -0.36531  -0.36512  -0.36498  -0.36489  -0.36463  -0.36448  -0.36434  -0.36413  -0.36405
       -0.36383  -0.36363  -0.36340  -0.36328  -0.36310  -0.36297  -0.36240  -0.36225  -0.36204
       -0.36169  -0.36150  -0.36126  -0.36083  -0.36062  -0.36032  -0.36011  -0.35991  -0.35956
       -0.35899  -0.35876  -0.35841  -0.35815  -0.35769  -0.35731  -0.35705  -0.35686  -0.35651
       -0.35631  -0.35606  -0.35545  -0.35529  -0.35478  -0.35461  -0.35435  -0.35421  -0.35369
       -0.35343  -0.35294  -0.35265  -0.35249  -0.35178  -0.35171  -0.35123  -0.35088  -0.35043
       -0.34981  -0.34882  -0.34840  -0.34812  -0.34674  -0.34626  -0.34584  -0.34551  -0.34494
       -0.34450  -0.34433  -0.34374  -0.34354  -0.34283  -0.34227  -0.34212  -0.34164  -0.34119
       -0.34089  -0.34070  -0.34033  -0.34017  -0.33990  -0.33967  -0.33946  -0.33926  -0.33915
       -0.33897  -0.33891  -0.33867  -0.33840  -0.33826  -0.33801  -0.33788  -0.33776  -0.33755
       -0.33733  -0.33696  -0.33694  -0.33652  -0.33641  -0.33629  -0.33606  -0.33565  -0.33545
       -0.33515  -0.33502  -0.33476  -0.33445  -0.33413  -0.33389  -0.33337  -0.33310  -0.33296
       -0.33280  -0.33261  -0.33242  -0.33180  -0.33161  -0.33109  -0.33079  -0.32994  -0.32986
       -0.32978  -0.32926  -0.32869  -0.32850  -0.32793  -0.32756  -0.32649  -0.32568  -0.32478
       -0.32372  -0.32272  -0.32196  -0.32108  -0.31673  -0.31221  -0.31169  -0.31061  -0.30956
       -0.30901  -0.30843  -0.30784  -0.30749  -0.30694  -0.30680  -0.30606  -0.30526  -0.30446
       -0.30353  -0.30292  -0.30118  -0.30061  -0.29994  -0.29973  -0.29928  -0.29871  -0.29809
       -0.29754  -0.29726  -0.29661  -0.29599  -0.29521  -0.29433  -0.29346  -0.29299  -0.29240
       -0.29103  -0.29059  -0.28991  -0.28979  -0.28955  -0.28939  -0.28901  -0.28887  -0.28841
       -0.28821  -0.28802  -0.28782  -0.28755  -0.28732  -0.28704  -0.28676  -0.28656  -0.28621
       -0.28606  -0.28577  -0.28557  -0.28510  -0.28473  -0.28465  -0.28457  -0.28439  -0.28417
       -0.28393  -0.28360  -0.28356  -0.28331  -0.28309  -0.28293  -0.28271  -0.28254  -0.28218
       -0.28210  -0.28186  -0.28166  -0.28137  -0.28128  -0.28100  -0.28072  -0.28056  -0.28035
       -0.28008  -0.27982  -0.27966  -0.27951  -0.27914  -0.27895  -0.27885  -0.27869  -0.27812
       -0.27803  -0.27768  -0.27746  -0.27732  -0.27720  -0.27705  -0.27678  -0.27649  -0.27619
       -0.27585  -0.27572  -0.27550  -0.27529  -0.27483  -0.27467  -0.27420  -0.27412  -0.27364
       -0.27332  -0.27308  -0.27273  -0.27244  -0.27212  -0.27184  -0.27150  -0.27136  -0.27073
       -0.27035  -0.27003  -0.26981  -0.26971  -0.26923  -0.26883  -0.26845  -0.26804  -0.26763
       -0.26741  -0.26703  -0.26642  -0.26615  -0.26574  -0.26547  -0.26513  -0.26445  -0.26422
       -0.26365  -0.26343  -0.26304  -0.26284  -0.26213  -0.26192  -0.26154  -0.26042  -0.26012
       -0.25998  -0.25956  -0.25929  -0.25881  -0.25866  -0.25828  -0.25813  -0.25774  -0.25746
       -0.25724  -0.25688  -0.25661  -0.25635  -0.25604  -0.25569  -0.25557  -0.25536  -0.25519
       -0.25510  -0.25470  -0.25450  -0.25436  -0.25387  -0.25360  -0.25350  -0.25330  -0.25308
       -0.25276  -0.25247  -0.25226  -0.25189  -0.25176  -0.25159  -0.25117  -0.25105  -0.25083
       -0.25068  -0.25047  -0.25014  -0.25004  -0.24975  -0.24964  -0.24931  -0.24921  -0.24899
       -0.24866  -0.24833  -0.24814  -0.24792  -0.24767  -0.24722  -0.24716  -0.24700  -0.24678
       -0.24666  -0.24622  -0.24601  -0.24588  -0.24554  -0.24532  -0.24505  -0.24496  -0.24451
       -0.24424  -0.24416  -0.24377  -0.24337  -0.24322  -0.24304  -0.24287  -0.24257  -0.24235
       -0.24192  -0.24157  -0.24138  -0.24118  -0.24089  -0.24060  -0.24038  -0.24016  -0.23987
       -0.23964  -0.23945  -0.23909  -0.23883  -0.23855  -0.23828  -0.23799  -0.23741  -0.23729
       -0.23694  -0.23662  -0.23639  -0.23617  -0.23598  -0.23548  -0.23526  -0.23482  -0.23473
       -0.23462  -0.23424  -0.23382  -0.23328  -0.23320  -0.23304  -0.23248  -0.23215  -0.23194
       -0.23176  -0.23132  -0.23101  -0.23085  -0.23060  -0.23002  -0.22966  -0.22935  -0.22916
       -0.22889  -0.22836  -0.22796  -0.22790  -0.22743  -0.22738  -0.22704  -0.22641  -0.22625
       -0.22597  -0.22550  -0.22516  -0.22500  -0.22482  -0.22434  -0.22396  -0.22376  -0.22328
       -0.22303  -0.22257  -0.22248  -0.22212  -0.22184  -0.22153  -0.22118  -0.22078  -0.22037
       -0.21979  -0.21972  -0.21923  -0.21882  -0.21849  -0.21819  -0.21796  -0.21758  -0.21716
       -0.21682  -0.21638  -0.21602  -0.21568  -0.21551  -0.21511  -0.21488  -0.21443  -0.21402
       -0.21365
        
     --------------------------------------------------------------------------------------------
     Tot. elapsed time 02h-39m-07.0s,  time spent in last iteration 01h-39m-39.1s
     --------------------------------------------------------------------------------------------

     [I/O] -------------------------------------------------------
     [I/O] RESTART written in < 00.1s             
     [I/O] In location   : ./b.wstat.restart
     [I/O] -------------------------------------------------------

                       *----------*              *----------*               *----------*
     #     Iteration = |        2 |   DFPT_dim = |     1000 |   Diago_dim = |     3000 |
                       *----------*              *----------*               *----------*
     per-process dynamical memory   325.0 Mb
  
       
     --------------------------------------------------------------------------------------------
     Sternheimer eq. solver... with threshold =   1.000000E-12           
     --------------------------------------------------------------------------------------------
     in progress... |#                   | 005% :           04m-56.3s (E)       01h-38m-47.4s (X)
     in progress... |##                  | 010% :           09m-30.8s (E)       01h-35m-08.5s (X)
     in progress... |###                 | 015% :           14m-25.3s (E)       01h-36m-08.7s (X)
     in progress... |####                | 020% :           18m-58.1s (E)       01h-34m-50.5s (X)
     in progress... |#####               | 025% :           23m-55.3s (E)       01h-35m-41.2s (X)
     in progress... |######              | 030% :           28m-29.6s (E)       01h-34m-58.8s (X)
     in progress... |#######             | 035% :           33m-24.7s (E)       01h-35m-27.8s (X)
     in progress... |########            | 040% :           37m-56.9s (E)       01h-34m-52.4s (X)
     in progress... |#########           | 045% :           42m-52.5s (E)       01h-35m-16.8s (X)
     in progress... |##########          | 050% :           47m-24.1s (E)       01h-34m-48.2s (X)
     in progress... |###########         | 055% :           52m-13.4s (E)       01h-34m-57.1s (X)
     in progress... |############        | 060% :           56m-37.9s (E)       01h-34m-23.2s (X)
     in progress... |#############       | 065% :       01h-01m-30.4s (E)       01h-34m-37.6s (X)
     in progress... |##############      | 070% :       01h-06m-02.0s (E)       01h-34m-20.0s (X)
     in progress... |###############     | 075% :       01h-10m-51.3s (E)       01h-34m-28.4s (X)
     in progress... |################    | 080% :       01h-15m-22.4s (E)       01h-34m-13.0s (X)
     in progress... |#################   | 085% :       01h-20m-13.2s (E)       01h-34m-22.6s (X)
     in progress... |##################  | 090% :       01h-24m-43.0s (E)       01h-34m-07.7s (X)
     in progress... |################### | 095% :       01h-29m-35.5s (E)       01h-34m-18.4s (X)
     in progress... |####################| 100% :       01h-34m-02.8s (E)       01h-34m-02.8s (X)
     --------------------------------------------------------------------------------------------
     p-DIAGOX done in 10.0s with a SCALAPACK grid (8x8)
     --------------------------------------------------------------------------------------------
        
       -4.49492  -3.58425  -3.58425  -3.49008  -3.38755  -3.38755  -3.36271  -3.33750  -3.24461
       -3.24280  -3.24280  -3.23079  -3.20978  -3.20978  -2.53297  -2.44990  -2.44990  -2.44053
       -2.44053  -2.40813  -2.39629  -2.39176  -2.39176  -2.39130  -2.38781  -2.38781  -2.30724
       -2.30626  -2.30626  -2.29559  -2.23737  -2.21464  -2.21464  -2.21290  -2.21290  -2.19686
       -2.19686  -2.18805  -2.18635  -2.18594  -2.18406  -2.18406  -2.17950  -2.17923  -2.17923
       -2.17731  -2.17731  -2.17620  -2.17362  -2.17243  -2.17243  -2.16035  -2.16035  -2.15884
       -1.96184  -1.96184  -1.95685  -1.95107  -1.93564  -1.93564  -1.92756  -1.90257  -1.90257
       -1.89949  -1.89925  -1.89925  -1.89686  -1.89686  -1.89570  -1.89447  -1.89447  -1.88956
       -1.88616  -1.88218  -1.88103  -1.88103  -1.87559  -1.87559  -1.87521  -1.87521  -1.87363
       -1.87119  -1.87119  -1.86976  -1.86976  -1.86975  -1.86618  -1.86084  -1.84502  -1.84502
       -1.84144  -1.84144  -1.84094  -1.83948  -1.83621  -1.83381  -1.82963  -1.82963  -1.82929
       -1.82929  -1.82574  -1.82529  -1.82529  -1.82498  -1.82425  -1.82425  -1.82234  -1.82208
       -1.82208  -1.82049  -1.82019  -1.82019  -1.81795  -1.81654  -1.81654  -1.81593  -1.81480
       -1.81062  -1.81062  -1.80998  -1.80998  -1.78685  -1.66019  -1.66019  -1.65508  -1.62007
       -1.47997  -1.20235  -1.19207  -1.19207  -1.17719  -1.15074  -1.13716  -1.13716  -1.13627
       -1.13627  -1.13515  -1.13515  -1.13465  -1.13465  -1.13387  -1.13373  -1.13241  -1.13201
       -1.13171  -1.13171  -1.13162  -1.12768  -1.12768  -1.12725  -1.12725  -1.12571  -1.12520
       -1.12520  -1.09329  -1.08501  -1.08501  -1.08384  -1.08046  -1.08046  -1.07994  -1.07994
       -1.07984  -1.07984  -1.07850  -1.07716  -1.07677  -1.07673  -1.07607  -1.07607  -1.07522
       -1.07522  -1.07508  -1.07217  -1.07217  -1.07116  -1.06312  -1.06312  -1.03560  -0.86801
       -0.86801  -0.86678  -0.86074  -0.86074  -0.86068  -0.85521  -0.85364  -0.85364  -0.85332
       -0.85072  -0.84796  -0.84796  -0.84640  -0.84574  -0.84574  -0.84337  -0.84146  -0.84146
       -0.83814  -0.80015  -0.80015  -0.79881  -0.79881  -0.79717  -0.79696  -0.78391  -0.78248
       -0.78248  -0.78133  -0.78133  -0.78132  -0.77956  -0.77956  -0.77768  -0.77682  -0.77663
       -0.77663  -0.77548  -0.77508  -0.77508  -0.77409  -0.77390  -0.77390  -0.77379  -0.77379
       -0.77298  -0.77288  -0.76996  -0.76996  -0.76752  -0.76668  -0.76668  -0.76491  -0.76491
       -0.76401  -0.76378  -0.76354  -0.76354  -0.76265  -0.76265  -0.76088  -0.76088  -0.76055
       -0.75906  -0.75897  -0.75897  -0.75837  -0.75837  -0.75819  -0.75729  -0.75729  -0.75677
       -0.75599  -0.75599  -0.75587  -0.75587  -0.75558  -0.75544  -0.75488  -0.75239  -0.75239
       -0.75038  -0.74967  -0.74959  -0.74959  -0.74876  -0.74876  -0.74742  -0.74742  -0.74725
       -0.74688  -0.74675  -0.74675  -0.74619  -0.73087  -0.73087  -0.72106  -0.69828  -0.69828
       -0.69661  -0.69556  -0.69556  -0.69488  -0.69302  -0.69204  -0.69204  -0.69077  -0.68948
       -0.68948  -0.67347  -0.67347  -0.66853  -0.66775  -0.66775  -0.66546  -0.66232  -0.66232
       -0.65446  -0.65446  -0.65358  -0.65277  -0.65223  -0.65223  -0.65202  -0.65202  -0.65087
       -0.64967  -0.64814  -0.64814  -0.64810  -0.64810  -0.64735  -0.64735  -0.64480  -0.64097
       -0.64097  -0.63460  -0.63460  -0.63431  -0.63431  -0.63414  -0.63260  -0.63084  -0.63084
       -0.63083  -0.63083  -0.63020  -0.62895  -0.62801  -0.62741  -0.62741  -0.62504  -0.62504
       -0.62410  -0.61092  -0.61091  -0.60913  -0.60901  -0.60901  -0.60842  -0.60842  -0.60716
       -0.60672  -0.60672  -0.60670  -0.60655  -0.60655  -0.60582  -0.60565  -0.60564  -0.60559
       -0.60542  -0.60051  -0.60051  -0.59924  -0.59487  -0.59487  -0.59306  -0.57933  -0.57932
       -0.57877  -0.57877  -0.57738  -0.57661  -0.57285  -0.57285  -0.56475  -0.56475  -0.56303
       -0.56303  -0.56281  -0.56281  -0.56255  -0.56016  -0.56016  -0.55946  -0.55907  -0.55842
       -0.55768  -0.55768  -0.55539  -0.55539  -0.55475  -0.55475  -0.55424  -0.55424  -0.55382
       -0.55304  -0.55178  -0.55167  -0.55066  -0.55066  -0.54372  -0.54372  -0.52395  -0.52395
       -0.52302  -0.52302  -0.52242  -0.52161  -0.52160  -0.52130  -0.52092  -0.52092  -0.52010
       -0.51991  -0.51928  -0.51847  -0.51847  -0.51558  -0.51432  -0.51432  -0.51308  -0.51308
       -0.51175  -0.51149  -0.50956  -0.50956  -0.50942  -0.50942  -0.50929  -0.50721  -0.50721
       -0.50669  -0.50669  -0.50632  -0.50536  -0.50536  -0.50513  -0.50472  -0.50471  -0.50471
       -0.50469  -0.50458  -0.50457  -0.50409  -0.50408  -0.50406  -0.50406  -0.50378  -0.50370
       -0.50356  -0.50355  -0.50336  -0.50308  -0.50289  -0.50289  -0.50285  -0.50283  -0.50243
       -0.50243  -0.50185  -0.50184  -0.50154  -0.50063  -0.50063  -0.49987  -0.49987  -0.49910
       -0.49909  -0.49906  -0.49906  -0.49838  -0.49760  -0.49743  -0.49741  -0.49467  -0.49466
       -0.49448  -0.49448  -0.49117  -0.49116  -0.49116  -0.49043  -0.49042  -0.49034  -0.48946
       -0.48937  -0.48936  -0.48911  -0.48904  -0.48873  -0.48872  -0.48852  -0.48827  -0.48826
       -0.48757  -0.48756  -0.48607  -0.48334  -0.48333  -0.48256  -0.48060  -0.48037  -0.48037
       -0.47908  -0.47875  -0.47720  -0.47493  -0.47492  -0.46823  -0.46822  -0.46374  -0.46194
       -0.46174  -0.46174  -0.45105  -0.45104  -0.44150  -0.43905  -0.42885  -0.42883  -0.40603
       -0.40276  -0.40275  -0.40261  -0.40149  -0.40148  -0.40050  -0.39962  -0.39617  -0.39615
       -0.39036  -0.38485  -0.38484  -0.38468  -0.38464  -0.38324  -0.38082  -0.38079  -0.37990
       -0.37988  -0.37868  -0.37867  -0.37824  -0.37765  -0.37761  -0.37738  -0.37711  -0.37710
       -0.37679  -0.37672  -0.37668  -0.37665  -0.37576  -0.37491  -0.37484  -0.37474  -0.37472
       -0.37432  -0.37430  -0.37411  -0.37408  -0.37395  -0.37329  -0.37325  -0.37309  -0.37306
       -0.37288  -0.37274  -0.37268  -0.37226  -0.37222  -0.37218  -0.37213  -0.37205  -0.37202
       -0.37172  -0.37170  -0.37154  -0.37152  -0.37148  -0.37131  -0.37126  -0.37116  -0.37111
       -0.37102  -0.37059  -0.37051  -0.37046  -0.36940  -0.36936  -0.36868  -0.36849  -0.36847
       -0.36843  -0.36841  -0.36832  -0.36801  -0.36797  -0.36737  -0.36717  -0.36695  -0.36694
       -0.36691  -0.36689  -0.36687  -0.36634  -0.36585  -0.36502  -0.36498  -0.36490  -0.36485
       -0.36481  -0.36406  -0.36341  -0.36338  -0.36229  -0.36198  -0.36196  -0.36184  -0.36181
       -0.36167  -0.36058  -0.36055  -0.35938  -0.35927  -0.35925  -0.35910  -0.35865  -0.35860
       -0.35759  -0.35754  -0.35752  -0.35507  -0.35204  -0.35204  -0.35102  -0.35098  -0.35081
       -0.35007  -0.34957  -0.34955  -0.34931  -0.34926  -0.34824  -0.34771  -0.34723  -0.34718
       -0.34653  -0.34648  -0.34555  -0.34550  -0.34546  -0.34541  -0.34530  -0.34527  -0.34483
       -0.34473  -0.34468  -0.34461  -0.34422  -0.34421  -0.34413  -0.34410  -0.34393  -0.34390
       -0.34386  -0.34382  -0.34375  -0.34369  -0.34357  -0.34352  -0.34351  -0.34341  -0.34337
       -0.34333  -0.34332  -0.34310  -0.34300  -0.34288  -0.34284  -0.34279  -0.34277  -0.34274
       -0.34271  -0.34265  -0.34260  -0.34252  -0.34245  -0.34223  -0.34220  -0.34216  -0.34212
       -0.34210  -0.33758  -0.33757  -0.33688  -0.33681  -0.33555  -0.33489  -0.33245  -0.33233
       -0.33227  -0.33094  -0.33076  -0.33072  -0.32641  -0.31975  -0.31971  -0.31813  -0.31797
       -0.31787  -0.31736  -0.31716  -0.31623  -0.31617  -0.31574  -0.31508  -0.31499  -0.31116
       -0.31111  -0.30868  -0.30649  -0.30643  -0.30638  -0.30635  -0.30633  -0.30627  -0.30614
       -0.30503  -0.30500  -0.30477  -0.30473  -0.30347  -0.30338  -0.30129  -0.30118  -0.29999
       -0.29721  -0.29691  -0.29689  -0.29676  -0.29635  -0.29633  -0.29625  -0.29621  -0.29609
       -0.29602  -0.29594  -0.29579  -0.29571  -0.29564  -0.29544  -0.29527  -0.29523  -0.29516
       -0.29500  -0.29372  -0.29326  -0.29321  -0.29202  -0.29193  -0.29172  -0.29161  -0.29153
       -0.29136  -0.29127  -0.29114  -0.29106  -0.29098  -0.29085  -0.29075  -0.29070  -0.29068
       -0.29054  -0.29030  -0.29028  -0.29013  -0.29010  -0.29005  -0.29001  -0.28995  -0.28989
       -0.28981  -0.28971  -0.28962  -0.28954  -0.28944  -0.28934  -0.28921  -0.28911  -0.28905
       -0.28894  -0.28889  -0.28878  -0.28868  -0.28852  -0.28840  -0.28824  -0.28791  -0.28781
       -0.28769  -0.28759  -0.28729  -0.28627  -0.28620  -0.28618  -0.28610  -0.28605  -0.28596
       -0.28586  -0.28579  -0.28569  -0.28560  -0.28554  -0.28543  -0.28512  -0.28500  -0.28492
       -0.28484  -0.28476  -0.28460  -0.28447  -0.28433  -0.28413  -0.28372  -0.28354  -0.28343
       -0.28312  -0.28297  -0.28267  -0.28250  -0.28229  -0.28143  -0.28120  -0.28113  -0.28103
       -0.28082  -0.28062  -0.28052  -0.28015  -0.27966  -0.27956  -0.27945  -0.27933  -0.27920
       -0.27581  -0.27558  -0.27553  -0.27529  -0.27503  -0.27491  -0.27466  -0.27456  -0.27430
       -0.27376  -0.27306  -0.27297  -0.27269  -0.27125  -0.27100  -0.27070  -0.27056  -0.26915
       -0.26886  -0.26861  -0.26773  -0.26755  -0.26743  -0.26734  -0.26720  -0.26669  -0.26657
       -0.26632  -0.26614  -0.26591  -0.26579  -0.26552  -0.26497  -0.26488  -0.26468  -0.26458
       -0.26435  -0.26402  -0.26391  -0.26367  -0.26354  -0.26308  -0.26287  -0.26284  -0.26277
       -0.26258  -0.26253  -0.26240  -0.26229  -0.26221  -0.26213  -0.26206  -0.26201  -0.26196
       -0.26189  -0.26178  -0.26174  -0.26168  -0.26162  -0.26156  -0.26151  -0.26140  -0.26129
       -0.26122  -0.26113  -0.26102  -0.26092  -0.26086  -0.26076  -0.26062  -0.26056  -0.26043
       -0.26028  -0.26013  -0.25995  -0.25984  -0.25974  -0.25951  -0.25934  -0.25918  -0.25893
       -0.25877  -0.25874  -0.25854  -0.25828  -0.25822  -0.25803  -0.25796  -0.25778  -0.25751
       -0.25726  -0.25715  -0.25678  -0.25658  -0.25653  -0.25649  -0.25626  -0.25614  -0.25600
       -0.25574  -0.25567  -0.25534  -0.25518  -0.25500  -0.25493  -0.25473  -0.25464  -0.25446
       -0.25433  -0.25426  -0.25408  -0.25402  -0.25384  -0.25371  -0.25358  -0.25347  -0.25335
       -0.25313  -0.25301  -0.25288  -0.25273  -0.25262  -0.25242  -0.25228  -0.25204  -0.25182
       -0.25152  -0.25142  -0.25132  -0.25124  -0.25123  -0.25107  -0.25100  -0.25094  -0.25079
       -0.25072  -0.25052  -0.25045  -0.25033  -0.25025  -0.25010  -0.24991  -0.24984  -0.24974
       -0.24953  -0.24933  -0.24927  -0.24916  -0.24885  -0.24856  -0.24765  -0.24755  -0.24737
       -0.24722  -0.24687  -0.24669  -0.24602  -0.24558  -0.24528  -0.24501  -0.24432  -0.24360
       -0.24323
        
     --------------------------------------------------------------------------------------------
     Tot. elapsed time 04h-17m-43.9s,  time spent in last iteration 01h-38m-28.0s
     --------------------------------------------------------------------------------------------

     [I/O] -------------------------------------------------------
     [I/O] RESTART written in < 00.1s             
     [I/O] In location   : ./b.wstat.restart
     [I/O] -------------------------------------------------------

                       *----------*              *----------*               *----------*
     #     Iteration = |        3 |   DFPT_dim = |      675 |   Diago_dim = |     3675 |
                       *----------*              *----------*               *----------*
     per-process dynamical memory   340.1 Mb
  
       
     --------------------------------------------------------------------------------------------
     Sternheimer eq. solver... with threshold =   1.000000E-12           
     --------------------------------------------------------------------------------------------
     in progress... |#                   | 005% :           03m-22.7s (E)       01h-07m-35.7s (X)
     in progress... |##                  | 010% :           06m-22.2s (E)       01h-03m-42.8s (X)
     in progress... |###                 | 015% :           09m-43.7s (E)       01h-04m-51.8s (X)
     in progress... |####                | 020% :           12m-43.3s (E)       01h-03m-36.9s (X)
     in progress... |#####               | 025% :           16m-04.7s (E)       01h-04m-19.1s (X)
     in progress... |######              | 030% :           19m-04.2s (E)       01h-03m-34.3s (X)
     in progress... |#######             | 035% :           22m-26.4s (E)       01h-04m-06.9s (X)
     in progress... |########            | 040% :           25m-23.8s (E)       01h-03m-29.5s (X)
     in progress... |#########           | 045% :           28m-40.6s (E)       01h-03m-43.5s (X)
     in progress... |##########          | 050% :           31m-35.6s (E)       01h-03m-11.2s (X)
     in progress... |###########         | 055% :           34m-31.3s (E)       01h-02m-46.1s (X)
     in progress... |############        | 060% :           37m-50.4s (E)       01h-03m-04.1s (X)
     in progress... |#############       | 065% :           40m-48.0s (E)       01h-02m-46.2s (X)
     in progress... |##############      | 070% :           44m-06.8s (E)       01h-03m-01.2s (X)
     in progress... |###############     | 075% :           47m-01.5s (E)       01h-02m-42.0s (X)
     in progress... |################    | 080% :           50m-17.6s (E)       01h-02m-52.0s (X)
     in progress... |#################   | 085% :           53m-11.6s (E)       01h-02m-34.8s (X)
     in progress... |##################  | 090% :           56m-28.3s (E)       01h-02m-44.8s (X)
     in progress... |################### | 095% :           59m-24.7s (E)       01h-02m-32.3s (X)
     in progress... |####################| 100% :       01h-02m-20.2s (E)       01h-02m-20.2s (X)
     --------------------------------------------------------------------------------------------
     p-DIAGOX done in 17.8s with a SCALAPACK grid (8x8)
     --------------------------------------------------------------------------------------------
        
       -4.49492  -3.58425  -3.58425  -3.49008  -3.38755  -3.38755  -3.36271  -3.33750  -3.24461
       -3.24280  -3.24280  -3.23079  -3.20978  -3.20978  -2.53297  -2.44990  -2.44990  -2.44053
       -2.44053  -2.40813  -2.39629  -2.39176  -2.39176  -2.39130  -2.38781  -2.38781  -2.30724
       -2.30626  -2.30626  -2.29559  -2.23737  -2.21464  -2.21464  -2.21290  -2.21290  -2.19686
       -2.19686  -2.18805  -2.18635  -2.18594  -2.18406  -2.18406  -2.17950  -2.17923  -2.17923
       -2.17731  -2.17731  -2.17620  -2.17362  -2.17243  -2.17243  -2.16035  -2.16035  -2.15884
       -1.96184  -1.96184  -1.95685  -1.95107  -1.93564  -1.93564  -1.92756  -1.90257  -1.90257
       -1.89949  -1.89925  -1.89925  -1.89686  -1.89686  -1.89570  -1.89447  -1.89447  -1.88956
       -1.88616  -1.88218  -1.88103  -1.88103  -1.87559  -1.87559  -1.87521  -1.87521  -1.87363
       -1.87119  -1.87119  -1.86976  -1.86976  -1.86975  -1.86618  -1.86084  -1.84502  -1.84502
       -1.84144  -1.84144  -1.84094  -1.83948  -1.83621  -1.83381  -1.82963  -1.82963  -1.82929
       -1.82929  -1.82574  -1.82529  -1.82529  -1.82498  -1.82425  -1.82425  -1.82234  -1.82208
       -1.82208  -1.82049  -1.82019  -1.82019  -1.81795  -1.81654  -1.81654  -1.81593  -1.81480
       -1.81062  -1.81062  -1.80998  -1.80998  -1.78685  -1.66019  -1.66019  -1.65508  -1.62007
       -1.47997  -1.20235  -1.19207  -1.19207  -1.17719  -1.15074  -1.13716  -1.13716  -1.13627
       -1.13627  -1.13515  -1.13515  -1.13465  -1.13465  -1.13387  -1.13373  -1.13241  -1.13201
       -1.13171  -1.13171  -1.13162  -1.12768  -1.12768  -1.12725  -1.12725  -1.12571  -1.12520
       -1.12520  -1.09329  -1.08501  -1.08501  -1.08384  -1.08046  -1.08046  -1.07994  -1.07994
       -1.07984  -1.07984  -1.07850  -1.07716  -1.07677  -1.07673  -1.07607  -1.07607  -1.07522
       -1.07522  -1.07508  -1.07217  -1.07217  -1.07116  -1.06312  -1.06312  -1.03560  -0.86801
       -0.86801  -0.86678  -0.86074  -0.86074  -0.86068  -0.85521  -0.85364  -0.85364  -0.85332
       -0.85072  -0.84796  -0.84796  -0.84640  -0.84574  -0.84574  -0.84337  -0.84147  -0.84147
       -0.83814  -0.80015  -0.80015  -0.79881  -0.79881  -0.79717  -0.79696  -0.78391  -0.78248
       -0.78248  -0.78133  -0.78133  -0.78132  -0.77956  -0.77956  -0.77768  -0.77682  -0.77663
       -0.77663  -0.77548  -0.77509  -0.77509  -0.77409  -0.77390  -0.77390  -0.77379  -0.77379
       -0.77298  -0.77289  -0.76996  -0.76996  -0.76752  -0.76668  -0.76668  -0.76492  -0.76492
       -0.76401  -0.76378  -0.76354  -0.76354  -0.76265  -0.76265  -0.76089  -0.76089  -0.76055
       -0.75906  -0.75897  -0.75897  -0.75837  -0.75837  -0.75819  -0.75729  -0.75729  -0.75677
       -0.75599  -0.75599  -0.75587  -0.75587  -0.75558  -0.75545  -0.75488  -0.75239  -0.75239
       -0.75038  -0.74967  -0.74959  -0.74959  -0.74876  -0.74876  -0.74742  -0.74742  -0.74725
       -0.74689  -0.74675  -0.74675  -0.74619  -0.73087  -0.73087  -0.72106  -0.69828  -0.69828
       -0.69661  -0.69556  -0.69556  -0.69488  -0.69302  -0.69204  -0.69204  -0.69077  -0.68948
       -0.68948  -0.67347  -0.67347  -0.66853  -0.66775  -0.66775  -0.66546  -0.66232  -0.66232
       -0.65446  -0.65446  -0.65359  -0.65278  -0.65224  -0.65224  -0.65202  -0.65202  -0.65087
       -0.64967  -0.64815  -0.64815  -0.64810  -0.64810  -0.64736  -0.64736  -0.64480  -0.64097
       -0.64097  -0.63460  -0.63460  -0.63432  -0.63432  -0.63414  -0.63260  -0.63085  -0.63085
       -0.63084  -0.63084  -0.63021  -0.62896  -0.62801  -0.62741  -0.62741  -0.62505  -0.62505
       -0.62411  -0.61092  -0.61092  -0.60913  -0.60902  -0.60902  -0.60843  -0.60843  -0.60716
       -0.60673  -0.60673  -0.60671  -0.60656  -0.60656  -0.60582  -0.60565  -0.60565  -0.60560
       -0.60542  -0.60052  -0.60052  -0.59925  -0.59488  -0.59488  -0.59307  -0.57933  -0.57933
       -0.57878  -0.57878  -0.57739  -0.57662  -0.57286  -0.57286  -0.56476  -0.56476  -0.56304
       -0.56304  -0.56282  -0.56282  -0.56256  -0.56017  -0.56017  -0.55947  -0.55908  -0.55843
       -0.55769  -0.55769  -0.55541  -0.55541  -0.55477  -0.55477  -0.55425  -0.55425  -0.55383
       -0.55306  -0.55179  -0.55168  -0.55067  -0.55067  -0.54373  -0.54373  -0.52397  -0.52397
       -0.52304  -0.52304  -0.52244  -0.52162  -0.52162  -0.52132  -0.52094  -0.52094  -0.52012
       -0.51993  -0.51929  -0.51848  -0.51848  -0.51560  -0.51434  -0.51434  -0.51310  -0.51310
       -0.51177  -0.51151  -0.50958  -0.50958  -0.50944  -0.50944  -0.50931  -0.50724  -0.50724
       -0.50671  -0.50671  -0.50635  -0.50538  -0.50538  -0.50516  -0.50474  -0.50474  -0.50474
       -0.50472  -0.50460  -0.50460  -0.50411  -0.50411  -0.50409  -0.50409  -0.50382  -0.50373
       -0.50358  -0.50358  -0.50339  -0.50310  -0.50292  -0.50292  -0.50288  -0.50285  -0.50246
       -0.50246  -0.50187  -0.50187  -0.50156  -0.50066  -0.50066  -0.49990  -0.49990  -0.49912
       -0.49912  -0.49909  -0.49909  -0.49841  -0.49763  -0.49746  -0.49745  -0.49470  -0.49470
       -0.49451  -0.49451  -0.49120  -0.49119  -0.49119  -0.49046  -0.49046  -0.49037  -0.48950
       -0.48940  -0.48940  -0.48914  -0.48907  -0.48876  -0.48876  -0.48856  -0.48830  -0.48830
       -0.48760  -0.48760  -0.48610  -0.48336  -0.48336  -0.48259  -0.48062  -0.48040  -0.48040
       -0.47911  -0.47878  -0.47722  -0.47496  -0.47496  -0.46827  -0.46827  -0.46381  -0.46201
       -0.46179  -0.46179  -0.45110  -0.45110  -0.44156  -0.43910  -0.42890  -0.42890  -0.40608
       -0.40282  -0.40282  -0.40268  -0.40155  -0.40155  -0.40056  -0.39969  -0.39624  -0.39624
       -0.39044  -0.38492  -0.38492  -0.38475  -0.38475  -0.38332  -0.38090  -0.38090  -0.37998
       -0.37998  -0.37876  -0.37876  -0.37833  -0.37773  -0.37773  -0.37748  -0.37721  -0.37721
       -0.37690  -0.37682  -0.37677  -0.37677  -0.37588  -0.37505  -0.37496  -0.37486  -0.37486
       -0.37444  -0.37444  -0.37427  -0.37427  -0.37414  -0.37342  -0.37342  -0.37327  -0.37327
       -0.37305  -0.37287  -0.37287  -0.37241  -0.37238  -0.37238  -0.37233  -0.37222  -0.37222
       -0.37190  -0.37190  -0.37170  -0.37170  -0.37169  -0.37148  -0.37145  -0.37133  -0.37133
       -0.37122  -0.37075  -0.37075  -0.37063  -0.36952  -0.36952  -0.36887  -0.36862  -0.36862
       -0.36853  -0.36853  -0.36847  -0.36815  -0.36815  -0.36746  -0.36726  -0.36711  -0.36711
       -0.36702  -0.36702  -0.36699  -0.36652  -0.36604  -0.36518  -0.36518  -0.36515  -0.36502
       -0.36502  -0.36430  -0.36359  -0.36359  -0.36247  -0.36215  -0.36215  -0.36203  -0.36203
       -0.36184  -0.36075  -0.36075  -0.35955  -0.35941  -0.35941  -0.35924  -0.35878  -0.35878
       -0.35777  -0.35773  -0.35773  -0.35524  -0.35221  -0.35221  -0.35115  -0.35115  -0.35098
       -0.35020  -0.34973  -0.34973  -0.34944  -0.34944  -0.34843  -0.34788  -0.34741  -0.34741
       -0.34671  -0.34671  -0.34571  -0.34571  -0.34568  -0.34562  -0.34548  -0.34548  -0.34505
       -0.34491  -0.34491  -0.34483  -0.34441  -0.34441  -0.34432  -0.34432  -0.34411  -0.34407
       -0.34407  -0.34406  -0.34398  -0.34392  -0.34378  -0.34374  -0.34374  -0.34358  -0.34358
       -0.34354  -0.34354  -0.34333  -0.34321  -0.34307  -0.34307  -0.34298  -0.34295  -0.34295
       -0.34295  -0.34288  -0.34279  -0.34279  -0.34271  -0.34244  -0.34243  -0.34237  -0.34234
       -0.34234  -0.33769  -0.33769  -0.33706  -0.33706  -0.33569  -0.33510  -0.33255  -0.33254
       -0.33254  -0.33114  -0.33099  -0.33099  -0.32675  -0.32005  -0.32005  -0.31847  -0.31827
       -0.31827  -0.31766  -0.31750  -0.31655  -0.31655  -0.31615  -0.31540  -0.31540  -0.31147
       -0.31147  -0.30894  -0.30680  -0.30680  -0.30678  -0.30678  -0.30678  -0.30678  -0.30640
       -0.30533  -0.30533  -0.30499  -0.30497  -0.30389  -0.30389  -0.30171  -0.30171  -0.30044
       -0.29767  -0.29737  -0.29737  -0.29726  -0.29679  -0.29679  -0.29677  -0.29673  -0.29660
       -0.29660  -0.29650  -0.29625  -0.29621  -0.29621  -0.29596  -0.29578  -0.29578  -0.29575
       -0.29575  -0.29434  -0.29374  -0.29374  -0.29250  -0.29250  -0.29228  -0.29223  -0.29222
       -0.29207  -0.29200  -0.29200  -0.29191  -0.29170  -0.29159  -0.29144  -0.29144  -0.29129
       -0.29129  -0.29114  -0.29114  -0.29073  -0.29073  -0.29071  -0.29071  -0.29066  -0.29059
       -0.29055  -0.29049  -0.29019  -0.29019  -0.29003  -0.29003  -0.28982  -0.28981  -0.28976
       -0.28964  -0.28945  -0.28944  -0.28932  -0.28917  -0.28917  -0.28880  -0.28861  -0.28861
       -0.28850  -0.28850  -0.28791  -0.28681  -0.28681  -0.28677  -0.28666  -0.28664  -0.28664
       -0.28662  -0.28662  -0.28631  -0.28631  -0.28623  -0.28616  -0.28571  -0.28565  -0.28564
       -0.28556  -0.28538  -0.28538  -0.28525  -0.28524  -0.28490  -0.28450  -0.28412  -0.28412
       -0.28374  -0.28374  -0.28338  -0.28317  -0.28316  -0.28211  -0.28205  -0.28205  -0.28202
       -0.28199  -0.28163  -0.28163  -0.28112  -0.28062  -0.28062  -0.28051  -0.28051  -0.28049
       -0.27707  -0.27706  -0.27687  -0.27687  -0.27634  -0.27628  -0.27628  -0.27619  -0.27619
       -0.27552  -0.27467  -0.27466  -0.27466  -0.27281  -0.27280  -0.27195  -0.27190  -0.27068
       -0.27051  -0.27051  -0.26880  -0.26880  -0.26853  -0.26853  -0.26850  -0.26810  -0.26810
       -0.26762  -0.26748  -0.26723  -0.26723  -0.26699  -0.26611  -0.26611  -0.26607  -0.26607
       -0.26593  -0.26509  -0.26509  -0.26480  -0.26464  -0.26399  -0.26398  -0.26392  -0.26391
       -0.26361  -0.26361  -0.26320  -0.26319  -0.26319  -0.26318  -0.26312  -0.26302  -0.26298
       -0.26298  -0.26291  -0.26291  -0.26289  -0.26273  -0.26273  -0.26264  -0.26259  -0.26258
       -0.26248  -0.26240  -0.26240  -0.26206  -0.26206  -0.26205  -0.26205  -0.26195  -0.26194
       -0.26176  -0.26146  -0.26127  -0.26127  -0.26102  -0.26102  -0.26093  -0.26043  -0.26025
       -0.25995  -0.25995  -0.25990  -0.25955  -0.25954  -0.25916  -0.25915  -0.25912  -0.25868
       -0.25847  -0.25846  -0.25811  -0.25807  -0.25766  -0.25766  -0.25764  -0.25761  -0.25760
       -0.25729  -0.25721  -0.25721  -0.25672  -0.25671  -0.25652  -0.25647  -0.25647  -0.25640
       -0.25612  -0.25611  -0.25603  -0.25603  -0.25599  -0.25589  -0.25571  -0.25570  -0.25554
       -0.25536  -0.25492  -0.25491  -0.25489  -0.25489  -0.25440  -0.25416  -0.25415  -0.25405
       -0.25319  -0.25306  -0.25304  -0.25283  -0.25283  -0.25280  -0.25259  -0.25259  -0.25255
       -0.25254  -0.25246  -0.25240  -0.25230  -0.25229  -0.25215  -0.25185  -0.25185  -0.25185
       -0.25171  -0.25160  -0.25159  -0.25146  -0.25146  -0.25144  -0.24963  -0.24962  -0.24953
       -0.24953  -0.24945  -0.24942  -0.24865  -0.24863  -0.24767  -0.24767  -0.24736  -0.24559
       -0.24538
        
     --------------------------------------------------------------------------------------------
     Tot. elapsed time 05h-23m-26.7s,  time spent in last iteration 01h-05m-28.3s
     --------------------------------------------------------------------------------------------

     [I/O] -------------------------------------------------------
     [I/O] RESTART written in < 00.1s             
     [I/O] In location   : ./b.wstat.restart
     [I/O] -------------------------------------------------------

                       *----------*              *----------*               *----------*
     #     Iteration = |        4 |   DFPT_dim = |      166 |   Diago_dim = |     3841 |
                       *----------*              *----------*               *----------*
     per-process dynamical memory   325.0 Mb
  
       
     --------------------------------------------------------------------------------------------
     Sternheimer eq. solver... with threshold =   1.000000E-12           
     --------------------------------------------------------------------------------------------
     in progress... |#                   | 005% :           01m-07.1s (E)           22m-22.2s (X)
     in progress... |##                  | 010% :           01m-51.7s (E)           18m-37.6s (X)
     in progress... |###                 | 015% :           02m-35.7s (E)           17m-18.5s (X)
     in progress... |####                | 020% :           03m-19.6s (E)           16m-38.0s (X)
     in progress... |#####               | 025% :           04m-03.2s (E)           16m-12.9s (X)
     in progress... |######              | 030% :           04m-46.8s (E)           15m-56.1s (X)
     in progress... |#######             | 035% :           05m-30.4s (E)           15m-44.1s (X)
     in progress... |########            | 040% :           06m-14.2s (E)           15m-35.5s (X)
     in progress... |#########           | 045% :           06m-58.0s (E)           15m-29.0s (X)
     in progress... |##########          | 050% :           07m-42.3s (E)           15m-24.7s (X)
     in progress... |###########         | 055% :           08m-48.9s (E)           16m-01.7s (X)
     in progress... |############        | 060% :           09m-32.7s (E)           15m-54.6s (X)
     in progress... |#############       | 065% :           10m-16.5s (E)           15m-48.6s (X)
     in progress... |##############      | 070% :           11m-00.4s (E)           15m-43.4s (X)
     in progress... |###############     | 075% :           11m-44.2s (E)           15m-39.0s (X)
     in progress... |################    | 080% :           12m-28.6s (E)           15m-35.7s (X)
     in progress... |#################   | 085% :           13m-14.1s (E)           15m-34.3s (X)
     in progress... |##################  | 090% :           13m-59.5s (E)           15m-32.8s (X)
     in progress... |################### | 095% :           14m-43.6s (E)           15m-30.1s (X)
     in progress... |####################| 100% :           15m-28.1s (E)           15m-28.1s (X)
     --------------------------------------------------------------------------------------------
     p-DIAGOX done in 20.6s with a SCALAPACK grid (8x8)
     --------------------------------------------------------------------------------------------
        
       -4.49492  -3.58425  -3.58425  -3.49008  -3.38755  -3.38755  -3.36271  -3.33750  -3.24461
       -3.24280  -3.24280  -3.23079  -3.20978  -3.20978  -2.53297  -2.44990  -2.44990  -2.44053
       -2.44053  -2.40813  -2.39629  -2.39176  -2.39176  -2.39130  -2.38781  -2.38781  -2.30724
       -2.30626  -2.30626  -2.29559  -2.23737  -2.21464  -2.21464  -2.21290  -2.21290  -2.19686
       -2.19686  -2.18805  -2.18635  -2.18594  -2.18406  -2.18406  -2.17950  -2.17923  -2.17923
       -2.17731  -2.17731  -2.17620  -2.17362  -2.17243  -2.17243  -2.16035  -2.16035  -2.15884
       -1.96184  -1.96184  -1.95685  -1.95107  -1.93564  -1.93564  -1.92756  -1.90257  -1.90257
       -1.89949  -1.89925  -1.89925  -1.89686  -1.89686  -1.89570  -1.89447  -1.89447  -1.88956
       -1.88616  -1.88218  -1.88103  -1.88103  -1.87559  -1.87559  -1.87521  -1.87521  -1.87363
       -1.87119  -1.87119  -1.86976  -1.86976  -1.86975  -1.86618  -1.86084  -1.84502  -1.84502
       -1.84144  -1.84144  -1.84094  -1.83948  -1.83621  -1.83381  -1.82963  -1.82963  -1.82929
       -1.82929  -1.82574  -1.82529  -1.82529  -1.82498  -1.82425  -1.82425  -1.82234  -1.82208
       -1.82208  -1.82049  -1.82019  -1.82019  -1.81795  -1.81654  -1.81654  -1.81593  -1.81480
       -1.81062  -1.81062  -1.80998  -1.80998  -1.78685  -1.66019  -1.66019  -1.65508  -1.62007
       -1.47997  -1.20235  -1.19207  -1.19207  -1.17719  -1.15074  -1.13716  -1.13716  -1.13627
       -1.13627  -1.13515  -1.13515  -1.13465  -1.13465  -1.13387  -1.13373  -1.13241  -1.13201
       -1.13171  -1.13171  -1.13162  -1.12768  -1.12768  -1.12725  -1.12725  -1.12571  -1.12520
       -1.12520  -1.09329  -1.08501  -1.08501  -1.08384  -1.08046  -1.08046  -1.07994  -1.07994
       -1.07984  -1.07984  -1.07850  -1.07716  -1.07677  -1.07673  -1.07607  -1.07607  -1.07522
       -1.07522  -1.07508  -1.07217  -1.07217  -1.07116  -1.06312  -1.06312  -1.03560  -0.86801
       -0.86801  -0.86678  -0.86074  -0.86074  -0.86068  -0.85521  -0.85364  -0.85364  -0.85332
       -0.85072  -0.84796  -0.84796  -0.84640  -0.84574  -0.84574  -0.84337  -0.84147  -0.84147
       -0.83814  -0.80015  -0.80015  -0.79881  -0.79881  -0.79717  -0.79696  -0.78391  -0.78248
       -0.78248  -0.78133  -0.78133  -0.78132  -0.77956  -0.77956  -0.77768  -0.77682  -0.77663
       -0.77663  -0.77548  -0.77509  -0.77509  -0.77409  -0.77390  -0.77390  -0.77379  -0.77379
       -0.77298  -0.77289  -0.76996  -0.76996  -0.76752  -0.76668  -0.76668  -0.76492  -0.76492
       -0.76401  -0.76378  -0.76354  -0.76354  -0.76265  -0.76265  -0.76089  -0.76089  -0.76055
       -0.75906  -0.75897  -0.75897  -0.75837  -0.75837  -0.75819  -0.75729  -0.75729  -0.75677
       -0.75599  -0.75599  -0.75587  -0.75587  -0.75558  -0.75545  -0.75488  -0.75239  -0.75239
       -0.75038  -0.74967  -0.74959  -0.74959  -0.74876  -0.74876  -0.74742  -0.74742  -0.74725
       -0.74689  -0.74675  -0.74675  -0.74619  -0.73087  -0.73087  -0.72106  -0.69828  -0.69828
       -0.69661  -0.69556  -0.69556  -0.69488  -0.69302  -0.69204  -0.69204  -0.69077  -0.68948
       -0.68948  -0.67347  -0.67347  -0.66853  -0.66775  -0.66775  -0.66546  -0.66232  -0.66232
       -0.65446  -0.65446  -0.65359  -0.65278  -0.65224  -0.65224  -0.65202  -0.65202  -0.65087
       -0.64967  -0.64815  -0.64815  -0.64810  -0.64810  -0.64736  -0.64736  -0.64480  -0.64097
       -0.64097  -0.63460  -0.63460  -0.63432  -0.63432  -0.63414  -0.63260  -0.63085  -0.63085
       -0.63084  -0.63084  -0.63021  -0.62896  -0.62801  -0.62741  -0.62741  -0.62505  -0.62505
       -0.62411  -0.61092  -0.61092  -0.60913  -0.60902  -0.60902  -0.60843  -0.60843  -0.60716
       -0.60673  -0.60673  -0.60671  -0.60656  -0.60656  -0.60582  -0.60565  -0.60565  -0.60560
       -0.60542  -0.60052  -0.60052  -0.59925  -0.59488  -0.59488  -0.59307  -0.57933  -0.57933
       -0.57878  -0.57878  -0.57739  -0.57662  -0.57286  -0.57286  -0.56476  -0.56476  -0.56304
       -0.56304  -0.56282  -0.56282  -0.56256  -0.56017  -0.56017  -0.55947  -0.55908  -0.55843
       -0.55769  -0.55769  -0.55541  -0.55541  -0.55477  -0.55477  -0.55425  -0.55425  -0.55383
       -0.55306  -0.55179  -0.55168  -0.55067  -0.55067  -0.54373  -0.54373  -0.52397  -0.52397
       -0.52304  -0.52304  -0.52244  -0.52162  -0.52162  -0.52132  -0.52094  -0.52094  -0.52012
       -0.51993  -0.51929  -0.51848  -0.51848  -0.51560  -0.51434  -0.51434  -0.51310  -0.51310
       -0.51177  -0.51151  -0.50958  -0.50958  -0.50944  -0.50944  -0.50931  -0.50724  -0.50724
       -0.50671  -0.50671  -0.50635  -0.50538  -0.50538  -0.50516  -0.50474  -0.50474  -0.50474
       -0.50472  -0.50460  -0.50460  -0.50411  -0.50411  -0.50409  -0.50409  -0.50382  -0.50373
       -0.50358  -0.50358  -0.50339  -0.50311  -0.50292  -0.50292  -0.50288  -0.50285  -0.50246
       -0.50246  -0.50187  -0.50187  -0.50156  -0.50066  -0.50066  -0.49990  -0.49990  -0.49912
       -0.49912  -0.49909  -0.49909  -0.49841  -0.49763  -0.49746  -0.49745  -0.49470  -0.49470
       -0.49451  -0.49451  -0.49120  -0.49119  -0.49119  -0.49046  -0.49046  -0.49037  -0.48950
       -0.48940  -0.48940  -0.48914  -0.48907  -0.48876  -0.48876  -0.48856  -0.48830  -0.48830
       -0.48760  -0.48760  -0.48610  -0.48336  -0.48336  -0.48259  -0.48062  -0.48040  -0.48040
       -0.47911  -0.47878  -0.47722  -0.47496  -0.47496  -0.46827  -0.46827  -0.46381  -0.46201
       -0.46179  -0.46179  -0.45110  -0.45110  -0.44156  -0.43911  -0.42890  -0.42890  -0.40608
       -0.40282  -0.40282  -0.40268  -0.40155  -0.40155  -0.40056  -0.39969  -0.39624  -0.39624
       -0.39044  -0.38493  -0.38493  -0.38475  -0.38475  -0.38332  -0.38090  -0.38090  -0.37998
       -0.37998  -0.37877  -0.37877  -0.37833  -0.37773  -0.37773  -0.37748  -0.37721  -0.37721
       -0.37690  -0.37682  -0.37677  -0.37677  -0.37588  -0.37505  -0.37496  -0.37486  -0.37486
       -0.37444  -0.37444  -0.37427  -0.37427  -0.37414  -0.37342  -0.37342  -0.37327  -0.37327
       -0.37305  -0.37287  -0.37287  -0.37241  -0.37238  -0.37238  -0.37233  -0.37222  -0.37222
       -0.37190  -0.37190  -0.37170  -0.37170  -0.37169  -0.37149  -0.37145  -0.37133  -0.37133
       -0.37122  -0.37075  -0.37075  -0.37063  -0.36952  -0.36952  -0.36887  -0.36862  -0.36862
       -0.36853  -0.36853  -0.36847  -0.36815  -0.36815  -0.36746  -0.36726  -0.36711  -0.36711
       -0.36702  -0.36702  -0.36699  -0.36652  -0.36604  -0.36518  -0.36518  -0.36515  -0.36503
       -0.36503  -0.36430  -0.36359  -0.36359  -0.36247  -0.36215  -0.36215  -0.36203  -0.36203
       -0.36184  -0.36075  -0.36075  -0.35955  -0.35941  -0.35941  -0.35924  -0.35878  -0.35878
       -0.35777  -0.35773  -0.35773  -0.35524  -0.35221  -0.35221  -0.35115  -0.35115  -0.35098
       -0.35020  -0.34973  -0.34973  -0.34945  -0.34945  -0.34843  -0.34788  -0.34741  -0.34741
       -0.34671  -0.34671  -0.34571  -0.34571  -0.34568  -0.34562  -0.34548  -0.34548  -0.34505
       -0.34491  -0.34491  -0.34483  -0.34441  -0.34441  -0.34432  -0.34432  -0.34411  -0.34408
       -0.34408  -0.34406  -0.34398  -0.34392  -0.34378  -0.34374  -0.34374  -0.34359  -0.34359
       -0.34354  -0.34354  -0.34333  -0.34322  -0.34307  -0.34307  -0.34298  -0.34295  -0.34295
       -0.34295  -0.34288  -0.34279  -0.34279  -0.34271  -0.34244  -0.34244  -0.34237  -0.34234
       -0.34234  -0.33769  -0.33769  -0.33706  -0.33706  -0.33570  -0.33510  -0.33255  -0.33254
       -0.33254  -0.33114  -0.33099  -0.33099  -0.32675  -0.32005  -0.32005  -0.31847  -0.31827
       -0.31827  -0.31766  -0.31751  -0.31655  -0.31655  -0.31615  -0.31540  -0.31540  -0.31148
       -0.31148  -0.30894  -0.30680  -0.30680  -0.30678  -0.30678  -0.30678  -0.30678  -0.30640
       -0.30533  -0.30533  -0.30499  -0.30497  -0.30390  -0.30390  -0.30171  -0.30171  -0.30044
       -0.29767  -0.29737  -0.29737  -0.29726  -0.29679  -0.29679  -0.29677  -0.29674  -0.29660
       -0.29660  -0.29650  -0.29626  -0.29621  -0.29621  -0.29596  -0.29579  -0.29579  -0.29575
       -0.29575  -0.29435  -0.29374  -0.29374  -0.29250  -0.29250  -0.29228  -0.29223  -0.29223
       -0.29208  -0.29200  -0.29200  -0.29192  -0.29171  -0.29159  -0.29144  -0.29144  -0.29130
       -0.29130  -0.29115  -0.29115  -0.29074  -0.29074  -0.29072  -0.29072  -0.29066  -0.29059
       -0.29055  -0.29049  -0.29020  -0.29020  -0.29003  -0.29003  -0.28982  -0.28982  -0.28977
       -0.28965  -0.28945  -0.28945  -0.28932  -0.28918  -0.28917  -0.28881  -0.28862  -0.28862
       -0.28851  -0.28851  -0.28792  -0.28681  -0.28681  -0.28678  -0.28666  -0.28664  -0.28664
       -0.28663  -0.28663  -0.28631  -0.28631  -0.28623  -0.28617  -0.28571  -0.28565  -0.28565
       -0.28557  -0.28539  -0.28539  -0.28525  -0.28525  -0.28490  -0.28450  -0.28412  -0.28412
       -0.28374  -0.28374  -0.28338  -0.28317  -0.28317  -0.28211  -0.28206  -0.28206  -0.28203
       -0.28201  -0.28164  -0.28164  -0.28113  -0.28063  -0.28063  -0.28052  -0.28052  -0.28050
       -0.27708  -0.27708  -0.27689  -0.27689  -0.27636  -0.27630  -0.27630  -0.27621  -0.27621
       -0.27554  -0.27470  -0.27468  -0.27468  -0.27283  -0.27283  -0.27197  -0.27192  -0.27070
       -0.27053  -0.27053  -0.26882  -0.26882  -0.26854  -0.26854  -0.26852  -0.26813  -0.26813
       -0.26764  -0.26749  -0.26725  -0.26725  -0.26701  -0.26613  -0.26613  -0.26609  -0.26609
       -0.26595  -0.26511  -0.26511  -0.26482  -0.26465  -0.26400  -0.26400  -0.26394  -0.26394
       -0.26362  -0.26362  -0.26321  -0.26320  -0.26320  -0.26320  -0.26314  -0.26303  -0.26300
       -0.26300  -0.26293  -0.26293  -0.26291  -0.26275  -0.26275  -0.26266  -0.26260  -0.26260
       -0.26249  -0.26242  -0.26242  -0.26208  -0.26208  -0.26207  -0.26207  -0.26196  -0.26196
       -0.26178  -0.26148  -0.26129  -0.26129  -0.26104  -0.26104  -0.26095  -0.26045  -0.26028
       -0.25997  -0.25997  -0.25991  -0.25956  -0.25956  -0.25917  -0.25917  -0.25914  -0.25870
       -0.25848  -0.25848  -0.25814  -0.25809  -0.25768  -0.25768  -0.25766  -0.25763  -0.25763
       -0.25732  -0.25724  -0.25724  -0.25675  -0.25675  -0.25654  -0.25650  -0.25650  -0.25644
       -0.25615  -0.25615  -0.25606  -0.25606  -0.25603  -0.25592  -0.25574  -0.25574  -0.25557
       -0.25540  -0.25495  -0.25495  -0.25492  -0.25492  -0.25443  -0.25419  -0.25419  -0.25407
       -0.25323  -0.25309  -0.25309  -0.25287  -0.25287  -0.25284  -0.25261  -0.25261  -0.25257
       -0.25257  -0.25249  -0.25242  -0.25232  -0.25232  -0.25219  -0.25188  -0.25188  -0.25188
       -0.25173  -0.25162  -0.25162  -0.25149  -0.25149  -0.25147  -0.24967  -0.24967  -0.24957
       -0.24957  -0.24950  -0.24946  -0.24869  -0.24869  -0.24772  -0.24772  -0.24741  -0.24572
       -0.24542
        
     --------------------------------------------------------------------------------------------
     Tot. elapsed time 05h-40m-09.9s,  time spent in last iteration 16m-20.2s
     --------------------------------------------------------------------------------------------
      
     --------------------------------------------------------------------------------------------
     SAVE written in 03.0s               
     In location : ./b.wstat.save
     --------------------------------------------------------------------------------------------
       
     --------------------------------------------------------------------------------------------
     Convergence achieved !!! in        4 steps                          
     --------------------------------------------------------------------------------------------
 
     Number of q in the star =    1
     List of q in the star:
          1   0.000000000   0.000000000   0.000000000
 imq =            1
 ichosen_sym(           1 ) =            1
 Index in this start is :            1
 Index in q_grid is :            1
     WSTAT        :     5h36m CPU        5h40m WALL

     wstat_readin :      0.87s CPU      1.18s WALL (       1 calls)
     fetch_input  :      0.04s CPU      0.06s WALL (       2 calls)
     read_xml     :      0.40s CPU      0.47s WALL (       1 calls)
     init_vloc    :      0.16s CPU      0.16s WALL (       2 calls)
     fft          :      0.02s CPU      0.03s WALL (      11 calls)
     fft_scatter  :   2140.48s CPU   2162.72s WALL (18901960 calls)
     v_of_rho     :      0.02s CPU      0.03s WALL (       1 calls)
     v_xc         :      0.02s CPU      0.02s WALL (       1 calls)
     v_h          :      0.00s CPU      0.00s WALL (       1 calls)
     read_wave    :      0.42s CPU      0.63s WALL (       1 calls)
     davcio       :      0.02s CPU      0.57s WALL (       8 calls)
     init_us_1    :      0.00s CPU      0.01s WALL (       2 calls)
     do_setup     :      0.12s CPU      0.16s WALL (       1 calls)
     init_pw_ar   :      0.12s CPU      0.15s WALL (       1 calls)
     init_at_1    :      0.00s CPU      0.00s WALL (       1 calls)
     chidiago     :  20184.77s CPU  20438.32s WALL (       1 calls)
     sqvc_init    :      0.00s CPU      0.00s WALL (       1 calls)
     randomize    :      0.81s CPU      0.81s WALL (       1 calls)
     paramgs      :     23.41s CPU     23.86s WALL (       6 calls)
     dfpt         :  20053.99s CPU  20239.64s WALL (       6 calls)
     init_us_2    :      0.04s CPU      0.08s WALL (       6 calls)
     fftw         :   8779.57s CPU   8866.23s WALL (18901949 calls)
     alphapc      :     59.11s CPU     60.31s WALL (    1211 calls)
     wstat_restar :     16.19s CPU     55.52s WALL (       5 calls)
     linstern     :  18427.66s CPU  18592.49s WALL (     961 calls)
     stern        :  17672.67s CPU  17831.87s WALL (   56904 calls)
     h_psi_bgrp   :  15729.59s CPU  15871.33s WALL (   56904 calls)
     h_psi        :  15729.14s CPU  15871.13s WALL (   56904 calls)
     h_psi:pot    :  15564.24s CPU  15704.90s WALL (   56904 calls)
     vloc_psi     :   8713.33s CPU   8795.23s WALL (   56904 calls)
     h_psi:calbec :   3441.71s CPU   3487.91s WALL (   56904 calls)
     calbec       :   3441.41s CPU   3487.71s WALL (   56904 calls)
     add_vuspsi   :   3408.47s CPU   3421.25s WALL (   56904 calls)
     alphapv      :   1786.95s CPU   1803.54s WALL (   56904 calls)
     build_hr     :      8.14s CPU      8.44s WALL (       5 calls)
     diagox       :     51.12s CPU     54.80s WALL (       5 calls)
     redistr_vr   :      1.46s CPU      3.09s WALL (       4 calls)
     update_vr    :     18.92s CPU     19.81s WALL (       4 calls)
     symm_hr      :      1.61s CPU      3.25s WALL (       4 calls)
     chidiago:las :      0.00s CPU      0.00s WALL (       1 calls)
     refresh_vr   :      7.59s CPU      7.67s WALL (       1 calls)
     pdep_db      :      0.68s CPU      3.09s WALL (       1 calls)
 
     WSTAT        :     5h36m CPU        5h40m WALL

 
   This run was terminated on:  23:20:21  20Jan2021            

=------------------------------------------------------------------------------=
   JOB DONE.
=------------------------------------------------------------------------------=
