
     Program WFREQ v. 3.1.1 starts on  3Jan2021 at 23:38: 8 

     This program is part of the open-source West suite
     for massively parallel calculations of excited states in materials; please cite
         "M. Govoni et al., J. Chem. Theory Comput. 11, 2680 (2015);
          URL http://www.west-code.org", 
     in publications or presentations arising from this work.

     Based on the Quantum ESPRESSO v. 6.1 svn rev. 13369

     I/O is Little Endian
       
     --------------------------------------------------------------------------------------------
     **MPI** Parallelization Status                                      
     --------------------------------------------------------------------------------------------
                    80                   2             1             1            40
     --------------------------------------------------------------------------------------------
                     N         =         I      X      P      X      B      X      Z
                     ^                   ^             ^             ^             ^
                     |                   |             |             |             |
                   #rnk                  |             |             |             |
                                      #image           |             |             |
                                                     #pool           |             |
                                                                   #bgrp           |
                                                                                 #R&G
     --------------------------------------------------------------------------------------------
     **OPENMP** Parallelization Status
     #thr/rnk               =            1
     --------------------------------------------------------------------------------------------
     #prc = (rnk) * (thr) =           80
     --------------------------------------------------------------------------------------------
       
     --------------------------------------------------------------------------------------------
     I/O Summary : input_west                                            
     --------------------------------------------------------------------------------------------
     qe_prefix      = c
     west_prefix    = c
     outdir         = ./
     --------------------------------------------------------------------------------------------

     Reading data from directory:
     ./c.save

   Info: using nr1, nr2, nr3 values from input

   Info: using nr1, nr2, nr3 values from input

     IMPORTANT: XC functional enforced from input :
     Exchange-correlation      = PZ ( 1  1  0  0 0 0)
     Any further DFT definition will be discarded
     Please, verify this is what you really want

               file C.pz-mt.fhi.UPF: wavefunction(s)  3d renormalized
 
     Parallelization info
     --------------------
     sticks:   dense  smooth     PW     G-vecs:    dense   smooth      PW
     Min           9       9      3                  116      116      23
     Max          10      10      4                  120      120      27
     Sum         367     367    121                 4693     4693     941
 
       
     --------------------------------------------------------------------------------------------
     I/O Summary : wstat_control                                         
     --------------------------------------------------------------------------------------------
     wstat_calculation              =              S
     n_pdep_eigen                   =            200
     n_pdep_times                   =              4
     n_pdep_maxiter                 =            100
     n_dfpt_maxiter                 =            250
     n_pdep_read_from_file          =              0
     trev_pdep                      =   1.000000E-03
     trev_pdep_rel                  =   1.000000E-01
     tr2_dfpt                       =   1.000000E-12
     l_kinetic_only                 =              F
     l_minimize_exx_if_active       =              F
     l_use_ecutrho                  =              F
     l_use_symm                     =              T
     nq(1)                          =              4
     nq(2)                          =              4
     nq(3)                          =              4
     --------------------------------------------------------------------------------------------
       
     --------------------------------------------------------------------------------------------
     I/O Summary : wfreq_control                                         
     --------------------------------------------------------------------------------------------
     wfreq_calculation                        =           XWGQ
     n_pdep_eigen_to_use                      =            200
     qp_bandrange(1)                          =              1
     qp_bandrange(2)                          =              8
     macropol_calculation                     =              C
     n_lanczos                                =             30
     n_imfreq                                 =              6
     n_refreq                                 =             32
     ecut_imfreq [Ry]                         =      10.000000
     ecut_refreq [Ry]                         =       2.000000
     wfreq_eta [Ry]                           =       0.003675
     n_secant_maxiter                         =            200
     trev_secant [Ry]                         =       0.003676
     l_enable_lanczos                         =              T
     l_enable_gwetot                          =              F
     o_restart_time [min]                     =      -1.000000
     ecut_spectralf(1) [Ry]                   =      -2.000000
     ecut_spectralf(2) [Ry]                   =       2.000000
     n_spectralf                              =             10
     l_read_common_pdep                       =              F
     l_enable_gb_curvature                    =              T
     --------------------------------------------------------------------------------------------
       
     --------------------------------------------------------------------------------------------
     System Overview                                                     
     --------------------------------------------------------------------------------------------
     gamma_only           =              F
     ecutwfc [Ry]         =      60.000000
     ecutrho [Ry]         =     240.000000
     omega [au^3]         =   7.530614E+01
     nbnd                 =            100
     nkstot               =             64
     nspin                =              1
     nelec                =       8.000000
     npol                 =              1
     lsda                 =              F
     noncolin             =              F
     lspinorb             =              F
     domag                =              F
     --------------------------------------------------------------------------------------------

     3DFFT grid
        s : (  24,  24,  24)
        p : (  24,  24,  24)

     Direct Lattice Cell [a.u.]
        a1 = (    -3.3517128     0.0000000     3.3517128)
        a2 = (     0.0000000     3.3517128     3.3517128)
        a3 = (    -3.3517128     3.3517128     0.0000000)

     Reciprocal Lattice Cell [a.u.]
        b1 = (    -0.9373096    -0.9373096     0.9373096)
        b2 = (     0.9373096     0.9373096     0.9373096)
        b3 = (    -0.9373096     0.9373096    -0.9373096)
      

     Brillouin Zone sampling [cryst. coord.]
 
        k(000001) = (     0.0000000     0.0000000     0.0000000)
        k(000002) = (     0.0000000     0.0000000     0.2500000)
        k(000003) = (     0.0000000     0.0000000    -0.5000000)
        k(000004) = (     0.0000000     0.0000000    -0.2500000)
        k(000005) = (     0.0000000     0.2500000     0.0000000)
        k(000006) = (     0.0000000     0.2500000     0.2500000)
        k(000007) = (     0.0000000     0.2500000    -0.5000000)
        k(000008) = (     0.0000000     0.2500000    -0.2500000)
        k(000009) = (     0.0000000    -0.5000000     0.0000000)
        k(000010) = (     0.0000000    -0.5000000     0.2500000)
        k(000011) = (     0.0000000    -0.5000000    -0.5000000)
        k(000012) = (     0.0000000    -0.5000000    -0.2500000)
        k(000013) = (     0.0000000    -0.2500000     0.0000000)
        k(000014) = (     0.0000000    -0.2500000     0.2500000)
        k(000015) = (     0.0000000    -0.2500000    -0.5000000)
        k(000016) = (     0.0000000    -0.2500000    -0.2500000)
        k(000017) = (     0.2500000     0.0000000     0.0000000)
        k(000018) = (     0.2500000     0.0000000     0.2500000)
        k(000019) = (     0.2500000     0.0000000    -0.5000000)
        k(000020) = (     0.2500000     0.0000000    -0.2500000)
        k(000021) = (     0.2500000     0.2500000     0.0000000)
        k(000022) = (     0.2500000     0.2500000     0.2500000)
        k(000023) = (     0.2500000     0.2500000    -0.5000000)
        k(000024) = (     0.2500000     0.2500000    -0.2500000)
        k(000025) = (     0.2500000    -0.5000000     0.0000000)
        k(000026) = (     0.2500000    -0.5000000     0.2500000)
        k(000027) = (     0.2500000    -0.5000000    -0.5000000)
        k(000028) = (     0.2500000    -0.5000000    -0.2500000)
        k(000029) = (     0.2500000    -0.2500000     0.0000000)
        k(000030) = (     0.2500000    -0.2500000     0.2500000)
        k(000031) = (     0.2500000    -0.2500000    -0.5000000)
        k(000032) = (     0.2500000    -0.2500000    -0.2500000)
        k(000033) = (    -0.5000000     0.0000000     0.0000000)
        k(000034) = (    -0.5000000     0.0000000     0.2500000)
        k(000035) = (    -0.5000000     0.0000000    -0.5000000)
        k(000036) = (    -0.5000000     0.0000000    -0.2500000)
        k(000037) = (    -0.5000000     0.2500000     0.0000000)
        k(000038) = (    -0.5000000     0.2500000     0.2500000)
        k(000039) = (    -0.5000000     0.2500000    -0.5000000)
        k(000040) = (    -0.5000000     0.2500000    -0.2500000)
        k(000041) = (    -0.5000000    -0.5000000     0.0000000)
        k(000042) = (    -0.5000000    -0.5000000     0.2500000)
        k(000043) = (    -0.5000000    -0.5000000    -0.5000000)
        k(000044) = (    -0.5000000    -0.5000000    -0.2500000)
        k(000045) = (    -0.5000000    -0.2500000     0.0000000)
        k(000046) = (    -0.5000000    -0.2500000     0.2500000)
        k(000047) = (    -0.5000000    -0.2500000    -0.5000000)
        k(000048) = (    -0.5000000    -0.2500000    -0.2500000)
        k(000049) = (    -0.2500000     0.0000000     0.0000000)
        k(000050) = (    -0.2500000     0.0000000     0.2500000)
        Printing only first 50 k points...
 
        q(000001) = (     0.0000000     0.0000000     0.0000000)
        q(000002) = (     0.0000000     0.0000000     0.2500000)
        q(000003) = (     0.0000000     0.0000000    -0.5000000)
        q(000004) = (     0.0000000     0.0000000    -0.2500000)
        q(000005) = (     0.0000000     0.2500000     0.0000000)
        q(000006) = (     0.0000000     0.2500000     0.2500000)
        q(000007) = (     0.0000000     0.2500000    -0.5000000)
        q(000008) = (     0.0000000     0.2500000    -0.2500000)
        q(000009) = (     0.0000000    -0.5000000     0.0000000)
        q(000010) = (     0.0000000    -0.5000000     0.2500000)
        q(000011) = (     0.0000000    -0.5000000    -0.5000000)
        q(000012) = (     0.0000000    -0.5000000    -0.2500000)
        q(000013) = (     0.0000000    -0.2500000     0.0000000)
        q(000014) = (     0.0000000    -0.2500000     0.2500000)
        q(000015) = (     0.0000000    -0.2500000    -0.5000000)
        q(000016) = (     0.0000000    -0.2500000    -0.2500000)
        q(000017) = (     0.2500000     0.0000000     0.0000000)
        q(000018) = (     0.2500000     0.0000000     0.2500000)
        q(000019) = (     0.2500000     0.0000000    -0.5000000)
        q(000020) = (     0.2500000     0.0000000    -0.2500000)
        q(000021) = (     0.2500000     0.2500000     0.0000000)
        q(000022) = (     0.2500000     0.2500000     0.2500000)
        q(000023) = (     0.2500000     0.2500000    -0.5000000)
        q(000024) = (     0.2500000     0.2500000    -0.2500000)
        q(000025) = (     0.2500000    -0.5000000     0.0000000)
        q(000026) = (     0.2500000    -0.5000000     0.2500000)
        q(000027) = (     0.2500000    -0.5000000    -0.5000000)
        q(000028) = (     0.2500000    -0.5000000    -0.2500000)
        q(000029) = (     0.2500000    -0.2500000     0.0000000)
        q(000030) = (     0.2500000    -0.2500000     0.2500000)
        q(000031) = (     0.2500000    -0.2500000    -0.5000000)
        q(000032) = (     0.2500000    -0.2500000    -0.2500000)
        q(000033) = (    -0.5000000     0.0000000     0.0000000)
        q(000034) = (    -0.5000000     0.0000000     0.2500000)
        q(000035) = (    -0.5000000     0.0000000    -0.5000000)
        q(000036) = (    -0.5000000     0.0000000    -0.2500000)
        q(000037) = (    -0.5000000     0.2500000     0.0000000)
        q(000038) = (    -0.5000000     0.2500000     0.2500000)
        q(000039) = (    -0.5000000     0.2500000    -0.5000000)
        q(000040) = (    -0.5000000     0.2500000    -0.2500000)
        q(000041) = (    -0.5000000    -0.5000000     0.0000000)
        q(000042) = (    -0.5000000    -0.5000000     0.2500000)
        q(000043) = (    -0.5000000    -0.5000000    -0.5000000)
        q(000044) = (    -0.5000000    -0.5000000    -0.2500000)
        q(000045) = (    -0.5000000    -0.2500000     0.0000000)
        q(000046) = (    -0.5000000    -0.2500000     0.2500000)
        q(000047) = (    -0.5000000    -0.2500000    -0.5000000)
        q(000048) = (    -0.5000000    -0.2500000    -0.2500000)
        q(000049) = (    -0.2500000     0.0000000     0.0000000)
        q(000050) = (    -0.2500000     0.0000000     0.2500000)
        Printing only first 50 q points...
       
     --------------------------------------------------------------------------------------------
     Parallelization for npdep                                           
     --------------------------------------------------------------------------------------------
     nglob                =            200
     nlevel               =              2
     Min nglob/nlevel     =            100
     Max nglob/nlevel     =            100
     --------------------------------------------------------------------------------------------
       
     --------------------------------------------------------------------------------------------
     Parallelization for npdep+macro                                     
     --------------------------------------------------------------------------------------------
     nglob                =            203
     nlevel               =              2
     Min nglob/nlevel     =            101
     Max nglob/nlevel     =            102
     --------------------------------------------------------------------------------------------
       
     --------------------------------------------------------------------------------------------
     Parallelization for n_imfreq                                        
     --------------------------------------------------------------------------------------------
     nglob                =              6
     nlevel               =             40
     Min nglob/nlevel     =              0
     Max nglob/nlevel     =              1
     --------------------------------------------------------------------------------------------
       
     --------------------------------------------------------------------------------------------
     Parallelization for n_refreq                                        
     --------------------------------------------------------------------------------------------
     nglob                =             32
     nlevel               =             40
     Min nglob/nlevel     =              0
     Max nglob/nlevel     =              1
     --------------------------------------------------------------------------------------------
       
     --------------------------------------------------------------------------------------------
     Parallelization for nbnd                                            
     --------------------------------------------------------------------------------------------
     nglob                =            100
     nlevel               =              2
     Min nglob/nlevel     =             50
     Max nglob/nlevel     =             50
     --------------------------------------------------------------------------------------------
     ===========================================================================
          nsym   =   24
          nrot   =   48
          nk_ibz =    8
          Q-point IBZ [ cart  coord ]
          xk(00000001) = (  0.000000  0.000000  0.000000) wk =   0.015625
          xk(00000002) = ( -0.250000  0.250000 -0.250000) wk =   0.125000
          xk(00000003) = (  0.500000 -0.500000  0.500000) wk =   0.062500
          xk(00000004) = (  0.000000  0.500000  0.000000) wk =   0.093750
          xk(00000005) = (  0.750000 -0.250000  0.750000) wk =   0.375000
          xk(00000006) = (  0.500000  0.000000  0.500000) wk =   0.187500
          xk(00000007) = (  0.000000 -1.000000  0.000000) wk =   0.046875
          xk(00000008) = ( -0.500000 -1.000000  0.000000) wk =   0.093750
          Q-point IBZ [ cryst coord ]
          xk(00000001) = (  0.000000  0.000000  0.000000) wk =   0.015625
          xk(00000002) = (  0.000000  0.000000  0.250000) wk =   0.125000
          xk(00000003) = (  0.000000  0.000000 -0.500000) wk =   0.062500
          xk(00000004) = (  0.000000  0.250000  0.250000) wk =   0.093750
          xk(00000005) = (  0.000000  0.250000 -0.500000) wk =   0.375000
          xk(00000006) = (  0.000000  0.250000 -0.250000) wk =   0.187500
          xk(00000007) = (  0.000000 -0.500000 -0.500000) wk =   0.046875
          xk(00000008) = (  0.250000 -0.500000 -0.250000) wk =   0.093750
     ===========================================================================
     ===========================================================================
          nsym   =   24
          nrot   =   48
          nq_ibz =    8
          Q-point IBZ [ cart  coord ]
          xq(00000001) = (  0.000000  0.000000  0.000000) wq =   0.015625
          xq(00000002) = ( -0.250000  0.250000 -0.250000) wq =   0.125000
          xq(00000003) = (  0.500000 -0.500000  0.500000) wq =   0.062500
          xq(00000004) = (  0.000000  0.500000  0.000000) wq =   0.093750
          xq(00000005) = (  0.750000 -0.250000  0.750000) wq =   0.375000
          xq(00000006) = (  0.500000  0.000000  0.500000) wq =   0.187500
          xq(00000007) = (  0.000000 -1.000000  0.000000) wq =   0.046875
          xq(00000008) = ( -0.500000 -1.000000  0.000000) wq =   0.093750
          Q-point IBZ [ cryst coord ]
          xq(00000001) = (  0.000000  0.000000  0.000000) wq =   0.015625
          xq(00000002) = (  0.000000  0.000000  0.250000) wq =   0.125000
          xq(00000003) = (  0.000000  0.000000 -0.500000) wq =   0.062500
          xq(00000004) = (  0.000000  0.250000  0.250000) wq =   0.093750
          xq(00000005) = (  0.000000  0.250000 -0.500000) wq =   0.375000
          xq(00000006) = (  0.000000  0.250000 -0.250000) wq =   0.187500
          xq(00000007) = (  0.000000 -0.500000 -0.500000) wq =   0.046875
          xq(00000008) = (  0.250000 -0.500000 -0.250000) wq =   0.093750
     ===========================================================================
       
     --------------------------------------------------------------------------------------------
     Hartree-Fock Exact E(X)change                                       
     --------------------------------------------------------------------------------------------
      
     --------------------------------------------------------------------------------------------
     Vxc
     --------------------------------------------------------------------------------------------
     in progress... |#                   | 005% :             < 00.1s (E)               00.2s (X)
     in progress... |##                  | 010% :             < 00.1s (E)               00.1s (X)
     in progress... |###                 | 015% :             < 00.1s (E)               00.1s (X)
     in progress... |####                | 020% :             < 00.1s (E)             < 00.1s (X)
     in progress... |#####               | 025% :             < 00.1s (E)             < 00.1s (X)
     in progress... |######              | 030% :             < 00.1s (E)             < 00.1s (X)
     in progress... |#######             | 035% :             < 00.1s (E)             < 00.1s (X)
     in progress... |########            | 040% :             < 00.1s (E)             < 00.1s (X)
     in progress... |#########           | 045% :             < 00.1s (E)             < 00.1s (X)
     in progress... |##########          | 050% :             < 00.1s (E)             < 00.1s (X)
     in progress... |###########         | 055% :             < 00.1s (E)             < 00.1s (X)
     in progress... |############        | 060% :             < 00.1s (E)             < 00.1s (X)
     in progress... |#############       | 065% :             < 00.1s (E)             < 00.1s (X)
     in progress... |##############      | 070% :               00.2s (E)               00.3s (X)
     in progress... |###############     | 075% :               00.4s (E)               00.5s (X)
     in progress... |################    | 080% :               00.6s (E)               00.8s (X)
     in progress... |#################   | 085% :               00.7s (E)               00.8s (X)
     in progress... |##################  | 090% :               00.8s (E)               00.9s (X)
     in progress... |################### | 095% :               01.2s (E)               01.2s (X)
     in progress... |####################| 100% :               01.4s (E)               01.4s (X)
     --------------------------------------------------------------------------------------------
      
     --------------------------------------------------------------------------------------------
     (X)-Sigma
     --------------------------------------------------------------------------------------------
     in progress... |#                   | 005% :               01.3s (E)               27.0s (X)
     in progress... |##                  | 010% :               03.1s (E)               31.1s (X)
     in progress... |###                 | 015% :               03.6s (E)               24.6s (X)
     in progress... |####                | 020% :               04.3s (E)               21.5s (X)
     in progress... |#####               | 025% :               04.8s (E)               19.5s (X)
     in progress... |######              | 030% :               05.4s (E)               18.3s (X)
     in progress... |#######             | 035% :               06.1s (E)               17.4s (X)
     in progress... |########            | 040% :               06.6s (E)               16.7s (X)
     in progress... |#########           | 045% :               07.3s (E)               16.2s (X)
     in progress... |##########          | 050% :               07.9s (E)               15.8s (X)
     in progress... |###########         | 055% :               08.5s (E)               15.4s (X)
     in progress... |############        | 060% :               09.1s (E)               15.2s (X)
     in progress... |#############       | 065% :               09.7s (E)               14.9s (X)
     in progress... |##############      | 070% :               10.3s (E)               14.7s (X)
     in progress... |###############     | 075% :               10.9s (E)               14.5s (X)
     in progress... |################    | 080% :               11.5s (E)               14.3s (X)
     in progress... |#################   | 085% :               12.1s (E)               14.2s (X)
     in progress... |##################  | 090% :               12.7s (E)               14.1s (X)
     in progress... |################### | 095% :               13.3s (E)               14.0s (X)
     in progress... |####################| 100% :               13.9s (E)               13.9s (X)
     --------------------------------------------------------------------------------------------
       
     --------------------------------------------------------------------------------------------
     (W)-Lanczos                                                         
     --------------------------------------------------------------------------------------------
     in progress... |#                   | 005% :               33.2s (E)           11m-04.1s (X)
     in progress... |##                  | 010% :           01m-05.9s (E)           10m-59.1s (X)
     in progress... |###                 | 015% :           01m-38.7s (E)           10m-58.0s (X)
     in progress... |####                | 020% :           02m-10.9s (E)           10m-54.8s (X)
     in progress... |#####               | 025% :           02m-43.2s (E)           10m-53.0s (X)
     in progress... |######              | 030% :           03m-15.8s (E)           10m-52.8s (X)
     in progress... |#######             | 035% :           03m-48.1s (E)           10m-51.8s (X)
     in progress... |########            | 040% :           04m-20.7s (E)           10m-51.9s (X)
     in progress... |#########           | 045% :           04m-53.1s (E)           10m-51.4s (X)
     in progress... |##########          | 050% :           05m-25.6s (E)           10m-51.2s (X)
     in progress... |###########         | 055% :           05m-58.4s (E)           10m-51.7s (X)
     in progress... |############        | 060% :           06m-30.7s (E)           10m-51.2s (X)
     in progress... |#############       | 065% :           07m-03.4s (E)           10m-51.4s (X)
     in progress... |##############      | 070% :           07m-35.7s (E)           10m-51.0s (X)
     in progress... |###############     | 075% :           08m-08.2s (E)           10m-50.9s (X)
     in progress... |################    | 080% :           08m-41.0s (E)           10m-51.3s (X)
     in progress... |#################   | 085% :           09m-13.3s (E)           10m-51.0s (X)
     in progress... |##################  | 090% :           09m-46.0s (E)           10m-51.1s (X)
     in progress... |################### | 095% :           10m-18.5s (E)           10m-51.1s (X)
     in progress... |####################| 100% :           10m-51.0s (E)           10m-51.0s (X)
     --------------------------------------------------------------------------------------------
 
     Number of q in the star =    4
     List of q in the star:
          1  -0.250000000   0.250000000  -0.250000000
          2   0.250000000  -0.250000000  -0.250000000
          3   0.250000000   0.250000000   0.250000000
          4  -0.250000000  -0.250000000   0.250000000
     In addition there is the -q list: 
          1   0.250000000  -0.250000000   0.250000000
          2  -0.250000000   0.250000000   0.250000000
          3  -0.250000000  -0.250000000  -0.250000000
          4   0.250000000   0.250000000  -0.250000000
 
     Number of q in the star =    4
     List of q in the star:
          1   0.500000000  -0.500000000   0.500000000
          2  -0.500000000   0.500000000   0.500000000
          3  -0.500000000  -0.500000000  -0.500000000
          4   0.500000000   0.500000000  -0.500000000
 
     Number of q in the star =    6
     List of q in the star:
          1   0.000000000   0.500000000   0.000000000
          2   0.000000000  -0.500000000   0.000000000
          3   0.500000000   0.000000000   0.000000000
          4  -0.500000000   0.000000000   0.000000000
          5   0.000000000   0.000000000   0.500000000
          6   0.000000000   0.000000000  -0.500000000
 
     Number of q in the star =   12
     List of q in the star:
          1   0.750000000  -0.250000000   0.750000000
          2  -0.750000000   0.250000000   0.750000000
          3  -0.750000000  -0.250000000  -0.750000000
          4   0.750000000   0.250000000  -0.750000000
          5  -0.250000000   0.750000000   0.750000000
          6   0.250000000   0.750000000  -0.750000000
          7  -0.250000000  -0.750000000  -0.750000000
          8   0.250000000  -0.750000000   0.750000000
          9   0.750000000   0.750000000  -0.250000000
         10   0.750000000  -0.750000000   0.250000000
         11  -0.750000000  -0.750000000  -0.250000000
         12  -0.750000000   0.750000000   0.250000000
     In addition there is the -q list: 
          1  -0.750000000   0.250000000  -0.750000000
          2   0.750000000  -0.250000000  -0.750000000
          3   0.750000000   0.250000000   0.750000000
          4  -0.750000000  -0.250000000   0.750000000
          5   0.250000000  -0.750000000  -0.750000000
          6  -0.250000000  -0.750000000   0.750000000
          7   0.250000000   0.750000000   0.750000000
          8  -0.250000000   0.750000000  -0.750000000
          9  -0.750000000  -0.750000000   0.250000000
         10  -0.750000000   0.750000000  -0.250000000
         11   0.750000000   0.750000000   0.250000000
         12   0.750000000  -0.750000000  -0.250000000
 
     Number of q in the star =   12
     List of q in the star:
          1   0.500000000   0.000000000   0.500000000
          2  -0.500000000   0.000000000   0.500000000
          3  -0.500000000   0.000000000  -0.500000000
          4   0.500000000   0.000000000  -0.500000000
          5   0.000000000   0.500000000   0.500000000
          6   0.000000000   0.500000000  -0.500000000
          7   0.000000000  -0.500000000  -0.500000000
          8   0.000000000  -0.500000000   0.500000000
          9   0.500000000   0.500000000   0.000000000
         10   0.500000000  -0.500000000   0.000000000
         11  -0.500000000  -0.500000000   0.000000000
         12  -0.500000000   0.500000000   0.000000000
 
     Number of q in the star =    3
     List of q in the star:
          1   0.000000000  -1.000000000   0.000000000
          2  -1.000000000   0.000000000   0.000000000
          3   0.000000000   0.000000000  -1.000000000
 
     Number of q in the star =    6
     List of q in the star:
          1  -0.500000000  -1.000000000   0.000000000
          2   0.500000000   1.000000000   0.000000000
          3  -1.000000000   0.000000000  -0.500000000
          4   1.000000000   0.000000000   0.500000000
          5   0.000000000  -0.500000000  -1.000000000
          6   0.000000000   0.500000000   1.000000000
 
     Number of q in the star =    4
     List of q in the star:
          1  -0.250000000   0.250000000  -0.250000000
          2   0.250000000  -0.250000000  -0.250000000
          3   0.250000000   0.250000000   0.250000000
          4  -0.250000000  -0.250000000   0.250000000
     In addition there is the -q list: 
          1   0.250000000  -0.250000000   0.250000000
          2  -0.250000000   0.250000000   0.250000000
          3  -0.250000000  -0.250000000  -0.250000000
          4   0.250000000   0.250000000  -0.250000000
 
     Number of q in the star =    4
     List of q in the star:
          1   0.500000000  -0.500000000   0.500000000
          2  -0.500000000   0.500000000   0.500000000
          3  -0.500000000  -0.500000000  -0.500000000
          4   0.500000000   0.500000000  -0.500000000
 
     Number of q in the star =    6
     List of q in the star:
          1   0.000000000   0.500000000   0.000000000
          2   0.000000000  -0.500000000   0.000000000
          3   0.500000000   0.000000000   0.000000000
          4  -0.500000000   0.000000000   0.000000000
          5   0.000000000   0.000000000   0.500000000
          6   0.000000000   0.000000000  -0.500000000
 
     Number of q in the star =   12
     List of q in the star:
          1   0.750000000  -0.250000000   0.750000000
          2  -0.750000000   0.250000000   0.750000000
          3  -0.750000000  -0.250000000  -0.750000000
          4   0.750000000   0.250000000  -0.750000000
          5  -0.250000000   0.750000000   0.750000000
          6   0.250000000   0.750000000  -0.750000000
          7  -0.250000000  -0.750000000  -0.750000000
          8   0.250000000  -0.750000000   0.750000000
          9   0.750000000   0.750000000  -0.250000000
         10   0.750000000  -0.750000000   0.250000000
         11  -0.750000000  -0.750000000  -0.250000000
         12  -0.750000000   0.750000000   0.250000000
     In addition there is the -q list: 
          1  -0.750000000   0.250000000  -0.750000000
          2   0.750000000  -0.250000000  -0.750000000
          3   0.750000000   0.250000000   0.750000000
          4  -0.750000000  -0.250000000   0.750000000
          5   0.250000000  -0.750000000  -0.750000000
          6  -0.250000000  -0.750000000   0.750000000
          7   0.250000000   0.750000000   0.750000000
          8  -0.250000000   0.750000000  -0.750000000
          9  -0.750000000  -0.750000000   0.250000000
         10  -0.750000000   0.750000000  -0.250000000
         11   0.750000000   0.750000000   0.250000000
         12   0.750000000  -0.750000000  -0.250000000
 
     Number of q in the star =   12
     List of q in the star:
          1   0.500000000   0.000000000   0.500000000
          2  -0.500000000   0.000000000   0.500000000
          3  -0.500000000   0.000000000  -0.500000000
          4   0.500000000   0.000000000  -0.500000000
          5   0.000000000   0.500000000   0.500000000
          6   0.000000000   0.500000000  -0.500000000
          7   0.000000000  -0.500000000  -0.500000000
          8   0.000000000  -0.500000000   0.500000000
          9   0.500000000   0.500000000   0.000000000
         10   0.500000000  -0.500000000   0.000000000
         11  -0.500000000  -0.500000000   0.000000000
         12  -0.500000000   0.500000000   0.000000000
 
     Number of q in the star =    3
     List of q in the star:
          1   0.000000000  -1.000000000   0.000000000
          2  -1.000000000   0.000000000   0.000000000
          3   0.000000000   0.000000000  -1.000000000
 
     Number of q in the star =    6
     List of q in the star:
          1  -0.500000000  -1.000000000   0.000000000
          2   0.500000000   1.000000000   0.000000000
          3  -1.000000000   0.000000000  -0.500000000
          4   1.000000000   0.000000000   0.500000000
          5   0.000000000  -0.500000000  -1.000000000
          6   0.000000000   0.500000000   1.000000000
       
     --------------------------------------------------------------------------------------------
     (G)-Lanczos                                                         
     --------------------------------------------------------------------------------------------
     in progress... |#                   | 005% :           01m-41.6s (E)           33m-52.6s (X)
     in progress... |##                  | 010% :           03m-15.5s (E)           32m-35.3s (X)
     in progress... |###                 | 015% :           04m-49.4s (E)           32m-09.6s (X)
     in progress... |####                | 020% :           06m-23.4s (E)           31m-57.3s (X)
     in progress... |#####               | 025% :           07m-59.6s (E)           31m-58.4s (X)
     in progress... |######              | 030% :           09m-36.4s (E)           32m-01.5s (X)
     in progress... |#######             | 035% :           11m-09.9s (E)           31m-54.0s (X)
     in progress... |########            | 040% :           12m-45.7s (E)           31m-54.3s (X)
     in progress... |#########           | 045% :           14m-19.1s (E)           31m-49.2s (X)
     in progress... |##########          | 050% :           15m-52.6s (E)           31m-45.3s (X)
     in progress... |###########         | 055% :           17m-26.7s (E)           31m-43.2s (X)
     in progress... |############        | 060% :           19m-00.1s (E)           31m-40.2s (X)
     in progress... |#############       | 065% :           20m-36.0s (E)           31m-41.6s (X)
     in progress... |##############      | 070% :           22m-10.0s (E)           31m-40.0s (X)
     in progress... |###############     | 075% :           23m-44.3s (E)           31m-39.1s (X)
     in progress... |################    | 080% :           25m-23.4s (E)           31m-44.3s (X)
     in progress... |#################   | 085% :           27m-04.4s (E)           31m-51.1s (X)
     in progress... |##################  | 090% :           28m-44.4s (E)           31m-56.0s (X)
     in progress... |################### | 095% :           30m-19.8s (E)           31m-55.6s (X)
     in progress... |####################| 100% :           31m-53.8s (E)           31m-53.8s (X)
     --------------------------------------------------------------------------------------------
       
     --------------------------------------------------------------------------------------------
     (Q)uasiparticle energies                                            
     --------------------------------------------------------------------------------------------
       
     --------------------------------------------------------------------------------------------
     Sigma_C                                                             
     --------------------------------------------------------------------------------------------
     Integrating along the IM axis...
     --------------------------------------------------------------------------------------------
     in progress... |#                   | 005% :               00.1s (E)               02.5s (X)
     in progress... |##                  | 010% :               00.2s (E)               02.4s (X)
     --------------------------------------------------------------------------------------------
     Residues along the RE axis...
     --------------------------------------------------------------------------------------------
     in progress... |#                   | 005% :             < 00.1s (E)             < 00.1s (X)
     in progress... |##                  | 010% :             < 00.1s (E)             < 00.1s (X)
     --------------------------------------------------------------------------------------------
       
     --------------------------------------------------------------------------------------------
     Sigma_C                                                             
     --------------------------------------------------------------------------------------------
     Integrating along the IM axis...
     --------------------------------------------------------------------------------------------
     in progress... |#                   | 005% :             < 00.1s (E)               01.4s (X)
     in progress... |##                  | 010% :               00.1s (E)               01.5s (X)
     --------------------------------------------------------------------------------------------
     Residues along the RE axis...
     --------------------------------------------------------------------------------------------
     in progress... |#                   | 005% :             < 00.1s (E)             < 00.1s (X)
     in progress... |##                  | 010% :             < 00.1s (E)             < 00.1s (X)
     --------------------------------------------------------------------------------------------

     --------------------------------------------------------------------------------------------
     Iter: 000000
     k(000001) = (   0.0000000   0.0000000   0.0000000) cryst. coord.
     band      QP en. [eV] conv
     000001      -3.693577   no
     000002      12.144493   no
     000003      12.144493   no
     000004      12.144493   no
     000005      19.779513   no
     000006      19.779514   no
     000007      19.779513   no
     000008      27.317828   no
     ---------------------------------
     k(000002) = (   0.0000000   0.0000000   0.2500000) cryst. coord.
     band      QP en. [eV] conv
     000001      -7.926605   no
     000002       5.173358   no
     000003      10.304150   no
     000004      10.304149   no
     000005      22.095505   no
     000006      22.095505   no
     000007      22.200275   no
     000008      28.789241   no
     ---------------------------------
     k(000003) = (   0.0000000   0.0000000  -0.5000000) cryst. coord.
     band      QP en. [eV] conv
     000001      -3.646295   no
     000002      -1.870346   no
     000003       9.129222   no
     000004       9.129221   no
     000005      22.787237   no
     000006      22.787237   no
     000007      22.888061   no
     000008      29.928983   no
     ---------------------------------
     k(000006) = (   0.0000000   0.2500000   0.2500000) cryst. coord.
     band      QP en. [eV] conv
     000001      -7.629140   no
     000002       7.206069   no
     000003       7.788831   no
     000004       7.788831   no
     000005      18.401647   no
     000006      24.358865   no
     000007      26.052293   no
     000008      26.052293   no
     ---------------------------------
     k(000007) = (   0.0000000   0.2500000  -0.5000000) cryst. coord.
     band      QP en. [eV] conv
     000001      -4.816404   no
     000002       0.491948   no
     000003       4.950313   no
     000004       6.930524   no
     000005      20.081152   no
     000006      25.687150   no
     000007      27.220644   no
     000008      27.588859   no
     ---------------------------------
     k(000008) = (   0.0000000   0.2500000  -0.2500000) cryst. coord.
     band      QP en. [eV] conv
     000001     -11.447386   no
     000002       2.790975   no
     000003       4.094783   no
     000004       8.947751   no
     000005      22.070913   no
     000006      24.408948   no
     000007      26.574310   no
     000008      28.126621   no
     ---------------------------------
     k(000011) = (   0.0000000  -0.5000000  -0.5000000) cryst. coord.
     band      QP en. [eV] conv
     000001      -1.347116   no
     000002      -1.347116   no
     000003       5.437892   no
     000004       5.437892   no
     000005      18.646752   no
     000006      18.646752   no
     000007      31.339595   no
     000008      31.339595   no
     ---------------------------------
     k(000028) = (   0.2500000  -0.5000000  -0.2500000) cryst. coord.
     band      QP en. [eV] conv
     000001      -0.377024   no
     000002      -0.377024   no
     000003       3.283110   no
     000004       3.283110   no
     000005      24.777054   no
     000006      24.777054   no
     000007      26.689237   no
     000008      26.689237   no
     ---------------------------------
     --------------------------------------------------------------------------------------------
       
     --------------------------------------------------------------------------------------------
     Sigma_C                                                             
     --------------------------------------------------------------------------------------------
     Integrating along the IM axis...
     --------------------------------------------------------------------------------------------
     in progress... |#                   | 005% :             < 00.1s (E)               01.4s (X)
     in progress... |##                  | 010% :               00.1s (E)               01.4s (X)
     --------------------------------------------------------------------------------------------
     Residues along the RE axis...
     --------------------------------------------------------------------------------------------
     in progress... |#                   | 005% :             < 00.1s (E)             < 00.1s (X)
     in progress... |##                  | 010% :             < 00.1s (E)             < 00.1s (X)
     --------------------------------------------------------------------------------------------

     --------------------------------------------------------------------------------------------
     Iter: 000001
     k(000001) = (   0.0000000   0.0000000   0.0000000) cryst. coord.
     band      QP en. [eV] conv
     000001     -10.037382   no
     000002      12.149433  yes
     000003      12.149433  yes
     000004      12.149433  yes
     000005      19.773759  yes
     000006      19.773759  yes
     000007      19.773759  yes
     000008      27.331944  yes
     ---------------------------------
     k(000002) = (   0.0000000   0.0000000   0.2500000) cryst. coord.
     band      QP en. [eV] conv
     000001      -8.410864   no
     000002       5.127173  yes
     000003      10.310601  yes
     000004      10.310600  yes
     000005      22.093724  yes
     000006      22.093724  yes
     000007      22.202369  yes
     000008      28.745372  yes
     ---------------------------------
     k(000003) = (   0.0000000   0.0000000  -0.5000000) cryst. coord.
     band      QP en. [eV] conv
     000001      -4.063192   no
     000002      -1.748683   no
     000003       9.153377  yes
     000004       9.153377  yes
     000005      22.784127  yes
     000006      22.784126  yes
     000007      22.898929  yes
     000008      29.863161   no
     ---------------------------------
     k(000006) = (   0.0000000   0.2500000   0.2500000) cryst. coord.
     band      QP en. [eV] conv
     000001      -7.533119   no
     000002       7.224152  yes
     000003       7.807357  yes
     000004       7.807357  yes
     000005      18.397437  yes
     000006      24.337210  yes
     000007      25.999675   no
     000008      25.999674   no
     ---------------------------------
     k(000007) = (   0.0000000   0.2500000  -0.5000000) cryst. coord.
     band      QP en. [eV] conv
     000001      -3.802659   no
     000002       0.871614   no
     000003       4.978389  yes
     000004       6.968294  yes
     000005      20.080648  yes
     000006      25.679705  yes
     000007      27.248370  yes
     000008      27.552099  yes
     ---------------------------------
     k(000008) = (   0.0000000   0.2500000  -0.2500000) cryst. coord.
     band      QP en. [eV] conv
     000001      -5.345212   no
     000002       2.957212   no
     000003       4.097288  yes
     000004       8.934336  yes
     000005      22.059664  yes
     000006      24.472746   no
     000007      26.595184  yes
     000008      28.110765  yes
     ---------------------------------
     k(000011) = (   0.0000000  -0.5000000  -0.5000000) cryst. coord.
     band      QP en. [eV] conv
     000001      -1.225691   no
     000002      -1.225690   no
     000003       5.449908  yes
     000004       5.449908  yes
     000005      18.642391  yes
     000006      18.642391  yes
     000007      31.226887   no
     000008      31.226887   no
     ---------------------------------
     k(000028) = (   0.2500000  -0.5000000  -0.2500000) cryst. coord.
     band      QP en. [eV] conv
     000001      -0.345653  yes
     000002      -0.345653  yes
     000003       3.383957   no
     000004       3.383957   no
     000005      24.780250  yes
     000006      24.780250  yes
     000007      26.698354  yes
     000008      26.698354  yes
     ---------------------------------
     --------------------------------------------------------------------------------------------
       
     --------------------------------------------------------------------------------------------
     Sigma_C                                                             
     --------------------------------------------------------------------------------------------
     Integrating along the IM axis...
     --------------------------------------------------------------------------------------------
     in progress... |#                   | 005% :             < 00.1s (E)               01.4s (X)
     in progress... |##                  | 010% :               00.1s (E)               01.4s (X)
     --------------------------------------------------------------------------------------------
     Residues along the RE axis...
     --------------------------------------------------------------------------------------------
     in progress... |#                   | 005% :             < 00.1s (E)             < 00.1s (X)
     in progress... |##                  | 010% :             < 00.1s (E)             < 00.1s (X)
     --------------------------------------------------------------------------------------------

     --------------------------------------------------------------------------------------------
     Iter: 000002
     k(000001) = (   0.0000000   0.0000000   0.0000000) cryst. coord.
     band      QP en. [eV] conv
     000001     -10.278962   no
     000002      12.149433  yes
     000003      12.149433  yes
     000004      12.149433  yes
     000005      19.773759  yes
     000006      19.773759  yes
     000007      19.773759  yes
     000008      27.331944  yes
     ---------------------------------
     k(000002) = (   0.0000000   0.0000000   0.2500000) cryst. coord.
     band      QP en. [eV] conv
     000001      -8.429747  yes
     000002       5.127173  yes
     000003      10.310601  yes
     000004      10.310600  yes
     000005      22.093724  yes
     000006      22.093724  yes
     000007      22.202369  yes
     000008      28.745372  yes
     ---------------------------------
     k(000003) = (   0.0000000   0.0000000  -0.5000000) cryst. coord.
     band      QP en. [eV] conv
     000001      -4.072783  yes
     000002      -1.786404  yes
     000003       9.153377  yes
     000004       9.153377  yes
     000005      22.784127  yes
     000006      22.784126  yes
     000007      22.898929  yes
     000008      29.861530  yes
     ---------------------------------
     k(000006) = (   0.0000000   0.2500000   0.2500000) cryst. coord.
     band      QP en. [eV] conv
     000001      -7.539248  yes
     000002       7.224152  yes
     000003       7.807357  yes
     000004       7.807357  yes
     000005      18.397437  yes
     000006      24.337210  yes
     000007      25.993436  yes
     000008      25.993436  yes
     ---------------------------------
     k(000007) = (   0.0000000   0.2500000  -0.5000000) cryst. coord.
     band      QP en. [eV] conv
     000001      -3.820337  yes
     000002       0.927202   no
     000003       4.978389  yes
     000004       6.968294  yes
     000005      20.080648  yes
     000006      25.679705  yes
     000007      27.248370  yes
     000008      27.552099  yes
     ---------------------------------
     k(000008) = (   0.0000000   0.2500000  -0.2500000) cryst. coord.
     band      QP en. [eV] conv
     000001      -5.463824   no
     000002       2.951012  yes
     000003       4.097288  yes
     000004       8.934336  yes
     000005      22.059664  yes
     000006      24.475510  yes
     000007      26.595184  yes
     000008      28.110765  yes
     ---------------------------------
     k(000011) = (   0.0000000  -0.5000000  -0.5000000) cryst. coord.
     band      QP en. [eV] conv
     000001      -1.220676  yes
     000002      -1.220675  yes
     000003       5.449908  yes
     000004       5.449908  yes
     000005      18.642391  yes
     000006      18.642391  yes
     000007      31.195980  yes
     000008      31.195979  yes
     ---------------------------------
     k(000028) = (   0.2500000  -0.5000000  -0.2500000) cryst. coord.
     band      QP en. [eV] conv
     000001      -0.345653  yes
     000002      -0.345653  yes
     000003       3.391477  yes
     000004       3.391477  yes
     000005      24.780250  yes
     000006      24.780250  yes
     000007      26.698354  yes
     000008      26.698354  yes
     ---------------------------------
     --------------------------------------------------------------------------------------------
       
     --------------------------------------------------------------------------------------------
     Sigma_C                                                             
     --------------------------------------------------------------------------------------------
     Integrating along the IM axis...
     --------------------------------------------------------------------------------------------
     in progress... |#                   | 005% :             < 00.1s (E)               01.4s (X)
     in progress... |##                  | 010% :               00.1s (E)               01.4s (X)
     --------------------------------------------------------------------------------------------
     Residues along the RE axis...
     --------------------------------------------------------------------------------------------
     in progress... |#                   | 005% :             < 00.1s (E)             < 00.1s (X)
     in progress... |##                  | 010% :             < 00.1s (E)             < 00.1s (X)
     --------------------------------------------------------------------------------------------

     --------------------------------------------------------------------------------------------
     Iter: 000003
     k(000001) = (   0.0000000   0.0000000   0.0000000) cryst. coord.
     band      QP en. [eV] conv
     000001      -9.054452   no
     000002      12.149433  yes
     000003      12.149433  yes
     000004      12.149433  yes
     000005      19.773759  yes
     000006      19.773759  yes
     000007      19.773759  yes
     000008      27.331944  yes
     ---------------------------------
     k(000002) = (   0.0000000   0.0000000   0.2500000) cryst. coord.
     band      QP en. [eV] conv
     000001      -8.429747  yes
     000002       5.127173  yes
     000003      10.310601  yes
     000004      10.310600  yes
     000005      22.093724  yes
     000006      22.093724  yes
     000007      22.202369  yes
     000008      28.745372  yes
     ---------------------------------
     k(000003) = (   0.0000000   0.0000000  -0.5000000) cryst. coord.
     band      QP en. [eV] conv
     000001      -4.072783  yes
     000002      -1.786404  yes
     000003       9.153377  yes
     000004       9.153377  yes
     000005      22.784127  yes
     000006      22.784126  yes
     000007      22.898929  yes
     000008      29.861530  yes
     ---------------------------------
     k(000006) = (   0.0000000   0.2500000   0.2500000) cryst. coord.
     band      QP en. [eV] conv
     000001      -7.539248  yes
     000002       7.224152  yes
     000003       7.807357  yes
     000004       7.807357  yes
     000005      18.397437  yes
     000006      24.337210  yes
     000007      25.993436  yes
     000008      25.993436  yes
     ---------------------------------
     k(000007) = (   0.0000000   0.2500000  -0.5000000) cryst. coord.
     band      QP en. [eV] conv
     000001      -3.820337  yes
     000002       0.912972  yes
     000003       4.978389  yes
     000004       6.968294  yes
     000005      20.080648  yes
     000006      25.679705  yes
     000007      27.248370  yes
     000008      27.552099  yes
     ---------------------------------
     k(000008) = (   0.0000000   0.2500000  -0.2500000) cryst. coord.
     band      QP en. [eV] conv
     000001      -5.464720  yes
     000002       2.951012  yes
     000003       4.097288  yes
     000004       8.934336  yes
     000005      22.059664  yes
     000006      24.475510  yes
     000007      26.595184  yes
     000008      28.110765  yes
     ---------------------------------
     k(000011) = (   0.0000000  -0.5000000  -0.5000000) cryst. coord.
     band      QP en. [eV] conv
     000001      -1.220676  yes
     000002      -1.220675  yes
     000003       5.449908  yes
     000004       5.449908  yes
     000005      18.642391  yes
     000006      18.642391  yes
     000007      31.195980  yes
     000008      31.195979  yes
     ---------------------------------
     k(000028) = (   0.2500000  -0.5000000  -0.2500000) cryst. coord.
     band      QP en. [eV] conv
     000001      -0.345653  yes
     000002      -0.345653  yes
     000003       3.391477  yes
     000004       3.391477  yes
     000005      24.780250  yes
     000006      24.780250  yes
     000007      26.698354  yes
     000008      26.698354  yes
     ---------------------------------
     --------------------------------------------------------------------------------------------
       
     --------------------------------------------------------------------------------------------
     Sigma_C                                                             
     --------------------------------------------------------------------------------------------
     Integrating along the IM axis...
     --------------------------------------------------------------------------------------------
     in progress... |#                   | 005% :             < 00.1s (E)               01.4s (X)
     in progress... |##                  | 010% :               00.1s (E)               01.4s (X)
     --------------------------------------------------------------------------------------------
     Residues along the RE axis...
     --------------------------------------------------------------------------------------------
     in progress... |#                   | 005% :             < 00.1s (E)             < 00.1s (X)
     in progress... |##                  | 010% :             < 00.1s (E)             < 00.1s (X)
     --------------------------------------------------------------------------------------------

     --------------------------------------------------------------------------------------------
     Iter: 000004
     k(000001) = (   0.0000000   0.0000000   0.0000000) cryst. coord.
     band      QP en. [eV] conv
     000001     -10.644981   no
     000002      12.149433  yes
     000003      12.149433  yes
     000004      12.149433  yes
     000005      19.773759  yes
     000006      19.773759  yes
     000007      19.773759  yes
     000008      27.331944  yes
     ---------------------------------
     k(000002) = (   0.0000000   0.0000000   0.2500000) cryst. coord.
     band      QP en. [eV] conv
     000001      -8.429747  yes
     000002       5.127173  yes
     000003      10.310601  yes
     000004      10.310600  yes
     000005      22.093724  yes
     000006      22.093724  yes
     000007      22.202369  yes
     000008      28.745372  yes
     ---------------------------------
     k(000003) = (   0.0000000   0.0000000  -0.5000000) cryst. coord.
     band      QP en. [eV] conv
     000001      -4.072783  yes
     000002      -1.786404  yes
     000003       9.153377  yes
     000004       9.153377  yes
     000005      22.784127  yes
     000006      22.784126  yes
     000007      22.898929  yes
     000008      29.861530  yes
     ---------------------------------
     k(000006) = (   0.0000000   0.2500000   0.2500000) cryst. coord.
     band      QP en. [eV] conv
     000001      -7.539248  yes
     000002       7.224152  yes
     000003       7.807357  yes
     000004       7.807357  yes
     000005      18.397437  yes
     000006      24.337210  yes
     000007      25.993436  yes
     000008      25.993436  yes
     ---------------------------------
     k(000007) = (   0.0000000   0.2500000  -0.5000000) cryst. coord.
     band      QP en. [eV] conv
     000001      -3.820337  yes
     000002       0.912972  yes
     000003       4.978389  yes
     000004       6.968294  yes
     000005      20.080648  yes
     000006      25.679705  yes
     000007      27.248370  yes
     000008      27.552099  yes
     ---------------------------------
     k(000008) = (   0.0000000   0.2500000  -0.2500000) cryst. coord.
     band      QP en. [eV] conv
     000001      -5.464720  yes
     000002       2.951012  yes
     000003       4.097288  yes
     000004       8.934336  yes
     000005      22.059664  yes
     000006      24.475510  yes
     000007      26.595184  yes
     000008      28.110765  yes
     ---------------------------------
     k(000011) = (   0.0000000  -0.5000000  -0.5000000) cryst. coord.
     band      QP en. [eV] conv
     000001      -1.220676  yes
     000002      -1.220675  yes
     000003       5.449908  yes
     000004       5.449908  yes
     000005      18.642391  yes
     000006      18.642391  yes
     000007      31.195980  yes
     000008      31.195979  yes
     ---------------------------------
     k(000028) = (   0.2500000  -0.5000000  -0.2500000) cryst. coord.
     band      QP en. [eV] conv
     000001      -0.345653  yes
     000002      -0.345653  yes
     000003       3.391477  yes
     000004       3.391477  yes
     000005      24.780250  yes
     000006      24.780250  yes
     000007      26.698354  yes
     000008      26.698354  yes
     ---------------------------------
     --------------------------------------------------------------------------------------------
       
     --------------------------------------------------------------------------------------------
     Sigma_C                                                             
     --------------------------------------------------------------------------------------------
     Integrating along the IM axis...
     --------------------------------------------------------------------------------------------
     in progress... |#                   | 005% :             < 00.1s (E)               01.4s (X)
     in progress... |##                  | 010% :               00.1s (E)               01.4s (X)
     --------------------------------------------------------------------------------------------
     Residues along the RE axis...
     --------------------------------------------------------------------------------------------
     in progress... |#                   | 005% :             < 00.1s (E)             < 00.1s (X)
     in progress... |##                  | 010% :             < 00.1s (E)             < 00.1s (X)
     --------------------------------------------------------------------------------------------

     --------------------------------------------------------------------------------------------
     Iter: 000005
     k(000001) = (   0.0000000   0.0000000   0.0000000) cryst. coord.
     band      QP en. [eV] conv
     000001     -10.183122   no
     000002      12.149433  yes
     000003      12.149433  yes
     000004      12.149433  yes
     000005      19.773759  yes
     000006      19.773759  yes
     000007      19.773759  yes
     000008      27.331944  yes
     ---------------------------------
     k(000002) = (   0.0000000   0.0000000   0.2500000) cryst. coord.
     band      QP en. [eV] conv
     000001      -8.429747  yes
     000002       5.127173  yes
     000003      10.310601  yes
     000004      10.310600  yes
     000005      22.093724  yes
     000006      22.093724  yes
     000007      22.202369  yes
     000008      28.745372  yes
     ---------------------------------
     k(000003) = (   0.0000000   0.0000000  -0.5000000) cryst. coord.
     band      QP en. [eV] conv
     000001      -4.072783  yes
     000002      -1.786404  yes
     000003       9.153377  yes
     000004       9.153377  yes
     000005      22.784127  yes
     000006      22.784126  yes
     000007      22.898929  yes
     000008      29.861530  yes
     ---------------------------------
     k(000006) = (   0.0000000   0.2500000   0.2500000) cryst. coord.
     band      QP en. [eV] conv
     000001      -7.539248  yes
     000002       7.224152  yes
     000003       7.807357  yes
     000004       7.807357  yes
     000005      18.397437  yes
     000006      24.337210  yes
     000007      25.993436  yes
     000008      25.993436  yes
     ---------------------------------
     k(000007) = (   0.0000000   0.2500000  -0.5000000) cryst. coord.
     band      QP en. [eV] conv
     000001      -3.820337  yes
     000002       0.912972  yes
     000003       4.978389  yes
     000004       6.968294  yes
     000005      20.080648  yes
     000006      25.679705  yes
     000007      27.248370  yes
     000008      27.552099  yes
     ---------------------------------
     k(000008) = (   0.0000000   0.2500000  -0.2500000) cryst. coord.
     band      QP en. [eV] conv
     000001      -5.464720  yes
     000002       2.951012  yes
     000003       4.097288  yes
     000004       8.934336  yes
     000005      22.059664  yes
     000006      24.475510  yes
     000007      26.595184  yes
     000008      28.110765  yes
     ---------------------------------
     k(000011) = (   0.0000000  -0.5000000  -0.5000000) cryst. coord.
     band      QP en. [eV] conv
     000001      -1.220676  yes
     000002      -1.220675  yes
     000003       5.449908  yes
     000004       5.449908  yes
     000005      18.642391  yes
     000006      18.642391  yes
     000007      31.195980  yes
     000008      31.195979  yes
     ---------------------------------
     k(000028) = (   0.2500000  -0.5000000  -0.2500000) cryst. coord.
     band      QP en. [eV] conv
     000001      -0.345653  yes
     000002      -0.345653  yes
     000003       3.391477  yes
     000004       3.391477  yes
     000005      24.780250  yes
     000006      24.780250  yes
     000007      26.698354  yes
     000008      26.698354  yes
     ---------------------------------
     --------------------------------------------------------------------------------------------
       
     --------------------------------------------------------------------------------------------
     Sigma_C                                                             
     --------------------------------------------------------------------------------------------
     Integrating along the IM axis...
     --------------------------------------------------------------------------------------------
     in progress... |#                   | 005% :             < 00.1s (E)               01.4s (X)
     in progress... |##                  | 010% :               00.1s (E)               01.4s (X)
     --------------------------------------------------------------------------------------------
     Residues along the RE axis...
     --------------------------------------------------------------------------------------------
     in progress... |#                   | 005% :             < 00.1s (E)             < 00.1s (X)
     in progress... |##                  | 010% :             < 00.1s (E)             < 00.1s (X)
     --------------------------------------------------------------------------------------------

     --------------------------------------------------------------------------------------------
     Iter: 000006
     k(000001) = (   0.0000000   0.0000000   0.0000000) cryst. coord.
     band      QP en. [eV] conv
     000001     -10.391085   no
     000002      12.149433  yes
     000003      12.149433  yes
     000004      12.149433  yes
     000005      19.773759  yes
     000006      19.773759  yes
     000007      19.773759  yes
     000008      27.331944  yes
     ---------------------------------
     k(000002) = (   0.0000000   0.0000000   0.2500000) cryst. coord.
     band      QP en. [eV] conv
     000001      -8.429747  yes
     000002       5.127173  yes
     000003      10.310601  yes
     000004      10.310600  yes
     000005      22.093724  yes
     000006      22.093724  yes
     000007      22.202369  yes
     000008      28.745372  yes
     ---------------------------------
     k(000003) = (   0.0000000   0.0000000  -0.5000000) cryst. coord.
     band      QP en. [eV] conv
     000001      -4.072783  yes
     000002      -1.786404  yes
     000003       9.153377  yes
     000004       9.153377  yes
     000005      22.784127  yes
     000006      22.784126  yes
     000007      22.898929  yes
     000008      29.861530  yes
     ---------------------------------
     k(000006) = (   0.0000000   0.2500000   0.2500000) cryst. coord.
     band      QP en. [eV] conv
     000001      -7.539248  yes
     000002       7.224152  yes
     000003       7.807357  yes
     000004       7.807357  yes
     000005      18.397437  yes
     000006      24.337210  yes
     000007      25.993436  yes
     000008      25.993436  yes
     ---------------------------------
     k(000007) = (   0.0000000   0.2500000  -0.5000000) cryst. coord.
     band      QP en. [eV] conv
     000001      -3.820337  yes
     000002       0.912972  yes
     000003       4.978389  yes
     000004       6.968294  yes
     000005      20.080648  yes
     000006      25.679705  yes
     000007      27.248370  yes
     000008      27.552099  yes
     ---------------------------------
     k(000008) = (   0.0000000   0.2500000  -0.2500000) cryst. coord.
     band      QP en. [eV] conv
     000001      -5.464720  yes
     000002       2.951012  yes
     000003       4.097288  yes
     000004       8.934336  yes
     000005      22.059664  yes
     000006      24.475510  yes
     000007      26.595184  yes
     000008      28.110765  yes
     ---------------------------------
     k(000011) = (   0.0000000  -0.5000000  -0.5000000) cryst. coord.
     band      QP en. [eV] conv
     000001      -1.220676  yes
     000002      -1.220675  yes
     000003       5.449908  yes
     000004       5.449908  yes
     000005      18.642391  yes
     000006      18.642391  yes
     000007      31.195980  yes
     000008      31.195979  yes
     ---------------------------------
     k(000028) = (   0.2500000  -0.5000000  -0.2500000) cryst. coord.
     band      QP en. [eV] conv
     000001      -0.345653  yes
     000002      -0.345653  yes
     000003       3.391477  yes
     000004       3.391477  yes
     000005      24.780250  yes
     000006      24.780250  yes
     000007      26.698354  yes
     000008      26.698354  yes
     ---------------------------------
     --------------------------------------------------------------------------------------------
       
     --------------------------------------------------------------------------------------------
     Sigma_C                                                             
     --------------------------------------------------------------------------------------------
     Integrating along the IM axis...
     --------------------------------------------------------------------------------------------
     in progress... |#                   | 005% :             < 00.1s (E)               01.4s (X)
     in progress... |##                  | 010% :               00.1s (E)               01.4s (X)
     --------------------------------------------------------------------------------------------
     Residues along the RE axis...
     --------------------------------------------------------------------------------------------
     in progress... |#                   | 005% :             < 00.1s (E)             < 00.1s (X)
     in progress... |##                  | 010% :             < 00.1s (E)             < 00.1s (X)
     --------------------------------------------------------------------------------------------

     --------------------------------------------------------------------------------------------
     Iter: 000007
     k(000001) = (   0.0000000   0.0000000   0.0000000) cryst. coord.
     band      QP en. [eV] conv
     000001     -10.484433   no
     000002      12.149433  yes
     000003      12.149433  yes
     000004      12.149433  yes
     000005      19.773759  yes
     000006      19.773759  yes
     000007      19.773759  yes
     000008      27.331944  yes
     ---------------------------------
     k(000002) = (   0.0000000   0.0000000   0.2500000) cryst. coord.
     band      QP en. [eV] conv
     000001      -8.429747  yes
     000002       5.127173  yes
     000003      10.310601  yes
     000004      10.310600  yes
     000005      22.093724  yes
     000006      22.093724  yes
     000007      22.202369  yes
     000008      28.745372  yes
     ---------------------------------
     k(000003) = (   0.0000000   0.0000000  -0.5000000) cryst. coord.
     band      QP en. [eV] conv
     000001      -4.072783  yes
     000002      -1.786404  yes
     000003       9.153377  yes
     000004       9.153377  yes
     000005      22.784127  yes
     000006      22.784126  yes
     000007      22.898929  yes
     000008      29.861530  yes
     ---------------------------------
     k(000006) = (   0.0000000   0.2500000   0.2500000) cryst. coord.
     band      QP en. [eV] conv
     000001      -7.539248  yes
     000002       7.224152  yes
     000003       7.807357  yes
     000004       7.807357  yes
     000005      18.397437  yes
     000006      24.337210  yes
     000007      25.993436  yes
     000008      25.993436  yes
     ---------------------------------
     k(000007) = (   0.0000000   0.2500000  -0.5000000) cryst. coord.
     band      QP en. [eV] conv
     000001      -3.820337  yes
     000002       0.912972  yes
     000003       4.978389  yes
     000004       6.968294  yes
     000005      20.080648  yes
     000006      25.679705  yes
     000007      27.248370  yes
     000008      27.552099  yes
     ---------------------------------
     k(000008) = (   0.0000000   0.2500000  -0.2500000) cryst. coord.
     band      QP en. [eV] conv
     000001      -5.464720  yes
     000002       2.951012  yes
     000003       4.097288  yes
     000004       8.934336  yes
     000005      22.059664  yes
     000006      24.475510  yes
     000007      26.595184  yes
     000008      28.110765  yes
     ---------------------------------
     k(000011) = (   0.0000000  -0.5000000  -0.5000000) cryst. coord.
     band      QP en. [eV] conv
     000001      -1.220676  yes
     000002      -1.220675  yes
     000003       5.449908  yes
     000004       5.449908  yes
     000005      18.642391  yes
     000006      18.642391  yes
     000007      31.195980  yes
     000008      31.195979  yes
     ---------------------------------
     k(000028) = (   0.2500000  -0.5000000  -0.2500000) cryst. coord.
     band      QP en. [eV] conv
     000001      -0.345653  yes
     000002      -0.345653  yes
     000003       3.391477  yes
     000004       3.391477  yes
     000005      24.780250  yes
     000006      24.780250  yes
     000007      26.698354  yes
     000008      26.698354  yes
     ---------------------------------
     --------------------------------------------------------------------------------------------
       
     --------------------------------------------------------------------------------------------
     Sigma_C                                                             
     --------------------------------------------------------------------------------------------
     Integrating along the IM axis...
     --------------------------------------------------------------------------------------------
     in progress... |#                   | 005% :             < 00.1s (E)               01.4s (X)
     in progress... |##                  | 010% :               00.1s (E)               01.4s (X)
     --------------------------------------------------------------------------------------------
     Residues along the RE axis...
     --------------------------------------------------------------------------------------------
     in progress... |#                   | 005% :             < 00.1s (E)             < 00.1s (X)
     in progress... |##                  | 010% :             < 00.1s (E)             < 00.1s (X)
     --------------------------------------------------------------------------------------------

     --------------------------------------------------------------------------------------------
     Iter: 000008
     k(000001) = (   0.0000000   0.0000000   0.0000000) cryst. coord.
     band      QP en. [eV] conv
     000001     -10.428582   no
     000002      12.149433  yes
     000003      12.149433  yes
     000004      12.149433  yes
     000005      19.773759  yes
     000006      19.773759  yes
     000007      19.773759  yes
     000008      27.331944  yes
     ---------------------------------
     k(000002) = (   0.0000000   0.0000000   0.2500000) cryst. coord.
     band      QP en. [eV] conv
     000001      -8.429747  yes
     000002       5.127173  yes
     000003      10.310601  yes
     000004      10.310600  yes
     000005      22.093724  yes
     000006      22.093724  yes
     000007      22.202369  yes
     000008      28.745372  yes
     ---------------------------------
     k(000003) = (   0.0000000   0.0000000  -0.5000000) cryst. coord.
     band      QP en. [eV] conv
     000001      -4.072783  yes
     000002      -1.786404  yes
     000003       9.153377  yes
     000004       9.153377  yes
     000005      22.784127  yes
     000006      22.784126  yes
     000007      22.898929  yes
     000008      29.861530  yes
     ---------------------------------
     k(000006) = (   0.0000000   0.2500000   0.2500000) cryst. coord.
     band      QP en. [eV] conv
     000001      -7.539248  yes
     000002       7.224152  yes
     000003       7.807357  yes
     000004       7.807357  yes
     000005      18.397437  yes
     000006      24.337210  yes
     000007      25.993436  yes
     000008      25.993436  yes
     ---------------------------------
     k(000007) = (   0.0000000   0.2500000  -0.5000000) cryst. coord.
     band      QP en. [eV] conv
     000001      -3.820337  yes
     000002       0.912972  yes
     000003       4.978389  yes
     000004       6.968294  yes
     000005      20.080648  yes
     000006      25.679705  yes
     000007      27.248370  yes
     000008      27.552099  yes
     ---------------------------------
     k(000008) = (   0.0000000   0.2500000  -0.2500000) cryst. coord.
     band      QP en. [eV] conv
     000001      -5.464720  yes
     000002       2.951012  yes
     000003       4.097288  yes
     000004       8.934336  yes
     000005      22.059664  yes
     000006      24.475510  yes
     000007      26.595184  yes
     000008      28.110765  yes
     ---------------------------------
     k(000011) = (   0.0000000  -0.5000000  -0.5000000) cryst. coord.
     band      QP en. [eV] conv
     000001      -1.220676  yes
     000002      -1.220675  yes
     000003       5.449908  yes
     000004       5.449908  yes
     000005      18.642391  yes
     000006      18.642391  yes
     000007      31.195980  yes
     000008      31.195979  yes
     ---------------------------------
     k(000028) = (   0.2500000  -0.5000000  -0.2500000) cryst. coord.
     band      QP en. [eV] conv
     000001      -0.345653  yes
     000002      -0.345653  yes
     000003       3.391477  yes
     000004       3.391477  yes
     000005      24.780250  yes
     000006      24.780250  yes
     000007      26.698354  yes
     000008      26.698354  yes
     ---------------------------------
     --------------------------------------------------------------------------------------------
       
     --------------------------------------------------------------------------------------------
     Sigma_C                                                             
     --------------------------------------------------------------------------------------------
     Integrating along the IM axis...
     --------------------------------------------------------------------------------------------
     in progress... |#                   | 005% :             < 00.1s (E)               01.8s (X)
     in progress... |##                  | 010% :               00.1s (E)               01.8s (X)
     --------------------------------------------------------------------------------------------
     Residues along the RE axis...
     --------------------------------------------------------------------------------------------
     in progress... |#                   | 005% :             < 00.1s (E)             < 00.1s (X)
     in progress... |##                  | 010% :             < 00.1s (E)             < 00.1s (X)
     --------------------------------------------------------------------------------------------
       
     --------------------------------------------------------------------------------------------
     CONVERGENCE ACHIEVED !!!                                            
     --------------------------------------------------------------------------------------------

     --------------------------------------------------------------------------------------------
     k(000001) = (   0.0000000   0.0000000   0.0000000) cryst. coord.
     band      QP en. [eV] conv
     000001     -10.447187  yes
     000002      12.149433  yes
     000003      12.149433  yes
     000004      12.149433  yes
     000005      19.773759  yes
     000006      19.773759  yes
     000007      19.773759  yes
     000008      27.331944  yes
     ---------------------------------
     k(000002) = (   0.0000000   0.0000000   0.2500000) cryst. coord.
     band      QP en. [eV] conv
     000001      -8.429747  yes
     000002       5.127173  yes
     000003      10.310601  yes
     000004      10.310600  yes
     000005      22.093724  yes
     000006      22.093724  yes
     000007      22.202369  yes
     000008      28.745372  yes
     ---------------------------------
     k(000003) = (   0.0000000   0.0000000  -0.5000000) cryst. coord.
     band      QP en. [eV] conv
     000001      -4.072783  yes
     000002      -1.786404  yes
     000003       9.153377  yes
     000004       9.153377  yes
     000005      22.784127  yes
     000006      22.784126  yes
     000007      22.898929  yes
     000008      29.861530  yes
     ---------------------------------
     k(000006) = (   0.0000000   0.2500000   0.2500000) cryst. coord.
     band      QP en. [eV] conv
     000001      -7.539248  yes
     000002       7.224152  yes
     000003       7.807357  yes
     000004       7.807357  yes
     000005      18.397437  yes
     000006      24.337210  yes
     000007      25.993436  yes
     000008      25.993436  yes
     ---------------------------------
     k(000007) = (   0.0000000   0.2500000  -0.5000000) cryst. coord.
     band      QP en. [eV] conv
     000001      -3.820337  yes
     000002       0.912972  yes
     000003       4.978389  yes
     000004       6.968294  yes
     000005      20.080648  yes
     000006      25.679705  yes
     000007      27.248370  yes
     000008      27.552099  yes
     ---------------------------------
     k(000008) = (   0.0000000   0.2500000  -0.2500000) cryst. coord.
     band      QP en. [eV] conv
     000001      -5.464720  yes
     000002       2.951012  yes
     000003       4.097288  yes
     000004       8.934336  yes
     000005      22.059664  yes
     000006      24.475510  yes
     000007      26.595184  yes
     000008      28.110765  yes
     ---------------------------------
     k(000011) = (   0.0000000  -0.5000000  -0.5000000) cryst. coord.
     band      QP en. [eV] conv
     000001      -1.220676  yes
     000002      -1.220675  yes
     000003       5.449908  yes
     000004       5.449908  yes
     000005      18.642391  yes
     000006      18.642391  yes
     000007      31.195980  yes
     000008      31.195979  yes
     ---------------------------------
     k(000028) = (   0.2500000  -0.5000000  -0.2500000) cryst. coord.
     band      QP en. [eV] conv
     000001      -0.345653  yes
     000002      -0.345653  yes
     000003       3.391477  yes
     000004       3.391477  yes
     000005      24.780250  yes
     000006      24.780250  yes
     000007      26.698354  yes
     000008      26.698354  yes
     ---------------------------------
     --------------------------------------------------------------------------------------------
 
     Number of q in the star =    1
     List of q in the star:
          1   0.000000000   0.000000000   0.000000000
 
     Number of q in the star =    4
     List of q in the star:
          1  -0.250000000   0.250000000  -0.250000000
          2   0.250000000  -0.250000000  -0.250000000
          3   0.250000000   0.250000000   0.250000000
          4  -0.250000000  -0.250000000   0.250000000
     In addition there is the -q list: 
          1   0.250000000  -0.250000000   0.250000000
          2  -0.250000000   0.250000000   0.250000000
          3  -0.250000000  -0.250000000  -0.250000000
          4   0.250000000   0.250000000  -0.250000000
 
     Number of q in the star =    4
     List of q in the star:
          1   0.500000000  -0.500000000   0.500000000
          2  -0.500000000   0.500000000   0.500000000
          3  -0.500000000  -0.500000000  -0.500000000
          4   0.500000000   0.500000000  -0.500000000
 
     Number of q in the star =    6
     List of q in the star:
          1   0.000000000   0.500000000   0.000000000
          2   0.000000000  -0.500000000   0.000000000
          3   0.500000000   0.000000000   0.000000000
          4  -0.500000000   0.000000000   0.000000000
          5   0.000000000   0.000000000   0.500000000
          6   0.000000000   0.000000000  -0.500000000
 
     Number of q in the star =   12
     List of q in the star:
          1   0.750000000  -0.250000000   0.750000000
          2  -0.750000000   0.250000000   0.750000000
          3  -0.750000000  -0.250000000  -0.750000000
          4   0.750000000   0.250000000  -0.750000000
          5  -0.250000000   0.750000000   0.750000000
          6   0.250000000   0.750000000  -0.750000000
          7  -0.250000000  -0.750000000  -0.750000000
          8   0.250000000  -0.750000000   0.750000000
          9   0.750000000   0.750000000  -0.250000000
         10   0.750000000  -0.750000000   0.250000000
         11  -0.750000000  -0.750000000  -0.250000000
         12  -0.750000000   0.750000000   0.250000000
     In addition there is the -q list: 
          1  -0.750000000   0.250000000  -0.750000000
          2   0.750000000  -0.250000000  -0.750000000
          3   0.750000000   0.250000000   0.750000000
          4  -0.750000000  -0.250000000   0.750000000
          5   0.250000000  -0.750000000  -0.750000000
          6  -0.250000000  -0.750000000   0.750000000
          7   0.250000000   0.750000000   0.750000000
          8  -0.250000000   0.750000000  -0.750000000
          9  -0.750000000  -0.750000000   0.250000000
         10  -0.750000000   0.750000000  -0.250000000
         11   0.750000000   0.750000000   0.250000000
         12   0.750000000  -0.750000000  -0.250000000
 
     Number of q in the star =   12
     List of q in the star:
          1   0.500000000   0.000000000   0.500000000
          2  -0.500000000   0.000000000   0.500000000
          3  -0.500000000   0.000000000  -0.500000000
          4   0.500000000   0.000000000  -0.500000000
          5   0.000000000   0.500000000   0.500000000
          6   0.000000000   0.500000000  -0.500000000
          7   0.000000000  -0.500000000  -0.500000000
          8   0.000000000  -0.500000000   0.500000000
          9   0.500000000   0.500000000   0.000000000
         10   0.500000000  -0.500000000   0.000000000
         11  -0.500000000  -0.500000000   0.000000000
         12  -0.500000000   0.500000000   0.000000000
 
     Number of q in the star =    3
     List of q in the star:
          1   0.000000000  -1.000000000   0.000000000
          2  -1.000000000   0.000000000   0.000000000
          3   0.000000000   0.000000000  -1.000000000
 
     Number of q in the star =    6
     List of q in the star:
          1  -0.500000000  -1.000000000   0.000000000
          2   0.500000000   1.000000000   0.000000000
          3  -1.000000000   0.000000000  -0.500000000
          4   1.000000000   0.000000000   0.500000000
          5   0.000000000  -0.500000000  -1.000000000
          6   0.000000000   0.500000000   1.000000000
      
     --------------------------------------------------------------------------------------------
     SAVE written in 00.6s               
     In location : ./c.wfreq.save
     --------------------------------------------------------------------------------------------
     WFREQ        : 33m11.86s CPU    43m12.94s WALL

     wfreq_readin :      3.77s CPU      4.21s WALL (       1 calls)
     fetch_input  :      0.03s CPU      0.05s WALL (       2 calls)
     read_xml     :      0.70s CPU      0.81s WALL (       1 calls)
     init_vloc    :      0.00s CPU      0.02s WALL (       2 calls)
     fft          :      2.08s CPU      2.77s WALL (   65540 calls)
     fft_scatter  :    752.99s CPU    835.92s WALL (38541030 calls)
     v_of_rho     :      0.00s CPU      0.02s WALL (       1 calls)
     v_xc         :      0.00s CPU      0.01s WALL (       2 calls)
     v_h          :      0.00s CPU      0.00s WALL (       1 calls)
     read_wave    :      3.04s CPU      3.32s WALL (       1 calls)
     davcio       :      2.42s CPU      3.57s WALL (   38089 calls)
     init_us_1    :      0.01s CPU      0.02s WALL (       2 calls)
     do_setup     :      0.02s CPU      0.03s WALL (       1 calls)
     init_pw_ar   :      0.00s CPU      0.01s WALL (       1 calls)
     init_at_1    :      0.00s CPU      0.00s WALL (       1 calls)
     solve_hf     :     12.02s CPU     15.35s WALL (       1 calls)
     sigmavxc     :      1.35s CPU      1.42s WALL (       1 calls)
     init_us_2    :      0.09s CPU      0.10s WALL (    4736 calls)
     fftw         :    946.61s CPU   1048.97s WALL (38475490 calls)
     sigmax       :     10.67s CPU     13.91s WALL (       1 calls)
     sqvc_init    :      0.23s CPU      0.29s WALL (   36872 calls)
     wlanczos     :    597.08s CPU    651.07s WALL (       1 calls)
     commutator_H :      0.10s CPU      0.11s WALL (     768 calls)
     stres_us31   :      0.00s CPU      0.00s WALL (     768 calls)
     stres_us32   :      0.00s CPU      0.00s WALL (     768 calls)
     stres_us33   :      0.00s CPU      0.00s WALL (     768 calls)
     stres_us34   :      0.00s CPU      0.00s WALL (     768 calls)
     calbec       :      7.64s CPU      8.52s WALL (  191279 calls)
     alphapc      :     65.25s CPU     70.68s WALL (  192768 calls)
     linstern     :      1.20s CPU      1.34s WALL (     256 calls)
     stern        :      1.04s CPU      1.16s WALL (    5423 calls)
     h_psi_bgrp   :    979.38s CPU   1083.05s WALL (  189743 calls)
     h_psi        :    978.90s CPU   1082.56s WALL (  189743 calls)
     h_psi:pot    :    977.91s CPU   1081.47s WALL (  189743 calls)
     vloc_psi     :    966.94s CPU   1069.27s WALL (  189743 calls)
     h_psi:calbec :      8.02s CPU      8.93s WALL (  189743 calls)
     add_vuspsi   :      2.03s CPU      2.27s WALL (  189743 calls)
     alphapv      :      0.07s CPU      0.08s WALL (    5423 calls)
     lan_H        :   1106.12s CPU   1218.30s WALL (    6144 calls)
     brak         :    279.80s CPU    282.60s WALL (    6144 calls)
     chi0_diag    :      0.36s CPU      0.38s WALL (       1 calls)
     glanczos     :   1372.24s CPU   1913.84s WALL (       1 calls)
     solve_qp     :      5.46s CPU      6.89s WALL (       1 calls)
     sigmac_i     :      2.03s CPU      2.13s WALL (      11 calls)
     sigmac_r     :      0.06s CPU      0.06s WALL (      11 calls)
     wfreq_db     :      0.50s CPU      0.67s WALL (       1 calls)
 
     WFREQ        : 33m11.97s CPU    43m13.19s WALL

 
   This run was terminated on:   0:21:21   4Jan2021            

=------------------------------------------------------------------------------=
   JOB DONE.
=------------------------------------------------------------------------------=
