
     Program WFREQ v. 3.1.1 starts on  4Jan2021 at  1:11:28 

     This program is part of the open-source West suite
     for massively parallel calculations of excited states in materials; please cite
         "M. Govoni et al., J. Chem. Theory Comput. 11, 2680 (2015);
          URL http://www.west-code.org", 
     in publications or presentations arising from this work.

     Based on the Quantum ESPRESSO v. 6.1 svn rev. 13369

     I/O is Little Endian
       
     --------------------------------------------------------------------------------------------
     **MPI** Parallelization Status                                      
     --------------------------------------------------------------------------------------------
                    80                   2             1             1            40
     --------------------------------------------------------------------------------------------
                     N         =         I      X      P      X      B      X      Z
                     ^                   ^             ^             ^             ^
                     |                   |             |             |             |
                   #rnk                  |             |             |             |
                                      #image           |             |             |
                                                     #pool           |             |
                                                                   #bgrp           |
                                                                                 #R&G
     --------------------------------------------------------------------------------------------
     **OPENMP** Parallelization Status
     #thr/rnk               =            1
     --------------------------------------------------------------------------------------------
     #prc = (rnk) * (thr) =           80
     --------------------------------------------------------------------------------------------
       
     --------------------------------------------------------------------------------------------
     I/O Summary : input_west                                            
     --------------------------------------------------------------------------------------------
     qe_prefix      = c
     west_prefix    = c
     outdir         = ./
     --------------------------------------------------------------------------------------------

     Reading data from directory:
     ./c.save

   Info: using nr1, nr2, nr3 values from input

   Info: using nr1, nr2, nr3 values from input

     IMPORTANT: XC functional enforced from input :
     Exchange-correlation      = PZ ( 1  1  0  0 0 0)
     Any further DFT definition will be discarded
     Please, verify this is what you really want

               file C.pz-mt.fhi.UPF: wavefunction(s)  3d renormalized
 
     Parallelization info
     --------------------
     sticks:   dense  smooth     PW     G-vecs:    dense   smooth      PW
     Min           9       9      3                  116      116      23
     Max          10      10      4                  120      120      27
     Sum         367     367    121                 4693     4693     941
 
       
     --------------------------------------------------------------------------------------------
     I/O Summary : wstat_control                                         
     --------------------------------------------------------------------------------------------
     wstat_calculation              =              S
     n_pdep_eigen                   =            200
     n_pdep_times                   =              4
     n_pdep_maxiter                 =            100
     n_dfpt_maxiter                 =            250
     n_pdep_read_from_file          =              0
     trev_pdep                      =   1.000000E-03
     trev_pdep_rel                  =   1.000000E-01
     tr2_dfpt                       =   1.000000E-12
     l_kinetic_only                 =              F
     l_minimize_exx_if_active       =              F
     l_use_ecutrho                  =              F
     l_use_symm                     =              T
     nq(1)                          =              4
     nq(2)                          =              4
     nq(3)                          =              4
     --------------------------------------------------------------------------------------------
       
     --------------------------------------------------------------------------------------------
     I/O Summary : wfreq_control                                         
     --------------------------------------------------------------------------------------------
     wfreq_calculation                        =           XWGQ
     n_pdep_eigen_to_use                      =            200
     qp_bandrange(1)                          =              1
     qp_bandrange(2)                          =              8
     macropol_calculation                     =              C
     n_lanczos                                =             30
     n_imfreq                                 =              6
     n_refreq                                 =             32
     ecut_imfreq [Ry]                         =      10.000000
     ecut_refreq [Ry]                         =       2.000000
     wfreq_eta [Ry]                           =       0.003675
     n_secant_maxiter                         =            200
     trev_secant [Ry]                         =       0.003676
     l_enable_lanczos                         =              F
     l_enable_gwetot                          =              F
     o_restart_time [min]                     =      -1.000000
     ecut_spectralf(1) [Ry]                   =      -2.000000
     ecut_spectralf(2) [Ry]                   =       2.000000
     n_spectralf                              =             10
     l_read_common_pdep                       =              F
     l_enable_gb_curvature                    =              F
     --------------------------------------------------------------------------------------------
       
     --------------------------------------------------------------------------------------------
     System Overview                                                     
     --------------------------------------------------------------------------------------------
     gamma_only           =              F
     ecutwfc [Ry]         =      60.000000
     ecutrho [Ry]         =     240.000000
     omega [au^3]         =   7.530614E+01
     nbnd                 =            100
     nkstot               =             64
     nspin                =              1
     nelec                =       8.000000
     npol                 =              1
     lsda                 =              F
     noncolin             =              F
     lspinorb             =              F
     domag                =              F
     --------------------------------------------------------------------------------------------

     3DFFT grid
        s : (  24,  24,  24)
        p : (  24,  24,  24)

     Direct Lattice Cell [a.u.]
        a1 = (    -3.3517128     0.0000000     3.3517128)
        a2 = (     0.0000000     3.3517128     3.3517128)
        a3 = (    -3.3517128     3.3517128     0.0000000)

     Reciprocal Lattice Cell [a.u.]
        b1 = (    -0.9373096    -0.9373096     0.9373096)
        b2 = (     0.9373096     0.9373096     0.9373096)
        b3 = (    -0.9373096     0.9373096    -0.9373096)
      

     Brillouin Zone sampling [cryst. coord.]
 
        k(000001) = (     0.0000000     0.0000000     0.0000000)
        k(000002) = (     0.0000000     0.0000000     0.2500000)
        k(000003) = (     0.0000000     0.0000000    -0.5000000)
        k(000004) = (     0.0000000     0.0000000    -0.2500000)
        k(000005) = (     0.0000000     0.2500000     0.0000000)
        k(000006) = (     0.0000000     0.2500000     0.2500000)
        k(000007) = (     0.0000000     0.2500000    -0.5000000)
        k(000008) = (     0.0000000     0.2500000    -0.2500000)
        k(000009) = (     0.0000000    -0.5000000     0.0000000)
        k(000010) = (     0.0000000    -0.5000000     0.2500000)
        k(000011) = (     0.0000000    -0.5000000    -0.5000000)
        k(000012) = (     0.0000000    -0.5000000    -0.2500000)
        k(000013) = (     0.0000000    -0.2500000     0.0000000)
        k(000014) = (     0.0000000    -0.2500000     0.2500000)
        k(000015) = (     0.0000000    -0.2500000    -0.5000000)
        k(000016) = (     0.0000000    -0.2500000    -0.2500000)
        k(000017) = (     0.2500000     0.0000000     0.0000000)
        k(000018) = (     0.2500000     0.0000000     0.2500000)
        k(000019) = (     0.2500000     0.0000000    -0.5000000)
        k(000020) = (     0.2500000     0.0000000    -0.2500000)
        k(000021) = (     0.2500000     0.2500000     0.0000000)
        k(000022) = (     0.2500000     0.2500000     0.2500000)
        k(000023) = (     0.2500000     0.2500000    -0.5000000)
        k(000024) = (     0.2500000     0.2500000    -0.2500000)
        k(000025) = (     0.2500000    -0.5000000     0.0000000)
        k(000026) = (     0.2500000    -0.5000000     0.2500000)
        k(000027) = (     0.2500000    -0.5000000    -0.5000000)
        k(000028) = (     0.2500000    -0.5000000    -0.2500000)
        k(000029) = (     0.2500000    -0.2500000     0.0000000)
        k(000030) = (     0.2500000    -0.2500000     0.2500000)
        k(000031) = (     0.2500000    -0.2500000    -0.5000000)
        k(000032) = (     0.2500000    -0.2500000    -0.2500000)
        k(000033) = (    -0.5000000     0.0000000     0.0000000)
        k(000034) = (    -0.5000000     0.0000000     0.2500000)
        k(000035) = (    -0.5000000     0.0000000    -0.5000000)
        k(000036) = (    -0.5000000     0.0000000    -0.2500000)
        k(000037) = (    -0.5000000     0.2500000     0.0000000)
        k(000038) = (    -0.5000000     0.2500000     0.2500000)
        k(000039) = (    -0.5000000     0.2500000    -0.5000000)
        k(000040) = (    -0.5000000     0.2500000    -0.2500000)
        k(000041) = (    -0.5000000    -0.5000000     0.0000000)
        k(000042) = (    -0.5000000    -0.5000000     0.2500000)
        k(000043) = (    -0.5000000    -0.5000000    -0.5000000)
        k(000044) = (    -0.5000000    -0.5000000    -0.2500000)
        k(000045) = (    -0.5000000    -0.2500000     0.0000000)
        k(000046) = (    -0.5000000    -0.2500000     0.2500000)
        k(000047) = (    -0.5000000    -0.2500000    -0.5000000)
        k(000048) = (    -0.5000000    -0.2500000    -0.2500000)
        k(000049) = (    -0.2500000     0.0000000     0.0000000)
        k(000050) = (    -0.2500000     0.0000000     0.2500000)
        Printing only first 50 k points...
 
        q(000001) = (     0.0000000     0.0000000     0.0000000)
        q(000002) = (     0.0000000     0.0000000     0.2500000)
        q(000003) = (     0.0000000     0.0000000    -0.5000000)
        q(000004) = (     0.0000000     0.0000000    -0.2500000)
        q(000005) = (     0.0000000     0.2500000     0.0000000)
        q(000006) = (     0.0000000     0.2500000     0.2500000)
        q(000007) = (     0.0000000     0.2500000    -0.5000000)
        q(000008) = (     0.0000000     0.2500000    -0.2500000)
        q(000009) = (     0.0000000    -0.5000000     0.0000000)
        q(000010) = (     0.0000000    -0.5000000     0.2500000)
        q(000011) = (     0.0000000    -0.5000000    -0.5000000)
        q(000012) = (     0.0000000    -0.5000000    -0.2500000)
        q(000013) = (     0.0000000    -0.2500000     0.0000000)
        q(000014) = (     0.0000000    -0.2500000     0.2500000)
        q(000015) = (     0.0000000    -0.2500000    -0.5000000)
        q(000016) = (     0.0000000    -0.2500000    -0.2500000)
        q(000017) = (     0.2500000     0.0000000     0.0000000)
        q(000018) = (     0.2500000     0.0000000     0.2500000)
        q(000019) = (     0.2500000     0.0000000    -0.5000000)
        q(000020) = (     0.2500000     0.0000000    -0.2500000)
        q(000021) = (     0.2500000     0.2500000     0.0000000)
        q(000022) = (     0.2500000     0.2500000     0.2500000)
        q(000023) = (     0.2500000     0.2500000    -0.5000000)
        q(000024) = (     0.2500000     0.2500000    -0.2500000)
        q(000025) = (     0.2500000    -0.5000000     0.0000000)
        q(000026) = (     0.2500000    -0.5000000     0.2500000)
        q(000027) = (     0.2500000    -0.5000000    -0.5000000)
        q(000028) = (     0.2500000    -0.5000000    -0.2500000)
        q(000029) = (     0.2500000    -0.2500000     0.0000000)
        q(000030) = (     0.2500000    -0.2500000     0.2500000)
        q(000031) = (     0.2500000    -0.2500000    -0.5000000)
        q(000032) = (     0.2500000    -0.2500000    -0.2500000)
        q(000033) = (    -0.5000000     0.0000000     0.0000000)
        q(000034) = (    -0.5000000     0.0000000     0.2500000)
        q(000035) = (    -0.5000000     0.0000000    -0.5000000)
        q(000036) = (    -0.5000000     0.0000000    -0.2500000)
        q(000037) = (    -0.5000000     0.2500000     0.0000000)
        q(000038) = (    -0.5000000     0.2500000     0.2500000)
        q(000039) = (    -0.5000000     0.2500000    -0.5000000)
        q(000040) = (    -0.5000000     0.2500000    -0.2500000)
        q(000041) = (    -0.5000000    -0.5000000     0.0000000)
        q(000042) = (    -0.5000000    -0.5000000     0.2500000)
        q(000043) = (    -0.5000000    -0.5000000    -0.5000000)
        q(000044) = (    -0.5000000    -0.5000000    -0.2500000)
        q(000045) = (    -0.5000000    -0.2500000     0.0000000)
        q(000046) = (    -0.5000000    -0.2500000     0.2500000)
        q(000047) = (    -0.5000000    -0.2500000    -0.5000000)
        q(000048) = (    -0.5000000    -0.2500000    -0.2500000)
        q(000049) = (    -0.2500000     0.0000000     0.0000000)
        q(000050) = (    -0.2500000     0.0000000     0.2500000)
        Printing only first 50 q points...
       
     --------------------------------------------------------------------------------------------
     Parallelization for npdep                                           
     --------------------------------------------------------------------------------------------
     nglob                =            200
     nlevel               =              2
     Min nglob/nlevel     =            100
     Max nglob/nlevel     =            100
     --------------------------------------------------------------------------------------------
       
     --------------------------------------------------------------------------------------------
     Parallelization for npdep+macro                                     
     --------------------------------------------------------------------------------------------
     nglob                =            203
     nlevel               =              2
     Min nglob/nlevel     =            101
     Max nglob/nlevel     =            102
     --------------------------------------------------------------------------------------------
       
     --------------------------------------------------------------------------------------------
     Parallelization for n_imfreq                                        
     --------------------------------------------------------------------------------------------
     nglob                =              6
     nlevel               =             40
     Min nglob/nlevel     =              0
     Max nglob/nlevel     =              1
     --------------------------------------------------------------------------------------------
       
     --------------------------------------------------------------------------------------------
     Parallelization for n_refreq                                        
     --------------------------------------------------------------------------------------------
     nglob                =             32
     nlevel               =             40
     Min nglob/nlevel     =              0
     Max nglob/nlevel     =              1
     --------------------------------------------------------------------------------------------
       
     --------------------------------------------------------------------------------------------
     Parallelization for nbnd                                            
     --------------------------------------------------------------------------------------------
     nglob                =            100
     nlevel               =              2
     Min nglob/nlevel     =             50
     Max nglob/nlevel     =             50
     --------------------------------------------------------------------------------------------
     ===========================================================================
          nsym   =   24
          nrot   =   48
          nk_ibz =    8
          Q-point IBZ [ cart  coord ]
          xk(00000001) = (  0.000000  0.000000  0.000000) wk =   0.015625
          xk(00000002) = ( -0.250000  0.250000 -0.250000) wk =   0.125000
          xk(00000003) = (  0.500000 -0.500000  0.500000) wk =   0.062500
          xk(00000004) = (  0.000000  0.500000  0.000000) wk =   0.093750
          xk(00000005) = (  0.750000 -0.250000  0.750000) wk =   0.375000
          xk(00000006) = (  0.500000  0.000000  0.500000) wk =   0.187500
          xk(00000007) = (  0.000000 -1.000000  0.000000) wk =   0.046875
          xk(00000008) = ( -0.500000 -1.000000  0.000000) wk =   0.093750
          Q-point IBZ [ cryst coord ]
          xk(00000001) = (  0.000000  0.000000  0.000000) wk =   0.015625
          xk(00000002) = (  0.000000  0.000000  0.250000) wk =   0.125000
          xk(00000003) = (  0.000000  0.000000 -0.500000) wk =   0.062500
          xk(00000004) = (  0.000000  0.250000  0.250000) wk =   0.093750
          xk(00000005) = (  0.000000  0.250000 -0.500000) wk =   0.375000
          xk(00000006) = (  0.000000  0.250000 -0.250000) wk =   0.187500
          xk(00000007) = (  0.000000 -0.500000 -0.500000) wk =   0.046875
          xk(00000008) = (  0.250000 -0.500000 -0.250000) wk =   0.093750
     ===========================================================================
     ===========================================================================
          nsym   =   24
          nrot   =   48
          nq_ibz =    8
          Q-point IBZ [ cart  coord ]
          xq(00000001) = (  0.000000  0.000000  0.000000) wq =   0.015625
          xq(00000002) = ( -0.250000  0.250000 -0.250000) wq =   0.125000
          xq(00000003) = (  0.500000 -0.500000  0.500000) wq =   0.062500
          xq(00000004) = (  0.000000  0.500000  0.000000) wq =   0.093750
          xq(00000005) = (  0.750000 -0.250000  0.750000) wq =   0.375000
          xq(00000006) = (  0.500000  0.000000  0.500000) wq =   0.187500
          xq(00000007) = (  0.000000 -1.000000  0.000000) wq =   0.046875
          xq(00000008) = ( -0.500000 -1.000000  0.000000) wq =   0.093750
          Q-point IBZ [ cryst coord ]
          xq(00000001) = (  0.000000  0.000000  0.000000) wq =   0.015625
          xq(00000002) = (  0.000000  0.000000  0.250000) wq =   0.125000
          xq(00000003) = (  0.000000  0.000000 -0.500000) wq =   0.062500
          xq(00000004) = (  0.000000  0.250000  0.250000) wq =   0.093750
          xq(00000005) = (  0.000000  0.250000 -0.500000) wq =   0.375000
          xq(00000006) = (  0.000000  0.250000 -0.250000) wq =   0.187500
          xq(00000007) = (  0.000000 -0.500000 -0.500000) wq =   0.046875
          xq(00000008) = (  0.250000 -0.500000 -0.250000) wq =   0.093750
     ===========================================================================
       
     --------------------------------------------------------------------------------------------
     Hartree-Fock Exact E(X)change                                       
     --------------------------------------------------------------------------------------------
      
     --------------------------------------------------------------------------------------------
     Vxc
     --------------------------------------------------------------------------------------------
     in progress... |#                   | 005% :             < 00.1s (E)               00.2s (X)
     in progress... |##                  | 010% :             < 00.1s (E)               00.1s (X)
     in progress... |###                 | 015% :             < 00.1s (E)               00.1s (X)
     in progress... |####                | 020% :             < 00.1s (E)             < 00.1s (X)
     in progress... |#####               | 025% :             < 00.1s (E)             < 00.1s (X)
     in progress... |######              | 030% :             < 00.1s (E)             < 00.1s (X)
     in progress... |#######             | 035% :             < 00.1s (E)             < 00.1s (X)
     in progress... |########            | 040% :             < 00.1s (E)             < 00.1s (X)
     in progress... |#########           | 045% :             < 00.1s (E)             < 00.1s (X)
     in progress... |##########          | 050% :             < 00.1s (E)             < 00.1s (X)
     in progress... |###########         | 055% :             < 00.1s (E)             < 00.1s (X)
     in progress... |############        | 060% :             < 00.1s (E)             < 00.1s (X)
     in progress... |#############       | 065% :             < 00.1s (E)             < 00.1s (X)
     in progress... |##############      | 070% :             < 00.1s (E)             < 00.1s (X)
     in progress... |###############     | 075% :             < 00.1s (E)             < 00.1s (X)
     in progress... |################    | 080% :             < 00.1s (E)             < 00.1s (X)
     in progress... |#################   | 085% :             < 00.1s (E)             < 00.1s (X)
     in progress... |##################  | 090% :             < 00.1s (E)             < 00.1s (X)
     in progress... |################### | 095% :             < 00.1s (E)             < 00.1s (X)
     in progress... |####################| 100% :             < 00.1s (E)             < 00.1s (X)
     --------------------------------------------------------------------------------------------
      
     --------------------------------------------------------------------------------------------
     (X)-Sigma
     --------------------------------------------------------------------------------------------
     in progress... |#                   | 005% :               00.6s (E)               12.4s (X)
     in progress... |##                  | 010% :               04.1s (E)               41.8s (X)
     in progress... |###                 | 015% :               04.7s (E)               31.7s (X)
     in progress... |####                | 020% :               05.3s (E)               26.8s (X)
     in progress... |#####               | 025% :               05.9s (E)               23.7s (X)
     in progress... |######              | 030% :               06.5s (E)               21.8s (X)
     in progress... |#######             | 035% :               07.1s (E)               20.4s (X)
     in progress... |########            | 040% :               07.7s (E)               19.3s (X)
     in progress... |#########           | 045% :               08.3s (E)               18.5s (X)
     in progress... |##########          | 050% :               08.9s (E)               17.8s (X)
     in progress... |###########         | 055% :               09.5s (E)               17.2s (X)
     in progress... |############        | 060% :               10.1s (E)               16.8s (X)
     in progress... |#############       | 065% :               10.6s (E)               16.4s (X)
     in progress... |##############      | 070% :               11.3s (E)               16.1s (X)
     in progress... |###############     | 075% :               11.8s (E)               15.8s (X)
     in progress... |################    | 080% :               12.4s (E)               15.6s (X)
     in progress... |#################   | 085% :               13.0s (E)               15.3s (X)
     in progress... |##################  | 090% :               13.6s (E)               15.1s (X)
     in progress... |################### | 095% :               14.2s (E)               15.0s (X)
     in progress... |####################| 100% :               14.8s (E)               14.8s (X)
     --------------------------------------------------------------------------------------------
       
     --------------------------------------------------------------------------------------------
     (W)-Lanczos                                                         
     --------------------------------------------------------------------------------------------
     in progress... |#                   | 005% :               05.9s (E)           01m-59.3s (X)
     in progress... |##                  | 010% :               11.7s (E)           01m-57.7s (X)
     in progress... |###                 | 015% :               17.3s (E)           01m-55.6s (X)
     in progress... |####                | 020% :               22.5s (E)           01m-52.7s (X)
     in progress... |#####               | 025% :               27.7s (E)           01m-50.9s (X)
     in progress... |######              | 030% :               33.0s (E)           01m-50.0s (X)
     in progress... |#######             | 035% :               38.1s (E)           01m-49.1s (X)
     in progress... |########            | 040% :               43.4s (E)           01m-48.6s (X)
     in progress... |#########           | 045% :               48.6s (E)           01m-48.0s (X)
     in progress... |##########          | 050% :               53.8s (E)           01m-47.6s (X)
     in progress... |###########         | 055% :               59.1s (E)           01m-47.4s (X)
     in progress... |############        | 060% :           01m-04.3s (E)           01m-47.2s (X)
     in progress... |#############       | 065% :           01m-09.5s (E)           01m-47.0s (X)
     in progress... |##############      | 070% :           01m-14.7s (E)           01m-46.8s (X)
     in progress... |###############     | 075% :           01m-19.9s (E)           01m-46.5s (X)
     in progress... |################    | 080% :           01m-25.1s (E)           01m-46.4s (X)
     in progress... |#################   | 085% :           01m-30.3s (E)           01m-46.3s (X)
     in progress... |##################  | 090% :           01m-35.6s (E)           01m-46.2s (X)
     in progress... |################### | 095% :           01m-40.8s (E)           01m-46.1s (X)
     in progress... |####################| 100% :           01m-46.1s (E)           01m-46.1s (X)
     --------------------------------------------------------------------------------------------
 
     Number of q in the star =    4
     List of q in the star:
          1  -0.250000000   0.250000000  -0.250000000
          2   0.250000000  -0.250000000  -0.250000000
          3   0.250000000   0.250000000   0.250000000
          4  -0.250000000  -0.250000000   0.250000000
     In addition there is the -q list: 
          1   0.250000000  -0.250000000   0.250000000
          2  -0.250000000   0.250000000   0.250000000
          3  -0.250000000  -0.250000000  -0.250000000
          4   0.250000000   0.250000000  -0.250000000
 
     Number of q in the star =    4
     List of q in the star:
          1   0.500000000  -0.500000000   0.500000000
          2  -0.500000000   0.500000000   0.500000000
          3  -0.500000000  -0.500000000  -0.500000000
          4   0.500000000   0.500000000  -0.500000000
 
     Number of q in the star =    6
     List of q in the star:
          1   0.000000000   0.500000000   0.000000000
          2   0.000000000  -0.500000000   0.000000000
          3   0.500000000   0.000000000   0.000000000
          4  -0.500000000   0.000000000   0.000000000
          5   0.000000000   0.000000000   0.500000000
          6   0.000000000   0.000000000  -0.500000000
 
     Number of q in the star =   12
     List of q in the star:
          1   0.750000000  -0.250000000   0.750000000
          2  -0.750000000   0.250000000   0.750000000
          3  -0.750000000  -0.250000000  -0.750000000
          4   0.750000000   0.250000000  -0.750000000
          5  -0.250000000   0.750000000   0.750000000
          6   0.250000000   0.750000000  -0.750000000
          7  -0.250000000  -0.750000000  -0.750000000
          8   0.250000000  -0.750000000   0.750000000
          9   0.750000000   0.750000000  -0.250000000
         10   0.750000000  -0.750000000   0.250000000
         11  -0.750000000  -0.750000000  -0.250000000
         12  -0.750000000   0.750000000   0.250000000
     In addition there is the -q list: 
          1  -0.750000000   0.250000000  -0.750000000
          2   0.750000000  -0.250000000  -0.750000000
          3   0.750000000   0.250000000   0.750000000
          4  -0.750000000  -0.250000000   0.750000000
          5   0.250000000  -0.750000000  -0.750000000
          6  -0.250000000  -0.750000000   0.750000000
          7   0.250000000   0.750000000   0.750000000
          8  -0.250000000   0.750000000  -0.750000000
          9  -0.750000000  -0.750000000   0.250000000
         10  -0.750000000   0.750000000  -0.250000000
         11   0.750000000   0.750000000   0.250000000
         12   0.750000000  -0.750000000  -0.250000000
 
     Number of q in the star =   12
     List of q in the star:
          1   0.500000000   0.000000000   0.500000000
          2  -0.500000000   0.000000000   0.500000000
          3  -0.500000000   0.000000000  -0.500000000
          4   0.500000000   0.000000000  -0.500000000
          5   0.000000000   0.500000000   0.500000000
          6   0.000000000   0.500000000  -0.500000000
          7   0.000000000  -0.500000000  -0.500000000
          8   0.000000000  -0.500000000   0.500000000
          9   0.500000000   0.500000000   0.000000000
         10   0.500000000  -0.500000000   0.000000000
         11  -0.500000000  -0.500000000   0.000000000
         12  -0.500000000   0.500000000   0.000000000
 
     Number of q in the star =    3
     List of q in the star:
          1   0.000000000  -1.000000000   0.000000000
          2  -1.000000000   0.000000000   0.000000000
          3   0.000000000   0.000000000  -1.000000000
 
     Number of q in the star =    6
     List of q in the star:
          1  -0.500000000  -1.000000000   0.000000000
          2   0.500000000   1.000000000   0.000000000
          3  -1.000000000   0.000000000  -0.500000000
          4   1.000000000   0.000000000   0.500000000
          5   0.000000000  -0.500000000  -1.000000000
          6   0.000000000   0.500000000   1.000000000
 
     Number of q in the star =    4
     List of q in the star:
          1  -0.250000000   0.250000000  -0.250000000
          2   0.250000000  -0.250000000  -0.250000000
          3   0.250000000   0.250000000   0.250000000
          4  -0.250000000  -0.250000000   0.250000000
     In addition there is the -q list: 
          1   0.250000000  -0.250000000   0.250000000
          2  -0.250000000   0.250000000   0.250000000
          3  -0.250000000  -0.250000000  -0.250000000
          4   0.250000000   0.250000000  -0.250000000
 
     Number of q in the star =    4
     List of q in the star:
          1   0.500000000  -0.500000000   0.500000000
          2  -0.500000000   0.500000000   0.500000000
          3  -0.500000000  -0.500000000  -0.500000000
          4   0.500000000   0.500000000  -0.500000000
 
     Number of q in the star =    6
     List of q in the star:
          1   0.000000000   0.500000000   0.000000000
          2   0.000000000  -0.500000000   0.000000000
          3   0.500000000   0.000000000   0.000000000
          4  -0.500000000   0.000000000   0.000000000
          5   0.000000000   0.000000000   0.500000000
          6   0.000000000   0.000000000  -0.500000000
 
     Number of q in the star =   12
     List of q in the star:
          1   0.750000000  -0.250000000   0.750000000
          2  -0.750000000   0.250000000   0.750000000
          3  -0.750000000  -0.250000000  -0.750000000
          4   0.750000000   0.250000000  -0.750000000
          5  -0.250000000   0.750000000   0.750000000
          6   0.250000000   0.750000000  -0.750000000
          7  -0.250000000  -0.750000000  -0.750000000
          8   0.250000000  -0.750000000   0.750000000
          9   0.750000000   0.750000000  -0.250000000
         10   0.750000000  -0.750000000   0.250000000
         11  -0.750000000  -0.750000000  -0.250000000
         12  -0.750000000   0.750000000   0.250000000
     In addition there is the -q list: 
          1  -0.750000000   0.250000000  -0.750000000
          2   0.750000000  -0.250000000  -0.750000000
          3   0.750000000   0.250000000   0.750000000
          4  -0.750000000  -0.250000000   0.750000000
          5   0.250000000  -0.750000000  -0.750000000
          6  -0.250000000  -0.750000000   0.750000000
          7   0.250000000   0.750000000   0.750000000
          8  -0.250000000   0.750000000  -0.750000000
          9  -0.750000000  -0.750000000   0.250000000
         10  -0.750000000   0.750000000  -0.250000000
         11   0.750000000   0.750000000   0.250000000
         12   0.750000000  -0.750000000  -0.250000000
 
     Number of q in the star =   12
     List of q in the star:
          1   0.500000000   0.000000000   0.500000000
          2  -0.500000000   0.000000000   0.500000000
          3  -0.500000000   0.000000000  -0.500000000
          4   0.500000000   0.000000000  -0.500000000
          5   0.000000000   0.500000000   0.500000000
          6   0.000000000   0.500000000  -0.500000000
          7   0.000000000  -0.500000000  -0.500000000
          8   0.000000000  -0.500000000   0.500000000
          9   0.500000000   0.500000000   0.000000000
         10   0.500000000  -0.500000000   0.000000000
         11  -0.500000000  -0.500000000   0.000000000
         12  -0.500000000   0.500000000   0.000000000
 
     Number of q in the star =    3
     List of q in the star:
          1   0.000000000  -1.000000000   0.000000000
          2  -1.000000000   0.000000000   0.000000000
          3   0.000000000   0.000000000  -1.000000000
 
     Number of q in the star =    6
     List of q in the star:
          1  -0.500000000  -1.000000000   0.000000000
          2   0.500000000   1.000000000   0.000000000
          3  -1.000000000   0.000000000  -0.500000000
          4   1.000000000   0.000000000   0.500000000
          5   0.000000000  -0.500000000  -1.000000000
          6   0.000000000   0.500000000   1.000000000
       
     --------------------------------------------------------------------------------------------
     (G)-Lanczos                                                         
     --------------------------------------------------------------------------------------------
     in progress... |#                   | 005% :               49.5s (E)           16m-31.0s (X)
     in progress... |##                  | 010% :           01m-31.3s (E)           15m-13.8s (X)
     in progress... |###                 | 015% :           02m-16.0s (E)           15m-07.2s (X)
     in progress... |####                | 020% :           03m-01.5s (E)           15m-07.6s (X)
     in progress... |#####               | 025% :           03m-43.7s (E)           14m-55.0s (X)
     in progress... |######              | 030% :           04m-28.3s (E)           14m-54.6s (X)
     in progress... |#######             | 035% :           05m-11.9s (E)           14m-51.2s (X)
     in progress... |########            | 040% :           05m-54.4s (E)           14m-46.1s (X)
     in progress... |#########           | 045% :           06m-37.4s (E)           14m-43.2s (X)
     in progress... |##########          | 050% :           07m-18.3s (E)           14m-36.7s (X)
     in progress... |###########         | 055% :           08m-03.6s (E)           14m-39.3s (X)
     in progress... |############        | 060% :           08m-44.8s (E)           14m-34.8s (X)
     in progress... |#############       | 065% :           09m-27.4s (E)           14m-33.0s (X)
     in progress... |##############      | 070% :           10m-09.2s (E)           14m-30.2s (X)
     in progress... |###############     | 075% :           10m-50.9s (E)           14m-27.9s (X)
     in progress... |################    | 080% :           11m-34.7s (E)           14m-28.4s (X)
     in progress... |#################   | 085% :           12m-16.2s (E)           14m-26.2s (X)
     in progress... |##################  | 090% :           12m-58.8s (E)           14m-25.4s (X)
     in progress... |################### | 095% :           13m-41.2s (E)           14m-24.4s (X)
     in progress... |####################| 100% :           14m-24.9s (E)           14m-24.9s (X)
     --------------------------------------------------------------------------------------------
       
     --------------------------------------------------------------------------------------------
     (Q)uasiparticle energies                                            
     --------------------------------------------------------------------------------------------
       
     --------------------------------------------------------------------------------------------
     Sigma_C                                                             
     --------------------------------------------------------------------------------------------
     Integrating along the IM axis...
     --------------------------------------------------------------------------------------------
     in progress... |#                   | 005% :             < 00.1s (E)               00.2s (X)
     in progress... |##                  | 010% :             < 00.1s (E)               00.1s (X)
     --------------------------------------------------------------------------------------------
     Residues along the RE axis...
     --------------------------------------------------------------------------------------------
     in progress... |#                   | 005% :             < 00.1s (E)             < 00.1s (X)
     in progress... |##                  | 010% :             < 00.1s (E)             < 00.1s (X)
     --------------------------------------------------------------------------------------------
       
     --------------------------------------------------------------------------------------------
     Sigma_C                                                             
     --------------------------------------------------------------------------------------------
     Integrating along the IM axis...
     --------------------------------------------------------------------------------------------
     in progress... |#                   | 005% :             < 00.1s (E)             < 00.1s (X)
     in progress... |##                  | 010% :             < 00.1s (E)             < 00.1s (X)
     --------------------------------------------------------------------------------------------
     Residues along the RE axis...
     --------------------------------------------------------------------------------------------
     in progress... |#                   | 005% :             < 00.1s (E)             < 00.1s (X)
     in progress... |##                  | 010% :             < 00.1s (E)             < 00.1s (X)
     --------------------------------------------------------------------------------------------

     --------------------------------------------------------------------------------------------
     Iter: 000000
     k(000001) = (   0.0000000   0.0000000   0.0000000) cryst. coord.
     band      QP en. [eV] conv
     000001      -3.923926   no
     000002      12.052079   no
     000003      12.052108   no
     000004      12.052084   no
     000005      20.015661   no
     000006      20.015675   no
     000007      20.015667   no
     000008      27.493244   no
     ---------------------------------
     k(000002) = (   0.0000000   0.0000000   0.2500000) cryst. coord.
     band      QP en. [eV] conv
     000001      -7.882494   no
     000002       5.229299   no
     000003      10.241967   no
     000004      10.241957   no
     000005      22.278504   no
     000006      22.278489   no
     000007      22.443349   no
     000008      28.947779   no
     ---------------------------------
     k(000003) = (   0.0000000   0.0000000  -0.5000000) cryst. coord.
     band      QP en. [eV] conv
     000001      -3.586195   no
     000002      -1.768043   no
     000003       9.097723   no
     000004       9.097701   no
     000005      22.967725   no
     000006      22.967748   no
     000007      23.057617   no
     000008      30.038060   no
     ---------------------------------
     k(000006) = (   0.0000000   0.2500000   0.2500000) cryst. coord.
     band      QP en. [eV] conv
     000001      -7.584749   no
     000002       7.274250   no
     000003       7.755430   no
     000004       7.755421   no
     000005      18.639725   no
     000006      24.503830   no
     000007      26.213415   no
     000008      26.213421   no
     ---------------------------------
     k(000007) = (   0.0000000   0.2500000  -0.5000000) cryst. coord.
     band      QP en. [eV] conv
     000001      -4.730167   no
     000002       0.575489   no
     000003       5.005740   no
     000004       6.919575   no
     000005      20.275536   no
     000006      25.802042   no
     000007      27.326057   no
     000008      27.743080   no
     ---------------------------------
     k(000008) = (   0.0000000   0.2500000  -0.2500000) cryst. coord.
     band      QP en. [eV] conv
     000001     -11.276488   no
     000002       2.863868   no
     000003       4.140335   no
     000004       8.923942   no
     000005      22.265653   no
     000006      24.527000   no
     000007      26.749627   no
     000008      28.247943   no
     ---------------------------------
     k(000011) = (   0.0000000  -0.5000000  -0.5000000) cryst. coord.
     band      QP en. [eV] conv
     000001      -1.263332   no
     000002      -1.263331   no
     000003       5.456371   no
     000004       5.456361   no
     000005      18.827372   no
     000006      18.827377   no
     000007      31.471881   no
     000008      31.471886   no
     ---------------------------------
     k(000028) = (   0.2500000  -0.5000000  -0.2500000) cryst. coord.
     band      QP en. [eV] conv
     000001      -0.318852   no
     000002      -0.318853   no
     000003       3.333612   no
     000004       3.333611   no
     000005      24.922115   no
     000006      24.922119   no
     000007      26.803972   no
     000008      26.803960   no
     ---------------------------------
     --------------------------------------------------------------------------------------------
       
     --------------------------------------------------------------------------------------------
     Sigma_C                                                             
     --------------------------------------------------------------------------------------------
     Integrating along the IM axis...
     --------------------------------------------------------------------------------------------
     in progress... |#                   | 005% :             < 00.1s (E)             < 00.1s (X)
     in progress... |##                  | 010% :             < 00.1s (E)             < 00.1s (X)
     --------------------------------------------------------------------------------------------
     Residues along the RE axis...
     --------------------------------------------------------------------------------------------
     in progress... |#                   | 005% :             < 00.1s (E)             < 00.1s (X)
     in progress... |##                  | 010% :             < 00.1s (E)             < 00.1s (X)
     --------------------------------------------------------------------------------------------

     --------------------------------------------------------------------------------------------
     Iter: 000001
     k(000001) = (   0.0000000   0.0000000   0.0000000) cryst. coord.
     band      QP en. [eV] conv
     000001      -9.963101   no
     000002      12.057175  yes
     000003      12.057204  yes
     000004      12.057180  yes
     000005      20.007339  yes
     000006      20.007353  yes
     000007      20.007345  yes
     000008      27.483715  yes
     ---------------------------------
     k(000002) = (   0.0000000   0.0000000   0.2500000) cryst. coord.
     band      QP en. [eV] conv
     000001      -8.325149   no
     000002       5.178945   no
     000003      10.262799  yes
     000004      10.262789  yes
     000005      22.278286  yes
     000006      22.278271  yes
     000007      22.450722  yes
     000008      28.905372  yes
     ---------------------------------
     k(000003) = (   0.0000000   0.0000000  -0.5000000) cryst. coord.
     band      QP en. [eV] conv
     000001      -3.942084   no
     000002      -1.664367   no
     000003       9.121906  yes
     000004       9.121884  yes
     000005      22.965345  yes
     000006      22.965368  yes
     000007      23.069769  yes
     000008      29.956238   no
     ---------------------------------
     k(000006) = (   0.0000000   0.2500000   0.2500000) cryst. coord.
     band      QP en. [eV] conv
     000001      -7.494929   no
     000002       7.289578  yes
     000003       7.773714  yes
     000004       7.773705  yes
     000005      18.634904  yes
     000006      24.478296  yes
     000007      26.176860  yes
     000008      26.176865  yes
     ---------------------------------
     k(000007) = (   0.0000000   0.2500000  -0.5000000) cryst. coord.
     band      QP en. [eV] conv
     000001      -3.740659   no
     000002       0.948603   no
     000003       5.015410  yes
     000004       6.957352  yes
     000005      20.276353  yes
     000006      25.794862  yes
     000007      27.358102  yes
     000008      27.705299  yes
     ---------------------------------
     k(000008) = (   0.0000000   0.2500000  -0.2500000) cryst. coord.
     band      QP en. [eV] conv
     000001      -5.331649   no
     000002       3.010046   no
     000003       4.139461  yes
     000004       8.909856  yes
     000005      22.253744  yes
     000006      24.603327   no
     000007      26.774985  yes
     000008      28.231849  yes
     ---------------------------------
     k(000011) = (   0.0000000  -0.5000000  -0.5000000) cryst. coord.
     band      QP en. [eV] conv
     000001      -1.144660   no
     000002      -1.144658   no
     000003       5.468963  yes
     000004       5.468953  yes
     000005      18.822740  yes
     000006      18.822745  yes
     000007      31.363758   no
     000008      31.363764   no
     ---------------------------------
     k(000028) = (   0.2500000  -0.5000000  -0.2500000) cryst. coord.
     band      QP en. [eV] conv
     000001      -0.283382  yes
     000002      -0.283382  yes
     000003       3.434565   no
     000004       3.434563   no
     000005      24.929957  yes
     000006      24.929961  yes
     000007      26.813156  yes
     000008      26.813144  yes
     ---------------------------------
     --------------------------------------------------------------------------------------------
       
     --------------------------------------------------------------------------------------------
     Sigma_C                                                             
     --------------------------------------------------------------------------------------------
     Integrating along the IM axis...
     --------------------------------------------------------------------------------------------
     in progress... |#                   | 005% :             < 00.1s (E)             < 00.1s (X)
     in progress... |##                  | 010% :             < 00.1s (E)             < 00.1s (X)
     --------------------------------------------------------------------------------------------
     Residues along the RE axis...
     --------------------------------------------------------------------------------------------
     in progress... |#                   | 005% :             < 00.1s (E)             < 00.1s (X)
     in progress... |##                  | 010% :             < 00.1s (E)             < 00.1s (X)
     --------------------------------------------------------------------------------------------

     --------------------------------------------------------------------------------------------
     Iter: 000002
     k(000001) = (   0.0000000   0.0000000   0.0000000) cryst. coord.
     band      QP en. [eV] conv
     000001     -10.191911   no
     000002      12.057175  yes
     000003      12.057204  yes
     000004      12.057180  yes
     000005      20.007339  yes
     000006      20.007353  yes
     000007      20.007345  yes
     000008      27.483715  yes
     ---------------------------------
     k(000002) = (   0.0000000   0.0000000   0.2500000) cryst. coord.
     band      QP en. [eV] conv
     000001      -8.316193  yes
     000002       5.184341  yes
     000003      10.262799  yes
     000004      10.262789  yes
     000005      22.278286  yes
     000006      22.278271  yes
     000007      22.450722  yes
     000008      28.905372  yes
     ---------------------------------
     k(000003) = (   0.0000000   0.0000000  -0.5000000) cryst. coord.
     band      QP en. [eV] conv
     000001      -3.987347  yes
     000002      -1.688020  yes
     000003       9.121906  yes
     000004       9.121884  yes
     000005      22.965345  yes
     000006      22.965368  yes
     000007      23.069769  yes
     000008      29.962726  yes
     ---------------------------------
     k(000006) = (   0.0000000   0.2500000   0.2500000) cryst. coord.
     band      QP en. [eV] conv
     000001      -7.353801   no
     000002       7.289578  yes
     000003       7.773714  yes
     000004       7.773705  yes
     000005      18.634904  yes
     000006      24.478296  yes
     000007      26.176860  yes
     000008      26.176865  yes
     ---------------------------------
     k(000007) = (   0.0000000   0.2500000  -0.5000000) cryst. coord.
     band      QP en. [eV] conv
     000001      -3.695460  yes
     000002       0.933020  yes
     000003       5.015410  yes
     000004       6.957352  yes
     000005      20.276353  yes
     000006      25.794862  yes
     000007      27.358102  yes
     000008      27.705299  yes
     ---------------------------------
     k(000008) = (   0.0000000   0.2500000  -0.2500000) cryst. coord.
     band      QP en. [eV] conv
     000001      -5.418042   no
     000002       3.023591  yes
     000003       4.139461  yes
     000004       8.909856  yes
     000005      22.253744  yes
     000006      24.606320  yes
     000007      26.774985  yes
     000008      28.231849  yes
     ---------------------------------
     k(000011) = (   0.0000000  -0.5000000  -0.5000000) cryst. coord.
     band      QP en. [eV] conv
     000001      -0.843335   no
     000002      -0.843333   no
     000003       5.468963  yes
     000004       5.468953  yes
     000005      18.822740  yes
     000006      18.822745  yes
     000007      31.342780  yes
     000008      31.342785  yes
     ---------------------------------
     k(000028) = (   0.2500000  -0.5000000  -0.2500000) cryst. coord.
     band      QP en. [eV] conv
     000001      -0.283382  yes
     000002      -0.283382  yes
     000003       3.441327  yes
     000004       3.441326  yes
     000005      24.929957  yes
     000006      24.929961  yes
     000007      26.813156  yes
     000008      26.813144  yes
     ---------------------------------
     --------------------------------------------------------------------------------------------
       
     --------------------------------------------------------------------------------------------
     Sigma_C                                                             
     --------------------------------------------------------------------------------------------
     Integrating along the IM axis...
     --------------------------------------------------------------------------------------------
     in progress... |#                   | 005% :             < 00.1s (E)             < 00.1s (X)
     in progress... |##                  | 010% :             < 00.1s (E)             < 00.1s (X)
     --------------------------------------------------------------------------------------------
     Residues along the RE axis...
     --------------------------------------------------------------------------------------------
     in progress... |#                   | 005% :             < 00.1s (E)             < 00.1s (X)
     in progress... |##                  | 010% :             < 00.1s (E)             < 00.1s (X)
     --------------------------------------------------------------------------------------------

     --------------------------------------------------------------------------------------------
     Iter: 000003
     k(000001) = (   0.0000000   0.0000000   0.0000000) cryst. coord.
     band      QP en. [eV] conv
     000001      -9.527233   no
     000002      12.057175  yes
     000003      12.057204  yes
     000004      12.057180  yes
     000005      20.007339  yes
     000006      20.007353  yes
     000007      20.007345  yes
     000008      27.483715  yes
     ---------------------------------
     k(000002) = (   0.0000000   0.0000000   0.2500000) cryst. coord.
     band      QP en. [eV] conv
     000001      -8.316193  yes
     000002       5.184341  yes
     000003      10.262799  yes
     000004      10.262789  yes
     000005      22.278286  yes
     000006      22.278271  yes
     000007      22.450722  yes
     000008      28.905372  yes
     ---------------------------------
     k(000003) = (   0.0000000   0.0000000  -0.5000000) cryst. coord.
     band      QP en. [eV] conv
     000001      -3.987347  yes
     000002      -1.688020  yes
     000003       9.121906  yes
     000004       9.121884  yes
     000005      22.965345  yes
     000006      22.965368  yes
     000007      23.069769  yes
     000008      29.962726  yes
     ---------------------------------
     k(000006) = (   0.0000000   0.2500000   0.2500000) cryst. coord.
     band      QP en. [eV] conv
     000001      -7.438241   no
     000002       7.289578  yes
     000003       7.773714  yes
     000004       7.773705  yes
     000005      18.634904  yes
     000006      24.478296  yes
     000007      26.176860  yes
     000008      26.176865  yes
     ---------------------------------
     k(000007) = (   0.0000000   0.2500000  -0.5000000) cryst. coord.
     band      QP en. [eV] conv
     000001      -3.695460  yes
     000002       0.933020  yes
     000003       5.015410  yes
     000004       6.957352  yes
     000005      20.276353  yes
     000006      25.794862  yes
     000007      27.358102  yes
     000008      27.705299  yes
     ---------------------------------
     k(000008) = (   0.0000000   0.2500000  -0.2500000) cryst. coord.
     band      QP en. [eV] conv
     000001      -5.412111  yes
     000002       3.023591  yes
     000003       4.139461  yes
     000004       8.909856  yes
     000005      22.253744  yes
     000006      24.606320  yes
     000007      26.774985  yes
     000008      28.231849  yes
     ---------------------------------
     k(000011) = (   0.0000000  -0.5000000  -0.5000000) cryst. coord.
     band      QP en. [eV] conv
     000001      -1.060932   no
     000002      -1.060930   no
     000003       5.468963  yes
     000004       5.468953  yes
     000005      18.822740  yes
     000006      18.822745  yes
     000007      31.342780  yes
     000008      31.342785  yes
     ---------------------------------
     k(000028) = (   0.2500000  -0.5000000  -0.2500000) cryst. coord.
     band      QP en. [eV] conv
     000001      -0.283382  yes
     000002      -0.283382  yes
     000003       3.441327  yes
     000004       3.441326  yes
     000005      24.929957  yes
     000006      24.929961  yes
     000007      26.813156  yes
     000008      26.813144  yes
     ---------------------------------
     --------------------------------------------------------------------------------------------
       
     --------------------------------------------------------------------------------------------
     Sigma_C                                                             
     --------------------------------------------------------------------------------------------
     Integrating along the IM axis...
     --------------------------------------------------------------------------------------------
     in progress... |#                   | 005% :             < 00.1s (E)             < 00.1s (X)
     in progress... |##                  | 010% :             < 00.1s (E)             < 00.1s (X)
     --------------------------------------------------------------------------------------------
     Residues along the RE axis...
     --------------------------------------------------------------------------------------------
     in progress... |#                   | 005% :             < 00.1s (E)             < 00.1s (X)
     in progress... |##                  | 010% :             < 00.1s (E)             < 00.1s (X)
     --------------------------------------------------------------------------------------------

     --------------------------------------------------------------------------------------------
     Iter: 000004
     k(000001) = (   0.0000000   0.0000000   0.0000000) cryst. coord.
     band      QP en. [eV] conv
     000001     -27.695490   no
     000002      12.057175  yes
     000003      12.057204  yes
     000004      12.057180  yes
     000005      20.007339  yes
     000006      20.007353  yes
     000007      20.007345  yes
     000008      27.483715  yes
     ---------------------------------
     k(000002) = (   0.0000000   0.0000000   0.2500000) cryst. coord.
     band      QP en. [eV] conv
     000001      -8.316193  yes
     000002       5.184341  yes
     000003      10.262799  yes
     000004      10.262789  yes
     000005      22.278286  yes
     000006      22.278271  yes
     000007      22.450722  yes
     000008      28.905372  yes
     ---------------------------------
     k(000003) = (   0.0000000   0.0000000  -0.5000000) cryst. coord.
     band      QP en. [eV] conv
     000001      -3.987347  yes
     000002      -1.688020  yes
     000003       9.121906  yes
     000004       9.121884  yes
     000005      22.965345  yes
     000006      22.965368  yes
     000007      23.069769  yes
     000008      29.962726  yes
     ---------------------------------
     k(000006) = (   0.0000000   0.2500000   0.2500000) cryst. coord.
     band      QP en. [eV] conv
     000001      -7.449985  yes
     000002       7.289578  yes
     000003       7.773714  yes
     000004       7.773705  yes
     000005      18.634904  yes
     000006      24.478296  yes
     000007      26.176860  yes
     000008      26.176865  yes
     ---------------------------------
     k(000007) = (   0.0000000   0.2500000  -0.5000000) cryst. coord.
     band      QP en. [eV] conv
     000001      -3.695460  yes
     000002       0.933020  yes
     000003       5.015410  yes
     000004       6.957352  yes
     000005      20.276353  yes
     000006      25.794862  yes
     000007      27.358102  yes
     000008      27.705299  yes
     ---------------------------------
     k(000008) = (   0.0000000   0.2500000  -0.2500000) cryst. coord.
     band      QP en. [eV] conv
     000001      -5.412111  yes
     000002       3.023591  yes
     000003       4.139461  yes
     000004       8.909856  yes
     000005      22.253744  yes
     000006      24.606320  yes
     000007      26.774985  yes
     000008      28.231849  yes
     ---------------------------------
     k(000011) = (   0.0000000  -0.5000000  -0.5000000) cryst. coord.
     band      QP en. [eV] conv
     000001      -1.054185  yes
     000002      -1.054184  yes
     000003       5.468963  yes
     000004       5.468953  yes
     000005      18.822740  yes
     000006      18.822745  yes
     000007      31.342780  yes
     000008      31.342785  yes
     ---------------------------------
     k(000028) = (   0.2500000  -0.5000000  -0.2500000) cryst. coord.
     band      QP en. [eV] conv
     000001      -0.283382  yes
     000002      -0.283382  yes
     000003       3.441327  yes
     000004       3.441326  yes
     000005      24.929957  yes
     000006      24.929961  yes
     000007      26.813156  yes
     000008      26.813144  yes
     ---------------------------------
     --------------------------------------------------------------------------------------------
       
     --------------------------------------------------------------------------------------------
     Sigma_C                                                             
     --------------------------------------------------------------------------------------------
     Integrating along the IM axis...
     --------------------------------------------------------------------------------------------
     in progress... |#                   | 005% :             < 00.1s (E)             < 00.1s (X)
     in progress... |##                  | 010% :             < 00.1s (E)             < 00.1s (X)
     --------------------------------------------------------------------------------------------
     Residues along the RE axis...
     --------------------------------------------------------------------------------------------
     in progress... |#                   | 005% :             < 00.1s (E)             < 00.1s (X)
     in progress... |##                  | 010% :             < 00.1s (E)             < 00.1s (X)
     --------------------------------------------------------------------------------------------

     --------------------------------------------------------------------------------------------
     Iter: 000005
     k(000001) = (   0.0000000   0.0000000   0.0000000) cryst. coord.
     band      QP en. [eV] conv
     000001      -9.844007   no
     000002      12.057175  yes
     000003      12.057204  yes
     000004      12.057180  yes
     000005      20.007339  yes
     000006      20.007353  yes
     000007      20.007345  yes
     000008      27.483715  yes
     ---------------------------------
     k(000002) = (   0.0000000   0.0000000   0.2500000) cryst. coord.
     band      QP en. [eV] conv
     000001      -8.316193  yes
     000002       5.184341  yes
     000003      10.262799  yes
     000004      10.262789  yes
     000005      22.278286  yes
     000006      22.278271  yes
     000007      22.450722  yes
     000008      28.905372  yes
     ---------------------------------
     k(000003) = (   0.0000000   0.0000000  -0.5000000) cryst. coord.
     band      QP en. [eV] conv
     000001      -3.987347  yes
     000002      -1.688020  yes
     000003       9.121906  yes
     000004       9.121884  yes
     000005      22.965345  yes
     000006      22.965368  yes
     000007      23.069769  yes
     000008      29.962726  yes
     ---------------------------------
     k(000006) = (   0.0000000   0.2500000   0.2500000) cryst. coord.
     band      QP en. [eV] conv
     000001      -7.449985  yes
     000002       7.289578  yes
     000003       7.773714  yes
     000004       7.773705  yes
     000005      18.634904  yes
     000006      24.478296  yes
     000007      26.176860  yes
     000008      26.176865  yes
     ---------------------------------
     k(000007) = (   0.0000000   0.2500000  -0.5000000) cryst. coord.
     band      QP en. [eV] conv
     000001      -3.695460  yes
     000002       0.933020  yes
     000003       5.015410  yes
     000004       6.957352  yes
     000005      20.276353  yes
     000006      25.794862  yes
     000007      27.358102  yes
     000008      27.705299  yes
     ---------------------------------
     k(000008) = (   0.0000000   0.2500000  -0.2500000) cryst. coord.
     band      QP en. [eV] conv
     000001      -5.412111  yes
     000002       3.023591  yes
     000003       4.139461  yes
     000004       8.909856  yes
     000005      22.253744  yes
     000006      24.606320  yes
     000007      26.774985  yes
     000008      28.231849  yes
     ---------------------------------
     k(000011) = (   0.0000000  -0.5000000  -0.5000000) cryst. coord.
     band      QP en. [eV] conv
     000001      -1.054185  yes
     000002      -1.054184  yes
     000003       5.468963  yes
     000004       5.468953  yes
     000005      18.822740  yes
     000006      18.822745  yes
     000007      31.342780  yes
     000008      31.342785  yes
     ---------------------------------
     k(000028) = (   0.2500000  -0.5000000  -0.2500000) cryst. coord.
     band      QP en. [eV] conv
     000001      -0.283382  yes
     000002      -0.283382  yes
     000003       3.441327  yes
     000004       3.441326  yes
     000005      24.929957  yes
     000006      24.929961  yes
     000007      26.813156  yes
     000008      26.813144  yes
     ---------------------------------
     --------------------------------------------------------------------------------------------
       
     --------------------------------------------------------------------------------------------
     Sigma_C                                                             
     --------------------------------------------------------------------------------------------
     Integrating along the IM axis...
     --------------------------------------------------------------------------------------------
     in progress... |#                   | 005% :             < 00.1s (E)             < 00.1s (X)
     in progress... |##                  | 010% :             < 00.1s (E)             < 00.1s (X)
     --------------------------------------------------------------------------------------------
     Residues along the RE axis...
     --------------------------------------------------------------------------------------------
     in progress... |#                   | 005% :             < 00.1s (E)             < 00.1s (X)
     in progress... |##                  | 010% :             < 00.1s (E)             < 00.1s (X)
     --------------------------------------------------------------------------------------------

     --------------------------------------------------------------------------------------------
     Iter: 000006
     k(000001) = (   0.0000000   0.0000000   0.0000000) cryst. coord.
     band      QP en. [eV] conv
     000001     -10.194210   no
     000002      12.057175  yes
     000003      12.057204  yes
     000004      12.057180  yes
     000005      20.007339  yes
     000006      20.007353  yes
     000007      20.007345  yes
     000008      27.483715  yes
     ---------------------------------
     k(000002) = (   0.0000000   0.0000000   0.2500000) cryst. coord.
     band      QP en. [eV] conv
     000001      -8.316193  yes
     000002       5.184341  yes
     000003      10.262799  yes
     000004      10.262789  yes
     000005      22.278286  yes
     000006      22.278271  yes
     000007      22.450722  yes
     000008      28.905372  yes
     ---------------------------------
     k(000003) = (   0.0000000   0.0000000  -0.5000000) cryst. coord.
     band      QP en. [eV] conv
     000001      -3.987347  yes
     000002      -1.688020  yes
     000003       9.121906  yes
     000004       9.121884  yes
     000005      22.965345  yes
     000006      22.965368  yes
     000007      23.069769  yes
     000008      29.962726  yes
     ---------------------------------
     k(000006) = (   0.0000000   0.2500000   0.2500000) cryst. coord.
     band      QP en. [eV] conv
     000001      -7.449985  yes
     000002       7.289578  yes
     000003       7.773714  yes
     000004       7.773705  yes
     000005      18.634904  yes
     000006      24.478296  yes
     000007      26.176860  yes
     000008      26.176865  yes
     ---------------------------------
     k(000007) = (   0.0000000   0.2500000  -0.5000000) cryst. coord.
     band      QP en. [eV] conv
     000001      -3.695460  yes
     000002       0.933020  yes
     000003       5.015410  yes
     000004       6.957352  yes
     000005      20.276353  yes
     000006      25.794862  yes
     000007      27.358102  yes
     000008      27.705299  yes
     ---------------------------------
     k(000008) = (   0.0000000   0.2500000  -0.2500000) cryst. coord.
     band      QP en. [eV] conv
     000001      -5.412111  yes
     000002       3.023591  yes
     000003       4.139461  yes
     000004       8.909856  yes
     000005      22.253744  yes
     000006      24.606320  yes
     000007      26.774985  yes
     000008      28.231849  yes
     ---------------------------------
     k(000011) = (   0.0000000  -0.5000000  -0.5000000) cryst. coord.
     band      QP en. [eV] conv
     000001      -1.054185  yes
     000002      -1.054184  yes
     000003       5.468963  yes
     000004       5.468953  yes
     000005      18.822740  yes
     000006      18.822745  yes
     000007      31.342780  yes
     000008      31.342785  yes
     ---------------------------------
     k(000028) = (   0.2500000  -0.5000000  -0.2500000) cryst. coord.
     band      QP en. [eV] conv
     000001      -0.283382  yes
     000002      -0.283382  yes
     000003       3.441327  yes
     000004       3.441326  yes
     000005      24.929957  yes
     000006      24.929961  yes
     000007      26.813156  yes
     000008      26.813144  yes
     ---------------------------------
     --------------------------------------------------------------------------------------------
       
     --------------------------------------------------------------------------------------------
     Sigma_C                                                             
     --------------------------------------------------------------------------------------------
     Integrating along the IM axis...
     --------------------------------------------------------------------------------------------
     in progress... |#                   | 005% :             < 00.1s (E)             < 00.1s (X)
     in progress... |##                  | 010% :             < 00.1s (E)             < 00.1s (X)
     --------------------------------------------------------------------------------------------
     Residues along the RE axis...
     --------------------------------------------------------------------------------------------
     in progress... |#                   | 005% :             < 00.1s (E)             < 00.1s (X)
     in progress... |##                  | 010% :             < 00.1s (E)             < 00.1s (X)
     --------------------------------------------------------------------------------------------

     --------------------------------------------------------------------------------------------
     Iter: 000007
     k(000001) = (   0.0000000   0.0000000   0.0000000) cryst. coord.
     band      QP en. [eV] conv
     000001     -12.164915   no
     000002      12.057175  yes
     000003      12.057204  yes
     000004      12.057180  yes
     000005      20.007339  yes
     000006      20.007353  yes
     000007      20.007345  yes
     000008      27.483715  yes
     ---------------------------------
     k(000002) = (   0.0000000   0.0000000   0.2500000) cryst. coord.
     band      QP en. [eV] conv
     000001      -8.316193  yes
     000002       5.184341  yes
     000003      10.262799  yes
     000004      10.262789  yes
     000005      22.278286  yes
     000006      22.278271  yes
     000007      22.450722  yes
     000008      28.905372  yes
     ---------------------------------
     k(000003) = (   0.0000000   0.0000000  -0.5000000) cryst. coord.
     band      QP en. [eV] conv
     000001      -3.987347  yes
     000002      -1.688020  yes
     000003       9.121906  yes
     000004       9.121884  yes
     000005      22.965345  yes
     000006      22.965368  yes
     000007      23.069769  yes
     000008      29.962726  yes
     ---------------------------------
     k(000006) = (   0.0000000   0.2500000   0.2500000) cryst. coord.
     band      QP en. [eV] conv
     000001      -7.449985  yes
     000002       7.289578  yes
     000003       7.773714  yes
     000004       7.773705  yes
     000005      18.634904  yes
     000006      24.478296  yes
     000007      26.176860  yes
     000008      26.176865  yes
     ---------------------------------
     k(000007) = (   0.0000000   0.2500000  -0.5000000) cryst. coord.
     band      QP en. [eV] conv
     000001      -3.695460  yes
     000002       0.933020  yes
     000003       5.015410  yes
     000004       6.957352  yes
     000005      20.276353  yes
     000006      25.794862  yes
     000007      27.358102  yes
     000008      27.705299  yes
     ---------------------------------
     k(000008) = (   0.0000000   0.2500000  -0.2500000) cryst. coord.
     band      QP en. [eV] conv
     000001      -5.412111  yes
     000002       3.023591  yes
     000003       4.139461  yes
     000004       8.909856  yes
     000005      22.253744  yes
     000006      24.606320  yes
     000007      26.774985  yes
     000008      28.231849  yes
     ---------------------------------
     k(000011) = (   0.0000000  -0.5000000  -0.5000000) cryst. coord.
     band      QP en. [eV] conv
     000001      -1.054185  yes
     000002      -1.054184  yes
     000003       5.468963  yes
     000004       5.468953  yes
     000005      18.822740  yes
     000006      18.822745  yes
     000007      31.342780  yes
     000008      31.342785  yes
     ---------------------------------
     k(000028) = (   0.2500000  -0.5000000  -0.2500000) cryst. coord.
     band      QP en. [eV] conv
     000001      -0.283382  yes
     000002      -0.283382  yes
     000003       3.441327  yes
     000004       3.441326  yes
     000005      24.929957  yes
     000006      24.929961  yes
     000007      26.813156  yes
     000008      26.813144  yes
     ---------------------------------
     --------------------------------------------------------------------------------------------
       
     --------------------------------------------------------------------------------------------
     Sigma_C                                                             
     --------------------------------------------------------------------------------------------
     Integrating along the IM axis...
     --------------------------------------------------------------------------------------------
     in progress... |#                   | 005% :             < 00.1s (E)             < 00.1s (X)
     in progress... |##                  | 010% :             < 00.1s (E)             < 00.1s (X)
     --------------------------------------------------------------------------------------------
     Residues along the RE axis...
     --------------------------------------------------------------------------------------------
     in progress... |#                   | 005% :             < 00.1s (E)             < 00.1s (X)
     in progress... |##                  | 010% :             < 00.1s (E)             < 00.1s (X)
     --------------------------------------------------------------------------------------------

     --------------------------------------------------------------------------------------------
     Iter: 000008
     k(000001) = (   0.0000000   0.0000000   0.0000000) cryst. coord.
     band      QP en. [eV] conv
     000001     -10.469577   no
     000002      12.057175  yes
     000003      12.057204  yes
     000004      12.057180  yes
     000005      20.007339  yes
     000006      20.007353  yes
     000007      20.007345  yes
     000008      27.483715  yes
     ---------------------------------
     k(000002) = (   0.0000000   0.0000000   0.2500000) cryst. coord.
     band      QP en. [eV] conv
     000001      -8.316193  yes
     000002       5.184341  yes
     000003      10.262799  yes
     000004      10.262789  yes
     000005      22.278286  yes
     000006      22.278271  yes
     000007      22.450722  yes
     000008      28.905372  yes
     ---------------------------------
     k(000003) = (   0.0000000   0.0000000  -0.5000000) cryst. coord.
     band      QP en. [eV] conv
     000001      -3.987347  yes
     000002      -1.688020  yes
     000003       9.121906  yes
     000004       9.121884  yes
     000005      22.965345  yes
     000006      22.965368  yes
     000007      23.069769  yes
     000008      29.962726  yes
     ---------------------------------
     k(000006) = (   0.0000000   0.2500000   0.2500000) cryst. coord.
     band      QP en. [eV] conv
     000001      -7.449985  yes
     000002       7.289578  yes
     000003       7.773714  yes
     000004       7.773705  yes
     000005      18.634904  yes
     000006      24.478296  yes
     000007      26.176860  yes
     000008      26.176865  yes
     ---------------------------------
     k(000007) = (   0.0000000   0.2500000  -0.5000000) cryst. coord.
     band      QP en. [eV] conv
     000001      -3.695460  yes
     000002       0.933020  yes
     000003       5.015410  yes
     000004       6.957352  yes
     000005      20.276353  yes
     000006      25.794862  yes
     000007      27.358102  yes
     000008      27.705299  yes
     ---------------------------------
     k(000008) = (   0.0000000   0.2500000  -0.2500000) cryst. coord.
     band      QP en. [eV] conv
     000001      -5.412111  yes
     000002       3.023591  yes
     000003       4.139461  yes
     000004       8.909856  yes
     000005      22.253744  yes
     000006      24.606320  yes
     000007      26.774985  yes
     000008      28.231849  yes
     ---------------------------------
     k(000011) = (   0.0000000  -0.5000000  -0.5000000) cryst. coord.
     band      QP en. [eV] conv
     000001      -1.054185  yes
     000002      -1.054184  yes
     000003       5.468963  yes
     000004       5.468953  yes
     000005      18.822740  yes
     000006      18.822745  yes
     000007      31.342780  yes
     000008      31.342785  yes
     ---------------------------------
     k(000028) = (   0.2500000  -0.5000000  -0.2500000) cryst. coord.
     band      QP en. [eV] conv
     000001      -0.283382  yes
     000002      -0.283382  yes
     000003       3.441327  yes
     000004       3.441326  yes
     000005      24.929957  yes
     000006      24.929961  yes
     000007      26.813156  yes
     000008      26.813144  yes
     ---------------------------------
     --------------------------------------------------------------------------------------------
       
     --------------------------------------------------------------------------------------------
     Sigma_C                                                             
     --------------------------------------------------------------------------------------------
     Integrating along the IM axis...
     --------------------------------------------------------------------------------------------
     in progress... |#                   | 005% :             < 00.1s (E)             < 00.1s (X)
     in progress... |##                  | 010% :             < 00.1s (E)             < 00.1s (X)
     --------------------------------------------------------------------------------------------
     Residues along the RE axis...
     --------------------------------------------------------------------------------------------
     in progress... |#                   | 005% :             < 00.1s (E)             < 00.1s (X)
     in progress... |##                  | 010% :             < 00.1s (E)             < 00.1s (X)
     --------------------------------------------------------------------------------------------
       
     --------------------------------------------------------------------------------------------
     CONVERGENCE ACHIEVED !!!                                            
     --------------------------------------------------------------------------------------------

     --------------------------------------------------------------------------------------------
     k(000001) = (   0.0000000   0.0000000   0.0000000) cryst. coord.
     band      QP en. [eV] conv
     000001     -10.453986  yes
     000002      12.057175  yes
     000003      12.057204  yes
     000004      12.057180  yes
     000005      20.007339  yes
     000006      20.007353  yes
     000007      20.007345  yes
     000008      27.483715  yes
     ---------------------------------
     k(000002) = (   0.0000000   0.0000000   0.2500000) cryst. coord.
     band      QP en. [eV] conv
     000001      -8.316193  yes
     000002       5.184341  yes
     000003      10.262799  yes
     000004      10.262789  yes
     000005      22.278286  yes
     000006      22.278271  yes
     000007      22.450722  yes
     000008      28.905372  yes
     ---------------------------------
     k(000003) = (   0.0000000   0.0000000  -0.5000000) cryst. coord.
     band      QP en. [eV] conv
     000001      -3.987347  yes
     000002      -1.688020  yes
     000003       9.121906  yes
     000004       9.121884  yes
     000005      22.965345  yes
     000006      22.965368  yes
     000007      23.069769  yes
     000008      29.962726  yes
     ---------------------------------
     k(000006) = (   0.0000000   0.2500000   0.2500000) cryst. coord.
     band      QP en. [eV] conv
     000001      -7.449985  yes
     000002       7.289578  yes
     000003       7.773714  yes
     000004       7.773705  yes
     000005      18.634904  yes
     000006      24.478296  yes
     000007      26.176860  yes
     000008      26.176865  yes
     ---------------------------------
     k(000007) = (   0.0000000   0.2500000  -0.5000000) cryst. coord.
     band      QP en. [eV] conv
     000001      -3.695460  yes
     000002       0.933020  yes
     000003       5.015410  yes
     000004       6.957352  yes
     000005      20.276353  yes
     000006      25.794862  yes
     000007      27.358102  yes
     000008      27.705299  yes
     ---------------------------------
     k(000008) = (   0.0000000   0.2500000  -0.2500000) cryst. coord.
     band      QP en. [eV] conv
     000001      -5.412111  yes
     000002       3.023591  yes
     000003       4.139461  yes
     000004       8.909856  yes
     000005      22.253744  yes
     000006      24.606320  yes
     000007      26.774985  yes
     000008      28.231849  yes
     ---------------------------------
     k(000011) = (   0.0000000  -0.5000000  -0.5000000) cryst. coord.
     band      QP en. [eV] conv
     000001      -1.054185  yes
     000002      -1.054184  yes
     000003       5.468963  yes
     000004       5.468953  yes
     000005      18.822740  yes
     000006      18.822745  yes
     000007      31.342780  yes
     000008      31.342785  yes
     ---------------------------------
     k(000028) = (   0.2500000  -0.5000000  -0.2500000) cryst. coord.
     band      QP en. [eV] conv
     000001      -0.283382  yes
     000002      -0.283382  yes
     000003       3.441327  yes
     000004       3.441326  yes
     000005      24.929957  yes
     000006      24.929961  yes
     000007      26.813156  yes
     000008      26.813144  yes
     ---------------------------------
     --------------------------------------------------------------------------------------------
 
     Number of q in the star =    1
     List of q in the star:
          1   0.000000000   0.000000000   0.000000000
 
     Number of q in the star =    4
     List of q in the star:
          1  -0.250000000   0.250000000  -0.250000000
          2   0.250000000  -0.250000000  -0.250000000
          3   0.250000000   0.250000000   0.250000000
          4  -0.250000000  -0.250000000   0.250000000
     In addition there is the -q list: 
          1   0.250000000  -0.250000000   0.250000000
          2  -0.250000000   0.250000000   0.250000000
          3  -0.250000000  -0.250000000  -0.250000000
          4   0.250000000   0.250000000  -0.250000000
 
     Number of q in the star =    4
     List of q in the star:
          1   0.500000000  -0.500000000   0.500000000
          2  -0.500000000   0.500000000   0.500000000
          3  -0.500000000  -0.500000000  -0.500000000
          4   0.500000000   0.500000000  -0.500000000
 
     Number of q in the star =    6
     List of q in the star:
          1   0.000000000   0.500000000   0.000000000
          2   0.000000000  -0.500000000   0.000000000
          3   0.500000000   0.000000000   0.000000000
          4  -0.500000000   0.000000000   0.000000000
          5   0.000000000   0.000000000   0.500000000
          6   0.000000000   0.000000000  -0.500000000
 
     Number of q in the star =   12
     List of q in the star:
          1   0.750000000  -0.250000000   0.750000000
          2  -0.750000000   0.250000000   0.750000000
          3  -0.750000000  -0.250000000  -0.750000000
          4   0.750000000   0.250000000  -0.750000000
          5  -0.250000000   0.750000000   0.750000000
          6   0.250000000   0.750000000  -0.750000000
          7  -0.250000000  -0.750000000  -0.750000000
          8   0.250000000  -0.750000000   0.750000000
          9   0.750000000   0.750000000  -0.250000000
         10   0.750000000  -0.750000000   0.250000000
         11  -0.750000000  -0.750000000  -0.250000000
         12  -0.750000000   0.750000000   0.250000000
     In addition there is the -q list: 
          1  -0.750000000   0.250000000  -0.750000000
          2   0.750000000  -0.250000000  -0.750000000
          3   0.750000000   0.250000000   0.750000000
          4  -0.750000000  -0.250000000   0.750000000
          5   0.250000000  -0.750000000  -0.750000000
          6  -0.250000000  -0.750000000   0.750000000
          7   0.250000000   0.750000000   0.750000000
          8  -0.250000000   0.750000000  -0.750000000
          9  -0.750000000  -0.750000000   0.250000000
         10  -0.750000000   0.750000000  -0.250000000
         11   0.750000000   0.750000000   0.250000000
         12   0.750000000  -0.750000000  -0.250000000
 
     Number of q in the star =   12
     List of q in the star:
          1   0.500000000   0.000000000   0.500000000
          2  -0.500000000   0.000000000   0.500000000
          3  -0.500000000   0.000000000  -0.500000000
          4   0.500000000   0.000000000  -0.500000000
          5   0.000000000   0.500000000   0.500000000
          6   0.000000000   0.500000000  -0.500000000
          7   0.000000000  -0.500000000  -0.500000000
          8   0.000000000  -0.500000000   0.500000000
          9   0.500000000   0.500000000   0.000000000
         10   0.500000000  -0.500000000   0.000000000
         11  -0.500000000  -0.500000000   0.000000000
         12  -0.500000000   0.500000000   0.000000000
 
     Number of q in the star =    3
     List of q in the star:
          1   0.000000000  -1.000000000   0.000000000
          2  -1.000000000   0.000000000   0.000000000
          3   0.000000000   0.000000000  -1.000000000
 
     Number of q in the star =    6
     List of q in the star:
          1  -0.500000000  -1.000000000   0.000000000
          2   0.500000000   1.000000000   0.000000000
          3  -1.000000000   0.000000000  -0.500000000
          4   1.000000000   0.000000000   0.500000000
          5   0.000000000  -0.500000000  -1.000000000
          6   0.000000000   0.500000000   1.000000000
      
     --------------------------------------------------------------------------------------------
     SAVE written in 00.6s               
     In location : ./c.wfreq.save
     --------------------------------------------------------------------------------------------
     WFREQ        :  8m16.99s CPU    16m35.44s WALL

     wfreq_readin :      2.71s CPU      3.17s WALL (       1 calls)
     fetch_input  :      0.01s CPU      0.03s WALL (       2 calls)
     read_xml     :      0.71s CPU      0.86s WALL (       1 calls)
     init_vloc    :      0.00s CPU      0.01s WALL (       2 calls)
     fft          :      2.16s CPU      2.90s WALL (   65540 calls)
     fft_scatter  :     33.28s CPU     40.00s WALL ( 1431270 calls)
     v_of_rho     :      0.00s CPU      0.01s WALL (       1 calls)
     v_xc         :      0.00s CPU      0.01s WALL (       2 calls)
     v_h          :      0.00s CPU      0.00s WALL (       1 calls)
     read_wave    :      1.99s CPU      2.26s WALL (       1 calls)
     davcio       :      2.33s CPU      3.66s WALL (   38089 calls)
     init_us_1    :      0.00s CPU      0.02s WALL (       2 calls)
     do_setup     :      0.02s CPU      0.05s WALL (       1 calls)
     init_pw_ar   :      0.00s CPU      0.01s WALL (       1 calls)
     init_at_1    :      0.00s CPU      0.00s WALL (       1 calls)
     solve_hf     :     11.39s CPU     14.90s WALL (       1 calls)
     sigmavxc     :      0.02s CPU      0.04s WALL (       1 calls)
     init_us_2    :      0.06s CPU      0.08s WALL (    4736 calls)
     fftw         :     43.22s CPU     51.42s WALL ( 1365730 calls)
     sigmax       :     11.37s CPU     14.84s WALL (       1 calls)
     sqvc_init    :      0.14s CPU      0.19s WALL (   36872 calls)
     wlanczos     :     90.07s CPU    106.19s WALL (       1 calls)
     commutator_H :      0.06s CPU      0.07s WALL (     768 calls)
     stres_us31   :      0.00s CPU      0.00s WALL (     768 calls)
     stres_us32   :      0.00s CPU      0.00s WALL (     768 calls)
     stres_us33   :      0.00s CPU      0.00s WALL (     768 calls)
     stres_us34   :      0.00s CPU      0.00s WALL (     768 calls)
     calbec       :      0.10s CPU      0.11s WALL (    6959 calls)
     alphapc      :      6.63s CPU      6.74s WALL (    8448 calls)
     linstern     :      1.19s CPU      1.34s WALL (     256 calls)
     stern        :      1.03s CPU      1.16s WALL (    5423 calls)
     h_psi_bgrp   :      0.94s CPU      1.06s WALL (    5423 calls)
     h_psi        :      0.93s CPU      1.05s WALL (    5423 calls)
     h_psi:pot    :      0.92s CPU      1.03s WALL (    5423 calls)
     vloc_psi     :      0.79s CPU      0.89s WALL (    5423 calls)
     h_psi:calbec :      0.08s CPU      0.10s WALL (    5423 calls)
     add_vuspsi   :      0.02s CPU      0.02s WALL (    5423 calls)
     alphapv      :      0.07s CPU      0.08s WALL (    5423 calls)
     chi0_diag    :      0.37s CPU      0.38s WALL (       1 calls)
     glanczos     :    388.00s CPU    864.94s WALL (       1 calls)
     solve_qp     :      3.54s CPU      4.81s WALL (       1 calls)
     sigmac_i     :      0.10s CPU      0.10s WALL (      11 calls)
     sigmac_r     :      0.07s CPU      0.07s WALL (      11 calls)
     wfreq_db     :      0.53s CPU      0.69s WALL (       1 calls)
 
     WFREQ        :  8m17.11s CPU    16m35.70s WALL

 
   This run was terminated on:   1:28: 3   4Jan2021            

=------------------------------------------------------------------------------=
   JOB DONE.
=------------------------------------------------------------------------------=
