
     Program WFREQ v. 3.1.1 starts on 20Jan2021 at 15:27:57 

     This program is part of the open-source West suite
     for massively parallel calculations of excited states in materials; please cite
         "M. Govoni et al., J. Chem. Theory Comput. 11, 2680 (2015);
          URL http://www.west-code.org", 
     in publications or presentations arising from this work.

     Based on the Quantum ESPRESSO v. 6.1 svn rev. 13369

     I/O is Little Endian
       
     --------------------------------------------------------------------------------------------
     **MPI** Parallelization Status                                      
     --------------------------------------------------------------------------------------------
                    80                   4             1             1            20
     --------------------------------------------------------------------------------------------
                     N         =         I      X      P      X      B      X      Z
                     ^                   ^             ^             ^             ^
                     |                   |             |             |             |
                   #rnk                  |             |             |             |
                                      #image           |             |             |
                                                     #pool           |             |
                                                                   #bgrp           |
                                                                                 #R&G
     --------------------------------------------------------------------------------------------
     **OPENMP** Parallelization Status
     #thr/rnk               =            1
     --------------------------------------------------------------------------------------------
     #prc = (rnk) * (thr) =           80
     --------------------------------------------------------------------------------------------
       
     --------------------------------------------------------------------------------------------
     I/O Summary : input_west                                            
     --------------------------------------------------------------------------------------------
     qe_prefix      = c
     west_prefix    = c
     outdir         = ./
     --------------------------------------------------------------------------------------------

     Reading data from directory:
     ./c.save

   Info: using nr1, nr2, nr3 values from input

   Info: using nr1, nr2, nr3 values from input

     IMPORTANT: XC functional enforced from input :
     Exchange-correlation      = BLYP ( 1  3  1  3 0 0)
     Any further DFT definition will be discarded
     Please, verify this is what you really want

 
     Parallelization info
     --------------------
     sticks:   dense  smooth     PW     G-vecs:    dense   smooth      PW
     Min          18      18      6                  244      244      46
     Max          19      19      7                  247      247      50
     Sum         379     379    121                 4909     4909     941
 
       
     --------------------------------------------------------------------------------------------
     I/O Summary : wstat_control                                         
     --------------------------------------------------------------------------------------------
     wstat_calculation              =              S
     n_pdep_eigen                   =            200
     n_pdep_times                   =              4
     n_pdep_maxiter                 =            100
     n_dfpt_maxiter                 =            250
     n_pdep_read_from_file          =              0
     trev_pdep                      =   1.000000E-03
     trev_pdep_rel                  =   1.000000E-01
     tr2_dfpt                       =   1.000000E-12
     l_kinetic_only                 =              F
     l_minimize_exx_if_active       =              F
     l_use_ecutrho                  =              F
     l_use_symm                     =              T
     nq(1)                          =              4
     nq(2)                          =              4
     nq(3)                          =              4
     --------------------------------------------------------------------------------------------
       
     --------------------------------------------------------------------------------------------
     I/O Summary : wfreq_control                                         
     --------------------------------------------------------------------------------------------
     wfreq_calculation                        =           XWGQ
     n_pdep_eigen_to_use                      =            200
     qp_bandrange(1)                          =              1
     qp_bandrange(2)                          =              8
     macropol_calculation                     =              C
     n_lanczos                                =             30
     n_imfreq                                 =            500
     n_refreq                                 =            500
     ecut_imfreq [Ry]                         =     240.000000
     ecut_refreq [Ry]                         =       3.000000
     wfreq_eta [Ry]                           =       0.003675
     n_secant_maxiter                         =            200
     trev_secant [Ry]                         =       0.003676
     l_enable_lanczos                         =              T
     l_enable_gwetot                          =              F
     o_restart_time [min]                     =      -1.000000
     ecut_spectralf(1) [Ry]                   =      -2.000000
     ecut_spectralf(2) [Ry]                   =       2.000000
     n_spectralf                              =             10
     l_read_common_pdep                       =              F
     l_enable_gb_curvature                    =              T
     --------------------------------------------------------------------------------------------
       
     --------------------------------------------------------------------------------------------
     System Overview                                                     
     --------------------------------------------------------------------------------------------
     gamma_only           =              F
     ecutwfc [Ry]         =      60.000000
     ecutrho [Ry]         =     240.000000
     omega [au^3]         =   7.766894E+01
     nbnd                 =              8
     nkstot               =             64
     nspin                =              1
     nelec                =       8.000000
     npol                 =              1
     lsda                 =              F
     noncolin             =              F
     lspinorb             =              F
     domag                =              F
     --------------------------------------------------------------------------------------------

     3DFFT grid
        s : (  24,  24,  24)
        p : (  24,  24,  24)

     Direct Lattice Cell [a.u.]
        a1 = (    -3.3864068     0.0000000     3.3864068)
        a2 = (     0.0000000     3.3864068     3.3864068)
        a3 = (    -3.3864068     3.3864068     0.0000000)

     Reciprocal Lattice Cell [a.u.]
        b1 = (    -0.9277068    -0.9277068     0.9277068)
        b2 = (     0.9277068     0.9277068     0.9277068)
        b3 = (    -0.9277068     0.9277068    -0.9277068)
      

     Brillouin Zone sampling [cryst. coord.]
 
        k(000001) = (     0.0000000     0.0000000     0.0000000)
        k(000002) = (     0.0000000     0.0000000     0.2500000)
        k(000003) = (     0.0000000     0.0000000    -0.5000000)
        k(000004) = (     0.0000000     0.0000000    -0.2500000)
        k(000005) = (     0.0000000     0.2500000     0.0000000)
        k(000006) = (     0.0000000     0.2500000     0.2500000)
        k(000007) = (     0.0000000     0.2500000    -0.5000000)
        k(000008) = (     0.0000000     0.2500000    -0.2500000)
        k(000009) = (     0.0000000    -0.5000000     0.0000000)
        k(000010) = (     0.0000000    -0.5000000     0.2500000)
        k(000011) = (     0.0000000    -0.5000000    -0.5000000)
        k(000012) = (     0.0000000    -0.5000000    -0.2500000)
        k(000013) = (     0.0000000    -0.2500000     0.0000000)
        k(000014) = (     0.0000000    -0.2500000     0.2500000)
        k(000015) = (     0.0000000    -0.2500000    -0.5000000)
        k(000016) = (     0.0000000    -0.2500000    -0.2500000)
        k(000017) = (     0.2500000     0.0000000     0.0000000)
        k(000018) = (     0.2500000     0.0000000     0.2500000)
        k(000019) = (     0.2500000     0.0000000    -0.5000000)
        k(000020) = (     0.2500000     0.0000000    -0.2500000)
        k(000021) = (     0.2500000     0.2500000     0.0000000)
        k(000022) = (     0.2500000     0.2500000     0.2500000)
        k(000023) = (     0.2500000     0.2500000    -0.5000000)
        k(000024) = (     0.2500000     0.2500000    -0.2500000)
        k(000025) = (     0.2500000    -0.5000000     0.0000000)
        k(000026) = (     0.2500000    -0.5000000     0.2500000)
        k(000027) = (     0.2500000    -0.5000000    -0.5000000)
        k(000028) = (     0.2500000    -0.5000000    -0.2500000)
        k(000029) = (     0.2500000    -0.2500000     0.0000000)
        k(000030) = (     0.2500000    -0.2500000     0.2500000)
        k(000031) = (     0.2500000    -0.2500000    -0.5000000)
        k(000032) = (     0.2500000    -0.2500000    -0.2500000)
        k(000033) = (    -0.5000000     0.0000000     0.0000000)
        k(000034) = (    -0.5000000     0.0000000     0.2500000)
        k(000035) = (    -0.5000000     0.0000000    -0.5000000)
        k(000036) = (    -0.5000000     0.0000000    -0.2500000)
        k(000037) = (    -0.5000000     0.2500000     0.0000000)
        k(000038) = (    -0.5000000     0.2500000     0.2500000)
        k(000039) = (    -0.5000000     0.2500000    -0.5000000)
        k(000040) = (    -0.5000000     0.2500000    -0.2500000)
        k(000041) = (    -0.5000000    -0.5000000     0.0000000)
        k(000042) = (    -0.5000000    -0.5000000     0.2500000)
        k(000043) = (    -0.5000000    -0.5000000    -0.5000000)
        k(000044) = (    -0.5000000    -0.5000000    -0.2500000)
        k(000045) = (    -0.5000000    -0.2500000     0.0000000)
        k(000046) = (    -0.5000000    -0.2500000     0.2500000)
        k(000047) = (    -0.5000000    -0.2500000    -0.5000000)
        k(000048) = (    -0.5000000    -0.2500000    -0.2500000)
        k(000049) = (    -0.2500000     0.0000000     0.0000000)
        k(000050) = (    -0.2500000     0.0000000     0.2500000)
        Printing only first 50 k points...
 
        q(000001) = (     0.0000000     0.0000000     0.0000000)
        q(000002) = (     0.0000000     0.0000000     0.2500000)
        q(000003) = (     0.0000000     0.0000000    -0.5000000)
        q(000004) = (     0.0000000     0.0000000    -0.2500000)
        q(000005) = (     0.0000000     0.2500000     0.0000000)
        q(000006) = (     0.0000000     0.2500000     0.2500000)
        q(000007) = (     0.0000000     0.2500000    -0.5000000)
        q(000008) = (     0.0000000     0.2500000    -0.2500000)
        q(000009) = (     0.0000000    -0.5000000     0.0000000)
        q(000010) = (     0.0000000    -0.5000000     0.2500000)
        q(000011) = (     0.0000000    -0.5000000    -0.5000000)
        q(000012) = (     0.0000000    -0.5000000    -0.2500000)
        q(000013) = (     0.0000000    -0.2500000     0.0000000)
        q(000014) = (     0.0000000    -0.2500000     0.2500000)
        q(000015) = (     0.0000000    -0.2500000    -0.5000000)
        q(000016) = (     0.0000000    -0.2500000    -0.2500000)
        q(000017) = (     0.2500000     0.0000000     0.0000000)
        q(000018) = (     0.2500000     0.0000000     0.2500000)
        q(000019) = (     0.2500000     0.0000000    -0.5000000)
        q(000020) = (     0.2500000     0.0000000    -0.2500000)
        q(000021) = (     0.2500000     0.2500000     0.0000000)
        q(000022) = (     0.2500000     0.2500000     0.2500000)
        q(000023) = (     0.2500000     0.2500000    -0.5000000)
        q(000024) = (     0.2500000     0.2500000    -0.2500000)
        q(000025) = (     0.2500000    -0.5000000     0.0000000)
        q(000026) = (     0.2500000    -0.5000000     0.2500000)
        q(000027) = (     0.2500000    -0.5000000    -0.5000000)
        q(000028) = (     0.2500000    -0.5000000    -0.2500000)
        q(000029) = (     0.2500000    -0.2500000     0.0000000)
        q(000030) = (     0.2500000    -0.2500000     0.2500000)
        q(000031) = (     0.2500000    -0.2500000    -0.5000000)
        q(000032) = (     0.2500000    -0.2500000    -0.2500000)
        q(000033) = (    -0.5000000     0.0000000     0.0000000)
        q(000034) = (    -0.5000000     0.0000000     0.2500000)
        q(000035) = (    -0.5000000     0.0000000    -0.5000000)
        q(000036) = (    -0.5000000     0.0000000    -0.2500000)
        q(000037) = (    -0.5000000     0.2500000     0.0000000)
        q(000038) = (    -0.5000000     0.2500000     0.2500000)
        q(000039) = (    -0.5000000     0.2500000    -0.5000000)
        q(000040) = (    -0.5000000     0.2500000    -0.2500000)
        q(000041) = (    -0.5000000    -0.5000000     0.0000000)
        q(000042) = (    -0.5000000    -0.5000000     0.2500000)
        q(000043) = (    -0.5000000    -0.5000000    -0.5000000)
        q(000044) = (    -0.5000000    -0.5000000    -0.2500000)
        q(000045) = (    -0.5000000    -0.2500000     0.0000000)
        q(000046) = (    -0.5000000    -0.2500000     0.2500000)
        q(000047) = (    -0.5000000    -0.2500000    -0.5000000)
        q(000048) = (    -0.5000000    -0.2500000    -0.2500000)
        q(000049) = (    -0.2500000     0.0000000     0.0000000)
        q(000050) = (    -0.2500000     0.0000000     0.2500000)
        Printing only first 50 q points...
       
     --------------------------------------------------------------------------------------------
     Parallelization for npdep                                           
     --------------------------------------------------------------------------------------------
     nglob                =            200
     nlevel               =              4
     Min nglob/nlevel     =             50
     Max nglob/nlevel     =             50
     --------------------------------------------------------------------------------------------
       
     --------------------------------------------------------------------------------------------
     Parallelization for npdep+macro                                     
     --------------------------------------------------------------------------------------------
     nglob                =            203
     nlevel               =              4
     Min nglob/nlevel     =             50
     Max nglob/nlevel     =             51
     --------------------------------------------------------------------------------------------
       
     --------------------------------------------------------------------------------------------
     Parallelization for n_imfreq                                        
     --------------------------------------------------------------------------------------------
     nglob                =            500
     nlevel               =             20
     Min nglob/nlevel     =             25
     Max nglob/nlevel     =             25
     --------------------------------------------------------------------------------------------
       
     --------------------------------------------------------------------------------------------
     Parallelization for n_refreq                                        
     --------------------------------------------------------------------------------------------
     nglob                =            500
     nlevel               =             20
     Min nglob/nlevel     =             25
     Max nglob/nlevel     =             25
     --------------------------------------------------------------------------------------------
       
     --------------------------------------------------------------------------------------------
     Parallelization for nbnd                                            
     --------------------------------------------------------------------------------------------
     nglob                =              8
     nlevel               =              4
     Min nglob/nlevel     =              2
     Max nglob/nlevel     =              2
     --------------------------------------------------------------------------------------------
     ===========================================================================
          nsym   =   24
          nrot   =   48
          nk_ibz =    8
          Q-point IBZ [ cart  coord ]
          xk(00000001) = (  0.000000  0.000000  0.000000) wk =   0.015625
          xk(00000002) = ( -0.250000  0.250000 -0.250000) wk =   0.125000
          xk(00000003) = (  0.500000 -0.500000  0.500000) wk =   0.062500
          xk(00000004) = (  0.000000  0.500000  0.000000) wk =   0.093750
          xk(00000005) = (  0.750000 -0.250000  0.750000) wk =   0.375000
          xk(00000006) = (  0.500000  0.000000  0.500000) wk =   0.187500
          xk(00000007) = (  0.000000 -1.000000  0.000000) wk =   0.046875
          xk(00000008) = ( -0.500000 -1.000000  0.000000) wk =   0.093750
          Q-point IBZ [ cryst coord ]
          xk(00000001) = (  0.000000  0.000000  0.000000) wk =   0.015625
          xk(00000002) = (  0.000000  0.000000  0.250000) wk =   0.125000
          xk(00000003) = (  0.000000  0.000000 -0.500000) wk =   0.062500
          xk(00000004) = (  0.000000  0.250000  0.250000) wk =   0.093750
          xk(00000005) = (  0.000000  0.250000 -0.500000) wk =   0.375000
          xk(00000006) = (  0.000000  0.250000 -0.250000) wk =   0.187500
          xk(00000007) = (  0.000000 -0.500000 -0.500000) wk =   0.046875
          xk(00000008) = (  0.250000 -0.500000 -0.250000) wk =   0.093750
     ===========================================================================
     ===========================================================================
          nsym   =   24
          nrot   =   48
          nq_ibz =    8
          Q-point IBZ [ cart  coord ]
          xq(00000001) = (  0.000000  0.000000  0.000000) wq =   0.015625
          xq(00000002) = ( -0.250000  0.250000 -0.250000) wq =   0.125000
          xq(00000003) = (  0.500000 -0.500000  0.500000) wq =   0.062500
          xq(00000004) = (  0.000000  0.500000  0.000000) wq =   0.093750
          xq(00000005) = (  0.750000 -0.250000  0.750000) wq =   0.375000
          xq(00000006) = (  0.500000  0.000000  0.500000) wq =   0.187500
          xq(00000007) = (  0.000000 -1.000000  0.000000) wq =   0.046875
          xq(00000008) = ( -0.500000 -1.000000  0.000000) wq =   0.093750
          Q-point IBZ [ cryst coord ]
          xq(00000001) = (  0.000000  0.000000  0.000000) wq =   0.015625
          xq(00000002) = (  0.000000  0.000000  0.250000) wq =   0.125000
          xq(00000003) = (  0.000000  0.000000 -0.500000) wq =   0.062500
          xq(00000004) = (  0.000000  0.250000  0.250000) wq =   0.093750
          xq(00000005) = (  0.000000  0.250000 -0.500000) wq =   0.375000
          xq(00000006) = (  0.000000  0.250000 -0.250000) wq =   0.187500
          xq(00000007) = (  0.000000 -0.500000 -0.500000) wq =   0.046875
          xq(00000008) = (  0.250000 -0.500000 -0.250000) wq =   0.093750
     ===========================================================================
       
     --------------------------------------------------------------------------------------------
     Hartree-Fock Exact E(X)change                                       
     --------------------------------------------------------------------------------------------
      
     --------------------------------------------------------------------------------------------
     Vxc
     --------------------------------------------------------------------------------------------
     in progress... |#                   | 005% :               00.3s (E)               06.4s (X)
     in progress... |##                  | 010% :               00.6s (E)               06.0s (X)
     in progress... |###                 | 015% :               00.7s (E)               04.7s (X)
     in progress... |####                | 020% :               00.9s (E)               04.8s (X)
     in progress... |#####               | 025% :               00.9s (E)               03.8s (X)
     in progress... |######              | 030% :               00.9s (E)               03.2s (X)
     in progress... |#######             | 035% :               00.9s (E)               02.7s (X)
     in progress... |########            | 040% :               00.9s (E)               02.4s (X)
     in progress... |#########           | 045% :               00.9s (E)               02.1s (X)
     in progress... |##########          | 050% :               00.9s (E)               01.9s (X)
     in progress... |###########         | 055% :               00.9s (E)               01.7s (X)
     in progress... |############        | 060% :               00.9s (E)               01.6s (X)
     in progress... |#############       | 065% :               00.9s (E)               01.4s (X)
     in progress... |##############      | 070% :               00.9s (E)               01.3s (X)
     in progress... |###############     | 075% :               00.9s (E)               01.2s (X)
     in progress... |################    | 080% :               00.9s (E)               01.2s (X)
     in progress... |#################   | 085% :               00.9s (E)               01.1s (X)
     in progress... |##################  | 090% :               00.9s (E)               01.0s (X)
     in progress... |################### | 095% :               00.9s (E)               01.0s (X)
     in progress... |####################| 100% :               00.9s (E)               00.9s (X)
     --------------------------------------------------------------------------------------------
      
     --------------------------------------------------------------------------------------------
     (X)-Sigma
     --------------------------------------------------------------------------------------------
     in progress... |#                   | 005% :               00.2s (E)               05.1s (X)
     in progress... |##                  | 010% :               00.5s (E)               05.0s (X)
     in progress... |###                 | 015% :               00.7s (E)               04.9s (X)
     in progress... |####                | 020% :               00.9s (E)               04.9s (X)
     in progress... |#####               | 025% :               01.2s (E)               04.8s (X)
     in progress... |######              | 030% :               01.4s (E)               04.8s (X)
     in progress... |#######             | 035% :               01.7s (E)               04.8s (X)
     in progress... |########            | 040% :               01.9s (E)               04.8s (X)
     in progress... |#########           | 045% :               02.1s (E)               04.8s (X)
     in progress... |##########          | 050% :               02.4s (E)               04.8s (X)
     in progress... |###########         | 055% :               02.6s (E)               04.8s (X)
     in progress... |############        | 060% :               02.9s (E)               04.8s (X)
     in progress... |#############       | 065% :               03.1s (E)               04.8s (X)
     in progress... |##############      | 070% :               03.4s (E)               04.8s (X)
     in progress... |###############     | 075% :               03.6s (E)               04.8s (X)
     in progress... |################    | 080% :               03.8s (E)               04.8s (X)
     in progress... |#################   | 085% :               04.1s (E)               04.8s (X)
     in progress... |##################  | 090% :               04.3s (E)               04.8s (X)
     in progress... |################### | 095% :               04.6s (E)               04.8s (X)
     in progress... |####################| 100% :               04.8s (E)               04.8s (X)
     --------------------------------------------------------------------------------------------
       
     --------------------------------------------------------------------------------------------
     (W)-Lanczos                                                         
     --------------------------------------------------------------------------------------------
     in progress... |#                   | 005% :               20.5s (E)           06m-50.2s (X)
     in progress... |##                  | 010% :               39.3s (E)           06m-33.4s (X)
     in progress... |###                 | 015% :               59.2s (E)           06m-35.1s (X)
     in progress... |####                | 020% :           01m-18.0s (E)           06m-30.4s (X)
     in progress... |#####               | 025% :           01m-36.7s (E)           06m-27.0s (X)
     in progress... |######              | 030% :           01m-56.7s (E)           06m-29.2s (X)
     in progress... |#######             | 035% :           02m-15.5s (E)           06m-27.3s (X)
     in progress... |########            | 040% :           02m-35.8s (E)           06m-29.5s (X)
     in progress... |#########           | 045% :           02m-54.6s (E)           06m-28.1s (X)
     in progress... |##########          | 050% :           03m-13.5s (E)           06m-27.0s (X)
     in progress... |###########         | 055% :           03m-33.4s (E)           06m-28.1s (X)
     in progress... |############        | 060% :           03m-52.3s (E)           06m-27.2s (X)
     in progress... |#############       | 065% :           04m-12.2s (E)           06m-28.1s (X)
     in progress... |##############      | 070% :           04m-31.1s (E)           06m-27.3s (X)
     in progress... |###############     | 075% :           04m-50.0s (E)           06m-26.6s (X)
     in progress... |################    | 080% :           05m-09.9s (E)           06m-27.4s (X)
     in progress... |#################   | 085% :           05m-28.8s (E)           06m-26.9s (X)
     in progress... |##################  | 090% :           05m-48.8s (E)           06m-27.5s (X)
     in progress... |################### | 095% :           06m-07.9s (E)           06m-27.2s (X)
     in progress... |####################| 100% :           06m-26.8s (E)           06m-26.8s (X)
     --------------------------------------------------------------------------------------------
 
     Number of q in the star =    4
     List of q in the star:
          1  -0.250000000   0.250000000  -0.250000000
          2   0.250000000  -0.250000000  -0.250000000
          3   0.250000000   0.250000000   0.250000000
          4  -0.250000000  -0.250000000   0.250000000
     In addition there is the -q list: 
          1   0.250000000  -0.250000000   0.250000000
          2  -0.250000000   0.250000000   0.250000000
          3  -0.250000000  -0.250000000  -0.250000000
          4   0.250000000   0.250000000  -0.250000000
 
     Number of q in the star =    4
     List of q in the star:
          1   0.500000000  -0.500000000   0.500000000
          2  -0.500000000   0.500000000   0.500000000
          3  -0.500000000  -0.500000000  -0.500000000
          4   0.500000000   0.500000000  -0.500000000
 
     Number of q in the star =    6
     List of q in the star:
          1   0.000000000   0.500000000   0.000000000
          2   0.000000000  -0.500000000   0.000000000
          3   0.500000000   0.000000000   0.000000000
          4  -0.500000000   0.000000000   0.000000000
          5   0.000000000   0.000000000   0.500000000
          6   0.000000000   0.000000000  -0.500000000
 
     Number of q in the star =   12
     List of q in the star:
          1   0.750000000  -0.250000000   0.750000000
          2  -0.750000000   0.250000000   0.750000000
          3  -0.750000000  -0.250000000  -0.750000000
          4   0.750000000   0.250000000  -0.750000000
          5  -0.250000000   0.750000000   0.750000000
          6   0.250000000   0.750000000  -0.750000000
          7  -0.250000000  -0.750000000  -0.750000000
          8   0.250000000  -0.750000000   0.750000000
          9   0.750000000   0.750000000  -0.250000000
         10   0.750000000  -0.750000000   0.250000000
         11  -0.750000000  -0.750000000  -0.250000000
         12  -0.750000000   0.750000000   0.250000000
     In addition there is the -q list: 
          1  -0.750000000   0.250000000  -0.750000000
          2   0.750000000  -0.250000000  -0.750000000
          3   0.750000000   0.250000000   0.750000000
          4  -0.750000000  -0.250000000   0.750000000
          5   0.250000000  -0.750000000  -0.750000000
          6  -0.250000000  -0.750000000   0.750000000
          7   0.250000000   0.750000000   0.750000000
          8  -0.250000000   0.750000000  -0.750000000
          9  -0.750000000  -0.750000000   0.250000000
         10  -0.750000000   0.750000000  -0.250000000
         11   0.750000000   0.750000000   0.250000000
         12   0.750000000  -0.750000000  -0.250000000
 
     Number of q in the star =   12
     List of q in the star:
          1   0.500000000   0.000000000   0.500000000
          2  -0.500000000   0.000000000   0.500000000
          3  -0.500000000   0.000000000  -0.500000000
          4   0.500000000   0.000000000  -0.500000000
          5   0.000000000   0.500000000   0.500000000
          6   0.000000000   0.500000000  -0.500000000
          7   0.000000000  -0.500000000  -0.500000000
          8   0.000000000  -0.500000000   0.500000000
          9   0.500000000   0.500000000   0.000000000
         10   0.500000000  -0.500000000   0.000000000
         11  -0.500000000  -0.500000000   0.000000000
         12  -0.500000000   0.500000000   0.000000000
 
     Number of q in the star =    3
     List of q in the star:
          1   0.000000000  -1.000000000   0.000000000
          2  -1.000000000   0.000000000   0.000000000
          3   0.000000000   0.000000000  -1.000000000
 
     Number of q in the star =    6
     List of q in the star:
          1  -0.500000000  -1.000000000   0.000000000
          2   0.500000000   1.000000000   0.000000000
          3  -1.000000000   0.000000000  -0.500000000
          4   1.000000000   0.000000000   0.500000000
          5   0.000000000  -0.500000000  -1.000000000
          6   0.000000000   0.500000000   1.000000000
 
     Number of q in the star =    4
     List of q in the star:
          1  -0.250000000   0.250000000  -0.250000000
          2   0.250000000  -0.250000000  -0.250000000
          3   0.250000000   0.250000000   0.250000000
          4  -0.250000000  -0.250000000   0.250000000
     In addition there is the -q list: 
          1   0.250000000  -0.250000000   0.250000000
          2  -0.250000000   0.250000000   0.250000000
          3  -0.250000000  -0.250000000  -0.250000000
          4   0.250000000   0.250000000  -0.250000000
 
     Number of q in the star =    4
     List of q in the star:
          1   0.500000000  -0.500000000   0.500000000
          2  -0.500000000   0.500000000   0.500000000
          3  -0.500000000  -0.500000000  -0.500000000
          4   0.500000000   0.500000000  -0.500000000
 
     Number of q in the star =    6
     List of q in the star:
          1   0.000000000   0.500000000   0.000000000
          2   0.000000000  -0.500000000   0.000000000
          3   0.500000000   0.000000000   0.000000000
          4  -0.500000000   0.000000000   0.000000000
          5   0.000000000   0.000000000   0.500000000
          6   0.000000000   0.000000000  -0.500000000
 
     Number of q in the star =   12
     List of q in the star:
          1   0.750000000  -0.250000000   0.750000000
          2  -0.750000000   0.250000000   0.750000000
          3  -0.750000000  -0.250000000  -0.750000000
          4   0.750000000   0.250000000  -0.750000000
          5  -0.250000000   0.750000000   0.750000000
          6   0.250000000   0.750000000  -0.750000000
          7  -0.250000000  -0.750000000  -0.750000000
          8   0.250000000  -0.750000000   0.750000000
          9   0.750000000   0.750000000  -0.250000000
         10   0.750000000  -0.750000000   0.250000000
         11  -0.750000000  -0.750000000  -0.250000000
         12  -0.750000000   0.750000000   0.250000000
     In addition there is the -q list: 
          1  -0.750000000   0.250000000  -0.750000000
          2   0.750000000  -0.250000000  -0.750000000
          3   0.750000000   0.250000000   0.750000000
          4  -0.750000000  -0.250000000   0.750000000
          5   0.250000000  -0.750000000  -0.750000000
          6  -0.250000000  -0.750000000   0.750000000
          7   0.250000000   0.750000000   0.750000000
          8  -0.250000000   0.750000000  -0.750000000
          9  -0.750000000  -0.750000000   0.250000000
         10  -0.750000000   0.750000000  -0.250000000
         11   0.750000000   0.750000000   0.250000000
         12   0.750000000  -0.750000000  -0.250000000
 
     Number of q in the star =   12
     List of q in the star:
          1   0.500000000   0.000000000   0.500000000
          2  -0.500000000   0.000000000   0.500000000
          3  -0.500000000   0.000000000  -0.500000000
          4   0.500000000   0.000000000  -0.500000000
          5   0.000000000   0.500000000   0.500000000
          6   0.000000000   0.500000000  -0.500000000
          7   0.000000000  -0.500000000  -0.500000000
          8   0.000000000  -0.500000000   0.500000000
          9   0.500000000   0.500000000   0.000000000
         10   0.500000000  -0.500000000   0.000000000
         11  -0.500000000  -0.500000000   0.000000000
         12  -0.500000000   0.500000000   0.000000000
 
     Number of q in the star =    3
     List of q in the star:
          1   0.000000000  -1.000000000   0.000000000
          2  -1.000000000   0.000000000   0.000000000
          3   0.000000000   0.000000000  -1.000000000
 
     Number of q in the star =    6
     List of q in the star:
          1  -0.500000000  -1.000000000   0.000000000
          2   0.500000000   1.000000000   0.000000000
          3  -1.000000000   0.000000000  -0.500000000
          4   1.000000000   0.000000000   0.500000000
          5   0.000000000  -0.500000000  -1.000000000
          6   0.000000000   0.500000000   1.000000000
       
     --------------------------------------------------------------------------------------------
     (G)-Lanczos                                                         
     --------------------------------------------------------------------------------------------
     in progress... |#                   | 005% :           01m-51.5s (E)           37m-10.0s (X)
     in progress... |##                  | 010% :           02m-45.2s (E)           27m-32.3s (X)
     in progress... |###                 | 015% :           03m-38.5s (E)           24m-17.0s (X)
     in progress... |####                | 020% :           04m-30.5s (E)           22m-32.6s (X)
     in progress... |#####               | 025% :           05m-22.0s (E)           21m-28.2s (X)
     in progress... |######              | 030% :           06m-14.3s (E)           20m-47.6s (X)
     in progress... |#######             | 035% :           07m-06.3s (E)           20m-18.0s (X)
     in progress... |########            | 040% :           07m-57.0s (E)           19m-52.6s (X)
     in progress... |#########           | 045% :           08m-48.9s (E)           19m-35.4s (X)
     in progress... |##########          | 050% :           09m-40.4s (E)           19m-20.9s (X)
     in progress... |###########         | 055% :           10m-31.1s (E)           19m-07.5s (X)
     in progress... |############        | 060% :           11m-22.3s (E)           18m-57.3s (X)
     in progress... |#############       | 065% :           12m-14.0s (E)           18m-49.3s (X)
     in progress... |##############      | 070% :           13m-05.9s (E)           18m-42.7s (X)
     in progress... |###############     | 075% :           13m-56.3s (E)           18m-35.1s (X)
     in progress... |################    | 080% :           14m-47.9s (E)           18m-29.9s (X)
     in progress... |#################   | 085% :           15m-40.5s (E)           18m-26.4s (X)
     in progress... |##################  | 090% :           16m-30.6s (E)           18m-20.7s (X)
     in progress... |################### | 095% :           17m-22.0s (E)           18m-16.9s (X)
     in progress... |####################| 100% :           18m-13.5s (E)           18m-13.5s (X)
     --------------------------------------------------------------------------------------------
       
     --------------------------------------------------------------------------------------------
     (Q)uasiparticle energies                                            
     --------------------------------------------------------------------------------------------
       
     --------------------------------------------------------------------------------------------
     Sigma_C                                                             
     --------------------------------------------------------------------------------------------
     Integrating along the IM axis...
     --------------------------------------------------------------------------------------------
     in progress... |#                   | 005% :               01.1s (E)               22.1s (X)
     in progress... |##                  | 010% :               02.2s (E)               22.1s (X)
     --------------------------------------------------------------------------------------------
     Residues along the RE axis...
     --------------------------------------------------------------------------------------------
     in progress... |#                   | 005% :             < 00.1s (E)             < 00.1s (X)
     in progress... |##                  | 010% :             < 00.1s (E)             < 00.1s (X)
     --------------------------------------------------------------------------------------------
       
     --------------------------------------------------------------------------------------------
     Sigma_C                                                             
     --------------------------------------------------------------------------------------------
     Integrating along the IM axis...
     --------------------------------------------------------------------------------------------
     in progress... |#                   | 005% :               00.9s (E)               18.5s (X)
     in progress... |##                  | 010% :               01.9s (E)               19.1s (X)
     --------------------------------------------------------------------------------------------
     Residues along the RE axis...
     --------------------------------------------------------------------------------------------
     in progress... |#                   | 005% :             < 00.1s (E)             < 00.1s (X)
     in progress... |##                  | 010% :             < 00.1s (E)             < 00.1s (X)
     --------------------------------------------------------------------------------------------

     --------------------------------------------------------------------------------------------
     Iter: 000000
     k(000001) = (   0.0000000   0.0000000   0.0000000) cryst. coord.
     band      QP en. [eV] conv
     000001     -10.435999   no
     000002      12.047802   no
     000003      12.047799   no
     000004      12.047799   no
     000005      19.646287   no
     000006      19.646286   no
     000007      19.646279   no
     000008      26.638280   no
     ---------------------------------
     k(000002) = (   0.0000000   0.0000000   0.2500000) cryst. coord.
     band      QP en. [eV] conv
     000001      -8.379850   no
     000002       4.195137   no
     000003      10.243429   no
     000004      10.243429   no
     000005      21.932588   no
     000006      21.932582   no
     000007      21.816602   no
     000008      28.832610   no
     ---------------------------------
     k(000003) = (   0.0000000   0.0000000  -0.5000000) cryst. coord.
     band      QP en. [eV] conv
     000001      -6.168147   no
     000002      -1.419352   no
     000003       9.090254   no
     000004       9.090254   no
     000005      22.609894   no
     000006      22.609896   no
     000007      22.331391   no
     000008      30.256935   no
     ---------------------------------
     k(000006) = (   0.0000000   0.2500000   0.2500000) cryst. coord.
     band      QP en. [eV] conv
     000001      -6.290932   no
     000002       7.005531   no
     000003       7.779279   no
     000004       7.779279   no
     000005      18.184066   no
     000006      23.972113   no
     000007      25.803653   no
     000008      25.803652   no
     ---------------------------------
     k(000007) = (   0.0000000   0.2500000  -0.5000000) cryst. coord.
     band      QP en. [eV] conv
     000001      -3.371112   no
     000002       1.317507   no
     000003       4.899605   no
     000004       6.946449   no
     000005      19.824429   no
     000006      25.662020   no
     000007      27.058983   no
     000008      27.232576   no
     ---------------------------------
     k(000008) = (   0.0000000   0.2500000  -0.2500000) cryst. coord.
     band      QP en. [eV] conv
     000001      -4.324124   no
     000002       2.811683   no
     000003       4.145983   no
     000004       8.878893   no
     000005      21.788294   no
     000006      24.289737   no
     000007      26.266461   no
     000008      28.632547   no
     ---------------------------------
     k(000011) = (   0.0000000  -0.5000000  -0.5000000) cryst. coord.
     band      QP en. [eV] conv
     000001      -4.980568   no
     000002      -4.980589   no
     000003       5.464743   no
     000004       5.464744   no
     000005      18.365934   no
     000006      18.365934   no
     000007      30.664090   no
     000008      30.664090   no
     ---------------------------------
     k(000028) = (   0.2500000  -0.5000000  -0.2500000) cryst. coord.
     band      QP en. [eV] conv
     000001      -0.477969   no
     000002      -0.477969   no
     000003       3.411683   no
     000004       3.411683   no
     000005      24.588267   no
     000006      24.588252   no
     000007      26.269929   no
     000008      26.269928   no
     ---------------------------------
     --------------------------------------------------------------------------------------------
       
     --------------------------------------------------------------------------------------------
     Sigma_C                                                             
     --------------------------------------------------------------------------------------------
     Integrating along the IM axis...
     --------------------------------------------------------------------------------------------
     in progress... |#                   | 005% :               00.9s (E)               18.4s (X)
     in progress... |##                  | 010% :               01.8s (E)               18.5s (X)
     --------------------------------------------------------------------------------------------
     Residues along the RE axis...
     --------------------------------------------------------------------------------------------
     in progress... |#                   | 005% :             < 00.1s (E)             < 00.1s (X)
     in progress... |##                  | 010% :             < 00.1s (E)             < 00.1s (X)
     --------------------------------------------------------------------------------------------

     --------------------------------------------------------------------------------------------
     Iter: 000001
     k(000001) = (   0.0000000   0.0000000   0.0000000) cryst. coord.
     band      QP en. [eV] conv
     000001      -9.889322   no
     000002      12.055288  yes
     000003      12.055285  yes
     000004      12.055284  yes
     000005      19.645236  yes
     000006      19.645235  yes
     000007      19.645228  yes
     000008      26.674786  yes
     ---------------------------------
     k(000002) = (   0.0000000   0.0000000   0.2500000) cryst. coord.
     band      QP en. [eV] conv
     000001      -8.611794   no
     000002       5.081294   no
     000003      10.253495  yes
     000004      10.253495  yes
     000005      21.930084  yes
     000006      21.930078  yes
     000007      21.815979  yes
     000008      28.352423   no
     ---------------------------------
     k(000003) = (   0.0000000   0.0000000  -0.5000000) cryst. coord.
     band      QP en. [eV] conv
     000001      -4.173212   no
     000002      -1.640916   no
     000003       9.104562  yes
     000004       9.104562  yes
     000005      22.608854  yes
     000006      22.608856  yes
     000007      22.331271  yes
     000008      29.665276   no
     ---------------------------------
     k(000006) = (   0.0000000   0.2500000   0.2500000) cryst. coord.
     band      QP en. [eV] conv
     000001      -8.359022   no
     000002       7.033674  yes
     000003       7.789759  yes
     000004       7.789760  yes
     000005      18.184085  yes
     000006      23.971949  yes
     000007      25.787520  yes
     000008      25.787519  yes
     ---------------------------------
     k(000007) = (   0.0000000   0.2500000  -0.5000000) cryst. coord.
     band      QP en. [eV] conv
     000001      -4.031624   no
     000002       0.823506   no
     000003       4.935143  yes
     000004       6.958224  yes
     000005      19.824476  yes
     000006      25.394701   no
     000007      27.048208  yes
     000008      27.218528  yes
     ---------------------------------
     k(000008) = (   0.0000000   0.2500000  -0.2500000) cryst. coord.
     band      QP en. [eV] conv
     000001      -5.499264   no
     000002       2.848938  yes
     000003       4.114478  yes
     000004       8.890686  yes
     000005      21.787944  yes
     000006      24.286141  yes
     000007      26.321922   no
     000008      27.735702   no
     ---------------------------------
     k(000011) = (   0.0000000  -0.5000000  -0.5000000) cryst. coord.
     band      QP en. [eV] conv
     000001      -0.979024   no
     000002      -0.979026   no
     000003       5.481017  yes
     000004       5.481018  yes
     000005      18.365859  yes
     000006      18.365859  yes
     000007      30.957138   no
     000008      30.957138   no
     ---------------------------------
     k(000028) = (   0.2500000  -0.5000000  -0.2500000) cryst. coord.
     band      QP en. [eV] conv
     000001      -0.583047   no
     000002      -0.583047   no
     000003       3.464051   no
     000004       3.464051   no
     000005      24.589147  yes
     000006      24.589132  yes
     000007      26.384438   no
     000008      26.384436   no
     ---------------------------------
     --------------------------------------------------------------------------------------------
       
     --------------------------------------------------------------------------------------------
     Sigma_C                                                             
     --------------------------------------------------------------------------------------------
     Integrating along the IM axis...
     --------------------------------------------------------------------------------------------
     in progress... |#                   | 005% :               00.9s (E)               18.5s (X)
     in progress... |##                  | 010% :               01.9s (E)               19.1s (X)
     --------------------------------------------------------------------------------------------
     Residues along the RE axis...
     --------------------------------------------------------------------------------------------
     in progress... |#                   | 005% :             < 00.1s (E)             < 00.1s (X)
     in progress... |##                  | 010% :             < 00.1s (E)             < 00.1s (X)
     --------------------------------------------------------------------------------------------

     --------------------------------------------------------------------------------------------
     Iter: 000002
     k(000001) = (   0.0000000   0.0000000   0.0000000) cryst. coord.
     band      QP en. [eV] conv
     000001     -10.135204   no
     000002      12.055288  yes
     000003      12.055285  yes
     000004      12.055284  yes
     000005      19.645236  yes
     000006      19.645235  yes
     000007      19.645228  yes
     000008      26.674786  yes
     ---------------------------------
     k(000002) = (   0.0000000   0.0000000   0.2500000) cryst. coord.
     band      QP en. [eV] conv
     000001      -8.502231   no
     000002       5.037522  yes
     000003      10.253495  yes
     000004      10.253495  yes
     000005      21.930084  yes
     000006      21.930078  yes
     000007      21.815979  yes
     000008      28.328691  yes
     ---------------------------------
     k(000003) = (   0.0000000   0.0000000  -0.5000000) cryst. coord.
     band      QP en. [eV] conv
     000001      -4.294725   no
     000002      -1.563924   no
     000003       9.104562  yes
     000004       9.104562  yes
     000005      22.608854  yes
     000006      22.608856  yes
     000007      22.331271  yes
     000008      29.721420   no
     ---------------------------------
     k(000006) = (   0.0000000   0.2500000   0.2500000) cryst. coord.
     band      QP en. [eV] conv
     000001      -7.645778   no
     000002       7.033674  yes
     000003       7.789759  yes
     000004       7.789760  yes
     000005      18.184085  yes
     000006      23.971949  yes
     000007      25.787520  yes
     000008      25.787519  yes
     ---------------------------------
     k(000007) = (   0.0000000   0.2500000  -0.5000000) cryst. coord.
     band      QP en. [eV] conv
     000001      -3.825952   no
     000002       0.793154  yes
     000003       4.935143  yes
     000004       6.958224  yes
     000005      19.824476  yes
     000006      25.397416  yes
     000007      27.048208  yes
     000008      27.218528  yes
     ---------------------------------
     k(000008) = (   0.0000000   0.2500000  -0.2500000) cryst. coord.
     band      QP en. [eV] conv
     000001      -5.395475   no
     000002       2.848938  yes
     000003       4.114478  yes
     000004       8.890686  yes
     000005      21.787944  yes
     000006      24.286141  yes
     000007      26.314659  yes
     000008      27.754419  yes
     ---------------------------------
     k(000011) = (   0.0000000  -0.5000000  -0.5000000) cryst. coord.
     band      QP en. [eV] conv
     000001      -1.264455   no
     000002      -1.264457   no
     000003       5.481017  yes
     000004       5.481018  yes
     000005      18.365859  yes
     000006      18.365859  yes
     000007      30.935316  yes
     000008      30.935315  yes
     ---------------------------------
     k(000028) = (   0.2500000  -0.5000000  -0.2500000) cryst. coord.
     band      QP en. [eV] conv
     000001      -0.543638  yes
     000002      -0.543638  yes
     000003       3.460491  yes
     000004       3.460491  yes
     000005      24.589147  yes
     000006      24.589132  yes
     000007      26.350814  yes
     000008      26.350813  yes
     ---------------------------------
     --------------------------------------------------------------------------------------------
       
     --------------------------------------------------------------------------------------------
     Sigma_C                                                             
     --------------------------------------------------------------------------------------------
     Integrating along the IM axis...
     --------------------------------------------------------------------------------------------
     in progress... |#                   | 005% :               00.9s (E)               18.4s (X)
     in progress... |##                  | 010% :               01.8s (E)               18.4s (X)
     --------------------------------------------------------------------------------------------
     Residues along the RE axis...
     --------------------------------------------------------------------------------------------
     in progress... |#                   | 005% :             < 00.1s (E)             < 00.1s (X)
     in progress... |##                  | 010% :             < 00.1s (E)             < 00.1s (X)
     --------------------------------------------------------------------------------------------

     --------------------------------------------------------------------------------------------
     Iter: 000003
     k(000001) = (   0.0000000   0.0000000   0.0000000) cryst. coord.
     band      QP en. [eV] conv
     000001     -10.096827  yes
     000002      12.055288  yes
     000003      12.055285  yes
     000004      12.055284  yes
     000005      19.645236  yes
     000006      19.645235  yes
     000007      19.645228  yes
     000008      26.674786  yes
     ---------------------------------
     k(000002) = (   0.0000000   0.0000000   0.2500000) cryst. coord.
     band      QP en. [eV] conv
     000001      -8.560760   no
     000002       5.037522  yes
     000003      10.253495  yes
     000004      10.253495  yes
     000005      21.930084  yes
     000006      21.930078  yes
     000007      21.815979  yes
     000008      28.328691  yes
     ---------------------------------
     k(000003) = (   0.0000000   0.0000000  -0.5000000) cryst. coord.
     band      QP en. [eV] conv
     000001      -4.016838   no
     000002      -1.553257  yes
     000003       9.104562  yes
     000004       9.104562  yes
     000005      22.608854  yes
     000006      22.608856  yes
     000007      22.331271  yes
     000008      29.716196  yes
     ---------------------------------
     k(000006) = (   0.0000000   0.2500000   0.2500000) cryst. coord.
     band      QP en. [eV] conv
     000001      -7.531442   no
     000002       7.033674  yes
     000003       7.789759  yes
     000004       7.789760  yes
     000005      18.184085  yes
     000006      23.971949  yes
     000007      25.787520  yes
     000008      25.787519  yes
     ---------------------------------
     k(000007) = (   0.0000000   0.2500000  -0.5000000) cryst. coord.
     band      QP en. [eV] conv
     000001      -3.777598  yes
     000002       0.793154  yes
     000003       4.935143  yes
     000004       6.958224  yes
     000005      19.824476  yes
     000006      25.397416  yes
     000007      27.048208  yes
     000008      27.218528  yes
     ---------------------------------
     k(000008) = (   0.0000000   0.2500000  -0.2500000) cryst. coord.
     band      QP en. [eV] conv
     000001      -5.445087  yes
     000002       2.848938  yes
     000003       4.114478  yes
     000004       8.890686  yes
     000005      21.787944  yes
     000006      24.286141  yes
     000007      26.314659  yes
     000008      27.754419  yes
     ---------------------------------
     k(000011) = (   0.0000000  -0.5000000  -0.5000000) cryst. coord.
     band      QP en. [eV] conv
     000001      -1.246470  yes
     000002      -1.246472  yes
     000003       5.481017  yes
     000004       5.481018  yes
     000005      18.365859  yes
     000006      18.365859  yes
     000007      30.935316  yes
     000008      30.935315  yes
     ---------------------------------
     k(000028) = (   0.2500000  -0.5000000  -0.2500000) cryst. coord.
     band      QP en. [eV] conv
     000001      -0.543638  yes
     000002      -0.543638  yes
     000003       3.460491  yes
     000004       3.460491  yes
     000005      24.589147  yes
     000006      24.589132  yes
     000007      26.350814  yes
     000008      26.350813  yes
     ---------------------------------
     --------------------------------------------------------------------------------------------
       
     --------------------------------------------------------------------------------------------
     Sigma_C                                                             
     --------------------------------------------------------------------------------------------
     Integrating along the IM axis...
     --------------------------------------------------------------------------------------------
     in progress... |#                   | 005% :               00.9s (E)               18.5s (X)
     in progress... |##                  | 010% :               01.8s (E)               18.5s (X)
     --------------------------------------------------------------------------------------------
     Residues along the RE axis...
     --------------------------------------------------------------------------------------------
     in progress... |#                   | 005% :             < 00.1s (E)             < 00.1s (X)
     in progress... |##                  | 010% :             < 00.1s (E)             < 00.1s (X)
     --------------------------------------------------------------------------------------------

     --------------------------------------------------------------------------------------------
     Iter: 000004
     k(000001) = (   0.0000000   0.0000000   0.0000000) cryst. coord.
     band      QP en. [eV] conv
     000001     -10.096827  yes
     000002      12.055288  yes
     000003      12.055285  yes
     000004      12.055284  yes
     000005      19.645236  yes
     000006      19.645235  yes
     000007      19.645228  yes
     000008      26.674786  yes
     ---------------------------------
     k(000002) = (   0.0000000   0.0000000   0.2500000) cryst. coord.
     band      QP en. [eV] conv
     000001      -8.553354  yes
     000002       5.037522  yes
     000003      10.253495  yes
     000004      10.253495  yes
     000005      21.930084  yes
     000006      21.930078  yes
     000007      21.815979  yes
     000008      28.328691  yes
     ---------------------------------
     k(000003) = (   0.0000000   0.0000000  -0.5000000) cryst. coord.
     band      QP en. [eV] conv
     000001      -4.616015   no
     000002      -1.553257  yes
     000003       9.104562  yes
     000004       9.104562  yes
     000005      22.608854  yes
     000006      22.608856  yes
     000007      22.331271  yes
     000008      29.716196  yes
     ---------------------------------
     k(000006) = (   0.0000000   0.2500000   0.2500000) cryst. coord.
     band      QP en. [eV] conv
     000001      -7.553579  yes
     000002       7.033674  yes
     000003       7.789759  yes
     000004       7.789760  yes
     000005      18.184085  yes
     000006      23.971949  yes
     000007      25.787520  yes
     000008      25.787519  yes
     ---------------------------------
     k(000007) = (   0.0000000   0.2500000  -0.5000000) cryst. coord.
     band      QP en. [eV] conv
     000001      -3.777598  yes
     000002       0.793154  yes
     000003       4.935143  yes
     000004       6.958224  yes
     000005      19.824476  yes
     000006      25.397416  yes
     000007      27.048208  yes
     000008      27.218528  yes
     ---------------------------------
     k(000008) = (   0.0000000   0.2500000  -0.2500000) cryst. coord.
     band      QP en. [eV] conv
     000001      -5.445087  yes
     000002       2.848938  yes
     000003       4.114478  yes
     000004       8.890686  yes
     000005      21.787944  yes
     000006      24.286141  yes
     000007      26.314659  yes
     000008      27.754419  yes
     ---------------------------------
     k(000011) = (   0.0000000  -0.5000000  -0.5000000) cryst. coord.
     band      QP en. [eV] conv
     000001      -1.246470  yes
     000002      -1.246472  yes
     000003       5.481017  yes
     000004       5.481018  yes
     000005      18.365859  yes
     000006      18.365859  yes
     000007      30.935316  yes
     000008      30.935315  yes
     ---------------------------------
     k(000028) = (   0.2500000  -0.5000000  -0.2500000) cryst. coord.
     band      QP en. [eV] conv
     000001      -0.543638  yes
     000002      -0.543638  yes
     000003       3.460491  yes
     000004       3.460491  yes
     000005      24.589147  yes
     000006      24.589132  yes
     000007      26.350814  yes
     000008      26.350813  yes
     ---------------------------------
     --------------------------------------------------------------------------------------------
       
     --------------------------------------------------------------------------------------------
     Sigma_C                                                             
     --------------------------------------------------------------------------------------------
     Integrating along the IM axis...
     --------------------------------------------------------------------------------------------
     in progress... |#                   | 005% :               00.9s (E)               18.4s (X)
     in progress... |##                  | 010% :               01.8s (E)               18.5s (X)
     --------------------------------------------------------------------------------------------
     Residues along the RE axis...
     --------------------------------------------------------------------------------------------
     in progress... |#                   | 005% :             < 00.1s (E)             < 00.1s (X)
     in progress... |##                  | 010% :             < 00.1s (E)             < 00.1s (X)
     --------------------------------------------------------------------------------------------

     --------------------------------------------------------------------------------------------
     Iter: 000005
     k(000001) = (   0.0000000   0.0000000   0.0000000) cryst. coord.
     band      QP en. [eV] conv
     000001     -10.096827  yes
     000002      12.055288  yes
     000003      12.055285  yes
     000004      12.055284  yes
     000005      19.645236  yes
     000006      19.645235  yes
     000007      19.645228  yes
     000008      26.674786  yes
     ---------------------------------
     k(000002) = (   0.0000000   0.0000000   0.2500000) cryst. coord.
     band      QP en. [eV] conv
     000001      -8.553354  yes
     000002       5.037522  yes
     000003      10.253495  yes
     000004      10.253495  yes
     000005      21.930084  yes
     000006      21.930078  yes
     000007      21.815979  yes
     000008      28.328691  yes
     ---------------------------------
     k(000003) = (   0.0000000   0.0000000  -0.5000000) cryst. coord.
     band      QP en. [eV] conv
     000001      -4.314282   no
     000002      -1.553257  yes
     000003       9.104562  yes
     000004       9.104562  yes
     000005      22.608854  yes
     000006      22.608856  yes
     000007      22.331271  yes
     000008      29.716196  yes
     ---------------------------------
     k(000006) = (   0.0000000   0.2500000   0.2500000) cryst. coord.
     band      QP en. [eV] conv
     000001      -7.553579  yes
     000002       7.033674  yes
     000003       7.789759  yes
     000004       7.789760  yes
     000005      18.184085  yes
     000006      23.971949  yes
     000007      25.787520  yes
     000008      25.787519  yes
     ---------------------------------
     k(000007) = (   0.0000000   0.2500000  -0.5000000) cryst. coord.
     band      QP en. [eV] conv
     000001      -3.777598  yes
     000002       0.793154  yes
     000003       4.935143  yes
     000004       6.958224  yes
     000005      19.824476  yes
     000006      25.397416  yes
     000007      27.048208  yes
     000008      27.218528  yes
     ---------------------------------
     k(000008) = (   0.0000000   0.2500000  -0.2500000) cryst. coord.
     band      QP en. [eV] conv
     000001      -5.445087  yes
     000002       2.848938  yes
     000003       4.114478  yes
     000004       8.890686  yes
     000005      21.787944  yes
     000006      24.286141  yes
     000007      26.314659  yes
     000008      27.754419  yes
     ---------------------------------
     k(000011) = (   0.0000000  -0.5000000  -0.5000000) cryst. coord.
     band      QP en. [eV] conv
     000001      -1.246470  yes
     000002      -1.246472  yes
     000003       5.481017  yes
     000004       5.481018  yes
     000005      18.365859  yes
     000006      18.365859  yes
     000007      30.935316  yes
     000008      30.935315  yes
     ---------------------------------
     k(000028) = (   0.2500000  -0.5000000  -0.2500000) cryst. coord.
     band      QP en. [eV] conv
     000001      -0.543638  yes
     000002      -0.543638  yes
     000003       3.460491  yes
     000004       3.460491  yes
     000005      24.589147  yes
     000006      24.589132  yes
     000007      26.350814  yes
     000008      26.350813  yes
     ---------------------------------
     --------------------------------------------------------------------------------------------
       
     --------------------------------------------------------------------------------------------
     Sigma_C                                                             
     --------------------------------------------------------------------------------------------
     Integrating along the IM axis...
     --------------------------------------------------------------------------------------------
     in progress... |#                   | 005% :               00.9s (E)               18.5s (X)
     in progress... |##                  | 010% :               01.8s (E)               18.4s (X)
     --------------------------------------------------------------------------------------------
     Residues along the RE axis...
     --------------------------------------------------------------------------------------------
     in progress... |#                   | 005% :             < 00.1s (E)             < 00.1s (X)
     in progress... |##                  | 010% :             < 00.1s (E)             < 00.1s (X)
     --------------------------------------------------------------------------------------------

     --------------------------------------------------------------------------------------------
     Iter: 000006
     k(000001) = (   0.0000000   0.0000000   0.0000000) cryst. coord.
     band      QP en. [eV] conv
     000001     -10.096827  yes
     000002      12.055288  yes
     000003      12.055285  yes
     000004      12.055284  yes
     000005      19.645236  yes
     000006      19.645235  yes
     000007      19.645228  yes
     000008      26.674786  yes
     ---------------------------------
     k(000002) = (   0.0000000   0.0000000   0.2500000) cryst. coord.
     band      QP en. [eV] conv
     000001      -8.553354  yes
     000002       5.037522  yes
     000003      10.253495  yes
     000004      10.253495  yes
     000005      21.930084  yes
     000006      21.930078  yes
     000007      21.815979  yes
     000008      28.328691  yes
     ---------------------------------
     k(000003) = (   0.0000000   0.0000000  -0.5000000) cryst. coord.
     band      QP en. [eV] conv
     000001      -4.406191   no
     000002      -1.553257  yes
     000003       9.104562  yes
     000004       9.104562  yes
     000005      22.608854  yes
     000006      22.608856  yes
     000007      22.331271  yes
     000008      29.716196  yes
     ---------------------------------
     k(000006) = (   0.0000000   0.2500000   0.2500000) cryst. coord.
     band      QP en. [eV] conv
     000001      -7.553579  yes
     000002       7.033674  yes
     000003       7.789759  yes
     000004       7.789760  yes
     000005      18.184085  yes
     000006      23.971949  yes
     000007      25.787520  yes
     000008      25.787519  yes
     ---------------------------------
     k(000007) = (   0.0000000   0.2500000  -0.5000000) cryst. coord.
     band      QP en. [eV] conv
     000001      -3.777598  yes
     000002       0.793154  yes
     000003       4.935143  yes
     000004       6.958224  yes
     000005      19.824476  yes
     000006      25.397416  yes
     000007      27.048208  yes
     000008      27.218528  yes
     ---------------------------------
     k(000008) = (   0.0000000   0.2500000  -0.2500000) cryst. coord.
     band      QP en. [eV] conv
     000001      -5.445087  yes
     000002       2.848938  yes
     000003       4.114478  yes
     000004       8.890686  yes
     000005      21.787944  yes
     000006      24.286141  yes
     000007      26.314659  yes
     000008      27.754419  yes
     ---------------------------------
     k(000011) = (   0.0000000  -0.5000000  -0.5000000) cryst. coord.
     band      QP en. [eV] conv
     000001      -1.246470  yes
     000002      -1.246472  yes
     000003       5.481017  yes
     000004       5.481018  yes
     000005      18.365859  yes
     000006      18.365859  yes
     000007      30.935316  yes
     000008      30.935315  yes
     ---------------------------------
     k(000028) = (   0.2500000  -0.5000000  -0.2500000) cryst. coord.
     band      QP en. [eV] conv
     000001      -0.543638  yes
     000002      -0.543638  yes
     000003       3.460491  yes
     000004       3.460491  yes
     000005      24.589147  yes
     000006      24.589132  yes
     000007      26.350814  yes
     000008      26.350813  yes
     ---------------------------------
     --------------------------------------------------------------------------------------------
       
     --------------------------------------------------------------------------------------------
     Sigma_C                                                             
     --------------------------------------------------------------------------------------------
     Integrating along the IM axis...
     --------------------------------------------------------------------------------------------
     in progress... |#                   | 005% :               00.9s (E)               18.5s (X)
     in progress... |##                  | 010% :               01.8s (E)               18.5s (X)
     --------------------------------------------------------------------------------------------
     Residues along the RE axis...
     --------------------------------------------------------------------------------------------
     in progress... |#                   | 005% :             < 00.1s (E)             < 00.1s (X)
     in progress... |##                  | 010% :             < 00.1s (E)             < 00.1s (X)
     --------------------------------------------------------------------------------------------
       
     --------------------------------------------------------------------------------------------
     CONVERGENCE ACHIEVED !!!                                            
     --------------------------------------------------------------------------------------------

     --------------------------------------------------------------------------------------------
     k(000001) = (   0.0000000   0.0000000   0.0000000) cryst. coord.
     band      QP en. [eV] conv
     000001     -10.096827  yes
     000002      12.055288  yes
     000003      12.055285  yes
     000004      12.055284  yes
     000005      19.645236  yes
     000006      19.645235  yes
     000007      19.645228  yes
     000008      26.674786  yes
     ---------------------------------
     k(000002) = (   0.0000000   0.0000000   0.2500000) cryst. coord.
     band      QP en. [eV] conv
     000001      -8.553354  yes
     000002       5.037522  yes
     000003      10.253495  yes
     000004      10.253495  yes
     000005      21.930084  yes
     000006      21.930078  yes
     000007      21.815979  yes
     000008      28.328691  yes
     ---------------------------------
     k(000003) = (   0.0000000   0.0000000  -0.5000000) cryst. coord.
     band      QP en. [eV] conv
     000001      -4.437056  yes
     000002      -1.553257  yes
     000003       9.104562  yes
     000004       9.104562  yes
     000005      22.608854  yes
     000006      22.608856  yes
     000007      22.331271  yes
     000008      29.716196  yes
     ---------------------------------
     k(000006) = (   0.0000000   0.2500000   0.2500000) cryst. coord.
     band      QP en. [eV] conv
     000001      -7.553579  yes
     000002       7.033674  yes
     000003       7.789759  yes
     000004       7.789760  yes
     000005      18.184085  yes
     000006      23.971949  yes
     000007      25.787520  yes
     000008      25.787519  yes
     ---------------------------------
     k(000007) = (   0.0000000   0.2500000  -0.5000000) cryst. coord.
     band      QP en. [eV] conv
     000001      -3.777598  yes
     000002       0.793154  yes
     000003       4.935143  yes
     000004       6.958224  yes
     000005      19.824476  yes
     000006      25.397416  yes
     000007      27.048208  yes
     000008      27.218528  yes
     ---------------------------------
     k(000008) = (   0.0000000   0.2500000  -0.2500000) cryst. coord.
     band      QP en. [eV] conv
     000001      -5.445087  yes
     000002       2.848938  yes
     000003       4.114478  yes
     000004       8.890686  yes
     000005      21.787944  yes
     000006      24.286141  yes
     000007      26.314659  yes
     000008      27.754419  yes
     ---------------------------------
     k(000011) = (   0.0000000  -0.5000000  -0.5000000) cryst. coord.
     band      QP en. [eV] conv
     000001      -1.246470  yes
     000002      -1.246472  yes
     000003       5.481017  yes
     000004       5.481018  yes
     000005      18.365859  yes
     000006      18.365859  yes
     000007      30.935316  yes
     000008      30.935315  yes
     ---------------------------------
     k(000028) = (   0.2500000  -0.5000000  -0.2500000) cryst. coord.
     band      QP en. [eV] conv
     000001      -0.543638  yes
     000002      -0.543638  yes
     000003       3.460491  yes
     000004       3.460491  yes
     000005      24.589147  yes
     000006      24.589132  yes
     000007      26.350814  yes
     000008      26.350813  yes
     ---------------------------------
     --------------------------------------------------------------------------------------------
 
     Number of q in the star =    1
     List of q in the star:
          1   0.000000000   0.000000000   0.000000000
 
     Number of q in the star =    4
     List of q in the star:
          1  -0.250000000   0.250000000  -0.250000000
          2   0.250000000  -0.250000000  -0.250000000
          3   0.250000000   0.250000000   0.250000000
          4  -0.250000000  -0.250000000   0.250000000
     In addition there is the -q list: 
          1   0.250000000  -0.250000000   0.250000000
          2  -0.250000000   0.250000000   0.250000000
          3  -0.250000000  -0.250000000  -0.250000000
          4   0.250000000   0.250000000  -0.250000000
 
     Number of q in the star =    4
     List of q in the star:
          1   0.500000000  -0.500000000   0.500000000
          2  -0.500000000   0.500000000   0.500000000
          3  -0.500000000  -0.500000000  -0.500000000
          4   0.500000000   0.500000000  -0.500000000
 
     Number of q in the star =    6
     List of q in the star:
          1   0.000000000   0.500000000   0.000000000
          2   0.000000000  -0.500000000   0.000000000
          3   0.500000000   0.000000000   0.000000000
          4  -0.500000000   0.000000000   0.000000000
          5   0.000000000   0.000000000   0.500000000
          6   0.000000000   0.000000000  -0.500000000
 
     Number of q in the star =   12
     List of q in the star:
          1   0.750000000  -0.250000000   0.750000000
          2  -0.750000000   0.250000000   0.750000000
          3  -0.750000000  -0.250000000  -0.750000000
          4   0.750000000   0.250000000  -0.750000000
          5  -0.250000000   0.750000000   0.750000000
          6   0.250000000   0.750000000  -0.750000000
          7  -0.250000000  -0.750000000  -0.750000000
          8   0.250000000  -0.750000000   0.750000000
          9   0.750000000   0.750000000  -0.250000000
         10   0.750000000  -0.750000000   0.250000000
         11  -0.750000000  -0.750000000  -0.250000000
         12  -0.750000000   0.750000000   0.250000000
     In addition there is the -q list: 
          1  -0.750000000   0.250000000  -0.750000000
          2   0.750000000  -0.250000000  -0.750000000
          3   0.750000000   0.250000000   0.750000000
          4  -0.750000000  -0.250000000   0.750000000
          5   0.250000000  -0.750000000  -0.750000000
          6  -0.250000000  -0.750000000   0.750000000
          7   0.250000000   0.750000000   0.750000000
          8  -0.250000000   0.750000000  -0.750000000
          9  -0.750000000  -0.750000000   0.250000000
         10  -0.750000000   0.750000000  -0.250000000
         11   0.750000000   0.750000000   0.250000000
         12   0.750000000  -0.750000000  -0.250000000
 
     Number of q in the star =   12
     List of q in the star:
          1   0.500000000   0.000000000   0.500000000
          2  -0.500000000   0.000000000   0.500000000
          3  -0.500000000   0.000000000  -0.500000000
          4   0.500000000   0.000000000  -0.500000000
          5   0.000000000   0.500000000   0.500000000
          6   0.000000000   0.500000000  -0.500000000
          7   0.000000000  -0.500000000  -0.500000000
          8   0.000000000  -0.500000000   0.500000000
          9   0.500000000   0.500000000   0.000000000
         10   0.500000000  -0.500000000   0.000000000
         11  -0.500000000  -0.500000000   0.000000000
         12  -0.500000000   0.500000000   0.000000000
 
     Number of q in the star =    3
     List of q in the star:
          1   0.000000000  -1.000000000   0.000000000
          2  -1.000000000   0.000000000   0.000000000
          3   0.000000000   0.000000000  -1.000000000
 
     Number of q in the star =    6
     List of q in the star:
          1  -0.500000000  -1.000000000   0.000000000
          2   0.500000000   1.000000000   0.000000000
          3  -1.000000000   0.000000000  -0.500000000
          4   1.000000000   0.000000000   0.500000000
          5   0.000000000  -0.500000000  -1.000000000
          6   0.000000000   0.500000000   1.000000000
      
     --------------------------------------------------------------------------------------------
     SAVE written in 00.5s               
     In location : ./c.wfreq.save
     --------------------------------------------------------------------------------------------
     WFREQ        : 19m53.76s CPU    25m38.11s WALL

     wfreq_readin :      1.30s CPU      3.00s WALL (       1 calls)
     fetch_input  :      0.08s CPU      0.10s WALL (       2 calls)
     read_xml     :      0.59s CPU      0.87s WALL (       1 calls)
     init_vloc    :      0.00s CPU      0.01s WALL (       2 calls)
     fft          :      0.83s CPU      0.94s WALL (   32786 calls)
     fft_scatter  :    264.83s CPU    287.11s WALL (19310002 calls)
     v_of_rho     :      0.00s CPU      0.03s WALL (       1 calls)
     v_xc         :      0.00s CPU      0.01s WALL (       2 calls)
     v_h          :      0.00s CPU      0.00s WALL (       1 calls)
     read_wave    :      0.63s CPU      2.02s WALL (       1 calls)
     davcio       :      0.51s CPU      0.71s WALL (   38089 calls)
     init_us_1    :      0.01s CPU      0.01s WALL (       2 calls)
     do_setup     :      0.17s CPU      0.18s WALL (       1 calls)
     init_pw_ar   :      0.00s CPU      0.00s WALL (       1 calls)
     init_at_1    :      0.00s CPU      0.00s WALL (       1 calls)
     solve_hf     :      5.27s CPU      5.90s WALL (       1 calls)
     sigmavxc     :      0.84s CPU      0.97s WALL (       1 calls)
     init_us_2    :      0.12s CPU      0.13s WALL (    4736 calls)
     fftw         :    389.12s CPU    421.57s WALL (19277216 calls)
     sigmax       :      4.43s CPU      4.86s WALL (       1 calls)
     sqvc_init    :      0.45s CPU      0.49s WALL (   36872 calls)
     wlanczos     :    357.92s CPU    386.85s WALL (       1 calls)
     commutator_H :      0.15s CPU      0.15s WALL (     768 calls)
     stres_us31   :      0.00s CPU      0.00s WALL (     768 calls)
     stres_us32   :      0.00s CPU      0.00s WALL (     768 calls)
     stres_us33   :      0.00s CPU      0.00s WALL (     768 calls)
     stres_us34   :      0.00s CPU      0.00s WALL (     768 calls)
     calbec       :      6.46s CPU      7.00s WALL (  191870 calls)
     alphapc      :     12.47s CPU     13.19s WALL (  192768 calls)
     linstern     :      1.16s CPU      1.28s WALL (     256 calls)
     stern        :      1.02s CPU      1.11s WALL (    6014 calls)
     h_psi_bgrp   :    414.58s CPU    444.88s WALL (  190334 calls)
     h_psi        :    414.23s CPU    444.55s WALL (  190334 calls)
     h_psi:pot    :    413.35s CPU    443.57s WALL (  190334 calls)
     vloc_psi     :    403.43s CPU    432.84s WALL (  190334 calls)
     h_psi:calbec :      6.67s CPU      7.23s WALL (  190334 calls)
     add_vuspsi   :      2.56s CPU      2.79s WALL (  190334 calls)
     alphapv      :      0.06s CPU      0.07s WALL (    6014 calls)
     lan_H        :    458.56s CPU    491.86s WALL (    6144 calls)
     brak         :    167.89s CPU    176.95s WALL (    6144 calls)
     chi0_diag    :     10.52s CPU     10.76s WALL (       1 calls)
     glanczos     :    784.07s CPU   1093.60s WALL (       1 calls)
     solve_qp     :     23.06s CPU     24.40s WALL (       1 calls)
     sigmac_i     :     20.64s CPU     21.18s WALL (       9 calls)
     sigmac_r     :      0.04s CPU      0.04s WALL (       9 calls)
     wfreq_db     :      0.44s CPU      0.52s WALL (       1 calls)
 
     WFREQ        : 19m53.84s CPU    25m38.32s WALL

 
   This run was terminated on:  15:53:35  20Jan2021            

=------------------------------------------------------------------------------=
   JOB DONE.
=------------------------------------------------------------------------------=
