
     Program WELPH v. 3.1.1 starts on 17Dec2020 at 12:20:10 

     This program is part of the open-source West suite
     for massively parallel calculations of excited states in materials; please cite
         "M. Govoni et al., J. Chem. Theory Comput. 11, 2680 (2015);
          URL http://www.west-code.org", 
     in publications or presentations arising from this work.

     Based on the Quantum ESPRESSO v. 6.1 svn rev. 13369

     I/O is Little Endian
       
     --------------------------------------------------------------------------------------------
     **MPI** Parallelization Status                                      
     --------------------------------------------------------------------------------------------
                    40                   2             1             1            20
     --------------------------------------------------------------------------------------------
                     N         =         I      X      P      X      B      X      Z
                     ^                   ^             ^             ^             ^
                     |                   |             |             |             |
                   #rnk                  |             |             |             |
                                      #image           |             |             |
                                                     #pool           |             |
                                                                   #bgrp           |
                                                                                 #R&G
     --------------------------------------------------------------------------------------------
     **OPENMP** Parallelization Status
     #thr/rnk               =            1
     --------------------------------------------------------------------------------------------
     #prc = (rnk) * (thr) =           40
     --------------------------------------------------------------------------------------------
       
     --------------------------------------------------------------------------------------------
     I/O Summary : input_west                                            
     --------------------------------------------------------------------------------------------
     qe_prefix      = c
     west_prefix    = c
     outdir         = ./
     --------------------------------------------------------------------------------------------

     Reading data from directory:
     ./c.save

   Info: using nr1, nr2, nr3 values from input

   Info: using nr1, nr2, nr3 values from input

     IMPORTANT: XC functional enforced from input :
     Exchange-correlation      = PZ ( 1  1  0  0 0 0)
     Any further DFT definition will be discarded
     Please, verify this is what you really want

               file C.pz-mt.fhi.UPF: wavefunction(s)  3d renormalized
 
     Parallelization info
     --------------------
     sticks:   dense  smooth     PW     G-vecs:    dense   smooth      PW
     Min          24      24      7                  366      366      61
     Max          25      25      8                  370      370      63
     Sum         499     499    151                 7391     7391    1243
 
       
     --------------------------------------------------------------------------------------------
     I/O Summary : wstat_control                                         
     --------------------------------------------------------------------------------------------
     wstat_calculation              =              S
     n_pdep_eigen                   =            300
     n_pdep_times                   =              4
     n_pdep_maxiter                 =            100
     n_dfpt_maxiter                 =            250
     n_pdep_read_from_file          =              0
     trev_pdep                      =   1.000000E-03
     trev_pdep_rel                  =   1.000000E-01
     tr2_dfpt                       =   1.000000E-12
     l_kinetic_only                 =              F
     l_minimize_exx_if_active       =              F
     l_use_ecutrho                  =              F
     l_use_symm                     =              T
     nq(1)                          =              3
     nq(2)                          =              3
     nq(3)                          =              3
     --------------------------------------------------------------------------------------------
       
     --------------------------------------------------------------------------------------------
     I/O Summary : wfreq_control                                         
     --------------------------------------------------------------------------------------------
     wfreq_calculation                        =           XWGQ
     n_pdep_eigen_to_use                      =            300
     qp_bandrange(1)                          =              1
     qp_bandrange(2)                          =              2
     macropol_calculation                     =              C
     n_lanczos                                =             30
     n_imfreq                                 =            128
     n_refreq                                 =            272
     ecut_imfreq [Ry]                         =     320.000000
     ecut_refreq [Ry]                         =       2.000000
     wfreq_eta [Ry]                           =       0.003675
     n_secant_maxiter                         =             21
     trev_secant [Ry]                         =       0.003675
     l_enable_lanczos                         =              T
     l_enable_gwetot                          =              F
     o_restart_time [min]                     =       0.000000
     ecut_spectralf(1) [Ry]                   =      -2.000000
     ecut_spectralf(2) [Ry]                   =       2.000000
     n_spectralf                              =             10
     l_read_common_pdep                       =              F
     l_enable_gb_curvature                    =              T
     --------------------------------------------------------------------------------------------
       
     --------------------------------------------------------------------------------------------
     I/O Summary : welph_control                                         
     --------------------------------------------------------------------------------------------
     welph_calculation                        =             XP
     welph_n_pdep_eigen_to_use                =            300
     asr                                      =              1
     welph_band_range(1)                      =              1
     welph_band_range(2)                      =              8
     do_scr                                   =              T
     do_fxc                                   =              T
     welph_read_common_pdep                   =              T
     loto                                     =              F
     lsym                                     =              F
     l_adiabatic                              =              T
     l_enabel_gw                              =              F
     q_direction(1)                           =       1.000000
     q_direction(2)                           =       0.000000
     q_direction(3)                           =       0.000000
     welph_eta                                =       0.100000
     temperature                              =       0.000000
     --------------------------------------------------------------------------------------------
       
     --------------------------------------------------------------------------------------------
     System Overview                                                     
     --------------------------------------------------------------------------------------------
     gamma_only           =              F
     ecutwfc [Ry]         =      80.000000
     ecutrho [Ry]         =     320.000000
     omega [au^3]         =   7.530614E+01
     nbnd                 =              8
     nkstot               =             27
     nspin                =              1
     nelec                =       8.000000
     npol                 =              1
     lsda                 =              F
     noncolin             =              F
     lspinorb             =              F
     domag                =              F
     --------------------------------------------------------------------------------------------

     3DFFT grid
        s : (  27,  27,  27)
        p : (  27,  27,  27)

     Direct Lattice Cell [a.u.]
        a1 = (    -3.3517128     0.0000000     3.3517128)
        a2 = (     0.0000000     3.3517128     3.3517128)
        a3 = (    -3.3517128     3.3517128     0.0000000)

     Reciprocal Lattice Cell [a.u.]
        b1 = (    -0.9373096    -0.9373096     0.9373096)
        b2 = (     0.9373096     0.9373096     0.9373096)
        b3 = (    -0.9373096     0.9373096    -0.9373096)
      

     Brillouin Zone sampling [cryst. coord.]
 
        k(000001) = (     0.0000000     0.0000000     0.0000000)
        k(000002) = (     0.0000000     0.0000000     0.3333333)
        k(000003) = (     0.0000000     0.0000000    -0.3333333)
        k(000004) = (     0.0000000     0.3333333     0.0000000)
        k(000005) = (     0.0000000     0.3333333     0.3333333)
        k(000006) = (     0.0000000     0.3333333    -0.3333333)
        k(000007) = (     0.0000000    -0.3333333     0.0000000)
        k(000008) = (     0.0000000    -0.3333333     0.3333333)
        k(000009) = (     0.0000000    -0.3333333    -0.3333333)
        k(000010) = (     0.3333333     0.0000000     0.0000000)
        k(000011) = (     0.3333333     0.0000000     0.3333333)
        k(000012) = (     0.3333333     0.0000000    -0.3333333)
        k(000013) = (     0.3333333     0.3333333     0.0000000)
        k(000014) = (     0.3333333     0.3333333     0.3333333)
        k(000015) = (     0.3333333     0.3333333    -0.3333333)
        k(000016) = (     0.3333333    -0.3333333     0.0000000)
        k(000017) = (     0.3333333    -0.3333333     0.3333333)
        k(000018) = (     0.3333333    -0.3333333    -0.3333333)
        k(000019) = (    -0.3333333     0.0000000     0.0000000)
        k(000020) = (    -0.3333333     0.0000000     0.3333333)
        k(000021) = (    -0.3333333     0.0000000    -0.3333333)
        k(000022) = (    -0.3333333     0.3333333     0.0000000)
        k(000023) = (    -0.3333333     0.3333333     0.3333333)
        k(000024) = (    -0.3333333     0.3333333    -0.3333333)
        k(000025) = (    -0.3333333    -0.3333333     0.0000000)
        k(000026) = (    -0.3333333    -0.3333333     0.3333333)
        k(000027) = (    -0.3333333    -0.3333333    -0.3333333)
 
        q(000001) = (     0.0000000     0.0000000     0.0000000)
        q(000002) = (     0.0000000     0.0000000     0.3333333)
        q(000003) = (     0.0000000     0.0000000    -0.3333333)
        q(000004) = (     0.0000000     0.3333333     0.0000000)
        q(000005) = (     0.0000000     0.3333333     0.3333333)
        q(000006) = (     0.0000000     0.3333333    -0.3333333)
        q(000007) = (     0.0000000    -0.3333333     0.0000000)
        q(000008) = (     0.0000000    -0.3333333     0.3333333)
        q(000009) = (     0.0000000    -0.3333333    -0.3333333)
        q(000010) = (     0.3333333     0.0000000     0.0000000)
        q(000011) = (     0.3333333     0.0000000     0.3333333)
        q(000012) = (     0.3333333     0.0000000    -0.3333333)
        q(000013) = (     0.3333333     0.3333333     0.0000000)
        q(000014) = (     0.3333333     0.3333333     0.3333333)
        q(000015) = (     0.3333333     0.3333333    -0.3333333)
        q(000016) = (     0.3333333    -0.3333333     0.0000000)
        q(000017) = (     0.3333333    -0.3333333     0.3333333)
        q(000018) = (     0.3333333    -0.3333333    -0.3333333)
        q(000019) = (    -0.3333333     0.0000000     0.0000000)
        q(000020) = (    -0.3333333     0.0000000     0.3333333)
        q(000021) = (    -0.3333333     0.0000000    -0.3333333)
        q(000022) = (    -0.3333333     0.3333333     0.0000000)
        q(000023) = (    -0.3333333     0.3333333     0.3333333)
        q(000024) = (    -0.3333333     0.3333333    -0.3333333)
        q(000025) = (    -0.3333333    -0.3333333     0.0000000)
        q(000026) = (    -0.3333333    -0.3333333     0.3333333)
        q(000027) = (    -0.3333333    -0.3333333    -0.3333333)
       
     --------------------------------------------------------------------------------------------
     Parallelization for npdep                                           
     --------------------------------------------------------------------------------------------
     nglob                =            300
     nlevel               =              2
     Min nglob/nlevel     =            150
     Max nglob/nlevel     =            150
     --------------------------------------------------------------------------------------------
       
     --------------------------------------------------------------------------------------------
     Parallelization for npdep+macro                                     
     --------------------------------------------------------------------------------------------
     nglob                =            303
     nlevel               =              2
     Min nglob/nlevel     =            151
     Max nglob/nlevel     =            152
     --------------------------------------------------------------------------------------------
     ===========================================================================
          nsym   =   24
          nrot   =   48
          nq_ibz =    4
          Q-point IBZ [ cart  coord ]
          xq(00000001) = (  0.000000  0.000000  0.000000) wq =   0.037037
          xq(00000002) = ( -0.333333  0.333333 -0.333333) wq =   0.296296
          xq(00000003) = (  0.000000  0.666667  0.000000) wq =   0.222222
          xq(00000004) = (  0.666667 -0.000000  0.666667) wq =   0.444444
          Q-point IBZ [ cryst coord ]
          xq(00000001) = (  0.000000  0.000000  0.000000) wq =   0.037037
          xq(00000002) = (  0.000000  0.000000  0.333333) wq =   0.296296
          xq(00000003) = (  0.000000  0.333333  0.333333) wq =   0.222222
          xq(00000004) = (  0.000000  0.333333 -0.333333) wq =   0.444444
     ===========================================================================
       
     --------------------------------------------------------------------------------------------
     Building Chi matrices                                               
     --------------------------------------------------------------------------------------------
g0 =     0.0000000000E+00    0.0000000000E+00    0.0000000000E+00
     in progress... |#####               | 025% :               02.9s (E)               11.8s (X)
g0 =     0.0000000000E+00    0.0000000000E+00    0.0000000000E+00
     in progress... |##########          | 050% :               06.3s (E)               12.7s (X)
g0 =     0.0000000000E+00    0.0000000000E+00    0.0000000000E+00
     in progress... |###############     | 075% :               09.4s (E)               12.5s (X)
g0 =     0.5551115123E-16    0.5551115123E-16    0.5551115123E-16
     in progress... |####################| 100% :               12.2s (E)               12.2s (X)
     --------------------------------------------------------------------------------------------
       
     --------------------------------------------------------------------------------------------
     Working on iqr = 00001 in q IBZ                                     
     --------------------------------------------------------------------------------------------
     Q-point No.    1,        24 Sym. Ops. Found,      Inv. Sym. Found.
  

     point group T_d (-43m) 
     there are  5 classes
     the character table:

       E     8C3   3C2   6S4   6s_d 
A_1    1.00  1.00  1.00  1.00  1.00
A_2    1.00  1.00  1.00 -1.00 -1.00
E      2.00 -1.00  2.00  0.00  0.00
T_1    3.00  0.00 -1.00  1.00 -1.00
T_2    3.00  0.00 -1.00 -1.00  1.00

     the symmetry operations in each class and the name of the first element:

     E        1
                                                                 
     8C3      5    7    8    6   12    9   10   11
                                                                 
     3C2      2    3    4
                                                                 
     6S4     15   16   20   19   23   24
                                                                 
     6s_d    13   14   17   18   21   22
                                                                 


     Atomic displacements:
     There are   2 irreducible representations

     Representation     1      3 modes -T_2  G_15 P_4  To be done
     Irreps are as follows:

     mode #   1              mode #   2              mode #   3
     (   0.00000   0.00000 ) (   0.00000   0.00000 ) (   0.00000   0.00000 ) 
     (   0.00000   0.00000 ) (   0.00000   0.00000 ) (   0.00000   0.00000 ) 
     (   0.00000   0.00000 ) (   0.00000   0.00000 ) (   0.00000   0.00000 ) 
     (  -0.57708   0.00000 ) (  -0.35196   0.00000 ) (  -0.73696   0.00000 ) 
     (  -0.73960   0.00000 ) (   0.60794   0.00000 ) (   0.28880   0.00000 ) 
     (   0.34638   0.00000 ) (   0.71171   0.00000 ) (  -0.61114   0.00000 ) 

     Representation     2      3 modes -T_2  G_15 P_4  To be done
     Irreps are as follows:

     mode #   4              mode #   5              mode #   6
     (  -0.07022   0.00000 ) (  -0.88685   0.00000 ) (  -0.45669   0.00000 ) 
     (   0.85759   0.00000 ) (  -0.28752   0.00000 ) (   0.42647   0.00000 ) 
     (   0.50952   0.00000 ) (   0.36171   0.00000 ) (  -0.78074   0.00000 ) 
     (   0.00000   0.00000 ) (   0.00000   0.00000 ) (   0.00000   0.00000 ) 
     (   0.00000   0.00000 ) (   0.00000   0.00000 ) (   0.00000   0.00000 ) 
     (   0.00000   0.00000 ) (   0.00000   0.00000 ) (   0.00000   0.00000 ) 
 time_reversal =  T skip_equiv =  F
 nrot=          48
 nsymq=          24
 minus_q= T
 magnetic_sym= F
     ===========================================================================
          K points generated with subgroup at this q point
          nsym   =   24
          nrot   =   48
          nk_ibz =    4
          xk(00000001) = (  0.000000  0.000000  0.000000) wk =   0.074074
          xk(00000002) = ( -0.333333  0.333333 -0.333333) wk =   0.592593
          xk(00000003) = (  0.000000  0.666667  0.000000) wk =   0.444444
          xk(00000004) = (  0.666667 -0.000000  0.666667) wk =   0.888889
     ===========================================================================
  2nd deri of PP in cart basis (real part)
   0.220863E+02   0.797139E+00  -0.220003E+01   0.000000E+00   0.000000E+00   0.000000E+00
  
   0.797139E+00   0.196951E+02   0.797139E+00   0.000000E+00   0.000000E+00   0.000000E+00
  
  -0.220003E+01   0.797139E+00   0.220863E+02   0.000000E+00   0.000000E+00   0.000000E+00
  
   0.000000E+00   0.000000E+00   0.000000E+00   0.220863E+02   0.797141E+00  -0.220003E+01
  
   0.000000E+00   0.000000E+00   0.000000E+00   0.797141E+00   0.196952E+02   0.797141E+00
  
   0.000000E+00   0.000000E+00   0.000000E+00  -0.220003E+01   0.797141E+00   0.220863E+02
  
  2nd deri of PP in pattern basis (real part)
   0.219299E+02   0.192304E+01   0.103811E+01   0.000000E+00   0.000000E+00   0.000000E+00
  
   0.192304E+01   0.226534E+02  -0.309623E+00   0.000000E+00   0.000000E+00   0.000000E+00
  
   0.103811E+01  -0.309623E+00   0.192845E+02   0.000000E+00   0.000000E+00   0.000000E+00
  
   0.000000E+00   0.000000E+00   0.000000E+00   0.210857E+02   0.117991E+01  -0.117981E+01
  
   0.000000E+00   0.000000E+00   0.000000E+00   0.117991E+01   0.235408E+02  -0.761602E+00
  
   0.000000E+00   0.000000E+00   0.000000E+00  -0.117981E+01  -0.761602E+00   0.192412E+02
  

     Alpha used in Ewald sum =   2.9000
  Ionic contribution in cart of iq =            1
   0.177995E+01  -0.555112E-14  -0.106581E-13  -0.177995E+01   0.532907E-14   0.488498E-14
 
  -0.555112E-14   0.177995E+01   0.142109E-13   0.532907E-14  -0.177995E+01  -0.266454E-14
 
  -0.106581E-13   0.142109E-13   0.177995E+01   0.488498E-14  -0.266454E-14  -0.177995E+01
 
  -0.177995E+01   0.532907E-14   0.488498E-14   0.177995E+01  -0.555112E-14  -0.106581E-13
 
   0.532907E-14  -0.177995E+01  -0.266454E-14  -0.555112E-14   0.177995E+01   0.142109E-13
 
   0.488498E-14  -0.266454E-14  -0.177995E+01  -0.106581E-13   0.142109E-13   0.177995E+01
 
  Ionic contribution in pattern of iq =            1
   0.177995E+01  -0.111022E-14  -0.127676E-14   0.742705E+00  -0.151245E+01   0.573680E+00
 
  -0.111022E-14   0.177995E+01   0.111022E-15  -0.161746E+01  -0.702681E+00   0.241462E+00
 
  -0.133227E-14   0.111022E-15   0.177995E+01   0.213014E-01  -0.622060E+00  -0.166758E+01
 
   0.742705E+00  -0.161746E+01   0.213014E-01   0.177995E+01   0.106026E-13  -0.277556E-14
 
  -0.151245E+01  -0.702681E+00  -0.622060E+00   0.106581E-13   0.177995E+01  -0.466294E-14
 
   0.573680E+00   0.241462E+00  -0.166758E+01  -0.288658E-14  -0.466294E-14   0.177995E+01
 
       
     --------------------------------------------------------------------------------------------
     Computing drho                                                      
     --------------------------------------------------------------------------------------------
     in progress... |######              | 030% :             < 00.1s (E)               00.1s (X)
     in progress... |#############       | 065% :             < 00.1s (E)               00.1s (X)
     in progress... |####################| 100% :               00.1s (E)               00.1s (X)
     --------------------------------------------------------------------------------------------
       
     --------------------------------------------------------------------------------------------
     Reading eigenpotentials at this q point                             
     --------------------------------------------------------------------------------------------
     in progress... |#                   | 005% :             < 00.1s (E)             < 00.1s (X)
     in progress... |##                  | 010% :             < 00.1s (E)             < 00.1s (X)
     in progress... |###                 | 015% :             < 00.1s (E)             < 00.1s (X)
     in progress... |####                | 020% :             < 00.1s (E)             < 00.1s (X)
     in progress... |#####               | 025% :             < 00.1s (E)             < 00.1s (X)
     in progress... |######              | 030% :             < 00.1s (E)             < 00.1s (X)
     in progress... |#######             | 035% :             < 00.1s (E)             < 00.1s (X)
     in progress... |########            | 040% :             < 00.1s (E)             < 00.1s (X)
     in progress... |#########           | 045% :             < 00.1s (E)             < 00.1s (X)
     in progress... |##########          | 050% :             < 00.1s (E)             < 00.1s (X)
     in progress... |###########         | 055% :             < 00.1s (E)             < 00.1s (X)
     in progress... |############        | 060% :             < 00.1s (E)             < 00.1s (X)
     in progress... |#############       | 065% :             < 00.1s (E)             < 00.1s (X)
     in progress... |##############      | 070% :             < 00.1s (E)             < 00.1s (X)
     in progress... |###############     | 075% :             < 00.1s (E)             < 00.1s (X)
     in progress... |################    | 080% :             < 00.1s (E)             < 00.1s (X)
     in progress... |#################   | 085% :             < 00.1s (E)             < 00.1s (X)
     in progress... |##################  | 090% :             < 00.1s (E)             < 00.1s (X)
     in progress... |################### | 095% :             < 00.1s (E)             < 00.1s (X)
     --------------------------------------------------------------------------------------------
       
     --------------------------------------------------------------------------------------------
     Computing elec elec part                                            
     --------------------------------------------------------------------------------------------
     in progress... |######              | 030% :             < 00.1s (E)             < 00.1s (X)
     in progress... |#############       | 065% :             < 00.1s (E)             < 00.1s (X)
     in progress... |####################| 100% :             < 00.1s (E)             < 00.1s (X)
     --------------------------------------------------------------------------------------------
Epsilon infinity
       9.273568153       0.000000000      -0.000000000 
      -0.000000000       9.273568153       0.000000000 
      -0.000000000       0.000000000       9.273568153 
Born effective charge of atom     1
      -0.895214      -0.000000       0.000000 
      -0.000000      -0.895214       0.000000 
       0.000000       0.000000      -0.895214 
Born effective charge of atom     2
      -0.895252      -0.000000      -0.000000 
      -0.000000      -0.895252      -0.000000 
      -0.000000       0.000000      -0.895252 
 Dynmat after symmetrization (real part)
   0.786564E+00  -0.555112E-16   0.555112E-16  -0.875155E+00  -0.555112E-16   0.388578E-15
  
  -0.277556E-15   0.786564E+00  -0.610623E-15   0.555112E-16  -0.875155E+00  -0.166533E-15
  
  -0.555112E-16  -0.333067E-15   0.786564E+00   0.388578E-15  -0.555112E-16  -0.875155E+00
  
  -0.875155E+00  -0.166533E-15   0.555112E-16   0.786598E+00  -0.166533E-15  -0.277556E-15
  
  -0.277556E-15  -0.875155E+00  -0.166533E-15  -0.166533E-15   0.786598E+00  -0.277556E-15
  
   0.555112E-16  -0.277556E-15  -0.875155E+00  -0.388578E-15  -0.166533E-15   0.786598E+00
  
 Dynmat after symmetrization (imag part)
   0.000000E+00   0.000000E+00   0.000000E+00   0.000000E+00   0.000000E+00   0.000000E+00
  
   0.000000E+00   0.000000E+00   0.000000E+00   0.000000E+00   0.000000E+00   0.000000E+00
  
   0.000000E+00   0.000000E+00   0.000000E+00   0.000000E+00   0.000000E+00   0.000000E+00
  
   0.000000E+00   0.000000E+00   0.000000E+00   0.000000E+00   0.000000E+00   0.000000E+00
  
   0.000000E+00   0.000000E+00   0.000000E+00   0.000000E+00   0.000000E+00   0.000000E+00
  
   0.000000E+00   0.000000E+00   0.000000E+00   0.000000E+00   0.000000E+00   0.000000E+00
  
 
     Number of q in the star =    1
     List of q in the star:
          1   0.000000000   0.000000000   0.000000000
     Phonon frequencies at q point No.  1 in q point IBZ.
      Mode(   1)=      -0.000001 [THz]      -0.000023 [cm-1]
      Mode(   2)=      -0.000000 [THz]      -0.000006 [cm-1]
      Mode(   3)=       0.000000 [THz]       0.000005 [cm-1]
      Mode(   4)=      41.598510 [THz]    1387.576950 [cm-1]
      Mode(   5)=      41.598510 [THz]    1387.576950 [cm-1]
      Mode(   6)=      41.598510 [THz]    1387.576950 [cm-1]
 current_iq =            1 iqq =            1  iq =            1
 g0 =   0.000000000000000E+000  0.000000000000000E+000  0.000000000000000E+000
       
     --------------------------------------------------------------------------------------------
     Working on iqr = 00002 in q IBZ                                     
     --------------------------------------------------------------------------------------------
     Q-point No.    2,         6 Sym. Ops. Found,      Inv. Sym. Not Found.
  

     point group C_3v (3m)  
     there are  3 classes
     the character table:

       E     2C3   3s_v 
A_1    1.00  1.00  1.00
A_2    1.00  1.00 -1.00
E      2.00 -1.00  0.00

     the symmetry operations in each class and the name of the first element:

     E        1
                                                                 
     2C3      2    3
                                                                 
     3s_v     4    5    6
                                                                 


     Atomic displacements:
     There are   4 irreducible representations

     Representation     1      1 modes -A_1  L_1  To be done
     Irreps are as follows:

                     mode #   1
                     (   0.00000   0.00000   ) 
                     (   0.00000   0.00000   ) 
                     (   0.00000   0.00000   ) 
                     (  -0.57735   0.00000   ) 
                     (   0.57735  -0.00000   ) 
                     (  -0.57735   0.00000   ) 

     Representation     2      1 modes -A_1  L_1  To be done
     Irreps are as follows:

                     mode #   2
                     (  -0.57735   0.00000   ) 
                     (   0.57735   0.00000   ) 
                     (  -0.57735  -0.00000   ) 
                     (   0.00000   0.00000   ) 
                     (   0.00000   0.00000   ) 
                     (   0.00000   0.00000   ) 

     Representation     3      2 modes -E    L_3  To be done
     Irreps are as follows:

           mode #   3                           mode #   4
           (   0.00000   0.00000   )            (   0.00000   0.00000   ) 
           (   0.00000   0.00000   )            (   0.00000   0.00000   ) 
           (   0.00000   0.00000   )            (   0.00000   0.00000   ) 
           (  -0.40825   0.00000   )            (  -0.70711   0.00000   ) 
           (   0.40825  -0.00000   )            (  -0.70711   0.00000   ) 
           (   0.81650  -0.00000   )            (   0.00000   0.00000   ) 

     Representation     4      2 modes -E    L_3  To be done
     Irreps are as follows:

           mode #   5                           mode #   6
           (  -0.42924  -0.00000   )            (  -0.69456   0.00000   ) 
           (   0.11855  -0.50081   )            (  -0.55318   0.30950   ) 
           (   0.54779  -0.50081   )            (   0.14138   0.30950   ) 
           (   0.00000   0.00000   )            (   0.00000   0.00000   ) 
           (   0.00000   0.00000   )            (   0.00000   0.00000   ) 
           (   0.00000   0.00000   )            (   0.00000   0.00000   ) 
 time_reversal =  T skip_equiv =  F
 nrot=          48
 nsymq=           6
 minus_q= F
 magnetic_sym= F
     ===========================================================================
          K points generated with subgroup at this q point
          nsym   =   24
          nrot   =   48
          nk_ibz =   10
          xk(00000001) = (  0.000000  0.000000  0.000000) wk =   0.074074
          xk(00000002) = ( -0.333333  0.333333 -0.333333) wk =   0.074074
          xk(00000003) = (  0.000000  0.666667  0.000000) wk =   0.222222
          xk(00000004) = (  0.666667 -0.000000  0.666667) wk =   0.222222
          xk(00000005) = (  0.333333  0.333333  0.333333) wk =   0.222222
          xk(00000006) = (  0.333333 -0.333333  0.333333) wk =   0.074074
          xk(00000007) = ( -0.333333  0.333333  0.333333) wk =   0.222222
          xk(00000008) = (  0.666667  0.000000  0.000000) wk =   0.222222
          xk(00000009) = (  0.000000 -0.666667 -0.666667) wk =   0.444444
          xk(00000010) = ( -0.666667  0.000000 -0.666667) wk =   0.222222
     ===========================================================================
  2nd deri of PP in cart basis (real part)
   0.208907E+02   0.199285E+00  -0.900728E+00   0.000000E+00   0.000000E+00   0.000000E+00
  
   0.199285E+00   0.208907E+02  -0.110001E+01   0.000000E+00   0.000000E+00   0.000000E+00
  
  -0.900728E+00  -0.110001E+01   0.220863E+02   0.000000E+00   0.000000E+00   0.000000E+00
  
   0.000000E+00   0.000000E+00   0.000000E+00   0.208907E+02   0.199285E+00  -0.900731E+00
  
   0.000000E+00   0.000000E+00   0.000000E+00   0.199285E+00   0.208907E+02  -0.110002E+01
  
   0.000000E+00   0.000000E+00   0.000000E+00  -0.900731E+00  -0.110002E+01   0.220863E+02
  
  2nd deri of PP in pattern basis (real part)
   0.212893E+02   0.000000E+00  -0.704520E+00  -0.816801E+00   0.000000E+00   0.000000E+00
  
   0.000000E+00   0.212892E+02   0.000000E+00   0.000000E+00  -0.652112E+00  -0.842643E+00
  
  -0.704520E+00   0.000000E+00   0.214885E+02   0.115513E+01   0.000000E+00   0.000000E+00
  
  -0.816801E+00   0.000000E+00   0.115513E+01   0.210900E+02   0.000000E+00   0.000000E+00
  
   0.000000E+00  -0.652112E+00   0.000000E+00   0.000000E+00   0.212580E+02   0.991463E+00
  
   0.000000E+00  -0.842643E+00   0.000000E+00   0.000000E+00   0.991463E+00   0.213205E+02
  

     Alpha used in Ewald sum =   2.9000
  Ionic contribution in cart of iq =            2
   0.355990E+01  -0.159662E+01   0.159662E+01   0.145122E-07  -0.267394E+01   0.267394E+01
 
  -0.159662E+01   0.355990E+01  -0.159662E+01  -0.267394E+01   0.145122E-07  -0.267394E+01
 
   0.159662E+01  -0.159662E+01   0.355990E+01   0.267394E+01  -0.267394E+01   0.145122E-07
 
   0.145122E-07  -0.267394E+01   0.267394E+01   0.355990E+01  -0.159662E+01   0.159662E+01
 
  -0.267394E+01   0.145122E-07  -0.267394E+01  -0.159662E+01   0.355990E+01  -0.159662E+01
 
   0.267394E+01  -0.267394E+01   0.145122E-07   0.159662E+01  -0.159662E+01   0.355990E+01
 
  Ionic contribution in pattern of iq =            2
   0.675314E+01   0.534788E+01   0.444089E-15  -0.999201E-14  -0.535407E-14   0.198323E-14
 
   0.534788E+01   0.675314E+01  -0.678523E-14   0.288658E-14  -0.222045E-14  -0.999201E-14
 
   0.222045E-15  -0.623012E-14   0.196328E+01   0.184297E-13  -0.146148E+01  -0.668484E+00
 
  -0.106581E-13   0.288658E-14   0.180966E-13   0.196328E+01  -0.779412E+00  -0.224056E+01
 
  -0.429936E-14  -0.222045E-14  -0.146148E+01  -0.779412E+00   0.196328E+01   0.124345E-13
 
   0.103954E-14  -0.105471E-13  -0.668484E+00  -0.224056E+01   0.122680E-13   0.196328E+01
 
       
     --------------------------------------------------------------------------------------------
     Computing drho                                                      
     --------------------------------------------------------------------------------------------
     in progress... |######              | 030% :             < 00.1s (E)               00.2s (X)
     in progress... |#############       | 065% :               00.1s (E)               00.2s (X)
     in progress... |####################| 100% :               00.2s (E)               00.2s (X)
     --------------------------------------------------------------------------------------------
       
     --------------------------------------------------------------------------------------------
     Reading eigenpotentials at this q point                             
     --------------------------------------------------------------------------------------------
     in progress... |#                   | 005% :             < 00.1s (E)             < 00.1s (X)
     in progress... |##                  | 010% :             < 00.1s (E)             < 00.1s (X)
     in progress... |###                 | 015% :             < 00.1s (E)             < 00.1s (X)
     in progress... |####                | 020% :             < 00.1s (E)             < 00.1s (X)
     in progress... |#####               | 025% :             < 00.1s (E)             < 00.1s (X)
     in progress... |######              | 030% :             < 00.1s (E)             < 00.1s (X)
     in progress... |#######             | 035% :             < 00.1s (E)             < 00.1s (X)
     in progress... |########            | 040% :             < 00.1s (E)             < 00.1s (X)
     in progress... |#########           | 045% :             < 00.1s (E)             < 00.1s (X)
     in progress... |##########          | 050% :             < 00.1s (E)             < 00.1s (X)
     in progress... |###########         | 055% :             < 00.1s (E)             < 00.1s (X)
     in progress... |############        | 060% :             < 00.1s (E)             < 00.1s (X)
     in progress... |#############       | 065% :             < 00.1s (E)             < 00.1s (X)
     in progress... |##############      | 070% :             < 00.1s (E)             < 00.1s (X)
     in progress... |###############     | 075% :             < 00.1s (E)             < 00.1s (X)
     in progress... |################    | 080% :             < 00.1s (E)             < 00.1s (X)
     in progress... |#################   | 085% :             < 00.1s (E)             < 00.1s (X)
     in progress... |##################  | 090% :             < 00.1s (E)             < 00.1s (X)
     in progress... |################### | 095% :             < 00.1s (E)             < 00.1s (X)
     --------------------------------------------------------------------------------------------
       
     --------------------------------------------------------------------------------------------
     Computing elec elec part                                            
     --------------------------------------------------------------------------------------------
     in progress... |######              | 030% :             < 00.1s (E)             < 00.1s (X)
     in progress... |#############       | 065% :             < 00.1s (E)             < 00.1s (X)
     in progress... |####################| 100% :             < 00.1s (E)             < 00.1s (X)
     --------------------------------------------------------------------------------------------
 Dynmat after symmetrization (real part)
   0.847224E+00  -0.934464E-01   0.934464E-01  -0.556319E+00  -0.649008E-01   0.649008E-01
  
  -0.934464E-01   0.847224E+00  -0.934464E-01  -0.649008E-01  -0.556319E+00  -0.649008E-01
  
   0.934464E-01  -0.934464E-01   0.847224E+00   0.649008E-01  -0.649008E-01  -0.556319E+00
  
  -0.556319E+00  -0.649008E-01   0.649008E-01   0.847260E+00  -0.934468E-01   0.934468E-01
  
  -0.649008E-01  -0.556319E+00  -0.649008E-01  -0.934468E-01   0.847260E+00  -0.934468E-01
  
   0.649008E-01  -0.649008E-01  -0.556319E+00   0.934468E-01  -0.934468E-01   0.847260E+00
  
 Dynmat after symmetrization (imag part)
   0.578241E-18  -0.173472E-17  -0.173472E-17   0.155358E+00  -0.305627E-01   0.305627E-01
  
   0.578241E-18   0.578241E-18  -0.173472E-17  -0.305627E-01   0.155358E+00  -0.305627E-01
  
   0.173472E-17   0.173472E-17  -0.578241E-18   0.305627E-01  -0.305627E-01   0.155358E+00
  
  -0.155358E+00   0.305627E-01  -0.305627E-01   0.000000E+00   0.000000E+00   0.231296E-17
  
   0.305627E-01  -0.155358E+00   0.305627E-01   0.000000E+00   0.000000E+00  -0.231296E-17
  
  -0.305627E-01   0.305627E-01  -0.155358E+00  -0.231296E-17   0.231296E-17   0.000000E+00
  
 
     Number of q in the star =    4
     List of q in the star:
          1  -0.333333333   0.333333333  -0.333333333
          2   0.333333333   0.333333333   0.333333333
          3   0.333333333  -0.333333333  -0.333333333
          4  -0.333333333  -0.333333333   0.333333333
     In addition there is the -q list: 
          1   0.333333333  -0.333333333   0.333333333
          2  -0.333333333  -0.333333333  -0.333333333
          3  -0.333333333   0.333333333   0.333333333
          4   0.333333333   0.333333333  -0.333333333
     Phonon frequencies at q point No.  2 in q point IBZ.
      Mode(   1)=      10.899535 [THz]     363.569348 [cm-1]
      Mode(   2)=      10.899535 [THz]     363.569348 [cm-1]
      Mode(   3)=      23.441680 [THz]     781.930274 [cm-1]
      Mode(   4)=      37.036111 [THz]    1235.391688 [cm-1]
      Mode(   5)=      37.036111 [THz]    1235.391688 [cm-1]
      Mode(   6)=      38.668782 [THz]    1289.851718 [cm-1]
 current_iq =            2 iqq =            1  iq =            2
 g0 =   0.000000000000000E+000  0.000000000000000E+000  0.000000000000000E+000
 current_iq =            2 iqq =            1  iq =            3
 g0 =  -5.551115123125783E-017  5.551115123125783E-017 -5.551115123125783E-017
 current_iq =            2 iqq =            2  iq =            4
 g0 =   0.000000000000000E+000  0.000000000000000E+000  0.000000000000000E+000
 current_iq =            2 iqq =            2  iq =            7
 g0 =   5.551115123125783E-017  5.551115123125783E-017  5.551115123125783E-017
 current_iq =            2 iqq =            3  iq =           27
 g0 =  -5.551115123125783E-017  5.551115123125783E-017  5.551115123125783E-017
 current_iq =            2 iqq =            3  iq =           14
 g0 =   0.000000000000000E+000  0.000000000000000E+000  0.000000000000000E+000
 current_iq =            2 iqq =            4  iq =           10
 g0 =   0.000000000000000E+000  0.000000000000000E+000  0.000000000000000E+000
 current_iq =            2 iqq =            4  iq =           19
 g0 =  -5.551115123125783E-017 -5.551115123125783E-017  5.551115123125783E-017
       
     --------------------------------------------------------------------------------------------
     Working on iqr = 00003 in q IBZ                                     
     --------------------------------------------------------------------------------------------
     Q-point No.    3,         4 Sym. Ops. Found,      Inv. Sym. Not Found.
  

     point group C_2v (mm2) 
     there are  4 classes
     the character table:

       E     C2    s_v   s_v' 
A_1    1.00  1.00  1.00  1.00
A_2    1.00  1.00 -1.00 -1.00
B_1    1.00 -1.00  1.00 -1.00
B_2    1.00 -1.00 -1.00  1.00

     the symmetry operations in each class and the name of the first element:

     E        1
                                                                 
     C2       3
                                                                 
     s_v      2
                                                                 
     s_v'     4
                                                                 


     Atomic displacements:
     There are   6 irreducible representations

     Representation     1      1 modes -A_1  D_1  S_1  To be done
     Irreps are as follows:

                     mode #   1
                     (   0.00000   0.00000   ) 
                     (   0.00000   0.00000   ) 
                     (   0.00000   0.00000   ) 
                     (   0.00000   0.00000   ) 
                     (  -1.00000   0.00000   ) 
                     (  -0.00000   0.00000   ) 

     Representation     2      1 modes -A_1  D_1  S_1  To be done
     Irreps are as follows:

                     mode #   2
                     (   0.00000   0.00000   ) 
                     (  -1.00000   0.00000   ) 
                     (  -0.00000   0.00000   ) 
                     (   0.00000   0.00000   ) 
                     (   0.00000   0.00000   ) 
                     (   0.00000   0.00000   ) 

     Representation     3      1 modes -B_1  D_3  S_3  To be done
     Irreps are as follows:

                     mode #   3
                     (   0.00000   0.00000   ) 
                     (   0.00000   0.00000   ) 
                     (   0.00000   0.00000   ) 
                     (  -0.70711   0.00000   ) 
                     (   0.00000   0.00000   ) 
                     (  -0.70711   0.00000   ) 

     Representation     4      1 modes -B_1  D_3  S_3  To be done
     Irreps are as follows:

                     mode #   4
                     (  -0.70711   0.00000   ) 
                     (   0.00000   0.00000   ) 
                     (  -0.70711   0.00000   ) 
                     (   0.00000   0.00000   ) 
                     (   0.00000   0.00000   ) 
                     (   0.00000   0.00000   ) 

     Representation     5      1 modes -B_2  D_4  S_4  To be done
     Irreps are as follows:

                     mode #   5
                     (  -0.70711   0.00000   ) 
                     (  -0.00000  -0.00000   ) 
                     (   0.70711   0.00000   ) 
                     (   0.00000   0.00000   ) 
                     (   0.00000   0.00000   ) 
                     (   0.00000   0.00000   ) 

     Representation     6      1 modes -B_2  D_4  S_4  To be done
     Irreps are as follows:

                     mode #   6
                     (   0.00000   0.00000   ) 
                     (   0.00000   0.00000   ) 
                     (   0.00000   0.00000   ) 
                     (  -0.70711   0.00000   ) 
                     (  -0.00000   0.00000   ) 
                     (   0.70711  -0.00000   ) 
 time_reversal =  T skip_equiv =  F
 nrot=          48
 nsymq=           4
 minus_q= F
 magnetic_sym= F
     ===========================================================================
          K points generated with subgroup at this q point
          nsym   =   24
          nrot   =   48
          nk_ibz =   12
          xk(00000001) = (  0.000000  0.000000  0.000000) wk =   0.074074
          xk(00000002) = ( -0.333333  0.333333 -0.333333) wk =   0.148148
          xk(00000003) = (  0.000000  0.666667  0.000000) wk =   0.074074
          xk(00000004) = (  0.666667 -0.000000  0.666667) wk =   0.148148
          xk(00000005) = (  0.333333 -0.333333 -0.333333) wk =   0.148148
          xk(00000006) = (  0.333333 -0.333333  0.333333) wk =   0.148148
          xk(00000007) = ( -0.333333  0.333333  0.333333) wk =   0.148148
          xk(00000008) = ( -0.666667  0.000000  0.000000) wk =   0.296296
          xk(00000009) = (  0.000000 -0.666667  0.000000) wk =   0.074074
          xk(00000010) = (  0.000000 -0.666667  0.666667) wk =   0.296296
          xk(00000011) = ( -0.666667  0.000000  0.666667) wk =   0.148148
          xk(00000012) = (  0.666667  0.666667  0.000000) wk =   0.296296
     ===========================================================================
  2nd deri of PP in cart basis (real part)
   0.209089E+02   0.329510E+00  -0.756720E-08   0.000000E+00   0.000000E+00   0.000000E+00
  
   0.329510E+00   0.212892E+02   0.467629E+00   0.000000E+00   0.000000E+00   0.000000E+00
  
  -0.756720E-08   0.467629E+00   0.216696E+02   0.000000E+00   0.000000E+00   0.000000E+00
  
   0.000000E+00   0.000000E+00   0.000000E+00   0.209089E+02   0.329511E+00  -0.470599E-07
  
   0.000000E+00   0.000000E+00   0.000000E+00   0.329511E+00   0.212893E+02   0.467630E+00
  
   0.000000E+00   0.000000E+00   0.000000E+00  -0.470599E-07   0.467630E+00   0.216696E+02
  
  2nd deri of PP in pattern basis (real part)
   0.212893E+02   0.000000E+00   0.563664E+00   0.000000E+00   0.000000E+00  -0.976649E-01
  
   0.000000E+00   0.212892E+02   0.000000E+00   0.563662E+00  -0.976652E-01   0.000000E+00
  
   0.563664E+00   0.000000E+00   0.212893E+02   0.000000E+00   0.000000E+00  -0.380359E+00
  
   0.000000E+00   0.563662E+00   0.000000E+00   0.212892E+02  -0.380359E+00   0.000000E+00
  
   0.000000E+00  -0.976652E-01   0.000000E+00  -0.380359E+00   0.212892E+02   0.000000E+00
  
  -0.976649E-01   0.000000E+00  -0.380359E+00   0.000000E+00   0.000000E+00   0.212893E+02
  

     Alpha used in Ewald sum =   2.9000
  Ionic contribution in cart of iq =            3
   0.241400E+01  -0.754952E-14  -0.195399E-13  -0.441043E+00  -0.310862E-14   0.333829E+01
 
  -0.799361E-14   0.585171E+01   0.177636E-14  -0.277556E-14   0.882086E+00  -0.399680E-14
 
  -0.195399E-13   0.222045E-14   0.241400E+01   0.333829E+01  -0.399680E-14  -0.441043E+00
 
  -0.441043E+00  -0.310862E-14   0.333829E+01   0.241400E+01  -0.754952E-14  -0.195399E-13
 
  -0.277556E-14   0.882086E+00  -0.399680E-14  -0.799361E-14   0.585171E+01   0.177636E-14
 
   0.333829E+01  -0.399680E-14  -0.441043E+00  -0.195399E-13   0.222045E-14   0.241400E+01
 
  Ionic contribution in pattern of iq =            3
   0.585171E+01   0.882086E+00  -0.502534E-14  -0.477658E-14   0.868759E-14  -0.661790E-14
 
   0.882086E+00   0.585171E+01  -0.490897E-14  -0.450707E-14   0.187009E-13   0.291841E-13
 
  -0.439730E-14  -0.514449E-14   0.241400E+01   0.289725E+01  -0.999201E-15  -0.217604E-13
 
  -0.501210E-14  -0.387903E-14   0.289725E+01   0.241400E+01  -0.213163E-13  -0.224820E-14
 
   0.845208E-14   0.187009E-13  -0.999201E-15  -0.213163E-13   0.241400E+01  -0.377933E+01
 
  -0.661790E-14   0.289486E-13  -0.217604E-13  -0.224820E-14  -0.377933E+01   0.241400E+01
 
       
     --------------------------------------------------------------------------------------------
     Computing drho                                                      
     --------------------------------------------------------------------------------------------
     in progress... |######              | 030% :             < 00.1s (E)               00.3s (X)
     in progress... |#############       | 065% :               00.1s (E)               00.2s (X)
     in progress... |####################| 100% :               00.2s (E)               00.2s (X)
     --------------------------------------------------------------------------------------------
       
     --------------------------------------------------------------------------------------------
     Reading eigenpotentials at this q point                             
     --------------------------------------------------------------------------------------------
     in progress... |#                   | 005% :             < 00.1s (E)             < 00.1s (X)
     in progress... |##                  | 010% :             < 00.1s (E)             < 00.1s (X)
     in progress... |###                 | 015% :             < 00.1s (E)             < 00.1s (X)
     in progress... |####                | 020% :             < 00.1s (E)             < 00.1s (X)
     in progress... |#####               | 025% :             < 00.1s (E)             < 00.1s (X)
     in progress... |######              | 030% :             < 00.1s (E)             < 00.1s (X)
     in progress... |#######             | 035% :             < 00.1s (E)             < 00.1s (X)
     in progress... |########            | 040% :             < 00.1s (E)             < 00.1s (X)
     in progress... |#########           | 045% :             < 00.1s (E)             < 00.1s (X)
     in progress... |##########          | 050% :             < 00.1s (E)             < 00.1s (X)
     in progress... |###########         | 055% :             < 00.1s (E)             < 00.1s (X)
     in progress... |############        | 060% :             < 00.1s (E)             < 00.1s (X)
     in progress... |#############       | 065% :             < 00.1s (E)             < 00.1s (X)
     in progress... |##############      | 070% :             < 00.1s (E)             < 00.1s (X)
     in progress... |###############     | 075% :             < 00.1s (E)             < 00.1s (X)
     in progress... |################    | 080% :             < 00.1s (E)             < 00.1s (X)
     in progress... |#################   | 085% :             < 00.1s (E)             < 00.1s (X)
     in progress... |##################  | 090% :             < 00.1s (E)             < 00.1s (X)
     in progress... |################### | 095% :             < 00.1s (E)             < 00.1s (X)
     --------------------------------------------------------------------------------------------
       
     --------------------------------------------------------------------------------------------
     Computing elec elec part                                            
     --------------------------------------------------------------------------------------------
     in progress... |######              | 030% :             < 00.1s (E)             < 00.1s (X)
     in progress... |#############       | 065% :             < 00.1s (E)             < 00.1s (X)
     in progress... |####################| 100% :             < 00.1s (E)             < 00.1s (X)
     --------------------------------------------------------------------------------------------
 Dynmat after symmetrization (real part)
   0.725274E+00   0.000000E+00   0.467437E-07  -0.200723E+00   0.000000E+00   0.149122E+00
  
   0.555112E-16   0.111943E+01   0.555112E-16   0.277556E-16  -0.204218E+00   0.277556E-16
  
   0.467437E-07   0.000000E+00   0.725274E+00   0.149122E+00   0.138778E-16  -0.200723E+00
  
  -0.200723E+00   0.138778E-16   0.149122E+00   0.725310E+00   0.555112E-16   0.347360E-07
  
   0.138778E-16  -0.204218E+00   0.138778E-16  -0.111022E-15   0.111946E+01  -0.111022E-15
  
   0.149122E+00   0.277556E-16  -0.200723E+00   0.347360E-07  -0.555112E-16   0.725310E+00
  
 Dynmat after symmetrization (imag part)
   0.000000E+00   0.000000E+00   0.000000E+00   0.347662E+00   0.000000E+00   0.860958E-01
  
   0.000000E+00   0.000000E+00   0.000000E+00   0.000000E+00   0.353717E+00  -0.555112E-16
  
   0.000000E+00   0.000000E+00   0.000000E+00   0.860958E-01   0.000000E+00   0.347662E+00
  
  -0.347662E+00   0.000000E+00  -0.860958E-01  -0.173472E-17  -0.173472E-17  -0.173472E-17
  
   0.000000E+00  -0.353717E+00   0.000000E+00   0.173472E-17   0.173472E-17   0.173472E-17
  
  -0.860958E-01   0.555112E-16  -0.347662E+00  -0.173472E-17  -0.173472E-17  -0.173472E-17
  
 
     Number of q in the star =    6
     List of q in the star:
          1   0.000000000   0.666666667   0.000000000
          2  -0.666666667   0.000000000   0.000000000
          3   0.000000000   0.000000000  -0.666666667
          4   0.666666667   0.000000000   0.000000000
          5   0.000000000  -0.666666667   0.000000000
          6   0.000000000   0.000000000   0.666666667
     Phonon frequencies at q point No.  3 in q point IBZ.
      Mode(   1)=      16.887862 [THz]     563.318424 [cm-1]
      Mode(   2)=      16.887862 [THz]     563.318424 [cm-1]
      Mode(   3)=      26.512901 [THz]     884.375195 [cm-1]
      Mode(   4)=      33.895632 [THz]    1130.636597 [cm-1]
      Mode(   5)=      33.895632 [THz]    1130.636597 [cm-1]
      Mode(   6)=      38.865577 [THz]    1296.416110 [cm-1]
 current_iq =            5 iqq =            1  iq =            5
 g0 =   0.000000000000000E+000  0.000000000000000E+000  0.000000000000000E+000
 current_iq =            5 iqq =            2  iq =           11
 g0 =   0.000000000000000E+000  0.000000000000000E+000  0.000000000000000E+000
 current_iq =            5 iqq =            3  iq =           25
 g0 =   0.000000000000000E+000  0.000000000000000E+000  1.110223024625157E-016
 current_iq =            5 iqq =            4  iq =           21
 g0 =  -1.110223024625157E-016  0.000000000000000E+000  0.000000000000000E+000
 current_iq =            5 iqq =            5  iq =            9
 g0 =   0.000000000000000E+000  1.110223024625157E-016  0.000000000000000E+000
 current_iq =            5 iqq =            6  iq =           13
 g0 =   0.000000000000000E+000  0.000000000000000E+000  0.000000000000000E+000
       
     --------------------------------------------------------------------------------------------
     Working on iqr = 00004 in q IBZ                                     
     --------------------------------------------------------------------------------------------
     Q-point No.    4,         2 Sym. Ops. Found,      Inv. Sym. Not Found.
  

     point group C_s (m)    
     there are  2 classes
     the character table:

       E     s    
A'     1.00  1.00
A''    1.00 -1.00

     the symmetry operations in each class and the name of the first element:

     E        1
                                                                 
     s        2
                                                                 


     Atomic displacements:
     There are   6 irreducible representations

     Representation     1      1 modes -A'  To be done
     Irreps are as follows:

                     mode #   1
                     (   0.00000   0.00000   ) 
                     (   0.00000   0.00000   ) 
                     (   0.00000   0.00000   ) 
                     (  -0.45036   0.00000   ) 
                     (  -0.35413   0.68480   ) 
                     (  -0.45036   0.00000   ) 

     Representation     2      1 modes -A'  To be done
     Irreps are as follows:

                     mode #   2
                     (  -0.27768   0.00000   ) 
                     (   0.49122   0.77749   ) 
                     (  -0.27768   0.00000   ) 
                     (   0.00000   0.00000   ) 
                     (   0.00000   0.00000   ) 
                     (   0.00000   0.00000   ) 

     Representation     3      1 modes -A'  To be done
     Irreps are as follows:

                     mode #   3
                     (   0.00000   0.00000   ) 
                     (   0.00000   0.00000   ) 
                     (   0.00000   0.00000   ) 
                     (  -0.54514   0.00000   ) 
                     (   0.29256  -0.56573   ) 
                     (  -0.54514   0.00000   ) 

     Representation     4      1 modes -A'  To be done
     Irreps are as follows:

                     mode #   4
                     (  -0.65030   0.00000   ) 
                     (  -0.20975  -0.33199   ) 
                     (  -0.65030   0.00000   ) 
                     (   0.00000   0.00000   ) 
                     (   0.00000   0.00000   ) 
                     (   0.00000   0.00000   ) 

     Representation     5      1 modes -A''  To be done
     Irreps are as follows:

                     mode #   5
                     (  -0.70711   0.00000   ) 
                     (  -0.00000  -0.00000   ) 
                     (   0.70711  -0.00000   ) 
                     (   0.00000   0.00000   ) 
                     (   0.00000   0.00000   ) 
                     (   0.00000   0.00000   ) 

     Representation     6      1 modes -A''  To be done
     Irreps are as follows:

                     mode #   6
                     (   0.00000   0.00000   ) 
                     (   0.00000   0.00000   ) 
                     (   0.00000   0.00000   ) 
                     (  -0.70711   0.00000   ) 
                     (   0.00000  -0.00000   ) 
                     (   0.70711  -0.00000   ) 
 time_reversal =  T skip_equiv =  F
 nrot=          48
 nsymq=           2
 minus_q= F
 magnetic_sym= F
     ===========================================================================
          K points generated with subgroup at this q point
          nsym   =   24
          nrot   =   48
          nk_ibz =   18
          xk(00000001) = (  0.000000  0.000000  0.000000) wk =   0.074074
          xk(00000002) = ( -0.333333  0.333333 -0.333333) wk =   0.074074
          xk(00000003) = (  0.000000  0.666667  0.000000) wk =   0.074074
          xk(00000004) = (  0.666667 -0.000000  0.666667) wk =   0.074074
          xk(00000005) = (  0.333333  0.333333  0.333333) wk =   0.074074
          xk(00000006) = (  0.333333 -0.333333 -0.333333) wk =   0.148148
          xk(00000007) = (  0.333333 -0.333333  0.333333) wk =   0.074074
          xk(00000008) = ( -0.333333  0.333333  0.333333) wk =   0.148148
          xk(00000009) = ( -0.333333 -0.333333 -0.333333) wk =   0.074074
          xk(00000010) = ( -0.666667  0.000000  0.000000) wk =   0.148148
          xk(00000011) = (  0.666667  0.000000  0.000000) wk =   0.148148
          xk(00000012) = (  0.000000 -0.666667  0.000000) wk =   0.074074
          xk(00000013) = ( -0.666667  0.000000 -0.666667) wk =   0.074074
          xk(00000014) = (  0.000000 -0.666667  0.666667) wk =   0.148148
          xk(00000015) = (  0.000000 -0.666667 -0.666667) wk =   0.148148
          xk(00000016) = ( -0.666667  0.000000  0.666667) wk =   0.148148
          xk(00000017) = (  0.666667  0.666667  0.000000) wk =   0.148148
          xk(00000018) = ( -0.666667  0.666667  0.000000) wk =   0.148148
     ===========================================================================
  2nd deri of PP in cart basis (real part)
   0.209089E+02   0.398569E+00   0.106357E-07   0.000000E+00   0.000000E+00   0.000000E+00
  
   0.398569E+00   0.212892E+02  -0.398569E+00   0.000000E+00   0.000000E+00   0.000000E+00
  
   0.106357E-07  -0.398569E+00   0.216696E+02   0.000000E+00   0.000000E+00   0.000000E+00
  
   0.000000E+00   0.000000E+00   0.000000E+00   0.209089E+02   0.398571E+00  -0.354489E-07
  
   0.000000E+00   0.000000E+00   0.000000E+00   0.398571E+00   0.212893E+02  -0.398571E+00
  
   0.000000E+00   0.000000E+00   0.000000E+00  -0.354489E-07  -0.398571E+00   0.216696E+02
  
  2nd deri of PP in pattern basis (real part)
   0.212893E+02   0.000000E+00  -0.348210E-07   0.000000E+00   0.000000E+00  -0.426387E-01
  
   0.000000E+00   0.212892E+02   0.000000E+00   0.371392E-07  -0.426249E+00   0.000000E+00
  
  -0.348210E-07   0.000000E+00   0.212893E+02   0.000000E+00   0.000000E+00  -0.458142E+00
  
   0.000000E+00   0.371392E-07   0.000000E+00   0.212892E+02  -0.231575E+00   0.000000E+00
  
   0.000000E+00  -0.426249E+00   0.000000E+00  -0.231575E+00   0.212892E+02   0.000000E+00
  
  -0.426387E-01   0.000000E+00  -0.458142E+00   0.000000E+00   0.000000E+00   0.212893E+02
  

     Alpha used in Ewald sum =   2.9000
  Ionic contribution in cart of iq =            4
   0.334151E+01  -0.621725E-14   0.105384E+01   0.218716E+00  -0.199840E-14   0.395163E+01
 
  -0.621725E-14   0.399669E+01   0.142109E-13  -0.210942E-14  -0.437432E+00  -0.266454E-14
 
   0.105384E+01   0.137668E-13   0.334151E+01   0.395163E+01  -0.266454E-14   0.218716E+00
 
   0.218716E+00  -0.199840E-14   0.395163E+01   0.334151E+01  -0.621725E-14   0.105384E+01
 
  -0.210942E-14  -0.437432E+00  -0.266454E-14  -0.621725E-14   0.399669E+01   0.142109E-13
 
   0.395163E+01  -0.266454E-14   0.218716E+00   0.105384E+01   0.137668E-13   0.334151E+01
 
  Ionic contribution in pattern of iq =            4
   0.415840E+01   0.159215E+00   0.195750E+00   0.521265E+01  -0.496825E-14  -0.643929E-14
 
   0.159215E+00   0.405816E+01  -0.124768E+01   0.143977E+00   0.377476E-14  -0.132533E-13
 
   0.195750E+00  -0.124768E+01   0.423363E+01   0.205217E+01   0.575512E-13   0.277556E-13
 
   0.521265E+01   0.143977E+00   0.205217E+01   0.433387E+01  -0.932587E-14   0.292405E-13
 
  -0.525968E-14   0.366374E-14   0.558442E-13  -0.888178E-14   0.228768E+01  -0.373292E+01
 
  -0.643929E-14  -0.138292E-13   0.277556E-13   0.275474E-13  -0.373292E+01   0.228768E+01
 
       
     --------------------------------------------------------------------------------------------
     Computing drho                                                      
     --------------------------------------------------------------------------------------------
     in progress... |######              | 030% :               00.1s (E)               00.4s (X)
     in progress... |#############       | 065% :               00.2s (E)               00.4s (X)
     in progress... |####################| 100% :               00.4s (E)               00.4s (X)
     --------------------------------------------------------------------------------------------
       
     --------------------------------------------------------------------------------------------
     Reading eigenpotentials at this q point                             
     --------------------------------------------------------------------------------------------
     in progress... |#                   | 005% :             < 00.1s (E)             < 00.1s (X)
     in progress... |##                  | 010% :             < 00.1s (E)             < 00.1s (X)
     in progress... |###                 | 015% :             < 00.1s (E)             < 00.1s (X)
     in progress... |####                | 020% :             < 00.1s (E)             < 00.1s (X)
     in progress... |#####               | 025% :             < 00.1s (E)             < 00.1s (X)
     in progress... |######              | 030% :             < 00.1s (E)             < 00.1s (X)
     in progress... |#######             | 035% :             < 00.1s (E)             < 00.1s (X)
     in progress... |########            | 040% :             < 00.1s (E)             < 00.1s (X)
     in progress... |#########           | 045% :             < 00.1s (E)             < 00.1s (X)
     in progress... |##########          | 050% :             < 00.1s (E)             < 00.1s (X)
     in progress... |###########         | 055% :             < 00.1s (E)             < 00.1s (X)
     in progress... |############        | 060% :             < 00.1s (E)             < 00.1s (X)
     in progress... |#############       | 065% :             < 00.1s (E)             < 00.1s (X)
     in progress... |##############      | 070% :             < 00.1s (E)             < 00.1s (X)
     in progress... |###############     | 075% :             < 00.1s (E)             < 00.1s (X)
     in progress... |################    | 080% :             < 00.1s (E)             < 00.1s (X)
     in progress... |#################   | 085% :             < 00.1s (E)             < 00.1s (X)
     in progress... |##################  | 090% :             < 00.1s (E)             < 00.1s (X)
     in progress... |################### | 095% :             < 00.1s (E)             < 00.1s (X)
     --------------------------------------------------------------------------------------------
       
     --------------------------------------------------------------------------------------------
     Computing elec elec part                                            
     --------------------------------------------------------------------------------------------
     in progress... |######              | 030% :             < 00.1s (E)             < 00.1s (X)
     in progress... |#############       | 065% :             < 00.1s (E)             < 00.1s (X)
     in progress... |####################| 100% :             < 00.1s (E)             < 00.1s (X)
     --------------------------------------------------------------------------------------------
 Dynmat after symmetrization (real part)
   0.809119E+00  -0.227926E-06   0.911242E-01  -0.217006E+00  -0.168888E-06   0.111789E+00
  
  -0.227926E-06   0.100195E+01  -0.227926E-06  -0.568286E-07  -0.226143E+00  -0.568286E-07
  
   0.911242E-01  -0.227926E-06   0.809119E+00   0.111789E+00  -0.168888E-06  -0.217006E+00
  
  -0.217006E+00  -0.568286E-07   0.111789E+00   0.809157E+00  -0.274249E-06   0.911251E-01
  
  -0.168888E-06  -0.226143E+00  -0.168888E-06  -0.274249E-06   0.100199E+01  -0.274249E-06
  
   0.111789E+00  -0.568286E-07  -0.217006E+00   0.911251E-01  -0.274249E-06   0.809157E+00
  
 Dynmat after symmetrization (imag part)
   0.000000E+00  -0.747667E-01   0.000000E+00  -0.669275E-06   0.442067E-01  -0.324948E-06
  
   0.747667E-01   0.000000E+00   0.747667E-01   0.442071E-01  -0.105455E-07   0.442071E-01
  
   0.000000E+00  -0.747667E-01   0.000000E+00  -0.324948E-06   0.442067E-01  -0.669275E-06
  
   0.669275E-06  -0.442071E-01   0.324948E-06   0.000000E+00   0.747685E-01   0.000000E+00
  
  -0.442067E-01   0.105455E-07  -0.442067E-01  -0.747685E-01   0.000000E+00  -0.747685E-01
  
   0.324948E-06  -0.442071E-01   0.669275E-06   0.000000E+00   0.747685E-01   0.000000E+00
  
 
     Number of q in the star =   12
     List of q in the star:
          1   0.666666667   0.000000000   0.666666667
          2  -0.666666667   0.000000000  -0.666666667
          3   0.000000000  -0.666666667   0.666666667
          4   0.666666667  -0.666666667   0.000000000
          5   0.000000000  -0.666666667  -0.666666667
          6  -0.666666667   0.000000000   0.666666667
          7   0.666666667   0.666666667   0.000000000
          8  -0.666666667  -0.666666667   0.000000000
          9  -0.666666667   0.666666667   0.000000000
         10   0.666666667   0.000000000  -0.666666667
         11   0.000000000   0.666666667   0.666666667
         12   0.000000000   0.666666667  -0.666666667
     Phonon frequencies at q point No.  4 in q point IBZ.
      Mode(   1)=      19.616280 [THz]     654.328666 [cm-1]
      Mode(   2)=      26.999770 [THz]     900.615385 [cm-1]
      Mode(   3)=      27.554427 [THz]     919.116760 [cm-1]
      Mode(   4)=      31.651832 [THz]    1055.791469 [cm-1]
      Mode(   5)=      32.170228 [THz]    1073.083287 [cm-1]
      Mode(   6)=      35.653935 [THz]    1189.287261 [cm-1]
 current_iq =            6 iqq =            1  iq =            6
 g0 =   5.551115123125783E-017  5.551115123125783E-017  5.551115123125783E-017
 current_iq =            6 iqq =            2  iq =            8
 g0 =  -5.551115123125783E-017  5.551115123125783E-017 -5.551115123125783E-017
 current_iq =            6 iqq =            3  iq =           12
 g0 =  -5.551115123125783E-017 -5.551115123125783E-017  5.551115123125783E-017
 current_iq =            6 iqq =            4  iq =           26
 g0 =    1.00000000000000       -1.00000000000000        1.00000000000000     
 current_iq =            6 iqq =            5  iq =           24
 g0 =   -1.00000000000000       -1.00000000000000       -1.00000000000000     
 current_iq =            6 iqq =            6  iq =           23
 g0 =   -1.00000000000000       -1.00000000000000        1.00000000000000     
 current_iq =            6 iqq =            7  iq =           22
 g0 =   5.551115123125783E-017  5.551115123125783E-017  5.551115123125783E-017
 current_iq =            6 iqq =            8  iq =           16
 g0 =  -5.551115123125783E-017 -5.551115123125783E-017  5.551115123125783E-017
 current_iq =            6 iqq =            9  iq =           15
 g0 =   -1.00000000000000        1.00000000000000       -1.00000000000000     
 current_iq =            6 iqq =           10  iq =           18
 g0 =    1.00000000000000        1.00000000000000       -1.00000000000000     
 current_iq =            6 iqq =           11  iq =           17
 g0 =    1.00000000000000        1.00000000000000        1.00000000000000     
 current_iq =            6 iqq =           12  iq =           20
 g0 =  -5.551115123125783E-017  5.551115123125783E-017 -5.551115123125783E-017
     WELPH        :    15.40s CPU        25.06s WALL

     welph_readin :      0.34s CPU      0.39s WALL (       1 calls)
     fetch_input  :      0.00s CPU      0.00s WALL (       2 calls)
     read_xml     :      0.28s CPU      0.28s WALL (       1 calls)
     init_vloc    :      0.00s CPU      0.00s WALL (       2 calls)
     fft          :      0.07s CPU      0.07s WALL (    1898 calls)
     fft_scatter  :      3.96s CPU      4.16s WALL (  214304 calls)
     v_of_rho     :      0.00s CPU      0.00s WALL (       1 calls)
     v_xc         :      0.00s CPU      0.00s WALL (       1 calls)
     v_h          :      0.00s CPU      0.00s WALL (       1 calls)
     read_wave    :      0.06s CPU      0.09s WALL (       1 calls)
     davcio       :      0.01s CPU      0.05s WALL (     668 calls)
     init_us_1    :      0.00s CPU      0.00s WALL (       2 calls)
     do_setup     :      0.01s CPU      0.02s WALL (       1 calls)
     init_pw_ar   :      0.00s CPU      0.00s WALL (       1 calls)
     init_at_1    :      0.00s CPU      0.00s WALL (       1 calls)
     setup_dmuxc  :      0.00s CPU      0.00s WALL (       1 calls)
     build_chi    :      8.60s CPU     12.24s WALL (       1 calls)
     sqvc_init    :      0.00s CPU      0.00s WALL (       8 calls)
     pdep_db      :      1.21s CPU      1.24s WALL (       4 calls)
     fftw         :      6.46s CPU      6.78s WALL (  212379 calls)
     diagh        :      0.71s CPU      0.72s WALL (      35 calls)
     init_us_2    :      0.01s CPU      0.01s WALL (     604 calls)
     calbec       :      0.07s CPU      0.08s WALL (    5608 calls)
     drho         :      0.98s CPU      1.11s WALL (       4 calls)
     ffts         :      0.00s CPU      0.00s WALL (      27 calls)
     alphapc      :      0.00s CPU      0.00s WALL (     164 calls)
     linstern     :      0.94s CPU      1.02s WALL (     164 calls)
     stern        :      0.85s CPU      0.92s WALL (    3968 calls)
     h_psi_bgrp   :      0.80s CPU      0.87s WALL (    3968 calls)
     h_psi        :      0.80s CPU      0.87s WALL (    3968 calls)
     h_psi:pot    :      0.79s CPU      0.86s WALL (    3968 calls)
     vloc_psi     :      0.72s CPU      0.78s WALL (    3968 calls)
     h_psi:calbec :      0.05s CPU      0.05s WALL (    3968 calls)
     add_vuspsi   :      0.01s CPU      0.02s WALL (    3968 calls)
     alphapv      :      0.04s CPU      0.04s WALL (    3968 calls)
     gather_grid  :      0.04s CPU      0.05s WALL (     216 calls)
     scatter_grid :      0.01s CPU      0.02s WALL (     204 calls)
     psymdvscf    :      0.12s CPU      0.13s WALL (      18 calls)
     cgather      :      0.00s CPU      0.01s WALL (      27 calls)
     symdvscf     :      0.12s CPU      0.12s WALL (      18 calls)
     eigpot_io    :      0.09s CPU      0.13s WALL (       4 calls)
     dynmat       :      0.10s CPU      0.11s WALL (       4 calls)
     commutator_H :      0.01s CPU      0.01s WALL (      48 calls)
     stres_us31   :      0.00s CPU      0.00s WALL (      48 calls)
     stres_us32   :      0.00s CPU      0.00s WALL (      48 calls)
     stres_us33   :      0.00s CPU      0.00s WALL (      48 calls)
     stres_us34   :      0.00s CPU      0.00s WALL (      48 calls)
     rotate_WHxc_ :      0.47s CPU      1.39s WALL (       4 calls)
 
     WELPH        :    15.40s CPU        25.06s WALL

 
   This run was terminated on:  12:20:35  17Dec2020            

=------------------------------------------------------------------------------=
   JOB DONE.
=------------------------------------------------------------------------------=
