
     Program WELPH v. 3.1.1 starts on  4Jan2021 at 16:39: 5 

     This program is part of the open-source West suite
     for massively parallel calculations of excited states in materials; please cite
         "M. Govoni et al., J. Chem. Theory Comput. 11, 2680 (2015);
          URL http://www.west-code.org", 
     in publications or presentations arising from this work.

     Based on the Quantum ESPRESSO v. 6.1 svn rev. 13369

     I/O is Little Endian
       
     --------------------------------------------------------------------------------------------
     **MPI** Parallelization Status                                      
     --------------------------------------------------------------------------------------------
                    80                   2             1             1            40
     --------------------------------------------------------------------------------------------
                     N         =         I      X      P      X      B      X      Z
                     ^                   ^             ^             ^             ^
                     |                   |             |             |             |
                   #rnk                  |             |             |             |
                                      #image           |             |             |
                                                     #pool           |             |
                                                                   #bgrp           |
                                                                                 #R&G
     --------------------------------------------------------------------------------------------
     **OPENMP** Parallelization Status
     #thr/rnk               =            1
     --------------------------------------------------------------------------------------------
     #prc = (rnk) * (thr) =           80
     --------------------------------------------------------------------------------------------
       
     --------------------------------------------------------------------------------------------
     I/O Summary : input_west                                            
     --------------------------------------------------------------------------------------------
     qe_prefix      = c
     west_prefix    = c
     outdir         = ./
     --------------------------------------------------------------------------------------------

     Reading data from directory:
     ./c.save

   Info: using nr1, nr2, nr3 values from input

   Info: using nr1, nr2, nr3 values from input

     IMPORTANT: XC functional enforced from input :
     Exchange-correlation      = PZ ( 1  1  0  0 0 0)
     Any further DFT definition will be discarded
     Please, verify this is what you really want

               file C.pz-mt.fhi.UPF: wavefunction(s)  3d renormalized
 
     Parallelization info
     --------------------
     sticks:   dense  smooth     PW     G-vecs:    dense   smooth      PW
     Min           9       9      3                  115      115      23
     Max          10      10      4                  119      119      27
     Sum         367     367    121                 4645     4645     941
 
       
     --------------------------------------------------------------------------------------------
     I/O Summary : wstat_control                                         
     --------------------------------------------------------------------------------------------
     wstat_calculation              =              S
     n_pdep_eigen                   =            200
     n_pdep_times                   =              4
     n_pdep_maxiter                 =            100
     n_dfpt_maxiter                 =            250
     n_pdep_read_from_file          =              0
     trev_pdep                      =   1.000000E-03
     trev_pdep_rel                  =   1.000000E-01
     tr2_dfpt                       =   1.000000E-12
     l_kinetic_only                 =              F
     l_minimize_exx_if_active       =              F
     l_use_ecutrho                  =              F
     l_use_symm                     =              T
     nq(1)                          =              6
     nq(2)                          =              6
     nq(3)                          =              6
     --------------------------------------------------------------------------------------------
       
     --------------------------------------------------------------------------------------------
     I/O Summary : wfreq_control                                         
     --------------------------------------------------------------------------------------------
     wfreq_calculation                        =           XWGQ
     n_pdep_eigen_to_use                      =            200
     qp_bandrange(1)                          =              1
     qp_bandrange(2)                          =              2
     macropol_calculation                     =              C
     n_lanczos                                =             30
     n_imfreq                                 =            128
     n_refreq                                 =            272
     ecut_imfreq [Ry]                         =     240.000000
     ecut_refreq [Ry]                         =       2.000000
     wfreq_eta [Ry]                           =       0.003675
     n_secant_maxiter                         =             21
     trev_secant [Ry]                         =       0.003675
     l_enable_lanczos                         =              T
     l_enable_gwetot                          =              F
     o_restart_time [min]                     =       0.000000
     ecut_spectralf(1) [Ry]                   =      -2.000000
     ecut_spectralf(2) [Ry]                   =       2.000000
     n_spectralf                              =             10
     l_read_common_pdep                       =              F
     l_enable_gb_curvature                    =              T
     --------------------------------------------------------------------------------------------
       
     --------------------------------------------------------------------------------------------
     I/O Summary : welph_control                                         
     --------------------------------------------------------------------------------------------
     welph_calculation                        =              S
     welph_n_pdep_eigen_to_use                =            200
     asr                                      =              1
     welph_band_range(1)                      =              1
     welph_band_range(2)                      =              8
     do_scr                                   =              T
     do_fxc                                   =              T
     welph_read_common_pdep                   =              T
     loto                                     =              F
     lsym                                     =              F
     l_adiabatic                              =              T
     l_enabel_gw                              =              F
     q_direction(1)                           =       1.000000
     q_direction(2)                           =       0.000000
     q_direction(3)                           =       0.000000
     welph_eta                                =       0.100000
     temperature                              =       0.000000
     --------------------------------------------------------------------------------------------
       
     --------------------------------------------------------------------------------------------
     System Overview                                                     
     --------------------------------------------------------------------------------------------
     gamma_only           =              F
     ecutwfc [Ry]         =      60.000000
     ecutrho [Ry]         =     240.000000
     omega [au^3]         =   7.435220E+01
     nbnd                 =              8
     nkstot               =            216
     nspin                =              1
     nelec                =       8.000000
     npol                 =              1
     lsda                 =              F
     noncolin             =              F
     lspinorb             =              F
     domag                =              F
     --------------------------------------------------------------------------------------------

     3DFFT grid
        s : (  24,  24,  24)
        p : (  24,  24,  24)

     Direct Lattice Cell [a.u.]
        a1 = (    -3.3375000     0.0000000     3.3375000)
        a2 = (     0.0000000     3.3375000     3.3375000)
        a3 = (    -3.3375000     3.3375000     0.0000000)

     Reciprocal Lattice Cell [a.u.]
        b1 = (    -0.9413012    -0.9413012     0.9413012)
        b2 = (     0.9413012     0.9413012     0.9413012)
        b3 = (    -0.9413012     0.9413012    -0.9413012)
      

     Brillouin Zone sampling [cryst. coord.]
 
        k(000001) = (     0.0000000     0.0000000     0.0000000)
        k(000002) = (     0.0000000     0.0000000     0.1666667)
        k(000003) = (     0.0000000     0.0000000     0.3333333)
        k(000004) = (     0.0000000     0.0000000    -0.5000000)
        k(000005) = (     0.0000000     0.0000000    -0.3333333)
        k(000006) = (     0.0000000     0.0000000    -0.1666667)
        k(000007) = (     0.0000000     0.1666667     0.0000000)
        k(000008) = (     0.0000000     0.1666667     0.1666667)
        k(000009) = (     0.0000000     0.1666667     0.3333333)
        k(000010) = (     0.0000000     0.1666667    -0.5000000)
        k(000011) = (     0.0000000     0.1666667    -0.3333333)
        k(000012) = (     0.0000000     0.1666667    -0.1666667)
        k(000013) = (     0.0000000     0.3333333     0.0000000)
        k(000014) = (     0.0000000     0.3333333     0.1666667)
        k(000015) = (     0.0000000     0.3333333     0.3333333)
        k(000016) = (     0.0000000     0.3333333    -0.5000000)
        k(000017) = (     0.0000000     0.3333333    -0.3333333)
        k(000018) = (     0.0000000     0.3333333    -0.1666667)
        k(000019) = (     0.0000000    -0.5000000     0.0000000)
        k(000020) = (     0.0000000    -0.5000000     0.1666667)
        k(000021) = (     0.0000000    -0.5000000     0.3333333)
        k(000022) = (     0.0000000    -0.5000000    -0.5000000)
        k(000023) = (     0.0000000    -0.5000000    -0.3333333)
        k(000024) = (     0.0000000    -0.5000000    -0.1666667)
        k(000025) = (     0.0000000    -0.3333333     0.0000000)
        k(000026) = (     0.0000000    -0.3333333     0.1666667)
        k(000027) = (     0.0000000    -0.3333333     0.3333333)
        k(000028) = (     0.0000000    -0.3333333    -0.5000000)
        k(000029) = (     0.0000000    -0.3333333    -0.3333333)
        k(000030) = (     0.0000000    -0.3333333    -0.1666667)
        k(000031) = (     0.0000000    -0.1666667     0.0000000)
        k(000032) = (     0.0000000    -0.1666667     0.1666667)
        k(000033) = (     0.0000000    -0.1666667     0.3333333)
        k(000034) = (     0.0000000    -0.1666667    -0.5000000)
        k(000035) = (     0.0000000    -0.1666667    -0.3333333)
        k(000036) = (     0.0000000    -0.1666667    -0.1666667)
        k(000037) = (     0.1666667     0.0000000     0.0000000)
        k(000038) = (     0.1666667     0.0000000     0.1666667)
        k(000039) = (     0.1666667     0.0000000     0.3333333)
        k(000040) = (     0.1666667     0.0000000    -0.5000000)
        k(000041) = (     0.1666667     0.0000000    -0.3333333)
        k(000042) = (     0.1666667     0.0000000    -0.1666667)
        k(000043) = (     0.1666667     0.1666667     0.0000000)
        k(000044) = (     0.1666667     0.1666667     0.1666667)
        k(000045) = (     0.1666667     0.1666667     0.3333333)
        k(000046) = (     0.1666667     0.1666667    -0.5000000)
        k(000047) = (     0.1666667     0.1666667    -0.3333333)
        k(000048) = (     0.1666667     0.1666667    -0.1666667)
        k(000049) = (     0.1666667     0.3333333     0.0000000)
        k(000050) = (     0.1666667     0.3333333     0.1666667)
        Printing only first 50 k points...
 
        q(000001) = (     0.0000000     0.0000000     0.0000000)
        q(000002) = (     0.0000000     0.0000000     0.1666667)
        q(000003) = (     0.0000000     0.0000000     0.3333333)
        q(000004) = (     0.0000000     0.0000000    -0.5000000)
        q(000005) = (     0.0000000     0.0000000    -0.3333333)
        q(000006) = (     0.0000000     0.0000000    -0.1666667)
        q(000007) = (     0.0000000     0.1666667     0.0000000)
        q(000008) = (     0.0000000     0.1666667     0.1666667)
        q(000009) = (     0.0000000     0.1666667     0.3333333)
        q(000010) = (     0.0000000     0.1666667    -0.5000000)
        q(000011) = (     0.0000000     0.1666667    -0.3333333)
        q(000012) = (     0.0000000     0.1666667    -0.1666667)
        q(000013) = (     0.0000000     0.3333333     0.0000000)
        q(000014) = (     0.0000000     0.3333333     0.1666667)
        q(000015) = (     0.0000000     0.3333333     0.3333333)
        q(000016) = (     0.0000000     0.3333333    -0.5000000)
        q(000017) = (     0.0000000     0.3333333    -0.3333333)
        q(000018) = (     0.0000000     0.3333333    -0.1666667)
        q(000019) = (     0.0000000    -0.5000000     0.0000000)
        q(000020) = (     0.0000000    -0.5000000     0.1666667)
        q(000021) = (     0.0000000    -0.5000000     0.3333333)
        q(000022) = (     0.0000000    -0.5000000    -0.5000000)
        q(000023) = (     0.0000000    -0.5000000    -0.3333333)
        q(000024) = (     0.0000000    -0.5000000    -0.1666667)
        q(000025) = (     0.0000000    -0.3333333     0.0000000)
        q(000026) = (     0.0000000    -0.3333333     0.1666667)
        q(000027) = (     0.0000000    -0.3333333     0.3333333)
        q(000028) = (     0.0000000    -0.3333333    -0.5000000)
        q(000029) = (     0.0000000    -0.3333333    -0.3333333)
        q(000030) = (     0.0000000    -0.3333333    -0.1666667)
        q(000031) = (     0.0000000    -0.1666667     0.0000000)
        q(000032) = (     0.0000000    -0.1666667     0.1666667)
        q(000033) = (     0.0000000    -0.1666667     0.3333333)
        q(000034) = (     0.0000000    -0.1666667    -0.5000000)
        q(000035) = (     0.0000000    -0.1666667    -0.3333333)
        q(000036) = (     0.0000000    -0.1666667    -0.1666667)
        q(000037) = (     0.1666667     0.0000000     0.0000000)
        q(000038) = (     0.1666667     0.0000000     0.1666667)
        q(000039) = (     0.1666667     0.0000000     0.3333333)
        q(000040) = (     0.1666667     0.0000000    -0.5000000)
        q(000041) = (     0.1666667     0.0000000    -0.3333333)
        q(000042) = (     0.1666667     0.0000000    -0.1666667)
        q(000043) = (     0.1666667     0.1666667     0.0000000)
        q(000044) = (     0.1666667     0.1666667     0.1666667)
        q(000045) = (     0.1666667     0.1666667     0.3333333)
        q(000046) = (     0.1666667     0.1666667    -0.5000000)
        q(000047) = (     0.1666667     0.1666667    -0.3333333)
        q(000048) = (     0.1666667     0.1666667    -0.1666667)
        q(000049) = (     0.1666667     0.3333333     0.0000000)
        q(000050) = (     0.1666667     0.3333333     0.1666667)
        Printing only first 50 q points...
       
     --------------------------------------------------------------------------------------------
     Parallelization for npdep                                           
     --------------------------------------------------------------------------------------------
     nglob                =            200
     nlevel               =              2
     Min nglob/nlevel     =            100
     Max nglob/nlevel     =            100
     --------------------------------------------------------------------------------------------
       
     --------------------------------------------------------------------------------------------
     Parallelization for npdep+macro                                     
     --------------------------------------------------------------------------------------------
     nglob                =            203
     nlevel               =              2
     Min nglob/nlevel     =            101
     Max nglob/nlevel     =            102
     --------------------------------------------------------------------------------------------
     ===========================================================================
          nsym   =   24
          nrot   =   48
          nq_ibz =   16
          Q-point IBZ [ cart  coord ]
          xq(00000001) = (  0.000000  0.000000  0.000000) wq =   0.004630
          xq(00000002) = ( -0.166667  0.166667 -0.166667) wq =   0.037037
          xq(00000003) = ( -0.333333  0.333333 -0.333333) wq =   0.037037
          xq(00000004) = (  0.500000 -0.500000  0.500000) wq =   0.018519
          xq(00000005) = (  0.000000  0.333333  0.000000) wq =   0.027778
          xq(00000006) = ( -0.166667  0.500000 -0.166667) wq =   0.111111
          xq(00000007) = (  0.666667 -0.333333  0.666667) wq =   0.111111
          xq(00000008) = (  0.500000 -0.166667  0.500000) wq =   0.111111
          xq(00000009) = (  0.333333  0.000000  0.333333) wq =   0.055556
          xq(00000010) = (  0.000000  0.666667  0.000000) wq =   0.027778
          xq(00000011) = (  0.833333 -0.166667  0.833333) wq =   0.111111
          xq(00000012) = (  0.666667 -0.000000  0.666667) wq =   0.055556
          xq(00000013) = (  0.000000 -1.000000  0.000000) wq =   0.013889
          xq(00000014) = (  0.666667 -0.333333  1.000000) wq =   0.111111
          xq(00000015) = (  0.500000 -0.166667  0.833333) wq =   0.111111
          xq(00000016) = ( -0.333333 -1.000000  0.000000) wq =   0.055556
          Q-point IBZ [ cryst coord ]
          xq(00000001) = (  0.000000  0.000000  0.000000) wq =   0.004630
          xq(00000002) = (  0.000000  0.000000  0.166667) wq =   0.037037
          xq(00000003) = (  0.000000  0.000000  0.333333) wq =   0.037037
          xq(00000004) = (  0.000000  0.000000 -0.500000) wq =   0.018519
          xq(00000005) = (  0.000000  0.166667  0.166667) wq =   0.027778
          xq(00000006) = (  0.000000  0.166667  0.333333) wq =   0.111111
          xq(00000007) = (  0.000000  0.166667 -0.500000) wq =   0.111111
          xq(00000008) = (  0.000000  0.166667 -0.333333) wq =   0.111111
          xq(00000009) = (  0.000000  0.166667 -0.166667) wq =   0.055556
          xq(00000010) = (  0.000000  0.333333  0.333333) wq =   0.027778
          xq(00000011) = (  0.000000  0.333333 -0.500000) wq =   0.111111
          xq(00000012) = (  0.000000  0.333333 -0.333333) wq =   0.055556
          xq(00000013) = (  0.000000 -0.500000 -0.500000) wq =   0.013889
          xq(00000014) = (  0.166667  0.333333 -0.500000) wq =   0.111111
          xq(00000015) = (  0.166667  0.333333 -0.333333) wq =   0.111111
          xq(00000016) = (  0.166667 -0.500000 -0.333333) wq =   0.055556
     ===========================================================================
     -------------------------------
     | Electron-Phonon Self-energy |
     -------------------------------
     ===========================================================================
          nsym   =   24
          nrot   =   48
          nk_ibz =   16
          Q-point IBZ [ cart  coord ]
          xk(00000001) = (  0.000000  0.000000  0.000000) wk =   0.004630
          xk(00000002) = ( -0.166667  0.166667 -0.166667) wk =   0.037037
          xk(00000003) = ( -0.333333  0.333333 -0.333333) wk =   0.037037
          xk(00000004) = (  0.500000 -0.500000  0.500000) wk =   0.018519
          xk(00000005) = (  0.000000  0.333333  0.000000) wk =   0.027778
          xk(00000006) = ( -0.166667  0.500000 -0.166667) wk =   0.111111
          xk(00000007) = (  0.666667 -0.333333  0.666667) wk =   0.111111
          xk(00000008) = (  0.500000 -0.166667  0.500000) wk =   0.111111
          xk(00000009) = (  0.333333  0.000000  0.333333) wk =   0.055556
          xk(00000010) = (  0.000000  0.666667  0.000000) wk =   0.027778
          xk(00000011) = (  0.833333 -0.166667  0.833333) wk =   0.111111
          xk(00000012) = (  0.666667 -0.000000  0.666667) wk =   0.055556
          xk(00000013) = (  0.000000 -1.000000  0.000000) wk =   0.013889
          xk(00000014) = (  0.666667 -0.333333  1.000000) wk =   0.111111
          xk(00000015) = (  0.500000 -0.166667  0.833333) wk =   0.111111
          xk(00000016) = ( -0.333333 -1.000000  0.000000) wk =   0.055556
          Q-point IBZ [ cryst coord ]
          xk(00000001) = (  0.000000  0.000000  0.000000) wk =   0.004630
          xk(00000002) = (  0.000000  0.000000  0.166667) wk =   0.037037
          xk(00000003) = (  0.000000  0.000000  0.333333) wk =   0.037037
          xk(00000004) = (  0.000000  0.000000 -0.500000) wk =   0.018519
          xk(00000005) = (  0.000000  0.166667  0.166667) wk =   0.027778
          xk(00000006) = (  0.000000  0.166667  0.333333) wk =   0.111111
          xk(00000007) = (  0.000000  0.166667 -0.500000) wk =   0.111111
          xk(00000008) = (  0.000000  0.166667 -0.333333) wk =   0.111111
          xk(00000009) = (  0.000000  0.166667 -0.166667) wk =   0.055556
          xk(00000010) = (  0.000000  0.333333  0.333333) wk =   0.027778
          xk(00000011) = (  0.000000  0.333333 -0.500000) wk =   0.111111
          xk(00000012) = (  0.000000  0.333333 -0.333333) wk =   0.055556
          xk(00000013) = (  0.000000 -0.500000 -0.500000) wk =   0.013889
          xk(00000014) = (  0.166667  0.333333 -0.500000) wk =   0.111111
          xk(00000015) = (  0.166667  0.333333 -0.333333) wk =   0.111111
          xk(00000016) = (  0.166667 -0.500000 -0.333333) wk =   0.055556
     ===========================================================================
       
     --------------------------------------------------------------------------------------------
     Computing Debye-Waller Self-energy (occ)                            
     --------------------------------------------------------------------------------------------
     in progress... |#                   | 005% :               00.3s (E)               06.8s (X)
     in progress... |##                  | 010% :               00.5s (E)               05.7s (X)
     in progress... |###                 | 015% :               00.8s (E)               05.6s (X)
     in progress... |####                | 020% :               01.0s (E)               05.2s (X)
     in progress... |#####               | 025% :               01.2s (E)               04.9s (X)
     in progress... |######              | 030% :               01.4s (E)               04.9s (X)
     in progress... |#######             | 035% :               01.6s (E)               04.7s (X)
     in progress... |########            | 040% :               01.8s (E)               04.7s (X)
     in progress... |#########           | 045% :               02.0s (E)               04.6s (X)
     in progress... |##########          | 050% :               02.2s (E)               04.5s (X)
     in progress... |###########         | 055% :               02.5s (E)               04.5s (X)
     in progress... |############        | 060% :               02.7s (E)               04.5s (X)
     in progress... |#############       | 065% :               02.9s (E)               04.5s (X)
     in progress... |##############      | 070% :               03.1s (E)               04.4s (X)
     in progress... |###############     | 075% :               03.3s (E)               04.4s (X)
     in progress... |################    | 080% :               03.5s (E)               04.4s (X)
     in progress... |#################   | 085% :               03.7s (E)               04.4s (X)
     in progress... |##################  | 090% :               03.9s (E)               04.4s (X)
     in progress... |################### | 095% :               04.1s (E)               04.4s (X)
     in progress... |####################| 100% :               04.3s (E)               04.3s (X)
     --------------------------------------------------------------------------------------------
       
     --------------------------------------------------------------------------------------------
     Computing Debye-Waller Self-energy (Lanczos)                        
     --------------------------------------------------------------------------------------------
     in progress... |#                   | 005% :               00.4s (E)               09.6s (X)
     in progress... |##                  | 010% :               00.9s (E)               09.6s (X)
     in progress... |###                 | 015% :               01.4s (E)               09.5s (X)
     in progress... |#####               | 025% :               01.8s (E)               07.5s (X)
     in progress... |######              | 030% :               02.3s (E)               07.8s (X)
     in progress... |#######             | 035% :               02.8s (E)               08.0s (X)
     in progress... |########            | 040% :               03.2s (E)               08.2s (X)
     in progress... |##########          | 050% :               03.7s (E)               07.5s (X)
     in progress... |###########         | 055% :               04.2s (E)               07.6s (X)
     in progress... |############        | 060% :               04.6s (E)               07.8s (X)
     in progress... |#############       | 065% :               05.1s (E)               07.9s (X)
     in progress... |###############     | 075% :               05.6s (E)               07.4s (X)
     in progress... |################    | 080% :               06.0s (E)               07.6s (X)
     in progress... |#################   | 085% :               06.5s (E)               07.7s (X)
     in progress... |##################  | 090% :               07.0s (E)               07.7s (X)
     in progress... |####################| 100% :               07.4s (E)               07.4s (X)
     --------------------------------------------------------------------------------------------
       
     --------------------------------------------------------------------------------------------
     Compute Fan-Migdal Self-energy (occ)                                
     --------------------------------------------------------------------------------------------
     in progress... |#                   | 005% :               01.0s (E)               20.8s (X)
     in progress... |##                  | 010% :               02.1s (E)               21.0s (X)
     in progress... |###                 | 015% :               03.1s (E)               21.2s (X)
     in progress... |####                | 020% :               04.2s (E)               21.2s (X)
     in progress... |#####               | 025% :               05.2s (E)               20.8s (X)
     in progress... |######              | 030% :               06.2s (E)               20.8s (X)
     in progress... |#######             | 035% :               07.3s (E)               20.9s (X)
     in progress... |########            | 040% :               08.3s (E)               20.9s (X)
     in progress... |#########           | 045% :               09.4s (E)               20.9s (X)
     in progress... |##########          | 050% :               10.4s (E)               20.8s (X)
     in progress... |###########         | 055% :               11.4s (E)               20.8s (X)
     in progress... |############        | 060% :               12.5s (E)               20.9s (X)
     in progress... |#############       | 065% :               13.6s (E)               21.0s (X)
     in progress... |##############      | 070% :               14.7s (E)               21.1s (X)
     in progress... |###############     | 075% :               15.7s (E)               21.0s (X)
     in progress... |################    | 080% :               16.8s (E)               21.1s (X)
     in progress... |#################   | 085% :               17.9s (E)               21.1s (X)
     in progress... |##################  | 090% :               19.0s (E)               21.1s (X)
     in progress... |################### | 095% :               20.1s (E)               21.2s (X)
     in progress... |####################| 100% :               21.0s (E)               21.0s (X)
     --------------------------------------------------------------------------------------------
       
     --------------------------------------------------------------------------------------------
     Compute Fan-Migdal Self-energy (Lanczos)                            
     --------------------------------------------------------------------------------------------
     in progress... |#                   | 005% :               17.9s (E)           05m-59.2s (X)
     in progress... |##                  | 010% :               35.8s (E)           05m-58.3s (X)
     in progress... |###                 | 015% :               53.7s (E)           05m-58.2s (X)
     in progress... |#####               | 025% :           01m-11.5s (E)           04m-46.3s (X)
     in progress... |######              | 030% :           01m-29.4s (E)           04m-58.2s (X)
     in progress... |#######             | 035% :           01m-47.3s (E)           05m-06.6s (X)
     in progress... |########            | 040% :           02m-05.2s (E)           05m-13.0s (X)
     in progress... |##########          | 050% :           02m-23.0s (E)           04m-46.1s (X)
     in progress... |###########         | 055% :           02m-40.9s (E)           04m-52.6s (X)
     in progress... |############        | 060% :           02m-58.8s (E)           04m-58.0s (X)
     in progress... |#############       | 065% :           03m-16.7s (E)           05m-02.6s (X)
     in progress... |###############     | 075% :           03m-34.5s (E)           04m-46.0s (X)
     in progress... |################    | 080% :           03m-52.4s (E)           04m-50.5s (X)
     in progress... |#################   | 085% :           04m-10.2s (E)           04m-54.4s (X)
     in progress... |##################  | 090% :           04m-28.1s (E)           04m-57.9s (X)
     in progress... |####################| 100% :           04m-45.9s (E)           04m-45.9s (X)
     --------------------------------------------------------------------------------------------
     WELPH        :  5m 5.06s CPU     5m25.05s WALL

     welph_readin :      3.03s CPU      3.79s WALL (       1 calls)
     fetch_input  :      0.00s CPU      0.01s WALL (       2 calls)
     read_xml     :      2.04s CPU      2.33s WALL (       1 calls)
     init_vloc    :      0.00s CPU      0.00s WALL (       2 calls)
     fft          :      0.01s CPU      0.01s WALL (       4 calls)
     fft_scatter  :    129.88s CPU    137.45s WALL ( 5476687 calls)
     v_of_rho     :      0.00s CPU      0.00s WALL (       1 calls)
     v_xc         :      0.00s CPU      0.00s WALL (       1 calls)
     v_h          :      0.00s CPU      0.00s WALL (       1 calls)
     read_wave    :      0.99s CPU      1.45s WALL (       1 calls)
     davcio       :      0.35s CPU      0.39s WALL (   27993 calls)
     init_us_1    :      0.00s CPU      0.00s WALL (       2 calls)
     do_setup     :      0.03s CPU      0.05s WALL (       1 calls)
     init_pw_ar   :      0.01s CPU      0.01s WALL (       1 calls)
     init_at_1    :      0.00s CPU      0.00s WALL (       1 calls)
     setup_dmuxc  :      0.00s CPU      0.00s WALL (       1 calls)
     ffts         :      0.99s CPU      1.02s WALL (   11019 calls)
     scatter_grid :      0.79s CPU      0.87s WALL (   20739 calls)
     init_us_2    :      0.23s CPU      0.24s WALL (   27776 calls)
     fftw         :    159.29s CPU    168.01s WALL ( 5465664 calls)
     calbec       :      9.98s CPU     10.62s WALL (  397248 calls)
     computeDW1   :      3.77s CPU      4.39s WALL (       1 calls)
     computeDW2   :      6.85s CPU      7.48s WALL (       1 calls)
     alphapc      :      8.11s CPU      8.59s WALL (  324384 calls)
     lan_H        :    246.84s CPU    259.53s WALL (   10464 calls)
     h_psi_bgrp   :    167.46s CPU    176.37s WALL (  313920 calls)
     h_psi        :    166.91s CPU    175.86s WALL (  313920 calls)
     h_psi:pot    :    166.29s CPU    175.21s WALL (  313920 calls)
     vloc_psi     :    155.26s CPU    163.57s WALL (  313920 calls)
     h_psi:calbec :      8.60s CPU      9.08s WALL (  313920 calls)
     add_vuspsi   :      1.37s CPU      1.47s WALL (  313920 calls)
     computeFM1   :     19.03s CPU     21.09s WALL (       1 calls)
     computeFM2   :    271.74s CPU    285.98s WALL (       1 calls)
 
     WELPH        :  5m 5.07s CPU     5m25.08s WALL

 
   This run was terminated on:  16:44:30   4Jan2021            

=------------------------------------------------------------------------------=
   JOB DONE.
=------------------------------------------------------------------------------=
