
     Program WELPH v. 3.1.1 starts on  8Dec2020 at  9:22:31 

     This program is part of the open-source West suite
     for massively parallel calculations of excited states in materials; please cite
         "M. Govoni et al., J. Chem. Theory Comput. 11, 2680 (2015);
          URL http://www.west-code.org", 
     in publications or presentations arising from this work.

     Based on the Quantum ESPRESSO v. 6.1 svn rev. 13369

     I/O is Little Endian
       
     --------------------------------------------------------------------------------------------
     **MPI** Parallelization Status                                      
     --------------------------------------------------------------------------------------------
                    40                   2             1             1            20
     --------------------------------------------------------------------------------------------
                     N         =         I      X      P      X      B      X      Z
                     ^                   ^             ^             ^             ^
                     |                   |             |             |             |
                   #rnk                  |             |             |             |
                                      #image           |             |             |
                                                     #pool           |             |
                                                                   #bgrp           |
                                                                                 #R&G
     --------------------------------------------------------------------------------------------
     **OPENMP** Parallelization Status
     #thr/rnk               =            1
     --------------------------------------------------------------------------------------------
     #prc = (rnk) * (thr) =           40
     --------------------------------------------------------------------------------------------
       
     --------------------------------------------------------------------------------------------
     I/O Summary : input_west                                            
     --------------------------------------------------------------------------------------------
     qe_prefix      = c
     west_prefix    = c
     outdir         = ./
     --------------------------------------------------------------------------------------------

     Reading data from directory:
     ./c.save

   Info: using nr1, nr2, nr3 values from input

   Info: using nr1, nr2, nr3 values from input

     IMPORTANT: XC functional enforced from input :
     Exchange-correlation      = PZ ( 1  1  0  0 0 0)
     Any further DFT definition will be discarded
     Please, verify this is what you really want

               file C.pz-mt.fhi.UPF: wavefunction(s)  3d renormalized
 
     Parallelization info
     --------------------
     sticks:   dense  smooth     PW     G-vecs:    dense   smooth      PW
     Min          24      24      7                  355      355      61
     Max          26      26      8                  357      357      63
     Sum         499     499    151                 7119     7119    1243
 
       
     --------------------------------------------------------------------------------------------
     I/O Summary : wstat_control                                         
     --------------------------------------------------------------------------------------------
     wstat_calculation              =              S
     n_pdep_eigen                   =            200
     n_pdep_times                   =              4
     n_pdep_maxiter                 =            100
     n_dfpt_maxiter                 =            250
     n_pdep_read_from_file          =              0
     trev_pdep                      =   1.000000E-03
     trev_pdep_rel                  =   1.000000E-01
     tr2_dfpt                       =   1.000000E-12
     l_kinetic_only                 =              F
     l_minimize_exx_if_active       =              F
     l_use_ecutrho                  =              F
     l_use_symm                     =              T
     nq(1)                          =              2
     nq(2)                          =              2
     nq(3)                          =              2
     --------------------------------------------------------------------------------------------
       
     --------------------------------------------------------------------------------------------
     I/O Summary : wfreq_control                                         
     --------------------------------------------------------------------------------------------
     wfreq_calculation                        =           XWGQ
     n_pdep_eigen_to_use                      =            200
     qp_bandrange(1)                          =              1
     qp_bandrange(2)                          =              2
     macropol_calculation                     =              C
     n_lanczos                                =             30
     n_imfreq                                 =            128
     n_refreq                                 =            272
     ecut_imfreq [Ry]                         =     320.000000
     ecut_refreq [Ry]                         =       2.000000
     wfreq_eta [Ry]                           =       0.003675
     n_secant_maxiter                         =             21
     trev_secant [Ry]                         =       0.003675
     l_enable_lanczos                         =              T
     l_enable_gwetot                          =              F
     o_restart_time [min]                     =       0.000000
     ecut_spectralf(1) [Ry]                   =      -2.000000
     ecut_spectralf(2) [Ry]                   =       2.000000
     n_spectralf                              =             10
     l_read_common_pdep                       =              F
     l_enable_gb_curvature                    =              T
     --------------------------------------------------------------------------------------------
       
     --------------------------------------------------------------------------------------------
     I/O Summary : welph_control                                         
     --------------------------------------------------------------------------------------------
     welph_calculation                        =             XP
     welph_n_pdep_eigen_to_use                =            200
     asr                                      =              1
     welph_band_range(1)                      =              1
     welph_band_range(2)                      =              8
     do_scr                                   =              T
     do_fxc                                   =              T
     welph_read_common_pdep                   =              T
     loto                                     =              F
     lsym                                     =              F
     l_adiabatic                              =              T
     l_enabel_gw                              =              F
     q_direction(1)                           =       1.000000
     q_direction(2)                           =       0.000000
     q_direction(3)                           =       0.000000
     welph_eta                                =       0.100000
     temperature                              =       0.000000
     --------------------------------------------------------------------------------------------
       
     --------------------------------------------------------------------------------------------
     System Overview                                                     
     --------------------------------------------------------------------------------------------
     gamma_only           =              F
     ecutwfc [Ry]         =      80.000000
     ecutrho [Ry]         =     320.000000
     omega [au^3]         =   7.351677E+01
     nbnd                 =              8
     nkstot               =              8
     nspin                =              1
     nelec                =       8.000000
     npol                 =              1
     lsda                 =              F
     noncolin             =              F
     lspinorb             =              F
     domag                =              F
     --------------------------------------------------------------------------------------------

     3DFFT grid
        s : (  27,  27,  27)
        p : (  27,  27,  27)

     Direct Lattice Cell [a.u.]
        a1 = (    -3.3249527    -0.0000000     3.3249527)
        a2 = (    -0.0000000     3.3249527     3.3249527)
        a3 = (    -3.3249527     3.3249527     0.0000000)

     Reciprocal Lattice Cell [a.u.]
        b1 = (    -0.9448533    -0.9448533     0.9448533)
        b2 = (     0.9448533     0.9448533     0.9448533)
        b3 = (    -0.9448533     0.9448533    -0.9448533)
      

     Brillouin Zone sampling [cryst. coord.]
 
        k(000001) = (     0.0000000     0.0000000     0.0000000)
        k(000002) = (     0.0000000     0.0000000    -0.5000000)
        k(000003) = (     0.0000000    -0.5000000    -0.0000000)
        k(000004) = (     0.0000000    -0.5000000    -0.5000000)
        k(000005) = (    -0.5000000     0.0000000    -0.0000000)
        k(000006) = (    -0.5000000    -0.0000000    -0.5000000)
        k(000007) = (    -0.5000000    -0.5000000    -0.0000000)
        k(000008) = (    -0.5000000    -0.5000000    -0.5000000)
 
        q(000001) = (     0.0000000     0.0000000     0.0000000)
        q(000002) = (     0.0000000     0.0000000    -0.5000000)
        q(000003) = (     0.0000000    -0.5000000     0.0000000)
        q(000004) = (     0.0000000    -0.5000000    -0.5000000)
        q(000005) = (    -0.5000000     0.0000000     0.0000000)
        q(000006) = (    -0.5000000     0.0000000    -0.5000000)
        q(000007) = (    -0.5000000    -0.5000000     0.0000000)
        q(000008) = (    -0.5000000    -0.5000000    -0.5000000)
       
     --------------------------------------------------------------------------------------------
     Parallelization for npdep                                           
     --------------------------------------------------------------------------------------------
     nglob                =            200
     nlevel               =              2
     Min nglob/nlevel     =            100
     Max nglob/nlevel     =            100
     --------------------------------------------------------------------------------------------
       
     --------------------------------------------------------------------------------------------
     Parallelization for npdep+macro                                     
     --------------------------------------------------------------------------------------------
     nglob                =            203
     nlevel               =              2
     Min nglob/nlevel     =            101
     Max nglob/nlevel     =            102
     --------------------------------------------------------------------------------------------
     ===========================================================================
          nsym   =   24
          nrot   =   48
          nq_ibz =    3
          Q-point IBZ [ cart  coord ]
          xq(00000001) = (  0.000000  0.000000  0.000000) wq =   0.125000
          xq(00000002) = (  0.504024 -0.504024  0.504024) wq =   0.500000
          xq(00000003) = (  0.000000 -1.008048  0.000000) wq =   0.375000
          Q-point IBZ [ cryst coord ]
          xq(00000001) = (  0.000000  0.000000  0.000000) wq =   0.125000
          xq(00000002) = (  0.000000  0.000000 -0.500000) wq =   0.500000
          xq(00000003) = (  0.000000 -0.500000 -0.500000) wq =   0.375000
     ===========================================================================
       
     --------------------------------------------------------------------------------------------
     Building Chi matrices                                               
     --------------------------------------------------------------------------------------------
g0 =     0.0000000000E+00    0.0000000000E+00    0.0000000000E+00
     in progress... |######              | 030% :               01.0s (E)               03.4s (X)
g0 =     0.0000000000E+00    0.0000000000E+00    0.0000000000E+00
     in progress... |#############       | 065% :               01.9s (E)               03.0s (X)
g0 =    -0.1364854011E-18   -0.1364854011E-18    0.1364854011E-18
     in progress... |####################| 100% :               02.9s (E)               02.9s (X)
     --------------------------------------------------------------------------------------------
       
     --------------------------------------------------------------------------------------------
     Working on iqr = 00001 in q IBZ                                     
     --------------------------------------------------------------------------------------------
     Q-point No.    1,        24 Sym. Ops. Found,      Inv. Sym. Found.
  

     point group T_d (-43m) 
     there are  5 classes
     the character table:

       E     8C3   3C2   6S4   6s_d 
A_1    1.00  1.00  1.00  1.00  1.00
A_2    1.00  1.00  1.00 -1.00 -1.00
E      2.00 -1.00  2.00  0.00  0.00
T_1    3.00  0.00 -1.00  1.00 -1.00
T_2    3.00  0.00 -1.00 -1.00  1.00

     the symmetry operations in each class and the name of the first element:

     E        1
                                                                 
     8C3      5    7    8    6   12    9   10   11
                                                                 
     3C2      2    3    4
                                                                 
     6S4     15   16   20   19   23   24
                                                                 
     6s_d    13   14   17   18   21   22
                                                                 


     Atomic displacements:
     There are   2 irreducible representations

     Representation     1      3 modes -T_2  G_15 P_4  To be done
     Irreps are as follows:

     mode #   1              mode #   2              mode #   3
     (   0.00000   0.00000 ) (   0.00000   0.00000 ) (   0.00000   0.00000 ) 
     (   0.00000   0.00000 ) (   0.00000   0.00000 ) (   0.00000   0.00000 ) 
     (   0.00000   0.00000 ) (   0.00000   0.00000 ) (   0.00000   0.00000 ) 
     (  -0.63399   0.00000 ) (   0.00000   0.00000 ) (  -0.77334   0.00000 ) 
     (   0.00000   0.00000 ) (  -1.00000   0.00000 ) (   0.00000   0.00000 ) 
     (   0.77334   0.00000 ) (   0.00000   0.00000 ) (  -0.63399   0.00000 ) 

     Representation     2      3 modes -T_2  G_15 P_4  To be done
     Irreps are as follows:

     mode #   4              mode #   5              mode #   6
     (  -0.13868   0.00000 ) (  -0.98058   0.00000 ) (  -0.13868   0.00000 ) 
     (   0.69338   0.00000 ) (  -0.19612   0.00000 ) (   0.69338   0.00000 ) 
     (   0.70711   0.00000 ) (   0.00000   0.00000 ) (  -0.70711   0.00000 ) 
     (   0.00000   0.00000 ) (   0.00000   0.00000 ) (   0.00000   0.00000 ) 
     (   0.00000   0.00000 ) (   0.00000   0.00000 ) (   0.00000   0.00000 ) 
     (   0.00000   0.00000 ) (   0.00000   0.00000 ) (   0.00000   0.00000 ) 
 time_reversal =  T skip_equiv =  F
 nrot=          48
 nsymq=          24
 minus_q= T
 magnetic_sym= F
     ===========================================================================
          K points generated with subgroup at this q point
          nsym   =   24
          nrot   =   48
          nk_ibz =    3
          xk(00000001) = (  0.000000  0.000000  0.000000) wk =   0.250000
          xk(00000002) = (  0.504024 -0.504024  0.504024) wk =   1.000000
          xk(00000003) = (  0.000000 -1.008048  0.000000) wk =   0.750000
     ===========================================================================
  2nd deri of PP in cart basis (real part)
   0.235688E+02   0.155780E+01  -0.155780E+01   0.000000E+00   0.000000E+00   0.000000E+00
  
   0.155780E+01   0.211651E+02   0.155780E+01   0.000000E+00   0.000000E+00   0.000000E+00
  
  -0.155780E+01   0.155780E+01   0.235688E+02   0.000000E+00   0.000000E+00   0.000000E+00
  
   0.000000E+00   0.000000E+00   0.000000E+00   0.235689E+02   0.155780E+01  -0.155780E+01
  
   0.000000E+00   0.000000E+00   0.000000E+00   0.155780E+01   0.211652E+02   0.155780E+01
  
   0.000000E+00   0.000000E+00   0.000000E+00  -0.155780E+01   0.155780E+01   0.235689E+02
  
  2nd deri of PP in pattern basis (real part)
   0.250964E+02  -0.217085E+00   0.305510E+00   0.000000E+00   0.000000E+00   0.000000E+00
  
  -0.217085E+00   0.211652E+02   0.219235E+01   0.000000E+00   0.000000E+00   0.000000E+00
  
   0.305510E+00   0.219235E+01   0.220413E+02   0.000000E+00   0.000000E+00   0.000000E+00
  
   0.000000E+00   0.000000E+00   0.000000E+00   0.239467E+02   0.174175E+00  -0.145520E+01
  
   0.000000E+00   0.000000E+00   0.000000E+00   0.174175E+00   0.240755E+02  -0.155405E+01
  
   0.000000E+00   0.000000E+00   0.000000E+00  -0.145520E+01  -0.155405E+01   0.202806E+02
  

     Alpha used in Ewald sum =   2.9000
  Ionic contribution in cart of iq =            1
   0.182327E+01   0.621725E-14   0.288658E-14  -0.182327E+01   0.888178E-15   0.943690E-15
 
   0.621725E-14   0.182327E+01   0.186517E-13   0.888178E-15  -0.182327E+01  -0.643929E-14
 
   0.310862E-14   0.186517E-13   0.182327E+01   0.999201E-15  -0.643929E-14  -0.182327E+01
 
  -0.182327E+01   0.888178E-15   0.943690E-15   0.182327E+01   0.621725E-14   0.288658E-14
 
   0.888178E-15  -0.182327E+01  -0.643929E-14   0.621725E-14   0.182327E+01   0.186517E-13
 
   0.999201E-15  -0.643929E-14  -0.182327E+01   0.310862E-14   0.186517E-13   0.182327E+01
 
  Ionic contribution in pattern of iq =            1
   0.182327E+01  -0.104825E-13   0.131006E-13  -0.115733E+01  -0.113349E+01   0.836732E+00
 
  -0.104825E-13   0.182327E+01   0.166331E-13   0.126421E+01  -0.357574E+00   0.126421E+01
 
   0.133227E-13   0.166331E-13   0.182327E+01   0.621836E+00  -0.138263E+01  -0.101290E+01
 
  -0.115733E+01   0.126421E+01   0.621836E+00   0.182327E+01  -0.127728E-13   0.272005E-13
 
  -0.113349E+01  -0.357574E+00  -0.138263E+01  -0.126094E-13   0.182327E+01  -0.343335E-14
 
   0.836732E+00   0.126421E+01  -0.101290E+01   0.270894E-13  -0.326989E-14   0.182327E+01
 
       
     --------------------------------------------------------------------------------------------
     Computing drho                                                      
     --------------------------------------------------------------------------------------------
     in progress... |######              | 030% :             < 00.1s (E)             < 00.1s (X)
     in progress... |#############       | 065% :             < 00.1s (E)             < 00.1s (X)
     in progress... |####################| 100% :               00.1s (E)               00.1s (X)
     --------------------------------------------------------------------------------------------
       
     --------------------------------------------------------------------------------------------
     Reading eigenpotentials at this q point                             
     --------------------------------------------------------------------------------------------
     in progress... |#                   | 005% :             < 00.1s (E)             < 00.1s (X)
     in progress... |##                  | 010% :             < 00.1s (E)             < 00.1s (X)
     in progress... |###                 | 015% :             < 00.1s (E)             < 00.1s (X)
     in progress... |####                | 020% :             < 00.1s (E)             < 00.1s (X)
     in progress... |#####               | 025% :             < 00.1s (E)             < 00.1s (X)
     in progress... |######              | 030% :             < 00.1s (E)             < 00.1s (X)
     in progress... |#######             | 035% :             < 00.1s (E)             < 00.1s (X)
     in progress... |########            | 040% :             < 00.1s (E)             < 00.1s (X)
     in progress... |#########           | 045% :             < 00.1s (E)             < 00.1s (X)
     in progress... |##########          | 050% :             < 00.1s (E)             < 00.1s (X)
     in progress... |###########         | 055% :             < 00.1s (E)             < 00.1s (X)
     in progress... |############        | 060% :             < 00.1s (E)             < 00.1s (X)
     in progress... |#############       | 065% :             < 00.1s (E)             < 00.1s (X)
     in progress... |##############      | 070% :             < 00.1s (E)             < 00.1s (X)
     in progress... |###############     | 075% :             < 00.1s (E)             < 00.1s (X)
     in progress... |################    | 080% :             < 00.1s (E)             < 00.1s (X)
     in progress... |#################   | 085% :             < 00.1s (E)             < 00.1s (X)
     in progress... |##################  | 090% :             < 00.1s (E)             < 00.1s (X)
     in progress... |################### | 095% :             < 00.1s (E)             < 00.1s (X)
     --------------------------------------------------------------------------------------------
       
     --------------------------------------------------------------------------------------------
     Computing elec elec part                                            
     --------------------------------------------------------------------------------------------
     in progress... |######              | 030% :             < 00.1s (E)             < 00.1s (X)
     in progress... |#############       | 065% :             < 00.1s (E)             < 00.1s (X)
     in progress... |####################| 100% :             < 00.1s (E)             < 00.1s (X)
     --------------------------------------------------------------------------------------------
Epsilon infinity
      15.626649857       0.000000000      -0.000000000 
       0.000000000      15.626649857       0.000000000 
       0.000000000       0.000000000      15.626649857 
Born effective charge of atom     1
      -2.416212       0.000000       0.000000 
       0.000000      -2.416212      -0.000000 
      -0.000000      -0.000000      -2.416212 
Born effective charge of atom     2
      -2.416210       0.000000       0.000000 
      -0.000000      -2.416210      -0.000000 
      -0.000000       0.000000      -2.416210 
 Dynmat after symmetrization (real part)
   0.865638E+00  -0.555112E-15  -0.444089E-15  -0.121393E+01   0.000000E+00   0.222045E-15
  
  -0.555112E-15   0.865638E+00   0.111022E-15   0.000000E+00  -0.121393E+01   0.000000E+00
  
  -0.610623E-15   0.111022E-15   0.865638E+00   0.222045E-15   0.000000E+00  -0.121393E+01
  
  -0.121393E+01   0.333067E-15   0.555112E-15   0.865660E+00   0.111022E-15  -0.222045E-15
  
   0.333067E-15  -0.121393E+01   0.333067E-15   0.333067E-15   0.865660E+00  -0.111022E-15
  
   0.555112E-15   0.333067E-15  -0.121393E+01  -0.333067E-15   0.555112E-16   0.865660E+00
  
 Dynmat after symmetrization (imag part)
   0.000000E+00   0.000000E+00   0.000000E+00   0.000000E+00   0.000000E+00   0.000000E+00
  
   0.000000E+00   0.000000E+00   0.000000E+00   0.000000E+00   0.000000E+00   0.000000E+00
  
   0.000000E+00   0.000000E+00   0.000000E+00   0.000000E+00   0.000000E+00   0.000000E+00
  
   0.000000E+00   0.000000E+00   0.000000E+00   0.000000E+00   0.000000E+00   0.000000E+00
  
   0.000000E+00   0.000000E+00   0.000000E+00   0.000000E+00   0.000000E+00   0.000000E+00
  
   0.000000E+00   0.000000E+00   0.000000E+00   0.000000E+00   0.000000E+00   0.000000E+00
  
 
     Number of q in the star =    1
     List of q in the star:
          1   0.000000000   0.000000000   0.000000000
     Phonon frequencies at q point No.  1 in q point IBZ.
      Mode(   1)=      -0.000001 [THz]      -0.000021 [cm-1]
      Mode(   2)=      -0.000001 [THz]      -0.000018 [cm-1]
      Mode(   3)=      -0.000000 [THz]      -0.000010 [cm-1]
      Mode(   4)=      48.992805 [THz]    1634.224053 [cm-1]
      Mode(   5)=      48.992805 [THz]    1634.224053 [cm-1]
      Mode(   6)=      48.992805 [THz]    1634.224053 [cm-1]
 current_iq =            1 iqq =            1  iq =            1
 g0 =   0.000000000000000E+000  0.000000000000000E+000  0.000000000000000E+000
       
     --------------------------------------------------------------------------------------------
     Working on iqr = 00002 in q IBZ                                     
     --------------------------------------------------------------------------------------------
     Q-point No.    2,         6 Sym. Ops. Found,      Inv. Sym. Found.
  

     point group C_3v (3m)  
     there are  3 classes
     the character table:

       E     2C3   3s_v 
A_1    1.00  1.00  1.00
A_2    1.00  1.00 -1.00
E      2.00 -1.00  0.00

     the symmetry operations in each class and the name of the first element:

     E        1
                                                                 
     2C3      2    3
                                                                 
     3s_v     4    5    6
                                                                 


     Atomic displacements:
     There are   4 irreducible representations

     Representation     1      1 modes -A_1  L_1  To be done
     Irreps are as follows:

                     mode #   1
                     (   0.00000   0.00000   ) 
                     (   0.00000   0.00000   ) 
                     (   0.00000   0.00000   ) 
                     (  -0.57735   0.00000   ) 
                     (   0.57735   0.00000   ) 
                     (  -0.57735   0.00000   ) 

     Representation     2      1 modes -A_1  L_1  To be done
     Irreps are as follows:

                     mode #   2
                     (  -0.57735   0.00000   ) 
                     (   0.57735   0.00000   ) 
                     (  -0.57735   0.00000   ) 
                     (   0.00000   0.00000   ) 
                     (   0.00000   0.00000   ) 
                     (   0.00000   0.00000   ) 

     Representation     3      2 modes -E    L_3  To be done
     Irreps are as follows:

           mode #   3                           mode #   4
           (   0.00000   0.00000   )            (   0.00000   0.00000   ) 
           (   0.00000   0.00000   )            (   0.00000   0.00000   ) 
           (   0.00000   0.00000   )            (   0.00000   0.00000   ) 
           (  -0.40825   0.00000   )            (  -0.70711   0.00000   ) 
           (   0.40825   0.00000   )            (  -0.70711   0.00000   ) 
           (   0.81650   0.00000   )            (   0.00000   0.00000   ) 

     Representation     4      2 modes -E    L_3  To be done
     Irreps are as follows:

           mode #   5                           mode #   6
           (  -0.70711   0.00000   )            (  -0.40825   0.00000   ) 
           (   0.00000   0.00000   )            (  -0.81650   0.00000   ) 
           (   0.70711   0.00000   )            (  -0.40825   0.00000   ) 
           (   0.00000   0.00000   )            (   0.00000   0.00000   ) 
           (   0.00000   0.00000   )            (   0.00000   0.00000   ) 
           (   0.00000   0.00000   )            (   0.00000   0.00000   ) 
 time_reversal =  T skip_equiv =  F
 nrot=          48
 nsymq=           6
 minus_q= T
 magnetic_sym= F
     ===========================================================================
          K points generated with subgroup at this q point
          nsym   =   24
          nrot   =   48
          nk_ibz =    4
          xk(00000001) = (  0.000000  0.000000  0.000000) wk =   0.250000
          xk(00000002) = (  0.504024 -0.504024  0.504024) wk =   0.250000
          xk(00000003) = (  0.000000 -1.008048  0.000000) wk =   0.750000
          xk(00000004) = ( -0.504024 -0.504024 -0.504024) wk =   0.750000
     ===========================================================================
  2nd deri of PP in cart basis (real part)
   0.235688E+02  -0.778900E+00  -0.155780E+01   0.000000E+00   0.000000E+00   0.000000E+00
  
  -0.778900E+00   0.211651E+02  -0.778900E+00   0.000000E+00   0.000000E+00   0.000000E+00
  
  -0.155780E+01  -0.778900E+00   0.235688E+02   0.000000E+00   0.000000E+00   0.000000E+00
  
   0.000000E+00   0.000000E+00   0.000000E+00   0.235689E+02  -0.778902E+00  -0.155780E+01
  
   0.000000E+00   0.000000E+00   0.000000E+00  -0.778902E+00   0.211652E+02  -0.778902E+00
  
   0.000000E+00   0.000000E+00   0.000000E+00  -0.155780E+01  -0.778902E+00   0.235689E+02
  
  2nd deri of PP in pattern basis (real part)
   0.227676E+02   0.000000E+00  -0.157927E-01   0.273536E-01   0.000000E+00   0.000000E+00
  
   0.000000E+00   0.227676E+02   0.000000E+00   0.000000E+00  -0.123188E-06   0.315862E-01
  
  -0.157927E-01   0.000000E+00   0.239471E+02   0.204299E+01   0.000000E+00   0.000000E+00
  
   0.273536E-01   0.000000E+00   0.204299E+01   0.215881E+02   0.000000E+00   0.000000E+00
  
   0.000000E+00  -0.123188E-06   0.000000E+00   0.000000E+00   0.251266E+02  -0.270484E-07
  
   0.000000E+00   0.315862E-01   0.000000E+00   0.000000E+00  -0.270484E-07   0.204086E+02
  

     Alpha used in Ewald sum =   2.9000
  Ionic contribution in cart of iq =            2
   0.364655E+01  -0.157358E+01   0.157358E+01   0.169123E-07  -0.304564E+01   0.304564E+01
 
  -0.157358E+01   0.364655E+01  -0.157358E+01  -0.304564E+01   0.169123E-07  -0.304564E+01
 
   0.157358E+01  -0.157358E+01   0.364655E+01   0.304564E+01  -0.304564E+01   0.169123E-07
 
   0.169123E-07  -0.304564E+01   0.304564E+01   0.364655E+01  -0.157358E+01   0.157358E+01
 
  -0.304564E+01   0.169123E-07  -0.304564E+01  -0.157358E+01   0.364655E+01  -0.157358E+01
 
   0.304564E+01  -0.304564E+01   0.169123E-07   0.157358E+01  -0.157358E+01   0.364655E+01
 
  Ionic contribution in pattern of iq =            2
   0.679372E+01   0.609128E+01   0.910383E-14   0.230157E-13  -0.164538E-14   0.246460E-14
 
   0.609128E+01   0.679372E+01  -0.182058E-14   0.520361E-15   0.193179E-13   0.170974E-13
 
   0.754952E-14  -0.104343E-14   0.207297E+01  -0.953595E-14  -0.263760E+01   0.152282E+01
 
   0.250302E-13   0.155431E-14  -0.107895E-13   0.207297E+01  -0.152282E+01  -0.263760E+01
 
  -0.507336E-15   0.186517E-13  -0.263760E+01  -0.152282E+01   0.207297E+01  -0.144329E-13
 
   0.279767E-14   0.199840E-13   0.152282E+01  -0.263760E+01  -0.155431E-13   0.207297E+01
 
       
     --------------------------------------------------------------------------------------------
     Computing drho                                                      
     --------------------------------------------------------------------------------------------
     in progress... |######              | 030% :             < 00.1s (E)               00.1s (X)
     in progress... |#############       | 065% :             < 00.1s (E)               00.1s (X)
     in progress... |####################| 100% :               00.1s (E)               00.1s (X)
     --------------------------------------------------------------------------------------------
       
     --------------------------------------------------------------------------------------------
     Reading eigenpotentials at this q point                             
     --------------------------------------------------------------------------------------------
     in progress... |#                   | 005% :             < 00.1s (E)             < 00.1s (X)
     in progress... |##                  | 010% :             < 00.1s (E)             < 00.1s (X)
     in progress... |###                 | 015% :             < 00.1s (E)             < 00.1s (X)
     in progress... |####                | 020% :             < 00.1s (E)             < 00.1s (X)
     in progress... |#####               | 025% :             < 00.1s (E)             < 00.1s (X)
     in progress... |######              | 030% :             < 00.1s (E)             < 00.1s (X)
     in progress... |#######             | 035% :             < 00.1s (E)             < 00.1s (X)
     in progress... |########            | 040% :             < 00.1s (E)             < 00.1s (X)
     in progress... |#########           | 045% :             < 00.1s (E)             < 00.1s (X)
     in progress... |##########          | 050% :             < 00.1s (E)             < 00.1s (X)
     in progress... |###########         | 055% :             < 00.1s (E)             < 00.1s (X)
     in progress... |############        | 060% :             < 00.1s (E)             < 00.1s (X)
     in progress... |#############       | 065% :             < 00.1s (E)             < 00.1s (X)
     in progress... |##############      | 070% :             < 00.1s (E)             < 00.1s (X)
     in progress... |###############     | 075% :             < 00.1s (E)             < 00.1s (X)
     in progress... |################    | 080% :             < 00.1s (E)             < 00.1s (X)
     in progress... |#################   | 085% :             < 00.1s (E)             < 00.1s (X)
     in progress... |##################  | 090% :             < 00.1s (E)             < 00.1s (X)
     in progress... |################### | 095% :             < 00.1s (E)             < 00.1s (X)
     --------------------------------------------------------------------------------------------
       
     --------------------------------------------------------------------------------------------
     Computing elec elec part                                            
     --------------------------------------------------------------------------------------------
     in progress... |######              | 030% :             < 00.1s (E)             < 00.1s (X)
     in progress... |#############       | 065% :             < 00.1s (E)             < 00.1s (X)
     in progress... |####################| 100% :             < 00.1s (E)             < 00.1s (X)
     --------------------------------------------------------------------------------------------
 Dynmat after symmetrization (real part)
   0.675554E+00  -0.960295E-01   0.960295E-01  -0.650491E+00  -0.122697E+00   0.122697E+00
  
  -0.960295E-01   0.675554E+00  -0.960295E-01  -0.122697E+00  -0.650491E+00  -0.122697E+00
  
   0.960295E-01  -0.960295E-01   0.675554E+00   0.122697E+00  -0.122697E+00  -0.650491E+00
  
  -0.650491E+00  -0.122697E+00   0.122697E+00   0.675576E+00  -0.960297E-01   0.960297E-01
  
  -0.122697E+00  -0.650491E+00  -0.122697E+00  -0.960297E-01   0.675576E+00  -0.960297E-01
  
   0.122697E+00  -0.122697E+00  -0.650491E+00   0.960297E-01  -0.960297E-01   0.675576E+00
  
 Dynmat after symmetrization (imag part)
   0.000000E+00   0.000000E+00   0.000000E+00   0.000000E+00   0.000000E+00   0.000000E+00
  
   0.000000E+00   0.000000E+00   0.000000E+00   0.000000E+00   0.000000E+00   0.000000E+00
  
   0.000000E+00   0.000000E+00   0.000000E+00   0.000000E+00   0.000000E+00   0.000000E+00
  
   0.000000E+00   0.000000E+00   0.000000E+00   0.000000E+00   0.000000E+00   0.000000E+00
  
   0.000000E+00   0.000000E+00   0.000000E+00   0.000000E+00   0.000000E+00   0.000000E+00
  
   0.000000E+00   0.000000E+00   0.000000E+00   0.000000E+00   0.000000E+00   0.000000E+00
  
 
     Number of q in the star =    4
     List of q in the star:
          1   0.504024128  -0.504024128   0.504024128
          2  -0.504024128  -0.504024128  -0.504024128
          3  -0.504024128   0.504024128   0.504024128
          4   0.504024128   0.504024128  -0.504024128
     Phonon frequencies at q point No.  2 in q point IBZ.
      Mode(   1)=     -13.836688 [THz]    -461.542242 [cm-1]
      Mode(   2)=     -13.836688 [THz]    -461.542242 [cm-1]
      Mode(   3)=      21.383999 [THz]     713.293415 [cm-1]
      Mode(   4)=      35.472115 [THz]    1183.222399 [cm-1]
      Mode(   5)=      36.569997 [THz]    1219.843802 [cm-1]
      Mode(   6)=      36.569997 [THz]    1219.843802 [cm-1]
 current_iq =            2 iqq =            1  iq =            2
 g0 =   0.000000000000000E+000  0.000000000000000E+000  0.000000000000000E+000
 current_iq =            2 iqq =            2  iq =            3
 g0 =   1.501391393898822E-019 -1.501391393898822E-019  1.501391393898822E-019
 current_iq =            2 iqq =            3  iq =            8
 g0 =   -1.00804825604017        1.00804825604017        1.00804825604017     
 current_iq =            2 iqq =            4  iq =            5
 g0 =   1.501391393898822E-019 -1.501391393898822E-019  1.501391393898822E-019
       
     --------------------------------------------------------------------------------------------
     Working on iqr = 00003 in q IBZ                                     
     --------------------------------------------------------------------------------------------
     Q-point No.    3,         8 Sym. Ops. Found,      Inv. Sym. Found.
  

     point group D_2d (-42m)
     there are  5 classes
     the character table:

       E     2S4   C2    2C2'  2s_d 
A_1    1.00  1.00  1.00  1.00  1.00
A_2    1.00  1.00  1.00 -1.00 -1.00
B_1    1.00 -1.00  1.00  1.00 -1.00
B_2    1.00 -1.00  1.00 -1.00  1.00
E      2.00  0.00 -2.00  0.00  0.00

     the symmetry operations in each class and the name of the first element:

     E        1
                                                                 
     2S4      7    8
                                                                 
     C2       4
                                                                 
     2C2'     3    5
                                                                 
     2s_d     2    6
                                                                 


     Atomic displacements:
     There are   4 irreducible representations

     Representation     1      1 modes -A_1  X_1  W_1  To be done
     Irreps are as follows:

                     mode #   1
                     (   0.00000   0.00000   ) 
                     (   0.00000   0.00000   ) 
                     (   0.00000   0.00000   ) 
                     (  -0.00000   0.00000   ) 
                     (  -1.00000   0.00000   ) 
                     (   0.00000   0.00000   ) 

     Representation     2      1 modes -B_2  X_3  W_2  To be done
     Irreps are as follows:

                     mode #   2
                     (   0.00000   0.00000   ) 
                     (  -1.00000   0.00000   ) 
                     (  -0.00000   0.00000   ) 
                     (   0.00000   0.00000   ) 
                     (   0.00000   0.00000   ) 
                     (   0.00000   0.00000   ) 

     Representation     3      2 modes -E    X_5  W_3  To be done
     Irreps are as follows:

           mode #   3                           mode #   4
           (   0.00000   0.00000   )            (   0.00000   0.00000   ) 
           (   0.00000   0.00000   )            (   0.00000   0.00000   ) 
           (   0.00000   0.00000   )            (   0.00000   0.00000   ) 
           (  -0.47885   0.00000   )            (  -0.87790   0.00000   ) 
           (  -0.00000   0.00000   )            (   0.00000   0.00000   ) 
           (  -0.87790   0.00000   )            (   0.47885   0.00000   ) 

     Representation     4      2 modes -E    X_5  W_3  To be done
     Irreps are as follows:

           mode #   5                           mode #   6
           (  -0.93921   0.00000   )            (  -0.34335   0.00000   ) 
           (  -0.00000   0.00000   )            (   0.00000   0.00000   ) 
           (   0.34335   0.00000   )            (  -0.93921   0.00000   ) 
           (   0.00000   0.00000   )            (   0.00000   0.00000   ) 
           (   0.00000   0.00000   )            (   0.00000   0.00000   ) 
           (   0.00000   0.00000   )            (   0.00000   0.00000   ) 
 time_reversal =  T skip_equiv =  F
 nrot=          48
 nsymq=           8
 minus_q= T
 magnetic_sym= F
     ===========================================================================
          K points generated with subgroup at this q point
          nsym   =   24
          nrot   =   48
          nk_ibz =    4
          xk(00000001) = (  0.000000  0.000000  0.000000) wk =   0.250000
          xk(00000002) = (  0.504024 -0.504024  0.504024) wk =   1.000000
          xk(00000003) = (  0.000000 -1.008048  0.000000) wk =   0.250000
          xk(00000004) = (  0.000000 -0.000000 -1.008048) wk =   0.500000
     ===========================================================================
  2nd deri of PP in cart basis (real part)
   0.235688E+02   0.155780E+01  -0.155780E+01   0.000000E+00   0.000000E+00   0.000000E+00
  
   0.155780E+01   0.227676E+02   0.155780E+01   0.000000E+00   0.000000E+00   0.000000E+00
  
  -0.155780E+01   0.155780E+01   0.219664E+02   0.000000E+00   0.000000E+00   0.000000E+00
  
   0.000000E+00   0.000000E+00   0.000000E+00   0.235689E+02   0.155780E+01  -0.155780E+01
  
   0.000000E+00   0.000000E+00   0.000000E+00   0.155780E+01   0.227676E+02   0.155780E+01
  
   0.000000E+00   0.000000E+00   0.000000E+00  -0.155780E+01   0.155780E+01   0.219664E+02
  
  2nd deri of PP in pattern basis (real part)
   0.227676E+02   0.000000E+00   0.211355E+01   0.621631E+00   0.000000E+00   0.000000E+00
  
   0.000000E+00   0.227676E+02   0.000000E+00   0.000000E+00   0.928221E+00   0.199797E+01
  
   0.211355E+01   0.000000E+00   0.210241E+02  -0.169746E+00   0.000000E+00   0.000000E+00
  
   0.621631E+00   0.000000E+00  -0.169746E+00   0.245112E+02   0.000000E+00   0.000000E+00
  
   0.000000E+00   0.928221E+00   0.000000E+00   0.000000E+00   0.243846E+02  -0.673734E+00
  
   0.000000E+00   0.199797E+01   0.000000E+00   0.000000E+00  -0.673734E+00   0.211506E+02
  

     Alpha used in Ewald sum =   2.9000
  Ionic contribution in cart of iq =            3
   0.270334E+01  -0.133227E-13  -0.142109E-13   0.666134E-15   0.222045E-15   0.462282E+01
 
  -0.142109E-13   0.553297E+01   0.253131E-13   0.555112E-15  -0.399680E-14  -0.444089E-14
 
  -0.129896E-13   0.257572E-13   0.270334E+01   0.462282E+01  -0.444089E-14  -0.488498E-14
 
   0.666134E-15   0.222045E-15   0.462282E+01   0.270334E+01  -0.133227E-13  -0.142109E-13
 
   0.555112E-15  -0.399680E-14  -0.444089E-14  -0.142109E-13   0.553297E+01   0.253131E-13
 
   0.462282E+01  -0.444089E-14  -0.488498E-14  -0.129896E-13   0.257572E-13   0.270334E+01
 
  Ionic contribution in pattern of iq =            3
   0.553297E+01  -0.399680E-14   0.159119E-13  -0.252584E-13   0.807899E-15  -0.416633E-14
 
  -0.399680E-14   0.553297E+01  -0.384494E-14   0.294428E-14  -0.217654E-13   0.187002E-13
 
   0.167271E-13  -0.400443E-14   0.270334E+01  -0.710543E-14   0.305157E+01   0.347252E+01
 
  -0.246913E-13   0.265189E-14  -0.843769E-14   0.270334E+01  -0.347252E+01   0.305157E+01
 
   0.495081E-15  -0.210837E-13   0.305157E+01  -0.347252E+01   0.270334E+01  -0.105471E-13
 
  -0.428069E-14   0.194223E-13   0.347252E+01   0.305157E+01  -0.932587E-14   0.270334E+01
 
       
     --------------------------------------------------------------------------------------------
     Computing drho                                                      
     --------------------------------------------------------------------------------------------
     in progress... |######              | 030% :             < 00.1s (E)               00.1s (X)
     in progress... |#############       | 065% :             < 00.1s (E)               00.1s (X)
     in progress... |####################| 100% :               00.1s (E)               00.1s (X)
     --------------------------------------------------------------------------------------------
       
     --------------------------------------------------------------------------------------------
     Reading eigenpotentials at this q point                             
     --------------------------------------------------------------------------------------------
     in progress... |#                   | 005% :             < 00.1s (E)             < 00.1s (X)
     in progress... |##                  | 010% :             < 00.1s (E)             < 00.1s (X)
     in progress... |###                 | 015% :             < 00.1s (E)             < 00.1s (X)
     in progress... |####                | 020% :             < 00.1s (E)             < 00.1s (X)
     in progress... |#####               | 025% :             < 00.1s (E)             < 00.1s (X)
     in progress... |######              | 030% :             < 00.1s (E)             < 00.1s (X)
     in progress... |#######             | 035% :             < 00.1s (E)             < 00.1s (X)
     in progress... |########            | 040% :             < 00.1s (E)             < 00.1s (X)
     in progress... |#########           | 045% :             < 00.1s (E)             < 00.1s (X)
     in progress... |##########          | 050% :             < 00.1s (E)             < 00.1s (X)
     in progress... |###########         | 055% :             < 00.1s (E)             < 00.1s (X)
     in progress... |############        | 060% :             < 00.1s (E)             < 00.1s (X)
     in progress... |#############       | 065% :             < 00.1s (E)             < 00.1s (X)
     in progress... |##############      | 070% :             < 00.1s (E)             < 00.1s (X)
     in progress... |###############     | 075% :             < 00.1s (E)             < 00.1s (X)
     in progress... |################    | 080% :             < 00.1s (E)             < 00.1s (X)
     in progress... |#################   | 085% :             < 00.1s (E)             < 00.1s (X)
     in progress... |##################  | 090% :             < 00.1s (E)             < 00.1s (X)
     in progress... |################### | 095% :             < 00.1s (E)             < 00.1s (X)
     --------------------------------------------------------------------------------------------
       
     --------------------------------------------------------------------------------------------
     Computing elec elec part                                            
     --------------------------------------------------------------------------------------------
     in progress... |######              | 030% :             < 00.1s (E)             < 00.1s (X)
     in progress... |#############       | 065% :             < 00.1s (E)             < 00.1s (X)
     in progress... |####################| 100% :             < 00.1s (E)             < 00.1s (X)
     --------------------------------------------------------------------------------------------
 Dynmat after symmetrization (real part)
   0.404888E+00   0.277556E-15  -0.111022E-15   0.832667E-16  -0.277556E-16   0.365766E+00
  
   0.222045E-15   0.983964E+00  -0.111022E-15   0.138778E-15   0.277556E-16  -0.832667E-16
  
  -0.555112E-16  -0.111022E-15   0.404888E+00   0.365766E+00  -0.277556E-16  -0.832667E-16
  
   0.277556E-16   0.832667E-16   0.365766E+00   0.404910E+00   0.000000E+00  -0.166533E-15
  
  -0.277556E-16   0.277556E-16  -0.277556E-16  -0.555112E-16   0.983987E+00  -0.555112E-16
  
   0.365766E+00  -0.111022E-15  -0.277556E-16  -0.222045E-15   0.000000E+00   0.404910E+00
  
 Dynmat after symmetrization (imag part)
   0.000000E+00   0.000000E+00   0.000000E+00  -0.381066E-16  -0.166442E-25  -0.223189E-16
  
   0.000000E+00   0.000000E+00   0.000000E+00  -0.183639E-24  -0.150375E-16  -0.183639E-24
  
   0.000000E+00   0.000000E+00   0.000000E+00  -0.223189E-16  -0.166442E-25  -0.381066E-16
  
   0.381066E-16   0.183639E-24   0.223189E-16   0.000000E+00   0.000000E+00   0.000000E+00
  
   0.166442E-25   0.150375E-16   0.166442E-25   0.000000E+00   0.000000E+00   0.000000E+00
  
   0.223189E-16   0.183639E-24   0.381066E-16   0.000000E+00   0.000000E+00   0.000000E+00
  
 
     Number of q in the star =    3
     List of q in the star:
          1   0.000000000  -1.008048256   0.000000000
          2   0.000000000  -0.000000000  -1.008048256
          3   1.008048256   0.000000000   0.000000000
     Phonon frequencies at q point No.  3 in q point IBZ.
      Mode(   1)=       6.220091 [THz]     207.479887 [cm-1]
      Mode(   2)=       6.220091 [THz]     207.479887 [cm-1]
      Mode(   3)=      27.602804 [THz]     920.730423 [cm-1]
      Mode(   4)=      27.602804 [THz]     920.730423 [cm-1]
      Mode(   5)=      31.189614 [THz]    1040.373542 [cm-1]
      Mode(   6)=      31.189981 [THz]    1040.385772 [cm-1]
 current_iq =            4 iqq =            1  iq =            4
 g0 =  -1.364854010592260E-019 -1.364854010592260E-019  1.364854010592260E-019
 current_iq =            4 iqq =            2  iq =            7
 g0 =   4.367636798389904E-019 -4.367636798389904E-019  4.367636798389904E-019
 current_iq =            4 iqq =            3  iq =            6
 g0 =  -1.249534089482225E-018 -1.249534089482225E-018 -1.249534089482225E-018
     WELPH        :     7.34s CPU        14.57s WALL

     welph_readin :      0.30s CPU      0.32s WALL (       1 calls)
     fetch_input  :      0.01s CPU      0.01s WALL (       2 calls)
     read_xml     :      0.22s CPU      0.22s WALL (       1 calls)
     init_vloc    :      0.00s CPU      0.00s WALL (       2 calls)
     fft          :      0.05s CPU      0.06s WALL (     979 calls)
     fft_scatter  :      1.14s CPU      1.23s WALL (   70611 calls)
     v_of_rho     :      0.00s CPU      0.00s WALL (       1 calls)
     v_xc         :      0.00s CPU      0.00s WALL (       1 calls)
     v_h          :      0.00s CPU      0.00s WALL (       1 calls)
     read_wave    :      0.08s CPU      0.09s WALL (       1 calls)
     davcio       :      0.01s CPU      0.18s WALL (     239 calls)
     init_us_1    :      0.00s CPU      0.00s WALL (       2 calls)
     do_setup     :      0.01s CPU      0.01s WALL (       1 calls)
     init_pw_ar   :      0.00s CPU      0.00s WALL (       1 calls)
     init_at_1    :      0.00s CPU      0.00s WALL (       1 calls)
     setup_dmuxc  :      0.00s CPU      0.00s WALL (       1 calls)
     build_chi    :      2.42s CPU      2.95s WALL (       1 calls)
     sqvc_init    :      0.00s CPU      0.00s WALL (       6 calls)
     pdep_db      :      0.25s CPU      0.26s WALL (       3 calls)
     fftw         :      2.01s CPU      2.16s WALL (   69611 calls)
     diagh        :      1.10s CPU      1.11s WALL (      14 calls)
     init_us_2    :      0.00s CPU      0.00s WALL (     167 calls)
     calbec       :      0.05s CPU      0.05s WALL (    1699 calls)
     drho         :      0.31s CPU      0.39s WALL (       3 calls)
     ffts         :      0.00s CPU      0.00s WALL (      21 calls)
     alphapc      :      0.00s CPU      0.00s WALL (      57 calls)
     linstern     :      0.36s CPU      0.39s WALL (      57 calls)
     stern        :      0.33s CPU      0.36s WALL (    1217 calls)
     h_psi_bgrp   :      0.31s CPU      0.33s WALL (    1217 calls)
     h_psi        :      0.30s CPU      0.33s WALL (    1217 calls)
     h_psi:pot    :      0.30s CPU      0.33s WALL (    1217 calls)
     vloc_psi     :      0.27s CPU      0.29s WALL (    1217 calls)
     h_psi:calbec :      0.02s CPU      0.02s WALL (    1217 calls)
     add_vuspsi   :      0.01s CPU      0.01s WALL (    1217 calls)
     alphapv      :      0.02s CPU      0.02s WALL (    1217 calls)
     gather_grid  :      0.02s CPU      0.02s WALL (     108 calls)
     scatter_grid :      0.01s CPU      0.01s WALL (      81 calls)
     psymdvscf    :      0.17s CPU      0.18s WALL (      10 calls)
     cgather      :      0.00s CPU      0.01s WALL (      21 calls)
     symdvscf     :      0.17s CPU      0.17s WALL (      10 calls)
     eigpot_io    :      0.05s CPU      0.06s WALL (       3 calls)
     dynmat       :      0.04s CPU      0.04s WALL (       3 calls)
     commutator_H :      0.03s CPU      0.03s WALL (      36 calls)
     stres_us31   :      0.00s CPU      0.00s WALL (      36 calls)
     stres_us32   :      0.00s CPU      0.00s WALL (      36 calls)
     stres_us33   :      0.00s CPU      0.00s WALL (      36 calls)
     stres_us34   :      0.00s CPU      0.00s WALL (      36 calls)
     rotate_WHxc_ :      0.17s CPU      4.05s WALL (       3 calls)
 
     WELPH        :     7.34s CPU        14.58s WALL

 
   This run was terminated on:   9:22:46   8Dec2020            

=------------------------------------------------------------------------------=
   JOB DONE.
=------------------------------------------------------------------------------=
