
     Program WSTAT v. 3.1.1 starts on  8Dec2020 at  9:21: 5 

     This program is part of the open-source West suite
     for massively parallel calculations of excited states in materials; please cite
         "M. Govoni et al., J. Chem. Theory Comput. 11, 2680 (2015);
          URL http://www.west-code.org", 
     in publications or presentations arising from this work.

     Based on the Quantum ESPRESSO v. 6.1 svn rev. 13369

     I/O is Little Endian
       
     --------------------------------------------------------------------------------------------
     **MPI** Parallelization Status                                      
     --------------------------------------------------------------------------------------------
                    40                   2             1             1            20
     --------------------------------------------------------------------------------------------
                     N         =         I      X      P      X      B      X      Z
                     ^                   ^             ^             ^             ^
                     |                   |             |             |             |
                   #rnk                  |             |             |             |
                                      #image           |             |             |
                                                     #pool           |             |
                                                                   #bgrp           |
                                                                                 #R&G
     --------------------------------------------------------------------------------------------
     **OPENMP** Parallelization Status
     #thr/rnk               =            1
     --------------------------------------------------------------------------------------------
     #prc = (rnk) * (thr) =           40
     --------------------------------------------------------------------------------------------
       
     --------------------------------------------------------------------------------------------
     I/O Summary : input_west                                            
     --------------------------------------------------------------------------------------------
     qe_prefix      = c
     west_prefix    = c
     outdir         = ./
     --------------------------------------------------------------------------------------------

     Reading data from directory:
     ./c.save

   Info: using nr1, nr2, nr3 values from input

   Info: using nr1, nr2, nr3 values from input

     IMPORTANT: XC functional enforced from input :
     Exchange-correlation      = PZ ( 1  1  0  0 0 0)
     Any further DFT definition will be discarded
     Please, verify this is what you really want

               file C.pz-mt.fhi.UPF: wavefunction(s)  3d renormalized
 
     Parallelization info
     --------------------
     sticks:   dense  smooth     PW     G-vecs:    dense   smooth      PW
     Min          24      24      7                  355      355      61
     Max          26      26      8                  357      357      63
     Sum         499     499    151                 7119     7119    1243
 
       
     --------------------------------------------------------------------------------------------
     I/O Summary : wstat_control                                         
     --------------------------------------------------------------------------------------------
     wstat_calculation              =              S
     n_pdep_eigen                   =            200
     n_pdep_times                   =              4
     n_pdep_maxiter                 =            100
     n_dfpt_maxiter                 =            250
     n_pdep_read_from_file          =              0
     trev_pdep                      =   1.000000E-03
     trev_pdep_rel                  =   1.000000E-01
     tr2_dfpt                       =   1.000000E-12
     l_kinetic_only                 =              F
     l_minimize_exx_if_active       =              F
     l_use_ecutrho                  =              F
     l_use_symm                     =              T
     nq(1)                          =              2
     nq(2)                          =              2
     nq(3)                          =              2
     --------------------------------------------------------------------------------------------
       
     --------------------------------------------------------------------------------------------
     System Overview                                                     
     --------------------------------------------------------------------------------------------
     gamma_only           =              F
     ecutwfc [Ry]         =      80.000000
     ecutrho [Ry]         =     320.000000
     omega [au^3]         =   7.351677E+01
     nbnd                 =              8
     nkstot               =              8
     nspin                =              1
     nelec                =       8.000000
     npol                 =              1
     lsda                 =              F
     noncolin             =              F
     lspinorb             =              F
     domag                =              F
     --------------------------------------------------------------------------------------------

     3DFFT grid
        s : (  27,  27,  27)
        p : (  27,  27,  27)

     Direct Lattice Cell [a.u.]
        a1 = (    -3.3249527    -0.0000000     3.3249527)
        a2 = (    -0.0000000     3.3249527     3.3249527)
        a3 = (    -3.3249527     3.3249527     0.0000000)

     Reciprocal Lattice Cell [a.u.]
        b1 = (    -0.9448533    -0.9448533     0.9448533)
        b2 = (     0.9448533     0.9448533     0.9448533)
        b3 = (    -0.9448533     0.9448533    -0.9448533)
      

     Brillouin Zone sampling [cryst. coord.]
 
        k(000001) = (     0.0000000     0.0000000     0.0000000)
        k(000002) = (     0.0000000     0.0000000    -0.5000000)
        k(000003) = (     0.0000000    -0.5000000    -0.0000000)
        k(000004) = (     0.0000000    -0.5000000    -0.5000000)
        k(000005) = (    -0.5000000     0.0000000    -0.0000000)
        k(000006) = (    -0.5000000    -0.0000000    -0.5000000)
        k(000007) = (    -0.5000000    -0.5000000    -0.0000000)
        k(000008) = (    -0.5000000    -0.5000000    -0.5000000)
 
        q(000001) = (     0.0000000     0.0000000     0.0000000)
        q(000002) = (     0.0000000     0.0000000    -0.5000000)
        q(000003) = (     0.0000000    -0.5000000     0.0000000)
        q(000004) = (     0.0000000    -0.5000000    -0.5000000)
        q(000005) = (    -0.5000000     0.0000000     0.0000000)
        q(000006) = (    -0.5000000     0.0000000    -0.5000000)
        q(000007) = (    -0.5000000    -0.5000000     0.0000000)
        q(000008) = (    -0.5000000    -0.5000000    -0.5000000)
     ===========================================================================
          nsym   =   24
          nrot   =   48
          nq_ibz =    3
          Q-point IBZ [ cart  coord ]
          xq(00000001) = (  0.000000  0.000000  0.000000) wq =   0.125000
          xq(00000002) = (  0.504024 -0.504024  0.504024) wq =   0.500000
          xq(00000003) = (  0.000000 -1.008048  0.000000) wq =   0.375000
          Q-point IBZ [ cryst coord ]
          xq(00000001) = (  0.000000  0.000000  0.000000) wq =   0.125000
          xq(00000002) = (  0.000000  0.000000 -0.500000) wq =   0.500000
          xq(00000003) = (  0.000000 -0.500000 -0.500000) wq =   0.375000
     ===========================================================================
       
     --------------------------------------------------------------------------------------------
     Parallelization for nvecx                                           
     --------------------------------------------------------------------------------------------
     nglob                =            800
     nlevel               =              2
     Min nglob/nlevel     =            400
     Max nglob/nlevel     =            400
     --------------------------------------------------------------------------------------------

     [MEM] ----------------------------------------------------------
     [MEM] **Memory** analysis: QE
     [MEM] ----------------------------------------------------------
     [MEM] Allocated arrays           est. size (Mb)     dimensions
     [MEM] ----------------------------------------------------------
     [MEM] Kohn-Sham Wavefunctions       0.01 Mb     (     49,    8)
     [MEM] NL pseudopotentials           0.01 Mb     (     49,    8)
     [MEM] Each V/rho on FFT grid        0.02 Mb     (   1458)
     [MEM] Each G-vector array           0.00 Mb     (    357)
     [MEM] G-vector shells               0.00 Mb     (    103)
     [MEM] ----------------------------------------------------------
     [MEM] TOT                           0.04 Mb
     [MEM] ----------------------------------------------------------
     [MEM] 
     [MEM] ----------------------------------------------------------
     [MEM] **Memory** analysis: WSTAT global
     [MEM] ----------------------------------------------------------
     [MEM] Allocated arrays           est. size (Mb)     dimensions
     [MEM] ----------------------------------------------------------
     [MEM] dvg                           0.30 Mb     (     49,  400)
     [MEM] dng                           0.30 Mb     (     49,  400)
     [MEM] hr_distr                      4.88 Mb     (    800,  400)
     [MEM] vr_distr                      4.88 Mb     (    800,  400)
     [MEM] ----------------------------------------------------------
     [MEM] TOT                          10.36 Mb
     [MEM] ----------------------------------------------------------
     [MEM] 
     [MEM] ----------------------------------------------------------
     [MEM] **Memory** analysis: WSTAT temporary
     [MEM] ----------------------------------------------------------
     [MEM] Allocated arrays           est. size (Mb)     dimensions
     [MEM] ----------------------------------------------------------
     [MEM] dvpsi                         0.00 Mb     (     49,    4)
     [MEM] dpsi                          0.00 Mb     (     49,    4)
     [MEM] ----------------------------------------------------------
     [MEM] Total estimate                0.01 Mb
     [MEM] ----------------------------------------------------------
 
     Divergence =   5.923363E-01

     ================================================================
     PDEP calculation at q(00001) = (    0.0000    0.0000    0.0000 )
     ----------------------------------------------------------------

                       *----------*              *----------*               *----------*
     #     Iteration = | starting |   DFPT_dim = |      200 |   Diago_dim = |      200 |  x 1/2
                       *----------*              *----------*               *----------*
     per-process dynamical memory    21.2 Mb
  
       
     --------------------------------------------------------------------------------------------
     Sternheimer eq. solver... with lite-solver                          
     --------------------------------------------------------------------------------------------
     in progress... |#                   | 005% :             < 00.1s (E)               00.6s (X)
     in progress... |##                  | 010% :             < 00.1s (E)               00.6s (X)
     in progress... |###                 | 015% :             < 00.1s (E)               00.6s (X)
     in progress... |####                | 020% :               00.1s (E)               00.6s (X)
     in progress... |#####               | 025% :               00.1s (E)               00.6s (X)
     in progress... |######              | 030% :               00.1s (E)               00.6s (X)
     in progress... |#######             | 035% :               00.2s (E)               00.6s (X)
     in progress... |########            | 040% :               00.2s (E)               00.6s (X)
     in progress... |#########           | 045% :               00.2s (E)               00.6s (X)
     in progress... |##########          | 050% :               00.2s (E)               00.5s (X)
     in progress... |###########         | 055% :               00.3s (E)               00.5s (X)
     in progress... |############        | 060% :               00.3s (E)               00.5s (X)
     in progress... |#############       | 065% :               00.3s (E)               00.5s (X)
     in progress... |##############      | 070% :               00.4s (E)               00.5s (X)
     in progress... |###############     | 075% :               00.4s (E)               00.5s (X)
     in progress... |################    | 080% :               00.4s (E)               00.5s (X)
     in progress... |#################   | 085% :               00.4s (E)               00.5s (X)
     in progress... |##################  | 090% :               00.5s (E)               00.5s (X)
     in progress... |################### | 095% :               00.5s (E)               00.5s (X)
     in progress... |####################| 100% :               00.5s (E)               00.5s (X)
     --------------------------------------------------------------------------------------------

     [I/O] -------------------------------------------------------
     [I/O] RESTART written in < 00.1s             
     [I/O] In location   : ./c.wstat.restart
     [I/O] -------------------------------------------------------

                       *----------*              *----------*               *----------*
     #     Iteration = | starting |   DFPT_dim = |      200 |   Diago_dim = |      200 |  x 2/2
                       *----------*              *----------*               *----------*
     per-process dynamical memory    25.6 Mb
  
       
     --------------------------------------------------------------------------------------------
     Sternheimer eq. solver... with threshold =   1.000000E-06           
     --------------------------------------------------------------------------------------------
     in progress... |#                   | 005% :               00.2s (E)               05.1s (X)
     in progress... |##                  | 010% :               00.4s (E)               04.9s (X)
     in progress... |###                 | 015% :               00.7s (E)               04.8s (X)
     in progress... |####                | 020% :               00.9s (E)               04.7s (X)
     in progress... |#####               | 025% :               01.1s (E)               04.6s (X)
     in progress... |######              | 030% :               01.4s (E)               04.7s (X)
     in progress... |#######             | 035% :               01.6s (E)               04.6s (X)
     in progress... |########            | 040% :               01.8s (E)               04.6s (X)
     in progress... |#########           | 045% :               02.0s (E)               04.5s (X)
     in progress... |##########          | 050% :               02.2s (E)               04.4s (X)
     in progress... |###########         | 055% :               02.4s (E)               04.4s (X)
     in progress... |############        | 060% :               02.6s (E)               04.4s (X)
     in progress... |#############       | 065% :               02.8s (E)               04.4s (X)
     in progress... |##############      | 070% :               03.0s (E)               04.4s (X)
     in progress... |###############     | 075% :               03.2s (E)               04.3s (X)
     in progress... |################    | 080% :               03.4s (E)               04.3s (X)
     in progress... |#################   | 085% :               03.6s (E)               04.3s (X)
     in progress... |##################  | 090% :               03.8s (E)               04.3s (X)
     in progress... |################### | 095% :               04.1s (E)               04.3s (X)
     in progress... |####################| 100% :               04.3s (E)               04.3s (X)
     --------------------------------------------------------------------------------------------
     p-DIAGOX done in < 00.1s with a SCALAPACK grid (6x6)
     --------------------------------------------------------------------------------------------
        
       -2.34013  -0.73508  -0.73507  -0.73505  -0.49551  -0.49550  -0.49549  -0.48087  -0.48072
       -0.46529  -0.30408  -0.30397  -0.30393  -0.27169  -0.27168  -0.27167  -0.19958  -0.19956
       -0.19953  -0.16246  -0.16231  -0.15391  -0.15389  -0.15384  -0.14519  -0.14090  -0.11130
       -0.11117  -0.11114  -0.08593  -0.08591  -0.08587  -0.08039  -0.08015  -0.07023  -0.07013
       -0.06905  -0.06898  -0.06891  -0.06799  -0.06795  -0.06794  -0.06789  -0.05961  -0.04888
       -0.04887  -0.04877  -0.04834  -0.04828  -0.04822  -0.03772  -0.03738  -0.03731  -0.03713
       -0.03634  -0.03626  -0.03613  -0.03560  -0.03552  -0.03548  -0.03539  -0.03531  -0.03520
       -0.03250  -0.03243  -0.03227  -0.02939  -0.02931  -0.02918  -0.02785  -0.02483  -0.02458
       -0.02342  -0.02335  -0.02303  -0.02301  -0.02291  -0.02284  -0.02271  -0.02268  -0.02236
       -0.02091  -0.02057  -0.01959  -0.01944  -0.01935  -0.01921  -0.01904  -0.01878  -0.01841
       -0.01824  -0.01813  -0.01785  -0.01779  -0.01756  -0.01707  -0.01698  -0.01695  -0.01597
       -0.01498  -0.01478  -0.01470  -0.01452  -0.01436  -0.01408  -0.01365  -0.01332  -0.01317
       -0.01301  -0.01291  -0.01247  -0.01242  -0.01233  -0.01218  -0.01210  -0.01193  -0.01188
       -0.01167  -0.01153  -0.01138  -0.01131  -0.01118  -0.01106  -0.01101  -0.01087  -0.01076
       -0.01066  -0.01058  -0.01039  -0.01029  -0.01022  -0.01009  -0.01002  -0.00990  -0.00984
       -0.00971  -0.00966  -0.00957  -0.00947  -0.00927  -0.00914  -0.00904  -0.00886  -0.00880
       -0.00868  -0.00851  -0.00836  -0.00817  -0.00788  -0.00767  -0.00754  -0.00748  -0.00731
       -0.00726  -0.00708  -0.00700  -0.00690  -0.00682  -0.00679  -0.00667  -0.00658  -0.00651
       -0.00643  -0.00637  -0.00632  -0.00624  -0.00619  -0.00607  -0.00598  -0.00590  -0.00584
       -0.00581  -0.00577  -0.00565  -0.00559  -0.00552  -0.00541  -0.00538  -0.00534  -0.00523
       -0.00520  -0.00517  -0.00510  -0.00503  -0.00494  -0.00487  -0.00482  -0.00471  -0.00458
       -0.00453  -0.00443  -0.00437  -0.00432  -0.00427  -0.00422  -0.00411  -0.00400  -0.00393
       -0.00386  -0.00377
        
     --------------------------------------------------------------------------------------------
     Tot. elapsed time 06.3s,  time spent in last iteration 06.3s
     --------------------------------------------------------------------------------------------

     [I/O] -------------------------------------------------------
     [I/O] RESTART written in < 00.1s             
     [I/O] In location   : ./c.wstat.restart
     [I/O] -------------------------------------------------------

                       *----------*              *----------*               *----------*
     #     Iteration = |        1 |   DFPT_dim = |      200 |   Diago_dim = |      400 |
                       *----------*              *----------*               *----------*
     per-process dynamical memory    26.5 Mb
  
       
     --------------------------------------------------------------------------------------------
     Sternheimer eq. solver... with threshold =   1.000000E-12           
     --------------------------------------------------------------------------------------------
     in progress... |#                   | 005% :               00.3s (E)               07.0s (X)
     in progress... |##                  | 010% :               00.6s (E)               06.9s (X)
     in progress... |###                 | 015% :               01.0s (E)               06.9s (X)
     in progress... |####                | 020% :               01.3s (E)               06.9s (X)
     in progress... |#####               | 025% :               01.7s (E)               06.9s (X)
     in progress... |######              | 030% :               02.0s (E)               06.9s (X)
     in progress... |#######             | 035% :               02.4s (E)               06.9s (X)
     in progress... |########            | 040% :               02.7s (E)               06.8s (X)
     in progress... |#########           | 045% :               03.0s (E)               06.7s (X)
     in progress... |##########          | 050% :               03.3s (E)               06.6s (X)
     in progress... |###########         | 055% :               03.6s (E)               06.6s (X)
     in progress... |############        | 060% :               04.0s (E)               06.6s (X)
     in progress... |#############       | 065% :               04.3s (E)               06.6s (X)
     in progress... |##############      | 070% :               04.6s (E)               06.5s (X)
     in progress... |###############     | 075% :               04.9s (E)               06.5s (X)
     in progress... |################    | 080% :               05.1s (E)               06.4s (X)
     in progress... |#################   | 085% :               05.4s (E)               06.4s (X)
     in progress... |##################  | 090% :               05.8s (E)               06.4s (X)
     in progress... |################### | 095% :               06.1s (E)               06.4s (X)
     in progress... |####################| 100% :               06.4s (E)               06.4s (X)
     --------------------------------------------------------------------------------------------
     p-DIAGOX done in 00.1s with a SCALAPACK grid (6x6)
     --------------------------------------------------------------------------------------------
        
       -2.34020  -0.73514  -0.73514  -0.73514  -0.49555  -0.49555  -0.49555  -0.48130  -0.48130
       -0.46533  -0.30471  -0.30471  -0.30471  -0.27173  -0.27173  -0.27173  -0.19965  -0.19965
       -0.19965  -0.16283  -0.16283  -0.15405  -0.15405  -0.15405  -0.14526  -0.14093  -0.11175
       -0.11175  -0.11175  -0.08605  -0.08605  -0.08605  -0.08104  -0.08104  -0.07045  -0.07045
       -0.06918  -0.06918  -0.06918  -0.06813  -0.06808  -0.06808  -0.06808  -0.05980  -0.04899
       -0.04899  -0.04899  -0.04862  -0.04862  -0.04862  -0.03814  -0.03773  -0.03773  -0.03773
       -0.03689  -0.03689  -0.03689  -0.03597  -0.03597  -0.03597  -0.03587  -0.03587  -0.03572
       -0.03272  -0.03272  -0.03272  -0.02969  -0.02969  -0.02969  -0.02818  -0.02564  -0.02564
       -0.02409  -0.02409  -0.02409  -0.02352  -0.02352  -0.02352  -0.02348  -0.02347  -0.02347
       -0.02154  -0.02154  -0.02010  -0.02010  -0.02010  -0.01977  -0.01977  -0.01976  -0.01899
       -0.01899  -0.01899  -0.01845  -0.01845  -0.01845  -0.01766  -0.01766  -0.01766  -0.01660
       -0.01593  -0.01593  -0.01592  -0.01541  -0.01541  -0.01540  -0.01466  -0.01431  -0.01392
       -0.01392  -0.01392  -0.01340  -0.01339  -0.01315  -0.01314  -0.01311  -0.01310  -0.01309
       -0.01302  -0.01240  -0.01238  -0.01237  -0.01236  -0.01219  -0.01219  -0.01218  -0.01188
       -0.01187  -0.01186  -0.01161  -0.01161  -0.01160  -0.01158  -0.01157  -0.01118  -0.01116
       -0.01116  -0.01087  -0.01086  -0.01085  -0.01070  -0.01069  -0.01068  -0.01067  -0.01066
       -0.01065  -0.01055  -0.01033  -0.01032  -0.00891  -0.00889  -0.00884  -0.00882  -0.00880
       -0.00875  -0.00847  -0.00846  -0.00844  -0.00836  -0.00827  -0.00824  -0.00821  -0.00815
       -0.00810  -0.00806  -0.00766  -0.00764  -0.00761  -0.00734  -0.00733  -0.00731  -0.00727
       -0.00724  -0.00722  -0.00720  -0.00716  -0.00715  -0.00712  -0.00710  -0.00708  -0.00706
       -0.00703  -0.00700  -0.00698  -0.00697  -0.00693  -0.00689  -0.00686  -0.00682  -0.00676
       -0.00669  -0.00648  -0.00644  -0.00635  -0.00614  -0.00611  -0.00606  -0.00601  -0.00599
       -0.00596  -0.00593
        
     --------------------------------------------------------------------------------------------
     Tot. elapsed time 13.3s,  time spent in last iteration 06.6s
     --------------------------------------------------------------------------------------------

     [I/O] -------------------------------------------------------
     [I/O] RESTART written in < 00.1s             
     [I/O] In location   : ./c.wstat.restart
     [I/O] -------------------------------------------------------

                       *----------*              *----------*               *----------*
     #     Iteration = |        2 |   DFPT_dim = |       93 |   Diago_dim = |      493 |
                       *----------*              *----------*               *----------*
     per-process dynamical memory    27.2 Mb
  
       
     --------------------------------------------------------------------------------------------
     Sternheimer eq. solver... with threshold =   1.000000E-12           
     --------------------------------------------------------------------------------------------
     in progress... |#                   | 005% :               00.1s (E)               03.5s (X)
     in progress... |##                  | 010% :               00.3s (E)               03.5s (X)
     in progress... |###                 | 015% :               00.5s (E)               03.4s (X)
     in progress... |####                | 020% :               00.6s (E)               03.4s (X)
     in progress... |#####               | 025% :               00.8s (E)               03.3s (X)
     in progress... |######              | 030% :               00.9s (E)               03.3s (X)
     in progress... |#######             | 035% :               01.1s (E)               03.2s (X)
     in progress... |########            | 040% :               01.2s (E)               03.2s (X)
     in progress... |#########           | 045% :               01.4s (E)               03.1s (X)
     in progress... |##########          | 050% :               01.5s (E)               03.1s (X)
     in progress... |###########         | 055% :               01.7s (E)               03.1s (X)
     in progress... |############        | 060% :               01.8s (E)               03.1s (X)
     in progress... |#############       | 065% :               02.0s (E)               03.1s (X)
     in progress... |##############      | 070% :               02.1s (E)               03.1s (X)
     in progress... |###############     | 075% :               02.3s (E)               03.0s (X)
     in progress... |################    | 080% :               02.4s (E)               03.0s (X)
     in progress... |#################   | 085% :               02.5s (E)               03.0s (X)
     in progress... |##################  | 090% :               02.7s (E)               03.0s (X)
     in progress... |################### | 095% :               02.8s (E)               03.0s (X)
     in progress... |####################| 100% :               03.0s (E)               03.0s (X)
     --------------------------------------------------------------------------------------------
     p-DIAGOX done in 00.1s with a SCALAPACK grid (6x6)
     --------------------------------------------------------------------------------------------
        
       -2.34020  -0.73514  -0.73514  -0.73514  -0.49555  -0.49555  -0.49555  -0.48130  -0.48130
       -0.46533  -0.30471  -0.30471  -0.30471  -0.27173  -0.27173  -0.27173  -0.19965  -0.19965
       -0.19965  -0.16283  -0.16283  -0.15405  -0.15405  -0.15405  -0.14526  -0.14093  -0.11175
       -0.11175  -0.11175  -0.08605  -0.08605  -0.08605  -0.08104  -0.08104  -0.07045  -0.07045
       -0.06918  -0.06918  -0.06918  -0.06813  -0.06808  -0.06808  -0.06808  -0.05980  -0.04899
       -0.04899  -0.04899  -0.04862  -0.04862  -0.04862  -0.03814  -0.03773  -0.03773  -0.03773
       -0.03689  -0.03689  -0.03689  -0.03597  -0.03597  -0.03597  -0.03587  -0.03587  -0.03572
       -0.03272  -0.03272  -0.03272  -0.02969  -0.02969  -0.02969  -0.02818  -0.02565  -0.02565
       -0.02409  -0.02409  -0.02409  -0.02353  -0.02353  -0.02353  -0.02348  -0.02348  -0.02348
       -0.02154  -0.02154  -0.02011  -0.02011  -0.02011  -0.01977  -0.01977  -0.01976  -0.01900
       -0.01900  -0.01900  -0.01846  -0.01846  -0.01846  -0.01767  -0.01767  -0.01767  -0.01661
       -0.01594  -0.01594  -0.01594  -0.01542  -0.01542  -0.01542  -0.01467  -0.01432  -0.01393
       -0.01393  -0.01393  -0.01342  -0.01342  -0.01316  -0.01316  -0.01312  -0.01312  -0.01312
       -0.01304  -0.01242  -0.01240  -0.01240  -0.01240  -0.01221  -0.01221  -0.01221  -0.01189
       -0.01189  -0.01189  -0.01163  -0.01163  -0.01163  -0.01162  -0.01162  -0.01120  -0.01120
       -0.01120  -0.01090  -0.01090  -0.01090  -0.01071  -0.01071  -0.01071  -0.01070  -0.01070
       -0.01070  -0.01061  -0.01036  -0.01036  -0.00895  -0.00895  -0.00895  -0.00887  -0.00887
       -0.00887  -0.00856  -0.00856  -0.00856  -0.00846  -0.00834  -0.00834  -0.00834  -0.00825
       -0.00825  -0.00825  -0.00776  -0.00776  -0.00776  -0.00741  -0.00741  -0.00741  -0.00738
       -0.00738  -0.00732  -0.00732  -0.00732  -0.00728  -0.00728  -0.00724  -0.00724  -0.00719
       -0.00718  -0.00718  -0.00716  -0.00716  -0.00716  -0.00707  -0.00707  -0.00707  -0.00705
       -0.00696  -0.00662  -0.00662  -0.00662  -0.00632  -0.00632  -0.00631  -0.00620  -0.00615
       -0.00614  -0.00613
        
     --------------------------------------------------------------------------------------------
     Tot. elapsed time 18.4s,  time spent in last iteration 03.2s
     --------------------------------------------------------------------------------------------
      
     --------------------------------------------------------------------------------------------
     SAVE written in 00.6s               
     In location : ./c.wstat.save
     --------------------------------------------------------------------------------------------
       
     --------------------------------------------------------------------------------------------
     Convergence achieved !!! in        2 steps                          
     --------------------------------------------------------------------------------------------
 
     Number of q in the star =    1
     List of q in the star:
          1   0.000000000   0.000000000   0.000000000
 imq =            1
 ichosen_sym(           1 ) =            1
 Index in this start is :            1
 Index in q_grid is :            1

     ================================================================
     PDEP calculation at q(00002) = (    0.5040   -0.5040    0.5040 )
     ----------------------------------------------------------------

                       *----------*              *----------*               *----------*
     #     Iteration = | starting |   DFPT_dim = |      200 |   Diago_dim = |      200 |  x 1/2
                       *----------*              *----------*               *----------*
     per-process dynamical memory    36.2 Mb
  
       
     --------------------------------------------------------------------------------------------
     Sternheimer eq. solver... with lite-solver                          
     --------------------------------------------------------------------------------------------
     in progress... |#                   | 005% :             < 00.1s (E)               00.5s (X)
     in progress... |##                  | 010% :             < 00.1s (E)               00.5s (X)
     in progress... |###                 | 015% :             < 00.1s (E)               00.5s (X)
     in progress... |####                | 020% :               00.1s (E)               00.5s (X)
     in progress... |#####               | 025% :               00.1s (E)               00.5s (X)
     in progress... |######              | 030% :               00.1s (E)               00.5s (X)
     in progress... |#######             | 035% :               00.1s (E)               00.5s (X)
     in progress... |########            | 040% :               00.2s (E)               00.5s (X)
     in progress... |#########           | 045% :               00.2s (E)               00.5s (X)
     in progress... |##########          | 050% :               00.2s (E)               00.5s (X)
     in progress... |###########         | 055% :               00.3s (E)               00.5s (X)
     in progress... |############        | 060% :               00.3s (E)               00.5s (X)
     in progress... |#############       | 065% :               00.3s (E)               00.5s (X)
     in progress... |##############      | 070% :               00.3s (E)               00.5s (X)
     in progress... |###############     | 075% :               00.4s (E)               00.5s (X)
     in progress... |################    | 080% :               00.4s (E)               00.5s (X)
     in progress... |#################   | 085% :               00.4s (E)               00.5s (X)
     in progress... |##################  | 090% :               00.5s (E)               00.5s (X)
     in progress... |################### | 095% :               00.5s (E)               00.5s (X)
     in progress... |####################| 100% :               00.5s (E)               00.5s (X)
     --------------------------------------------------------------------------------------------

     [I/O] -------------------------------------------------------
     [I/O] RESTART written in < 00.1s             
     [I/O] In location   : ./c.wstat.restart
     [I/O] -------------------------------------------------------

                       *----------*              *----------*               *----------*
     #     Iteration = | starting |   DFPT_dim = |      200 |   Diago_dim = |      200 |  x 2/2
                       *----------*              *----------*               *----------*
     per-process dynamical memory    36.2 Mb
  
       
     --------------------------------------------------------------------------------------------
     Sternheimer eq. solver... with threshold =   1.000000E-06           
     --------------------------------------------------------------------------------------------
     in progress... |#                   | 005% :               00.2s (E)               05.2s (X)
     in progress... |##                  | 010% :               00.4s (E)               04.9s (X)
     in progress... |###                 | 015% :               00.7s (E)               04.9s (X)
     in progress... |####                | 020% :               00.9s (E)               04.9s (X)
     in progress... |#####               | 025% :               01.2s (E)               04.9s (X)
     in progress... |######              | 030% :               01.4s (E)               04.8s (X)
     in progress... |#######             | 035% :               01.6s (E)               04.7s (X)
     in progress... |########            | 040% :               01.8s (E)               04.6s (X)
     in progress... |#########           | 045% :               02.0s (E)               04.6s (X)
     in progress... |##########          | 050% :               02.2s (E)               04.5s (X)
     in progress... |###########         | 055% :               02.5s (E)               04.5s (X)
     in progress... |############        | 060% :               02.7s (E)               04.5s (X)
     in progress... |#############       | 065% :               02.9s (E)               04.5s (X)
     in progress... |##############      | 070% :               03.1s (E)               04.4s (X)
     in progress... |###############     | 075% :               03.3s (E)               04.4s (X)
     in progress... |################    | 080% :               03.5s (E)               04.4s (X)
     in progress... |#################   | 085% :               03.7s (E)               04.4s (X)
     in progress... |##################  | 090% :               03.9s (E)               04.4s (X)
     in progress... |################### | 095% :               04.1s (E)               04.4s (X)
     in progress... |####################| 100% :               04.3s (E)               04.3s (X)
     --------------------------------------------------------------------------------------------
     p-DIAGOX done in < 00.1s with a SCALAPACK grid (6x6)
     --------------------------------------------------------------------------------------------
        
       -2.62592  -1.53767  -1.37858  -0.72752  -0.72750  -0.66012  -0.66011  -0.43983  -0.39717
       -0.39712  -0.33968  -0.30681  -0.27774  -0.27769  -0.27275  -0.27255  -0.21965  -0.19501
       -0.19024  -0.19014  -0.18948  -0.16380  -0.16371  -0.15411  -0.14534  -0.14527  -0.10606
       -0.10597  -0.10492  -0.10483  -0.09848  -0.08290  -0.08280  -0.08223  -0.08200  -0.08189
       -0.07960  -0.07783  -0.07557  -0.06972  -0.06477  -0.06471  -0.06410  -0.05860  -0.05853
       -0.05069  -0.04763  -0.04752  -0.04580  -0.04572  -0.04274  -0.04064  -0.03877  -0.03869
       -0.03826  -0.03791  -0.03777  -0.03672  -0.03420  -0.03413  -0.03407  -0.03388  -0.03369
       -0.03337  -0.03286  -0.03277  -0.03024  -0.03002  -0.02946  -0.02860  -0.02771  -0.02584
       -0.02573  -0.02309  -0.02298  -0.02256  -0.02242  -0.02239  -0.02213  -0.02200  -0.02188
       -0.02173  -0.02092  -0.02040  -0.02010  -0.01994  -0.01978  -0.01953  -0.01943  -0.01908
       -0.01886  -0.01852  -0.01843  -0.01816  -0.01782  -0.01748  -0.01741  -0.01730  -0.01702
       -0.01681  -0.01566  -0.01526  -0.01512  -0.01481  -0.01470  -0.01440  -0.01396  -0.01354
       -0.01313  -0.01302  -0.01272  -0.01266  -0.01243  -0.01221  -0.01210  -0.01193  -0.01179
       -0.01169  -0.01150  -0.01132  -0.01108  -0.01092  -0.01088  -0.01073  -0.01069  -0.01054
       -0.01042  -0.01034  -0.01027  -0.01012  -0.01005  -0.00995  -0.00991  -0.00982  -0.00972
       -0.00952  -0.00940  -0.00937  -0.00919  -0.00907  -0.00902  -0.00882  -0.00862  -0.00847
       -0.00833  -0.00821  -0.00814  -0.00802  -0.00787  -0.00773  -0.00764  -0.00758  -0.00747
       -0.00737  -0.00730  -0.00716  -0.00709  -0.00700  -0.00690  -0.00674  -0.00669  -0.00656
       -0.00648  -0.00642  -0.00636  -0.00630  -0.00623  -0.00614  -0.00605  -0.00602  -0.00593
       -0.00585  -0.00579  -0.00575  -0.00565  -0.00557  -0.00552  -0.00545  -0.00535  -0.00532
       -0.00519  -0.00505  -0.00500  -0.00491  -0.00487  -0.00479  -0.00471  -0.00467  -0.00464
       -0.00451  -0.00445  -0.00439  -0.00431  -0.00422  -0.00413  -0.00403  -0.00391  -0.00388
       -0.00380  -0.00366
        
     --------------------------------------------------------------------------------------------
     Tot. elapsed time 27.8s,  time spent in last iteration 06.9s
     --------------------------------------------------------------------------------------------

     [I/O] -------------------------------------------------------
     [I/O] RESTART written in < 00.1s             
     [I/O] In location   : ./c.wstat.restart
     [I/O] -------------------------------------------------------

                       *----------*              *----------*               *----------*
     #     Iteration = |        1 |   DFPT_dim = |      200 |   Diago_dim = |      400 |
                       *----------*              *----------*               *----------*
     per-process dynamical memory    27.2 Mb
  
       
     --------------------------------------------------------------------------------------------
     Sternheimer eq. solver... with threshold =   1.000000E-12           
     --------------------------------------------------------------------------------------------
     in progress... |#                   | 005% :               00.3s (E)               06.7s (X)
     in progress... |##                  | 010% :               00.6s (E)               06.6s (X)
     in progress... |###                 | 015% :               01.0s (E)               06.7s (X)
     in progress... |####                | 020% :               01.3s (E)               06.8s (X)
     in progress... |#####               | 025% :               01.7s (E)               06.9s (X)
     in progress... |######              | 030% :               02.0s (E)               06.8s (X)
     in progress... |#######             | 035% :               02.3s (E)               06.8s (X)
     in progress... |########            | 040% :               02.7s (E)               06.7s (X)
     in progress... |#########           | 045% :               03.0s (E)               06.7s (X)
     in progress... |##########          | 050% :               03.3s (E)               06.6s (X)
     in progress... |###########         | 055% :               03.6s (E)               06.6s (X)
     in progress... |############        | 060% :               03.9s (E)               06.6s (X)
     in progress... |#############       | 065% :               04.2s (E)               06.5s (X)
     in progress... |##############      | 070% :               04.5s (E)               06.5s (X)
     in progress... |###############     | 075% :               04.8s (E)               06.5s (X)
     in progress... |################    | 080% :               05.2s (E)               06.5s (X)
     in progress... |#################   | 085% :               05.5s (E)               06.4s (X)
     in progress... |##################  | 090% :               05.8s (E)               06.4s (X)
     in progress... |################### | 095% :               06.1s (E)               06.4s (X)
     in progress... |####################| 100% :               06.4s (E)               06.4s (X)
     --------------------------------------------------------------------------------------------
     p-DIAGOX done in 00.1s with a SCALAPACK grid (6x6)
     --------------------------------------------------------------------------------------------
        
       -2.62607  -1.53787  -1.37862  -0.72758  -0.72758  -0.66025  -0.66025  -0.43989  -0.39744
       -0.39744  -0.33972  -0.30684  -0.27785  -0.27785  -0.27328  -0.27328  -0.21998  -0.19512
       -0.19047  -0.19047  -0.18960  -0.16400  -0.16400  -0.15424  -0.14553  -0.14553  -0.10659
       -0.10659  -0.10515  -0.10515  -0.09875  -0.08327  -0.08327  -0.08254  -0.08231  -0.08231
       -0.07977  -0.07794  -0.07600  -0.06982  -0.06488  -0.06488  -0.06433  -0.05878  -0.05878
       -0.05091  -0.04829  -0.04829  -0.04624  -0.04624  -0.04328  -0.04095  -0.03921  -0.03921
       -0.03880  -0.03845  -0.03845  -0.03724  -0.03451  -0.03451  -0.03446  -0.03445  -0.03402
       -0.03372  -0.03316  -0.03316  -0.03072  -0.03072  -0.02975  -0.02909  -0.02836  -0.02643
       -0.02643  -0.02364  -0.02364  -0.02346  -0.02323  -0.02323  -0.02301  -0.02271  -0.02270
       -0.02267  -0.02169  -0.02115  -0.02115  -0.02057  -0.02054  -0.02054  -0.02031  -0.01984
       -0.01969  -0.01969  -0.01935  -0.01935  -0.01837  -0.01830  -0.01830  -0.01814  -0.01814
       -0.01762  -0.01644  -0.01615  -0.01615  -0.01577  -0.01576  -0.01567  -0.01492  -0.01488
       -0.01406  -0.01405  -0.01399  -0.01398  -0.01370  -0.01356  -0.01318  -0.01317  -0.01314
       -0.01313  -0.01290  -0.01242  -0.01214  -0.01213  -0.01183  -0.01181  -0.01171  -0.01165
       -0.01164  -0.01161  -0.01160  -0.01159  -0.01143  -0.01142  -0.01141  -0.01139  -0.01121
       -0.01117  -0.01115  -0.01098  -0.01076  -0.01045  -0.01044  -0.01037  -0.01008  -0.00999
       -0.00997  -0.00986  -0.00984  -0.00958  -0.00953  -0.00919  -0.00917  -0.00891  -0.00884
       -0.00870  -0.00866  -0.00848  -0.00846  -0.00844  -0.00841  -0.00839  -0.00830  -0.00825
       -0.00815  -0.00811  -0.00809  -0.00800  -0.00794  -0.00787  -0.00758  -0.00755  -0.00752
       -0.00749  -0.00741  -0.00736  -0.00731  -0.00729  -0.00726  -0.00723  -0.00721  -0.00714
       -0.00711  -0.00703  -0.00701  -0.00695  -0.00683  -0.00680  -0.00679  -0.00676  -0.00674
       -0.00671  -0.00667  -0.00662  -0.00658  -0.00651  -0.00646  -0.00641  -0.00634  -0.00628
       -0.00595  -0.00591
        
     --------------------------------------------------------------------------------------------
     Tot. elapsed time 34.7s,  time spent in last iteration 06.6s
     --------------------------------------------------------------------------------------------

     [I/O] -------------------------------------------------------
     [I/O] RESTART written in < 00.1s             
     [I/O] In location   : ./c.wstat.restart
     [I/O] -------------------------------------------------------

                       *----------*              *----------*               *----------*
     #     Iteration = |        2 |   DFPT_dim = |       99 |   Diago_dim = |      499 |
                       *----------*              *----------*               *----------*
     per-process dynamical memory    27.2 Mb
  
       
     --------------------------------------------------------------------------------------------
     Sternheimer eq. solver... with threshold =   1.000000E-12           
     --------------------------------------------------------------------------------------------
     in progress... |#                   | 005% :               00.1s (E)               03.4s (X)
     in progress... |##                  | 010% :               00.3s (E)               03.4s (X)
     in progress... |###                 | 015% :               00.5s (E)               03.4s (X)
     in progress... |####                | 020% :               00.7s (E)               03.5s (X)
     in progress... |#####               | 025% :               00.8s (E)               03.5s (X)
     in progress... |######              | 030% :               01.0s (E)               03.4s (X)
     in progress... |#######             | 035% :               01.2s (E)               03.4s (X)
     in progress... |########            | 040% :               01.3s (E)               03.3s (X)
     in progress... |#########           | 045% :               01.5s (E)               03.3s (X)
     in progress... |##########          | 050% :               01.6s (E)               03.2s (X)
     in progress... |###########         | 055% :               01.8s (E)               03.3s (X)
     in progress... |############        | 060% :               01.9s (E)               03.3s (X)
     in progress... |#############       | 065% :               02.1s (E)               03.3s (X)
     in progress... |##############      | 070% :               02.2s (E)               03.2s (X)
     in progress... |###############     | 075% :               02.4s (E)               03.2s (X)
     in progress... |################    | 080% :               02.5s (E)               03.2s (X)
     in progress... |#################   | 085% :               02.7s (E)               03.2s (X)
     in progress... |##################  | 090% :               02.8s (E)               03.2s (X)
     in progress... |################### | 095% :               03.0s (E)               03.2s (X)
     in progress... |####################| 100% :               03.2s (E)               03.2s (X)
     --------------------------------------------------------------------------------------------
     p-DIAGOX done in 00.1s with a SCALAPACK grid (6x6)
     --------------------------------------------------------------------------------------------
        
       -2.62607  -1.53787  -1.37862  -0.72758  -0.72758  -0.66025  -0.66025  -0.43989  -0.39744
       -0.39744  -0.33972  -0.30684  -0.27785  -0.27785  -0.27328  -0.27328  -0.21998  -0.19512
       -0.19047  -0.19047  -0.18960  -0.16400  -0.16400  -0.15424  -0.14554  -0.14554  -0.10659
       -0.10659  -0.10515  -0.10515  -0.09875  -0.08327  -0.08327  -0.08254  -0.08231  -0.08231
       -0.07977  -0.07794  -0.07600  -0.06982  -0.06488  -0.06488  -0.06433  -0.05878  -0.05878
       -0.05091  -0.04829  -0.04829  -0.04624  -0.04624  -0.04328  -0.04095  -0.03921  -0.03921
       -0.03880  -0.03845  -0.03845  -0.03724  -0.03451  -0.03451  -0.03446  -0.03446  -0.03402
       -0.03372  -0.03316  -0.03316  -0.03072  -0.03072  -0.02975  -0.02909  -0.02836  -0.02644
       -0.02644  -0.02365  -0.02365  -0.02347  -0.02323  -0.02323  -0.02301  -0.02271  -0.02271
       -0.02268  -0.02169  -0.02115  -0.02115  -0.02058  -0.02054  -0.02054  -0.02032  -0.01985
       -0.01969  -0.01969  -0.01936  -0.01936  -0.01838  -0.01831  -0.01831  -0.01815  -0.01815
       -0.01763  -0.01645  -0.01616  -0.01616  -0.01577  -0.01577  -0.01568  -0.01493  -0.01489
       -0.01407  -0.01407  -0.01400  -0.01400  -0.01372  -0.01357  -0.01320  -0.01320  -0.01316
       -0.01316  -0.01293  -0.01245  -0.01216  -0.01216  -0.01185  -0.01185  -0.01177  -0.01168
       -0.01168  -0.01164  -0.01164  -0.01163  -0.01146  -0.01146  -0.01142  -0.01142  -0.01124
       -0.01119  -0.01119  -0.01101  -0.01081  -0.01050  -0.01050  -0.01042  -0.01012  -0.01003
       -0.01003  -0.00993  -0.00993  -0.00965  -0.00960  -0.00926  -0.00926  -0.00895  -0.00893
       -0.00876  -0.00876  -0.00855  -0.00855  -0.00854  -0.00854  -0.00850  -0.00837  -0.00833
       -0.00826  -0.00820  -0.00820  -0.00811  -0.00811  -0.00800  -0.00770  -0.00770  -0.00770
       -0.00761  -0.00752  -0.00752  -0.00747  -0.00743  -0.00743  -0.00737  -0.00736  -0.00736
       -0.00735  -0.00722  -0.00719  -0.00718  -0.00699  -0.00696  -0.00696  -0.00690  -0.00690
       -0.00689  -0.00689  -0.00689  -0.00675  -0.00675  -0.00673  -0.00669  -0.00666  -0.00665
       -0.00614  -0.00613
        
     --------------------------------------------------------------------------------------------
     Tot. elapsed time 39.8s,  time spent in last iteration 03.4s
     --------------------------------------------------------------------------------------------
      
     --------------------------------------------------------------------------------------------
     SAVE written in 00.7s               
     In location : ./c.wstat.save
     --------------------------------------------------------------------------------------------
       
     --------------------------------------------------------------------------------------------
     Convergence achieved !!! in        2 steps                          
     --------------------------------------------------------------------------------------------
 
     Number of q in the star =    4
     List of q in the star:
          1   0.504024128  -0.504024128   0.504024128
          2  -0.504024128   0.504024128   0.504024128
          3  -0.504024128  -0.504024128  -0.504024128
          4   0.504024128   0.504024128  -0.504024128
 imq =            1
 ichosen_sym(           1 ) =            1
 ichosen_sym(           2 ) =            2
 ichosen_sym(           3 ) =            3
 ichosen_sym(           4 ) =            4
 Index in this start is :            1
 Index in q_grid is :            2
 Index in this start is :            2
 Index in q_grid is :            8
      
     --------------------------------------------------------------------------------------------
     SAVE written in 00.7s               
     In location : ./c.wstat.save
     --------------------------------------------------------------------------------------------
 Index in this start is :            3
 Index in q_grid is :            3
      
     --------------------------------------------------------------------------------------------
     SAVE written in 00.6s               
     In location : ./c.wstat.save
     --------------------------------------------------------------------------------------------
 Index in this start is :            4
 Index in q_grid is :            5
      
     --------------------------------------------------------------------------------------------
     SAVE written in 00.7s               
     In location : ./c.wstat.save
     --------------------------------------------------------------------------------------------

     ================================================================
     PDEP calculation at q(00003) = (    0.0000   -1.0080    0.0000 )
     ----------------------------------------------------------------

                       *----------*              *----------*               *----------*
     #     Iteration = | starting |   DFPT_dim = |      200 |   Diago_dim = |      200 |  x 1/2
                       *----------*              *----------*               *----------*
     per-process dynamical memory    36.6 Mb
  
       
     --------------------------------------------------------------------------------------------
     Sternheimer eq. solver... with lite-solver                          
     --------------------------------------------------------------------------------------------
     in progress... |#                   | 005% :             < 00.1s (E)               00.5s (X)
     in progress... |##                  | 010% :             < 00.1s (E)               00.5s (X)
     in progress... |###                 | 015% :             < 00.1s (E)               00.5s (X)
     in progress... |####                | 020% :               00.1s (E)               00.5s (X)
     in progress... |#####               | 025% :               00.1s (E)               00.5s (X)
     in progress... |######              | 030% :               00.1s (E)               00.5s (X)
     in progress... |#######             | 035% :               00.1s (E)               00.5s (X)
     in progress... |########            | 040% :               00.2s (E)               00.5s (X)
     in progress... |#########           | 045% :               00.2s (E)               00.5s (X)
     in progress... |##########          | 050% :               00.2s (E)               00.5s (X)
     in progress... |###########         | 055% :               00.3s (E)               00.5s (X)
     in progress... |############        | 060% :               00.3s (E)               00.5s (X)
     in progress... |#############       | 065% :               00.3s (E)               00.5s (X)
     in progress... |##############      | 070% :               00.3s (E)               00.5s (X)
     in progress... |###############     | 075% :               00.4s (E)               00.5s (X)
     in progress... |################    | 080% :               00.4s (E)               00.5s (X)
     in progress... |#################   | 085% :               00.4s (E)               00.5s (X)
     in progress... |##################  | 090% :               00.5s (E)               00.5s (X)
     in progress... |################### | 095% :               00.5s (E)               00.5s (X)
     in progress... |####################| 100% :               00.5s (E)               00.5s (X)
     --------------------------------------------------------------------------------------------

     [I/O] -------------------------------------------------------
     [I/O] RESTART written in < 00.1s             
     [I/O] In location   : ./c.wstat.restart
     [I/O] -------------------------------------------------------

                       *----------*              *----------*               *----------*
     #     Iteration = | starting |   DFPT_dim = |      200 |   Diago_dim = |      200 |  x 2/2
                       *----------*              *----------*               *----------*
     per-process dynamical memory    36.7 Mb
  
       
     --------------------------------------------------------------------------------------------
     Sternheimer eq. solver... with threshold =   1.000000E-06           
     --------------------------------------------------------------------------------------------
     in progress... |#                   | 005% :               00.2s (E)               04.5s (X)
     in progress... |##                  | 010% :               00.4s (E)               04.4s (X)
     in progress... |###                 | 015% :               00.6s (E)               04.4s (X)
     in progress... |####                | 020% :               00.8s (E)               04.4s (X)
     in progress... |#####               | 025% :               01.1s (E)               04.4s (X)
     in progress... |######              | 030% :               01.3s (E)               04.5s (X)
     in progress... |#######             | 035% :               01.6s (E)               04.5s (X)
     in progress... |########            | 040% :               01.8s (E)               04.6s (X)
     in progress... |#########           | 045% :               02.0s (E)               04.5s (X)
     in progress... |##########          | 050% :               02.2s (E)               04.5s (X)
     in progress... |###########         | 055% :               02.4s (E)               04.5s (X)
     in progress... |############        | 060% :               02.7s (E)               04.5s (X)
     in progress... |#############       | 065% :               02.9s (E)               04.4s (X)
     in progress... |##############      | 070% :               03.1s (E)               04.4s (X)
     in progress... |###############     | 075% :               03.3s (E)               04.4s (X)
     in progress... |################    | 080% :               03.5s (E)               04.4s (X)
     in progress... |#################   | 085% :               03.7s (E)               04.3s (X)
     in progress... |##################  | 090% :               03.9s (E)               04.3s (X)
     in progress... |################### | 095% :               04.1s (E)               04.3s (X)
     in progress... |####################| 100% :               04.3s (E)               04.3s (X)
     --------------------------------------------------------------------------------------------
     p-DIAGOX done in < 00.1s with a SCALAPACK grid (6x6)
     --------------------------------------------------------------------------------------------
        
       -2.04106  -2.04098  -0.99544  -0.99541  -0.96815  -0.96814  -0.49229  -0.49228  -0.33951
       -0.33950  -0.32444  -0.32439  -0.27905  -0.27891  -0.27533  -0.27532  -0.19460  -0.19450
       -0.18709  -0.18706  -0.18383  -0.18381  -0.17058  -0.17057  -0.15108  -0.15106  -0.10573
       -0.10563  -0.10098  -0.10088  -0.09706  -0.09704  -0.09387  -0.09375  -0.07383  -0.07375
       -0.07262  -0.07256  -0.06947  -0.06944  -0.06572  -0.06569  -0.06211  -0.06201  -0.05016
       -0.05006  -0.04944  -0.04918  -0.04346  -0.04326  -0.04278  -0.04256  -0.03931  -0.03924
       -0.03798  -0.03793  -0.03775  -0.03762  -0.03674  -0.03669  -0.03630  -0.03618  -0.03531
       -0.03520  -0.03195  -0.03186  -0.03130  -0.03116  -0.02704  -0.02681  -0.02658  -0.02623
       -0.02601  -0.02595  -0.02416  -0.02400  -0.02326  -0.02301  -0.02187  -0.02159  -0.01974
       -0.01960  -0.01939  -0.01932  -0.01925  -0.01905  -0.01897  -0.01891  -0.01879  -0.01874
       -0.01862  -0.01843  -0.01836  -0.01815  -0.01795  -0.01788  -0.01774  -0.01744  -0.01672
       -0.01663  -0.01604  -0.01595  -0.01545  -0.01520  -0.01468  -0.01433  -0.01411  -0.01400
       -0.01373  -0.01366  -0.01348  -0.01339  -0.01270  -0.01250  -0.01235  -0.01221  -0.01196
       -0.01190  -0.01156  -0.01146  -0.01138  -0.01130  -0.01119  -0.01097  -0.01081  -0.01072
       -0.01061  -0.01046  -0.01041  -0.01026  -0.01019  -0.01009  -0.01000  -0.00988  -0.00973
       -0.00953  -0.00941  -0.00919  -0.00899  -0.00892  -0.00867  -0.00856  -0.00840  -0.00833
       -0.00824  -0.00807  -0.00799  -0.00789  -0.00780  -0.00767  -0.00757  -0.00746  -0.00729
       -0.00723  -0.00706  -0.00702  -0.00690  -0.00688  -0.00681  -0.00674  -0.00666  -0.00661
       -0.00655  -0.00641  -0.00636  -0.00628  -0.00624  -0.00616  -0.00606  -0.00600  -0.00586
       -0.00581  -0.00573  -0.00566  -0.00558  -0.00549  -0.00547  -0.00538  -0.00530  -0.00521
       -0.00519  -0.00515  -0.00507  -0.00503  -0.00489  -0.00484  -0.00481  -0.00468  -0.00461
       -0.00449  -0.00444  -0.00440  -0.00434  -0.00428  -0.00415  -0.00407  -0.00400  -0.00391
       -0.00386  -0.00373
        
     --------------------------------------------------------------------------------------------
     Tot. elapsed time 48.6s,  time spent in last iteration 06.5s
     --------------------------------------------------------------------------------------------

     [I/O] -------------------------------------------------------
     [I/O] RESTART written in < 00.1s             
     [I/O] In location   : ./c.wstat.restart
     [I/O] -------------------------------------------------------

                       *----------*              *----------*               *----------*
     #     Iteration = |        1 |   DFPT_dim = |      200 |   Diago_dim = |      400 |
                       *----------*              *----------*               *----------*
     per-process dynamical memory    37.6 Mb
  
       
     --------------------------------------------------------------------------------------------
     Sternheimer eq. solver... with threshold =   1.000000E-12           
     --------------------------------------------------------------------------------------------
     in progress... |#                   | 005% :               00.3s (E)               06.3s (X)
     in progress... |##                  | 010% :               00.6s (E)               06.3s (X)
     in progress... |###                 | 015% :               00.9s (E)               06.4s (X)
     in progress... |####                | 020% :               01.3s (E)               06.5s (X)
     in progress... |#####               | 025% :               01.6s (E)               06.6s (X)
     in progress... |######              | 030% :               02.0s (E)               06.7s (X)
     in progress... |#######             | 035% :               02.3s (E)               06.7s (X)
     in progress... |########            | 040% :               02.6s (E)               06.7s (X)
     in progress... |#########           | 045% :               03.0s (E)               06.7s (X)
     in progress... |##########          | 050% :               03.3s (E)               06.7s (X)
     in progress... |###########         | 055% :               03.7s (E)               06.7s (X)
     in progress... |############        | 060% :               04.0s (E)               06.7s (X)
     in progress... |#############       | 065% :               04.3s (E)               06.7s (X)
     in progress... |##############      | 070% :               04.6s (E)               06.6s (X)
     in progress... |###############     | 075% :               04.9s (E)               06.5s (X)
     in progress... |################    | 080% :               05.2s (E)               06.5s (X)
     in progress... |#################   | 085% :               05.5s (E)               06.5s (X)
     in progress... |##################  | 090% :               05.8s (E)               06.4s (X)
     in progress... |################### | 095% :               06.1s (E)               06.5s (X)
     in progress... |####################| 100% :               06.5s (E)               06.5s (X)
     --------------------------------------------------------------------------------------------
     p-DIAGOX done in 00.1s with a SCALAPACK grid (6x6)
     --------------------------------------------------------------------------------------------
        
       -2.04122  -2.04122  -0.99551  -0.99551  -0.96822  -0.96822  -0.49233  -0.49233  -0.33957
       -0.33957  -0.32467  -0.32467  -0.27962  -0.27962  -0.27538  -0.27538  -0.19501  -0.19501
       -0.18717  -0.18717  -0.18388  -0.18388  -0.17072  -0.17072  -0.15126  -0.15126  -0.10609
       -0.10609  -0.10150  -0.10150  -0.09720  -0.09720  -0.09429  -0.09429  -0.07407  -0.07407
       -0.07287  -0.07287  -0.06961  -0.06961  -0.06583  -0.06583  -0.06232  -0.06232  -0.05040
       -0.05040  -0.05009  -0.05009  -0.04388  -0.04388  -0.04326  -0.04326  -0.03970  -0.03970
       -0.03831  -0.03831  -0.03805  -0.03805  -0.03724  -0.03724  -0.03655  -0.03655  -0.03570
       -0.03570  -0.03222  -0.03222  -0.03165  -0.03165  -0.02742  -0.02742  -0.02701  -0.02701
       -0.02658  -0.02657  -0.02503  -0.02503  -0.02394  -0.02394  -0.02258  -0.02258  -0.02053
       -0.02053  -0.02029  -0.02028  -0.01996  -0.01996  -0.01978  -0.01978  -0.01955  -0.01955
       -0.01911  -0.01911  -0.01910  -0.01910  -0.01870  -0.01870  -0.01868  -0.01867  -0.01745
       -0.01745  -0.01701  -0.01701  -0.01638  -0.01638  -0.01535  -0.01534  -0.01501  -0.01501
       -0.01487  -0.01487  -0.01439  -0.01438  -0.01350  -0.01350  -0.01349  -0.01349  -0.01317
       -0.01315  -0.01264  -0.01264  -0.01239  -0.01237  -0.01210  -0.01210  -0.01199  -0.01199
       -0.01195  -0.01193  -0.01186  -0.01183  -0.01138  -0.01137  -0.01133  -0.01132  -0.01113
       -0.01112  -0.01085  -0.01082  -0.01081  -0.01080  -0.01012  -0.01011  -0.00985  -0.00983
       -0.00978  -0.00976  -0.00934  -0.00934  -0.00931  -0.00928  -0.00921  -0.00916  -0.00873
       -0.00869  -0.00860  -0.00858  -0.00849  -0.00845  -0.00824  -0.00822  -0.00808  -0.00806
       -0.00801  -0.00797  -0.00786  -0.00782  -0.00755  -0.00753  -0.00749  -0.00748  -0.00744
       -0.00743  -0.00739  -0.00737  -0.00732  -0.00729  -0.00722  -0.00719  -0.00716  -0.00713
       -0.00710  -0.00709  -0.00705  -0.00702  -0.00694  -0.00688  -0.00677  -0.00674  -0.00664
       -0.00657  -0.00657  -0.00653  -0.00652  -0.00646  -0.00642  -0.00636  -0.00631  -0.00627
       -0.00621  -0.00611
        
     --------------------------------------------------------------------------------------------
     Tot. elapsed time 55.7s,  time spent in last iteration 06.7s
     --------------------------------------------------------------------------------------------

     [I/O] -------------------------------------------------------
     [I/O] RESTART written in < 00.1s             
     [I/O] In location   : ./c.wstat.restart
     [I/O] -------------------------------------------------------

                       *----------*              *----------*               *----------*
     #     Iteration = |        2 |   DFPT_dim = |       94 |   Diago_dim = |      494 |
                       *----------*              *----------*               *----------*
     per-process dynamical memory    37.6 Mb
  
       
     --------------------------------------------------------------------------------------------
     Sternheimer eq. solver... with threshold =   1.000000E-12           
     --------------------------------------------------------------------------------------------
     in progress... |#                   | 005% :               00.1s (E)               03.1s (X)
     in progress... |##                  | 010% :               00.3s (E)               03.1s (X)
     in progress... |###                 | 015% :               00.4s (E)               03.1s (X)
     in progress... |####                | 020% :               00.6s (E)               03.2s (X)
     in progress... |#####               | 025% :               00.7s (E)               03.1s (X)
     in progress... |######              | 030% :               00.9s (E)               03.1s (X)
     in progress... |#######             | 035% :               01.1s (E)               03.1s (X)
     in progress... |########            | 040% :               01.2s (E)               03.1s (X)
     in progress... |#########           | 045% :               01.4s (E)               03.1s (X)
     in progress... |##########          | 050% :               01.5s (E)               03.1s (X)
     in progress... |###########         | 055% :               01.7s (E)               03.1s (X)
     in progress... |############        | 060% :               01.8s (E)               03.1s (X)
     in progress... |#############       | 065% :               02.0s (E)               03.1s (X)
     in progress... |##############      | 070% :               02.1s (E)               03.1s (X)
     in progress... |###############     | 075% :               02.3s (E)               03.0s (X)
     in progress... |################    | 080% :               02.4s (E)               03.0s (X)
     in progress... |#################   | 085% :               02.5s (E)               03.0s (X)
     in progress... |##################  | 090% :               02.7s (E)               03.0s (X)
     in progress... |################### | 095% :               02.8s (E)               03.0s (X)
     in progress... |####################| 100% :               03.0s (E)               03.0s (X)
     --------------------------------------------------------------------------------------------
     p-DIAGOX done in 00.1s with a SCALAPACK grid (6x6)
     --------------------------------------------------------------------------------------------
        
       -2.04122  -2.04122  -0.99551  -0.99551  -0.96822  -0.96822  -0.49233  -0.49233  -0.33957
       -0.33957  -0.32467  -0.32467  -0.27962  -0.27962  -0.27538  -0.27538  -0.19501  -0.19501
       -0.18717  -0.18717  -0.18388  -0.18388  -0.17072  -0.17072  -0.15126  -0.15126  -0.10609
       -0.10609  -0.10150  -0.10150  -0.09720  -0.09720  -0.09429  -0.09429  -0.07407  -0.07407
       -0.07287  -0.07287  -0.06961  -0.06961  -0.06583  -0.06583  -0.06232  -0.06232  -0.05040
       -0.05040  -0.05009  -0.05009  -0.04388  -0.04388  -0.04326  -0.04326  -0.03970  -0.03970
       -0.03831  -0.03831  -0.03805  -0.03805  -0.03724  -0.03724  -0.03655  -0.03655  -0.03570
       -0.03570  -0.03222  -0.03222  -0.03165  -0.03165  -0.02742  -0.02742  -0.02701  -0.02701
       -0.02658  -0.02658  -0.02503  -0.02503  -0.02395  -0.02395  -0.02259  -0.02258  -0.02053
       -0.02053  -0.02029  -0.02029  -0.01997  -0.01997  -0.01979  -0.01979  -0.01955  -0.01955
       -0.01911  -0.01911  -0.01910  -0.01910  -0.01871  -0.01871  -0.01868  -0.01868  -0.01746
       -0.01746  -0.01702  -0.01702  -0.01639  -0.01639  -0.01535  -0.01535  -0.01503  -0.01503
       -0.01488  -0.01488  -0.01439  -0.01439  -0.01352  -0.01352  -0.01351  -0.01351  -0.01319
       -0.01319  -0.01266  -0.01266  -0.01241  -0.01241  -0.01212  -0.01212  -0.01202  -0.01202
       -0.01198  -0.01198  -0.01189  -0.01189  -0.01141  -0.01141  -0.01137  -0.01137  -0.01115
       -0.01115  -0.01087  -0.01087  -0.01085  -0.01085  -0.01017  -0.01017  -0.00989  -0.00989
       -0.00984  -0.00984  -0.00939  -0.00939  -0.00937  -0.00937  -0.00930  -0.00930  -0.00880
       -0.00880  -0.00870  -0.00870  -0.00859  -0.00859  -0.00834  -0.00834  -0.00815  -0.00815
       -0.00813  -0.00813  -0.00798  -0.00798  -0.00761  -0.00761  -0.00760  -0.00760  -0.00760
       -0.00759  -0.00751  -0.00751  -0.00748  -0.00748  -0.00735  -0.00735  -0.00733  -0.00733
       -0.00729  -0.00729  -0.00725  -0.00725  -0.00722  -0.00722  -0.00703  -0.00703  -0.00685
       -0.00684  -0.00677  -0.00676  -0.00672  -0.00671  -0.00663  -0.00663  -0.00650  -0.00650
       -0.00648  -0.00648
        
     --------------------------------------------------------------------------------------------
     Tot. elapsed time 01m-00.6s,  time spent in last iteration 03.2s
     --------------------------------------------------------------------------------------------
      
     --------------------------------------------------------------------------------------------
     SAVE written in 00.8s               
     In location : ./c.wstat.save
     --------------------------------------------------------------------------------------------
       
     --------------------------------------------------------------------------------------------
     Convergence achieved !!! in        2 steps                          
     --------------------------------------------------------------------------------------------
 
     Number of q in the star =    3
     List of q in the star:
          1   0.000000000  -1.008048256   0.000000000
          2  -1.008048256   0.000000000   0.000000000
          3   0.000000000  -0.000000000  -1.008048256
 imq =            1
 ichosen_sym(           1 ) =            1
 ichosen_sym(           2 ) =            5
 ichosen_sym(           3 ) =            9
 Index in this start is :            1
 Index in q_grid is :            4
 Index in this start is :            2
 Index in q_grid is :            6
      
     --------------------------------------------------------------------------------------------
     SAVE written in 00.9s               
     In location : ./c.wstat.save
     --------------------------------------------------------------------------------------------
 Index in this start is :            3
 Index in q_grid is :            7
      
     --------------------------------------------------------------------------------------------
     SAVE written in 00.8s               
     In location : ./c.wstat.save
     --------------------------------------------------------------------------------------------
     WSTAT        :  0m44.61s CPU     1m 8.19s WALL

     wstat_readin :      0.35s CPU      0.38s WALL (       1 calls)
     fetch_input  :      0.01s CPU      0.01s WALL (       2 calls)
     read_xml     :      0.21s CPU      0.23s WALL (       1 calls)
     init_vloc    :      0.00s CPU      0.00s WALL (       2 calls)
     fft          :      0.00s CPU      0.01s WALL (       4 calls)
     fft_scatter  :     16.04s CPU     17.38s WALL (  985308 calls)
     v_of_rho     :      0.00s CPU      0.00s WALL (       1 calls)
     v_xc         :      0.00s CPU      0.00s WALL (       1 calls)
     v_h          :      0.00s CPU      0.00s WALL (       1 calls)
     read_wave    :      0.13s CPU      0.14s WALL (       1 calls)
     davcio       :      0.00s CPU      0.01s WALL (     201 calls)
     init_us_1    :      0.00s CPU      0.00s WALL (       2 calls)
     do_setup     :      0.00s CPU      0.01s WALL (       1 calls)
     init_pw_ar   :      0.00s CPU      0.00s WALL (       1 calls)
     init_at_1    :      0.00s CPU      0.00s WALL (       1 calls)
     chidiago     :     43.08s CPU     62.97s WALL (       3 calls)
     sqvc_init    :      0.00s CPU      0.00s WALL (       3 calls)
     randomize    :      0.04s CPU      0.04s WALL (       3 calls)
     paramgs      :      0.10s CPU      0.10s WALL (      12 calls)
     dfpt         :     40.32s CPU     43.57s WALL (      12 calls)
     init_us_2    :      0.00s CPU      0.00s WALL (      96 calls)
     fftw         :     29.10s CPU     31.40s WALL (  985304 calls)
     alphapc      :      0.15s CPU      0.16s WALL (    8352 calls)
     wstat_restar :      0.74s CPU     10.58s WALL (       9 calls)
     linstern     :     35.11s CPU     37.94s WALL (    5952 calls)
     stern        :     32.26s CPU     34.85s WALL (  111810 calls)
     h_psi_bgrp   :     30.28s CPU     32.72s WALL (  111810 calls)
     h_psi        :     30.11s CPU     32.54s WALL (  111810 calls)
     h_psi:pot    :     29.89s CPU     32.29s WALL (  111810 calls)
     vloc_psi     :     26.69s CPU     28.85s WALL (  111810 calls)
     h_psi:calbec :      2.25s CPU      2.43s WALL (  111810 calls)
     calbec       :      2.04s CPU      2.22s WALL (  111810 calls)
     add_vuspsi   :      0.56s CPU      0.61s WALL (  111810 calls)
     alphapv      :      1.64s CPU      1.78s WALL (  111810 calls)
     build_hr     :      0.03s CPU      0.04s WALL (       9 calls)
     diagox       :      1.00s CPU      1.06s WALL (       9 calls)
     redistr_vr   :      0.11s CPU      0.15s WALL (       6 calls)
     update_vr    :      0.03s CPU      0.03s WALL (       6 calls)
     symm_hr      :      0.12s CPU      0.16s WALL (       6 calls)
     chidiago:las :      0.00s CPU      0.00s WALL (       3 calls)
     refresh_vr   :      0.01s CPU      0.01s WALL (       3 calls)
     pdep_db      :      0.56s CPU      6.23s WALL (       8 calls)
     gather_grid  :      0.02s CPU      0.03s WALL (     500 calls)
     scatter_grid :      0.03s CPU      0.03s WALL (     500 calls)
 
     WSTAT        :  0m44.63s CPU     1m 8.22s WALL

 
   This run was terminated on:   9:22:13   8Dec2020            

=------------------------------------------------------------------------------=
   JOB DONE.
=------------------------------------------------------------------------------=
