
     Program WFREQ v. 3.1.1 starts on  9Jan2021 at  3:45: 4 

     This program is part of the open-source West suite
     for massively parallel calculations of excited states in materials; please cite
         "M. Govoni et al., J. Chem. Theory Comput. 11, 2680 (2015);
          URL http://www.west-code.org", 
     in publications or presentations arising from this work.

     Based on the Quantum ESPRESSO v. 6.1 svn rev. 13369

     I/O is Little Endian
       
     --------------------------------------------------------------------------------------------
     **MPI** Parallelization Status                                      
     --------------------------------------------------------------------------------------------
                    80                   2             1             1            40
     --------------------------------------------------------------------------------------------
                     N         =         I      X      P      X      B      X      Z
                     ^                   ^             ^             ^             ^
                     |                   |             |             |             |
                   #rnk                  |             |             |             |
                                      #image           |             |             |
                                                     #pool           |             |
                                                                   #bgrp           |
                                                                                 #R&G
     --------------------------------------------------------------------------------------------
     **OPENMP** Parallelization Status
     #thr/rnk               =            1
     --------------------------------------------------------------------------------------------
     #prc = (rnk) * (thr) =           80
     --------------------------------------------------------------------------------------------
       
     --------------------------------------------------------------------------------------------
     I/O Summary : input_west                                            
     --------------------------------------------------------------------------------------------
     qe_prefix      = c
     west_prefix    = c
     outdir         = ./
     --------------------------------------------------------------------------------------------

     Reading data from directory:
     ./c.save

   Info: using nr1, nr2, nr3 values from input

   Info: using nr1, nr2, nr3 values from input

     IMPORTANT: XC functional enforced from input :
     Exchange-correlation      = PBE ( 1  4  3  4 0 0)
     Any further DFT definition will be discarded
     Please, verify this is what you really want

 
     Parallelization info
     --------------------
     sticks:   dense  smooth     PW     G-vecs:    dense   smooth      PW
     Min           9       9      3                  122      122      23
     Max          10      10      4                  125      125      27
     Sum         379     379    121                 4909     4909     941
 
       
     --------------------------------------------------------------------------------------------
     I/O Summary : wstat_control                                         
     --------------------------------------------------------------------------------------------
     wstat_calculation              =              S
     n_pdep_eigen                   =            200
     n_pdep_times                   =              4
     n_pdep_maxiter                 =            100
     n_dfpt_maxiter                 =            250
     n_pdep_read_from_file          =              0
     trev_pdep                      =   1.000000E-03
     trev_pdep_rel                  =   1.000000E-01
     tr2_dfpt                       =   1.000000E-12
     l_kinetic_only                 =              F
     l_minimize_exx_if_active       =              F
     l_use_ecutrho                  =              F
     l_use_symm                     =              T
     nq(1)                          =              4
     nq(2)                          =              4
     nq(3)                          =              4
     --------------------------------------------------------------------------------------------
       
     --------------------------------------------------------------------------------------------
     I/O Summary : wfreq_control                                         
     --------------------------------------------------------------------------------------------
     wfreq_calculation                        =           XWGQ
     n_pdep_eigen_to_use                      =            200
     qp_bandrange(1)                          =              1
     qp_bandrange(2)                          =              8
     macropol_calculation                     =              C
     n_lanczos                                =             30
     n_imfreq                                 =            500
     n_refreq                                 =            500
     ecut_imfreq [Ry]                         =     240.000000
     ecut_refreq [Ry]                         =       3.000000
     wfreq_eta [Ry]                           =       0.003675
     n_secant_maxiter                         =            200
     trev_secant [Ry]                         =       0.003676
     l_enable_lanczos                         =              T
     l_enable_gwetot                          =              F
     o_restart_time [min]                     =      -1.000000
     ecut_spectralf(1) [Ry]                   =      -2.000000
     ecut_spectralf(2) [Ry]                   =       2.000000
     n_spectralf                              =             10
     l_read_common_pdep                       =              F
     l_enable_gb_curvature                    =              T
     --------------------------------------------------------------------------------------------
       
     --------------------------------------------------------------------------------------------
     System Overview                                                     
     --------------------------------------------------------------------------------------------
     gamma_only           =              F
     ecutwfc [Ry]         =      60.000000
     ecutrho [Ry]         =     240.000000
     omega [au^3]         =   7.791024E+01
     nbnd                 =              8
     nkstot               =             64
     nspin                =              1
     nelec                =       8.000000
     npol                 =              1
     lsda                 =              F
     noncolin             =              F
     lspinorb             =              F
     domag                =              F
     --------------------------------------------------------------------------------------------

     3DFFT grid
        s : (  24,  24,  24)
        p : (  24,  24,  24)

     Direct Lattice Cell [a.u.]
        a1 = (    -3.3899100     0.0000000     3.3899100)
        a2 = (     0.0000000     3.3899100     3.3899100)
        a3 = (    -3.3899100     3.3899100     0.0000000)

     Reciprocal Lattice Cell [a.u.]
        b1 = (    -0.9267481    -0.9267481     0.9267481)
        b2 = (     0.9267481     0.9267481     0.9267481)
        b3 = (    -0.9267481     0.9267481    -0.9267481)
      

     Brillouin Zone sampling [cryst. coord.]
 
        k(000001) = (     0.0000000     0.0000000     0.0000000)
        k(000002) = (     0.0000000     0.0000000     0.2500000)
        k(000003) = (     0.0000000     0.0000000    -0.5000000)
        k(000004) = (     0.0000000     0.0000000    -0.2500000)
        k(000005) = (     0.0000000     0.2500000     0.0000000)
        k(000006) = (     0.0000000     0.2500000     0.2500000)
        k(000007) = (     0.0000000     0.2500000    -0.5000000)
        k(000008) = (     0.0000000     0.2500000    -0.2500000)
        k(000009) = (     0.0000000    -0.5000000     0.0000000)
        k(000010) = (     0.0000000    -0.5000000     0.2500000)
        k(000011) = (     0.0000000    -0.5000000    -0.5000000)
        k(000012) = (     0.0000000    -0.5000000    -0.2500000)
        k(000013) = (     0.0000000    -0.2500000     0.0000000)
        k(000014) = (     0.0000000    -0.2500000     0.2500000)
        k(000015) = (     0.0000000    -0.2500000    -0.5000000)
        k(000016) = (     0.0000000    -0.2500000    -0.2500000)
        k(000017) = (     0.2500000     0.0000000     0.0000000)
        k(000018) = (     0.2500000     0.0000000     0.2500000)
        k(000019) = (     0.2500000     0.0000000    -0.5000000)
        k(000020) = (     0.2500000     0.0000000    -0.2500000)
        k(000021) = (     0.2500000     0.2500000     0.0000000)
        k(000022) = (     0.2500000     0.2500000     0.2500000)
        k(000023) = (     0.2500000     0.2500000    -0.5000000)
        k(000024) = (     0.2500000     0.2500000    -0.2500000)
        k(000025) = (     0.2500000    -0.5000000     0.0000000)
        k(000026) = (     0.2500000    -0.5000000     0.2500000)
        k(000027) = (     0.2500000    -0.5000000    -0.5000000)
        k(000028) = (     0.2500000    -0.5000000    -0.2500000)
        k(000029) = (     0.2500000    -0.2500000     0.0000000)
        k(000030) = (     0.2500000    -0.2500000     0.2500000)
        k(000031) = (     0.2500000    -0.2500000    -0.5000000)
        k(000032) = (     0.2500000    -0.2500000    -0.2500000)
        k(000033) = (    -0.5000000     0.0000000     0.0000000)
        k(000034) = (    -0.5000000     0.0000000     0.2500000)
        k(000035) = (    -0.5000000     0.0000000    -0.5000000)
        k(000036) = (    -0.5000000     0.0000000    -0.2500000)
        k(000037) = (    -0.5000000     0.2500000     0.0000000)
        k(000038) = (    -0.5000000     0.2500000     0.2500000)
        k(000039) = (    -0.5000000     0.2500000    -0.5000000)
        k(000040) = (    -0.5000000     0.2500000    -0.2500000)
        k(000041) = (    -0.5000000    -0.5000000     0.0000000)
        k(000042) = (    -0.5000000    -0.5000000     0.2500000)
        k(000043) = (    -0.5000000    -0.5000000    -0.5000000)
        k(000044) = (    -0.5000000    -0.5000000    -0.2500000)
        k(000045) = (    -0.5000000    -0.2500000     0.0000000)
        k(000046) = (    -0.5000000    -0.2500000     0.2500000)
        k(000047) = (    -0.5000000    -0.2500000    -0.5000000)
        k(000048) = (    -0.5000000    -0.2500000    -0.2500000)
        k(000049) = (    -0.2500000     0.0000000     0.0000000)
        k(000050) = (    -0.2500000     0.0000000     0.2500000)
        Printing only first 50 k points...
 
        q(000001) = (     0.0000000     0.0000000     0.0000000)
        q(000002) = (     0.0000000     0.0000000     0.2500000)
        q(000003) = (     0.0000000     0.0000000    -0.5000000)
        q(000004) = (     0.0000000     0.0000000    -0.2500000)
        q(000005) = (     0.0000000     0.2500000     0.0000000)
        q(000006) = (     0.0000000     0.2500000     0.2500000)
        q(000007) = (     0.0000000     0.2500000    -0.5000000)
        q(000008) = (     0.0000000     0.2500000    -0.2500000)
        q(000009) = (     0.0000000    -0.5000000     0.0000000)
        q(000010) = (     0.0000000    -0.5000000     0.2500000)
        q(000011) = (     0.0000000    -0.5000000    -0.5000000)
        q(000012) = (     0.0000000    -0.5000000    -0.2500000)
        q(000013) = (     0.0000000    -0.2500000     0.0000000)
        q(000014) = (     0.0000000    -0.2500000     0.2500000)
        q(000015) = (     0.0000000    -0.2500000    -0.5000000)
        q(000016) = (     0.0000000    -0.2500000    -0.2500000)
        q(000017) = (     0.2500000     0.0000000     0.0000000)
        q(000018) = (     0.2500000     0.0000000     0.2500000)
        q(000019) = (     0.2500000     0.0000000    -0.5000000)
        q(000020) = (     0.2500000     0.0000000    -0.2500000)
        q(000021) = (     0.2500000     0.2500000     0.0000000)
        q(000022) = (     0.2500000     0.2500000     0.2500000)
        q(000023) = (     0.2500000     0.2500000    -0.5000000)
        q(000024) = (     0.2500000     0.2500000    -0.2500000)
        q(000025) = (     0.2500000    -0.5000000     0.0000000)
        q(000026) = (     0.2500000    -0.5000000     0.2500000)
        q(000027) = (     0.2500000    -0.5000000    -0.5000000)
        q(000028) = (     0.2500000    -0.5000000    -0.2500000)
        q(000029) = (     0.2500000    -0.2500000     0.0000000)
        q(000030) = (     0.2500000    -0.2500000     0.2500000)
        q(000031) = (     0.2500000    -0.2500000    -0.5000000)
        q(000032) = (     0.2500000    -0.2500000    -0.2500000)
        q(000033) = (    -0.5000000     0.0000000     0.0000000)
        q(000034) = (    -0.5000000     0.0000000     0.2500000)
        q(000035) = (    -0.5000000     0.0000000    -0.5000000)
        q(000036) = (    -0.5000000     0.0000000    -0.2500000)
        q(000037) = (    -0.5000000     0.2500000     0.0000000)
        q(000038) = (    -0.5000000     0.2500000     0.2500000)
        q(000039) = (    -0.5000000     0.2500000    -0.5000000)
        q(000040) = (    -0.5000000     0.2500000    -0.2500000)
        q(000041) = (    -0.5000000    -0.5000000     0.0000000)
        q(000042) = (    -0.5000000    -0.5000000     0.2500000)
        q(000043) = (    -0.5000000    -0.5000000    -0.5000000)
        q(000044) = (    -0.5000000    -0.5000000    -0.2500000)
        q(000045) = (    -0.5000000    -0.2500000     0.0000000)
        q(000046) = (    -0.5000000    -0.2500000     0.2500000)
        q(000047) = (    -0.5000000    -0.2500000    -0.5000000)
        q(000048) = (    -0.5000000    -0.2500000    -0.2500000)
        q(000049) = (    -0.2500000     0.0000000     0.0000000)
        q(000050) = (    -0.2500000     0.0000000     0.2500000)
        Printing only first 50 q points...
       
     --------------------------------------------------------------------------------------------
     Parallelization for npdep                                           
     --------------------------------------------------------------------------------------------
     nglob                =            200
     nlevel               =              2
     Min nglob/nlevel     =            100
     Max nglob/nlevel     =            100
     --------------------------------------------------------------------------------------------
       
     --------------------------------------------------------------------------------------------
     Parallelization for npdep+macro                                     
     --------------------------------------------------------------------------------------------
     nglob                =            203
     nlevel               =              2
     Min nglob/nlevel     =            101
     Max nglob/nlevel     =            102
     --------------------------------------------------------------------------------------------
       
     --------------------------------------------------------------------------------------------
     Parallelization for n_imfreq                                        
     --------------------------------------------------------------------------------------------
     nglob                =            500
     nlevel               =             40
     Min nglob/nlevel     =             12
     Max nglob/nlevel     =             13
     --------------------------------------------------------------------------------------------
       
     --------------------------------------------------------------------------------------------
     Parallelization for n_refreq                                        
     --------------------------------------------------------------------------------------------
     nglob                =            500
     nlevel               =             40
     Min nglob/nlevel     =             12
     Max nglob/nlevel     =             13
     --------------------------------------------------------------------------------------------
       
     --------------------------------------------------------------------------------------------
     Parallelization for nbnd                                            
     --------------------------------------------------------------------------------------------
     nglob                =              8
     nlevel               =              2
     Min nglob/nlevel     =              4
     Max nglob/nlevel     =              4
     --------------------------------------------------------------------------------------------
     ===========================================================================
          nsym   =   24
          nrot   =   48
          nk_ibz =    8
          Q-point IBZ [ cart  coord ]
          xk(00000001) = (  0.000000  0.000000  0.000000) wk =   0.015625
          xk(00000002) = ( -0.250000  0.250000 -0.250000) wk =   0.125000
          xk(00000003) = (  0.500000 -0.500000  0.500000) wk =   0.062500
          xk(00000004) = (  0.000000  0.500000  0.000000) wk =   0.093750
          xk(00000005) = (  0.750000 -0.250000  0.750000) wk =   0.375000
          xk(00000006) = (  0.500000  0.000000  0.500000) wk =   0.187500
          xk(00000007) = (  0.000000 -1.000000  0.000000) wk =   0.046875
          xk(00000008) = ( -0.500000 -1.000000  0.000000) wk =   0.093750
          Q-point IBZ [ cryst coord ]
          xk(00000001) = (  0.000000  0.000000  0.000000) wk =   0.015625
          xk(00000002) = (  0.000000  0.000000  0.250000) wk =   0.125000
          xk(00000003) = (  0.000000  0.000000 -0.500000) wk =   0.062500
          xk(00000004) = (  0.000000  0.250000  0.250000) wk =   0.093750
          xk(00000005) = (  0.000000  0.250000 -0.500000) wk =   0.375000
          xk(00000006) = (  0.000000  0.250000 -0.250000) wk =   0.187500
          xk(00000007) = (  0.000000 -0.500000 -0.500000) wk =   0.046875
          xk(00000008) = (  0.250000 -0.500000 -0.250000) wk =   0.093750
     ===========================================================================
     ===========================================================================
          nsym   =   24
          nrot   =   48
          nq_ibz =    8
          Q-point IBZ [ cart  coord ]
          xq(00000001) = (  0.000000  0.000000  0.000000) wq =   0.015625
          xq(00000002) = ( -0.250000  0.250000 -0.250000) wq =   0.125000
          xq(00000003) = (  0.500000 -0.500000  0.500000) wq =   0.062500
          xq(00000004) = (  0.000000  0.500000  0.000000) wq =   0.093750
          xq(00000005) = (  0.750000 -0.250000  0.750000) wq =   0.375000
          xq(00000006) = (  0.500000  0.000000  0.500000) wq =   0.187500
          xq(00000007) = (  0.000000 -1.000000  0.000000) wq =   0.046875
          xq(00000008) = ( -0.500000 -1.000000  0.000000) wq =   0.093750
          Q-point IBZ [ cryst coord ]
          xq(00000001) = (  0.000000  0.000000  0.000000) wq =   0.015625
          xq(00000002) = (  0.000000  0.000000  0.250000) wq =   0.125000
          xq(00000003) = (  0.000000  0.000000 -0.500000) wq =   0.062500
          xq(00000004) = (  0.000000  0.250000  0.250000) wq =   0.093750
          xq(00000005) = (  0.000000  0.250000 -0.500000) wq =   0.375000
          xq(00000006) = (  0.000000  0.250000 -0.250000) wq =   0.187500
          xq(00000007) = (  0.000000 -0.500000 -0.500000) wq =   0.046875
          xq(00000008) = (  0.250000 -0.500000 -0.250000) wq =   0.093750
     ===========================================================================
       
     --------------------------------------------------------------------------------------------
     Hartree-Fock Exact E(X)change                                       
     --------------------------------------------------------------------------------------------
      
     --------------------------------------------------------------------------------------------
     Vxc
     --------------------------------------------------------------------------------------------
     in progress... |#                   | 005% :             < 00.1s (E)               00.1s (X)
     in progress... |##                  | 010% :             < 00.1s (E)               00.1s (X)
     in progress... |###                 | 015% :             < 00.1s (E)             < 00.1s (X)
     in progress... |####                | 020% :             < 00.1s (E)             < 00.1s (X)
     in progress... |#####               | 025% :             < 00.1s (E)             < 00.1s (X)
     in progress... |######              | 030% :             < 00.1s (E)             < 00.1s (X)
     in progress... |#######             | 035% :             < 00.1s (E)             < 00.1s (X)
     in progress... |########            | 040% :             < 00.1s (E)             < 00.1s (X)
     in progress... |#########           | 045% :             < 00.1s (E)             < 00.1s (X)
     in progress... |##########          | 050% :             < 00.1s (E)             < 00.1s (X)
     in progress... |###########         | 055% :             < 00.1s (E)             < 00.1s (X)
     in progress... |############        | 060% :             < 00.1s (E)             < 00.1s (X)
     in progress... |#############       | 065% :             < 00.1s (E)             < 00.1s (X)
     in progress... |##############      | 070% :             < 00.1s (E)             < 00.1s (X)
     in progress... |###############     | 075% :             < 00.1s (E)             < 00.1s (X)
     in progress... |################    | 080% :             < 00.1s (E)             < 00.1s (X)
     in progress... |#################   | 085% :             < 00.1s (E)             < 00.1s (X)
     in progress... |##################  | 090% :             < 00.1s (E)             < 00.1s (X)
     in progress... |################### | 095% :             < 00.1s (E)             < 00.1s (X)
     in progress... |####################| 100% :             < 00.1s (E)             < 00.1s (X)
     --------------------------------------------------------------------------------------------
      
     --------------------------------------------------------------------------------------------
     (X)-Sigma
     --------------------------------------------------------------------------------------------
     in progress... |#                   | 005% :               04.0s (E)           01m-21.6s (X)
     in progress... |##                  | 010% :               04.5s (E)               45.7s (X)
     in progress... |###                 | 015% :               05.0s (E)               33.5s (X)
     in progress... |####                | 020% :               05.5s (E)               27.6s (X)
     in progress... |#####               | 025% :               05.9s (E)               23.9s (X)
     in progress... |######              | 030% :               06.4s (E)               21.6s (X)
     in progress... |#######             | 035% :               06.9s (E)               19.9s (X)
     in progress... |########            | 040% :               07.4s (E)               18.6s (X)
     in progress... |#########           | 045% :               07.9s (E)               17.6s (X)
     in progress... |##########          | 050% :               08.3s (E)               16.7s (X)
     in progress... |###########         | 055% :               08.8s (E)               16.1s (X)
     in progress... |############        | 060% :               09.3s (E)               15.6s (X)
     in progress... |#############       | 065% :               09.8s (E)               15.1s (X)
     in progress... |##############      | 070% :               10.3s (E)               14.7s (X)
     in progress... |###############     | 075% :               10.7s (E)               14.3s (X)
     in progress... |################    | 080% :               11.2s (E)               14.0s (X)
     in progress... |#################   | 085% :               11.7s (E)               13.8s (X)
     in progress... |##################  | 090% :               12.2s (E)               13.5s (X)
     in progress... |################### | 095% :               12.7s (E)               13.3s (X)
     in progress... |####################| 100% :               13.1s (E)               13.1s (X)
     --------------------------------------------------------------------------------------------
       
     --------------------------------------------------------------------------------------------
     (W)-Lanczos                                                         
     --------------------------------------------------------------------------------------------
     in progress... |#                   | 005% :               43.4s (E)           14m-28.7s (X)
     in progress... |##                  | 010% :           01m-25.1s (E)           14m-11.2s (X)
     in progress... |###                 | 015% :           02m-08.9s (E)           14m-19.8s (X)
     in progress... |####                | 020% :           02m-49.8s (E)           14m-09.1s (X)
     in progress... |#####               | 025% :           03m-30.8s (E)           14m-03.5s (X)
     in progress... |######              | 030% :           04m-13.5s (E)           14m-05.2s (X)
     in progress... |#######             | 035% :           04m-54.5s (E)           14m-01.6s (X)
     in progress... |########            | 040% :           05m-36.9s (E)           14m-02.4s (X)
     in progress... |#########           | 045% :           06m-18.0s (E)           14m-00.0s (X)
     in progress... |##########          | 050% :           06m-59.1s (E)           13m-58.2s (X)
     in progress... |###########         | 055% :           07m-41.8s (E)           13m-59.7s (X)
     in progress... |############        | 060% :           08m-22.9s (E)           13m-58.2s (X)
     in progress... |#############       | 065% :           09m-05.8s (E)           13m-59.8s (X)
     in progress... |##############      | 070% :           09m-46.6s (E)           13m-58.0s (X)
     in progress... |###############     | 075% :           10m-27.3s (E)           13m-56.4s (X)
     in progress... |################    | 080% :           11m-09.6s (E)           13m-57.0s (X)
     in progress... |#################   | 085% :           11m-50.0s (E)           13m-55.3s (X)
     in progress... |##################  | 090% :           12m-31.4s (E)           13m-54.9s (X)
     in progress... |################### | 095% :           13m-11.8s (E)           13m-53.5s (X)
     in progress... |####################| 100% :           13m-52.0s (E)           13m-52.0s (X)
     --------------------------------------------------------------------------------------------
 
     Number of q in the star =    4
     List of q in the star:
          1  -0.250000000   0.250000000  -0.250000000
          2   0.250000000  -0.250000000  -0.250000000
          3   0.250000000   0.250000000   0.250000000
          4  -0.250000000  -0.250000000   0.250000000
     In addition there is the -q list: 
          1   0.250000000  -0.250000000   0.250000000
          2  -0.250000000   0.250000000   0.250000000
          3  -0.250000000  -0.250000000  -0.250000000
          4   0.250000000   0.250000000  -0.250000000
 
     Number of q in the star =    4
     List of q in the star:
          1   0.500000000  -0.500000000   0.500000000
          2  -0.500000000   0.500000000   0.500000000
          3  -0.500000000  -0.500000000  -0.500000000
          4   0.500000000   0.500000000  -0.500000000
 
     Number of q in the star =    6
     List of q in the star:
          1   0.000000000   0.500000000   0.000000000
          2   0.000000000  -0.500000000   0.000000000
          3   0.500000000   0.000000000   0.000000000
          4  -0.500000000   0.000000000   0.000000000
          5   0.000000000   0.000000000   0.500000000
          6   0.000000000   0.000000000  -0.500000000
 
     Number of q in the star =   12
     List of q in the star:
          1   0.750000000  -0.250000000   0.750000000
          2  -0.750000000   0.250000000   0.750000000
          3  -0.750000000  -0.250000000  -0.750000000
          4   0.750000000   0.250000000  -0.750000000
          5  -0.250000000   0.750000000   0.750000000
          6   0.250000000   0.750000000  -0.750000000
          7  -0.250000000  -0.750000000  -0.750000000
          8   0.250000000  -0.750000000   0.750000000
          9   0.750000000   0.750000000  -0.250000000
         10   0.750000000  -0.750000000   0.250000000
         11  -0.750000000  -0.750000000  -0.250000000
         12  -0.750000000   0.750000000   0.250000000
     In addition there is the -q list: 
          1  -0.750000000   0.250000000  -0.750000000
          2   0.750000000  -0.250000000  -0.750000000
          3   0.750000000   0.250000000   0.750000000
          4  -0.750000000  -0.250000000   0.750000000
          5   0.250000000  -0.750000000  -0.750000000
          6  -0.250000000  -0.750000000   0.750000000
          7   0.250000000   0.750000000   0.750000000
          8  -0.250000000   0.750000000  -0.750000000
          9  -0.750000000  -0.750000000   0.250000000
         10  -0.750000000   0.750000000  -0.250000000
         11   0.750000000   0.750000000   0.250000000
         12   0.750000000  -0.750000000  -0.250000000
 
     Number of q in the star =   12
     List of q in the star:
          1   0.500000000   0.000000000   0.500000000
          2  -0.500000000   0.000000000   0.500000000
          3  -0.500000000   0.000000000  -0.500000000
          4   0.500000000   0.000000000  -0.500000000
          5   0.000000000   0.500000000   0.500000000
          6   0.000000000   0.500000000  -0.500000000
          7   0.000000000  -0.500000000  -0.500000000
          8   0.000000000  -0.500000000   0.500000000
          9   0.500000000   0.500000000   0.000000000
         10   0.500000000  -0.500000000   0.000000000
         11  -0.500000000  -0.500000000   0.000000000
         12  -0.500000000   0.500000000   0.000000000
 
     Number of q in the star =    3
     List of q in the star:
          1   0.000000000  -1.000000000   0.000000000
          2  -1.000000000   0.000000000   0.000000000
          3   0.000000000   0.000000000  -1.000000000
 
     Number of q in the star =    6
     List of q in the star:
          1  -0.500000000  -1.000000000  -0.000000000
          2   0.500000000   1.000000000   0.000000000
          3  -1.000000000   0.000000000  -0.500000000
          4   1.000000000   0.000000000   0.500000000
          5   0.000000000  -0.500000000  -1.000000000
          6  -0.000000000   0.500000000   1.000000000
 
     Number of q in the star =    4
     List of q in the star:
          1  -0.250000000   0.250000000  -0.250000000
          2   0.250000000  -0.250000000  -0.250000000
          3   0.250000000   0.250000000   0.250000000
          4  -0.250000000  -0.250000000   0.250000000
     In addition there is the -q list: 
          1   0.250000000  -0.250000000   0.250000000
          2  -0.250000000   0.250000000   0.250000000
          3  -0.250000000  -0.250000000  -0.250000000
          4   0.250000000   0.250000000  -0.250000000
 
     Number of q in the star =    4
     List of q in the star:
          1   0.500000000  -0.500000000   0.500000000
          2  -0.500000000   0.500000000   0.500000000
          3  -0.500000000  -0.500000000  -0.500000000
          4   0.500000000   0.500000000  -0.500000000
 
     Number of q in the star =    6
     List of q in the star:
          1   0.000000000   0.500000000   0.000000000
          2   0.000000000  -0.500000000   0.000000000
          3   0.500000000   0.000000000   0.000000000
          4  -0.500000000   0.000000000   0.000000000
          5   0.000000000   0.000000000   0.500000000
          6   0.000000000   0.000000000  -0.500000000
 
     Number of q in the star =   12
     List of q in the star:
          1   0.750000000  -0.250000000   0.750000000
          2  -0.750000000   0.250000000   0.750000000
          3  -0.750000000  -0.250000000  -0.750000000
          4   0.750000000   0.250000000  -0.750000000
          5  -0.250000000   0.750000000   0.750000000
          6   0.250000000   0.750000000  -0.750000000
          7  -0.250000000  -0.750000000  -0.750000000
          8   0.250000000  -0.750000000   0.750000000
          9   0.750000000   0.750000000  -0.250000000
         10   0.750000000  -0.750000000   0.250000000
         11  -0.750000000  -0.750000000  -0.250000000
         12  -0.750000000   0.750000000   0.250000000
     In addition there is the -q list: 
          1  -0.750000000   0.250000000  -0.750000000
          2   0.750000000  -0.250000000  -0.750000000
          3   0.750000000   0.250000000   0.750000000
          4  -0.750000000  -0.250000000   0.750000000
          5   0.250000000  -0.750000000  -0.750000000
          6  -0.250000000  -0.750000000   0.750000000
          7   0.250000000   0.750000000   0.750000000
          8  -0.250000000   0.750000000  -0.750000000
          9  -0.750000000  -0.750000000   0.250000000
         10  -0.750000000   0.750000000  -0.250000000
         11   0.750000000   0.750000000   0.250000000
         12   0.750000000  -0.750000000  -0.250000000
 
     Number of q in the star =   12
     List of q in the star:
          1   0.500000000   0.000000000   0.500000000
          2  -0.500000000   0.000000000   0.500000000
          3  -0.500000000   0.000000000  -0.500000000
          4   0.500000000   0.000000000  -0.500000000
          5   0.000000000   0.500000000   0.500000000
          6   0.000000000   0.500000000  -0.500000000
          7   0.000000000  -0.500000000  -0.500000000
          8   0.000000000  -0.500000000   0.500000000
          9   0.500000000   0.500000000   0.000000000
         10   0.500000000  -0.500000000   0.000000000
         11  -0.500000000  -0.500000000   0.000000000
         12  -0.500000000   0.500000000   0.000000000
 
     Number of q in the star =    3
     List of q in the star:
          1   0.000000000  -1.000000000   0.000000000
          2  -1.000000000   0.000000000   0.000000000
          3   0.000000000   0.000000000  -1.000000000
 
     Number of q in the star =    6
     List of q in the star:
          1  -0.500000000  -1.000000000  -0.000000000
          2   0.500000000   1.000000000   0.000000000
          3  -1.000000000   0.000000000  -0.500000000
          4   1.000000000   0.000000000   0.500000000
          5   0.000000000  -0.500000000  -1.000000000
          6  -0.000000000   0.500000000   1.000000000
       
     --------------------------------------------------------------------------------------------
     (G)-Lanczos                                                         
     --------------------------------------------------------------------------------------------
     in progress... |#                   | 005% :           03m-04.2s (E)       01h-01m-25.8s (X)
     in progress... |##                  | 010% :           04m-47.1s (E)           47m-51.1s (X)
     in progress... |###                 | 015% :           06m-32.7s (E)           43m-38.5s (X)
     in progress... |####                | 020% :           08m-15.7s (E)           41m-18.8s (X)
     in progress... |#####               | 025% :           09m-58.9s (E)           39m-55.7s (X)
     in progress... |######              | 030% :           11m-42.7s (E)           39m-02.4s (X)
     in progress... |#######             | 035% :           13m-25.6s (E)           38m-21.9s (X)
     in progress... |########            | 040% :           15m-09.6s (E)           37m-54.1s (X)
     in progress... |#########           | 045% :           16m-54.8s (E)           37m-35.1s (X)
     in progress... |##########          | 050% :           18m-40.0s (E)           37m-20.0s (X)
     in progress... |###########         | 055% :           20m-24.6s (E)           37m-06.5s (X)
     in progress... |############        | 060% :           22m-09.6s (E)           36m-56.1s (X)
     in progress... |#############       | 065% :           23m-56.4s (E)           36m-49.9s (X)
     in progress... |##############      | 070% :           25m-38.5s (E)           36m-37.9s (X)
     in progress... |###############     | 075% :           27m-22.0s (E)           36m-29.4s (X)
     in progress... |################    | 080% :           29m-06.2s (E)           36m-22.8s (X)
     in progress... |#################   | 085% :           30m-49.2s (E)           36m-15.6s (X)
     in progress... |##################  | 090% :           32m-32.0s (E)           36m-08.9s (X)
     in progress... |################### | 095% :           34m-14.7s (E)           36m-02.8s (X)
     in progress... |####################| 100% :           35m-57.2s (E)           35m-57.2s (X)
     --------------------------------------------------------------------------------------------
       
     --------------------------------------------------------------------------------------------
     (Q)uasiparticle energies                                            
     --------------------------------------------------------------------------------------------
       
     --------------------------------------------------------------------------------------------
     Sigma_C                                                             
     --------------------------------------------------------------------------------------------
     Integrating along the IM axis...
     --------------------------------------------------------------------------------------------
     in progress... |#                   | 005% :               01.2s (E)               25.7s (X)
     in progress... |##                  | 010% :               02.4s (E)               24.9s (X)
     --------------------------------------------------------------------------------------------
     Residues along the RE axis...
     --------------------------------------------------------------------------------------------
     in progress... |#                   | 005% :             < 00.1s (E)             < 00.1s (X)
     in progress... |##                  | 010% :             < 00.1s (E)             < 00.1s (X)
     --------------------------------------------------------------------------------------------
       
     --------------------------------------------------------------------------------------------
     Sigma_C                                                             
     --------------------------------------------------------------------------------------------
     Integrating along the IM axis...
     --------------------------------------------------------------------------------------------
     in progress... |#                   | 005% :               00.9s (E)               18.5s (X)
     in progress... |##                  | 010% :               01.8s (E)               18.5s (X)
     --------------------------------------------------------------------------------------------
     Residues along the RE axis...
     --------------------------------------------------------------------------------------------
     in progress... |#                   | 005% :             < 00.1s (E)             < 00.1s (X)
     in progress... |##                  | 010% :             < 00.1s (E)             < 00.1s (X)
     --------------------------------------------------------------------------------------------

     --------------------------------------------------------------------------------------------
     Iter: 000000
     k(000001) = (   0.0000000   0.0000000   0.0000000) cryst. coord.
     band      QP en. [eV] conv
     000001     723.163230   no
     000002      11.860402   no
     000003      11.860402   no
     000004      11.860402   no
     000005      19.368923   no
     000006      19.368923   no
     000007      19.368923   no
     000008      26.288509   no
     ---------------------------------
     k(000002) = (   0.0000000   0.0000000   0.2500000) cryst. coord.
     band      QP en. [eV] conv
     000001      -7.999039   no
     000002       4.880209   no
     000003      10.062094   no
     000004      10.062094   no
     000005      21.644868   no
     000006      21.644867   no
     000007      21.514107   no
     000008      28.108019   no
     ---------------------------------
     k(000003) = (   0.0000000   0.0000000  -0.5000000) cryst. coord.
     band      QP en. [eV] conv
     000001      -4.505166   no
     000002      -2.144162   no
     000003       8.909531   no
     000004       8.909532   no
     000005      22.324039   no
     000006      22.324038   no
     000007      22.021091   no
     000008      29.076610   no
     ---------------------------------
     k(000006) = (   0.0000000   0.2500000   0.2500000) cryst. coord.
     band      QP en. [eV] conv
     000001      -3.362610   no
     000002       6.788577   no
     000003       7.595015   no
     000004       7.595015   no
     000005      17.912353   no
     000006      23.680758   no
     000007      25.480751   no
     000008      25.480751   no
     ---------------------------------
     k(000007) = (   0.0000000   0.2500000  -0.5000000) cryst. coord.
     band      QP en. [eV] conv
     000001      -3.973868   no
     000002       0.604008   no
     000003       4.730604   no
     000004       6.764606   no
     000005      19.552123   no
     000006      25.068011   no
     000007      26.731917   no
     000008      26.849446   no
     ---------------------------------
     k(000008) = (   0.0000000   0.2500000  -0.2500000) cryst. coord.
     band      QP en. [eV] conv
     000001      -6.083169   no
     000002       2.727329   no
     000003       3.966152   no
     000004       8.696102   no
     000005      21.499196   no
     000006      23.982718   no
     000007      26.294847   no
     000008      27.297070   no
     ---------------------------------
     k(000011) = (   0.0000000  -0.5000000  -0.5000000) cryst. coord.
     band      QP en. [eV] conv
     000001      -0.728190   no
     000002      -0.728191   no
     000003       5.272416   no
     000004       5.272416   no
     000005      18.108000   no
     000006      18.108000   no
     000007      30.789432   no
     000008      30.789432   no
     ---------------------------------
     k(000028) = (   0.2500000  -0.5000000  -0.2500000) cryst. coord.
     band      QP en. [eV] conv
     000001       7.256142   no
     000002       7.256147   no
     000003       3.205022   no
     000004       3.205022   no
     000005      24.298112   no
     000006      24.298112   no
     000007      25.742497   no
     000008      25.742496   no
     ---------------------------------
     --------------------------------------------------------------------------------------------
       
     --------------------------------------------------------------------------------------------
     Sigma_C                                                             
     --------------------------------------------------------------------------------------------
     Integrating along the IM axis...
     --------------------------------------------------------------------------------------------
     in progress... |#                   | 005% :               00.9s (E)               19.2s (X)
     in progress... |##                  | 010% :               01.8s (E)               18.7s (X)
     --------------------------------------------------------------------------------------------
     Residues along the RE axis...
     --------------------------------------------------------------------------------------------
     in progress... |#                   | 005% :             < 00.1s (E)             < 00.1s (X)
     in progress... |##                  | 010% :             < 00.1s (E)             < 00.1s (X)
     --------------------------------------------------------------------------------------------

     --------------------------------------------------------------------------------------------
     Iter: 000001
     k(000001) = (   0.0000000   0.0000000   0.0000000) cryst. coord.
     band      QP en. [eV] conv
     000001     -10.754036   no
     000002      11.865261  yes
     000003      11.865261  yes
     000004      11.865261  yes
     000005      19.365880  yes
     000006      19.365880  yes
     000007      19.365880  yes
     000008      26.289072  yes
     ---------------------------------
     k(000002) = (   0.0000000   0.0000000   0.2500000) cryst. coord.
     band      QP en. [eV] conv
     000001      -8.358880   no
     000002       4.850686  yes
     000003      10.067713  yes
     000004      10.067713  yes
     000005      21.639695  yes
     000006      21.639695  yes
     000007      21.512135  yes
     000008      27.991264   no
     ---------------------------------
     k(000003) = (   0.0000000   0.0000000  -0.5000000) cryst. coord.
     band      QP en. [eV] conv
     000001      -4.737243   no
     000002      -1.815408   no
     000003       8.920192  yes
     000004       8.920192  yes
     000005      22.317723  yes
     000006      22.317723  yes
     000007      22.019591  yes
     000008      29.310898   no
     ---------------------------------
     k(000006) = (   0.0000000   0.2500000   0.2500000) cryst. coord.
     band      QP en. [eV] conv
     000001      -7.481822   no
     000002       6.845206   no
     000003       7.608570  yes
     000004       7.608570  yes
     000005      17.911437  yes
     000006      23.680221  yes
     000007      25.473093  yes
     000008      25.473093  yes
     ---------------------------------
     k(000007) = (   0.0000000   0.2500000  -0.5000000) cryst. coord.
     band      QP en. [eV] conv
     000001      -4.023247  yes
     000002       0.626489  yes
     000003       4.751314  yes
     000004       6.778491  yes
     000005      19.551196  yes
     000006      25.060142  yes
     000007      26.700371  yes
     000008      26.858013  yes
     ---------------------------------
     k(000008) = (   0.0000000   0.2500000  -0.2500000) cryst. coord.
     band      QP en. [eV] conv
     000001      -5.837571   no
     000002       2.645606   no
     000003       3.923761  yes
     000004       8.706554  yes
     000005      21.499333  yes
     000006      23.976042  yes
     000007      25.962618   no
     000008      27.433722   no
     ---------------------------------
     k(000011) = (   0.0000000  -0.5000000  -0.5000000) cryst. coord.
     band      QP en. [eV] conv
     000001      -1.220582   no
     000002      -1.220582   no
     000003       5.298435  yes
     000004       5.298435  yes
     000005      18.107654  yes
     000006      18.107654  yes
     000007      30.629503   no
     000008      30.629504   no
     ---------------------------------
     k(000028) = (   0.2500000  -0.5000000  -0.2500000) cryst. coord.
     band      QP en. [eV] conv
     000001      -0.805366   no
     000002      -0.805366   no
     000003       3.285420   no
     000004       3.285420   no
     000005      24.293836  yes
     000006      24.293836  yes
     000007      26.040246   no
     000008      26.040246   no
     ---------------------------------
     --------------------------------------------------------------------------------------------
       
     --------------------------------------------------------------------------------------------
     Sigma_C                                                             
     --------------------------------------------------------------------------------------------
     Integrating along the IM axis...
     --------------------------------------------------------------------------------------------
     in progress... |#                   | 005% :               00.9s (E)               18.5s (X)
     in progress... |##                  | 010% :               01.8s (E)               18.5s (X)
     --------------------------------------------------------------------------------------------
     Residues along the RE axis...
     --------------------------------------------------------------------------------------------
     in progress... |#                   | 005% :             < 00.1s (E)             < 00.1s (X)
     in progress... |##                  | 010% :             < 00.1s (E)             < 00.1s (X)
     --------------------------------------------------------------------------------------------

     --------------------------------------------------------------------------------------------
     Iter: 000002
     k(000001) = (   0.0000000   0.0000000   0.0000000) cryst. coord.
     band      QP en. [eV] conv
     000001      -9.690616   no
     000002      11.865261  yes
     000003      11.865261  yes
     000004      11.865261  yes
     000005      19.365880  yes
     000006      19.365880  yes
     000007      19.365880  yes
     000008      26.289072  yes
     ---------------------------------
     k(000002) = (   0.0000000   0.0000000   0.2500000) cryst. coord.
     band      QP en. [eV] conv
     000001      -8.277441   no
     000002       4.850686  yes
     000003      10.067713  yes
     000004      10.067713  yes
     000005      21.639695  yes
     000006      21.639695  yes
     000007      21.512135  yes
     000008      28.008521  yes
     ---------------------------------
     k(000003) = (   0.0000000   0.0000000  -0.5000000) cryst. coord.
     band      QP en. [eV] conv
     000001      -4.616469   no
     000002      -1.653481   no
     000003       8.920192  yes
     000004       8.920192  yes
     000005      22.317723  yes
     000006      22.317723  yes
     000007      22.019591  yes
     000008      29.306939  yes
     ---------------------------------
     k(000006) = (   0.0000000   0.2500000   0.2500000) cryst. coord.
     band      QP en. [eV] conv
     000001      -7.583582   no
     000002       6.845059  yes
     000003       7.608570  yes
     000004       7.608570  yes
     000005      17.911437  yes
     000006      23.680221  yes
     000007      25.473093  yes
     000008      25.473093  yes
     ---------------------------------
     k(000007) = (   0.0000000   0.2500000  -0.5000000) cryst. coord.
     band      QP en. [eV] conv
     000001      -4.023247  yes
     000002       0.626489  yes
     000003       4.751314  yes
     000004       6.778491  yes
     000005      19.551196  yes
     000006      25.060142  yes
     000007      26.700371  yes
     000008      26.858013  yes
     ---------------------------------
     k(000008) = (   0.0000000   0.2500000  -0.2500000) cryst. coord.
     band      QP en. [eV] conv
     000001      -6.350602   no
     000002       2.660197  yes
     000003       3.923761  yes
     000004       8.706554  yes
     000005      21.499333  yes
     000006      23.976042  yes
     000007      25.989631  yes
     000008      27.402747  yes
     ---------------------------------
     k(000011) = (   0.0000000  -0.5000000  -0.5000000) cryst. coord.
     band      QP en. [eV] conv
     000001      -1.458984   no
     000002      -1.458985   no
     000003       5.298435  yes
     000004       5.298435  yes
     000005      18.107654  yes
     000006      18.107654  yes
     000007      30.516930   no
     000008      30.516931   no
     ---------------------------------
     k(000028) = (   0.2500000  -0.5000000  -0.2500000) cryst. coord.
     band      QP en. [eV] conv
     000001      -0.754573   no
     000002      -0.754574   no
     000003       3.281870  yes
     000004       3.281870  yes
     000005      24.293836  yes
     000006      24.293836  yes
     000007      26.000793  yes
     000008      26.000793  yes
     ---------------------------------
     --------------------------------------------------------------------------------------------
       
     --------------------------------------------------------------------------------------------
     Sigma_C                                                             
     --------------------------------------------------------------------------------------------
     Integrating along the IM axis...
     --------------------------------------------------------------------------------------------
     in progress... |#                   | 005% :               00.9s (E)               18.8s (X)
     in progress... |##                  | 010% :               01.8s (E)               18.7s (X)
     --------------------------------------------------------------------------------------------
     Residues along the RE axis...
     --------------------------------------------------------------------------------------------
     in progress... |#                   | 005% :             < 00.1s (E)             < 00.1s (X)
     in progress... |##                  | 010% :             < 00.1s (E)             < 00.1s (X)
     --------------------------------------------------------------------------------------------

     --------------------------------------------------------------------------------------------
     Iter: 000003
     k(000001) = (   0.0000000   0.0000000   0.0000000) cryst. coord.
     band      QP en. [eV] conv
     000001     -10.005922   no
     000002      11.865261  yes
     000003      11.865261  yes
     000004      11.865261  yes
     000005      19.365880  yes
     000006      19.365880  yes
     000007      19.365880  yes
     000008      26.289072  yes
     ---------------------------------
     k(000002) = (   0.0000000   0.0000000   0.2500000) cryst. coord.
     band      QP en. [eV] conv
     000001      -8.036314   no
     000002       4.850686  yes
     000003      10.067713  yes
     000004      10.067713  yes
     000005      21.639695  yes
     000006      21.639695  yes
     000007      21.512135  yes
     000008      28.008521  yes
     ---------------------------------
     k(000003) = (   0.0000000   0.0000000  -0.5000000) cryst. coord.
     band      QP en. [eV] conv
     000001      -4.658221  yes
     000002      -1.761544   no
     000003       8.920192  yes
     000004       8.920192  yes
     000005      22.317723  yes
     000006      22.317723  yes
     000007      22.019591  yes
     000008      29.306939  yes
     ---------------------------------
     k(000006) = (   0.0000000   0.2500000   0.2500000) cryst. coord.
     band      QP en. [eV] conv
     000001      -7.318307   no
     000002       6.845059  yes
     000003       7.608570  yes
     000004       7.608570  yes
     000005      17.911437  yes
     000006      23.680221  yes
     000007      25.473093  yes
     000008      25.473093  yes
     ---------------------------------
     k(000007) = (   0.0000000   0.2500000  -0.5000000) cryst. coord.
     band      QP en. [eV] conv
     000001      -4.023247  yes
     000002       0.626489  yes
     000003       4.751314  yes
     000004       6.778491  yes
     000005      19.551196  yes
     000006      25.060142  yes
     000007      26.700371  yes
     000008      26.858013  yes
     ---------------------------------
     k(000008) = (   0.0000000   0.2500000  -0.2500000) cryst. coord.
     band      QP en. [eV] conv
     000001      -5.012747   no
     000002       2.660197  yes
     000003       3.923761  yes
     000004       8.706554  yes
     000005      21.499333  yes
     000006      23.976042  yes
     000007      25.989631  yes
     000008      27.402747  yes
     ---------------------------------
     k(000011) = (   0.0000000  -0.5000000  -0.5000000) cryst. coord.
     band      QP en. [eV] conv
     000001      -3.408911   no
     000002      -3.408909   no
     000003       5.298435  yes
     000004       5.298435  yes
     000005      18.107654  yes
     000006      18.107654  yes
     000007      30.569241   no
     000008      30.569241   no
     ---------------------------------
     k(000028) = (   0.2500000  -0.5000000  -0.2500000) cryst. coord.
     band      QP en. [eV] conv
     000001       6.545872   no
     000002       6.546562   no
     000003       3.281870  yes
     000004       3.281870  yes
     000005      24.293836  yes
     000006      24.293836  yes
     000007      26.000793  yes
     000008      26.000793  yes
     ---------------------------------
     --------------------------------------------------------------------------------------------
       
     --------------------------------------------------------------------------------------------
     Sigma_C                                                             
     --------------------------------------------------------------------------------------------
     Integrating along the IM axis...
     --------------------------------------------------------------------------------------------
     in progress... |#                   | 005% :               00.9s (E)               19.0s (X)
     in progress... |##                  | 010% :               01.8s (E)               18.9s (X)
     --------------------------------------------------------------------------------------------
     Residues along the RE axis...
     --------------------------------------------------------------------------------------------
     in progress... |#                   | 005% :             < 00.1s (E)             < 00.1s (X)
     in progress... |##                  | 010% :             < 00.1s (E)             < 00.1s (X)
     --------------------------------------------------------------------------------------------

     --------------------------------------------------------------------------------------------
     Iter: 000004
     k(000001) = (   0.0000000   0.0000000   0.0000000) cryst. coord.
     band      QP en. [eV] conv
     000001     -10.309841   no
     000002      11.865261  yes
     000003      11.865261  yes
     000004      11.865261  yes
     000005      19.365880  yes
     000006      19.365880  yes
     000007      19.365880  yes
     000008      26.289072  yes
     ---------------------------------
     k(000002) = (   0.0000000   0.0000000   0.2500000) cryst. coord.
     band      QP en. [eV] conv
     000001      -8.228819   no
     000002       4.850686  yes
     000003      10.067713  yes
     000004      10.067713  yes
     000005      21.639695  yes
     000006      21.639695  yes
     000007      21.512135  yes
     000008      28.008521  yes
     ---------------------------------
     k(000003) = (   0.0000000   0.0000000  -0.5000000) cryst. coord.
     band      QP en. [eV] conv
     000001      -4.658221  yes
     000002      -1.770339  yes
     000003       8.920192  yes
     000004       8.920192  yes
     000005      22.317723  yes
     000006      22.317723  yes
     000007      22.019591  yes
     000008      29.306939  yes
     ---------------------------------
     k(000006) = (   0.0000000   0.2500000   0.2500000) cryst. coord.
     band      QP en. [eV] conv
     000001      -7.756960   no
     000002       6.845059  yes
     000003       7.608570  yes
     000004       7.608570  yes
     000005      17.911437  yes
     000006      23.680221  yes
     000007      25.473093  yes
     000008      25.473093  yes
     ---------------------------------
     k(000007) = (   0.0000000   0.2500000  -0.5000000) cryst. coord.
     band      QP en. [eV] conv
     000001      -4.023247  yes
     000002       0.626489  yes
     000003       4.751314  yes
     000004       6.778491  yes
     000005      19.551196  yes
     000006      25.060142  yes
     000007      26.700371  yes
     000008      26.858013  yes
     ---------------------------------
     k(000008) = (   0.0000000   0.2500000  -0.2500000) cryst. coord.
     band      QP en. [eV] conv
     000001      -5.725787   no
     000002       2.660197  yes
     000003       3.923761  yes
     000004       8.706554  yes
     000005      21.499333  yes
     000006      23.976042  yes
     000007      25.989631  yes
     000008      27.402747  yes
     ---------------------------------
     k(000011) = (   0.0000000  -0.5000000  -0.5000000) cryst. coord.
     band      QP en. [eV] conv
     000001      -1.603862   no
     000002      -1.603862   no
     000003       5.298435  yes
     000004       5.298435  yes
     000005      18.107654  yes
     000006      18.107654  yes
     000007      30.571368  yes
     000008      30.571368  yes
     ---------------------------------
     k(000028) = (   0.2500000  -0.5000000  -0.2500000) cryst. coord.
     band      QP en. [eV] conv
     000001      -0.704685   no
     000002      -0.704685   no
     000003       3.281870  yes
     000004       3.281870  yes
     000005      24.293836  yes
     000006      24.293836  yes
     000007      26.000793  yes
     000008      26.000793  yes
     ---------------------------------
     --------------------------------------------------------------------------------------------
       
     --------------------------------------------------------------------------------------------
     Sigma_C                                                             
     --------------------------------------------------------------------------------------------
     Integrating along the IM axis...
     --------------------------------------------------------------------------------------------
     in progress... |#                   | 005% :               00.9s (E)               18.7s (X)
     in progress... |##                  | 010% :               01.8s (E)               18.6s (X)
     --------------------------------------------------------------------------------------------
     Residues along the RE axis...
     --------------------------------------------------------------------------------------------
     in progress... |#                   | 005% :             < 00.1s (E)             < 00.1s (X)
     in progress... |##                  | 010% :             < 00.1s (E)             < 00.1s (X)
     --------------------------------------------------------------------------------------------

     --------------------------------------------------------------------------------------------
     Iter: 000005
     k(000001) = (   0.0000000   0.0000000   0.0000000) cryst. coord.
     band      QP en. [eV] conv
     000001     -11.273444   no
     000002      11.865261  yes
     000003      11.865261  yes
     000004      11.865261  yes
     000005      19.365880  yes
     000006      19.365880  yes
     000007      19.365880  yes
     000008      26.289072  yes
     ---------------------------------
     k(000002) = (   0.0000000   0.0000000   0.2500000) cryst. coord.
     band      QP en. [eV] conv
     000001      -8.204457  yes
     000002       4.850686  yes
     000003      10.067713  yes
     000004      10.067713  yes
     000005      21.639695  yes
     000006      21.639695  yes
     000007      21.512135  yes
     000008      28.008521  yes
     ---------------------------------
     k(000003) = (   0.0000000   0.0000000  -0.5000000) cryst. coord.
     band      QP en. [eV] conv
     000001      -4.658221  yes
     000002      -1.770339  yes
     000003       8.920192  yes
     000004       8.920192  yes
     000005      22.317723  yes
     000006      22.317723  yes
     000007      22.019591  yes
     000008      29.306939  yes
     ---------------------------------
     k(000006) = (   0.0000000   0.2500000   0.2500000) cryst. coord.
     band      QP en. [eV] conv
     000001      -7.698364   no
     000002       6.845059  yes
     000003       7.608570  yes
     000004       7.608570  yes
     000005      17.911437  yes
     000006      23.680221  yes
     000007      25.473093  yes
     000008      25.473093  yes
     ---------------------------------
     k(000007) = (   0.0000000   0.2500000  -0.5000000) cryst. coord.
     band      QP en. [eV] conv
     000001      -4.023247  yes
     000002       0.626489  yes
     000003       4.751314  yes
     000004       6.778491  yes
     000005      19.551196  yes
     000006      25.060142  yes
     000007      26.700371  yes
     000008      26.858013  yes
     ---------------------------------
     k(000008) = (   0.0000000   0.2500000  -0.2500000) cryst. coord.
     band      QP en. [eV] conv
     000001      -5.610690   no
     000002       2.660197  yes
     000003       3.923761  yes
     000004       8.706554  yes
     000005      21.499333  yes
     000006      23.976042  yes
     000007      25.989631  yes
     000008      27.402747  yes
     ---------------------------------
     k(000011) = (   0.0000000  -0.5000000  -0.5000000) cryst. coord.
     band      QP en. [eV] conv
     000001      -1.367163   no
     000002      -1.367163   no
     000003       5.298435  yes
     000004       5.298435  yes
     000005      18.107654  yes
     000006      18.107654  yes
     000007      30.571368  yes
     000008      30.571368  yes
     ---------------------------------
     k(000028) = (   0.2500000  -0.5000000  -0.2500000) cryst. coord.
     band      QP en. [eV] conv
     000001      -0.672210  yes
     000002      -0.672210  yes
     000003       3.281870  yes
     000004       3.281870  yes
     000005      24.293836  yes
     000006      24.293836  yes
     000007      26.000793  yes
     000008      26.000793  yes
     ---------------------------------
     --------------------------------------------------------------------------------------------
       
     --------------------------------------------------------------------------------------------
     Sigma_C                                                             
     --------------------------------------------------------------------------------------------
     Integrating along the IM axis...
     --------------------------------------------------------------------------------------------
     in progress... |#                   | 005% :               00.9s (E)               18.9s (X)
     in progress... |##                  | 010% :               01.9s (E)               19.1s (X)
     --------------------------------------------------------------------------------------------
     Residues along the RE axis...
     --------------------------------------------------------------------------------------------
     in progress... |#                   | 005% :             < 00.1s (E)             < 00.1s (X)
     in progress... |##                  | 010% :             < 00.1s (E)             < 00.1s (X)
     --------------------------------------------------------------------------------------------

     --------------------------------------------------------------------------------------------
     Iter: 000006
     k(000001) = (   0.0000000   0.0000000   0.0000000) cryst. coord.
     band      QP en. [eV] conv
     000001     -10.405704   no
     000002      11.865261  yes
     000003      11.865261  yes
     000004      11.865261  yes
     000005      19.365880  yes
     000006      19.365880  yes
     000007      19.365880  yes
     000008      26.289072  yes
     ---------------------------------
     k(000002) = (   0.0000000   0.0000000   0.2500000) cryst. coord.
     band      QP en. [eV] conv
     000001      -8.204457  yes
     000002       4.850686  yes
     000003      10.067713  yes
     000004      10.067713  yes
     000005      21.639695  yes
     000006      21.639695  yes
     000007      21.512135  yes
     000008      28.008521  yes
     ---------------------------------
     k(000003) = (   0.0000000   0.0000000  -0.5000000) cryst. coord.
     band      QP en. [eV] conv
     000001      -4.658221  yes
     000002      -1.770339  yes
     000003       8.920192  yes
     000004       8.920192  yes
     000005      22.317723  yes
     000006      22.317723  yes
     000007      22.019591  yes
     000008      29.306939  yes
     ---------------------------------
     k(000006) = (   0.0000000   0.2500000   0.2500000) cryst. coord.
     band      QP en. [eV] conv
     000001      -8.165487   no
     000002       6.845059  yes
     000003       7.608570  yes
     000004       7.608570  yes
     000005      17.911437  yes
     000006      23.680221  yes
     000007      25.473093  yes
     000008      25.473093  yes
     ---------------------------------
     k(000007) = (   0.0000000   0.2500000  -0.5000000) cryst. coord.
     band      QP en. [eV] conv
     000001      -4.023247  yes
     000002       0.626489  yes
     000003       4.751314  yes
     000004       6.778491  yes
     000005      19.551196  yes
     000006      25.060142  yes
     000007      26.700371  yes
     000008      26.858013  yes
     ---------------------------------
     k(000008) = (   0.0000000   0.2500000  -0.2500000) cryst. coord.
     band      QP en. [eV] conv
     000001      -5.429724   no
     000002       2.660197  yes
     000003       3.923761  yes
     000004       8.706554  yes
     000005      21.499333  yes
     000006      23.976042  yes
     000007      25.989631  yes
     000008      27.402747  yes
     ---------------------------------
     k(000011) = (   0.0000000  -0.5000000  -0.5000000) cryst. coord.
     band      QP en. [eV] conv
     000001      -1.402793  yes
     000002      -1.402794  yes
     000003       5.298435  yes
     000004       5.298435  yes
     000005      18.107654  yes
     000006      18.107654  yes
     000007      30.571368  yes
     000008      30.571368  yes
     ---------------------------------
     k(000028) = (   0.2500000  -0.5000000  -0.2500000) cryst. coord.
     band      QP en. [eV] conv
     000001      -0.672210  yes
     000002      -0.672210  yes
     000003       3.281870  yes
     000004       3.281870  yes
     000005      24.293836  yes
     000006      24.293836  yes
     000007      26.000793  yes
     000008      26.000793  yes
     ---------------------------------
     --------------------------------------------------------------------------------------------
       
     --------------------------------------------------------------------------------------------
     Sigma_C                                                             
     --------------------------------------------------------------------------------------------
     Integrating along the IM axis...
     --------------------------------------------------------------------------------------------
     in progress... |#                   | 005% :               00.9s (E)               18.7s (X)
     in progress... |##                  | 010% :               01.8s (E)               18.8s (X)
     --------------------------------------------------------------------------------------------
     Residues along the RE axis...
     --------------------------------------------------------------------------------------------
     in progress... |#                   | 005% :             < 00.1s (E)             < 00.1s (X)
     in progress... |##                  | 010% :             < 00.1s (E)             < 00.1s (X)
     --------------------------------------------------------------------------------------------

     --------------------------------------------------------------------------------------------
     Iter: 000007
     k(000001) = (   0.0000000   0.0000000   0.0000000) cryst. coord.
     band      QP en. [eV] conv
     000001     -10.597005   no
     000002      11.865261  yes
     000003      11.865261  yes
     000004      11.865261  yes
     000005      19.365880  yes
     000006      19.365880  yes
     000007      19.365880  yes
     000008      26.289072  yes
     ---------------------------------
     k(000002) = (   0.0000000   0.0000000   0.2500000) cryst. coord.
     band      QP en. [eV] conv
     000001      -8.204457  yes
     000002       4.850686  yes
     000003      10.067713  yes
     000004      10.067713  yes
     000005      21.639695  yes
     000006      21.639695  yes
     000007      21.512135  yes
     000008      28.008521  yes
     ---------------------------------
     k(000003) = (   0.0000000   0.0000000  -0.5000000) cryst. coord.
     band      QP en. [eV] conv
     000001      -4.658221  yes
     000002      -1.770339  yes
     000003       8.920192  yes
     000004       8.920192  yes
     000005      22.317723  yes
     000006      22.317723  yes
     000007      22.019591  yes
     000008      29.306939  yes
     ---------------------------------
     k(000006) = (   0.0000000   0.2500000   0.2500000) cryst. coord.
     band      QP en. [eV] conv
     000001      -7.591290   no
     000002       6.845059  yes
     000003       7.608570  yes
     000004       7.608570  yes
     000005      17.911437  yes
     000006      23.680221  yes
     000007      25.473093  yes
     000008      25.473093  yes
     ---------------------------------
     k(000007) = (   0.0000000   0.2500000  -0.5000000) cryst. coord.
     band      QP en. [eV] conv
     000001      -4.023247  yes
     000002       0.626489  yes
     000003       4.751314  yes
     000004       6.778491  yes
     000005      19.551196  yes
     000006      25.060142  yes
     000007      26.700371  yes
     000008      26.858013  yes
     ---------------------------------
     k(000008) = (   0.0000000   0.2500000  -0.2500000) cryst. coord.
     band      QP en. [eV] conv
     000001      -5.557504   no
     000002       2.660197  yes
     000003       3.923761  yes
     000004       8.706554  yes
     000005      21.499333  yes
     000006      23.976042  yes
     000007      25.989631  yes
     000008      27.402747  yes
     ---------------------------------
     k(000011) = (   0.0000000  -0.5000000  -0.5000000) cryst. coord.
     band      QP en. [eV] conv
     000001      -1.402793  yes
     000002      -1.402794  yes
     000003       5.298435  yes
     000004       5.298435  yes
     000005      18.107654  yes
     000006      18.107654  yes
     000007      30.571368  yes
     000008      30.571368  yes
     ---------------------------------
     k(000028) = (   0.2500000  -0.5000000  -0.2500000) cryst. coord.
     band      QP en. [eV] conv
     000001      -0.672210  yes
     000002      -0.672210  yes
     000003       3.281870  yes
     000004       3.281870  yes
     000005      24.293836  yes
     000006      24.293836  yes
     000007      26.000793  yes
     000008      26.000793  yes
     ---------------------------------
     --------------------------------------------------------------------------------------------
       
     --------------------------------------------------------------------------------------------
     Sigma_C                                                             
     --------------------------------------------------------------------------------------------
     Integrating along the IM axis...
     --------------------------------------------------------------------------------------------
     in progress... |#                   | 005% :               00.9s (E)               19.1s (X)
     in progress... |##                  | 010% :               01.9s (E)               19.0s (X)
     --------------------------------------------------------------------------------------------
     Residues along the RE axis...
     --------------------------------------------------------------------------------------------
     in progress... |#                   | 005% :             < 00.1s (E)             < 00.1s (X)
     in progress... |##                  | 010% :             < 00.1s (E)             < 00.1s (X)
     --------------------------------------------------------------------------------------------

     --------------------------------------------------------------------------------------------
     Iter: 000008
     k(000001) = (   0.0000000   0.0000000   0.0000000) cryst. coord.
     band      QP en. [eV] conv
     000001     -10.463674   no
     000002      11.865261  yes
     000003      11.865261  yes
     000004      11.865261  yes
     000005      19.365880  yes
     000006      19.365880  yes
     000007      19.365880  yes
     000008      26.289072  yes
     ---------------------------------
     k(000002) = (   0.0000000   0.0000000   0.2500000) cryst. coord.
     band      QP en. [eV] conv
     000001      -8.204457  yes
     000002       4.850686  yes
     000003      10.067713  yes
     000004      10.067713  yes
     000005      21.639695  yes
     000006      21.639695  yes
     000007      21.512135  yes
     000008      28.008521  yes
     ---------------------------------
     k(000003) = (   0.0000000   0.0000000  -0.5000000) cryst. coord.
     band      QP en. [eV] conv
     000001      -4.658221  yes
     000002      -1.770339  yes
     000003       8.920192  yes
     000004       8.920192  yes
     000005      22.317723  yes
     000006      22.317723  yes
     000007      22.019591  yes
     000008      29.306939  yes
     ---------------------------------
     k(000006) = (   0.0000000   0.2500000   0.2500000) cryst. coord.
     band      QP en. [eV] conv
     000001      -7.730307   no
     000002       6.845059  yes
     000003       7.608570  yes
     000004       7.608570  yes
     000005      17.911437  yes
     000006      23.680221  yes
     000007      25.473093  yes
     000008      25.473093  yes
     ---------------------------------
     k(000007) = (   0.0000000   0.2500000  -0.5000000) cryst. coord.
     band      QP en. [eV] conv
     000001      -4.023247  yes
     000002       0.626489  yes
     000003       4.751314  yes
     000004       6.778491  yes
     000005      19.551196  yes
     000006      25.060142  yes
     000007      26.700371  yes
     000008      26.858013  yes
     ---------------------------------
     k(000008) = (   0.0000000   0.2500000  -0.2500000) cryst. coord.
     band      QP en. [eV] conv
     000001      -5.660124   no
     000002       2.660197  yes
     000003       3.923761  yes
     000004       8.706554  yes
     000005      21.499333  yes
     000006      23.976042  yes
     000007      25.989631  yes
     000008      27.402747  yes
     ---------------------------------
     k(000011) = (   0.0000000  -0.5000000  -0.5000000) cryst. coord.
     band      QP en. [eV] conv
     000001      -1.402793  yes
     000002      -1.402794  yes
     000003       5.298435  yes
     000004       5.298435  yes
     000005      18.107654  yes
     000006      18.107654  yes
     000007      30.571368  yes
     000008      30.571368  yes
     ---------------------------------
     k(000028) = (   0.2500000  -0.5000000  -0.2500000) cryst. coord.
     band      QP en. [eV] conv
     000001      -0.672210  yes
     000002      -0.672210  yes
     000003       3.281870  yes
     000004       3.281870  yes
     000005      24.293836  yes
     000006      24.293836  yes
     000007      26.000793  yes
     000008      26.000793  yes
     ---------------------------------
     --------------------------------------------------------------------------------------------
       
     --------------------------------------------------------------------------------------------
     Sigma_C                                                             
     --------------------------------------------------------------------------------------------
     Integrating along the IM axis...
     --------------------------------------------------------------------------------------------
     in progress... |#                   | 005% :               00.9s (E)               19.0s (X)
     in progress... |##                  | 010% :               01.9s (E)               19.0s (X)
     --------------------------------------------------------------------------------------------
     Residues along the RE axis...
     --------------------------------------------------------------------------------------------
     in progress... |#                   | 005% :             < 00.1s (E)             < 00.1s (X)
     in progress... |##                  | 010% :             < 00.1s (E)             < 00.1s (X)
     --------------------------------------------------------------------------------------------

     --------------------------------------------------------------------------------------------
     Iter: 000009
     k(000001) = (   0.0000000   0.0000000   0.0000000) cryst. coord.
     band      QP en. [eV] conv
     000001     -10.484092  yes
     000002      11.865261  yes
     000003      11.865261  yes
     000004      11.865261  yes
     000005      19.365880  yes
     000006      19.365880  yes
     000007      19.365880  yes
     000008      26.289072  yes
     ---------------------------------
     k(000002) = (   0.0000000   0.0000000   0.2500000) cryst. coord.
     band      QP en. [eV] conv
     000001      -8.204457  yes
     000002       4.850686  yes
     000003      10.067713  yes
     000004      10.067713  yes
     000005      21.639695  yes
     000006      21.639695  yes
     000007      21.512135  yes
     000008      28.008521  yes
     ---------------------------------
     k(000003) = (   0.0000000   0.0000000  -0.5000000) cryst. coord.
     band      QP en. [eV] conv
     000001      -4.658221  yes
     000002      -1.770339  yes
     000003       8.920192  yes
     000004       8.920192  yes
     000005      22.317723  yes
     000006      22.317723  yes
     000007      22.019591  yes
     000008      29.306939  yes
     ---------------------------------
     k(000006) = (   0.0000000   0.2500000   0.2500000) cryst. coord.
     band      QP en. [eV] conv
     000001      -7.663993   no
     000002       6.845059  yes
     000003       7.608570  yes
     000004       7.608570  yes
     000005      17.911437  yes
     000006      23.680221  yes
     000007      25.473093  yes
     000008      25.473093  yes
     ---------------------------------
     k(000007) = (   0.0000000   0.2500000  -0.5000000) cryst. coord.
     band      QP en. [eV] conv
     000001      -4.023247  yes
     000002       0.626489  yes
     000003       4.751314  yes
     000004       6.778491  yes
     000005      19.551196  yes
     000006      25.060142  yes
     000007      26.700371  yes
     000008      26.858013  yes
     ---------------------------------
     k(000008) = (   0.0000000   0.2500000  -0.2500000) cryst. coord.
     band      QP en. [eV] conv
     000001      -5.590876   no
     000002       2.660197  yes
     000003       3.923761  yes
     000004       8.706554  yes
     000005      21.499333  yes
     000006      23.976042  yes
     000007      25.989631  yes
     000008      27.402747  yes
     ---------------------------------
     k(000011) = (   0.0000000  -0.5000000  -0.5000000) cryst. coord.
     band      QP en. [eV] conv
     000001      -1.402793  yes
     000002      -1.402794  yes
     000003       5.298435  yes
     000004       5.298435  yes
     000005      18.107654  yes
     000006      18.107654  yes
     000007      30.571368  yes
     000008      30.571368  yes
     ---------------------------------
     k(000028) = (   0.2500000  -0.5000000  -0.2500000) cryst. coord.
     band      QP en. [eV] conv
     000001      -0.672210  yes
     000002      -0.672210  yes
     000003       3.281870  yes
     000004       3.281870  yes
     000005      24.293836  yes
     000006      24.293836  yes
     000007      26.000793  yes
     000008      26.000793  yes
     ---------------------------------
     --------------------------------------------------------------------------------------------
       
     --------------------------------------------------------------------------------------------
     Sigma_C                                                             
     --------------------------------------------------------------------------------------------
     Integrating along the IM axis...
     --------------------------------------------------------------------------------------------
     in progress... |#                   | 005% :               00.9s (E)               18.8s (X)
     in progress... |##                  | 010% :               01.8s (E)               18.7s (X)
     --------------------------------------------------------------------------------------------
     Residues along the RE axis...
     --------------------------------------------------------------------------------------------
     in progress... |#                   | 005% :             < 00.1s (E)             < 00.1s (X)
     in progress... |##                  | 010% :             < 00.1s (E)             < 00.1s (X)
     --------------------------------------------------------------------------------------------
       
     --------------------------------------------------------------------------------------------
     CONVERGENCE ACHIEVED !!!                                            
     --------------------------------------------------------------------------------------------

     --------------------------------------------------------------------------------------------
     k(000001) = (   0.0000000   0.0000000   0.0000000) cryst. coord.
     band      QP en. [eV] conv
     000001     -10.484092  yes
     000002      11.865261  yes
     000003      11.865261  yes
     000004      11.865261  yes
     000005      19.365880  yes
     000006      19.365880  yes
     000007      19.365880  yes
     000008      26.289072  yes
     ---------------------------------
     k(000002) = (   0.0000000   0.0000000   0.2500000) cryst. coord.
     band      QP en. [eV] conv
     000001      -8.204457  yes
     000002       4.850686  yes
     000003      10.067713  yes
     000004      10.067713  yes
     000005      21.639695  yes
     000006      21.639695  yes
     000007      21.512135  yes
     000008      28.008521  yes
     ---------------------------------
     k(000003) = (   0.0000000   0.0000000  -0.5000000) cryst. coord.
     band      QP en. [eV] conv
     000001      -4.658221  yes
     000002      -1.770339  yes
     000003       8.920192  yes
     000004       8.920192  yes
     000005      22.317723  yes
     000006      22.317723  yes
     000007      22.019591  yes
     000008      29.306939  yes
     ---------------------------------
     k(000006) = (   0.0000000   0.2500000   0.2500000) cryst. coord.
     band      QP en. [eV] conv
     000001      -7.626944  yes
     000002       6.845059  yes
     000003       7.608570  yes
     000004       7.608570  yes
     000005      17.911437  yes
     000006      23.680221  yes
     000007      25.473093  yes
     000008      25.473093  yes
     ---------------------------------
     k(000007) = (   0.0000000   0.2500000  -0.5000000) cryst. coord.
     band      QP en. [eV] conv
     000001      -4.023247  yes
     000002       0.626489  yes
     000003       4.751314  yes
     000004       6.778491  yes
     000005      19.551196  yes
     000006      25.060142  yes
     000007      26.700371  yes
     000008      26.858013  yes
     ---------------------------------
     k(000008) = (   0.0000000   0.2500000  -0.2500000) cryst. coord.
     band      QP en. [eV] conv
     000001      -5.564056  yes
     000002       2.660197  yes
     000003       3.923761  yes
     000004       8.706554  yes
     000005      21.499333  yes
     000006      23.976042  yes
     000007      25.989631  yes
     000008      27.402747  yes
     ---------------------------------
     k(000011) = (   0.0000000  -0.5000000  -0.5000000) cryst. coord.
     band      QP en. [eV] conv
     000001      -1.402793  yes
     000002      -1.402794  yes
     000003       5.298435  yes
     000004       5.298435  yes
     000005      18.107654  yes
     000006      18.107654  yes
     000007      30.571368  yes
     000008      30.571368  yes
     ---------------------------------
     k(000028) = (   0.2500000  -0.5000000  -0.2500000) cryst. coord.
     band      QP en. [eV] conv
     000001      -0.672210  yes
     000002      -0.672210  yes
     000003       3.281870  yes
     000004       3.281870  yes
     000005      24.293836  yes
     000006      24.293836  yes
     000007      26.000793  yes
     000008      26.000793  yes
     ---------------------------------
     --------------------------------------------------------------------------------------------
 
     Number of q in the star =    1
     List of q in the star:
          1   0.000000000   0.000000000   0.000000000
 
     Number of q in the star =    4
     List of q in the star:
          1  -0.250000000   0.250000000  -0.250000000
          2   0.250000000  -0.250000000  -0.250000000
          3   0.250000000   0.250000000   0.250000000
          4  -0.250000000  -0.250000000   0.250000000
     In addition there is the -q list: 
          1   0.250000000  -0.250000000   0.250000000
          2  -0.250000000   0.250000000   0.250000000
          3  -0.250000000  -0.250000000  -0.250000000
          4   0.250000000   0.250000000  -0.250000000
 
     Number of q in the star =    4
     List of q in the star:
          1   0.500000000  -0.500000000   0.500000000
          2  -0.500000000   0.500000000   0.500000000
          3  -0.500000000  -0.500000000  -0.500000000
          4   0.500000000   0.500000000  -0.500000000
 
     Number of q in the star =    6
     List of q in the star:
          1   0.000000000   0.500000000   0.000000000
          2   0.000000000  -0.500000000   0.000000000
          3   0.500000000   0.000000000   0.000000000
          4  -0.500000000   0.000000000   0.000000000
          5   0.000000000   0.000000000   0.500000000
          6   0.000000000   0.000000000  -0.500000000
 
     Number of q in the star =   12
     List of q in the star:
          1   0.750000000  -0.250000000   0.750000000
          2  -0.750000000   0.250000000   0.750000000
          3  -0.750000000  -0.250000000  -0.750000000
          4   0.750000000   0.250000000  -0.750000000
          5  -0.250000000   0.750000000   0.750000000
          6   0.250000000   0.750000000  -0.750000000
          7  -0.250000000  -0.750000000  -0.750000000
          8   0.250000000  -0.750000000   0.750000000
          9   0.750000000   0.750000000  -0.250000000
         10   0.750000000  -0.750000000   0.250000000
         11  -0.750000000  -0.750000000  -0.250000000
         12  -0.750000000   0.750000000   0.250000000
     In addition there is the -q list: 
          1  -0.750000000   0.250000000  -0.750000000
          2   0.750000000  -0.250000000  -0.750000000
          3   0.750000000   0.250000000   0.750000000
          4  -0.750000000  -0.250000000   0.750000000
          5   0.250000000  -0.750000000  -0.750000000
          6  -0.250000000  -0.750000000   0.750000000
          7   0.250000000   0.750000000   0.750000000
          8  -0.250000000   0.750000000  -0.750000000
          9  -0.750000000  -0.750000000   0.250000000
         10  -0.750000000   0.750000000  -0.250000000
         11   0.750000000   0.750000000   0.250000000
         12   0.750000000  -0.750000000  -0.250000000
 
     Number of q in the star =   12
     List of q in the star:
          1   0.500000000   0.000000000   0.500000000
          2  -0.500000000   0.000000000   0.500000000
          3  -0.500000000   0.000000000  -0.500000000
          4   0.500000000   0.000000000  -0.500000000
          5   0.000000000   0.500000000   0.500000000
          6   0.000000000   0.500000000  -0.500000000
          7   0.000000000  -0.500000000  -0.500000000
          8   0.000000000  -0.500000000   0.500000000
          9   0.500000000   0.500000000   0.000000000
         10   0.500000000  -0.500000000   0.000000000
         11  -0.500000000  -0.500000000   0.000000000
         12  -0.500000000   0.500000000   0.000000000
 
     Number of q in the star =    3
     List of q in the star:
          1   0.000000000  -1.000000000   0.000000000
          2  -1.000000000   0.000000000   0.000000000
          3   0.000000000   0.000000000  -1.000000000
 
     Number of q in the star =    6
     List of q in the star:
          1  -0.500000000  -1.000000000  -0.000000000
          2   0.500000000   1.000000000   0.000000000
          3  -1.000000000   0.000000000  -0.500000000
          4   1.000000000   0.000000000   0.500000000
          5   0.000000000  -0.500000000  -1.000000000
          6  -0.000000000   0.500000000   1.000000000
      
     --------------------------------------------------------------------------------------------
     SAVE written in 00.7s               
     In location : ./c.wfreq.save
     --------------------------------------------------------------------------------------------
     WFREQ        : 39m17.62s CPU    50m52.16s WALL

     wfreq_readin :      0.97s CPU      1.80s WALL (       1 calls)
     fetch_input  :      0.03s CPU      0.04s WALL (       2 calls)
     read_xml     :      0.61s CPU      1.13s WALL (       1 calls)
     init_vloc    :      0.00s CPU      0.00s WALL (       2 calls)
     fft          :      2.49s CPU      2.87s WALL (   65554 calls)
     fft_scatter  :    859.44s CPU    963.75s WALL (38543166 calls)
     v_of_rho     :      0.01s CPU      0.03s WALL (       1 calls)
     v_xc         :      0.00s CPU      0.01s WALL (       2 calls)
     v_h          :      0.00s CPU      0.00s WALL (       1 calls)
     read_wave    :      0.33s CPU      0.61s WALL (       1 calls)
     davcio       :      0.80s CPU      1.05s WALL (   38089 calls)
     init_us_1    :      0.00s CPU      0.01s WALL (       2 calls)
     do_setup     :      0.01s CPU      0.02s WALL (       1 calls)
     init_pw_ar   :      0.01s CPU      0.01s WALL (       1 calls)
     init_at_1    :      0.00s CPU      0.00s WALL (       1 calls)
     solve_hf     :     11.90s CPU     13.29s WALL (       1 calls)
     sigmavxc     :      0.01s CPU      0.02s WALL (       1 calls)
     init_us_2    :      0.09s CPU      0.10s WALL (    4736 calls)
     fftw         :   1053.13s CPU   1175.79s WALL (38477612 calls)
     sigmax       :     11.88s CPU     13.19s WALL (       1 calls)
     sqvc_init    :      0.27s CPU      0.30s WALL (   36872 calls)
     wlanczos     :    768.97s CPU    832.10s WALL (       1 calls)
     commutator_H :      0.48s CPU      0.50s WALL (     768 calls)
     stres_us31   :      0.00s CPU      0.00s WALL (     768 calls)
     stres_us32   :      0.00s CPU      0.00s WALL (     768 calls)
     stres_us33   :      0.00s CPU      0.00s WALL (     768 calls)
     stres_us34   :      0.00s CPU      0.01s WALL (     768 calls)
     calbec       :     12.29s CPU     13.74s WALL (  191675 calls)
     alphapc      :     25.20s CPU     27.02s WALL (  192768 calls)
     linstern     :      1.61s CPU      1.75s WALL (     256 calls)
     stern        :      1.41s CPU      1.53s WALL (    5819 calls)
     h_psi_bgrp   :   1087.07s CPU   1212.33s WALL (  190139 calls)
     h_psi        :   1086.60s CPU   1211.85s WALL (  190139 calls)
     h_psi:pot    :   1085.61s CPU   1210.76s WALL (  190139 calls)
     vloc_psi     :   1068.95s CPU   1192.21s WALL (  190139 calls)
     h_psi:calbec :     12.31s CPU     13.77s WALL (  190139 calls)
     add_vuspsi   :      3.43s CPU      3.79s WALL (  190139 calls)
     alphapv      :      0.13s CPU      0.14s WALL (    5819 calls)
     lan_H        :   1164.56s CPU   1296.81s WALL (    6144 calls)
     brak         :    316.64s CPU    324.87s WALL (    6144 calls)
     chi0_diag    :      4.80s CPU      4.89s WALL (       1 calls)
     glanczos     :   1533.88s CPU   2157.23s WALL (       1 calls)
     solve_qp     :     31.07s CPU     34.49s WALL (       1 calls)
     sigmac_i     :     27.03s CPU     28.58s WALL (      12 calls)
     sigmac_r     :      0.07s CPU      0.07s WALL (      12 calls)
     wfreq_db     :      0.57s CPU      0.73s WALL (       1 calls)
 
     WFREQ        : 39m17.73s CPU    50m52.45s WALL

 
   This run was terminated on:   4:35:56   9Jan2021            

=------------------------------------------------------------------------------=
   JOB DONE.
=------------------------------------------------------------------------------=
