
     Program WFREQ v. 3.1.1 starts on  4Jan2021 at 12:28:44 

     This program is part of the open-source West suite
     for massively parallel calculations of excited states in materials; please cite
         "M. Govoni et al., J. Chem. Theory Comput. 11, 2680 (2015);
          URL http://www.west-code.org", 
     in publications or presentations arising from this work.

     Based on the Quantum ESPRESSO v. 6.1 svn rev. 13369

     I/O is Little Endian
       
     --------------------------------------------------------------------------------------------
     **MPI** Parallelization Status                                      
     --------------------------------------------------------------------------------------------
                    80                   2             1             1            40
     --------------------------------------------------------------------------------------------
                     N         =         I      X      P      X      B      X      Z
                     ^                   ^             ^             ^             ^
                     |                   |             |             |             |
                   #rnk                  |             |             |             |
                                      #image           |             |             |
                                                     #pool           |             |
                                                                   #bgrp           |
                                                                                 #R&G
     --------------------------------------------------------------------------------------------
     **OPENMP** Parallelization Status
     #thr/rnk               =            1
     --------------------------------------------------------------------------------------------
     #prc = (rnk) * (thr) =           80
     --------------------------------------------------------------------------------------------
       
     --------------------------------------------------------------------------------------------
     I/O Summary : input_west                                            
     --------------------------------------------------------------------------------------------
     qe_prefix      = c
     west_prefix    = c
     outdir         = ./
     --------------------------------------------------------------------------------------------

     Reading data from directory:
     ./c.save

   Info: using nr1, nr2, nr3 values from input

   Info: using nr1, nr2, nr3 values from input

     IMPORTANT: XC functional enforced from input :
     Exchange-correlation      = PZ ( 1  1  0  0 0 0)
     Any further DFT definition will be discarded
     Please, verify this is what you really want

               file C.pz-mt.fhi.UPF: wavefunction(s)  3d renormalized
 
     Parallelization info
     --------------------
     sticks:   dense  smooth     PW     G-vecs:    dense   smooth      PW
     Min           9       9      3                  116      116      23
     Max          10      10      4                  120      120      27
     Sum         367     367    121                 4693     4693     941
 
       
     --------------------------------------------------------------------------------------------
     I/O Summary : wstat_control                                         
     --------------------------------------------------------------------------------------------
     wstat_calculation              =              S
     n_pdep_eigen                   =            200
     n_pdep_times                   =              4
     n_pdep_maxiter                 =            100
     n_dfpt_maxiter                 =            250
     n_pdep_read_from_file          =              0
     trev_pdep                      =   1.000000E-03
     trev_pdep_rel                  =   1.000000E-01
     tr2_dfpt                       =   1.000000E-12
     l_kinetic_only                 =              F
     l_minimize_exx_if_active       =              F
     l_use_ecutrho                  =              F
     l_use_symm                     =              T
     nq(1)                          =              4
     nq(2)                          =              4
     nq(3)                          =              4
     --------------------------------------------------------------------------------------------
       
     --------------------------------------------------------------------------------------------
     I/O Summary : wfreq_control                                         
     --------------------------------------------------------------------------------------------
     wfreq_calculation                        =           XWGQ
     n_pdep_eigen_to_use                      =            200
     qp_bandrange(1)                          =              1
     qp_bandrange(2)                          =              8
     macropol_calculation                     =              C
     n_lanczos                                =             30
     n_imfreq                                 =            500
     n_refreq                                 =            500
     ecut_imfreq [Ry]                         =     240.000000
     ecut_refreq [Ry]                         =       3.000000
     wfreq_eta [Ry]                           =       0.003675
     n_secant_maxiter                         =            200
     trev_secant [Ry]                         =       0.003676
     l_enable_lanczos                         =              T
     l_enable_gwetot                          =              F
     o_restart_time [min]                     =      -1.000000
     ecut_spectralf(1) [Ry]                   =      -2.000000
     ecut_spectralf(2) [Ry]                   =       2.000000
     n_spectralf                              =             10
     l_read_common_pdep                       =              F
     l_enable_gb_curvature                    =              F
     --------------------------------------------------------------------------------------------
       
     --------------------------------------------------------------------------------------------
     System Overview                                                     
     --------------------------------------------------------------------------------------------
     gamma_only           =              F
     ecutwfc [Ry]         =      60.000000
     ecutrho [Ry]         =     240.000000
     omega [au^3]         =   7.530614E+01
     nbnd                 =            100
     nkstot               =             64
     nspin                =              1
     nelec                =       8.000000
     npol                 =              1
     lsda                 =              F
     noncolin             =              F
     lspinorb             =              F
     domag                =              F
     --------------------------------------------------------------------------------------------

     3DFFT grid
        s : (  24,  24,  24)
        p : (  24,  24,  24)

     Direct Lattice Cell [a.u.]
        a1 = (    -3.3517128     0.0000000     3.3517128)
        a2 = (     0.0000000     3.3517128     3.3517128)
        a3 = (    -3.3517128     3.3517128     0.0000000)

     Reciprocal Lattice Cell [a.u.]
        b1 = (    -0.9373096    -0.9373096     0.9373096)
        b2 = (     0.9373096     0.9373096     0.9373096)
        b3 = (    -0.9373096     0.9373096    -0.9373096)
      

     Brillouin Zone sampling [cryst. coord.]
 
        k(000001) = (     0.0000000     0.0000000     0.0000000)
        k(000002) = (     0.0000000     0.0000000     0.2500000)
        k(000003) = (     0.0000000     0.0000000    -0.5000000)
        k(000004) = (     0.0000000     0.0000000    -0.2500000)
        k(000005) = (     0.0000000     0.2500000     0.0000000)
        k(000006) = (     0.0000000     0.2500000     0.2500000)
        k(000007) = (     0.0000000     0.2500000    -0.5000000)
        k(000008) = (     0.0000000     0.2500000    -0.2500000)
        k(000009) = (     0.0000000    -0.5000000     0.0000000)
        k(000010) = (     0.0000000    -0.5000000     0.2500000)
        k(000011) = (     0.0000000    -0.5000000    -0.5000000)
        k(000012) = (     0.0000000    -0.5000000    -0.2500000)
        k(000013) = (     0.0000000    -0.2500000     0.0000000)
        k(000014) = (     0.0000000    -0.2500000     0.2500000)
        k(000015) = (     0.0000000    -0.2500000    -0.5000000)
        k(000016) = (     0.0000000    -0.2500000    -0.2500000)
        k(000017) = (     0.2500000     0.0000000     0.0000000)
        k(000018) = (     0.2500000     0.0000000     0.2500000)
        k(000019) = (     0.2500000     0.0000000    -0.5000000)
        k(000020) = (     0.2500000     0.0000000    -0.2500000)
        k(000021) = (     0.2500000     0.2500000     0.0000000)
        k(000022) = (     0.2500000     0.2500000     0.2500000)
        k(000023) = (     0.2500000     0.2500000    -0.5000000)
        k(000024) = (     0.2500000     0.2500000    -0.2500000)
        k(000025) = (     0.2500000    -0.5000000     0.0000000)
        k(000026) = (     0.2500000    -0.5000000     0.2500000)
        k(000027) = (     0.2500000    -0.5000000    -0.5000000)
        k(000028) = (     0.2500000    -0.5000000    -0.2500000)
        k(000029) = (     0.2500000    -0.2500000     0.0000000)
        k(000030) = (     0.2500000    -0.2500000     0.2500000)
        k(000031) = (     0.2500000    -0.2500000    -0.5000000)
        k(000032) = (     0.2500000    -0.2500000    -0.2500000)
        k(000033) = (    -0.5000000     0.0000000     0.0000000)
        k(000034) = (    -0.5000000     0.0000000     0.2500000)
        k(000035) = (    -0.5000000     0.0000000    -0.5000000)
        k(000036) = (    -0.5000000     0.0000000    -0.2500000)
        k(000037) = (    -0.5000000     0.2500000     0.0000000)
        k(000038) = (    -0.5000000     0.2500000     0.2500000)
        k(000039) = (    -0.5000000     0.2500000    -0.5000000)
        k(000040) = (    -0.5000000     0.2500000    -0.2500000)
        k(000041) = (    -0.5000000    -0.5000000     0.0000000)
        k(000042) = (    -0.5000000    -0.5000000     0.2500000)
        k(000043) = (    -0.5000000    -0.5000000    -0.5000000)
        k(000044) = (    -0.5000000    -0.5000000    -0.2500000)
        k(000045) = (    -0.5000000    -0.2500000     0.0000000)
        k(000046) = (    -0.5000000    -0.2500000     0.2500000)
        k(000047) = (    -0.5000000    -0.2500000    -0.5000000)
        k(000048) = (    -0.5000000    -0.2500000    -0.2500000)
        k(000049) = (    -0.2500000     0.0000000     0.0000000)
        k(000050) = (    -0.2500000     0.0000000     0.2500000)
        Printing only first 50 k points...
 
        q(000001) = (     0.0000000     0.0000000     0.0000000)
        q(000002) = (     0.0000000     0.0000000     0.2500000)
        q(000003) = (     0.0000000     0.0000000    -0.5000000)
        q(000004) = (     0.0000000     0.0000000    -0.2500000)
        q(000005) = (     0.0000000     0.2500000     0.0000000)
        q(000006) = (     0.0000000     0.2500000     0.2500000)
        q(000007) = (     0.0000000     0.2500000    -0.5000000)
        q(000008) = (     0.0000000     0.2500000    -0.2500000)
        q(000009) = (     0.0000000    -0.5000000     0.0000000)
        q(000010) = (     0.0000000    -0.5000000     0.2500000)
        q(000011) = (     0.0000000    -0.5000000    -0.5000000)
        q(000012) = (     0.0000000    -0.5000000    -0.2500000)
        q(000013) = (     0.0000000    -0.2500000     0.0000000)
        q(000014) = (     0.0000000    -0.2500000     0.2500000)
        q(000015) = (     0.0000000    -0.2500000    -0.5000000)
        q(000016) = (     0.0000000    -0.2500000    -0.2500000)
        q(000017) = (     0.2500000     0.0000000     0.0000000)
        q(000018) = (     0.2500000     0.0000000     0.2500000)
        q(000019) = (     0.2500000     0.0000000    -0.5000000)
        q(000020) = (     0.2500000     0.0000000    -0.2500000)
        q(000021) = (     0.2500000     0.2500000     0.0000000)
        q(000022) = (     0.2500000     0.2500000     0.2500000)
        q(000023) = (     0.2500000     0.2500000    -0.5000000)
        q(000024) = (     0.2500000     0.2500000    -0.2500000)
        q(000025) = (     0.2500000    -0.5000000     0.0000000)
        q(000026) = (     0.2500000    -0.5000000     0.2500000)
        q(000027) = (     0.2500000    -0.5000000    -0.5000000)
        q(000028) = (     0.2500000    -0.5000000    -0.2500000)
        q(000029) = (     0.2500000    -0.2500000     0.0000000)
        q(000030) = (     0.2500000    -0.2500000     0.2500000)
        q(000031) = (     0.2500000    -0.2500000    -0.5000000)
        q(000032) = (     0.2500000    -0.2500000    -0.2500000)
        q(000033) = (    -0.5000000     0.0000000     0.0000000)
        q(000034) = (    -0.5000000     0.0000000     0.2500000)
        q(000035) = (    -0.5000000     0.0000000    -0.5000000)
        q(000036) = (    -0.5000000     0.0000000    -0.2500000)
        q(000037) = (    -0.5000000     0.2500000     0.0000000)
        q(000038) = (    -0.5000000     0.2500000     0.2500000)
        q(000039) = (    -0.5000000     0.2500000    -0.5000000)
        q(000040) = (    -0.5000000     0.2500000    -0.2500000)
        q(000041) = (    -0.5000000    -0.5000000     0.0000000)
        q(000042) = (    -0.5000000    -0.5000000     0.2500000)
        q(000043) = (    -0.5000000    -0.5000000    -0.5000000)
        q(000044) = (    -0.5000000    -0.5000000    -0.2500000)
        q(000045) = (    -0.5000000    -0.2500000     0.0000000)
        q(000046) = (    -0.5000000    -0.2500000     0.2500000)
        q(000047) = (    -0.5000000    -0.2500000    -0.5000000)
        q(000048) = (    -0.5000000    -0.2500000    -0.2500000)
        q(000049) = (    -0.2500000     0.0000000     0.0000000)
        q(000050) = (    -0.2500000     0.0000000     0.2500000)
        Printing only first 50 q points...
       
     --------------------------------------------------------------------------------------------
     Parallelization for npdep                                           
     --------------------------------------------------------------------------------------------
     nglob                =            200
     nlevel               =              2
     Min nglob/nlevel     =            100
     Max nglob/nlevel     =            100
     --------------------------------------------------------------------------------------------
       
     --------------------------------------------------------------------------------------------
     Parallelization for npdep+macro                                     
     --------------------------------------------------------------------------------------------
     nglob                =            203
     nlevel               =              2
     Min nglob/nlevel     =            101
     Max nglob/nlevel     =            102
     --------------------------------------------------------------------------------------------
       
     --------------------------------------------------------------------------------------------
     Parallelization for n_imfreq                                        
     --------------------------------------------------------------------------------------------
     nglob                =            500
     nlevel               =             40
     Min nglob/nlevel     =             12
     Max nglob/nlevel     =             13
     --------------------------------------------------------------------------------------------
       
     --------------------------------------------------------------------------------------------
     Parallelization for n_refreq                                        
     --------------------------------------------------------------------------------------------
     nglob                =            500
     nlevel               =             40
     Min nglob/nlevel     =             12
     Max nglob/nlevel     =             13
     --------------------------------------------------------------------------------------------
       
     --------------------------------------------------------------------------------------------
     Parallelization for nbnd                                            
     --------------------------------------------------------------------------------------------
     nglob                =            100
     nlevel               =              2
     Min nglob/nlevel     =             50
     Max nglob/nlevel     =             50
     --------------------------------------------------------------------------------------------
     ===========================================================================
          nsym   =   24
          nrot   =   48
          nk_ibz =    8
          Q-point IBZ [ cart  coord ]
          xk(00000001) = (  0.000000  0.000000  0.000000) wk =   0.015625
          xk(00000002) = ( -0.250000  0.250000 -0.250000) wk =   0.125000
          xk(00000003) = (  0.500000 -0.500000  0.500000) wk =   0.062500
          xk(00000004) = (  0.000000  0.500000  0.000000) wk =   0.093750
          xk(00000005) = (  0.750000 -0.250000  0.750000) wk =   0.375000
          xk(00000006) = (  0.500000  0.000000  0.500000) wk =   0.187500
          xk(00000007) = (  0.000000 -1.000000  0.000000) wk =   0.046875
          xk(00000008) = ( -0.500000 -1.000000  0.000000) wk =   0.093750
          Q-point IBZ [ cryst coord ]
          xk(00000001) = (  0.000000  0.000000  0.000000) wk =   0.015625
          xk(00000002) = (  0.000000  0.000000  0.250000) wk =   0.125000
          xk(00000003) = (  0.000000  0.000000 -0.500000) wk =   0.062500
          xk(00000004) = (  0.000000  0.250000  0.250000) wk =   0.093750
          xk(00000005) = (  0.000000  0.250000 -0.500000) wk =   0.375000
          xk(00000006) = (  0.000000  0.250000 -0.250000) wk =   0.187500
          xk(00000007) = (  0.000000 -0.500000 -0.500000) wk =   0.046875
          xk(00000008) = (  0.250000 -0.500000 -0.250000) wk =   0.093750
     ===========================================================================
     ===========================================================================
          nsym   =   24
          nrot   =   48
          nq_ibz =    8
          Q-point IBZ [ cart  coord ]
          xq(00000001) = (  0.000000  0.000000  0.000000) wq =   0.015625
          xq(00000002) = ( -0.250000  0.250000 -0.250000) wq =   0.125000
          xq(00000003) = (  0.500000 -0.500000  0.500000) wq =   0.062500
          xq(00000004) = (  0.000000  0.500000  0.000000) wq =   0.093750
          xq(00000005) = (  0.750000 -0.250000  0.750000) wq =   0.375000
          xq(00000006) = (  0.500000  0.000000  0.500000) wq =   0.187500
          xq(00000007) = (  0.000000 -1.000000  0.000000) wq =   0.046875
          xq(00000008) = ( -0.500000 -1.000000  0.000000) wq =   0.093750
          Q-point IBZ [ cryst coord ]
          xq(00000001) = (  0.000000  0.000000  0.000000) wq =   0.015625
          xq(00000002) = (  0.000000  0.000000  0.250000) wq =   0.125000
          xq(00000003) = (  0.000000  0.000000 -0.500000) wq =   0.062500
          xq(00000004) = (  0.000000  0.250000  0.250000) wq =   0.093750
          xq(00000005) = (  0.000000  0.250000 -0.500000) wq =   0.375000
          xq(00000006) = (  0.000000  0.250000 -0.250000) wq =   0.187500
          xq(00000007) = (  0.000000 -0.500000 -0.500000) wq =   0.046875
          xq(00000008) = (  0.250000 -0.500000 -0.250000) wq =   0.093750
     ===========================================================================
       
     --------------------------------------------------------------------------------------------
     Hartree-Fock Exact E(X)change                                       
     --------------------------------------------------------------------------------------------
      
     --------------------------------------------------------------------------------------------
     Vxc
     --------------------------------------------------------------------------------------------
     in progress... |#                   | 005% :             < 00.1s (E)             < 00.1s (X)
     in progress... |##                  | 010% :             < 00.1s (E)             < 00.1s (X)
     in progress... |###                 | 015% :             < 00.1s (E)             < 00.1s (X)
     in progress... |####                | 020% :             < 00.1s (E)             < 00.1s (X)
     in progress... |#####               | 025% :             < 00.1s (E)             < 00.1s (X)
     in progress... |######              | 030% :             < 00.1s (E)             < 00.1s (X)
     in progress... |#######             | 035% :             < 00.1s (E)             < 00.1s (X)
     in progress... |########            | 040% :             < 00.1s (E)             < 00.1s (X)
     in progress... |#########           | 045% :             < 00.1s (E)             < 00.1s (X)
     in progress... |##########          | 050% :             < 00.1s (E)             < 00.1s (X)
     in progress... |###########         | 055% :             < 00.1s (E)             < 00.1s (X)
     in progress... |############        | 060% :             < 00.1s (E)             < 00.1s (X)
     in progress... |#############       | 065% :             < 00.1s (E)             < 00.1s (X)
     in progress... |##############      | 070% :             < 00.1s (E)             < 00.1s (X)
     in progress... |###############     | 075% :             < 00.1s (E)             < 00.1s (X)
     in progress... |################    | 080% :             < 00.1s (E)             < 00.1s (X)
     in progress... |#################   | 085% :             < 00.1s (E)             < 00.1s (X)
     in progress... |##################  | 090% :             < 00.1s (E)             < 00.1s (X)
     in progress... |################### | 095% :             < 00.1s (E)             < 00.1s (X)
     in progress... |####################| 100% :             < 00.1s (E)             < 00.1s (X)
     --------------------------------------------------------------------------------------------
      
     --------------------------------------------------------------------------------------------
     (X)-Sigma
     --------------------------------------------------------------------------------------------
     in progress... |#                   | 005% :               00.7s (E)               14.1s (X)
     in progress... |##                  | 010% :               01.4s (E)               14.4s (X)
     in progress... |###                 | 015% :               02.1s (E)               14.3s (X)
     in progress... |####                | 020% :               04.4s (E)               22.0s (X)
     in progress... |#####               | 025% :               05.0s (E)               20.3s (X)
     in progress... |######              | 030% :               05.7s (E)               19.3s (X)
     in progress... |#######             | 035% :               06.5s (E)               18.5s (X)
     in progress... |########            | 040% :               07.1s (E)               17.9s (X)
     in progress... |#########           | 045% :               07.8s (E)               17.5s (X)
     in progress... |##########          | 050% :               08.5s (E)               17.1s (X)
     in progress... |###########         | 055% :               09.3s (E)               16.9s (X)
     in progress... |############        | 060% :               10.1s (E)               16.8s (X)
     in progress... |#############       | 065% :               10.8s (E)               16.6s (X)
     in progress... |##############      | 070% :               11.5s (E)               16.5s (X)
     in progress... |###############     | 075% :               12.2s (E)               16.3s (X)
     in progress... |################    | 080% :               13.0s (E)               16.2s (X)
     in progress... |#################   | 085% :               13.7s (E)               16.1s (X)
     in progress... |##################  | 090% :               14.4s (E)               16.0s (X)
     in progress... |################### | 095% :               15.1s (E)               15.9s (X)
     in progress... |####################| 100% :               15.9s (E)               15.9s (X)
     --------------------------------------------------------------------------------------------
       
     --------------------------------------------------------------------------------------------
     (W)-Lanczos                                                         
     --------------------------------------------------------------------------------------------
     in progress... |#                   | 005% :               52.6s (E)           17m-32.3s (X)
     in progress... |##                  | 010% :           01m-44.2s (E)           17m-22.9s (X)
     in progress... |###                 | 015% :           02m-36.6s (E)           17m-24.0s (X)
     in progress... |####                | 020% :           03m-27.4s (E)           17m-17.3s (X)
     in progress... |#####               | 025% :           04m-18.5s (E)           17m-14.3s (X)
     in progress... |######              | 030% :           05m-10.4s (E)           17m-14.9s (X)
     in progress... |#######             | 035% :           06m-02.4s (E)           17m-15.4s (X)
     in progress... |########            | 040% :           06m-55.1s (E)           17m-17.8s (X)
     in progress... |#########           | 045% :           07m-46.6s (E)           17m-17.1s (X)
     in progress... |##########          | 050% :           08m-38.3s (E)           17m-16.7s (X)
     in progress... |###########         | 055% :           09m-30.7s (E)           17m-17.7s (X)
     in progress... |############        | 060% :           10m-22.4s (E)           17m-17.4s (X)
     in progress... |#############       | 065% :           11m-14.3s (E)           17m-17.5s (X)
     in progress... |##############      | 070% :           12m-05.5s (E)           17m-16.5s (X)
     in progress... |###############     | 075% :           12m-57.2s (E)           17m-16.3s (X)
     in progress... |################    | 080% :           13m-49.3s (E)           17m-16.6s (X)
     in progress... |#################   | 085% :           14m-40.5s (E)           17m-15.9s (X)
     in progress... |##################  | 090% :           15m-32.9s (E)           17m-16.6s (X)
     in progress... |################### | 095% :           16m-24.5s (E)           17m-16.3s (X)
     in progress... |####################| 100% :           17m-15.4s (E)           17m-15.4s (X)
     --------------------------------------------------------------------------------------------
 
     Number of q in the star =    4
     List of q in the star:
          1  -0.250000000   0.250000000  -0.250000000
          2   0.250000000  -0.250000000  -0.250000000
          3   0.250000000   0.250000000   0.250000000
          4  -0.250000000  -0.250000000   0.250000000
     In addition there is the -q list: 
          1   0.250000000  -0.250000000   0.250000000
          2  -0.250000000   0.250000000   0.250000000
          3  -0.250000000  -0.250000000  -0.250000000
          4   0.250000000   0.250000000  -0.250000000
 
     Number of q in the star =    4
     List of q in the star:
          1   0.500000000  -0.500000000   0.500000000
          2  -0.500000000   0.500000000   0.500000000
          3  -0.500000000  -0.500000000  -0.500000000
          4   0.500000000   0.500000000  -0.500000000
 
     Number of q in the star =    6
     List of q in the star:
          1   0.000000000   0.500000000   0.000000000
          2   0.000000000  -0.500000000   0.000000000
          3   0.500000000   0.000000000   0.000000000
          4  -0.500000000   0.000000000   0.000000000
          5   0.000000000   0.000000000   0.500000000
          6   0.000000000   0.000000000  -0.500000000
 
     Number of q in the star =   12
     List of q in the star:
          1   0.750000000  -0.250000000   0.750000000
          2  -0.750000000   0.250000000   0.750000000
          3  -0.750000000  -0.250000000  -0.750000000
          4   0.750000000   0.250000000  -0.750000000
          5  -0.250000000   0.750000000   0.750000000
          6   0.250000000   0.750000000  -0.750000000
          7  -0.250000000  -0.750000000  -0.750000000
          8   0.250000000  -0.750000000   0.750000000
          9   0.750000000   0.750000000  -0.250000000
         10   0.750000000  -0.750000000   0.250000000
         11  -0.750000000  -0.750000000  -0.250000000
         12  -0.750000000   0.750000000   0.250000000
     In addition there is the -q list: 
          1  -0.750000000   0.250000000  -0.750000000
          2   0.750000000  -0.250000000  -0.750000000
          3   0.750000000   0.250000000   0.750000000
          4  -0.750000000  -0.250000000   0.750000000
          5   0.250000000  -0.750000000  -0.750000000
          6  -0.250000000  -0.750000000   0.750000000
          7   0.250000000   0.750000000   0.750000000
          8  -0.250000000   0.750000000  -0.750000000
          9  -0.750000000  -0.750000000   0.250000000
         10  -0.750000000   0.750000000  -0.250000000
         11   0.750000000   0.750000000   0.250000000
         12   0.750000000  -0.750000000  -0.250000000
 
     Number of q in the star =   12
     List of q in the star:
          1   0.500000000   0.000000000   0.500000000
          2  -0.500000000   0.000000000   0.500000000
          3  -0.500000000   0.000000000  -0.500000000
          4   0.500000000   0.000000000  -0.500000000
          5   0.000000000   0.500000000   0.500000000
          6   0.000000000   0.500000000  -0.500000000
          7   0.000000000  -0.500000000  -0.500000000
          8   0.000000000  -0.500000000   0.500000000
          9   0.500000000   0.500000000   0.000000000
         10   0.500000000  -0.500000000   0.000000000
         11  -0.500000000  -0.500000000   0.000000000
         12  -0.500000000   0.500000000   0.000000000
 
     Number of q in the star =    3
     List of q in the star:
          1   0.000000000  -1.000000000   0.000000000
          2  -1.000000000   0.000000000   0.000000000
          3   0.000000000   0.000000000  -1.000000000
 
     Number of q in the star =    6
     List of q in the star:
          1  -0.500000000  -1.000000000   0.000000000
          2   0.500000000   1.000000000   0.000000000
          3  -1.000000000   0.000000000  -0.500000000
          4   1.000000000   0.000000000   0.500000000
          5   0.000000000  -0.500000000  -1.000000000
          6   0.000000000   0.500000000   1.000000000
 
     Number of q in the star =    4
     List of q in the star:
          1  -0.250000000   0.250000000  -0.250000000
          2   0.250000000  -0.250000000  -0.250000000
          3   0.250000000   0.250000000   0.250000000
          4  -0.250000000  -0.250000000   0.250000000
     In addition there is the -q list: 
          1   0.250000000  -0.250000000   0.250000000
          2  -0.250000000   0.250000000   0.250000000
          3  -0.250000000  -0.250000000  -0.250000000
          4   0.250000000   0.250000000  -0.250000000
 
     Number of q in the star =    4
     List of q in the star:
          1   0.500000000  -0.500000000   0.500000000
          2  -0.500000000   0.500000000   0.500000000
          3  -0.500000000  -0.500000000  -0.500000000
          4   0.500000000   0.500000000  -0.500000000
 
     Number of q in the star =    6
     List of q in the star:
          1   0.000000000   0.500000000   0.000000000
          2   0.000000000  -0.500000000   0.000000000
          3   0.500000000   0.000000000   0.000000000
          4  -0.500000000   0.000000000   0.000000000
          5   0.000000000   0.000000000   0.500000000
          6   0.000000000   0.000000000  -0.500000000
 
     Number of q in the star =   12
     List of q in the star:
          1   0.750000000  -0.250000000   0.750000000
          2  -0.750000000   0.250000000   0.750000000
          3  -0.750000000  -0.250000000  -0.750000000
          4   0.750000000   0.250000000  -0.750000000
          5  -0.250000000   0.750000000   0.750000000
          6   0.250000000   0.750000000  -0.750000000
          7  -0.250000000  -0.750000000  -0.750000000
          8   0.250000000  -0.750000000   0.750000000
          9   0.750000000   0.750000000  -0.250000000
         10   0.750000000  -0.750000000   0.250000000
         11  -0.750000000  -0.750000000  -0.250000000
         12  -0.750000000   0.750000000   0.250000000
     In addition there is the -q list: 
          1  -0.750000000   0.250000000  -0.750000000
          2   0.750000000  -0.250000000  -0.750000000
          3   0.750000000   0.250000000   0.750000000
          4  -0.750000000  -0.250000000   0.750000000
          5   0.250000000  -0.750000000  -0.750000000
          6  -0.250000000  -0.750000000   0.750000000
          7   0.250000000   0.750000000   0.750000000
          8  -0.250000000   0.750000000  -0.750000000
          9  -0.750000000  -0.750000000   0.250000000
         10  -0.750000000   0.750000000  -0.250000000
         11   0.750000000   0.750000000   0.250000000
         12   0.750000000  -0.750000000  -0.250000000
 
     Number of q in the star =   12
     List of q in the star:
          1   0.500000000   0.000000000   0.500000000
          2  -0.500000000   0.000000000   0.500000000
          3  -0.500000000   0.000000000  -0.500000000
          4   0.500000000   0.000000000  -0.500000000
          5   0.000000000   0.500000000   0.500000000
          6   0.000000000   0.500000000  -0.500000000
          7   0.000000000  -0.500000000  -0.500000000
          8   0.000000000  -0.500000000   0.500000000
          9   0.500000000   0.500000000   0.000000000
         10   0.500000000  -0.500000000   0.000000000
         11  -0.500000000  -0.500000000   0.000000000
         12  -0.500000000   0.500000000   0.000000000
 
     Number of q in the star =    3
     List of q in the star:
          1   0.000000000  -1.000000000   0.000000000
          2  -1.000000000   0.000000000   0.000000000
          3   0.000000000   0.000000000  -1.000000000
 
     Number of q in the star =    6
     List of q in the star:
          1  -0.500000000  -1.000000000   0.000000000
          2   0.500000000   1.000000000   0.000000000
          3  -1.000000000   0.000000000  -0.500000000
          4   1.000000000   0.000000000   0.500000000
          5   0.000000000  -0.500000000  -1.000000000
          6   0.000000000   0.500000000   1.000000000
       
     --------------------------------------------------------------------------------------------
     (G)-Lanczos                                                         
     --------------------------------------------------------------------------------------------
     in progress... |#                   | 005% :           03m-42.8s (E)       01h-14m-16.1s (X)
     in progress... |##                  | 010% :           07m-24.6s (E)       01h-14m-06.0s (X)
     in progress... |###                 | 015% :           11m-07.5s (E)       01h-14m-10.3s (X)
     in progress... |####                | 020% :           14m-49.7s (E)       01h-14m-08.8s (X)
     in progress... |#####               | 025% :           18m-29.6s (E)       01h-13m-58.5s (X)
     in progress... |######              | 030% :           22m-11.8s (E)       01h-13m-59.4s (X)
     in progress... |#######             | 035% :           25m-53.8s (E)       01h-13m-59.5s (X)
     in progress... |########            | 040% :           29m-35.3s (E)       01h-13m-58.3s (X)
     in progress... |#########           | 045% :           33m-17.8s (E)       01h-13m-59.6s (X)
     in progress... |##########          | 050% :           36m-56.5s (E)       01h-13m-53.1s (X)
     in progress... |###########         | 055% :           40m-37.7s (E)       01h-13m-52.2s (X)
     in progress... |############        | 060% :           44m-17.9s (E)       01h-13m-49.9s (X)
     in progress... |#############       | 065% :           47m-59.2s (E)       01h-13m-49.5s (X)
     in progress... |##############      | 070% :           51m-39.5s (E)       01h-13m-47.9s (X)
     in progress... |###############     | 075% :           55m-19.5s (E)       01h-13m-46.0s (X)
     in progress... |################    | 080% :           59m-01.1s (E)       01h-13m-46.4s (X)
     in progress... |#################   | 085% :       01h-02m-41.8s (E)       01h-13m-45.6s (X)
     in progress... |##################  | 090% :       01h-06m-22.8s (E)       01h-13m-45.3s (X)
     in progress... |################### | 095% :       01h-10m-02.5s (E)       01h-13m-43.6s (X)
     in progress... |####################| 100% :       01h-13m-42.1s (E)       01h-13m-42.1s (X)
     --------------------------------------------------------------------------------------------
       
     --------------------------------------------------------------------------------------------
     (Q)uasiparticle energies                                            
     --------------------------------------------------------------------------------------------
       
     --------------------------------------------------------------------------------------------
     Sigma_C                                                             
     --------------------------------------------------------------------------------------------
     Integrating along the IM axis...
     --------------------------------------------------------------------------------------------
     in progress... |#                   | 005% :               01.3s (E)               27.0s (X)
     in progress... |##                  | 010% :               02.5s (E)               25.9s (X)
     --------------------------------------------------------------------------------------------
     Residues along the RE axis...
     --------------------------------------------------------------------------------------------
     in progress... |#                   | 005% :             < 00.1s (E)             < 00.1s (X)
     in progress... |##                  | 010% :             < 00.1s (E)             < 00.1s (X)
     --------------------------------------------------------------------------------------------
       
     --------------------------------------------------------------------------------------------
     Sigma_C                                                             
     --------------------------------------------------------------------------------------------
     Integrating along the IM axis...
     --------------------------------------------------------------------------------------------
     in progress... |#                   | 005% :               00.9s (E)               19.8s (X)
     in progress... |##                  | 010% :               01.9s (E)               19.9s (X)
     --------------------------------------------------------------------------------------------
     Residues along the RE axis...
     --------------------------------------------------------------------------------------------
     in progress... |#                   | 005% :             < 00.1s (E)             < 00.1s (X)
     in progress... |##                  | 010% :             < 00.1s (E)             < 00.1s (X)
     --------------------------------------------------------------------------------------------

     --------------------------------------------------------------------------------------------
     Iter: 000000
     k(000001) = (   0.0000000   0.0000000   0.0000000) cryst. coord.
     band      QP en. [eV] conv
     000001     -10.004307   no
     000002      11.820012   no
     000003      11.820012   no
     000004      11.820013   no
     000005      19.801779   no
     000006      19.801779   no
     000007      19.801779   no
     000008      27.277573   no
     ---------------------------------
     k(000002) = (   0.0000000   0.0000000   0.2500000) cryst. coord.
     band      QP en. [eV] conv
     000001      -9.666105   no
     000002       5.014785   no
     000003      10.025666   no
     000004      10.025665   no
     000005      22.064822   no
     000006      22.064822   no
     000007      22.241915   no
     000008      28.864942   no
     ---------------------------------
     k(000003) = (   0.0000000   0.0000000  -0.5000000) cryst. coord.
     band      QP en. [eV] conv
     000001      -4.714106   no
     000002      -1.196445   no
     000003       8.891797   no
     000004       8.891799   no
     000005      22.769745   no
     000006      22.769745   no
     000007      22.873834   no
     000008      30.920286   no
     ---------------------------------
     k(000006) = (   0.0000000   0.2500000   0.2500000) cryst. coord.
     band      QP en. [eV] conv
     000001       5.530270   no
     000002       7.074881   no
     000003       7.558987   no
     000004       7.558988   no
     000005      18.458262   no
     000006      24.344083   no
     000007      25.928938   no
     000008      25.928938   no
     ---------------------------------
     k(000007) = (   0.0000000   0.2500000  -0.5000000) cryst. coord.
     band      QP en. [eV] conv
     000001      -3.767396   no
     000002       0.149612   no
     000003       4.834533   no
     000004       6.740651   no
     000005      20.115334   no
     000006      25.583665   no
     000007      27.181337   no
     000008      27.519394   no
     ---------------------------------
     k(000008) = (   0.0000000   0.2500000  -0.2500000) cryst. coord.
     band      QP en. [eV] conv
     000001      -4.552526   no
     000002       2.867070   no
     000003       4.020205   no
     000004       8.679812   no
     000005      22.073958   no
     000006      24.395825   no
     000007      26.949281   no
     000008      28.059712   no
     ---------------------------------
     k(000011) = (   0.0000000  -0.5000000  -0.5000000) cryst. coord.
     band      QP en. [eV] conv
     000001      -1.067959   no
     000002      -1.067960   no
     000003       5.253736   no
     000004       5.253736   no
     000005      18.678834   no
     000006      18.678834   no
     000007      31.164194   no
     000008      31.164193   no
     ---------------------------------
     k(000028) = (   0.2500000  -0.5000000  -0.2500000) cryst. coord.
     band      QP en. [eV] conv
     000001       0.060063   no
     000002       0.060062   no
     000003       3.285844   no
     000004       3.285845   no
     000005      24.760459   no
     000006      24.760459   no
     000007      26.520478   no
     000008      26.520478   no
     ---------------------------------
     --------------------------------------------------------------------------------------------
       
     --------------------------------------------------------------------------------------------
     Sigma_C                                                             
     --------------------------------------------------------------------------------------------
     Integrating along the IM axis...
     --------------------------------------------------------------------------------------------
     in progress... |#                   | 005% :               00.9s (E)               19.7s (X)
     in progress... |##                  | 010% :               01.9s (E)               19.6s (X)
     --------------------------------------------------------------------------------------------
     Residues along the RE axis...
     --------------------------------------------------------------------------------------------
     in progress... |#                   | 005% :             < 00.1s (E)             < 00.1s (X)
     in progress... |##                  | 010% :             < 00.1s (E)             < 00.1s (X)
     --------------------------------------------------------------------------------------------

     --------------------------------------------------------------------------------------------
     Iter: 000001
     k(000001) = (   0.0000000   0.0000000   0.0000000) cryst. coord.
     band      QP en. [eV] conv
     000001     -10.303016   no
     000002      11.828337  yes
     000003      11.828337  yes
     000004      11.828338  yes
     000005      19.798243  yes
     000006      19.798244  yes
     000007      19.798243  yes
     000008      27.268404  yes
     ---------------------------------
     k(000002) = (   0.0000000   0.0000000   0.2500000) cryst. coord.
     band      QP en. [eV] conv
     000001      -8.144331   no
     000002       5.025605  yes
     000003      10.036926  yes
     000004      10.036924  yes
     000005      22.060915  yes
     000006      22.060915  yes
     000007      22.239461  yes
     000008      28.726392   no
     ---------------------------------
     k(000003) = (   0.0000000   0.0000000  -0.5000000) cryst. coord.
     band      QP en. [eV] conv
     000001      -4.344240   no
     000002      -1.882237   no
     000003       8.903530  yes
     000004       8.903532  yes
     000005      22.764594  yes
     000006      22.764594  yes
     000007      22.874070  yes
     000008      29.766621   no
     ---------------------------------
     k(000006) = (   0.0000000   0.2500000   0.2500000) cryst. coord.
     band      QP en. [eV] conv
     000001      -7.699307   no
     000002       7.084985  yes
     000003       7.574468  yes
     000004       7.574468  yes
     000005      18.456610  yes
     000006      24.338668  yes
     000007      25.916503  yes
     000008      25.916503  yes
     ---------------------------------
     k(000007) = (   0.0000000   0.2500000  -0.5000000) cryst. coord.
     band      QP en. [eV] conv
     000001      -3.906764   no
     000002       0.714203   no
     000003       4.846116  yes
     000004       6.756412  yes
     000005      20.113823  yes
     000006      25.607674  yes
     000007      27.134694  yes
     000008      27.526165  yes
     ---------------------------------
     k(000008) = (   0.0000000   0.2500000  -0.2500000) cryst. coord.
     band      QP en. [eV] conv
     000001      -6.115601   no
     000002       2.820865  yes
     000003       3.967393   no
     000004       8.694495  yes
     000005      22.073425  yes
     000006      24.385920  yes
     000007      26.544846   no
     000008      28.060310  yes
     ---------------------------------
     k(000011) = (   0.0000000  -0.5000000  -0.5000000) cryst. coord.
     band      QP en. [eV] conv
     000001      -1.558305   no
     000002      -1.558306   no
     000003       5.275192  yes
     000004       5.275192  yes
     000005      18.677494  yes
     000006      18.677493  yes
     000007      31.105662   no
     000008      31.105662   no
     ---------------------------------
     k(000028) = (   0.2500000  -0.5000000  -0.2500000) cryst. coord.
     band      QP en. [eV] conv
     000001      -0.565847   no
     000002      -0.565849   no
     000003       3.274789  yes
     000004       3.274790  yes
     000005      24.751711  yes
     000006      24.751711  yes
     000007      26.559869  yes
     000008      26.559869  yes
     ---------------------------------
     --------------------------------------------------------------------------------------------
       
     --------------------------------------------------------------------------------------------
     Sigma_C                                                             
     --------------------------------------------------------------------------------------------
     Integrating along the IM axis...
     --------------------------------------------------------------------------------------------
     in progress... |#                   | 005% :               00.9s (E)               19.7s (X)
     in progress... |##                  | 010% :               01.9s (E)               19.9s (X)
     --------------------------------------------------------------------------------------------
     Residues along the RE axis...
     --------------------------------------------------------------------------------------------
     in progress... |#                   | 005% :             < 00.1s (E)             < 00.1s (X)
     in progress... |##                  | 010% :             < 00.1s (E)             < 00.1s (X)
     --------------------------------------------------------------------------------------------

     --------------------------------------------------------------------------------------------
     Iter: 000002
     k(000001) = (   0.0000000   0.0000000   0.0000000) cryst. coord.
     band      QP en. [eV] conv
     000001     -10.119577   no
     000002      11.828337  yes
     000003      11.828337  yes
     000004      11.828338  yes
     000005      19.798243  yes
     000006      19.798244  yes
     000007      19.798243  yes
     000008      27.268404  yes
     ---------------------------------
     k(000002) = (   0.0000000   0.0000000   0.2500000) cryst. coord.
     band      QP en. [eV] conv
     000001      -8.292470   no
     000002       5.025605  yes
     000003      10.036926  yes
     000004      10.036924  yes
     000005      22.060915  yes
     000006      22.060915  yes
     000007      22.239461  yes
     000008      28.713966  yes
     ---------------------------------
     k(000003) = (   0.0000000   0.0000000  -0.5000000) cryst. coord.
     band      QP en. [eV] conv
     000001      -4.287002   no
     000002      -1.723569   no
     000003       8.903530  yes
     000004       8.903532  yes
     000005      22.764594  yes
     000006      22.764594  yes
     000007      22.874070  yes
     000008      29.812866  yes
     ---------------------------------
     k(000006) = (   0.0000000   0.2500000   0.2500000) cryst. coord.
     band      QP en. [eV] conv
     000001      -7.452117   no
     000002       7.084985  yes
     000003       7.574468  yes
     000004       7.574468  yes
     000005      18.456610  yes
     000006      24.338668  yes
     000007      25.916503  yes
     000008      25.916503  yes
     ---------------------------------
     k(000007) = (   0.0000000   0.2500000  -0.5000000) cryst. coord.
     band      QP en. [eV] conv
     000001      -3.970994   no
     000002       0.778522   no
     000003       4.846116  yes
     000004       6.756412  yes
     000005      20.113823  yes
     000006      25.607674  yes
     000007      27.134694  yes
     000008      27.526165  yes
     ---------------------------------
     k(000008) = (   0.0000000   0.2500000  -0.2500000) cryst. coord.
     band      QP en. [eV] conv
     000001      -5.491639   no
     000002       2.820865  yes
     000003       3.976095  yes
     000004       8.694495  yes
     000005      22.073425  yes
     000006      24.385920  yes
     000007      26.540755  yes
     000008      28.060310  yes
     ---------------------------------
     k(000011) = (   0.0000000  -0.5000000  -0.5000000) cryst. coord.
     band      QP en. [eV] conv
     000001      -1.375287   no
     000002      -1.375288   no
     000003       5.275192  yes
     000004       5.275192  yes
     000005      18.677494  yes
     000006      18.677493  yes
     000007      31.079720  yes
     000008      31.079720  yes
     ---------------------------------
     k(000028) = (   0.2500000  -0.5000000  -0.2500000) cryst. coord.
     band      QP en. [eV] conv
     000001      -0.476526   no
     000002      -0.476527   no
     000003       3.274789  yes
     000004       3.274790  yes
     000005      24.751711  yes
     000006      24.751711  yes
     000007      26.559869  yes
     000008      26.559869  yes
     ---------------------------------
     --------------------------------------------------------------------------------------------
       
     --------------------------------------------------------------------------------------------
     Sigma_C                                                             
     --------------------------------------------------------------------------------------------
     Integrating along the IM axis...
     --------------------------------------------------------------------------------------------
     in progress... |#                   | 005% :               00.9s (E)               19.6s (X)
     in progress... |##                  | 010% :               01.9s (E)               19.6s (X)
     --------------------------------------------------------------------------------------------
     Residues along the RE axis...
     --------------------------------------------------------------------------------------------
     in progress... |#                   | 005% :             < 00.1s (E)             < 00.1s (X)
     in progress... |##                  | 010% :             < 00.1s (E)             < 00.1s (X)
     --------------------------------------------------------------------------------------------

     --------------------------------------------------------------------------------------------
     Iter: 000003
     k(000001) = (   0.0000000   0.0000000   0.0000000) cryst. coord.
     band      QP en. [eV] conv
     000001     -10.203505   no
     000002      11.828337  yes
     000003      11.828337  yes
     000004      11.828338  yes
     000005      19.798243  yes
     000006      19.798244  yes
     000007      19.798243  yes
     000008      27.268404  yes
     ---------------------------------
     k(000002) = (   0.0000000   0.0000000   0.2500000) cryst. coord.
     band      QP en. [eV] conv
     000001      -8.906358   no
     000002       5.025605  yes
     000003      10.036926  yes
     000004      10.036924  yes
     000005      22.060915  yes
     000006      22.060915  yes
     000007      22.239461  yes
     000008      28.713966  yes
     ---------------------------------
     k(000003) = (   0.0000000   0.0000000  -0.5000000) cryst. coord.
     band      QP en. [eV] conv
     000001      -4.384621   no
     000002      -1.754573  yes
     000003       8.903530  yes
     000004       8.903532  yes
     000005      22.764594  yes
     000006      22.764594  yes
     000007      22.874070  yes
     000008      29.812866  yes
     ---------------------------------
     k(000006) = (   0.0000000   0.2500000   0.2500000) cryst. coord.
     band      QP en. [eV] conv
     000001      -7.491972  yes
     000002       7.084985  yes
     000003       7.574468  yes
     000004       7.574468  yes
     000005      18.456610  yes
     000006      24.338668  yes
     000007      25.916503  yes
     000008      25.916503  yes
     ---------------------------------
     k(000007) = (   0.0000000   0.2500000  -0.5000000) cryst. coord.
     band      QP en. [eV] conv
     000001      -3.924562  yes
     000002      -0.905810   no
     000003       4.846116  yes
     000004       6.756412  yes
     000005      20.113823  yes
     000006      25.607674  yes
     000007      27.134694  yes
     000008      27.526165  yes
     ---------------------------------
     k(000008) = (   0.0000000   0.2500000  -0.2500000) cryst. coord.
     band      QP en. [eV] conv
     000001      -5.501010  yes
     000002       2.820865  yes
     000003       3.976095  yes
     000004       8.694495  yes
     000005      22.073425  yes
     000006      24.385920  yes
     000007      26.540755  yes
     000008      28.060310  yes
     ---------------------------------
     k(000011) = (   0.0000000  -0.5000000  -0.5000000) cryst. coord.
     band      QP en. [eV] conv
     000001      -1.397891  yes
     000002      -1.397892  yes
     000003       5.275192  yes
     000004       5.275192  yes
     000005      18.677494  yes
     000006      18.677493  yes
     000007      31.079720  yes
     000008      31.079720  yes
     ---------------------------------
     k(000028) = (   0.2500000  -0.5000000  -0.2500000) cryst. coord.
     band      QP en. [eV] conv
     000001      -0.103026   no
     000002      -0.103027   no
     000003       3.274789  yes
     000004       3.274790  yes
     000005      24.751711  yes
     000006      24.751711  yes
     000007      26.559869  yes
     000008      26.559869  yes
     ---------------------------------
     --------------------------------------------------------------------------------------------
       
     --------------------------------------------------------------------------------------------
     Sigma_C                                                             
     --------------------------------------------------------------------------------------------
     Integrating along the IM axis...
     --------------------------------------------------------------------------------------------
     in progress... |#                   | 005% :               00.9s (E)               19.6s (X)
     in progress... |##                  | 010% :               01.9s (E)               19.6s (X)
     --------------------------------------------------------------------------------------------
     Residues along the RE axis...
     --------------------------------------------------------------------------------------------
     in progress... |#                   | 005% :             < 00.1s (E)             < 00.1s (X)
     in progress... |##                  | 010% :             < 00.1s (E)             < 00.1s (X)
     --------------------------------------------------------------------------------------------

     --------------------------------------------------------------------------------------------
     Iter: 000004
     k(000001) = (   0.0000000   0.0000000   0.0000000) cryst. coord.
     band      QP en. [eV] conv
     000001     -10.190926  yes
     000002      11.828337  yes
     000003      11.828337  yes
     000004      11.828338  yes
     000005      19.798243  yes
     000006      19.798244  yes
     000007      19.798243  yes
     000008      27.268404  yes
     ---------------------------------
     k(000002) = (   0.0000000   0.0000000   0.2500000) cryst. coord.
     band      QP en. [eV] conv
     000001      -8.634760   no
     000002       5.025605  yes
     000003      10.036926  yes
     000004      10.036924  yes
     000005      22.060915  yes
     000006      22.060915  yes
     000007      22.239461  yes
     000008      28.713966  yes
     ---------------------------------
     k(000003) = (   0.0000000   0.0000000  -0.5000000) cryst. coord.
     band      QP en. [eV] conv
     000001      -3.270888   no
     000002      -1.754573  yes
     000003       8.903530  yes
     000004       8.903532  yes
     000005      22.764594  yes
     000006      22.764594  yes
     000007      22.874070  yes
     000008      29.812866  yes
     ---------------------------------
     k(000006) = (   0.0000000   0.2500000   0.2500000) cryst. coord.
     band      QP en. [eV] conv
     000001      -7.491972  yes
     000002       7.084985  yes
     000003       7.574468  yes
     000004       7.574468  yes
     000005      18.456610  yes
     000006      24.338668  yes
     000007      25.916503  yes
     000008      25.916503  yes
     ---------------------------------
     k(000007) = (   0.0000000   0.2500000  -0.5000000) cryst. coord.
     band      QP en. [eV] conv
     000001      -3.924562  yes
     000002       0.836810   no
     000003       4.846116  yes
     000004       6.756412  yes
     000005      20.113823  yes
     000006      25.607674  yes
     000007      27.134694  yes
     000008      27.526165  yes
     ---------------------------------
     k(000008) = (   0.0000000   0.2500000  -0.2500000) cryst. coord.
     band      QP en. [eV] conv
     000001      -5.501010  yes
     000002       2.820865  yes
     000003       3.976095  yes
     000004       8.694495  yes
     000005      22.073425  yes
     000006      24.385920  yes
     000007      26.540755  yes
     000008      28.060310  yes
     ---------------------------------
     k(000011) = (   0.0000000  -0.5000000  -0.5000000) cryst. coord.
     band      QP en. [eV] conv
     000001      -1.397891  yes
     000002      -1.397892  yes
     000003       5.275192  yes
     000004       5.275192  yes
     000005      18.677494  yes
     000006      18.677493  yes
     000007      31.079720  yes
     000008      31.079720  yes
     ---------------------------------
     k(000028) = (   0.2500000  -0.5000000  -0.2500000) cryst. coord.
     band      QP en. [eV] conv
     000001      -0.428512   no
     000002      -0.428514   no
     000003       3.274789  yes
     000004       3.274790  yes
     000005      24.751711  yes
     000006      24.751711  yes
     000007      26.559869  yes
     000008      26.559869  yes
     ---------------------------------
     --------------------------------------------------------------------------------------------
       
     --------------------------------------------------------------------------------------------
     Sigma_C                                                             
     --------------------------------------------------------------------------------------------
     Integrating along the IM axis...
     --------------------------------------------------------------------------------------------
     in progress... |#                   | 005% :               00.9s (E)               19.4s (X)
     in progress... |##                  | 010% :               01.9s (E)               19.5s (X)
     --------------------------------------------------------------------------------------------
     Residues along the RE axis...
     --------------------------------------------------------------------------------------------
     in progress... |#                   | 005% :             < 00.1s (E)             < 00.1s (X)
     in progress... |##                  | 010% :             < 00.1s (E)             < 00.1s (X)
     --------------------------------------------------------------------------------------------

     --------------------------------------------------------------------------------------------
     Iter: 000005
     k(000001) = (   0.0000000   0.0000000   0.0000000) cryst. coord.
     band      QP en. [eV] conv
     000001     -10.190926  yes
     000002      11.828337  yes
     000003      11.828337  yes
     000004      11.828338  yes
     000005      19.798243  yes
     000006      19.798244  yes
     000007      19.798243  yes
     000008      27.268404  yes
     ---------------------------------
     k(000002) = (   0.0000000   0.0000000   0.2500000) cryst. coord.
     band      QP en. [eV] conv
     000001      -9.127319   no
     000002       5.025605  yes
     000003      10.036926  yes
     000004      10.036924  yes
     000005      22.060915  yes
     000006      22.060915  yes
     000007      22.239461  yes
     000008      28.713966  yes
     ---------------------------------
     k(000003) = (   0.0000000   0.0000000  -0.5000000) cryst. coord.
     band      QP en. [eV] conv
     000001      -4.284317   no
     000002      -1.754573  yes
     000003       8.903530  yes
     000004       8.903532  yes
     000005      22.764594  yes
     000006      22.764594  yes
     000007      22.874070  yes
     000008      29.812866  yes
     ---------------------------------
     k(000006) = (   0.0000000   0.2500000   0.2500000) cryst. coord.
     band      QP en. [eV] conv
     000001      -7.491972  yes
     000002       7.084985  yes
     000003       7.574468  yes
     000004       7.574468  yes
     000005      18.456610  yes
     000006      24.338668  yes
     000007      25.916503  yes
     000008      25.916503  yes
     ---------------------------------
     k(000007) = (   0.0000000   0.2500000  -0.5000000) cryst. coord.
     band      QP en. [eV] conv
     000001      -3.924562  yes
     000002       0.813752  yes
     000003       4.846116  yes
     000004       6.756412  yes
     000005      20.113823  yes
     000006      25.607674  yes
     000007      27.134694  yes
     000008      27.526165  yes
     ---------------------------------
     k(000008) = (   0.0000000   0.2500000  -0.2500000) cryst. coord.
     band      QP en. [eV] conv
     000001      -5.501010  yes
     000002       2.820865  yes
     000003       3.976095  yes
     000004       8.694495  yes
     000005      22.073425  yes
     000006      24.385920  yes
     000007      26.540755  yes
     000008      28.060310  yes
     ---------------------------------
     k(000011) = (   0.0000000  -0.5000000  -0.5000000) cryst. coord.
     band      QP en. [eV] conv
     000001      -1.397891  yes
     000002      -1.397892  yes
     000003       5.275192  yes
     000004       5.275192  yes
     000005      18.677494  yes
     000006      18.677493  yes
     000007      31.079720  yes
     000008      31.079720  yes
     ---------------------------------
     k(000028) = (   0.2500000  -0.5000000  -0.2500000) cryst. coord.
     band      QP en. [eV] conv
     000001      -0.429142  yes
     000002      -0.429144  yes
     000003       3.274789  yes
     000004       3.274790  yes
     000005      24.751711  yes
     000006      24.751711  yes
     000007      26.559869  yes
     000008      26.559869  yes
     ---------------------------------
     --------------------------------------------------------------------------------------------
       
     --------------------------------------------------------------------------------------------
     Sigma_C                                                             
     --------------------------------------------------------------------------------------------
     Integrating along the IM axis...
     --------------------------------------------------------------------------------------------
     in progress... |#                   | 005% :               00.9s (E)               19.5s (X)
     in progress... |##                  | 010% :               01.9s (E)               19.7s (X)
     --------------------------------------------------------------------------------------------
     Residues along the RE axis...
     --------------------------------------------------------------------------------------------
     in progress... |#                   | 005% :             < 00.1s (E)             < 00.1s (X)
     in progress... |##                  | 010% :             < 00.1s (E)             < 00.1s (X)
     --------------------------------------------------------------------------------------------

     --------------------------------------------------------------------------------------------
     Iter: 000006
     k(000001) = (   0.0000000   0.0000000   0.0000000) cryst. coord.
     band      QP en. [eV] conv
     000001     -10.190926  yes
     000002      11.828337  yes
     000003      11.828337  yes
     000004      11.828338  yes
     000005      19.798243  yes
     000006      19.798244  yes
     000007      19.798243  yes
     000008      27.268404  yes
     ---------------------------------
     k(000002) = (   0.0000000   0.0000000   0.2500000) cryst. coord.
     band      QP en. [eV] conv
     000001      -7.432937   no
     000002       5.025605  yes
     000003      10.036926  yes
     000004      10.036924  yes
     000005      22.060915  yes
     000006      22.060915  yes
     000007      22.239461  yes
     000008      28.713966  yes
     ---------------------------------
     k(000003) = (   0.0000000   0.0000000  -0.5000000) cryst. coord.
     band      QP en. [eV] conv
     000001      -4.138721   no
     000002      -1.754573  yes
     000003       8.903530  yes
     000004       8.903532  yes
     000005      22.764594  yes
     000006      22.764594  yes
     000007      22.874070  yes
     000008      29.812866  yes
     ---------------------------------
     k(000006) = (   0.0000000   0.2500000   0.2500000) cryst. coord.
     band      QP en. [eV] conv
     000001      -7.491972  yes
     000002       7.084985  yes
     000003       7.574468  yes
     000004       7.574468  yes
     000005      18.456610  yes
     000006      24.338668  yes
     000007      25.916503  yes
     000008      25.916503  yes
     ---------------------------------
     k(000007) = (   0.0000000   0.2500000  -0.5000000) cryst. coord.
     band      QP en. [eV] conv
     000001      -3.924562  yes
     000002       0.813752  yes
     000003       4.846116  yes
     000004       6.756412  yes
     000005      20.113823  yes
     000006      25.607674  yes
     000007      27.134694  yes
     000008      27.526165  yes
     ---------------------------------
     k(000008) = (   0.0000000   0.2500000  -0.2500000) cryst. coord.
     band      QP en. [eV] conv
     000001      -5.501010  yes
     000002       2.820865  yes
     000003       3.976095  yes
     000004       8.694495  yes
     000005      22.073425  yes
     000006      24.385920  yes
     000007      26.540755  yes
     000008      28.060310  yes
     ---------------------------------
     k(000011) = (   0.0000000  -0.5000000  -0.5000000) cryst. coord.
     band      QP en. [eV] conv
     000001      -1.397891  yes
     000002      -1.397892  yes
     000003       5.275192  yes
     000004       5.275192  yes
     000005      18.677494  yes
     000006      18.677493  yes
     000007      31.079720  yes
     000008      31.079720  yes
     ---------------------------------
     k(000028) = (   0.2500000  -0.5000000  -0.2500000) cryst. coord.
     band      QP en. [eV] conv
     000001      -0.429142  yes
     000002      -0.429144  yes
     000003       3.274789  yes
     000004       3.274790  yes
     000005      24.751711  yes
     000006      24.751711  yes
     000007      26.559869  yes
     000008      26.559869  yes
     ---------------------------------
     --------------------------------------------------------------------------------------------
       
     --------------------------------------------------------------------------------------------
     Sigma_C                                                             
     --------------------------------------------------------------------------------------------
     Integrating along the IM axis...
     --------------------------------------------------------------------------------------------
     in progress... |#                   | 005% :               00.9s (E)               19.4s (X)
     in progress... |##                  | 010% :               01.9s (E)               19.6s (X)
     --------------------------------------------------------------------------------------------
     Residues along the RE axis...
     --------------------------------------------------------------------------------------------
     in progress... |#                   | 005% :             < 00.1s (E)             < 00.1s (X)
     in progress... |##                  | 010% :             < 00.1s (E)             < 00.1s (X)
     --------------------------------------------------------------------------------------------

     --------------------------------------------------------------------------------------------
     Iter: 000007
     k(000001) = (   0.0000000   0.0000000   0.0000000) cryst. coord.
     band      QP en. [eV] conv
     000001     -10.190926  yes
     000002      11.828337  yes
     000003      11.828337  yes
     000004      11.828338  yes
     000005      19.798243  yes
     000006      19.798244  yes
     000007      19.798243  yes
     000008      27.268404  yes
     ---------------------------------
     k(000002) = (   0.0000000   0.0000000   0.2500000) cryst. coord.
     band      QP en. [eV] conv
     000001      -8.712748   no
     000002       5.025605  yes
     000003      10.036926  yes
     000004      10.036924  yes
     000005      22.060915  yes
     000006      22.060915  yes
     000007      22.239461  yes
     000008      28.713966  yes
     ---------------------------------
     k(000003) = (   0.0000000   0.0000000  -0.5000000) cryst. coord.
     band      QP en. [eV] conv
     000001      -4.117541  yes
     000002      -1.754573  yes
     000003       8.903530  yes
     000004       8.903532  yes
     000005      22.764594  yes
     000006      22.764594  yes
     000007      22.874070  yes
     000008      29.812866  yes
     ---------------------------------
     k(000006) = (   0.0000000   0.2500000   0.2500000) cryst. coord.
     band      QP en. [eV] conv
     000001      -7.491972  yes
     000002       7.084985  yes
     000003       7.574468  yes
     000004       7.574468  yes
     000005      18.456610  yes
     000006      24.338668  yes
     000007      25.916503  yes
     000008      25.916503  yes
     ---------------------------------
     k(000007) = (   0.0000000   0.2500000  -0.5000000) cryst. coord.
     band      QP en. [eV] conv
     000001      -3.924562  yes
     000002       0.813752  yes
     000003       4.846116  yes
     000004       6.756412  yes
     000005      20.113823  yes
     000006      25.607674  yes
     000007      27.134694  yes
     000008      27.526165  yes
     ---------------------------------
     k(000008) = (   0.0000000   0.2500000  -0.2500000) cryst. coord.
     band      QP en. [eV] conv
     000001      -5.501010  yes
     000002       2.820865  yes
     000003       3.976095  yes
     000004       8.694495  yes
     000005      22.073425  yes
     000006      24.385920  yes
     000007      26.540755  yes
     000008      28.060310  yes
     ---------------------------------
     k(000011) = (   0.0000000  -0.5000000  -0.5000000) cryst. coord.
     band      QP en. [eV] conv
     000001      -1.397891  yes
     000002      -1.397892  yes
     000003       5.275192  yes
     000004       5.275192  yes
     000005      18.677494  yes
     000006      18.677493  yes
     000007      31.079720  yes
     000008      31.079720  yes
     ---------------------------------
     k(000028) = (   0.2500000  -0.5000000  -0.2500000) cryst. coord.
     band      QP en. [eV] conv
     000001      -0.429142  yes
     000002      -0.429144  yes
     000003       3.274789  yes
     000004       3.274790  yes
     000005      24.751711  yes
     000006      24.751711  yes
     000007      26.559869  yes
     000008      26.559869  yes
     ---------------------------------
     --------------------------------------------------------------------------------------------
       
     --------------------------------------------------------------------------------------------
     Sigma_C                                                             
     --------------------------------------------------------------------------------------------
     Integrating along the IM axis...
     --------------------------------------------------------------------------------------------
     in progress... |#                   | 005% :               00.9s (E)               19.6s (X)
     in progress... |##                  | 010% :               01.9s (E)               19.7s (X)
     --------------------------------------------------------------------------------------------
     Residues along the RE axis...
     --------------------------------------------------------------------------------------------
     in progress... |#                   | 005% :             < 00.1s (E)             < 00.1s (X)
     in progress... |##                  | 010% :             < 00.1s (E)             < 00.1s (X)
     --------------------------------------------------------------------------------------------

     --------------------------------------------------------------------------------------------
     Iter: 000008
     k(000001) = (   0.0000000   0.0000000   0.0000000) cryst. coord.
     band      QP en. [eV] conv
     000001     -10.190926  yes
     000002      11.828337  yes
     000003      11.828337  yes
     000004      11.828338  yes
     000005      19.798243  yes
     000006      19.798244  yes
     000007      19.798243  yes
     000008      27.268404  yes
     ---------------------------------
     k(000002) = (   0.0000000   0.0000000   0.2500000) cryst. coord.
     band      QP en. [eV] conv
     000001      -8.341868   no
     000002       5.025605  yes
     000003      10.036926  yes
     000004      10.036924  yes
     000005      22.060915  yes
     000006      22.060915  yes
     000007      22.239461  yes
     000008      28.713966  yes
     ---------------------------------
     k(000003) = (   0.0000000   0.0000000  -0.5000000) cryst. coord.
     band      QP en. [eV] conv
     000001      -4.117541  yes
     000002      -1.754573  yes
     000003       8.903530  yes
     000004       8.903532  yes
     000005      22.764594  yes
     000006      22.764594  yes
     000007      22.874070  yes
     000008      29.812866  yes
     ---------------------------------
     k(000006) = (   0.0000000   0.2500000   0.2500000) cryst. coord.
     band      QP en. [eV] conv
     000001      -7.491972  yes
     000002       7.084985  yes
     000003       7.574468  yes
     000004       7.574468  yes
     000005      18.456610  yes
     000006      24.338668  yes
     000007      25.916503  yes
     000008      25.916503  yes
     ---------------------------------
     k(000007) = (   0.0000000   0.2500000  -0.5000000) cryst. coord.
     band      QP en. [eV] conv
     000001      -3.924562  yes
     000002       0.813752  yes
     000003       4.846116  yes
     000004       6.756412  yes
     000005      20.113823  yes
     000006      25.607674  yes
     000007      27.134694  yes
     000008      27.526165  yes
     ---------------------------------
     k(000008) = (   0.0000000   0.2500000  -0.2500000) cryst. coord.
     band      QP en. [eV] conv
     000001      -5.501010  yes
     000002       2.820865  yes
     000003       3.976095  yes
     000004       8.694495  yes
     000005      22.073425  yes
     000006      24.385920  yes
     000007      26.540755  yes
     000008      28.060310  yes
     ---------------------------------
     k(000011) = (   0.0000000  -0.5000000  -0.5000000) cryst. coord.
     band      QP en. [eV] conv
     000001      -1.397891  yes
     000002      -1.397892  yes
     000003       5.275192  yes
     000004       5.275192  yes
     000005      18.677494  yes
     000006      18.677493  yes
     000007      31.079720  yes
     000008      31.079720  yes
     ---------------------------------
     k(000028) = (   0.2500000  -0.5000000  -0.2500000) cryst. coord.
     band      QP en. [eV] conv
     000001      -0.429142  yes
     000002      -0.429144  yes
     000003       3.274789  yes
     000004       3.274790  yes
     000005      24.751711  yes
     000006      24.751711  yes
     000007      26.559869  yes
     000008      26.559869  yes
     ---------------------------------
     --------------------------------------------------------------------------------------------
       
     --------------------------------------------------------------------------------------------
     Sigma_C                                                             
     --------------------------------------------------------------------------------------------
     Integrating along the IM axis...
     --------------------------------------------------------------------------------------------
     in progress... |#                   | 005% :               00.9s (E)               19.4s (X)
     in progress... |##                  | 010% :               01.9s (E)               19.5s (X)
     --------------------------------------------------------------------------------------------
     Residues along the RE axis...
     --------------------------------------------------------------------------------------------
     in progress... |#                   | 005% :             < 00.1s (E)             < 00.1s (X)
     in progress... |##                  | 010% :             < 00.1s (E)             < 00.1s (X)
     --------------------------------------------------------------------------------------------

     --------------------------------------------------------------------------------------------
     Iter: 000009
     k(000001) = (   0.0000000   0.0000000   0.0000000) cryst. coord.
     band      QP en. [eV] conv
     000001     -10.190926  yes
     000002      11.828337  yes
     000003      11.828337  yes
     000004      11.828338  yes
     000005      19.798243  yes
     000006      19.798244  yes
     000007      19.798243  yes
     000008      27.268404  yes
     ---------------------------------
     k(000002) = (   0.0000000   0.0000000   0.2500000) cryst. coord.
     band      QP en. [eV] conv
     000001      -8.413517   no
     000002       5.025605  yes
     000003      10.036926  yes
     000004      10.036924  yes
     000005      22.060915  yes
     000006      22.060915  yes
     000007      22.239461  yes
     000008      28.713966  yes
     ---------------------------------
     k(000003) = (   0.0000000   0.0000000  -0.5000000) cryst. coord.
     band      QP en. [eV] conv
     000001      -4.117541  yes
     000002      -1.754573  yes
     000003       8.903530  yes
     000004       8.903532  yes
     000005      22.764594  yes
     000006      22.764594  yes
     000007      22.874070  yes
     000008      29.812866  yes
     ---------------------------------
     k(000006) = (   0.0000000   0.2500000   0.2500000) cryst. coord.
     band      QP en. [eV] conv
     000001      -7.491972  yes
     000002       7.084985  yes
     000003       7.574468  yes
     000004       7.574468  yes
     000005      18.456610  yes
     000006      24.338668  yes
     000007      25.916503  yes
     000008      25.916503  yes
     ---------------------------------
     k(000007) = (   0.0000000   0.2500000  -0.5000000) cryst. coord.
     band      QP en. [eV] conv
     000001      -3.924562  yes
     000002       0.813752  yes
     000003       4.846116  yes
     000004       6.756412  yes
     000005      20.113823  yes
     000006      25.607674  yes
     000007      27.134694  yes
     000008      27.526165  yes
     ---------------------------------
     k(000008) = (   0.0000000   0.2500000  -0.2500000) cryst. coord.
     band      QP en. [eV] conv
     000001      -5.501010  yes
     000002       2.820865  yes
     000003       3.976095  yes
     000004       8.694495  yes
     000005      22.073425  yes
     000006      24.385920  yes
     000007      26.540755  yes
     000008      28.060310  yes
     ---------------------------------
     k(000011) = (   0.0000000  -0.5000000  -0.5000000) cryst. coord.
     band      QP en. [eV] conv
     000001      -1.397891  yes
     000002      -1.397892  yes
     000003       5.275192  yes
     000004       5.275192  yes
     000005      18.677494  yes
     000006      18.677493  yes
     000007      31.079720  yes
     000008      31.079720  yes
     ---------------------------------
     k(000028) = (   0.2500000  -0.5000000  -0.2500000) cryst. coord.
     band      QP en. [eV] conv
     000001      -0.429142  yes
     000002      -0.429144  yes
     000003       3.274789  yes
     000004       3.274790  yes
     000005      24.751711  yes
     000006      24.751711  yes
     000007      26.559869  yes
     000008      26.559869  yes
     ---------------------------------
     --------------------------------------------------------------------------------------------
       
     --------------------------------------------------------------------------------------------
     Sigma_C                                                             
     --------------------------------------------------------------------------------------------
     Integrating along the IM axis...
     --------------------------------------------------------------------------------------------
     in progress... |#                   | 005% :               00.9s (E)               19.5s (X)
     in progress... |##                  | 010% :               01.9s (E)               19.7s (X)
     --------------------------------------------------------------------------------------------
     Residues along the RE axis...
     --------------------------------------------------------------------------------------------
     in progress... |#                   | 005% :             < 00.1s (E)             < 00.1s (X)
     in progress... |##                  | 010% :             < 00.1s (E)             < 00.1s (X)
     --------------------------------------------------------------------------------------------
       
     --------------------------------------------------------------------------------------------
     CONVERGENCE ACHIEVED !!!                                            
     --------------------------------------------------------------------------------------------

     --------------------------------------------------------------------------------------------
     k(000001) = (   0.0000000   0.0000000   0.0000000) cryst. coord.
     band      QP en. [eV] conv
     000001     -10.190926  yes
     000002      11.828337  yes
     000003      11.828337  yes
     000004      11.828338  yes
     000005      19.798243  yes
     000006      19.798244  yes
     000007      19.798243  yes
     000008      27.268404  yes
     ---------------------------------
     k(000002) = (   0.0000000   0.0000000   0.2500000) cryst. coord.
     band      QP en. [eV] conv
     000001      -8.363610  yes
     000002       5.025605  yes
     000003      10.036926  yes
     000004      10.036924  yes
     000005      22.060915  yes
     000006      22.060915  yes
     000007      22.239461  yes
     000008      28.713966  yes
     ---------------------------------
     k(000003) = (   0.0000000   0.0000000  -0.5000000) cryst. coord.
     band      QP en. [eV] conv
     000001      -4.117541  yes
     000002      -1.754573  yes
     000003       8.903530  yes
     000004       8.903532  yes
     000005      22.764594  yes
     000006      22.764594  yes
     000007      22.874070  yes
     000008      29.812866  yes
     ---------------------------------
     k(000006) = (   0.0000000   0.2500000   0.2500000) cryst. coord.
     band      QP en. [eV] conv
     000001      -7.491972  yes
     000002       7.084985  yes
     000003       7.574468  yes
     000004       7.574468  yes
     000005      18.456610  yes
     000006      24.338668  yes
     000007      25.916503  yes
     000008      25.916503  yes
     ---------------------------------
     k(000007) = (   0.0000000   0.2500000  -0.5000000) cryst. coord.
     band      QP en. [eV] conv
     000001      -3.924562  yes
     000002       0.813752  yes
     000003       4.846116  yes
     000004       6.756412  yes
     000005      20.113823  yes
     000006      25.607674  yes
     000007      27.134694  yes
     000008      27.526165  yes
     ---------------------------------
     k(000008) = (   0.0000000   0.2500000  -0.2500000) cryst. coord.
     band      QP en. [eV] conv
     000001      -5.501010  yes
     000002       2.820865  yes
     000003       3.976095  yes
     000004       8.694495  yes
     000005      22.073425  yes
     000006      24.385920  yes
     000007      26.540755  yes
     000008      28.060310  yes
     ---------------------------------
     k(000011) = (   0.0000000  -0.5000000  -0.5000000) cryst. coord.
     band      QP en. [eV] conv
     000001      -1.397891  yes
     000002      -1.397892  yes
     000003       5.275192  yes
     000004       5.275192  yes
     000005      18.677494  yes
     000006      18.677493  yes
     000007      31.079720  yes
     000008      31.079720  yes
     ---------------------------------
     k(000028) = (   0.2500000  -0.5000000  -0.2500000) cryst. coord.
     band      QP en. [eV] conv
     000001      -0.429142  yes
     000002      -0.429144  yes
     000003       3.274789  yes
     000004       3.274790  yes
     000005      24.751711  yes
     000006      24.751711  yes
     000007      26.559869  yes
     000008      26.559869  yes
     ---------------------------------
     --------------------------------------------------------------------------------------------
 
     Number of q in the star =    1
     List of q in the star:
          1   0.000000000   0.000000000   0.000000000
 
     Number of q in the star =    4
     List of q in the star:
          1  -0.250000000   0.250000000  -0.250000000
          2   0.250000000  -0.250000000  -0.250000000
          3   0.250000000   0.250000000   0.250000000
          4  -0.250000000  -0.250000000   0.250000000
     In addition there is the -q list: 
          1   0.250000000  -0.250000000   0.250000000
          2  -0.250000000   0.250000000   0.250000000
          3  -0.250000000  -0.250000000  -0.250000000
          4   0.250000000   0.250000000  -0.250000000
 
     Number of q in the star =    4
     List of q in the star:
          1   0.500000000  -0.500000000   0.500000000
          2  -0.500000000   0.500000000   0.500000000
          3  -0.500000000  -0.500000000  -0.500000000
          4   0.500000000   0.500000000  -0.500000000
 
     Number of q in the star =    6
     List of q in the star:
          1   0.000000000   0.500000000   0.000000000
          2   0.000000000  -0.500000000   0.000000000
          3   0.500000000   0.000000000   0.000000000
          4  -0.500000000   0.000000000   0.000000000
          5   0.000000000   0.000000000   0.500000000
          6   0.000000000   0.000000000  -0.500000000
 
     Number of q in the star =   12
     List of q in the star:
          1   0.750000000  -0.250000000   0.750000000
          2  -0.750000000   0.250000000   0.750000000
          3  -0.750000000  -0.250000000  -0.750000000
          4   0.750000000   0.250000000  -0.750000000
          5  -0.250000000   0.750000000   0.750000000
          6   0.250000000   0.750000000  -0.750000000
          7  -0.250000000  -0.750000000  -0.750000000
          8   0.250000000  -0.750000000   0.750000000
          9   0.750000000   0.750000000  -0.250000000
         10   0.750000000  -0.750000000   0.250000000
         11  -0.750000000  -0.750000000  -0.250000000
         12  -0.750000000   0.750000000   0.250000000
     In addition there is the -q list: 
          1  -0.750000000   0.250000000  -0.750000000
          2   0.750000000  -0.250000000  -0.750000000
          3   0.750000000   0.250000000   0.750000000
          4  -0.750000000  -0.250000000   0.750000000
          5   0.250000000  -0.750000000  -0.750000000
          6  -0.250000000  -0.750000000   0.750000000
          7   0.250000000   0.750000000   0.750000000
          8  -0.250000000   0.750000000  -0.750000000
          9  -0.750000000  -0.750000000   0.250000000
         10  -0.750000000   0.750000000  -0.250000000
         11   0.750000000   0.750000000   0.250000000
         12   0.750000000  -0.750000000  -0.250000000
 
     Number of q in the star =   12
     List of q in the star:
          1   0.500000000   0.000000000   0.500000000
          2  -0.500000000   0.000000000   0.500000000
          3  -0.500000000   0.000000000  -0.500000000
          4   0.500000000   0.000000000  -0.500000000
          5   0.000000000   0.500000000   0.500000000
          6   0.000000000   0.500000000  -0.500000000
          7   0.000000000  -0.500000000  -0.500000000
          8   0.000000000  -0.500000000   0.500000000
          9   0.500000000   0.500000000   0.000000000
         10   0.500000000  -0.500000000   0.000000000
         11  -0.500000000  -0.500000000   0.000000000
         12  -0.500000000   0.500000000   0.000000000
 
     Number of q in the star =    3
     List of q in the star:
          1   0.000000000  -1.000000000   0.000000000
          2  -1.000000000   0.000000000   0.000000000
          3   0.000000000   0.000000000  -1.000000000
 
     Number of q in the star =    6
     List of q in the star:
          1  -0.500000000  -1.000000000   0.000000000
          2   0.500000000   1.000000000   0.000000000
          3  -1.000000000   0.000000000  -0.500000000
          4   1.000000000   0.000000000   0.500000000
          5   0.000000000  -0.500000000  -1.000000000
          6   0.000000000   0.500000000   1.000000000
      
     --------------------------------------------------------------------------------------------
     SAVE written in 00.8s               
     In location : ./c.wfreq.save
     --------------------------------------------------------------------------------------------
     WFREQ        :     1h21m CPU        1h32m WALL

     wfreq_readin :      3.31s CPU      3.86s WALL (       1 calls)
     fetch_input  :      0.00s CPU      0.01s WALL (       2 calls)
     read_xml     :      0.65s CPU      0.98s WALL (       1 calls)
     init_vloc    :      0.00s CPU      0.00s WALL (       2 calls)
     fft          :      2.40s CPU      3.42s WALL (   65540 calls)
     fft_scatter  :    880.79s CPU    990.47s WALL (38541028 calls)
     v_of_rho     :      0.00s CPU      0.00s WALL (       1 calls)
     v_xc         :      0.00s CPU      0.00s WALL (       2 calls)
     v_h          :      0.00s CPU      0.00s WALL (       1 calls)
     read_wave    :      2.65s CPU      2.86s WALL (       1 calls)
     davcio       :      2.51s CPU      3.62s WALL (   38089 calls)
     init_us_1    :      0.00s CPU      0.01s WALL (       2 calls)
     do_setup     :      0.01s CPU      0.02s WALL (       1 calls)
     init_pw_ar   :      0.01s CPU      0.01s WALL (       1 calls)
     init_at_1    :      0.00s CPU      0.00s WALL (       1 calls)
     solve_hf     :     12.42s CPU     15.97s WALL (       1 calls)
     sigmavxc     :      0.01s CPU      0.02s WALL (       1 calls)
     init_us_2    :      0.09s CPU      0.10s WALL (    4736 calls)
     fftw         :   1034.70s CPU   1160.25s WALL (38475488 calls)
     sigmax       :     12.41s CPU     15.93s WALL (       1 calls)
     sqvc_init    :      0.19s CPU      0.22s WALL (   36872 calls)
     wlanczos     :    973.40s CPU   1035.41s WALL (       1 calls)
     commutator_H :      0.39s CPU      0.40s WALL (     768 calls)
     stres_us31   :      0.00s CPU      0.00s WALL (     768 calls)
     stres_us32   :      0.00s CPU      0.00s WALL (     768 calls)
     stres_us33   :      0.00s CPU      0.00s WALL (     768 calls)
     stres_us34   :      0.00s CPU      0.00s WALL (     768 calls)
     calbec       :      9.64s CPU     10.87s WALL (  191278 calls)
     alphapc      :    133.73s CPU    140.56s WALL (  192768 calls)
     linstern     :      1.39s CPU      1.54s WALL (     256 calls)
     stern        :      1.19s CPU      1.32s WALL (    5422 calls)
     h_psi_bgrp   :   1075.79s CPU   1204.50s WALL (  189742 calls)
     h_psi        :   1075.22s CPU   1203.94s WALL (  189742 calls)
     h_psi:pot    :   1074.07s CPU   1202.67s WALL (  189742 calls)
     vloc_psi     :   1060.93s CPU   1187.87s WALL (  189742 calls)
     h_psi:calbec :      9.82s CPU     11.09s WALL (  189742 calls)
     add_vuspsi   :      2.23s CPU      2.52s WALL (  189742 calls)
     alphapv      :      0.08s CPU      0.09s WALL (    5422 calls)
     lan_H        :   1204.92s CPU   1343.70s WALL (    6144 calls)
     brak         :    438.79s CPU    445.75s WALL (    6144 calls)
     chi0_diag    :      3.70s CPU      3.92s WALL (       1 calls)
     glanczos     :   3867.84s CPU   4422.14s WALL (       1 calls)
     solve_qp     :     32.95s CPU     35.64s WALL (       1 calls)
     sigmac_i     :     29.00s CPU     29.92s WALL (      12 calls)
     sigmac_r     :      0.07s CPU      0.08s WALL (      12 calls)
     wfreq_db     :      0.56s CPU      0.85s WALL (       1 calls)
 
     WFREQ        :     1h21m CPU        1h32m WALL

 
   This run was terminated on:  14: 0:48   4Jan2021            

=------------------------------------------------------------------------------=
   JOB DONE.
=------------------------------------------------------------------------------=
