
     Program WFREQ v. 3.1.1 starts on  4Jan2021 at 10:22:13 

     This program is part of the open-source West suite
     for massively parallel calculations of excited states in materials; please cite
         "M. Govoni et al., J. Chem. Theory Comput. 11, 2680 (2015);
          URL http://www.west-code.org", 
     in publications or presentations arising from this work.

     Based on the Quantum ESPRESSO v. 6.1 svn rev. 13369

     I/O is Little Endian
       
     --------------------------------------------------------------------------------------------
     **MPI** Parallelization Status                                      
     --------------------------------------------------------------------------------------------
                    80                   4             1             1            20
     --------------------------------------------------------------------------------------------
                     N         =         I      X      P      X      B      X      Z
                     ^                   ^             ^             ^             ^
                     |                   |             |             |             |
                   #rnk                  |             |             |             |
                                      #image           |             |             |
                                                     #pool           |             |
                                                                   #bgrp           |
                                                                                 #R&G
     --------------------------------------------------------------------------------------------
     **OPENMP** Parallelization Status
     #thr/rnk               =            1
     --------------------------------------------------------------------------------------------
     #prc = (rnk) * (thr) =           80
     --------------------------------------------------------------------------------------------
       
     --------------------------------------------------------------------------------------------
     I/O Summary : input_west                                            
     --------------------------------------------------------------------------------------------
     qe_prefix      = c
     west_prefix    = c
     outdir         = ./
     --------------------------------------------------------------------------------------------

     Reading data from directory:
     ./c.save

   Info: using nr1, nr2, nr3 values from input

   Info: using nr1, nr2, nr3 values from input

     IMPORTANT: XC functional enforced from input :
     Exchange-correlation      = PZ ( 1  1  0  0 0 0)
     Any further DFT definition will be discarded
     Please, verify this is what you really want

               file C.pz-mt.fhi.UPF: wavefunction(s)  3d renormalized
 
     Parallelization info
     --------------------
     sticks:   dense  smooth     PW     G-vecs:    dense   smooth      PW
     Min          18      18      6                  233      233      46
     Max          19      19      7                  236      236      50
     Sum         367     367    121                 4693     4693     941
 
       
     --------------------------------------------------------------------------------------------
     I/O Summary : wstat_control                                         
     --------------------------------------------------------------------------------------------
     wstat_calculation              =              S
     n_pdep_eigen                   =            200
     n_pdep_times                   =              4
     n_pdep_maxiter                 =            100
     n_dfpt_maxiter                 =            250
     n_pdep_read_from_file          =              0
     trev_pdep                      =   1.000000E-03
     trev_pdep_rel                  =   1.000000E-01
     tr2_dfpt                       =   1.000000E-12
     l_kinetic_only                 =              F
     l_minimize_exx_if_active       =              F
     l_use_ecutrho                  =              F
     l_use_symm                     =              T
     nq(1)                          =              4
     nq(2)                          =              4
     nq(3)                          =              4
     --------------------------------------------------------------------------------------------
       
     --------------------------------------------------------------------------------------------
     I/O Summary : wfreq_control                                         
     --------------------------------------------------------------------------------------------
     wfreq_calculation                        =           XWGQ
     n_pdep_eigen_to_use                      =            200
     qp_bandrange(1)                          =              1
     qp_bandrange(2)                          =              8
     macropol_calculation                     =              C
     n_lanczos                                =             30
     n_imfreq                                 =            500
     n_refreq                                 =            500
     ecut_imfreq [Ry]                         =     240.000000
     ecut_refreq [Ry]                         =       3.000000
     wfreq_eta [Ry]                           =       0.003675
     n_secant_maxiter                         =            200
     trev_secant [Ry]                         =       0.003676
     l_enable_lanczos                         =              T
     l_enable_gwetot                          =              F
     o_restart_time [min]                     =      -1.000000
     ecut_spectralf(1) [Ry]                   =      -2.000000
     ecut_spectralf(2) [Ry]                   =       2.000000
     n_spectralf                              =             10
     l_read_common_pdep                       =              F
     l_enable_gb_curvature                    =              T
     --------------------------------------------------------------------------------------------
       
     --------------------------------------------------------------------------------------------
     System Overview                                                     
     --------------------------------------------------------------------------------------------
     gamma_only           =              F
     ecutwfc [Ry]         =      60.000000
     ecutrho [Ry]         =     240.000000
     omega [au^3]         =   7.530614E+01
     nbnd                 =              8
     nkstot               =             64
     nspin                =              1
     nelec                =       8.000000
     npol                 =              1
     lsda                 =              F
     noncolin             =              F
     lspinorb             =              F
     domag                =              F
     --------------------------------------------------------------------------------------------

     3DFFT grid
        s : (  24,  24,  24)
        p : (  24,  24,  24)

     Direct Lattice Cell [a.u.]
        a1 = (    -3.3517128     0.0000000     3.3517128)
        a2 = (     0.0000000     3.3517128     3.3517128)
        a3 = (    -3.3517128     3.3517128     0.0000000)

     Reciprocal Lattice Cell [a.u.]
        b1 = (    -0.9373096    -0.9373096     0.9373096)
        b2 = (     0.9373096     0.9373096     0.9373096)
        b3 = (    -0.9373096     0.9373096    -0.9373096)
      

     Brillouin Zone sampling [cryst. coord.]
 
        k(000001) = (     0.0000000     0.0000000     0.0000000)
        k(000002) = (     0.0000000     0.0000000     0.2500000)
        k(000003) = (     0.0000000     0.0000000    -0.5000000)
        k(000004) = (     0.0000000     0.0000000    -0.2500000)
        k(000005) = (     0.0000000     0.2500000     0.0000000)
        k(000006) = (     0.0000000     0.2500000     0.2500000)
        k(000007) = (     0.0000000     0.2500000    -0.5000000)
        k(000008) = (     0.0000000     0.2500000    -0.2500000)
        k(000009) = (     0.0000000    -0.5000000     0.0000000)
        k(000010) = (     0.0000000    -0.5000000     0.2500000)
        k(000011) = (     0.0000000    -0.5000000    -0.5000000)
        k(000012) = (     0.0000000    -0.5000000    -0.2500000)
        k(000013) = (     0.0000000    -0.2500000     0.0000000)
        k(000014) = (     0.0000000    -0.2500000     0.2500000)
        k(000015) = (     0.0000000    -0.2500000    -0.5000000)
        k(000016) = (     0.0000000    -0.2500000    -0.2500000)
        k(000017) = (     0.2500000     0.0000000     0.0000000)
        k(000018) = (     0.2500000     0.0000000     0.2500000)
        k(000019) = (     0.2500000     0.0000000    -0.5000000)
        k(000020) = (     0.2500000     0.0000000    -0.2500000)
        k(000021) = (     0.2500000     0.2500000     0.0000000)
        k(000022) = (     0.2500000     0.2500000     0.2500000)
        k(000023) = (     0.2500000     0.2500000    -0.5000000)
        k(000024) = (     0.2500000     0.2500000    -0.2500000)
        k(000025) = (     0.2500000    -0.5000000     0.0000000)
        k(000026) = (     0.2500000    -0.5000000     0.2500000)
        k(000027) = (     0.2500000    -0.5000000    -0.5000000)
        k(000028) = (     0.2500000    -0.5000000    -0.2500000)
        k(000029) = (     0.2500000    -0.2500000     0.0000000)
        k(000030) = (     0.2500000    -0.2500000     0.2500000)
        k(000031) = (     0.2500000    -0.2500000    -0.5000000)
        k(000032) = (     0.2500000    -0.2500000    -0.2500000)
        k(000033) = (    -0.5000000     0.0000000     0.0000000)
        k(000034) = (    -0.5000000     0.0000000     0.2500000)
        k(000035) = (    -0.5000000     0.0000000    -0.5000000)
        k(000036) = (    -0.5000000     0.0000000    -0.2500000)
        k(000037) = (    -0.5000000     0.2500000     0.0000000)
        k(000038) = (    -0.5000000     0.2500000     0.2500000)
        k(000039) = (    -0.5000000     0.2500000    -0.5000000)
        k(000040) = (    -0.5000000     0.2500000    -0.2500000)
        k(000041) = (    -0.5000000    -0.5000000     0.0000000)
        k(000042) = (    -0.5000000    -0.5000000     0.2500000)
        k(000043) = (    -0.5000000    -0.5000000    -0.5000000)
        k(000044) = (    -0.5000000    -0.5000000    -0.2500000)
        k(000045) = (    -0.5000000    -0.2500000     0.0000000)
        k(000046) = (    -0.5000000    -0.2500000     0.2500000)
        k(000047) = (    -0.5000000    -0.2500000    -0.5000000)
        k(000048) = (    -0.5000000    -0.2500000    -0.2500000)
        k(000049) = (    -0.2500000     0.0000000     0.0000000)
        k(000050) = (    -0.2500000     0.0000000     0.2500000)
        Printing only first 50 k points...
 
        q(000001) = (     0.0000000     0.0000000     0.0000000)
        q(000002) = (     0.0000000     0.0000000     0.2500000)
        q(000003) = (     0.0000000     0.0000000    -0.5000000)
        q(000004) = (     0.0000000     0.0000000    -0.2500000)
        q(000005) = (     0.0000000     0.2500000     0.0000000)
        q(000006) = (     0.0000000     0.2500000     0.2500000)
        q(000007) = (     0.0000000     0.2500000    -0.5000000)
        q(000008) = (     0.0000000     0.2500000    -0.2500000)
        q(000009) = (     0.0000000    -0.5000000     0.0000000)
        q(000010) = (     0.0000000    -0.5000000     0.2500000)
        q(000011) = (     0.0000000    -0.5000000    -0.5000000)
        q(000012) = (     0.0000000    -0.5000000    -0.2500000)
        q(000013) = (     0.0000000    -0.2500000     0.0000000)
        q(000014) = (     0.0000000    -0.2500000     0.2500000)
        q(000015) = (     0.0000000    -0.2500000    -0.5000000)
        q(000016) = (     0.0000000    -0.2500000    -0.2500000)
        q(000017) = (     0.2500000     0.0000000     0.0000000)
        q(000018) = (     0.2500000     0.0000000     0.2500000)
        q(000019) = (     0.2500000     0.0000000    -0.5000000)
        q(000020) = (     0.2500000     0.0000000    -0.2500000)
        q(000021) = (     0.2500000     0.2500000     0.0000000)
        q(000022) = (     0.2500000     0.2500000     0.2500000)
        q(000023) = (     0.2500000     0.2500000    -0.5000000)
        q(000024) = (     0.2500000     0.2500000    -0.2500000)
        q(000025) = (     0.2500000    -0.5000000     0.0000000)
        q(000026) = (     0.2500000    -0.5000000     0.2500000)
        q(000027) = (     0.2500000    -0.5000000    -0.5000000)
        q(000028) = (     0.2500000    -0.5000000    -0.2500000)
        q(000029) = (     0.2500000    -0.2500000     0.0000000)
        q(000030) = (     0.2500000    -0.2500000     0.2500000)
        q(000031) = (     0.2500000    -0.2500000    -0.5000000)
        q(000032) = (     0.2500000    -0.2500000    -0.2500000)
        q(000033) = (    -0.5000000     0.0000000     0.0000000)
        q(000034) = (    -0.5000000     0.0000000     0.2500000)
        q(000035) = (    -0.5000000     0.0000000    -0.5000000)
        q(000036) = (    -0.5000000     0.0000000    -0.2500000)
        q(000037) = (    -0.5000000     0.2500000     0.0000000)
        q(000038) = (    -0.5000000     0.2500000     0.2500000)
        q(000039) = (    -0.5000000     0.2500000    -0.5000000)
        q(000040) = (    -0.5000000     0.2500000    -0.2500000)
        q(000041) = (    -0.5000000    -0.5000000     0.0000000)
        q(000042) = (    -0.5000000    -0.5000000     0.2500000)
        q(000043) = (    -0.5000000    -0.5000000    -0.5000000)
        q(000044) = (    -0.5000000    -0.5000000    -0.2500000)
        q(000045) = (    -0.5000000    -0.2500000     0.0000000)
        q(000046) = (    -0.5000000    -0.2500000     0.2500000)
        q(000047) = (    -0.5000000    -0.2500000    -0.5000000)
        q(000048) = (    -0.5000000    -0.2500000    -0.2500000)
        q(000049) = (    -0.2500000     0.0000000     0.0000000)
        q(000050) = (    -0.2500000     0.0000000     0.2500000)
        Printing only first 50 q points...
       
     --------------------------------------------------------------------------------------------
     Parallelization for npdep                                           
     --------------------------------------------------------------------------------------------
     nglob                =            200
     nlevel               =              4
     Min nglob/nlevel     =             50
     Max nglob/nlevel     =             50
     --------------------------------------------------------------------------------------------
       
     --------------------------------------------------------------------------------------------
     Parallelization for npdep+macro                                     
     --------------------------------------------------------------------------------------------
     nglob                =            203
     nlevel               =              4
     Min nglob/nlevel     =             50
     Max nglob/nlevel     =             51
     --------------------------------------------------------------------------------------------
       
     --------------------------------------------------------------------------------------------
     Parallelization for n_imfreq                                        
     --------------------------------------------------------------------------------------------
     nglob                =            500
     nlevel               =             20
     Min nglob/nlevel     =             25
     Max nglob/nlevel     =             25
     --------------------------------------------------------------------------------------------
       
     --------------------------------------------------------------------------------------------
     Parallelization for n_refreq                                        
     --------------------------------------------------------------------------------------------
     nglob                =            500
     nlevel               =             20
     Min nglob/nlevel     =             25
     Max nglob/nlevel     =             25
     --------------------------------------------------------------------------------------------
       
     --------------------------------------------------------------------------------------------
     Parallelization for nbnd                                            
     --------------------------------------------------------------------------------------------
     nglob                =              8
     nlevel               =              4
     Min nglob/nlevel     =              2
     Max nglob/nlevel     =              2
     --------------------------------------------------------------------------------------------
     ===========================================================================
          nsym   =   24
          nrot   =   48
          nk_ibz =    8
          Q-point IBZ [ cart  coord ]
          xk(00000001) = (  0.000000  0.000000  0.000000) wk =   0.015625
          xk(00000002) = ( -0.250000  0.250000 -0.250000) wk =   0.125000
          xk(00000003) = (  0.500000 -0.500000  0.500000) wk =   0.062500
          xk(00000004) = (  0.000000  0.500000  0.000000) wk =   0.093750
          xk(00000005) = (  0.750000 -0.250000  0.750000) wk =   0.375000
          xk(00000006) = (  0.500000  0.000000  0.500000) wk =   0.187500
          xk(00000007) = (  0.000000 -1.000000  0.000000) wk =   0.046875
          xk(00000008) = ( -0.500000 -1.000000  0.000000) wk =   0.093750
          Q-point IBZ [ cryst coord ]
          xk(00000001) = (  0.000000  0.000000  0.000000) wk =   0.015625
          xk(00000002) = (  0.000000  0.000000  0.250000) wk =   0.125000
          xk(00000003) = (  0.000000  0.000000 -0.500000) wk =   0.062500
          xk(00000004) = (  0.000000  0.250000  0.250000) wk =   0.093750
          xk(00000005) = (  0.000000  0.250000 -0.500000) wk =   0.375000
          xk(00000006) = (  0.000000  0.250000 -0.250000) wk =   0.187500
          xk(00000007) = (  0.000000 -0.500000 -0.500000) wk =   0.046875
          xk(00000008) = (  0.250000 -0.500000 -0.250000) wk =   0.093750
     ===========================================================================
     ===========================================================================
          nsym   =   24
          nrot   =   48
          nq_ibz =    8
          Q-point IBZ [ cart  coord ]
          xq(00000001) = (  0.000000  0.000000  0.000000) wq =   0.015625
          xq(00000002) = ( -0.250000  0.250000 -0.250000) wq =   0.125000
          xq(00000003) = (  0.500000 -0.500000  0.500000) wq =   0.062500
          xq(00000004) = (  0.000000  0.500000  0.000000) wq =   0.093750
          xq(00000005) = (  0.750000 -0.250000  0.750000) wq =   0.375000
          xq(00000006) = (  0.500000  0.000000  0.500000) wq =   0.187500
          xq(00000007) = (  0.000000 -1.000000  0.000000) wq =   0.046875
          xq(00000008) = ( -0.500000 -1.000000  0.000000) wq =   0.093750
          Q-point IBZ [ cryst coord ]
          xq(00000001) = (  0.000000  0.000000  0.000000) wq =   0.015625
          xq(00000002) = (  0.000000  0.000000  0.250000) wq =   0.125000
          xq(00000003) = (  0.000000  0.000000 -0.500000) wq =   0.062500
          xq(00000004) = (  0.000000  0.250000  0.250000) wq =   0.093750
          xq(00000005) = (  0.000000  0.250000 -0.500000) wq =   0.375000
          xq(00000006) = (  0.000000  0.250000 -0.250000) wq =   0.187500
          xq(00000007) = (  0.000000 -0.500000 -0.500000) wq =   0.046875
          xq(00000008) = (  0.250000 -0.500000 -0.250000) wq =   0.093750
     ===========================================================================
       
     --------------------------------------------------------------------------------------------
     Hartree-Fock Exact E(X)change                                       
     --------------------------------------------------------------------------------------------
      
     --------------------------------------------------------------------------------------------
     Vxc
     --------------------------------------------------------------------------------------------
     in progress... |#                   | 005% :             < 00.1s (E)             < 00.1s (X)
     in progress... |##                  | 010% :             < 00.1s (E)             < 00.1s (X)
     in progress... |###                 | 015% :             < 00.1s (E)             < 00.1s (X)
     in progress... |####                | 020% :             < 00.1s (E)             < 00.1s (X)
     in progress... |#####               | 025% :             < 00.1s (E)             < 00.1s (X)
     in progress... |######              | 030% :             < 00.1s (E)             < 00.1s (X)
     in progress... |#######             | 035% :             < 00.1s (E)             < 00.1s (X)
     in progress... |########            | 040% :             < 00.1s (E)             < 00.1s (X)
     in progress... |#########           | 045% :             < 00.1s (E)             < 00.1s (X)
     in progress... |##########          | 050% :             < 00.1s (E)             < 00.1s (X)
     in progress... |###########         | 055% :             < 00.1s (E)             < 00.1s (X)
     in progress... |############        | 060% :             < 00.1s (E)             < 00.1s (X)
     in progress... |#############       | 065% :             < 00.1s (E)             < 00.1s (X)
     in progress... |##############      | 070% :             < 00.1s (E)             < 00.1s (X)
     in progress... |###############     | 075% :             < 00.1s (E)             < 00.1s (X)
     in progress... |################    | 080% :             < 00.1s (E)             < 00.1s (X)
     in progress... |#################   | 085% :             < 00.1s (E)             < 00.1s (X)
     in progress... |##################  | 090% :             < 00.1s (E)             < 00.1s (X)
     in progress... |################### | 095% :             < 00.1s (E)             < 00.1s (X)
     in progress... |####################| 100% :             < 00.1s (E)             < 00.1s (X)
     --------------------------------------------------------------------------------------------
      
     --------------------------------------------------------------------------------------------
     (X)-Sigma
     --------------------------------------------------------------------------------------------
     in progress... |#                   | 005% :               00.3s (E)               06.5s (X)
     in progress... |##                  | 010% :               00.6s (E)               06.5s (X)
     in progress... |###                 | 015% :               00.9s (E)               06.4s (X)
     in progress... |####                | 020% :               01.2s (E)               06.4s (X)
     in progress... |#####               | 025% :               01.5s (E)               06.3s (X)
     in progress... |######              | 030% :               01.9s (E)               06.3s (X)
     in progress... |#######             | 035% :               02.2s (E)               06.3s (X)
     in progress... |########            | 040% :               02.5s (E)               06.3s (X)
     in progress... |#########           | 045% :               04.6s (E)               10.4s (X)
     in progress... |##########          | 050% :               05.0s (E)               10.0s (X)
     in progress... |###########         | 055% :               05.3s (E)               09.7s (X)
     in progress... |############        | 060% :               05.6s (E)               09.4s (X)
     in progress... |#############       | 065% :               05.9s (E)               09.2s (X)
     in progress... |##############      | 070% :               06.3s (E)               09.0s (X)
     in progress... |###############     | 075% :               06.6s (E)               08.8s (X)
     in progress... |################    | 080% :               06.9s (E)               08.7s (X)
     in progress... |#################   | 085% :               07.2s (E)               08.5s (X)
     in progress... |##################  | 090% :               07.6s (E)               08.4s (X)
     in progress... |################### | 095% :               07.9s (E)               08.3s (X)
     in progress... |####################| 100% :               08.2s (E)               08.2s (X)
     --------------------------------------------------------------------------------------------
       
     --------------------------------------------------------------------------------------------
     (W)-Lanczos                                                         
     --------------------------------------------------------------------------------------------
     in progress... |#                   | 005% :               23.0s (E)           07m-41.4s (X)
     in progress... |##                  | 010% :               45.6s (E)           07m-36.1s (X)
     in progress... |###                 | 015% :           01m-08.2s (E)           07m-35.0s (X)
     in progress... |####                | 020% :           01m-30.5s (E)           07m-32.7s (X)
     in progress... |#####               | 025% :           01m-52.9s (E)           07m-31.9s (X)
     in progress... |######              | 030% :           02m-15.7s (E)           07m-32.4s (X)
     in progress... |#######             | 035% :           02m-38.2s (E)           07m-32.2s (X)
     in progress... |########            | 040% :           03m-01.0s (E)           07m-32.6s (X)
     in progress... |#########           | 045% :           03m-23.5s (E)           07m-32.3s (X)
     in progress... |##########          | 050% :           03m-46.1s (E)           07m-32.2s (X)
     in progress... |###########         | 055% :           04m-08.7s (E)           07m-32.3s (X)
     in progress... |############        | 060% :           04m-31.3s (E)           07m-32.2s (X)
     in progress... |#############       | 065% :           04m-54.0s (E)           07m-32.4s (X)
     in progress... |##############      | 070% :           05m-16.6s (E)           07m-32.3s (X)
     in progress... |###############     | 075% :           05m-39.2s (E)           07m-32.2s (X)
     in progress... |################    | 080% :           06m-01.9s (E)           07m-32.4s (X)
     in progress... |#################   | 085% :           06m-24.6s (E)           07m-32.5s (X)
     in progress... |##################  | 090% :           06m-47.4s (E)           07m-32.7s (X)
     in progress... |################### | 095% :           07m-10.2s (E)           07m-32.9s (X)
     in progress... |####################| 100% :           07m-32.8s (E)           07m-32.8s (X)
     --------------------------------------------------------------------------------------------
 
     Number of q in the star =    4
     List of q in the star:
          1  -0.250000000   0.250000000  -0.250000000
          2   0.250000000  -0.250000000  -0.250000000
          3   0.250000000   0.250000000   0.250000000
          4  -0.250000000  -0.250000000   0.250000000
     In addition there is the -q list: 
          1   0.250000000  -0.250000000   0.250000000
          2  -0.250000000   0.250000000   0.250000000
          3  -0.250000000  -0.250000000  -0.250000000
          4   0.250000000   0.250000000  -0.250000000
 
     Number of q in the star =    4
     List of q in the star:
          1   0.500000000  -0.500000000   0.500000000
          2  -0.500000000   0.500000000   0.500000000
          3  -0.500000000  -0.500000000  -0.500000000
          4   0.500000000   0.500000000  -0.500000000
 
     Number of q in the star =    6
     List of q in the star:
          1   0.000000000   0.500000000   0.000000000
          2   0.000000000  -0.500000000   0.000000000
          3   0.500000000   0.000000000   0.000000000
          4  -0.500000000   0.000000000   0.000000000
          5   0.000000000   0.000000000   0.500000000
          6   0.000000000   0.000000000  -0.500000000
 
     Number of q in the star =   12
     List of q in the star:
          1   0.750000000  -0.250000000   0.750000000
          2  -0.750000000   0.250000000   0.750000000
          3  -0.750000000  -0.250000000  -0.750000000
          4   0.750000000   0.250000000  -0.750000000
          5  -0.250000000   0.750000000   0.750000000
          6   0.250000000   0.750000000  -0.750000000
          7  -0.250000000  -0.750000000  -0.750000000
          8   0.250000000  -0.750000000   0.750000000
          9   0.750000000   0.750000000  -0.250000000
         10   0.750000000  -0.750000000   0.250000000
         11  -0.750000000  -0.750000000  -0.250000000
         12  -0.750000000   0.750000000   0.250000000
     In addition there is the -q list: 
          1  -0.750000000   0.250000000  -0.750000000
          2   0.750000000  -0.250000000  -0.750000000
          3   0.750000000   0.250000000   0.750000000
          4  -0.750000000  -0.250000000   0.750000000
          5   0.250000000  -0.750000000  -0.750000000
          6  -0.250000000  -0.750000000   0.750000000
          7   0.250000000   0.750000000   0.750000000
          8  -0.250000000   0.750000000  -0.750000000
          9  -0.750000000  -0.750000000   0.250000000
         10  -0.750000000   0.750000000  -0.250000000
         11   0.750000000   0.750000000   0.250000000
         12   0.750000000  -0.750000000  -0.250000000
 
     Number of q in the star =   12
     List of q in the star:
          1   0.500000000   0.000000000   0.500000000
          2  -0.500000000   0.000000000   0.500000000
          3  -0.500000000   0.000000000  -0.500000000
          4   0.500000000   0.000000000  -0.500000000
          5   0.000000000   0.500000000   0.500000000
          6   0.000000000   0.500000000  -0.500000000
          7   0.000000000  -0.500000000  -0.500000000
          8   0.000000000  -0.500000000   0.500000000
          9   0.500000000   0.500000000   0.000000000
         10   0.500000000  -0.500000000   0.000000000
         11  -0.500000000  -0.500000000   0.000000000
         12  -0.500000000   0.500000000   0.000000000
 
     Number of q in the star =    3
     List of q in the star:
          1   0.000000000  -1.000000000   0.000000000
          2  -1.000000000   0.000000000   0.000000000
          3   0.000000000   0.000000000  -1.000000000
 
     Number of q in the star =    6
     List of q in the star:
          1  -0.500000000  -1.000000000   0.000000000
          2   0.500000000   1.000000000   0.000000000
          3  -1.000000000   0.000000000  -0.500000000
          4   1.000000000   0.000000000   0.500000000
          5   0.000000000  -0.500000000  -1.000000000
          6   0.000000000   0.500000000   1.000000000
 
     Number of q in the star =    4
     List of q in the star:
          1  -0.250000000   0.250000000  -0.250000000
          2   0.250000000  -0.250000000  -0.250000000
          3   0.250000000   0.250000000   0.250000000
          4  -0.250000000  -0.250000000   0.250000000
     In addition there is the -q list: 
          1   0.250000000  -0.250000000   0.250000000
          2  -0.250000000   0.250000000   0.250000000
          3  -0.250000000  -0.250000000  -0.250000000
          4   0.250000000   0.250000000  -0.250000000
 
     Number of q in the star =    4
     List of q in the star:
          1   0.500000000  -0.500000000   0.500000000
          2  -0.500000000   0.500000000   0.500000000
          3  -0.500000000  -0.500000000  -0.500000000
          4   0.500000000   0.500000000  -0.500000000
 
     Number of q in the star =    6
     List of q in the star:
          1   0.000000000   0.500000000   0.000000000
          2   0.000000000  -0.500000000   0.000000000
          3   0.500000000   0.000000000   0.000000000
          4  -0.500000000   0.000000000   0.000000000
          5   0.000000000   0.000000000   0.500000000
          6   0.000000000   0.000000000  -0.500000000
 
     Number of q in the star =   12
     List of q in the star:
          1   0.750000000  -0.250000000   0.750000000
          2  -0.750000000   0.250000000   0.750000000
          3  -0.750000000  -0.250000000  -0.750000000
          4   0.750000000   0.250000000  -0.750000000
          5  -0.250000000   0.750000000   0.750000000
          6   0.250000000   0.750000000  -0.750000000
          7  -0.250000000  -0.750000000  -0.750000000
          8   0.250000000  -0.750000000   0.750000000
          9   0.750000000   0.750000000  -0.250000000
         10   0.750000000  -0.750000000   0.250000000
         11  -0.750000000  -0.750000000  -0.250000000
         12  -0.750000000   0.750000000   0.250000000
     In addition there is the -q list: 
          1  -0.750000000   0.250000000  -0.750000000
          2   0.750000000  -0.250000000  -0.750000000
          3   0.750000000   0.250000000   0.750000000
          4  -0.750000000  -0.250000000   0.750000000
          5   0.250000000  -0.750000000  -0.750000000
          6  -0.250000000  -0.750000000   0.750000000
          7   0.250000000   0.750000000   0.750000000
          8  -0.250000000   0.750000000  -0.750000000
          9  -0.750000000  -0.750000000   0.250000000
         10  -0.750000000   0.750000000  -0.250000000
         11   0.750000000   0.750000000   0.250000000
         12   0.750000000  -0.750000000  -0.250000000
 
     Number of q in the star =   12
     List of q in the star:
          1   0.500000000   0.000000000   0.500000000
          2  -0.500000000   0.000000000   0.500000000
          3  -0.500000000   0.000000000  -0.500000000
          4   0.500000000   0.000000000  -0.500000000
          5   0.000000000   0.500000000   0.500000000
          6   0.000000000   0.500000000  -0.500000000
          7   0.000000000  -0.500000000  -0.500000000
          8   0.000000000  -0.500000000   0.500000000
          9   0.500000000   0.500000000   0.000000000
         10   0.500000000  -0.500000000   0.000000000
         11  -0.500000000  -0.500000000   0.000000000
         12  -0.500000000   0.500000000   0.000000000
 
     Number of q in the star =    3
     List of q in the star:
          1   0.000000000  -1.000000000   0.000000000
          2  -1.000000000   0.000000000   0.000000000
          3   0.000000000   0.000000000  -1.000000000
 
     Number of q in the star =    6
     List of q in the star:
          1  -0.500000000  -1.000000000   0.000000000
          2   0.500000000   1.000000000   0.000000000
          3  -1.000000000   0.000000000  -0.500000000
          4   1.000000000   0.000000000   0.500000000
          5   0.000000000  -0.500000000  -1.000000000
          6   0.000000000   0.500000000   1.000000000
       
     --------------------------------------------------------------------------------------------
     (G)-Lanczos                                                         
     --------------------------------------------------------------------------------------------
     in progress... |#                   | 005% :           01m-05.6s (E)           21m-53.0s (X)
     in progress... |##                  | 010% :           02m-07.5s (E)           21m-15.6s (X)
     in progress... |###                 | 015% :           03m-09.7s (E)           21m-05.2s (X)
     in progress... |####                | 020% :           04m-11.5s (E)           20m-57.7s (X)
     in progress... |#####               | 025% :           05m-12.9s (E)           20m-51.8s (X)
     in progress... |######              | 030% :           06m-14.9s (E)           20m-49.8s (X)
     in progress... |#######             | 035% :           07m-17.5s (E)           20m-50.0s (X)
     in progress... |########            | 040% :           08m-20.0s (E)           20m-50.0s (X)
     in progress... |#########           | 045% :           09m-22.4s (E)           20m-49.9s (X)
     in progress... |##########          | 050% :           10m-25.0s (E)           20m-50.1s (X)
     in progress... |###########         | 055% :           11m-27.0s (E)           20m-49.1s (X)
     in progress... |############        | 060% :           12m-29.7s (E)           20m-49.5s (X)
     in progress... |#############       | 065% :           13m-33.8s (E)           20m-52.0s (X)
     in progress... |##############      | 070% :           14m-35.3s (E)           20m-50.5s (X)
     in progress... |###############     | 075% :           15m-37.4s (E)           20m-49.8s (X)
     in progress... |################    | 080% :           16m-39.7s (E)           20m-49.7s (X)
     in progress... |#################   | 085% :           17m-41.4s (E)           20m-48.7s (X)
     in progress... |##################  | 090% :           18m-43.9s (E)           20m-48.8s (X)
     in progress... |################### | 095% :           19m-46.9s (E)           20m-49.3s (X)
     in progress... |####################| 100% :           20m-48.9s (E)           20m-48.9s (X)
     --------------------------------------------------------------------------------------------
       
     --------------------------------------------------------------------------------------------
     (Q)uasiparticle energies                                            
     --------------------------------------------------------------------------------------------
       
     --------------------------------------------------------------------------------------------
     Sigma_C                                                             
     --------------------------------------------------------------------------------------------
     Integrating along the IM axis...
     --------------------------------------------------------------------------------------------
     in progress... |#                   | 005% :               01.2s (E)               25.1s (X)
     in progress... |##                  | 010% :               02.4s (E)               24.1s (X)
     --------------------------------------------------------------------------------------------
     Residues along the RE axis...
     --------------------------------------------------------------------------------------------
     in progress... |#                   | 005% :             < 00.1s (E)             < 00.1s (X)
     in progress... |##                  | 010% :             < 00.1s (E)             < 00.1s (X)
     --------------------------------------------------------------------------------------------
       
     --------------------------------------------------------------------------------------------
     Sigma_C                                                             
     --------------------------------------------------------------------------------------------
     Integrating along the IM axis...
     --------------------------------------------------------------------------------------------
     in progress... |#                   | 005% :               00.9s (E)               18.8s (X)
     in progress... |##                  | 010% :               01.8s (E)               18.9s (X)
     --------------------------------------------------------------------------------------------
     Residues along the RE axis...
     --------------------------------------------------------------------------------------------
     in progress... |#                   | 005% :             < 00.1s (E)             < 00.1s (X)
     in progress... |##                  | 010% :             < 00.1s (E)             < 00.1s (X)
     --------------------------------------------------------------------------------------------

     --------------------------------------------------------------------------------------------
     Iter: 000000
     k(000001) = (   0.0000000   0.0000000   0.0000000) cryst. coord.
     band      QP en. [eV] conv
     000001     -10.032633   no
     000002      12.031154   no
     000003      12.031153   no
     000004      12.031154   no
     000005      19.675339   no
     000006      19.675340   no
     000007      19.675339   no
     000008      27.223761   no
     ---------------------------------
     k(000002) = (   0.0000000   0.0000000   0.2500000) cryst. coord.
     band      QP en. [eV] conv
     000001      -9.660852   no
     000002       5.042988   no
     000003      10.197918   no
     000004      10.197916   no
     000005      21.995979   no
     000006      21.995979   no
     000007      22.105120   no
     000008      28.814120   no
     ---------------------------------
     k(000003) = (   0.0000000   0.0000000  -0.5000000) cryst. coord.
     band      QP en. [eV] conv
     000001      -4.733434   no
     000002      -1.216122   no
     000003       9.029968   no
     000004       9.029971   no
     000005      22.694774   no
     000006      22.694775   no
     000007      22.800702   no
     000008      30.902583   no
     ---------------------------------
     k(000006) = (   0.0000000   0.2500000   0.2500000) cryst. coord.
     band      QP en. [eV] conv
     000001       5.461684   no
     000002       7.106629   no
     000003       7.690160   no
     000004       7.690160   no
     000005      18.311166   no
     000006      24.276308   no
     000007      25.904805   no
     000008      25.904805   no
     ---------------------------------
     k(000007) = (   0.0000000   0.2500000  -0.5000000) cryst. coord.
     band      QP en. [eV] conv
     000001      -3.761078   no
     000002       0.150724   no
     000003       4.864318   no
     000004       6.847460   no
     000005      20.002389   no
     000006      25.568244   no
     000007      27.194836   no
     000008      27.488440   no
     ---------------------------------
     k(000008) = (   0.0000000   0.2500000  -0.2500000) cryst. coord.
     band      QP en. [eV] conv
     000001      -4.546563   no
     000002       2.879136   no
     000003       4.053721   no
     000004       8.809253   no
     000005      21.974596   no
     000006      24.388842   no
     000007      26.871077   no
     000008      28.048277   no
     ---------------------------------
     k(000011) = (   0.0000000  -0.5000000  -0.5000000) cryst. coord.
     band      QP en. [eV] conv
     000001      -1.074197   no
     000002      -1.074197   no
     000003       5.325705   no
     000004       5.325706   no
     000005      18.570529   no
     000006      18.570528   no
     000007      31.187867   no
     000008      31.187864   no
     ---------------------------------
     k(000028) = (   0.2500000  -0.5000000  -0.2500000) cryst. coord.
     band      QP en. [eV] conv
     000001       0.072466   no
     000002       0.072466   no
     000003       3.311324   no
     000004       3.311321   no
     000005      24.708088   no
     000006      24.708091   no
     000007      26.528489   no
     000008      26.528489   no
     ---------------------------------
     --------------------------------------------------------------------------------------------
       
     --------------------------------------------------------------------------------------------
     Sigma_C                                                             
     --------------------------------------------------------------------------------------------
     Integrating along the IM axis...
     --------------------------------------------------------------------------------------------
     in progress... |#                   | 005% :               00.9s (E)               19.6s (X)
     in progress... |##                  | 010% :               01.8s (E)               18.8s (X)
     --------------------------------------------------------------------------------------------
     Residues along the RE axis...
     --------------------------------------------------------------------------------------------
     in progress... |#                   | 005% :             < 00.1s (E)             < 00.1s (X)
     in progress... |##                  | 010% :             < 00.1s (E)             < 00.1s (X)
     --------------------------------------------------------------------------------------------

     --------------------------------------------------------------------------------------------
     Iter: 000001
     k(000001) = (   0.0000000   0.0000000   0.0000000) cryst. coord.
     band      QP en. [eV] conv
     000001     -10.372020   no
     000002      12.037676  yes
     000003      12.037675  yes
     000004      12.037676  yes
     000005      19.672988  yes
     000006      19.672988  yes
     000007      19.672987  yes
     000008      27.223908  yes
     ---------------------------------
     k(000002) = (   0.0000000   0.0000000   0.2500000) cryst. coord.
     band      QP en. [eV] conv
     000001      -8.133232   no
     000002       5.044788  yes
     000003      10.206828  yes
     000004      10.206825  yes
     000005      21.992067  yes
     000006      21.992067  yes
     000007      22.103659  yes
     000008      28.691667   no
     ---------------------------------
     k(000003) = (   0.0000000   0.0000000  -0.5000000) cryst. coord.
     band      QP en. [eV] conv
     000001      -4.293913   no
     000002      -1.880475   no
     000003       9.038987  yes
     000004       9.038989  yes
     000005      22.690553  yes
     000006      22.690554  yes
     000007      22.801187  yes
     000008      29.753217   no
     ---------------------------------
     k(000006) = (   0.0000000   0.2500000   0.2500000) cryst. coord.
     band      QP en. [eV] conv
     000001      -7.687054   no
     000002       7.116037  yes
     000003       7.702299  yes
     000004       7.702299  yes
     000005      18.310296  yes
     000006      24.272269  yes
     000007      25.898839  yes
     000008      25.898839  yes
     ---------------------------------
     k(000007) = (   0.0000000   0.2500000  -0.5000000) cryst. coord.
     band      QP en. [eV] conv
     000001      -3.906559   no
     000002       0.715139   no
     000003       4.875060  yes
     000004       6.863165  yes
     000005      20.001187  yes
     000006      25.591229  yes
     000007      27.148088  yes
     000008      27.515161  yes
     ---------------------------------
     k(000008) = (   0.0000000   0.2500000  -0.2500000) cryst. coord.
     band      QP en. [eV] conv
     000001      -6.103986   no
     000002       2.831667  yes
     000003       4.000334   no
     000004       8.821371  yes
     000005      21.974346  yes
     000006      24.379577  yes
     000007      26.495529   no
     000008      28.051802  yes
     ---------------------------------
     k(000011) = (   0.0000000  -0.5000000  -0.5000000) cryst. coord.
     band      QP en. [eV] conv
     000001      -1.482272   no
     000002      -1.482272   no
     000003       5.348084  yes
     000004       5.348085  yes
     000005      18.569572  yes
     000006      18.569571  yes
     000007      31.126066   no
     000008      31.126064   no
     ---------------------------------
     k(000028) = (   0.2500000  -0.5000000  -0.2500000) cryst. coord.
     band      QP en. [eV] conv
     000001      -0.554182   no
     000002      -0.554181   no
     000003       3.298652  yes
     000004       3.298650  yes
     000005      24.699461  yes
     000006      24.699464  yes
     000007      26.595697   no
     000008      26.595697   no
     ---------------------------------
     --------------------------------------------------------------------------------------------
       
     --------------------------------------------------------------------------------------------
     Sigma_C                                                             
     --------------------------------------------------------------------------------------------
     Integrating along the IM axis...
     --------------------------------------------------------------------------------------------
     in progress... |#                   | 005% :               00.9s (E)               18.6s (X)
     in progress... |##                  | 010% :               01.9s (E)               19.0s (X)
     --------------------------------------------------------------------------------------------
     Residues along the RE axis...
     --------------------------------------------------------------------------------------------
     in progress... |#                   | 005% :             < 00.1s (E)             < 00.1s (X)
     in progress... |##                  | 010% :             < 00.1s (E)             < 00.1s (X)
     --------------------------------------------------------------------------------------------

     --------------------------------------------------------------------------------------------
     Iter: 000002
     k(000001) = (   0.0000000   0.0000000   0.0000000) cryst. coord.
     band      QP en. [eV] conv
     000001     -10.172789   no
     000002      12.037676  yes
     000003      12.037675  yes
     000004      12.037676  yes
     000005      19.672988  yes
     000006      19.672988  yes
     000007      19.672987  yes
     000008      27.223908  yes
     ---------------------------------
     k(000002) = (   0.0000000   0.0000000   0.2500000) cryst. coord.
     band      QP en. [eV] conv
     000001      -8.307396   no
     000002       5.044788  yes
     000003      10.206828  yes
     000004      10.206825  yes
     000005      21.992067  yes
     000006      21.992067  yes
     000007      22.103659  yes
     000008      28.639490   no
     ---------------------------------
     k(000003) = (   0.0000000   0.0000000  -0.5000000) cryst. coord.
     band      QP en. [eV] conv
     000001      -4.152325   no
     000002      -1.745916   no
     000003       9.038987  yes
     000004       9.038989  yes
     000005      22.690553  yes
     000006      22.690554  yes
     000007      22.801187  yes
     000008      29.804901   no
     ---------------------------------
     k(000006) = (   0.0000000   0.2500000   0.2500000) cryst. coord.
     band      QP en. [eV] conv
     000001      -7.384549   no
     000002       7.116037  yes
     000003       7.702299  yes
     000004       7.702299  yes
     000005      18.310296  yes
     000006      24.272269  yes
     000007      25.898839  yes
     000008      25.898839  yes
     ---------------------------------
     k(000007) = (   0.0000000   0.2500000  -0.5000000) cryst. coord.
     band      QP en. [eV] conv
     000001      -3.956984   no
     000002       0.779464   no
     000003       4.875060  yes
     000004       6.863165  yes
     000005      20.001187  yes
     000006      25.591229  yes
     000007      27.148088  yes
     000008      27.515161  yes
     ---------------------------------
     k(000008) = (   0.0000000   0.2500000  -0.2500000) cryst. coord.
     band      QP en. [eV] conv
     000001      -5.468928   no
     000002       2.831667  yes
     000003       4.002453  yes
     000004       8.821371  yes
     000005      21.974346  yes
     000006      24.379577  yes
     000007      26.496201  yes
     000008      28.051802  yes
     ---------------------------------
     k(000011) = (   0.0000000  -0.5000000  -0.5000000) cryst. coord.
     band      QP en. [eV] conv
     000001      -1.393081   no
     000002      -1.393082   no
     000003       5.348084  yes
     000004       5.348085  yes
     000005      18.569572  yes
     000006      18.569571  yes
     000007      31.143045  yes
     000008      31.143042  yes
     ---------------------------------
     k(000028) = (   0.2500000  -0.5000000  -0.2500000) cryst. coord.
     band      QP en. [eV] conv
     000001      -0.421176   no
     000002      -0.421175   no
     000003       3.298652  yes
     000004       3.298650  yes
     000005      24.699461  yes
     000006      24.699464  yes
     000007      26.590292  yes
     000008      26.590292  yes
     ---------------------------------
     --------------------------------------------------------------------------------------------
       
     --------------------------------------------------------------------------------------------
     Sigma_C                                                             
     --------------------------------------------------------------------------------------------
     Integrating along the IM axis...
     --------------------------------------------------------------------------------------------
     in progress... |#                   | 005% :               00.9s (E)               19.3s (X)
     in progress... |##                  | 010% :               01.8s (E)               18.8s (X)
     --------------------------------------------------------------------------------------------
     Residues along the RE axis...
     --------------------------------------------------------------------------------------------
     in progress... |#                   | 005% :             < 00.1s (E)             < 00.1s (X)
     in progress... |##                  | 010% :             < 00.1s (E)             < 00.1s (X)
     --------------------------------------------------------------------------------------------

     --------------------------------------------------------------------------------------------
     Iter: 000003
     k(000001) = (   0.0000000   0.0000000   0.0000000) cryst. coord.
     band      QP en. [eV] conv
     000001     -10.220619  yes
     000002      12.037676  yes
     000003      12.037675  yes
     000004      12.037676  yes
     000005      19.672988  yes
     000006      19.672988  yes
     000007      19.672987  yes
     000008      27.223908  yes
     ---------------------------------
     k(000002) = (   0.0000000   0.0000000   0.2500000) cryst. coord.
     band      QP en. [eV] conv
     000001      -9.309773   no
     000002       5.044788  yes
     000003      10.206828  yes
     000004      10.206825  yes
     000005      21.992067  yes
     000006      21.992067  yes
     000007      22.103659  yes
     000008      28.656382  yes
     ---------------------------------
     k(000003) = (   0.0000000   0.0000000  -0.5000000) cryst. coord.
     band      QP en. [eV] conv
     000001      -4.125370  yes
     000002      -1.770098  yes
     000003       9.038987  yes
     000004       9.038989  yes
     000005      22.690553  yes
     000006      22.690554  yes
     000007      22.801187  yes
     000008      29.817476  yes
     ---------------------------------
     k(000006) = (   0.0000000   0.2500000   0.2500000) cryst. coord.
     band      QP en. [eV] conv
     000001      -7.550059   no
     000002       7.116037  yes
     000003       7.702299  yes
     000004       7.702299  yes
     000005      18.310296  yes
     000006      24.272269  yes
     000007      25.898839  yes
     000008      25.898839  yes
     ---------------------------------
     k(000007) = (   0.0000000   0.2500000  -0.5000000) cryst. coord.
     band      QP en. [eV] conv
     000001      -3.922534  yes
     000002      -0.909465   no
     000003       4.875060  yes
     000004       6.863165  yes
     000005      20.001187  yes
     000006      25.591229  yes
     000007      27.148088  yes
     000008      27.515161  yes
     ---------------------------------
     k(000008) = (   0.0000000   0.2500000  -0.2500000) cryst. coord.
     band      QP en. [eV] conv
     000001      -5.426542  yes
     000002       2.831667  yes
     000003       4.002453  yes
     000004       8.821371  yes
     000005      21.974346  yes
     000006      24.379577  yes
     000007      26.496201  yes
     000008      28.051802  yes
     ---------------------------------
     k(000011) = (   0.0000000  -0.5000000  -0.5000000) cryst. coord.
     band      QP en. [eV] conv
     000001      -1.410128  yes
     000002      -1.410128  yes
     000003       5.348084  yes
     000004       5.348085  yes
     000005      18.569572  yes
     000006      18.569571  yes
     000007      31.143045  yes
     000008      31.143042  yes
     ---------------------------------
     k(000028) = (   0.2500000  -0.5000000  -0.2500000) cryst. coord.
     band      QP en. [eV] conv
     000001      -0.415717  yes
     000002      -0.415716  yes
     000003       3.298652  yes
     000004       3.298650  yes
     000005      24.699461  yes
     000006      24.699464  yes
     000007      26.590292  yes
     000008      26.590292  yes
     ---------------------------------
     --------------------------------------------------------------------------------------------
       
     --------------------------------------------------------------------------------------------
     Sigma_C                                                             
     --------------------------------------------------------------------------------------------
     Integrating along the IM axis...
     --------------------------------------------------------------------------------------------
     in progress... |#                   | 005% :               00.9s (E)               18.6s (X)
     in progress... |##                  | 010% :               01.8s (E)               18.5s (X)
     --------------------------------------------------------------------------------------------
     Residues along the RE axis...
     --------------------------------------------------------------------------------------------
     in progress... |#                   | 005% :             < 00.1s (E)             < 00.1s (X)
     in progress... |##                  | 010% :             < 00.1s (E)             < 00.1s (X)
     --------------------------------------------------------------------------------------------

     --------------------------------------------------------------------------------------------
     Iter: 000004
     k(000001) = (   0.0000000   0.0000000   0.0000000) cryst. coord.
     band      QP en. [eV] conv
     000001     -10.220619  yes
     000002      12.037676  yes
     000003      12.037675  yes
     000004      12.037676  yes
     000005      19.672988  yes
     000006      19.672988  yes
     000007      19.672987  yes
     000008      27.223908  yes
     ---------------------------------
     k(000002) = (   0.0000000   0.0000000   0.2500000) cryst. coord.
     band      QP en. [eV] conv
     000001      -8.458649   no
     000002       5.044788  yes
     000003      10.206828  yes
     000004      10.206825  yes
     000005      21.992067  yes
     000006      21.992067  yes
     000007      22.103659  yes
     000008      28.656382  yes
     ---------------------------------
     k(000003) = (   0.0000000   0.0000000  -0.5000000) cryst. coord.
     band      QP en. [eV] conv
     000001      -4.125370  yes
     000002      -1.770098  yes
     000003       9.038987  yes
     000004       9.038989  yes
     000005      22.690553  yes
     000006      22.690554  yes
     000007      22.801187  yes
     000008      29.817476  yes
     ---------------------------------
     k(000006) = (   0.0000000   0.2500000   0.2500000) cryst. coord.
     band      QP en. [eV] conv
     000001      -7.487545   no
     000002       7.116037  yes
     000003       7.702299  yes
     000004       7.702299  yes
     000005      18.310296  yes
     000006      24.272269  yes
     000007      25.898839  yes
     000008      25.898839  yes
     ---------------------------------
     k(000007) = (   0.0000000   0.2500000  -0.5000000) cryst. coord.
     band      QP en. [eV] conv
     000001      -3.922534  yes
     000002       0.837654   no
     000003       4.875060  yes
     000004       6.863165  yes
     000005      20.001187  yes
     000006      25.591229  yes
     000007      27.148088  yes
     000008      27.515161  yes
     ---------------------------------
     k(000008) = (   0.0000000   0.2500000  -0.2500000) cryst. coord.
     band      QP en. [eV] conv
     000001      -5.426542  yes
     000002       2.831667  yes
     000003       4.002453  yes
     000004       8.821371  yes
     000005      21.974346  yes
     000006      24.379577  yes
     000007      26.496201  yes
     000008      28.051802  yes
     ---------------------------------
     k(000011) = (   0.0000000  -0.5000000  -0.5000000) cryst. coord.
     band      QP en. [eV] conv
     000001      -1.410128  yes
     000002      -1.410128  yes
     000003       5.348084  yes
     000004       5.348085  yes
     000005      18.569572  yes
     000006      18.569571  yes
     000007      31.143045  yes
     000008      31.143042  yes
     ---------------------------------
     k(000028) = (   0.2500000  -0.5000000  -0.2500000) cryst. coord.
     band      QP en. [eV] conv
     000001      -0.415717  yes
     000002      -0.415716  yes
     000003       3.298652  yes
     000004       3.298650  yes
     000005      24.699461  yes
     000006      24.699464  yes
     000007      26.590292  yes
     000008      26.590292  yes
     ---------------------------------
     --------------------------------------------------------------------------------------------
       
     --------------------------------------------------------------------------------------------
     Sigma_C                                                             
     --------------------------------------------------------------------------------------------
     Integrating along the IM axis...
     --------------------------------------------------------------------------------------------
     in progress... |#                   | 005% :               00.9s (E)               18.3s (X)
     in progress... |##                  | 010% :               01.8s (E)               18.4s (X)
     --------------------------------------------------------------------------------------------
     Residues along the RE axis...
     --------------------------------------------------------------------------------------------
     in progress... |#                   | 005% :             < 00.1s (E)             < 00.1s (X)
     in progress... |##                  | 010% :             < 00.1s (E)             < 00.1s (X)
     --------------------------------------------------------------------------------------------

     --------------------------------------------------------------------------------------------
     Iter: 000005
     k(000001) = (   0.0000000   0.0000000   0.0000000) cryst. coord.
     band      QP en. [eV] conv
     000001     -10.220619  yes
     000002      12.037676  yes
     000003      12.037675  yes
     000004      12.037676  yes
     000005      19.672988  yes
     000006      19.672988  yes
     000007      19.672987  yes
     000008      27.223908  yes
     ---------------------------------
     k(000002) = (   0.0000000   0.0000000   0.2500000) cryst. coord.
     band      QP en. [eV] conv
     000001      -7.377858   no
     000002       5.044788  yes
     000003      10.206828  yes
     000004      10.206825  yes
     000005      21.992067  yes
     000006      21.992067  yes
     000007      22.103659  yes
     000008      28.656382  yes
     ---------------------------------
     k(000003) = (   0.0000000   0.0000000  -0.5000000) cryst. coord.
     band      QP en. [eV] conv
     000001      -4.125370  yes
     000002      -1.770098  yes
     000003       9.038987  yes
     000004       9.038989  yes
     000005      22.690553  yes
     000006      22.690554  yes
     000007      22.801187  yes
     000008      29.817476  yes
     ---------------------------------
     k(000006) = (   0.0000000   0.2500000   0.2500000) cryst. coord.
     band      QP en. [eV] conv
     000001      -7.469169  yes
     000002       7.116037  yes
     000003       7.702299  yes
     000004       7.702299  yes
     000005      18.310296  yes
     000006      24.272269  yes
     000007      25.898839  yes
     000008      25.898839  yes
     ---------------------------------
     k(000007) = (   0.0000000   0.2500000  -0.5000000) cryst. coord.
     band      QP en. [eV] conv
     000001      -3.922534  yes
     000002       0.814717  yes
     000003       4.875060  yes
     000004       6.863165  yes
     000005      20.001187  yes
     000006      25.591229  yes
     000007      27.148088  yes
     000008      27.515161  yes
     ---------------------------------
     k(000008) = (   0.0000000   0.2500000  -0.2500000) cryst. coord.
     band      QP en. [eV] conv
     000001      -5.426542  yes
     000002       2.831667  yes
     000003       4.002453  yes
     000004       8.821371  yes
     000005      21.974346  yes
     000006      24.379577  yes
     000007      26.496201  yes
     000008      28.051802  yes
     ---------------------------------
     k(000011) = (   0.0000000  -0.5000000  -0.5000000) cryst. coord.
     band      QP en. [eV] conv
     000001      -1.410128  yes
     000002      -1.410128  yes
     000003       5.348084  yes
     000004       5.348085  yes
     000005      18.569572  yes
     000006      18.569571  yes
     000007      31.143045  yes
     000008      31.143042  yes
     ---------------------------------
     k(000028) = (   0.2500000  -0.5000000  -0.2500000) cryst. coord.
     band      QP en. [eV] conv
     000001      -0.415717  yes
     000002      -0.415716  yes
     000003       3.298652  yes
     000004       3.298650  yes
     000005      24.699461  yes
     000006      24.699464  yes
     000007      26.590292  yes
     000008      26.590292  yes
     ---------------------------------
     --------------------------------------------------------------------------------------------
       
     --------------------------------------------------------------------------------------------
     Sigma_C                                                             
     --------------------------------------------------------------------------------------------
     Integrating along the IM axis...
     --------------------------------------------------------------------------------------------
     in progress... |#                   | 005% :               00.9s (E)               18.5s (X)
     in progress... |##                  | 010% :               01.8s (E)               18.4s (X)
     --------------------------------------------------------------------------------------------
     Residues along the RE axis...
     --------------------------------------------------------------------------------------------
     in progress... |#                   | 005% :             < 00.1s (E)             < 00.1s (X)
     in progress... |##                  | 010% :             < 00.1s (E)             < 00.1s (X)
     --------------------------------------------------------------------------------------------

     --------------------------------------------------------------------------------------------
     Iter: 000006
     k(000001) = (   0.0000000   0.0000000   0.0000000) cryst. coord.
     band      QP en. [eV] conv
     000001     -10.220619  yes
     000002      12.037676  yes
     000003      12.037675  yes
     000004      12.037676  yes
     000005      19.672988  yes
     000006      19.672988  yes
     000007      19.672987  yes
     000008      27.223908  yes
     ---------------------------------
     k(000002) = (   0.0000000   0.0000000   0.2500000) cryst. coord.
     band      QP en. [eV] conv
     000001      -8.101910   no
     000002       5.044788  yes
     000003      10.206828  yes
     000004      10.206825  yes
     000005      21.992067  yes
     000006      21.992067  yes
     000007      22.103659  yes
     000008      28.656382  yes
     ---------------------------------
     k(000003) = (   0.0000000   0.0000000  -0.5000000) cryst. coord.
     band      QP en. [eV] conv
     000001      -4.125370  yes
     000002      -1.770098  yes
     000003       9.038987  yes
     000004       9.038989  yes
     000005      22.690553  yes
     000006      22.690554  yes
     000007      22.801187  yes
     000008      29.817476  yes
     ---------------------------------
     k(000006) = (   0.0000000   0.2500000   0.2500000) cryst. coord.
     band      QP en. [eV] conv
     000001      -7.469169  yes
     000002       7.116037  yes
     000003       7.702299  yes
     000004       7.702299  yes
     000005      18.310296  yes
     000006      24.272269  yes
     000007      25.898839  yes
     000008      25.898839  yes
     ---------------------------------
     k(000007) = (   0.0000000   0.2500000  -0.5000000) cryst. coord.
     band      QP en. [eV] conv
     000001      -3.922534  yes
     000002       0.814717  yes
     000003       4.875060  yes
     000004       6.863165  yes
     000005      20.001187  yes
     000006      25.591229  yes
     000007      27.148088  yes
     000008      27.515161  yes
     ---------------------------------
     k(000008) = (   0.0000000   0.2500000  -0.2500000) cryst. coord.
     band      QP en. [eV] conv
     000001      -5.426542  yes
     000002       2.831667  yes
     000003       4.002453  yes
     000004       8.821371  yes
     000005      21.974346  yes
     000006      24.379577  yes
     000007      26.496201  yes
     000008      28.051802  yes
     ---------------------------------
     k(000011) = (   0.0000000  -0.5000000  -0.5000000) cryst. coord.
     band      QP en. [eV] conv
     000001      -1.410128  yes
     000002      -1.410128  yes
     000003       5.348084  yes
     000004       5.348085  yes
     000005      18.569572  yes
     000006      18.569571  yes
     000007      31.143045  yes
     000008      31.143042  yes
     ---------------------------------
     k(000028) = (   0.2500000  -0.5000000  -0.2500000) cryst. coord.
     band      QP en. [eV] conv
     000001      -0.415717  yes
     000002      -0.415716  yes
     000003       3.298652  yes
     000004       3.298650  yes
     000005      24.699461  yes
     000006      24.699464  yes
     000007      26.590292  yes
     000008      26.590292  yes
     ---------------------------------
     --------------------------------------------------------------------------------------------
       
     --------------------------------------------------------------------------------------------
     Sigma_C                                                             
     --------------------------------------------------------------------------------------------
     Integrating along the IM axis...
     --------------------------------------------------------------------------------------------
     in progress... |#                   | 005% :               00.9s (E)               18.2s (X)
     in progress... |##                  | 010% :               01.8s (E)               18.2s (X)
     --------------------------------------------------------------------------------------------
     Residues along the RE axis...
     --------------------------------------------------------------------------------------------
     in progress... |#                   | 005% :             < 00.1s (E)             < 00.1s (X)
     in progress... |##                  | 010% :             < 00.1s (E)             < 00.1s (X)
     --------------------------------------------------------------------------------------------

     --------------------------------------------------------------------------------------------
     Iter: 000007
     k(000001) = (   0.0000000   0.0000000   0.0000000) cryst. coord.
     band      QP en. [eV] conv
     000001     -10.220619  yes
     000002      12.037676  yes
     000003      12.037675  yes
     000004      12.037676  yes
     000005      19.672988  yes
     000006      19.672988  yes
     000007      19.672987  yes
     000008      27.223908  yes
     ---------------------------------
     k(000002) = (   0.0000000   0.0000000   0.2500000) cryst. coord.
     band      QP en. [eV] conv
     000001      -8.245448   no
     000002       5.044788  yes
     000003      10.206828  yes
     000004      10.206825  yes
     000005      21.992067  yes
     000006      21.992067  yes
     000007      22.103659  yes
     000008      28.656382  yes
     ---------------------------------
     k(000003) = (   0.0000000   0.0000000  -0.5000000) cryst. coord.
     band      QP en. [eV] conv
     000001      -4.125370  yes
     000002      -1.770098  yes
     000003       9.038987  yes
     000004       9.038989  yes
     000005      22.690553  yes
     000006      22.690554  yes
     000007      22.801187  yes
     000008      29.817476  yes
     ---------------------------------
     k(000006) = (   0.0000000   0.2500000   0.2500000) cryst. coord.
     band      QP en. [eV] conv
     000001      -7.469169  yes
     000002       7.116037  yes
     000003       7.702299  yes
     000004       7.702299  yes
     000005      18.310296  yes
     000006      24.272269  yes
     000007      25.898839  yes
     000008      25.898839  yes
     ---------------------------------
     k(000007) = (   0.0000000   0.2500000  -0.5000000) cryst. coord.
     band      QP en. [eV] conv
     000001      -3.922534  yes
     000002       0.814717  yes
     000003       4.875060  yes
     000004       6.863165  yes
     000005      20.001187  yes
     000006      25.591229  yes
     000007      27.148088  yes
     000008      27.515161  yes
     ---------------------------------
     k(000008) = (   0.0000000   0.2500000  -0.2500000) cryst. coord.
     band      QP en. [eV] conv
     000001      -5.426542  yes
     000002       2.831667  yes
     000003       4.002453  yes
     000004       8.821371  yes
     000005      21.974346  yes
     000006      24.379577  yes
     000007      26.496201  yes
     000008      28.051802  yes
     ---------------------------------
     k(000011) = (   0.0000000  -0.5000000  -0.5000000) cryst. coord.
     band      QP en. [eV] conv
     000001      -1.410128  yes
     000002      -1.410128  yes
     000003       5.348084  yes
     000004       5.348085  yes
     000005      18.569572  yes
     000006      18.569571  yes
     000007      31.143045  yes
     000008      31.143042  yes
     ---------------------------------
     k(000028) = (   0.2500000  -0.5000000  -0.2500000) cryst. coord.
     band      QP en. [eV] conv
     000001      -0.415717  yes
     000002      -0.415716  yes
     000003       3.298652  yes
     000004       3.298650  yes
     000005      24.699461  yes
     000006      24.699464  yes
     000007      26.590292  yes
     000008      26.590292  yes
     ---------------------------------
     --------------------------------------------------------------------------------------------
       
     --------------------------------------------------------------------------------------------
     Sigma_C                                                             
     --------------------------------------------------------------------------------------------
     Integrating along the IM axis...
     --------------------------------------------------------------------------------------------
     in progress... |#                   | 005% :               00.9s (E)               18.4s (X)
     in progress... |##                  | 010% :               01.8s (E)               18.6s (X)
     --------------------------------------------------------------------------------------------
     Residues along the RE axis...
     --------------------------------------------------------------------------------------------
     in progress... |#                   | 005% :             < 00.1s (E)             < 00.1s (X)
     in progress... |##                  | 010% :             < 00.1s (E)             < 00.1s (X)
     --------------------------------------------------------------------------------------------

     --------------------------------------------------------------------------------------------
     Iter: 000008
     k(000001) = (   0.0000000   0.0000000   0.0000000) cryst. coord.
     band      QP en. [eV] conv
     000001     -10.220619  yes
     000002      12.037676  yes
     000003      12.037675  yes
     000004      12.037676  yes
     000005      19.672988  yes
     000006      19.672988  yes
     000007      19.672987  yes
     000008      27.223908  yes
     ---------------------------------
     k(000002) = (   0.0000000   0.0000000   0.2500000) cryst. coord.
     band      QP en. [eV] conv
     000001      -8.189203   no
     000002       5.044788  yes
     000003      10.206828  yes
     000004      10.206825  yes
     000005      21.992067  yes
     000006      21.992067  yes
     000007      22.103659  yes
     000008      28.656382  yes
     ---------------------------------
     k(000003) = (   0.0000000   0.0000000  -0.5000000) cryst. coord.
     band      QP en. [eV] conv
     000001      -4.125370  yes
     000002      -1.770098  yes
     000003       9.038987  yes
     000004       9.038989  yes
     000005      22.690553  yes
     000006      22.690554  yes
     000007      22.801187  yes
     000008      29.817476  yes
     ---------------------------------
     k(000006) = (   0.0000000   0.2500000   0.2500000) cryst. coord.
     band      QP en. [eV] conv
     000001      -7.469169  yes
     000002       7.116037  yes
     000003       7.702299  yes
     000004       7.702299  yes
     000005      18.310296  yes
     000006      24.272269  yes
     000007      25.898839  yes
     000008      25.898839  yes
     ---------------------------------
     k(000007) = (   0.0000000   0.2500000  -0.5000000) cryst. coord.
     band      QP en. [eV] conv
     000001      -3.922534  yes
     000002       0.814717  yes
     000003       4.875060  yes
     000004       6.863165  yes
     000005      20.001187  yes
     000006      25.591229  yes
     000007      27.148088  yes
     000008      27.515161  yes
     ---------------------------------
     k(000008) = (   0.0000000   0.2500000  -0.2500000) cryst. coord.
     band      QP en. [eV] conv
     000001      -5.426542  yes
     000002       2.831667  yes
     000003       4.002453  yes
     000004       8.821371  yes
     000005      21.974346  yes
     000006      24.379577  yes
     000007      26.496201  yes
     000008      28.051802  yes
     ---------------------------------
     k(000011) = (   0.0000000  -0.5000000  -0.5000000) cryst. coord.
     band      QP en. [eV] conv
     000001      -1.410128  yes
     000002      -1.410128  yes
     000003       5.348084  yes
     000004       5.348085  yes
     000005      18.569572  yes
     000006      18.569571  yes
     000007      31.143045  yes
     000008      31.143042  yes
     ---------------------------------
     k(000028) = (   0.2500000  -0.5000000  -0.2500000) cryst. coord.
     band      QP en. [eV] conv
     000001      -0.415717  yes
     000002      -0.415716  yes
     000003       3.298652  yes
     000004       3.298650  yes
     000005      24.699461  yes
     000006      24.699464  yes
     000007      26.590292  yes
     000008      26.590292  yes
     ---------------------------------
     --------------------------------------------------------------------------------------------
       
     --------------------------------------------------------------------------------------------
     Sigma_C                                                             
     --------------------------------------------------------------------------------------------
     Integrating along the IM axis...
     --------------------------------------------------------------------------------------------
     in progress... |#                   | 005% :               00.9s (E)               18.3s (X)
     in progress... |##                  | 010% :               01.8s (E)               18.4s (X)
     --------------------------------------------------------------------------------------------
     Residues along the RE axis...
     --------------------------------------------------------------------------------------------
     in progress... |#                   | 005% :             < 00.1s (E)             < 00.1s (X)
     in progress... |##                  | 010% :             < 00.1s (E)             < 00.1s (X)
     --------------------------------------------------------------------------------------------
       
     --------------------------------------------------------------------------------------------
     CONVERGENCE ACHIEVED !!!                                            
     --------------------------------------------------------------------------------------------

     --------------------------------------------------------------------------------------------
     k(000001) = (   0.0000000   0.0000000   0.0000000) cryst. coord.
     band      QP en. [eV] conv
     000001     -10.220619  yes
     000002      12.037676  yes
     000003      12.037675  yes
     000004      12.037676  yes
     000005      19.672988  yes
     000006      19.672988  yes
     000007      19.672987  yes
     000008      27.223908  yes
     ---------------------------------
     k(000002) = (   0.0000000   0.0000000   0.2500000) cryst. coord.
     band      QP en. [eV] conv
     000001      -8.166054  yes
     000002       5.044788  yes
     000003      10.206828  yes
     000004      10.206825  yes
     000005      21.992067  yes
     000006      21.992067  yes
     000007      22.103659  yes
     000008      28.656382  yes
     ---------------------------------
     k(000003) = (   0.0000000   0.0000000  -0.5000000) cryst. coord.
     band      QP en. [eV] conv
     000001      -4.125370  yes
     000002      -1.770098  yes
     000003       9.038987  yes
     000004       9.038989  yes
     000005      22.690553  yes
     000006      22.690554  yes
     000007      22.801187  yes
     000008      29.817476  yes
     ---------------------------------
     k(000006) = (   0.0000000   0.2500000   0.2500000) cryst. coord.
     band      QP en. [eV] conv
     000001      -7.469169  yes
     000002       7.116037  yes
     000003       7.702299  yes
     000004       7.702299  yes
     000005      18.310296  yes
     000006      24.272269  yes
     000007      25.898839  yes
     000008      25.898839  yes
     ---------------------------------
     k(000007) = (   0.0000000   0.2500000  -0.5000000) cryst. coord.
     band      QP en. [eV] conv
     000001      -3.922534  yes
     000002       0.814717  yes
     000003       4.875060  yes
     000004       6.863165  yes
     000005      20.001187  yes
     000006      25.591229  yes
     000007      27.148088  yes
     000008      27.515161  yes
     ---------------------------------
     k(000008) = (   0.0000000   0.2500000  -0.2500000) cryst. coord.
     band      QP en. [eV] conv
     000001      -5.426542  yes
     000002       2.831667  yes
     000003       4.002453  yes
     000004       8.821371  yes
     000005      21.974346  yes
     000006      24.379577  yes
     000007      26.496201  yes
     000008      28.051802  yes
     ---------------------------------
     k(000011) = (   0.0000000  -0.5000000  -0.5000000) cryst. coord.
     band      QP en. [eV] conv
     000001      -1.410128  yes
     000002      -1.410128  yes
     000003       5.348084  yes
     000004       5.348085  yes
     000005      18.569572  yes
     000006      18.569571  yes
     000007      31.143045  yes
     000008      31.143042  yes
     ---------------------------------
     k(000028) = (   0.2500000  -0.5000000  -0.2500000) cryst. coord.
     band      QP en. [eV] conv
     000001      -0.415717  yes
     000002      -0.415716  yes
     000003       3.298652  yes
     000004       3.298650  yes
     000005      24.699461  yes
     000006      24.699464  yes
     000007      26.590292  yes
     000008      26.590292  yes
     ---------------------------------
     --------------------------------------------------------------------------------------------
 
     Number of q in the star =    1
     List of q in the star:
          1   0.000000000   0.000000000   0.000000000
 
     Number of q in the star =    4
     List of q in the star:
          1  -0.250000000   0.250000000  -0.250000000
          2   0.250000000  -0.250000000  -0.250000000
          3   0.250000000   0.250000000   0.250000000
          4  -0.250000000  -0.250000000   0.250000000
     In addition there is the -q list: 
          1   0.250000000  -0.250000000   0.250000000
          2  -0.250000000   0.250000000   0.250000000
          3  -0.250000000  -0.250000000  -0.250000000
          4   0.250000000   0.250000000  -0.250000000
 
     Number of q in the star =    4
     List of q in the star:
          1   0.500000000  -0.500000000   0.500000000
          2  -0.500000000   0.500000000   0.500000000
          3  -0.500000000  -0.500000000  -0.500000000
          4   0.500000000   0.500000000  -0.500000000
 
     Number of q in the star =    6
     List of q in the star:
          1   0.000000000   0.500000000   0.000000000
          2   0.000000000  -0.500000000   0.000000000
          3   0.500000000   0.000000000   0.000000000
          4  -0.500000000   0.000000000   0.000000000
          5   0.000000000   0.000000000   0.500000000
          6   0.000000000   0.000000000  -0.500000000
 
     Number of q in the star =   12
     List of q in the star:
          1   0.750000000  -0.250000000   0.750000000
          2  -0.750000000   0.250000000   0.750000000
          3  -0.750000000  -0.250000000  -0.750000000
          4   0.750000000   0.250000000  -0.750000000
          5  -0.250000000   0.750000000   0.750000000
          6   0.250000000   0.750000000  -0.750000000
          7  -0.250000000  -0.750000000  -0.750000000
          8   0.250000000  -0.750000000   0.750000000
          9   0.750000000   0.750000000  -0.250000000
         10   0.750000000  -0.750000000   0.250000000
         11  -0.750000000  -0.750000000  -0.250000000
         12  -0.750000000   0.750000000   0.250000000
     In addition there is the -q list: 
          1  -0.750000000   0.250000000  -0.750000000
          2   0.750000000  -0.250000000  -0.750000000
          3   0.750000000   0.250000000   0.750000000
          4  -0.750000000  -0.250000000   0.750000000
          5   0.250000000  -0.750000000  -0.750000000
          6  -0.250000000  -0.750000000   0.750000000
          7   0.250000000   0.750000000   0.750000000
          8  -0.250000000   0.750000000  -0.750000000
          9  -0.750000000  -0.750000000   0.250000000
         10  -0.750000000   0.750000000  -0.250000000
         11   0.750000000   0.750000000   0.250000000
         12   0.750000000  -0.750000000  -0.250000000
 
     Number of q in the star =   12
     List of q in the star:
          1   0.500000000   0.000000000   0.500000000
          2  -0.500000000   0.000000000   0.500000000
          3  -0.500000000   0.000000000  -0.500000000
          4   0.500000000   0.000000000  -0.500000000
          5   0.000000000   0.500000000   0.500000000
          6   0.000000000   0.500000000  -0.500000000
          7   0.000000000  -0.500000000  -0.500000000
          8   0.000000000  -0.500000000   0.500000000
          9   0.500000000   0.500000000   0.000000000
         10   0.500000000  -0.500000000   0.000000000
         11  -0.500000000  -0.500000000   0.000000000
         12  -0.500000000   0.500000000   0.000000000
 
     Number of q in the star =    3
     List of q in the star:
          1   0.000000000  -1.000000000   0.000000000
          2  -1.000000000   0.000000000   0.000000000
          3   0.000000000   0.000000000  -1.000000000
 
     Number of q in the star =    6
     List of q in the star:
          1  -0.500000000  -1.000000000   0.000000000
          2   0.500000000   1.000000000   0.000000000
          3  -1.000000000   0.000000000  -0.500000000
          4   1.000000000   0.000000000   0.500000000
          5   0.000000000  -0.500000000  -1.000000000
          6   0.000000000   0.500000000   1.000000000
      
     --------------------------------------------------------------------------------------------
     SAVE written in 00.7s               
     In location : ./c.wfreq.save
     --------------------------------------------------------------------------------------------
     WFREQ        : 22m46.69s CPU    29m20.32s WALL

     wfreq_readin :      0.81s CPU      0.90s WALL (       1 calls)
     fetch_input  :      0.05s CPU      0.05s WALL (       2 calls)
     read_xml     :      0.57s CPU      0.62s WALL (       1 calls)
     init_vloc    :      0.00s CPU      0.00s WALL (       2 calls)
     fft          :      0.98s CPU      1.17s WALL (   32772 calls)
     fft_scatter  :    302.51s CPU    353.32s WALL (19307370 calls)
     v_of_rho     :      0.00s CPU      0.00s WALL (       1 calls)
     v_xc         :      0.00s CPU      0.00s WALL (       2 calls)
     v_h          :      0.00s CPU      0.00s WALL (       1 calls)
     read_wave    :      0.19s CPU      0.22s WALL (       1 calls)
     davcio       :      0.62s CPU      0.74s WALL (   38089 calls)
     init_us_1    :      0.00s CPU      0.00s WALL (       2 calls)
     do_setup     :      0.01s CPU      0.02s WALL (       1 calls)
     init_pw_ar   :      0.00s CPU      0.00s WALL (       1 calls)
     init_at_1    :      0.00s CPU      0.00s WALL (       1 calls)
     solve_hf     :      7.44s CPU      8.32s WALL (       1 calls)
     sigmavxc     :      0.01s CPU      0.01s WALL (       1 calls)
     init_us_2    :      0.10s CPU      0.11s WALL (    4736 calls)
     fftw         :    401.02s CPU    466.51s WALL (19274598 calls)
     sigmax       :      7.43s CPU      8.29s WALL (       1 calls)
     sqvc_init    :      0.55s CPU      0.62s WALL (   36872 calls)
     wlanczos     :    417.64s CPU    452.89s WALL (       1 calls)
     commutator_H :      0.32s CPU      0.32s WALL (     768 calls)
     stres_us31   :      0.00s CPU      0.00s WALL (     768 calls)
     stres_us32   :      0.00s CPU      0.00s WALL (     768 calls)
     stres_us33   :      0.00s CPU      0.00s WALL (     768 calls)
     stres_us34   :      0.00s CPU      0.00s WALL (     768 calls)
     calbec       :      5.48s CPU      6.37s WALL (  191435 calls)
     alphapc      :     11.37s CPU     12.47s WALL (  192768 calls)
     linstern     :      1.13s CPU      1.30s WALL (     256 calls)
     stern        :      0.99s CPU      1.15s WALL (    5579 calls)
     h_psi_bgrp   :    432.50s CPU    497.73s WALL (  189899 calls)
     h_psi        :    431.98s CPU    497.17s WALL (  189899 calls)
     h_psi:pot    :    430.91s CPU    495.93s WALL (  189899 calls)
     vloc_psi     :    422.39s CPU    486.03s WALL (  189899 calls)
     h_psi:calbec :      5.71s CPU      6.66s WALL (  189899 calls)
     add_vuspsi   :      1.78s CPU      2.08s WALL (  189899 calls)
     alphapv      :      0.06s CPU      0.07s WALL (    5579 calls)
     lan_H        :    476.71s CPU    547.85s WALL (    6144 calls)
     brak         :    272.27s CPU    283.41s WALL (    6144 calls)
     chi0_diag    :      7.39s CPU      7.54s WALL (       1 calls)
     glanczos     :    896.31s CPU   1248.95s WALL (       1 calls)
     solve_qp     :     28.44s CPU     30.87s WALL (       1 calls)
     sigmac_i     :     24.98s CPU     25.82s WALL (      11 calls)
     sigmac_r     :      0.06s CPU      0.06s WALL (      11 calls)
     wfreq_db     :      0.53s CPU      0.77s WALL (       1 calls)
 
     WFREQ        : 22m46.81s CPU    29m20.59s WALL

 
   This run was terminated on:  10:51:34   4Jan2021            

=------------------------------------------------------------------------------=
   JOB DONE.
=------------------------------------------------------------------------------=
