
     Program WFREQ v. 3.1.1 starts on  4Jan2021 at 10:54:25 

     This program is part of the open-source West suite
     for massively parallel calculations of excited states in materials; please cite
         "M. Govoni et al., J. Chem. Theory Comput. 11, 2680 (2015);
          URL http://www.west-code.org", 
     in publications or presentations arising from this work.

     Based on the Quantum ESPRESSO v. 6.1 svn rev. 13369

     I/O is Little Endian
       
     --------------------------------------------------------------------------------------------
     **MPI** Parallelization Status                                      
     --------------------------------------------------------------------------------------------
                    80                   2             1             1            40
     --------------------------------------------------------------------------------------------
                     N         =         I      X      P      X      B      X      Z
                     ^                   ^             ^             ^             ^
                     |                   |             |             |             |
                   #rnk                  |             |             |             |
                                      #image           |             |             |
                                                     #pool           |             |
                                                                   #bgrp           |
                                                                                 #R&G
     --------------------------------------------------------------------------------------------
     **OPENMP** Parallelization Status
     #thr/rnk               =            1
     --------------------------------------------------------------------------------------------
     #prc = (rnk) * (thr) =           80
     --------------------------------------------------------------------------------------------
       
     --------------------------------------------------------------------------------------------
     I/O Summary : input_west                                            
     --------------------------------------------------------------------------------------------
     qe_prefix      = c
     west_prefix    = c
     outdir         = ./
     --------------------------------------------------------------------------------------------

     Reading data from directory:
     ./c.save

   Info: using nr1, nr2, nr3 values from input

   Info: using nr1, nr2, nr3 values from input

     IMPORTANT: XC functional enforced from input :
     Exchange-correlation      = PZ ( 1  1  0  0 0 0)
     Any further DFT definition will be discarded
     Please, verify this is what you really want

               file C.pz-mt.fhi.UPF: wavefunction(s)  3d renormalized
 
     Parallelization info
     --------------------
     sticks:   dense  smooth     PW     G-vecs:    dense   smooth      PW
     Min           9       9      3                  116      116      23
     Max          10      10      4                  120      120      27
     Sum         367     367    121                 4693     4693     941
 
       
     --------------------------------------------------------------------------------------------
     I/O Summary : wstat_control                                         
     --------------------------------------------------------------------------------------------
     wstat_calculation              =              S
     n_pdep_eigen                   =            200
     n_pdep_times                   =              4
     n_pdep_maxiter                 =            100
     n_dfpt_maxiter                 =            250
     n_pdep_read_from_file          =              0
     trev_pdep                      =   1.000000E-03
     trev_pdep_rel                  =   1.000000E-01
     tr2_dfpt                       =   1.000000E-12
     l_kinetic_only                 =              F
     l_minimize_exx_if_active       =              F
     l_use_ecutrho                  =              F
     l_use_symm                     =              T
     nq(1)                          =              4
     nq(2)                          =              4
     nq(3)                          =              4
     --------------------------------------------------------------------------------------------
       
     --------------------------------------------------------------------------------------------
     I/O Summary : wfreq_control                                         
     --------------------------------------------------------------------------------------------
     wfreq_calculation                        =           XWGQ
     n_pdep_eigen_to_use                      =            200
     qp_bandrange(1)                          =              1
     qp_bandrange(2)                          =              8
     macropol_calculation                     =              C
     n_lanczos                                =             30
     n_imfreq                                 =            500
     n_refreq                                 =            500
     ecut_imfreq [Ry]                         =     240.000000
     ecut_refreq [Ry]                         =       3.000000
     wfreq_eta [Ry]                           =       0.003675
     n_secant_maxiter                         =            200
     trev_secant [Ry]                         =       0.003676
     l_enable_lanczos                         =              T
     l_enable_gwetot                          =              F
     o_restart_time [min]                     =      -1.000000
     ecut_spectralf(1) [Ry]                   =      -2.000000
     ecut_spectralf(2) [Ry]                   =       2.000000
     n_spectralf                              =             10
     l_read_common_pdep                       =              F
     l_enable_gb_curvature                    =              T
     --------------------------------------------------------------------------------------------
       
     --------------------------------------------------------------------------------------------
     System Overview                                                     
     --------------------------------------------------------------------------------------------
     gamma_only           =              F
     ecutwfc [Ry]         =      60.000000
     ecutrho [Ry]         =     240.000000
     omega [au^3]         =   7.530614E+01
     nbnd                 =            100
     nkstot               =             64
     nspin                =              1
     nelec                =       8.000000
     npol                 =              1
     lsda                 =              F
     noncolin             =              F
     lspinorb             =              F
     domag                =              F
     --------------------------------------------------------------------------------------------

     3DFFT grid
        s : (  24,  24,  24)
        p : (  24,  24,  24)

     Direct Lattice Cell [a.u.]
        a1 = (    -3.3517128     0.0000000     3.3517128)
        a2 = (     0.0000000     3.3517128     3.3517128)
        a3 = (    -3.3517128     3.3517128     0.0000000)

     Reciprocal Lattice Cell [a.u.]
        b1 = (    -0.9373096    -0.9373096     0.9373096)
        b2 = (     0.9373096     0.9373096     0.9373096)
        b3 = (    -0.9373096     0.9373096    -0.9373096)
      

     Brillouin Zone sampling [cryst. coord.]
 
        k(000001) = (     0.0000000     0.0000000     0.0000000)
        k(000002) = (     0.0000000     0.0000000     0.2500000)
        k(000003) = (     0.0000000     0.0000000    -0.5000000)
        k(000004) = (     0.0000000     0.0000000    -0.2500000)
        k(000005) = (     0.0000000     0.2500000     0.0000000)
        k(000006) = (     0.0000000     0.2500000     0.2500000)
        k(000007) = (     0.0000000     0.2500000    -0.5000000)
        k(000008) = (     0.0000000     0.2500000    -0.2500000)
        k(000009) = (     0.0000000    -0.5000000     0.0000000)
        k(000010) = (     0.0000000    -0.5000000     0.2500000)
        k(000011) = (     0.0000000    -0.5000000    -0.5000000)
        k(000012) = (     0.0000000    -0.5000000    -0.2500000)
        k(000013) = (     0.0000000    -0.2500000     0.0000000)
        k(000014) = (     0.0000000    -0.2500000     0.2500000)
        k(000015) = (     0.0000000    -0.2500000    -0.5000000)
        k(000016) = (     0.0000000    -0.2500000    -0.2500000)
        k(000017) = (     0.2500000     0.0000000     0.0000000)
        k(000018) = (     0.2500000     0.0000000     0.2500000)
        k(000019) = (     0.2500000     0.0000000    -0.5000000)
        k(000020) = (     0.2500000     0.0000000    -0.2500000)
        k(000021) = (     0.2500000     0.2500000     0.0000000)
        k(000022) = (     0.2500000     0.2500000     0.2500000)
        k(000023) = (     0.2500000     0.2500000    -0.5000000)
        k(000024) = (     0.2500000     0.2500000    -0.2500000)
        k(000025) = (     0.2500000    -0.5000000     0.0000000)
        k(000026) = (     0.2500000    -0.5000000     0.2500000)
        k(000027) = (     0.2500000    -0.5000000    -0.5000000)
        k(000028) = (     0.2500000    -0.5000000    -0.2500000)
        k(000029) = (     0.2500000    -0.2500000     0.0000000)
        k(000030) = (     0.2500000    -0.2500000     0.2500000)
        k(000031) = (     0.2500000    -0.2500000    -0.5000000)
        k(000032) = (     0.2500000    -0.2500000    -0.2500000)
        k(000033) = (    -0.5000000     0.0000000     0.0000000)
        k(000034) = (    -0.5000000     0.0000000     0.2500000)
        k(000035) = (    -0.5000000     0.0000000    -0.5000000)
        k(000036) = (    -0.5000000     0.0000000    -0.2500000)
        k(000037) = (    -0.5000000     0.2500000     0.0000000)
        k(000038) = (    -0.5000000     0.2500000     0.2500000)
        k(000039) = (    -0.5000000     0.2500000    -0.5000000)
        k(000040) = (    -0.5000000     0.2500000    -0.2500000)
        k(000041) = (    -0.5000000    -0.5000000     0.0000000)
        k(000042) = (    -0.5000000    -0.5000000     0.2500000)
        k(000043) = (    -0.5000000    -0.5000000    -0.5000000)
        k(000044) = (    -0.5000000    -0.5000000    -0.2500000)
        k(000045) = (    -0.5000000    -0.2500000     0.0000000)
        k(000046) = (    -0.5000000    -0.2500000     0.2500000)
        k(000047) = (    -0.5000000    -0.2500000    -0.5000000)
        k(000048) = (    -0.5000000    -0.2500000    -0.2500000)
        k(000049) = (    -0.2500000     0.0000000     0.0000000)
        k(000050) = (    -0.2500000     0.0000000     0.2500000)
        Printing only first 50 k points...
 
        q(000001) = (     0.0000000     0.0000000     0.0000000)
        q(000002) = (     0.0000000     0.0000000     0.2500000)
        q(000003) = (     0.0000000     0.0000000    -0.5000000)
        q(000004) = (     0.0000000     0.0000000    -0.2500000)
        q(000005) = (     0.0000000     0.2500000     0.0000000)
        q(000006) = (     0.0000000     0.2500000     0.2500000)
        q(000007) = (     0.0000000     0.2500000    -0.5000000)
        q(000008) = (     0.0000000     0.2500000    -0.2500000)
        q(000009) = (     0.0000000    -0.5000000     0.0000000)
        q(000010) = (     0.0000000    -0.5000000     0.2500000)
        q(000011) = (     0.0000000    -0.5000000    -0.5000000)
        q(000012) = (     0.0000000    -0.5000000    -0.2500000)
        q(000013) = (     0.0000000    -0.2500000     0.0000000)
        q(000014) = (     0.0000000    -0.2500000     0.2500000)
        q(000015) = (     0.0000000    -0.2500000    -0.5000000)
        q(000016) = (     0.0000000    -0.2500000    -0.2500000)
        q(000017) = (     0.2500000     0.0000000     0.0000000)
        q(000018) = (     0.2500000     0.0000000     0.2500000)
        q(000019) = (     0.2500000     0.0000000    -0.5000000)
        q(000020) = (     0.2500000     0.0000000    -0.2500000)
        q(000021) = (     0.2500000     0.2500000     0.0000000)
        q(000022) = (     0.2500000     0.2500000     0.2500000)
        q(000023) = (     0.2500000     0.2500000    -0.5000000)
        q(000024) = (     0.2500000     0.2500000    -0.2500000)
        q(000025) = (     0.2500000    -0.5000000     0.0000000)
        q(000026) = (     0.2500000    -0.5000000     0.2500000)
        q(000027) = (     0.2500000    -0.5000000    -0.5000000)
        q(000028) = (     0.2500000    -0.5000000    -0.2500000)
        q(000029) = (     0.2500000    -0.2500000     0.0000000)
        q(000030) = (     0.2500000    -0.2500000     0.2500000)
        q(000031) = (     0.2500000    -0.2500000    -0.5000000)
        q(000032) = (     0.2500000    -0.2500000    -0.2500000)
        q(000033) = (    -0.5000000     0.0000000     0.0000000)
        q(000034) = (    -0.5000000     0.0000000     0.2500000)
        q(000035) = (    -0.5000000     0.0000000    -0.5000000)
        q(000036) = (    -0.5000000     0.0000000    -0.2500000)
        q(000037) = (    -0.5000000     0.2500000     0.0000000)
        q(000038) = (    -0.5000000     0.2500000     0.2500000)
        q(000039) = (    -0.5000000     0.2500000    -0.5000000)
        q(000040) = (    -0.5000000     0.2500000    -0.2500000)
        q(000041) = (    -0.5000000    -0.5000000     0.0000000)
        q(000042) = (    -0.5000000    -0.5000000     0.2500000)
        q(000043) = (    -0.5000000    -0.5000000    -0.5000000)
        q(000044) = (    -0.5000000    -0.5000000    -0.2500000)
        q(000045) = (    -0.5000000    -0.2500000     0.0000000)
        q(000046) = (    -0.5000000    -0.2500000     0.2500000)
        q(000047) = (    -0.5000000    -0.2500000    -0.5000000)
        q(000048) = (    -0.5000000    -0.2500000    -0.2500000)
        q(000049) = (    -0.2500000     0.0000000     0.0000000)
        q(000050) = (    -0.2500000     0.0000000     0.2500000)
        Printing only first 50 q points...
       
     --------------------------------------------------------------------------------------------
     Parallelization for npdep                                           
     --------------------------------------------------------------------------------------------
     nglob                =            200
     nlevel               =              2
     Min nglob/nlevel     =            100
     Max nglob/nlevel     =            100
     --------------------------------------------------------------------------------------------
       
     --------------------------------------------------------------------------------------------
     Parallelization for npdep+macro                                     
     --------------------------------------------------------------------------------------------
     nglob                =            203
     nlevel               =              2
     Min nglob/nlevel     =            101
     Max nglob/nlevel     =            102
     --------------------------------------------------------------------------------------------
       
     --------------------------------------------------------------------------------------------
     Parallelization for n_imfreq                                        
     --------------------------------------------------------------------------------------------
     nglob                =            500
     nlevel               =             40
     Min nglob/nlevel     =             12
     Max nglob/nlevel     =             13
     --------------------------------------------------------------------------------------------
       
     --------------------------------------------------------------------------------------------
     Parallelization for n_refreq                                        
     --------------------------------------------------------------------------------------------
     nglob                =            500
     nlevel               =             40
     Min nglob/nlevel     =             12
     Max nglob/nlevel     =             13
     --------------------------------------------------------------------------------------------
       
     --------------------------------------------------------------------------------------------
     Parallelization for nbnd                                            
     --------------------------------------------------------------------------------------------
     nglob                =            100
     nlevel               =              2
     Min nglob/nlevel     =             50
     Max nglob/nlevel     =             50
     --------------------------------------------------------------------------------------------
     ===========================================================================
          nsym   =   24
          nrot   =   48
          nk_ibz =    8
          Q-point IBZ [ cart  coord ]
          xk(00000001) = (  0.000000  0.000000  0.000000) wk =   0.015625
          xk(00000002) = ( -0.250000  0.250000 -0.250000) wk =   0.125000
          xk(00000003) = (  0.500000 -0.500000  0.500000) wk =   0.062500
          xk(00000004) = (  0.000000  0.500000  0.000000) wk =   0.093750
          xk(00000005) = (  0.750000 -0.250000  0.750000) wk =   0.375000
          xk(00000006) = (  0.500000  0.000000  0.500000) wk =   0.187500
          xk(00000007) = (  0.000000 -1.000000  0.000000) wk =   0.046875
          xk(00000008) = ( -0.500000 -1.000000  0.000000) wk =   0.093750
          Q-point IBZ [ cryst coord ]
          xk(00000001) = (  0.000000  0.000000  0.000000) wk =   0.015625
          xk(00000002) = (  0.000000  0.000000  0.250000) wk =   0.125000
          xk(00000003) = (  0.000000  0.000000 -0.500000) wk =   0.062500
          xk(00000004) = (  0.000000  0.250000  0.250000) wk =   0.093750
          xk(00000005) = (  0.000000  0.250000 -0.500000) wk =   0.375000
          xk(00000006) = (  0.000000  0.250000 -0.250000) wk =   0.187500
          xk(00000007) = (  0.000000 -0.500000 -0.500000) wk =   0.046875
          xk(00000008) = (  0.250000 -0.500000 -0.250000) wk =   0.093750
     ===========================================================================
     ===========================================================================
          nsym   =   24
          nrot   =   48
          nq_ibz =    8
          Q-point IBZ [ cart  coord ]
          xq(00000001) = (  0.000000  0.000000  0.000000) wq =   0.015625
          xq(00000002) = ( -0.250000  0.250000 -0.250000) wq =   0.125000
          xq(00000003) = (  0.500000 -0.500000  0.500000) wq =   0.062500
          xq(00000004) = (  0.000000  0.500000  0.000000) wq =   0.093750
          xq(00000005) = (  0.750000 -0.250000  0.750000) wq =   0.375000
          xq(00000006) = (  0.500000  0.000000  0.500000) wq =   0.187500
          xq(00000007) = (  0.000000 -1.000000  0.000000) wq =   0.046875
          xq(00000008) = ( -0.500000 -1.000000  0.000000) wq =   0.093750
          Q-point IBZ [ cryst coord ]
          xq(00000001) = (  0.000000  0.000000  0.000000) wq =   0.015625
          xq(00000002) = (  0.000000  0.000000  0.250000) wq =   0.125000
          xq(00000003) = (  0.000000  0.000000 -0.500000) wq =   0.062500
          xq(00000004) = (  0.000000  0.250000  0.250000) wq =   0.093750
          xq(00000005) = (  0.000000  0.250000 -0.500000) wq =   0.375000
          xq(00000006) = (  0.000000  0.250000 -0.250000) wq =   0.187500
          xq(00000007) = (  0.000000 -0.500000 -0.500000) wq =   0.046875
          xq(00000008) = (  0.250000 -0.500000 -0.250000) wq =   0.093750
     ===========================================================================
       
     --------------------------------------------------------------------------------------------
     Hartree-Fock Exact E(X)change                                       
     --------------------------------------------------------------------------------------------
      
     --------------------------------------------------------------------------------------------
     Vxc
     --------------------------------------------------------------------------------------------
     in progress... |#                   | 005% :             < 00.1s (E)             < 00.1s (X)
     in progress... |##                  | 010% :             < 00.1s (E)             < 00.1s (X)
     in progress... |###                 | 015% :             < 00.1s (E)             < 00.1s (X)
     in progress... |####                | 020% :             < 00.1s (E)             < 00.1s (X)
     in progress... |#####               | 025% :             < 00.1s (E)             < 00.1s (X)
     in progress... |######              | 030% :             < 00.1s (E)             < 00.1s (X)
     in progress... |#######             | 035% :             < 00.1s (E)             < 00.1s (X)
     in progress... |########            | 040% :             < 00.1s (E)             < 00.1s (X)
     in progress... |#########           | 045% :             < 00.1s (E)             < 00.1s (X)
     in progress... |##########          | 050% :             < 00.1s (E)             < 00.1s (X)
     in progress... |###########         | 055% :               00.4s (E)               00.8s (X)
     in progress... |############        | 060% :               00.4s (E)               00.8s (X)
     in progress... |#############       | 065% :               00.4s (E)               00.7s (X)
     in progress... |##############      | 070% :               00.6s (E)               00.8s (X)
     in progress... |###############     | 075% :               00.7s (E)               01.0s (X)
     in progress... |################    | 080% :               00.9s (E)               01.2s (X)
     in progress... |#################   | 085% :               01.1s (E)               01.3s (X)
     in progress... |##################  | 090% :               01.3s (E)               01.4s (X)
     in progress... |################### | 095% :               01.5s (E)               01.6s (X)
     in progress... |####################| 100% :               01.6s (E)               01.6s (X)
     --------------------------------------------------------------------------------------------
      
     --------------------------------------------------------------------------------------------
     (X)-Sigma
     --------------------------------------------------------------------------------------------
     in progress... |#                   | 005% :               00.7s (E)               14.9s (X)
     in progress... |##                  | 010% :               02.2s (E)               22.4s (X)
     in progress... |###                 | 015% :               03.0s (E)               20.0s (X)
     in progress... |####                | 020% :               04.1s (E)               20.8s (X)
     in progress... |#####               | 025% :               04.8s (E)               19.5s (X)
     in progress... |######              | 030% :               05.5s (E)               18.6s (X)
     in progress... |#######             | 035% :               06.3s (E)               18.1s (X)
     in progress... |########            | 040% :               07.0s (E)               17.5s (X)
     in progress... |#########           | 045% :               07.7s (E)               17.2s (X)
     in progress... |##########          | 050% :               08.4s (E)               16.9s (X)
     in progress... |###########         | 055% :               09.1s (E)               16.6s (X)
     in progress... |############        | 060% :               09.9s (E)               16.5s (X)
     in progress... |#############       | 065% :               10.6s (E)               16.3s (X)
     in progress... |##############      | 070% :               11.3s (E)               16.1s (X)
     in progress... |###############     | 075% :               12.0s (E)               16.0s (X)
     in progress... |################    | 080% :               12.7s (E)               15.9s (X)
     in progress... |#################   | 085% :               13.4s (E)               15.8s (X)
     in progress... |##################  | 090% :               14.1s (E)               15.7s (X)
     in progress... |################### | 095% :               14.8s (E)               15.6s (X)
     in progress... |####################| 100% :               15.5s (E)               15.5s (X)
     --------------------------------------------------------------------------------------------
       
     --------------------------------------------------------------------------------------------
     (W)-Lanczos                                                         
     --------------------------------------------------------------------------------------------
     in progress... |#                   | 005% :               52.2s (E)           17m-24.2s (X)
     in progress... |##                  | 010% :           01m-43.8s (E)           17m-18.8s (X)
     in progress... |###                 | 015% :           02m-36.2s (E)           17m-21.9s (X)
     in progress... |####                | 020% :           03m-27.7s (E)           17m-18.8s (X)
     in progress... |#####               | 025% :           04m-19.7s (E)           17m-19.0s (X)
     in progress... |######              | 030% :           05m-12.2s (E)           17m-20.8s (X)
     in progress... |#######             | 035% :           06m-03.9s (E)           17m-19.9s (X)
     in progress... |########            | 040% :           06m-56.0s (E)           17m-20.0s (X)
     in progress... |#########           | 045% :           07m-47.6s (E)           17m-19.2s (X)
     in progress... |##########          | 050% :           08m-39.6s (E)           17m-19.2s (X)
     in progress... |###########         | 055% :           09m-31.6s (E)           17m-19.4s (X)
     in progress... |############        | 060% :           10m-23.4s (E)           17m-19.1s (X)
     in progress... |#############       | 065% :           11m-15.6s (E)           17m-19.5s (X)
     in progress... |##############      | 070% :           12m-07.5s (E)           17m-19.4s (X)
     in progress... |###############     | 075% :           12m-59.4s (E)           17m-19.2s (X)
     in progress... |################    | 080% :           13m-51.6s (E)           17m-19.5s (X)
     in progress... |#################   | 085% :           14m-43.6s (E)           17m-19.6s (X)
     in progress... |##################  | 090% :           15m-36.1s (E)           17m-20.1s (X)
     in progress... |################### | 095% :           16m-28.0s (E)           17m-20.0s (X)
     in progress... |####################| 100% :           17m-19.8s (E)           17m-19.8s (X)
     --------------------------------------------------------------------------------------------
 
     Number of q in the star =    4
     List of q in the star:
          1  -0.250000000   0.250000000  -0.250000000
          2   0.250000000  -0.250000000  -0.250000000
          3   0.250000000   0.250000000   0.250000000
          4  -0.250000000  -0.250000000   0.250000000
     In addition there is the -q list: 
          1   0.250000000  -0.250000000   0.250000000
          2  -0.250000000   0.250000000   0.250000000
          3  -0.250000000  -0.250000000  -0.250000000
          4   0.250000000   0.250000000  -0.250000000
 
     Number of q in the star =    4
     List of q in the star:
          1   0.500000000  -0.500000000   0.500000000
          2  -0.500000000   0.500000000   0.500000000
          3  -0.500000000  -0.500000000  -0.500000000
          4   0.500000000   0.500000000  -0.500000000
 
     Number of q in the star =    6
     List of q in the star:
          1   0.000000000   0.500000000   0.000000000
          2   0.000000000  -0.500000000   0.000000000
          3   0.500000000   0.000000000   0.000000000
          4  -0.500000000   0.000000000   0.000000000
          5   0.000000000   0.000000000   0.500000000
          6   0.000000000   0.000000000  -0.500000000
 
     Number of q in the star =   12
     List of q in the star:
          1   0.750000000  -0.250000000   0.750000000
          2  -0.750000000   0.250000000   0.750000000
          3  -0.750000000  -0.250000000  -0.750000000
          4   0.750000000   0.250000000  -0.750000000
          5  -0.250000000   0.750000000   0.750000000
          6   0.250000000   0.750000000  -0.750000000
          7  -0.250000000  -0.750000000  -0.750000000
          8   0.250000000  -0.750000000   0.750000000
          9   0.750000000   0.750000000  -0.250000000
         10   0.750000000  -0.750000000   0.250000000
         11  -0.750000000  -0.750000000  -0.250000000
         12  -0.750000000   0.750000000   0.250000000
     In addition there is the -q list: 
          1  -0.750000000   0.250000000  -0.750000000
          2   0.750000000  -0.250000000  -0.750000000
          3   0.750000000   0.250000000   0.750000000
          4  -0.750000000  -0.250000000   0.750000000
          5   0.250000000  -0.750000000  -0.750000000
          6  -0.250000000  -0.750000000   0.750000000
          7   0.250000000   0.750000000   0.750000000
          8  -0.250000000   0.750000000  -0.750000000
          9  -0.750000000  -0.750000000   0.250000000
         10  -0.750000000   0.750000000  -0.250000000
         11   0.750000000   0.750000000   0.250000000
         12   0.750000000  -0.750000000  -0.250000000
 
     Number of q in the star =   12
     List of q in the star:
          1   0.500000000   0.000000000   0.500000000
          2  -0.500000000   0.000000000   0.500000000
          3  -0.500000000   0.000000000  -0.500000000
          4   0.500000000   0.000000000  -0.500000000
          5   0.000000000   0.500000000   0.500000000
          6   0.000000000   0.500000000  -0.500000000
          7   0.000000000  -0.500000000  -0.500000000
          8   0.000000000  -0.500000000   0.500000000
          9   0.500000000   0.500000000   0.000000000
         10   0.500000000  -0.500000000   0.000000000
         11  -0.500000000  -0.500000000   0.000000000
         12  -0.500000000   0.500000000   0.000000000
 
     Number of q in the star =    3
     List of q in the star:
          1   0.000000000  -1.000000000   0.000000000
          2  -1.000000000   0.000000000   0.000000000
          3   0.000000000   0.000000000  -1.000000000
 
     Number of q in the star =    6
     List of q in the star:
          1  -0.500000000  -1.000000000   0.000000000
          2   0.500000000   1.000000000   0.000000000
          3  -1.000000000   0.000000000  -0.500000000
          4   1.000000000   0.000000000   0.500000000
          5   0.000000000  -0.500000000  -1.000000000
          6   0.000000000   0.500000000   1.000000000
 
     Number of q in the star =    4
     List of q in the star:
          1  -0.250000000   0.250000000  -0.250000000
          2   0.250000000  -0.250000000  -0.250000000
          3   0.250000000   0.250000000   0.250000000
          4  -0.250000000  -0.250000000   0.250000000
     In addition there is the -q list: 
          1   0.250000000  -0.250000000   0.250000000
          2  -0.250000000   0.250000000   0.250000000
          3  -0.250000000  -0.250000000  -0.250000000
          4   0.250000000   0.250000000  -0.250000000
 
     Number of q in the star =    4
     List of q in the star:
          1   0.500000000  -0.500000000   0.500000000
          2  -0.500000000   0.500000000   0.500000000
          3  -0.500000000  -0.500000000  -0.500000000
          4   0.500000000   0.500000000  -0.500000000
 
     Number of q in the star =    6
     List of q in the star:
          1   0.000000000   0.500000000   0.000000000
          2   0.000000000  -0.500000000   0.000000000
          3   0.500000000   0.000000000   0.000000000
          4  -0.500000000   0.000000000   0.000000000
          5   0.000000000   0.000000000   0.500000000
          6   0.000000000   0.000000000  -0.500000000
 
     Number of q in the star =   12
     List of q in the star:
          1   0.750000000  -0.250000000   0.750000000
          2  -0.750000000   0.250000000   0.750000000
          3  -0.750000000  -0.250000000  -0.750000000
          4   0.750000000   0.250000000  -0.750000000
          5  -0.250000000   0.750000000   0.750000000
          6   0.250000000   0.750000000  -0.750000000
          7  -0.250000000  -0.750000000  -0.750000000
          8   0.250000000  -0.750000000   0.750000000
          9   0.750000000   0.750000000  -0.250000000
         10   0.750000000  -0.750000000   0.250000000
         11  -0.750000000  -0.750000000  -0.250000000
         12  -0.750000000   0.750000000   0.250000000
     In addition there is the -q list: 
          1  -0.750000000   0.250000000  -0.750000000
          2   0.750000000  -0.250000000  -0.750000000
          3   0.750000000   0.250000000   0.750000000
          4  -0.750000000  -0.250000000   0.750000000
          5   0.250000000  -0.750000000  -0.750000000
          6  -0.250000000  -0.750000000   0.750000000
          7   0.250000000   0.750000000   0.750000000
          8  -0.250000000   0.750000000  -0.750000000
          9  -0.750000000  -0.750000000   0.250000000
         10  -0.750000000   0.750000000  -0.250000000
         11   0.750000000   0.750000000   0.250000000
         12   0.750000000  -0.750000000  -0.250000000
 
     Number of q in the star =   12
     List of q in the star:
          1   0.500000000   0.000000000   0.500000000
          2  -0.500000000   0.000000000   0.500000000
          3  -0.500000000   0.000000000  -0.500000000
          4   0.500000000   0.000000000  -0.500000000
          5   0.000000000   0.500000000   0.500000000
          6   0.000000000   0.500000000  -0.500000000
          7   0.000000000  -0.500000000  -0.500000000
          8   0.000000000  -0.500000000   0.500000000
          9   0.500000000   0.500000000   0.000000000
         10   0.500000000  -0.500000000   0.000000000
         11  -0.500000000  -0.500000000   0.000000000
         12  -0.500000000   0.500000000   0.000000000
 
     Number of q in the star =    3
     List of q in the star:
          1   0.000000000  -1.000000000   0.000000000
          2  -1.000000000   0.000000000   0.000000000
          3   0.000000000   0.000000000  -1.000000000
 
     Number of q in the star =    6
     List of q in the star:
          1  -0.500000000  -1.000000000   0.000000000
          2   0.500000000   1.000000000   0.000000000
          3  -1.000000000   0.000000000  -0.500000000
          4   1.000000000   0.000000000   0.500000000
          5   0.000000000  -0.500000000  -1.000000000
          6   0.000000000   0.500000000   1.000000000
       
     --------------------------------------------------------------------------------------------
     (G)-Lanczos                                                         
     --------------------------------------------------------------------------------------------
     in progress... |#                   | 005% :           03m-45.2s (E)       01h-15m-04.1s (X)
     in progress... |##                  | 010% :           07m-28.1s (E)       01h-14m-41.6s (X)
     in progress... |###                 | 015% :           11m-09.4s (E)       01h-14m-23.0s (X)
     in progress... |####                | 020% :           14m-48.2s (E)       01h-14m-01.4s (X)
     in progress... |#####               | 025% :           18m-26.3s (E)       01h-13m-45.5s (X)
     in progress... |######              | 030% :           22m-04.9s (E)       01h-13m-36.5s (X)
     in progress... |#######             | 035% :           25m-43.0s (E)       01h-13m-28.7s (X)
     in progress... |########            | 040% :           29m-22.9s (E)       01h-13m-27.3s (X)
     in progress... |#########           | 045% :           33m-01.8s (E)       01h-13m-24.1s (X)
     in progress... |##########          | 050% :           36m-39.8s (E)       01h-13m-19.7s (X)
     in progress... |###########         | 055% :           40m-19.4s (E)       01h-13m-18.9s (X)
     in progress... |############        | 060% :           43m-57.7s (E)       01h-13m-16.2s (X)
     in progress... |#############       | 065% :           47m-38.0s (E)       01h-13m-16.9s (X)
     in progress... |##############      | 070% :           51m-17.4s (E)       01h-13m-16.2s (X)
     in progress... |###############     | 075% :           54m-54.7s (E)       01h-13m-13.0s (X)
     in progress... |################    | 080% :           58m-35.2s (E)       01h-13m-14.1s (X)
     in progress... |#################   | 085% :       01h-02m-13.2s (E)       01h-13m-12.0s (X)
     in progress... |##################  | 090% :       01h-05m-54.1s (E)       01h-13m-13.4s (X)
     in progress... |################### | 095% :       01h-09m-34.1s (E)       01h-13m-13.8s (X)
     in progress... |####################| 100% :       01h-13m-13.5s (E)       01h-13m-13.5s (X)
     --------------------------------------------------------------------------------------------
       
     --------------------------------------------------------------------------------------------
     (Q)uasiparticle energies                                            
     --------------------------------------------------------------------------------------------
       
     --------------------------------------------------------------------------------------------
     Sigma_C                                                             
     --------------------------------------------------------------------------------------------
     Integrating along the IM axis...
     --------------------------------------------------------------------------------------------
     in progress... |#                   | 005% :               01.2s (E)               25.1s (X)
     in progress... |##                  | 010% :               02.4s (E)               24.9s (X)
     --------------------------------------------------------------------------------------------
     Residues along the RE axis...
     --------------------------------------------------------------------------------------------
     in progress... |#                   | 005% :             < 00.1s (E)             < 00.1s (X)
     in progress... |##                  | 010% :             < 00.1s (E)             < 00.1s (X)
     --------------------------------------------------------------------------------------------
       
     --------------------------------------------------------------------------------------------
     Sigma_C                                                             
     --------------------------------------------------------------------------------------------
     Integrating along the IM axis...
     --------------------------------------------------------------------------------------------
     in progress... |#                   | 005% :               00.9s (E)               19.9s (X)
     in progress... |##                  | 010% :               01.9s (E)               19.6s (X)
     --------------------------------------------------------------------------------------------
     Residues along the RE axis...
     --------------------------------------------------------------------------------------------
     in progress... |#                   | 005% :             < 00.1s (E)             < 00.1s (X)
     in progress... |##                  | 010% :             < 00.1s (E)             < 00.1s (X)
     --------------------------------------------------------------------------------------------

     --------------------------------------------------------------------------------------------
     Iter: 000000
     k(000001) = (   0.0000000   0.0000000   0.0000000) cryst. coord.
     band      QP en. [eV] conv
     000001     -10.032707   no
     000002      12.031152   no
     000003      12.031152   no
     000004      12.031153   no
     000005      19.675342   no
     000006      19.675342   no
     000007      19.675342   no
     000008      27.223766   no
     ---------------------------------
     k(000002) = (   0.0000000   0.0000000   0.2500000) cryst. coord.
     band      QP en. [eV] conv
     000001      -9.660713   no
     000002       5.042990   no
     000003      10.197917   no
     000004      10.197916   no
     000005      21.995980   no
     000006      21.995980   no
     000007      22.105120   no
     000008      28.814130   no
     ---------------------------------
     k(000003) = (   0.0000000   0.0000000  -0.5000000) cryst. coord.
     band      QP en. [eV] conv
     000001      -4.733437   no
     000002      -1.216116   no
     000003       9.029969   no
     000004       9.029972   no
     000005      22.694773   no
     000006      22.694774   no
     000007      22.800700   no
     000008      30.902641   no
     ---------------------------------
     k(000006) = (   0.0000000   0.2500000   0.2500000) cryst. coord.
     band      QP en. [eV] conv
     000001       5.455368   no
     000002       7.106630   no
     000003       7.690161   no
     000004       7.690161   no
     000005      18.311162   no
     000006      24.276309   no
     000007      25.904807   no
     000008      25.904807   no
     ---------------------------------
     k(000007) = (   0.0000000   0.2500000  -0.5000000) cryst. coord.
     band      QP en. [eV] conv
     000001      -3.761079   no
     000002       0.150728   no
     000003       4.864319   no
     000004       6.847462   no
     000005      20.002387   no
     000006      25.568240   no
     000007      27.194837   no
     000008      27.488430   no
     ---------------------------------
     k(000008) = (   0.0000000   0.2500000  -0.2500000) cryst. coord.
     band      QP en. [eV] conv
     000001      -4.546565   no
     000002       2.879138   no
     000003       4.053724   no
     000004       8.809254   no
     000005      21.974591   no
     000006      24.388846   no
     000007      26.871067   no
     000008      28.048282   no
     ---------------------------------
     k(000011) = (   0.0000000  -0.5000000  -0.5000000) cryst. coord.
     band      QP en. [eV] conv
     000001      -1.074195   no
     000002      -1.074196   no
     000003       5.325708   no
     000004       5.325708   no
     000005      18.570516   no
     000006      18.570515   no
     000007      31.187874   no
     000008      31.187874   no
     ---------------------------------
     k(000028) = (   0.2500000  -0.5000000  -0.2500000) cryst. coord.
     band      QP en. [eV] conv
     000001       0.072469   no
     000002       0.072468   no
     000003       3.311325   no
     000004       3.311325   no
     000005      24.708077   no
     000006      24.708077   no
     000007      26.528488   no
     000008      26.528488   no
     ---------------------------------
     --------------------------------------------------------------------------------------------
       
     --------------------------------------------------------------------------------------------
     Sigma_C                                                             
     --------------------------------------------------------------------------------------------
     Integrating along the IM axis...
     --------------------------------------------------------------------------------------------
     in progress... |#                   | 005% :               00.9s (E)               19.5s (X)
     in progress... |##                  | 010% :               01.9s (E)               19.6s (X)
     --------------------------------------------------------------------------------------------
     Residues along the RE axis...
     --------------------------------------------------------------------------------------------
     in progress... |#                   | 005% :             < 00.1s (E)             < 00.1s (X)
     in progress... |##                  | 010% :             < 00.1s (E)             < 00.1s (X)
     --------------------------------------------------------------------------------------------

     --------------------------------------------------------------------------------------------
     Iter: 000001
     k(000001) = (   0.0000000   0.0000000   0.0000000) cryst. coord.
     band      QP en. [eV] conv
     000001     -10.384639   no
     000002      12.037675  yes
     000003      12.037675  yes
     000004      12.037676  yes
     000005      19.672990  yes
     000006      19.672991  yes
     000007      19.672990  yes
     000008      27.223914  yes
     ---------------------------------
     k(000002) = (   0.0000000   0.0000000   0.2500000) cryst. coord.
     band      QP en. [eV] conv
     000001      -8.132345   no
     000002       5.044789  yes
     000003      10.206827  yes
     000004      10.206826  yes
     000005      21.992068  yes
     000006      21.992068  yes
     000007      22.103659  yes
     000008      28.691674   no
     ---------------------------------
     k(000003) = (   0.0000000   0.0000000  -0.5000000) cryst. coord.
     band      QP en. [eV] conv
     000001      -4.293907   no
     000002      -1.880471   no
     000003       9.038988  yes
     000004       9.038990  yes
     000005      22.690552  yes
     000006      22.690553  yes
     000007      22.801186  yes
     000008      29.753240   no
     ---------------------------------
     k(000006) = (   0.0000000   0.2500000   0.2500000) cryst. coord.
     band      QP en. [eV] conv
     000001      -7.686973   no
     000002       7.116038  yes
     000003       7.702300  yes
     000004       7.702300  yes
     000005      18.310292  yes
     000006      24.272270  yes
     000007      25.898841  yes
     000008      25.898841  yes
     ---------------------------------
     k(000007) = (   0.0000000   0.2500000  -0.5000000) cryst. coord.
     band      QP en. [eV] conv
     000001      -3.906555   no
     000002       0.715141   no
     000003       4.875061  yes
     000004       6.863167  yes
     000005      20.001186  yes
     000006      25.591225  yes
     000007      27.148090  yes
     000008      27.515152  yes
     ---------------------------------
     k(000008) = (   0.0000000   0.2500000  -0.2500000) cryst. coord.
     band      QP en. [eV] conv
     000001      -6.103978   no
     000002       2.831669  yes
     000003       4.000338   no
     000004       8.821371  yes
     000005      21.974341  yes
     000006      24.379581  yes
     000007      26.495515   no
     000008      28.051807  yes
     ---------------------------------
     k(000011) = (   0.0000000  -0.5000000  -0.5000000) cryst. coord.
     band      QP en. [eV] conv
     000001      -1.482269   no
     000002      -1.482270   no
     000003       5.348087  yes
     000004       5.348087  yes
     000005      18.569559  yes
     000006      18.569558  yes
     000007      31.126077   no
     000008      31.126077   no
     ---------------------------------
     k(000028) = (   0.2500000  -0.5000000  -0.2500000) cryst. coord.
     band      QP en. [eV] conv
     000001      -0.554178   no
     000002      -0.554179   no
     000003       3.298653  yes
     000004       3.298654  yes
     000005      24.699451  yes
     000006      24.699450  yes
     000007      26.595698   no
     000008      26.595697   no
     ---------------------------------
     --------------------------------------------------------------------------------------------
       
     --------------------------------------------------------------------------------------------
     Sigma_C                                                             
     --------------------------------------------------------------------------------------------
     Integrating along the IM axis...
     --------------------------------------------------------------------------------------------
     in progress... |#                   | 005% :               00.9s (E)               19.8s (X)
     in progress... |##                  | 010% :               01.9s (E)               19.7s (X)
     --------------------------------------------------------------------------------------------
     Residues along the RE axis...
     --------------------------------------------------------------------------------------------
     in progress... |#                   | 005% :             < 00.1s (E)             < 00.1s (X)
     in progress... |##                  | 010% :             < 00.1s (E)             < 00.1s (X)
     --------------------------------------------------------------------------------------------

     --------------------------------------------------------------------------------------------
     Iter: 000002
     k(000001) = (   0.0000000   0.0000000   0.0000000) cryst. coord.
     band      QP en. [eV] conv
     000001     -10.256294   no
     000002      12.037675  yes
     000003      12.037675  yes
     000004      12.037676  yes
     000005      19.672990  yes
     000006      19.672991  yes
     000007      19.672990  yes
     000008      27.223914  yes
     ---------------------------------
     k(000002) = (   0.0000000   0.0000000   0.2500000) cryst. coord.
     band      QP en. [eV] conv
     000001      -8.306797   no
     000002       5.044789  yes
     000003      10.206827  yes
     000004      10.206826  yes
     000005      21.992068  yes
     000006      21.992068  yes
     000007      22.103659  yes
     000008      28.639498   no
     ---------------------------------
     k(000003) = (   0.0000000   0.0000000  -0.5000000) cryst. coord.
     band      QP en. [eV] conv
     000001      -4.152319   no
     000002      -1.745912   no
     000003       9.038988  yes
     000004       9.038990  yes
     000005      22.690552  yes
     000006      22.690553  yes
     000007      22.801186  yes
     000008      29.804923   no
     ---------------------------------
     k(000006) = (   0.0000000   0.2500000   0.2500000) cryst. coord.
     band      QP en. [eV] conv
     000001      -7.384350   no
     000002       7.116038  yes
     000003       7.702300  yes
     000004       7.702300  yes
     000005      18.310292  yes
     000006      24.272270  yes
     000007      25.898841  yes
     000008      25.898841  yes
     ---------------------------------
     k(000007) = (   0.0000000   0.2500000  -0.5000000) cryst. coord.
     band      QP en. [eV] conv
     000001      -3.956981   no
     000002       0.779466   no
     000003       4.875061  yes
     000004       6.863167  yes
     000005      20.001186  yes
     000006      25.591225  yes
     000007      27.148090  yes
     000008      27.515152  yes
     ---------------------------------
     k(000008) = (   0.0000000   0.2500000  -0.2500000) cryst. coord.
     band      QP en. [eV] conv
     000001      -5.468943   no
     000002       2.831669  yes
     000003       4.002457  yes
     000004       8.821371  yes
     000005      21.974341  yes
     000006      24.379581  yes
     000007      26.496186  yes
     000008      28.051807  yes
     ---------------------------------
     k(000011) = (   0.0000000  -0.5000000  -0.5000000) cryst. coord.
     band      QP en. [eV] conv
     000001      -1.393078   no
     000002      -1.393079   no
     000003       5.348087  yes
     000004       5.348087  yes
     000005      18.569559  yes
     000006      18.569558  yes
     000007      31.143055  yes
     000008      31.143055  yes
     ---------------------------------
     k(000028) = (   0.2500000  -0.5000000  -0.2500000) cryst. coord.
     band      QP en. [eV] conv
     000001      -0.421172   no
     000002      -0.421174   no
     000003       3.298653  yes
     000004       3.298654  yes
     000005      24.699451  yes
     000006      24.699450  yes
     000007      26.590292  yes
     000008      26.590292  yes
     ---------------------------------
     --------------------------------------------------------------------------------------------
       
     --------------------------------------------------------------------------------------------
     Sigma_C                                                             
     --------------------------------------------------------------------------------------------
     Integrating along the IM axis...
     --------------------------------------------------------------------------------------------
     in progress... |#                   | 005% :               00.9s (E)               19.6s (X)
     in progress... |##                  | 010% :               01.9s (E)               19.6s (X)
     --------------------------------------------------------------------------------------------
     Residues along the RE axis...
     --------------------------------------------------------------------------------------------
     in progress... |#                   | 005% :             < 00.1s (E)             < 00.1s (X)
     in progress... |##                  | 010% :             < 00.1s (E)             < 00.1s (X)
     --------------------------------------------------------------------------------------------

     --------------------------------------------------------------------------------------------
     Iter: 000003
     k(000001) = (   0.0000000   0.0000000   0.0000000) cryst. coord.
     band      QP en. [eV] conv
     000001     -10.476785   no
     000002      12.037675  yes
     000003      12.037675  yes
     000004      12.037676  yes
     000005      19.672990  yes
     000006      19.672991  yes
     000007      19.672990  yes
     000008      27.223914  yes
     ---------------------------------
     k(000002) = (   0.0000000   0.0000000   0.2500000) cryst. coord.
     band      QP en. [eV] conv
     000001      -9.404332   no
     000002       5.044789  yes
     000003      10.206827  yes
     000004      10.206826  yes
     000005      21.992068  yes
     000006      21.992068  yes
     000007      22.103659  yes
     000008      28.656389  yes
     ---------------------------------
     k(000003) = (   0.0000000   0.0000000  -0.5000000) cryst. coord.
     band      QP en. [eV] conv
     000001      -4.125365  yes
     000002      -1.770094  yes
     000003       9.038988  yes
     000004       9.038990  yes
     000005      22.690552  yes
     000006      22.690553  yes
     000007      22.801186  yes
     000008      29.817497  yes
     ---------------------------------
     k(000006) = (   0.0000000   0.2500000   0.2500000) cryst. coord.
     band      QP en. [eV] conv
     000001      -7.549912   no
     000002       7.116038  yes
     000003       7.702300  yes
     000004       7.702300  yes
     000005      18.310292  yes
     000006      24.272270  yes
     000007      25.898841  yes
     000008      25.898841  yes
     ---------------------------------
     k(000007) = (   0.0000000   0.2500000  -0.5000000) cryst. coord.
     band      QP en. [eV] conv
     000001      -3.922530  yes
     000002      -0.908917   no
     000003       4.875061  yes
     000004       6.863167  yes
     000005      20.001186  yes
     000006      25.591225  yes
     000007      27.148090  yes
     000008      27.515152  yes
     ---------------------------------
     k(000008) = (   0.0000000   0.2500000  -0.2500000) cryst. coord.
     band      QP en. [eV] conv
     000001      -5.426543  yes
     000002       2.831669  yes
     000003       4.002457  yes
     000004       8.821371  yes
     000005      21.974341  yes
     000006      24.379581  yes
     000007      26.496186  yes
     000008      28.051807  yes
     ---------------------------------
     k(000011) = (   0.0000000  -0.5000000  -0.5000000) cryst. coord.
     band      QP en. [eV] conv
     000001      -1.410124  yes
     000002      -1.410125  yes
     000003       5.348087  yes
     000004       5.348087  yes
     000005      18.569559  yes
     000006      18.569558  yes
     000007      31.143055  yes
     000008      31.143055  yes
     ---------------------------------
     k(000028) = (   0.2500000  -0.5000000  -0.2500000) cryst. coord.
     band      QP en. [eV] conv
     000001      -0.415713  yes
     000002      -0.415715  yes
     000003       3.298653  yes
     000004       3.298654  yes
     000005      24.699451  yes
     000006      24.699450  yes
     000007      26.590292  yes
     000008      26.590292  yes
     ---------------------------------
     --------------------------------------------------------------------------------------------
       
     --------------------------------------------------------------------------------------------
     Sigma_C                                                             
     --------------------------------------------------------------------------------------------
     Integrating along the IM axis...
     --------------------------------------------------------------------------------------------
     in progress... |#                   | 005% :               00.9s (E)               19.4s (X)
     in progress... |##                  | 010% :               01.9s (E)               19.5s (X)
     --------------------------------------------------------------------------------------------
     Residues along the RE axis...
     --------------------------------------------------------------------------------------------
     in progress... |#                   | 005% :             < 00.1s (E)             < 00.1s (X)
     in progress... |##                  | 010% :             < 00.1s (E)             < 00.1s (X)
     --------------------------------------------------------------------------------------------

     --------------------------------------------------------------------------------------------
     Iter: 000004
     k(000001) = (   0.0000000   0.0000000   0.0000000) cryst. coord.
     band      QP en. [eV] conv
     000001     -10.402958   no
     000002      12.037675  yes
     000003      12.037675  yes
     000004      12.037676  yes
     000005      19.672990  yes
     000006      19.672991  yes
     000007      19.672990  yes
     000008      27.223914  yes
     ---------------------------------
     k(000002) = (   0.0000000   0.0000000   0.2500000) cryst. coord.
     band      QP en. [eV] conv
     000001      -8.466997   no
     000002       5.044789  yes
     000003      10.206827  yes
     000004      10.206826  yes
     000005      21.992068  yes
     000006      21.992068  yes
     000007      22.103659  yes
     000008      28.656389  yes
     ---------------------------------
     k(000003) = (   0.0000000   0.0000000  -0.5000000) cryst. coord.
     band      QP en. [eV] conv
     000001      -4.125365  yes
     000002      -1.770094  yes
     000003       9.038988  yes
     000004       9.038990  yes
     000005      22.690552  yes
     000006      22.690553  yes
     000007      22.801186  yes
     000008      29.817497  yes
     ---------------------------------
     k(000006) = (   0.0000000   0.2500000   0.2500000) cryst. coord.
     band      QP en. [eV] conv
     000001      -7.487386   no
     000002       7.116038  yes
     000003       7.702300  yes
     000004       7.702300  yes
     000005      18.310292  yes
     000006      24.272270  yes
     000007      25.898841  yes
     000008      25.898841  yes
     ---------------------------------
     k(000007) = (   0.0000000   0.2500000  -0.5000000) cryst. coord.
     band      QP en. [eV] conv
     000001      -3.922530  yes
     000002       0.837653   no
     000003       4.875061  yes
     000004       6.863167  yes
     000005      20.001186  yes
     000006      25.591225  yes
     000007      27.148090  yes
     000008      27.515152  yes
     ---------------------------------
     k(000008) = (   0.0000000   0.2500000  -0.2500000) cryst. coord.
     band      QP en. [eV] conv
     000001      -5.426543  yes
     000002       2.831669  yes
     000003       4.002457  yes
     000004       8.821371  yes
     000005      21.974341  yes
     000006      24.379581  yes
     000007      26.496186  yes
     000008      28.051807  yes
     ---------------------------------
     k(000011) = (   0.0000000  -0.5000000  -0.5000000) cryst. coord.
     band      QP en. [eV] conv
     000001      -1.410124  yes
     000002      -1.410125  yes
     000003       5.348087  yes
     000004       5.348087  yes
     000005      18.569559  yes
     000006      18.569558  yes
     000007      31.143055  yes
     000008      31.143055  yes
     ---------------------------------
     k(000028) = (   0.2500000  -0.5000000  -0.2500000) cryst. coord.
     band      QP en. [eV] conv
     000001      -0.415713  yes
     000002      -0.415715  yes
     000003       3.298653  yes
     000004       3.298654  yes
     000005      24.699451  yes
     000006      24.699450  yes
     000007      26.590292  yes
     000008      26.590292  yes
     ---------------------------------
     --------------------------------------------------------------------------------------------
       
     --------------------------------------------------------------------------------------------
     Sigma_C                                                             
     --------------------------------------------------------------------------------------------
     Integrating along the IM axis...
     --------------------------------------------------------------------------------------------
     in progress... |#                   | 005% :               00.9s (E)               19.5s (X)
     in progress... |##                  | 010% :               01.9s (E)               19.6s (X)
     --------------------------------------------------------------------------------------------
     Residues along the RE axis...
     --------------------------------------------------------------------------------------------
     in progress... |#                   | 005% :             < 00.1s (E)             < 00.1s (X)
     in progress... |##                  | 010% :             < 00.1s (E)             < 00.1s (X)
     --------------------------------------------------------------------------------------------

     --------------------------------------------------------------------------------------------
     Iter: 000005
     k(000001) = (   0.0000000   0.0000000   0.0000000) cryst. coord.
     band      QP en. [eV] conv
     000001     -10.387411  yes
     000002      12.037675  yes
     000003      12.037675  yes
     000004      12.037676  yes
     000005      19.672990  yes
     000006      19.672991  yes
     000007      19.672990  yes
     000008      27.223914  yes
     ---------------------------------
     k(000002) = (   0.0000000   0.0000000   0.2500000) cryst. coord.
     band      QP en. [eV] conv
     000001      -7.314681   no
     000002       5.044789  yes
     000003      10.206827  yes
     000004      10.206826  yes
     000005      21.992068  yes
     000006      21.992068  yes
     000007      22.103659  yes
     000008      28.656389  yes
     ---------------------------------
     k(000003) = (   0.0000000   0.0000000  -0.5000000) cryst. coord.
     band      QP en. [eV] conv
     000001      -4.125365  yes
     000002      -1.770094  yes
     000003       9.038988  yes
     000004       9.038990  yes
     000005      22.690552  yes
     000006      22.690553  yes
     000007      22.801186  yes
     000008      29.817497  yes
     ---------------------------------
     k(000006) = (   0.0000000   0.2500000   0.2500000) cryst. coord.
     band      QP en. [eV] conv
     000001      -7.469045  yes
     000002       7.116038  yes
     000003       7.702300  yes
     000004       7.702300  yes
     000005      18.310292  yes
     000006      24.272270  yes
     000007      25.898841  yes
     000008      25.898841  yes
     ---------------------------------
     k(000007) = (   0.0000000   0.2500000  -0.5000000) cryst. coord.
     band      QP en. [eV] conv
     000001      -3.922530  yes
     000002       0.814719  yes
     000003       4.875061  yes
     000004       6.863167  yes
     000005      20.001186  yes
     000006      25.591225  yes
     000007      27.148090  yes
     000008      27.515152  yes
     ---------------------------------
     k(000008) = (   0.0000000   0.2500000  -0.2500000) cryst. coord.
     band      QP en. [eV] conv
     000001      -5.426543  yes
     000002       2.831669  yes
     000003       4.002457  yes
     000004       8.821371  yes
     000005      21.974341  yes
     000006      24.379581  yes
     000007      26.496186  yes
     000008      28.051807  yes
     ---------------------------------
     k(000011) = (   0.0000000  -0.5000000  -0.5000000) cryst. coord.
     band      QP en. [eV] conv
     000001      -1.410124  yes
     000002      -1.410125  yes
     000003       5.348087  yes
     000004       5.348087  yes
     000005      18.569559  yes
     000006      18.569558  yes
     000007      31.143055  yes
     000008      31.143055  yes
     ---------------------------------
     k(000028) = (   0.2500000  -0.5000000  -0.2500000) cryst. coord.
     band      QP en. [eV] conv
     000001      -0.415713  yes
     000002      -0.415715  yes
     000003       3.298653  yes
     000004       3.298654  yes
     000005      24.699451  yes
     000006      24.699450  yes
     000007      26.590292  yes
     000008      26.590292  yes
     ---------------------------------
     --------------------------------------------------------------------------------------------
       
     --------------------------------------------------------------------------------------------
     Sigma_C                                                             
     --------------------------------------------------------------------------------------------
     Integrating along the IM axis...
     --------------------------------------------------------------------------------------------
     in progress... |#                   | 005% :               00.9s (E)               19.3s (X)
     in progress... |##                  | 010% :               01.9s (E)               19.9s (X)
     --------------------------------------------------------------------------------------------
     Residues along the RE axis...
     --------------------------------------------------------------------------------------------
     in progress... |#                   | 005% :             < 00.1s (E)             < 00.1s (X)
     in progress... |##                  | 010% :             < 00.1s (E)             < 00.1s (X)
     --------------------------------------------------------------------------------------------

     --------------------------------------------------------------------------------------------
     Iter: 000006
     k(000001) = (   0.0000000   0.0000000   0.0000000) cryst. coord.
     band      QP en. [eV] conv
     000001     -10.387411  yes
     000002      12.037675  yes
     000003      12.037675  yes
     000004      12.037676  yes
     000005      19.672990  yes
     000006      19.672991  yes
     000007      19.672990  yes
     000008      27.223914  yes
     ---------------------------------
     k(000002) = (   0.0000000   0.0000000   0.2500000) cryst. coord.
     band      QP en. [eV] conv
     000001      -8.108405   no
     000002       5.044789  yes
     000003      10.206827  yes
     000004      10.206826  yes
     000005      21.992068  yes
     000006      21.992068  yes
     000007      22.103659  yes
     000008      28.656389  yes
     ---------------------------------
     k(000003) = (   0.0000000   0.0000000  -0.5000000) cryst. coord.
     band      QP en. [eV] conv
     000001      -4.125365  yes
     000002      -1.770094  yes
     000003       9.038988  yes
     000004       9.038990  yes
     000005      22.690552  yes
     000006      22.690553  yes
     000007      22.801186  yes
     000008      29.817497  yes
     ---------------------------------
     k(000006) = (   0.0000000   0.2500000   0.2500000) cryst. coord.
     band      QP en. [eV] conv
     000001      -7.469045  yes
     000002       7.116038  yes
     000003       7.702300  yes
     000004       7.702300  yes
     000005      18.310292  yes
     000006      24.272270  yes
     000007      25.898841  yes
     000008      25.898841  yes
     ---------------------------------
     k(000007) = (   0.0000000   0.2500000  -0.5000000) cryst. coord.
     band      QP en. [eV] conv
     000001      -3.922530  yes
     000002       0.814719  yes
     000003       4.875061  yes
     000004       6.863167  yes
     000005      20.001186  yes
     000006      25.591225  yes
     000007      27.148090  yes
     000008      27.515152  yes
     ---------------------------------
     k(000008) = (   0.0000000   0.2500000  -0.2500000) cryst. coord.
     band      QP en. [eV] conv
     000001      -5.426543  yes
     000002       2.831669  yes
     000003       4.002457  yes
     000004       8.821371  yes
     000005      21.974341  yes
     000006      24.379581  yes
     000007      26.496186  yes
     000008      28.051807  yes
     ---------------------------------
     k(000011) = (   0.0000000  -0.5000000  -0.5000000) cryst. coord.
     band      QP en. [eV] conv
     000001      -1.410124  yes
     000002      -1.410125  yes
     000003       5.348087  yes
     000004       5.348087  yes
     000005      18.569559  yes
     000006      18.569558  yes
     000007      31.143055  yes
     000008      31.143055  yes
     ---------------------------------
     k(000028) = (   0.2500000  -0.5000000  -0.2500000) cryst. coord.
     band      QP en. [eV] conv
     000001      -0.415713  yes
     000002      -0.415715  yes
     000003       3.298653  yes
     000004       3.298654  yes
     000005      24.699451  yes
     000006      24.699450  yes
     000007      26.590292  yes
     000008      26.590292  yes
     ---------------------------------
     --------------------------------------------------------------------------------------------
       
     --------------------------------------------------------------------------------------------
     Sigma_C                                                             
     --------------------------------------------------------------------------------------------
     Integrating along the IM axis...
     --------------------------------------------------------------------------------------------
     in progress... |#                   | 005% :               00.9s (E)               19.2s (X)
     in progress... |##                  | 010% :               01.9s (E)               19.2s (X)
     --------------------------------------------------------------------------------------------
     Residues along the RE axis...
     --------------------------------------------------------------------------------------------
     in progress... |#                   | 005% :             < 00.1s (E)             < 00.1s (X)
     in progress... |##                  | 010% :             < 00.1s (E)             < 00.1s (X)
     --------------------------------------------------------------------------------------------

     --------------------------------------------------------------------------------------------
     Iter: 000007
     k(000001) = (   0.0000000   0.0000000   0.0000000) cryst. coord.
     band      QP en. [eV] conv
     000001     -10.387411  yes
     000002      12.037675  yes
     000003      12.037675  yes
     000004      12.037676  yes
     000005      19.672990  yes
     000006      19.672991  yes
     000007      19.672990  yes
     000008      27.223914  yes
     ---------------------------------
     k(000002) = (   0.0000000   0.0000000   0.2500000) cryst. coord.
     band      QP en. [eV] conv
     000001      -8.299925   no
     000002       5.044789  yes
     000003      10.206827  yes
     000004      10.206826  yes
     000005      21.992068  yes
     000006      21.992068  yes
     000007      22.103659  yes
     000008      28.656389  yes
     ---------------------------------
     k(000003) = (   0.0000000   0.0000000  -0.5000000) cryst. coord.
     band      QP en. [eV] conv
     000001      -4.125365  yes
     000002      -1.770094  yes
     000003       9.038988  yes
     000004       9.038990  yes
     000005      22.690552  yes
     000006      22.690553  yes
     000007      22.801186  yes
     000008      29.817497  yes
     ---------------------------------
     k(000006) = (   0.0000000   0.2500000   0.2500000) cryst. coord.
     band      QP en. [eV] conv
     000001      -7.469045  yes
     000002       7.116038  yes
     000003       7.702300  yes
     000004       7.702300  yes
     000005      18.310292  yes
     000006      24.272270  yes
     000007      25.898841  yes
     000008      25.898841  yes
     ---------------------------------
     k(000007) = (   0.0000000   0.2500000  -0.5000000) cryst. coord.
     band      QP en. [eV] conv
     000001      -3.922530  yes
     000002       0.814719  yes
     000003       4.875061  yes
     000004       6.863167  yes
     000005      20.001186  yes
     000006      25.591225  yes
     000007      27.148090  yes
     000008      27.515152  yes
     ---------------------------------
     k(000008) = (   0.0000000   0.2500000  -0.2500000) cryst. coord.
     band      QP en. [eV] conv
     000001      -5.426543  yes
     000002       2.831669  yes
     000003       4.002457  yes
     000004       8.821371  yes
     000005      21.974341  yes
     000006      24.379581  yes
     000007      26.496186  yes
     000008      28.051807  yes
     ---------------------------------
     k(000011) = (   0.0000000  -0.5000000  -0.5000000) cryst. coord.
     band      QP en. [eV] conv
     000001      -1.410124  yes
     000002      -1.410125  yes
     000003       5.348087  yes
     000004       5.348087  yes
     000005      18.569559  yes
     000006      18.569558  yes
     000007      31.143055  yes
     000008      31.143055  yes
     ---------------------------------
     k(000028) = (   0.2500000  -0.5000000  -0.2500000) cryst. coord.
     band      QP en. [eV] conv
     000001      -0.415713  yes
     000002      -0.415715  yes
     000003       3.298653  yes
     000004       3.298654  yes
     000005      24.699451  yes
     000006      24.699450  yes
     000007      26.590292  yes
     000008      26.590292  yes
     ---------------------------------
     --------------------------------------------------------------------------------------------
       
     --------------------------------------------------------------------------------------------
     Sigma_C                                                             
     --------------------------------------------------------------------------------------------
     Integrating along the IM axis...
     --------------------------------------------------------------------------------------------
     in progress... |#                   | 005% :               00.9s (E)               19.4s (X)
     in progress... |##                  | 010% :               01.9s (E)               19.5s (X)
     --------------------------------------------------------------------------------------------
     Residues along the RE axis...
     --------------------------------------------------------------------------------------------
     in progress... |#                   | 005% :             < 00.1s (E)             < 00.1s (X)
     in progress... |##                  | 010% :             < 00.1s (E)             < 00.1s (X)
     --------------------------------------------------------------------------------------------

     --------------------------------------------------------------------------------------------
     Iter: 000008
     k(000001) = (   0.0000000   0.0000000   0.0000000) cryst. coord.
     band      QP en. [eV] conv
     000001     -10.387411  yes
     000002      12.037675  yes
     000003      12.037675  yes
     000004      12.037676  yes
     000005      19.672990  yes
     000006      19.672991  yes
     000007      19.672990  yes
     000008      27.223914  yes
     ---------------------------------
     k(000002) = (   0.0000000   0.0000000   0.2500000) cryst. coord.
     band      QP en. [eV] conv
     000001      -8.525549   no
     000002       5.044789  yes
     000003      10.206827  yes
     000004      10.206826  yes
     000005      21.992068  yes
     000006      21.992068  yes
     000007      22.103659  yes
     000008      28.656389  yes
     ---------------------------------
     k(000003) = (   0.0000000   0.0000000  -0.5000000) cryst. coord.
     band      QP en. [eV] conv
     000001      -4.125365  yes
     000002      -1.770094  yes
     000003       9.038988  yes
     000004       9.038990  yes
     000005      22.690552  yes
     000006      22.690553  yes
     000007      22.801186  yes
     000008      29.817497  yes
     ---------------------------------
     k(000006) = (   0.0000000   0.2500000   0.2500000) cryst. coord.
     band      QP en. [eV] conv
     000001      -7.469045  yes
     000002       7.116038  yes
     000003       7.702300  yes
     000004       7.702300  yes
     000005      18.310292  yes
     000006      24.272270  yes
     000007      25.898841  yes
     000008      25.898841  yes
     ---------------------------------
     k(000007) = (   0.0000000   0.2500000  -0.5000000) cryst. coord.
     band      QP en. [eV] conv
     000001      -3.922530  yes
     000002       0.814719  yes
     000003       4.875061  yes
     000004       6.863167  yes
     000005      20.001186  yes
     000006      25.591225  yes
     000007      27.148090  yes
     000008      27.515152  yes
     ---------------------------------
     k(000008) = (   0.0000000   0.2500000  -0.2500000) cryst. coord.
     band      QP en. [eV] conv
     000001      -5.426543  yes
     000002       2.831669  yes
     000003       4.002457  yes
     000004       8.821371  yes
     000005      21.974341  yes
     000006      24.379581  yes
     000007      26.496186  yes
     000008      28.051807  yes
     ---------------------------------
     k(000011) = (   0.0000000  -0.5000000  -0.5000000) cryst. coord.
     band      QP en. [eV] conv
     000001      -1.410124  yes
     000002      -1.410125  yes
     000003       5.348087  yes
     000004       5.348087  yes
     000005      18.569559  yes
     000006      18.569558  yes
     000007      31.143055  yes
     000008      31.143055  yes
     ---------------------------------
     k(000028) = (   0.2500000  -0.5000000  -0.2500000) cryst. coord.
     band      QP en. [eV] conv
     000001      -0.415713  yes
     000002      -0.415715  yes
     000003       3.298653  yes
     000004       3.298654  yes
     000005      24.699451  yes
     000006      24.699450  yes
     000007      26.590292  yes
     000008      26.590292  yes
     ---------------------------------
     --------------------------------------------------------------------------------------------
       
     --------------------------------------------------------------------------------------------
     Sigma_C                                                             
     --------------------------------------------------------------------------------------------
     Integrating along the IM axis...
     --------------------------------------------------------------------------------------------
     in progress... |#                   | 005% :               00.9s (E)               19.5s (X)
     in progress... |##                  | 010% :               01.9s (E)               19.4s (X)
     --------------------------------------------------------------------------------------------
     Residues along the RE axis...
     --------------------------------------------------------------------------------------------
     in progress... |#                   | 005% :             < 00.1s (E)             < 00.1s (X)
     in progress... |##                  | 010% :             < 00.1s (E)             < 00.1s (X)
     --------------------------------------------------------------------------------------------

     --------------------------------------------------------------------------------------------
     Iter: 000009
     k(000001) = (   0.0000000   0.0000000   0.0000000) cryst. coord.
     band      QP en. [eV] conv
     000001     -10.387411  yes
     000002      12.037675  yes
     000003      12.037675  yes
     000004      12.037676  yes
     000005      19.672990  yes
     000006      19.672991  yes
     000007      19.672990  yes
     000008      27.223914  yes
     ---------------------------------
     k(000002) = (   0.0000000   0.0000000   0.2500000) cryst. coord.
     band      QP en. [eV] conv
     000001      -8.344156   no
     000002       5.044789  yes
     000003      10.206827  yes
     000004      10.206826  yes
     000005      21.992068  yes
     000006      21.992068  yes
     000007      22.103659  yes
     000008      28.656389  yes
     ---------------------------------
     k(000003) = (   0.0000000   0.0000000  -0.5000000) cryst. coord.
     band      QP en. [eV] conv
     000001      -4.125365  yes
     000002      -1.770094  yes
     000003       9.038988  yes
     000004       9.038990  yes
     000005      22.690552  yes
     000006      22.690553  yes
     000007      22.801186  yes
     000008      29.817497  yes
     ---------------------------------
     k(000006) = (   0.0000000   0.2500000   0.2500000) cryst. coord.
     band      QP en. [eV] conv
     000001      -7.469045  yes
     000002       7.116038  yes
     000003       7.702300  yes
     000004       7.702300  yes
     000005      18.310292  yes
     000006      24.272270  yes
     000007      25.898841  yes
     000008      25.898841  yes
     ---------------------------------
     k(000007) = (   0.0000000   0.2500000  -0.5000000) cryst. coord.
     band      QP en. [eV] conv
     000001      -3.922530  yes
     000002       0.814719  yes
     000003       4.875061  yes
     000004       6.863167  yes
     000005      20.001186  yes
     000006      25.591225  yes
     000007      27.148090  yes
     000008      27.515152  yes
     ---------------------------------
     k(000008) = (   0.0000000   0.2500000  -0.2500000) cryst. coord.
     band      QP en. [eV] conv
     000001      -5.426543  yes
     000002       2.831669  yes
     000003       4.002457  yes
     000004       8.821371  yes
     000005      21.974341  yes
     000006      24.379581  yes
     000007      26.496186  yes
     000008      28.051807  yes
     ---------------------------------
     k(000011) = (   0.0000000  -0.5000000  -0.5000000) cryst. coord.
     band      QP en. [eV] conv
     000001      -1.410124  yes
     000002      -1.410125  yes
     000003       5.348087  yes
     000004       5.348087  yes
     000005      18.569559  yes
     000006      18.569558  yes
     000007      31.143055  yes
     000008      31.143055  yes
     ---------------------------------
     k(000028) = (   0.2500000  -0.5000000  -0.2500000) cryst. coord.
     band      QP en. [eV] conv
     000001      -0.415713  yes
     000002      -0.415715  yes
     000003       3.298653  yes
     000004       3.298654  yes
     000005      24.699451  yes
     000006      24.699450  yes
     000007      26.590292  yes
     000008      26.590292  yes
     ---------------------------------
     --------------------------------------------------------------------------------------------
       
     --------------------------------------------------------------------------------------------
     Sigma_C                                                             
     --------------------------------------------------------------------------------------------
     Integrating along the IM axis...
     --------------------------------------------------------------------------------------------
     in progress... |#                   | 005% :               00.9s (E)               19.5s (X)
     in progress... |##                  | 010% :               01.9s (E)               19.6s (X)
     --------------------------------------------------------------------------------------------
     Residues along the RE axis...
     --------------------------------------------------------------------------------------------
     in progress... |#                   | 005% :             < 00.1s (E)             < 00.1s (X)
     in progress... |##                  | 010% :             < 00.1s (E)             < 00.1s (X)
     --------------------------------------------------------------------------------------------
       
     --------------------------------------------------------------------------------------------
     CONVERGENCE ACHIEVED !!!                                            
     --------------------------------------------------------------------------------------------

     --------------------------------------------------------------------------------------------
     k(000001) = (   0.0000000   0.0000000   0.0000000) cryst. coord.
     band      QP en. [eV] conv
     000001     -10.387411  yes
     000002      12.037675  yes
     000003      12.037675  yes
     000004      12.037676  yes
     000005      19.672990  yes
     000006      19.672991  yes
     000007      19.672990  yes
     000008      27.223914  yes
     ---------------------------------
     k(000002) = (   0.0000000   0.0000000   0.2500000) cryst. coord.
     band      QP en. [eV] conv
     000001      -8.371819  yes
     000002       5.044789  yes
     000003      10.206827  yes
     000004      10.206826  yes
     000005      21.992068  yes
     000006      21.992068  yes
     000007      22.103659  yes
     000008      28.656389  yes
     ---------------------------------
     k(000003) = (   0.0000000   0.0000000  -0.5000000) cryst. coord.
     band      QP en. [eV] conv
     000001      -4.125365  yes
     000002      -1.770094  yes
     000003       9.038988  yes
     000004       9.038990  yes
     000005      22.690552  yes
     000006      22.690553  yes
     000007      22.801186  yes
     000008      29.817497  yes
     ---------------------------------
     k(000006) = (   0.0000000   0.2500000   0.2500000) cryst. coord.
     band      QP en. [eV] conv
     000001      -7.469045  yes
     000002       7.116038  yes
     000003       7.702300  yes
     000004       7.702300  yes
     000005      18.310292  yes
     000006      24.272270  yes
     000007      25.898841  yes
     000008      25.898841  yes
     ---------------------------------
     k(000007) = (   0.0000000   0.2500000  -0.5000000) cryst. coord.
     band      QP en. [eV] conv
     000001      -3.922530  yes
     000002       0.814719  yes
     000003       4.875061  yes
     000004       6.863167  yes
     000005      20.001186  yes
     000006      25.591225  yes
     000007      27.148090  yes
     000008      27.515152  yes
     ---------------------------------
     k(000008) = (   0.0000000   0.2500000  -0.2500000) cryst. coord.
     band      QP en. [eV] conv
     000001      -5.426543  yes
     000002       2.831669  yes
     000003       4.002457  yes
     000004       8.821371  yes
     000005      21.974341  yes
     000006      24.379581  yes
     000007      26.496186  yes
     000008      28.051807  yes
     ---------------------------------
     k(000011) = (   0.0000000  -0.5000000  -0.5000000) cryst. coord.
     band      QP en. [eV] conv
     000001      -1.410124  yes
     000002      -1.410125  yes
     000003       5.348087  yes
     000004       5.348087  yes
     000005      18.569559  yes
     000006      18.569558  yes
     000007      31.143055  yes
     000008      31.143055  yes
     ---------------------------------
     k(000028) = (   0.2500000  -0.5000000  -0.2500000) cryst. coord.
     band      QP en. [eV] conv
     000001      -0.415713  yes
     000002      -0.415715  yes
     000003       3.298653  yes
     000004       3.298654  yes
     000005      24.699451  yes
     000006      24.699450  yes
     000007      26.590292  yes
     000008      26.590292  yes
     ---------------------------------
     --------------------------------------------------------------------------------------------
 
     Number of q in the star =    1
     List of q in the star:
          1   0.000000000   0.000000000   0.000000000
 
     Number of q in the star =    4
     List of q in the star:
          1  -0.250000000   0.250000000  -0.250000000
          2   0.250000000  -0.250000000  -0.250000000
          3   0.250000000   0.250000000   0.250000000
          4  -0.250000000  -0.250000000   0.250000000
     In addition there is the -q list: 
          1   0.250000000  -0.250000000   0.250000000
          2  -0.250000000   0.250000000   0.250000000
          3  -0.250000000  -0.250000000  -0.250000000
          4   0.250000000   0.250000000  -0.250000000
 
     Number of q in the star =    4
     List of q in the star:
          1   0.500000000  -0.500000000   0.500000000
          2  -0.500000000   0.500000000   0.500000000
          3  -0.500000000  -0.500000000  -0.500000000
          4   0.500000000   0.500000000  -0.500000000
 
     Number of q in the star =    6
     List of q in the star:
          1   0.000000000   0.500000000   0.000000000
          2   0.000000000  -0.500000000   0.000000000
          3   0.500000000   0.000000000   0.000000000
          4  -0.500000000   0.000000000   0.000000000
          5   0.000000000   0.000000000   0.500000000
          6   0.000000000   0.000000000  -0.500000000
 
     Number of q in the star =   12
     List of q in the star:
          1   0.750000000  -0.250000000   0.750000000
          2  -0.750000000   0.250000000   0.750000000
          3  -0.750000000  -0.250000000  -0.750000000
          4   0.750000000   0.250000000  -0.750000000
          5  -0.250000000   0.750000000   0.750000000
          6   0.250000000   0.750000000  -0.750000000
          7  -0.250000000  -0.750000000  -0.750000000
          8   0.250000000  -0.750000000   0.750000000
          9   0.750000000   0.750000000  -0.250000000
         10   0.750000000  -0.750000000   0.250000000
         11  -0.750000000  -0.750000000  -0.250000000
         12  -0.750000000   0.750000000   0.250000000
     In addition there is the -q list: 
          1  -0.750000000   0.250000000  -0.750000000
          2   0.750000000  -0.250000000  -0.750000000
          3   0.750000000   0.250000000   0.750000000
          4  -0.750000000  -0.250000000   0.750000000
          5   0.250000000  -0.750000000  -0.750000000
          6  -0.250000000  -0.750000000   0.750000000
          7   0.250000000   0.750000000   0.750000000
          8  -0.250000000   0.750000000  -0.750000000
          9  -0.750000000  -0.750000000   0.250000000
         10  -0.750000000   0.750000000  -0.250000000
         11   0.750000000   0.750000000   0.250000000
         12   0.750000000  -0.750000000  -0.250000000
 
     Number of q in the star =   12
     List of q in the star:
          1   0.500000000   0.000000000   0.500000000
          2  -0.500000000   0.000000000   0.500000000
          3  -0.500000000   0.000000000  -0.500000000
          4   0.500000000   0.000000000  -0.500000000
          5   0.000000000   0.500000000   0.500000000
          6   0.000000000   0.500000000  -0.500000000
          7   0.000000000  -0.500000000  -0.500000000
          8   0.000000000  -0.500000000   0.500000000
          9   0.500000000   0.500000000   0.000000000
         10   0.500000000  -0.500000000   0.000000000
         11  -0.500000000  -0.500000000   0.000000000
         12  -0.500000000   0.500000000   0.000000000
 
     Number of q in the star =    3
     List of q in the star:
          1   0.000000000  -1.000000000   0.000000000
          2  -1.000000000   0.000000000   0.000000000
          3   0.000000000   0.000000000  -1.000000000
 
     Number of q in the star =    6
     List of q in the star:
          1  -0.500000000  -1.000000000   0.000000000
          2   0.500000000   1.000000000   0.000000000
          3  -1.000000000   0.000000000  -0.500000000
          4   1.000000000   0.000000000   0.500000000
          5   0.000000000  -0.500000000  -1.000000000
          6   0.000000000   0.500000000   1.000000000
      
     --------------------------------------------------------------------------------------------
     SAVE written in 00.7s               
     In location : ./c.wfreq.save
     --------------------------------------------------------------------------------------------
     WFREQ        :     1h21m CPU        1h31m WALL

     wfreq_readin :      2.77s CPU      3.54s WALL (       1 calls)
     fetch_input  :      0.06s CPU      0.06s WALL (       2 calls)
     read_xml     :      0.63s CPU      0.68s WALL (       1 calls)
     init_vloc    :      0.00s CPU      0.00s WALL (       2 calls)
     fft          :      2.43s CPU      3.14s WALL (   65540 calls)
     fft_scatter  :    863.38s CPU    967.56s WALL (38541028 calls)
     v_of_rho     :      0.00s CPU      0.00s WALL (       1 calls)
     v_xc         :      0.00s CPU      0.00s WALL (       2 calls)
     v_h          :      0.00s CPU      0.00s WALL (       1 calls)
     read_wave    :      2.07s CPU      2.78s WALL (       1 calls)
     davcio       :      2.47s CPU      3.58s WALL (   38089 calls)
     init_us_1    :      0.01s CPU      0.01s WALL (       2 calls)
     do_setup     :      0.02s CPU      0.03s WALL (       1 calls)
     init_pw_ar   :      0.01s CPU      0.01s WALL (       1 calls)
     init_at_1    :      0.00s CPU      0.00s WALL (       1 calls)
     solve_hf     :     13.82s CPU     17.26s WALL (       1 calls)
     sigmavxc     :      1.63s CPU      1.64s WALL (       1 calls)
     init_us_2    :      0.09s CPU      0.10s WALL (    4736 calls)
     fftw         :   1019.41s CPU   1139.85s WALL (38475488 calls)
     sigmax       :     12.20s CPU     15.60s WALL (       1 calls)
     sqvc_init    :      0.27s CPU      0.33s WALL (   36872 calls)
     wlanczos     :    976.85s CPU   1039.84s WALL (       1 calls)
     commutator_H :      0.62s CPU      0.63s WALL (     768 calls)
     stres_us31   :      0.00s CPU      0.00s WALL (     768 calls)
     stres_us32   :      0.00s CPU      0.00s WALL (     768 calls)
     stres_us33   :      0.00s CPU      0.00s WALL (     768 calls)
     stres_us34   :      0.00s CPU      0.00s WALL (     768 calls)
     calbec       :      9.64s CPU     10.76s WALL (  191278 calls)
     alphapc      :    155.19s CPU    161.72s WALL (  192768 calls)
     linstern     :      1.35s CPU      1.50s WALL (     256 calls)
     stern        :      1.16s CPU      1.29s WALL (    5422 calls)
     h_psi_bgrp   :   1059.07s CPU   1183.07s WALL (  189742 calls)
     h_psi        :   1058.51s CPU   1182.51s WALL (  189742 calls)
     h_psi:pot    :   1057.35s CPU   1181.23s WALL (  189742 calls)
     vloc_psi     :   1044.42s CPU   1166.76s WALL (  189742 calls)
     h_psi:calbec :      9.59s CPU     10.76s WALL (  189742 calls)
     add_vuspsi   :      2.23s CPU      2.51s WALL (  189742 calls)
     alphapv      :      0.08s CPU      0.09s WALL (    5422 calls)
     lan_H        :   1186.60s CPU   1320.05s WALL (    6144 calls)
     brak         :    456.81s CPU    463.07s WALL (    6144 calls)
     chi0_diag    :      3.71s CPU      3.82s WALL (       1 calls)
     glanczos     :   3860.82s CPU   4393.52s WALL (       1 calls)
     solve_qp     :     32.88s CPU     35.25s WALL (       1 calls)
     sigmac_i     :     28.86s CPU     29.62s WALL (      12 calls)
     sigmac_r     :      0.07s CPU      0.08s WALL (      12 calls)
     wfreq_db     :      0.56s CPU      0.72s WALL (       1 calls)
 
     WFREQ        :     1h21m CPU        1h31m WALL

 
   This run was terminated on:  12:26: 6   4Jan2021            

=------------------------------------------------------------------------------=
   JOB DONE.
=------------------------------------------------------------------------------=
