
     Program WFREQ v. 3.1.1 starts on  4Jan2021 at 14:41:16 

     This program is part of the open-source West suite
     for massively parallel calculations of excited states in materials; please cite
         "M. Govoni et al., J. Chem. Theory Comput. 11, 2680 (2015);
          URL http://www.west-code.org", 
     in publications or presentations arising from this work.

     Based on the Quantum ESPRESSO v. 6.1 svn rev. 13369

     I/O is Little Endian
       
     --------------------------------------------------------------------------------------------
     **MPI** Parallelization Status                                      
     --------------------------------------------------------------------------------------------
                    80                   2             1             1            40
     --------------------------------------------------------------------------------------------
                     N         =         I      X      P      X      B      X      Z
                     ^                   ^             ^             ^             ^
                     |                   |             |             |             |
                   #rnk                  |             |             |             |
                                      #image           |             |             |
                                                     #pool           |             |
                                                                   #bgrp           |
                                                                                 #R&G
     --------------------------------------------------------------------------------------------
     **OPENMP** Parallelization Status
     #thr/rnk               =            1
     --------------------------------------------------------------------------------------------
     #prc = (rnk) * (thr) =           80
     --------------------------------------------------------------------------------------------
       
     --------------------------------------------------------------------------------------------
     I/O Summary : input_west                                            
     --------------------------------------------------------------------------------------------
     qe_prefix      = c
     west_prefix    = c
     outdir         = ./
     --------------------------------------------------------------------------------------------

     Reading data from directory:
     ./c.save

   Info: using nr1, nr2, nr3 values from input

   Info: using nr1, nr2, nr3 values from input

     IMPORTANT: XC functional enforced from input :
     Exchange-correlation      = PZ ( 1  1  0  0 0 0)
     Any further DFT definition will be discarded
     Please, verify this is what you really want

               file C.pz-mt.fhi.UPF: wavefunction(s)  3d renormalized
 
     Parallelization info
     --------------------
     sticks:   dense  smooth     PW     G-vecs:    dense   smooth      PW
     Min           9       9      3                  116      116      23
     Max          10      10      4                  120      120      27
     Sum         367     367    121                 4693     4693     941
 
       
     --------------------------------------------------------------------------------------------
     I/O Summary : wstat_control                                         
     --------------------------------------------------------------------------------------------
     wstat_calculation              =              S
     n_pdep_eigen                   =            200
     n_pdep_times                   =              4
     n_pdep_maxiter                 =            100
     n_dfpt_maxiter                 =            250
     n_pdep_read_from_file          =              0
     trev_pdep                      =   1.000000E-03
     trev_pdep_rel                  =   1.000000E-01
     tr2_dfpt                       =   1.000000E-12
     l_kinetic_only                 =              F
     l_minimize_exx_if_active       =              F
     l_use_ecutrho                  =              F
     l_use_symm                     =              T
     nq(1)                          =              4
     nq(2)                          =              4
     nq(3)                          =              4
     --------------------------------------------------------------------------------------------
       
     --------------------------------------------------------------------------------------------
     I/O Summary : wfreq_control                                         
     --------------------------------------------------------------------------------------------
     wfreq_calculation                        =           XWGQ
     n_pdep_eigen_to_use                      =            200
     qp_bandrange(1)                          =              1
     qp_bandrange(2)                          =              8
     macropol_calculation                     =              C
     n_lanczos                                =             30
     n_imfreq                                 =            500
     n_refreq                                 =            500
     ecut_imfreq [Ry]                         =     240.000000
     ecut_refreq [Ry]                         =       3.000000
     wfreq_eta [Ry]                           =       0.003675
     n_secant_maxiter                         =            200
     trev_secant [Ry]                         =       0.003676
     l_enable_lanczos                         =              F
     l_enable_gwetot                          =              F
     o_restart_time [min]                     =      -1.000000
     ecut_spectralf(1) [Ry]                   =      -2.000000
     ecut_spectralf(2) [Ry]                   =       2.000000
     n_spectralf                              =             10
     l_read_common_pdep                       =              F
     l_enable_gb_curvature                    =              F
     --------------------------------------------------------------------------------------------
       
     --------------------------------------------------------------------------------------------
     System Overview                                                     
     --------------------------------------------------------------------------------------------
     gamma_only           =              F
     ecutwfc [Ry]         =      60.000000
     ecutrho [Ry]         =     240.000000
     omega [au^3]         =   7.530614E+01
     nbnd                 =            100
     nkstot               =             64
     nspin                =              1
     nelec                =       8.000000
     npol                 =              1
     lsda                 =              F
     noncolin             =              F
     lspinorb             =              F
     domag                =              F
     --------------------------------------------------------------------------------------------

     3DFFT grid
        s : (  24,  24,  24)
        p : (  24,  24,  24)

     Direct Lattice Cell [a.u.]
        a1 = (    -3.3517128     0.0000000     3.3517128)
        a2 = (     0.0000000     3.3517128     3.3517128)
        a3 = (    -3.3517128     3.3517128     0.0000000)

     Reciprocal Lattice Cell [a.u.]
        b1 = (    -0.9373096    -0.9373096     0.9373096)
        b2 = (     0.9373096     0.9373096     0.9373096)
        b3 = (    -0.9373096     0.9373096    -0.9373096)
      

     Brillouin Zone sampling [cryst. coord.]
 
        k(000001) = (     0.0000000     0.0000000     0.0000000)
        k(000002) = (     0.0000000     0.0000000     0.2500000)
        k(000003) = (     0.0000000     0.0000000    -0.5000000)
        k(000004) = (     0.0000000     0.0000000    -0.2500000)
        k(000005) = (     0.0000000     0.2500000     0.0000000)
        k(000006) = (     0.0000000     0.2500000     0.2500000)
        k(000007) = (     0.0000000     0.2500000    -0.5000000)
        k(000008) = (     0.0000000     0.2500000    -0.2500000)
        k(000009) = (     0.0000000    -0.5000000     0.0000000)
        k(000010) = (     0.0000000    -0.5000000     0.2500000)
        k(000011) = (     0.0000000    -0.5000000    -0.5000000)
        k(000012) = (     0.0000000    -0.5000000    -0.2500000)
        k(000013) = (     0.0000000    -0.2500000     0.0000000)
        k(000014) = (     0.0000000    -0.2500000     0.2500000)
        k(000015) = (     0.0000000    -0.2500000    -0.5000000)
        k(000016) = (     0.0000000    -0.2500000    -0.2500000)
        k(000017) = (     0.2500000     0.0000000     0.0000000)
        k(000018) = (     0.2500000     0.0000000     0.2500000)
        k(000019) = (     0.2500000     0.0000000    -0.5000000)
        k(000020) = (     0.2500000     0.0000000    -0.2500000)
        k(000021) = (     0.2500000     0.2500000     0.0000000)
        k(000022) = (     0.2500000     0.2500000     0.2500000)
        k(000023) = (     0.2500000     0.2500000    -0.5000000)
        k(000024) = (     0.2500000     0.2500000    -0.2500000)
        k(000025) = (     0.2500000    -0.5000000     0.0000000)
        k(000026) = (     0.2500000    -0.5000000     0.2500000)
        k(000027) = (     0.2500000    -0.5000000    -0.5000000)
        k(000028) = (     0.2500000    -0.5000000    -0.2500000)
        k(000029) = (     0.2500000    -0.2500000     0.0000000)
        k(000030) = (     0.2500000    -0.2500000     0.2500000)
        k(000031) = (     0.2500000    -0.2500000    -0.5000000)
        k(000032) = (     0.2500000    -0.2500000    -0.2500000)
        k(000033) = (    -0.5000000     0.0000000     0.0000000)
        k(000034) = (    -0.5000000     0.0000000     0.2500000)
        k(000035) = (    -0.5000000     0.0000000    -0.5000000)
        k(000036) = (    -0.5000000     0.0000000    -0.2500000)
        k(000037) = (    -0.5000000     0.2500000     0.0000000)
        k(000038) = (    -0.5000000     0.2500000     0.2500000)
        k(000039) = (    -0.5000000     0.2500000    -0.5000000)
        k(000040) = (    -0.5000000     0.2500000    -0.2500000)
        k(000041) = (    -0.5000000    -0.5000000     0.0000000)
        k(000042) = (    -0.5000000    -0.5000000     0.2500000)
        k(000043) = (    -0.5000000    -0.5000000    -0.5000000)
        k(000044) = (    -0.5000000    -0.5000000    -0.2500000)
        k(000045) = (    -0.5000000    -0.2500000     0.0000000)
        k(000046) = (    -0.5000000    -0.2500000     0.2500000)
        k(000047) = (    -0.5000000    -0.2500000    -0.5000000)
        k(000048) = (    -0.5000000    -0.2500000    -0.2500000)
        k(000049) = (    -0.2500000     0.0000000     0.0000000)
        k(000050) = (    -0.2500000     0.0000000     0.2500000)
        Printing only first 50 k points...
 
        q(000001) = (     0.0000000     0.0000000     0.0000000)
        q(000002) = (     0.0000000     0.0000000     0.2500000)
        q(000003) = (     0.0000000     0.0000000    -0.5000000)
        q(000004) = (     0.0000000     0.0000000    -0.2500000)
        q(000005) = (     0.0000000     0.2500000     0.0000000)
        q(000006) = (     0.0000000     0.2500000     0.2500000)
        q(000007) = (     0.0000000     0.2500000    -0.5000000)
        q(000008) = (     0.0000000     0.2500000    -0.2500000)
        q(000009) = (     0.0000000    -0.5000000     0.0000000)
        q(000010) = (     0.0000000    -0.5000000     0.2500000)
        q(000011) = (     0.0000000    -0.5000000    -0.5000000)
        q(000012) = (     0.0000000    -0.5000000    -0.2500000)
        q(000013) = (     0.0000000    -0.2500000     0.0000000)
        q(000014) = (     0.0000000    -0.2500000     0.2500000)
        q(000015) = (     0.0000000    -0.2500000    -0.5000000)
        q(000016) = (     0.0000000    -0.2500000    -0.2500000)
        q(000017) = (     0.2500000     0.0000000     0.0000000)
        q(000018) = (     0.2500000     0.0000000     0.2500000)
        q(000019) = (     0.2500000     0.0000000    -0.5000000)
        q(000020) = (     0.2500000     0.0000000    -0.2500000)
        q(000021) = (     0.2500000     0.2500000     0.0000000)
        q(000022) = (     0.2500000     0.2500000     0.2500000)
        q(000023) = (     0.2500000     0.2500000    -0.5000000)
        q(000024) = (     0.2500000     0.2500000    -0.2500000)
        q(000025) = (     0.2500000    -0.5000000     0.0000000)
        q(000026) = (     0.2500000    -0.5000000     0.2500000)
        q(000027) = (     0.2500000    -0.5000000    -0.5000000)
        q(000028) = (     0.2500000    -0.5000000    -0.2500000)
        q(000029) = (     0.2500000    -0.2500000     0.0000000)
        q(000030) = (     0.2500000    -0.2500000     0.2500000)
        q(000031) = (     0.2500000    -0.2500000    -0.5000000)
        q(000032) = (     0.2500000    -0.2500000    -0.2500000)
        q(000033) = (    -0.5000000     0.0000000     0.0000000)
        q(000034) = (    -0.5000000     0.0000000     0.2500000)
        q(000035) = (    -0.5000000     0.0000000    -0.5000000)
        q(000036) = (    -0.5000000     0.0000000    -0.2500000)
        q(000037) = (    -0.5000000     0.2500000     0.0000000)
        q(000038) = (    -0.5000000     0.2500000     0.2500000)
        q(000039) = (    -0.5000000     0.2500000    -0.5000000)
        q(000040) = (    -0.5000000     0.2500000    -0.2500000)
        q(000041) = (    -0.5000000    -0.5000000     0.0000000)
        q(000042) = (    -0.5000000    -0.5000000     0.2500000)
        q(000043) = (    -0.5000000    -0.5000000    -0.5000000)
        q(000044) = (    -0.5000000    -0.5000000    -0.2500000)
        q(000045) = (    -0.5000000    -0.2500000     0.0000000)
        q(000046) = (    -0.5000000    -0.2500000     0.2500000)
        q(000047) = (    -0.5000000    -0.2500000    -0.5000000)
        q(000048) = (    -0.5000000    -0.2500000    -0.2500000)
        q(000049) = (    -0.2500000     0.0000000     0.0000000)
        q(000050) = (    -0.2500000     0.0000000     0.2500000)
        Printing only first 50 q points...
       
     --------------------------------------------------------------------------------------------
     Parallelization for npdep                                           
     --------------------------------------------------------------------------------------------
     nglob                =            200
     nlevel               =              2
     Min nglob/nlevel     =            100
     Max nglob/nlevel     =            100
     --------------------------------------------------------------------------------------------
       
     --------------------------------------------------------------------------------------------
     Parallelization for npdep+macro                                     
     --------------------------------------------------------------------------------------------
     nglob                =            203
     nlevel               =              2
     Min nglob/nlevel     =            101
     Max nglob/nlevel     =            102
     --------------------------------------------------------------------------------------------
       
     --------------------------------------------------------------------------------------------
     Parallelization for n_imfreq                                        
     --------------------------------------------------------------------------------------------
     nglob                =            500
     nlevel               =             40
     Min nglob/nlevel     =             12
     Max nglob/nlevel     =             13
     --------------------------------------------------------------------------------------------
       
     --------------------------------------------------------------------------------------------
     Parallelization for n_refreq                                        
     --------------------------------------------------------------------------------------------
     nglob                =            500
     nlevel               =             40
     Min nglob/nlevel     =             12
     Max nglob/nlevel     =             13
     --------------------------------------------------------------------------------------------
       
     --------------------------------------------------------------------------------------------
     Parallelization for nbnd                                            
     --------------------------------------------------------------------------------------------
     nglob                =            100
     nlevel               =              2
     Min nglob/nlevel     =             50
     Max nglob/nlevel     =             50
     --------------------------------------------------------------------------------------------
     ===========================================================================
          nsym   =   24
          nrot   =   48
          nk_ibz =    8
          Q-point IBZ [ cart  coord ]
          xk(00000001) = (  0.000000  0.000000  0.000000) wk =   0.015625
          xk(00000002) = ( -0.250000  0.250000 -0.250000) wk =   0.125000
          xk(00000003) = (  0.500000 -0.500000  0.500000) wk =   0.062500
          xk(00000004) = (  0.000000  0.500000  0.000000) wk =   0.093750
          xk(00000005) = (  0.750000 -0.250000  0.750000) wk =   0.375000
          xk(00000006) = (  0.500000  0.000000  0.500000) wk =   0.187500
          xk(00000007) = (  0.000000 -1.000000  0.000000) wk =   0.046875
          xk(00000008) = ( -0.500000 -1.000000  0.000000) wk =   0.093750
          Q-point IBZ [ cryst coord ]
          xk(00000001) = (  0.000000  0.000000  0.000000) wk =   0.015625
          xk(00000002) = (  0.000000  0.000000  0.250000) wk =   0.125000
          xk(00000003) = (  0.000000  0.000000 -0.500000) wk =   0.062500
          xk(00000004) = (  0.000000  0.250000  0.250000) wk =   0.093750
          xk(00000005) = (  0.000000  0.250000 -0.500000) wk =   0.375000
          xk(00000006) = (  0.000000  0.250000 -0.250000) wk =   0.187500
          xk(00000007) = (  0.000000 -0.500000 -0.500000) wk =   0.046875
          xk(00000008) = (  0.250000 -0.500000 -0.250000) wk =   0.093750
     ===========================================================================
     ===========================================================================
          nsym   =   24
          nrot   =   48
          nq_ibz =    8
          Q-point IBZ [ cart  coord ]
          xq(00000001) = (  0.000000  0.000000  0.000000) wq =   0.015625
          xq(00000002) = ( -0.250000  0.250000 -0.250000) wq =   0.125000
          xq(00000003) = (  0.500000 -0.500000  0.500000) wq =   0.062500
          xq(00000004) = (  0.000000  0.500000  0.000000) wq =   0.093750
          xq(00000005) = (  0.750000 -0.250000  0.750000) wq =   0.375000
          xq(00000006) = (  0.500000  0.000000  0.500000) wq =   0.187500
          xq(00000007) = (  0.000000 -1.000000  0.000000) wq =   0.046875
          xq(00000008) = ( -0.500000 -1.000000  0.000000) wq =   0.093750
          Q-point IBZ [ cryst coord ]
          xq(00000001) = (  0.000000  0.000000  0.000000) wq =   0.015625
          xq(00000002) = (  0.000000  0.000000  0.250000) wq =   0.125000
          xq(00000003) = (  0.000000  0.000000 -0.500000) wq =   0.062500
          xq(00000004) = (  0.000000  0.250000  0.250000) wq =   0.093750
          xq(00000005) = (  0.000000  0.250000 -0.500000) wq =   0.375000
          xq(00000006) = (  0.000000  0.250000 -0.250000) wq =   0.187500
          xq(00000007) = (  0.000000 -0.500000 -0.500000) wq =   0.046875
          xq(00000008) = (  0.250000 -0.500000 -0.250000) wq =   0.093750
     ===========================================================================
       
     --------------------------------------------------------------------------------------------
     Hartree-Fock Exact E(X)change                                       
     --------------------------------------------------------------------------------------------
      
     --------------------------------------------------------------------------------------------
     Vxc
     --------------------------------------------------------------------------------------------
     in progress... |#                   | 005% :             < 00.1s (E)             < 00.1s (X)
     in progress... |##                  | 010% :             < 00.1s (E)             < 00.1s (X)
     in progress... |###                 | 015% :             < 00.1s (E)             < 00.1s (X)
     in progress... |####                | 020% :             < 00.1s (E)             < 00.1s (X)
     in progress... |#####               | 025% :             < 00.1s (E)             < 00.1s (X)
     in progress... |######              | 030% :             < 00.1s (E)             < 00.1s (X)
     in progress... |#######             | 035% :             < 00.1s (E)             < 00.1s (X)
     in progress... |########            | 040% :             < 00.1s (E)             < 00.1s (X)
     in progress... |#########           | 045% :             < 00.1s (E)             < 00.1s (X)
     in progress... |##########          | 050% :             < 00.1s (E)             < 00.1s (X)
     in progress... |###########         | 055% :             < 00.1s (E)             < 00.1s (X)
     in progress... |############        | 060% :             < 00.1s (E)             < 00.1s (X)
     in progress... |#############       | 065% :             < 00.1s (E)             < 00.1s (X)
     in progress... |##############      | 070% :             < 00.1s (E)               00.1s (X)
     in progress... |###############     | 075% :             < 00.1s (E)               00.1s (X)
     in progress... |################    | 080% :             < 00.1s (E)               00.1s (X)
     in progress... |#################   | 085% :             < 00.1s (E)               00.1s (X)
     in progress... |##################  | 090% :             < 00.1s (E)               00.1s (X)
     in progress... |################### | 095% :             < 00.1s (E)               00.1s (X)
     in progress... |####################| 100% :             < 00.1s (E)             < 00.1s (X)
     --------------------------------------------------------------------------------------------
      
     --------------------------------------------------------------------------------------------
     (X)-Sigma
     --------------------------------------------------------------------------------------------
     in progress... |#                   | 005% :               00.6s (E)               13.5s (X)
     in progress... |##                  | 010% :               01.3s (E)               13.5s (X)
     in progress... |###                 | 015% :               01.9s (E)               13.2s (X)
     in progress... |####                | 020% :               02.6s (E)               13.2s (X)
     in progress... |#####               | 025% :               03.3s (E)               13.2s (X)
     in progress... |######              | 030% :               03.9s (E)               13.2s (X)
     in progress... |#######             | 035% :               04.6s (E)               13.2s (X)
     in progress... |########            | 040% :               05.2s (E)               13.2s (X)
     in progress... |#########           | 045% :               05.9s (E)               13.2s (X)
     in progress... |##########          | 050% :               06.6s (E)               13.2s (X)
     in progress... |###########         | 055% :               07.3s (E)               13.3s (X)
     in progress... |############        | 060% :               07.9s (E)               13.3s (X)
     in progress... |#############       | 065% :               08.6s (E)               13.3s (X)
     in progress... |##############      | 070% :               09.3s (E)               13.3s (X)
     in progress... |###############     | 075% :               09.9s (E)               13.3s (X)
     in progress... |################    | 080% :               10.6s (E)               13.3s (X)
     in progress... |#################   | 085% :               11.3s (E)               13.3s (X)
     in progress... |##################  | 090% :               12.0s (E)               13.3s (X)
     in progress... |################### | 095% :               12.6s (E)               13.3s (X)
     in progress... |####################| 100% :               13.3s (E)               13.3s (X)
     --------------------------------------------------------------------------------------------
       
     --------------------------------------------------------------------------------------------
     (W)-Lanczos                                                         
     --------------------------------------------------------------------------------------------
     in progress... |#                   | 005% :               13.8s (E)           04m-36.0s (X)
     in progress... |##                  | 010% :               27.1s (E)           04m-31.5s (X)
     in progress... |###                 | 015% :               40.3s (E)           04m-29.1s (X)
     in progress... |####                | 020% :               53.1s (E)           04m-25.8s (X)
     in progress... |#####               | 025% :           01m-05.8s (E)           04m-23.5s (X)
     in progress... |######              | 030% :           01m-18.8s (E)           04m-22.6s (X)
     in progress... |#######             | 035% :           01m-31.7s (E)           04m-22.2s (X)
     in progress... |########            | 040% :           01m-45.0s (E)           04m-22.5s (X)
     in progress... |#########           | 045% :           01m-58.0s (E)           04m-22.2s (X)
     in progress... |##########          | 050% :           02m-10.8s (E)           04m-21.6s (X)
     in progress... |###########         | 055% :           02m-23.9s (E)           04m-21.7s (X)
     in progress... |############        | 060% :           02m-36.9s (E)           04m-21.6s (X)
     in progress... |#############       | 065% :           02m-50.1s (E)           04m-21.7s (X)
     in progress... |##############      | 070% :           03m-03.1s (E)           04m-21.6s (X)
     in progress... |###############     | 075% :           03m-16.1s (E)           04m-21.4s (X)
     in progress... |################    | 080% :           03m-29.3s (E)           04m-21.6s (X)
     in progress... |#################   | 085% :           03m-42.3s (E)           04m-21.6s (X)
     in progress... |##################  | 090% :           03m-55.6s (E)           04m-21.8s (X)
     in progress... |################### | 095% :           04m-08.6s (E)           04m-21.7s (X)
     in progress... |####################| 100% :           04m-21.7s (E)           04m-21.7s (X)
     --------------------------------------------------------------------------------------------
 
     Number of q in the star =    4
     List of q in the star:
          1  -0.250000000   0.250000000  -0.250000000
          2   0.250000000  -0.250000000  -0.250000000
          3   0.250000000   0.250000000   0.250000000
          4  -0.250000000  -0.250000000   0.250000000
     In addition there is the -q list: 
          1   0.250000000  -0.250000000   0.250000000
          2  -0.250000000   0.250000000   0.250000000
          3  -0.250000000  -0.250000000  -0.250000000
          4   0.250000000   0.250000000  -0.250000000
 
     Number of q in the star =    4
     List of q in the star:
          1   0.500000000  -0.500000000   0.500000000
          2  -0.500000000   0.500000000   0.500000000
          3  -0.500000000  -0.500000000  -0.500000000
          4   0.500000000   0.500000000  -0.500000000
 
     Number of q in the star =    6
     List of q in the star:
          1   0.000000000   0.500000000   0.000000000
          2   0.000000000  -0.500000000   0.000000000
          3   0.500000000   0.000000000   0.000000000
          4  -0.500000000   0.000000000   0.000000000
          5   0.000000000   0.000000000   0.500000000
          6   0.000000000   0.000000000  -0.500000000
 
     Number of q in the star =   12
     List of q in the star:
          1   0.750000000  -0.250000000   0.750000000
          2  -0.750000000   0.250000000   0.750000000
          3  -0.750000000  -0.250000000  -0.750000000
          4   0.750000000   0.250000000  -0.750000000
          5  -0.250000000   0.750000000   0.750000000
          6   0.250000000   0.750000000  -0.750000000
          7  -0.250000000  -0.750000000  -0.750000000
          8   0.250000000  -0.750000000   0.750000000
          9   0.750000000   0.750000000  -0.250000000
         10   0.750000000  -0.750000000   0.250000000
         11  -0.750000000  -0.750000000  -0.250000000
         12  -0.750000000   0.750000000   0.250000000
     In addition there is the -q list: 
          1  -0.750000000   0.250000000  -0.750000000
          2   0.750000000  -0.250000000  -0.750000000
          3   0.750000000   0.250000000   0.750000000
          4  -0.750000000  -0.250000000   0.750000000
          5   0.250000000  -0.750000000  -0.750000000
          6  -0.250000000  -0.750000000   0.750000000
          7   0.250000000   0.750000000   0.750000000
          8  -0.250000000   0.750000000  -0.750000000
          9  -0.750000000  -0.750000000   0.250000000
         10  -0.750000000   0.750000000  -0.250000000
         11   0.750000000   0.750000000   0.250000000
         12   0.750000000  -0.750000000  -0.250000000
 
     Number of q in the star =   12
     List of q in the star:
          1   0.500000000   0.000000000   0.500000000
          2  -0.500000000   0.000000000   0.500000000
          3  -0.500000000   0.000000000  -0.500000000
          4   0.500000000   0.000000000  -0.500000000
          5   0.000000000   0.500000000   0.500000000
          6   0.000000000   0.500000000  -0.500000000
          7   0.000000000  -0.500000000  -0.500000000
          8   0.000000000  -0.500000000   0.500000000
          9   0.500000000   0.500000000   0.000000000
         10   0.500000000  -0.500000000   0.000000000
         11  -0.500000000  -0.500000000   0.000000000
         12  -0.500000000   0.500000000   0.000000000
 
     Number of q in the star =    3
     List of q in the star:
          1   0.000000000  -1.000000000   0.000000000
          2  -1.000000000   0.000000000   0.000000000
          3   0.000000000   0.000000000  -1.000000000
 
     Number of q in the star =    6
     List of q in the star:
          1  -0.500000000  -1.000000000   0.000000000
          2   0.500000000   1.000000000   0.000000000
          3  -1.000000000   0.000000000  -0.500000000
          4   1.000000000   0.000000000   0.500000000
          5   0.000000000  -0.500000000  -1.000000000
          6   0.000000000   0.500000000   1.000000000
 
     Number of q in the star =    4
     List of q in the star:
          1  -0.250000000   0.250000000  -0.250000000
          2   0.250000000  -0.250000000  -0.250000000
          3   0.250000000   0.250000000   0.250000000
          4  -0.250000000  -0.250000000   0.250000000
     In addition there is the -q list: 
          1   0.250000000  -0.250000000   0.250000000
          2  -0.250000000   0.250000000   0.250000000
          3  -0.250000000  -0.250000000  -0.250000000
          4   0.250000000   0.250000000  -0.250000000
 
     Number of q in the star =    4
     List of q in the star:
          1   0.500000000  -0.500000000   0.500000000
          2  -0.500000000   0.500000000   0.500000000
          3  -0.500000000  -0.500000000  -0.500000000
          4   0.500000000   0.500000000  -0.500000000
 
     Number of q in the star =    6
     List of q in the star:
          1   0.000000000   0.500000000   0.000000000
          2   0.000000000  -0.500000000   0.000000000
          3   0.500000000   0.000000000   0.000000000
          4  -0.500000000   0.000000000   0.000000000
          5   0.000000000   0.000000000   0.500000000
          6   0.000000000   0.000000000  -0.500000000
 
     Number of q in the star =   12
     List of q in the star:
          1   0.750000000  -0.250000000   0.750000000
          2  -0.750000000   0.250000000   0.750000000
          3  -0.750000000  -0.250000000  -0.750000000
          4   0.750000000   0.250000000  -0.750000000
          5  -0.250000000   0.750000000   0.750000000
          6   0.250000000   0.750000000  -0.750000000
          7  -0.250000000  -0.750000000  -0.750000000
          8   0.250000000  -0.750000000   0.750000000
          9   0.750000000   0.750000000  -0.250000000
         10   0.750000000  -0.750000000   0.250000000
         11  -0.750000000  -0.750000000  -0.250000000
         12  -0.750000000   0.750000000   0.250000000
     In addition there is the -q list: 
          1  -0.750000000   0.250000000  -0.750000000
          2   0.750000000  -0.250000000  -0.750000000
          3   0.750000000   0.250000000   0.750000000
          4  -0.750000000  -0.250000000   0.750000000
          5   0.250000000  -0.750000000  -0.750000000
          6  -0.250000000  -0.750000000   0.750000000
          7   0.250000000   0.750000000   0.750000000
          8  -0.250000000   0.750000000  -0.750000000
          9  -0.750000000  -0.750000000   0.250000000
         10  -0.750000000   0.750000000  -0.250000000
         11   0.750000000   0.750000000   0.250000000
         12   0.750000000  -0.750000000  -0.250000000
 
     Number of q in the star =   12
     List of q in the star:
          1   0.500000000   0.000000000   0.500000000
          2  -0.500000000   0.000000000   0.500000000
          3  -0.500000000   0.000000000  -0.500000000
          4   0.500000000   0.000000000  -0.500000000
          5   0.000000000   0.500000000   0.500000000
          6   0.000000000   0.500000000  -0.500000000
          7   0.000000000  -0.500000000  -0.500000000
          8   0.000000000  -0.500000000   0.500000000
          9   0.500000000   0.500000000   0.000000000
         10   0.500000000  -0.500000000   0.000000000
         11  -0.500000000  -0.500000000   0.000000000
         12  -0.500000000   0.500000000   0.000000000
 
     Number of q in the star =    3
     List of q in the star:
          1   0.000000000  -1.000000000   0.000000000
          2  -1.000000000   0.000000000   0.000000000
          3   0.000000000   0.000000000  -1.000000000
 
     Number of q in the star =    6
     List of q in the star:
          1  -0.500000000  -1.000000000   0.000000000
          2   0.500000000   1.000000000   0.000000000
          3  -1.000000000   0.000000000  -0.500000000
          4   1.000000000   0.000000000   0.500000000
          5   0.000000000  -0.500000000  -1.000000000
          6   0.000000000   0.500000000   1.000000000
       
     --------------------------------------------------------------------------------------------
     (G)-Lanczos                                                         
     --------------------------------------------------------------------------------------------
     in progress... |#                   | 005% :           02m-40.7s (E)           53m-35.3s (X)
     in progress... |##                  | 010% :           05m-18.4s (E)           53m-04.6s (X)
     in progress... |###                 | 015% :           07m-57.7s (E)           53m-05.1s (X)
     in progress... |####                | 020% :           10m-35.9s (E)           52m-59.7s (X)
     in progress... |#####               | 025% :           13m-13.0s (E)           52m-52.0s (X)
     in progress... |######              | 030% :           15m-51.9s (E)           52m-53.0s (X)
     in progress... |#######             | 035% :           18m-30.2s (E)           52m-52.2s (X)
     in progress... |########            | 040% :           21m-08.6s (E)           52m-51.5s (X)
     in progress... |#########           | 045% :           23m-46.8s (E)           52m-50.8s (X)
     in progress... |##########          | 050% :           26m-24.0s (E)           52m-48.0s (X)
     in progress... |###########         | 055% :           29m-02.1s (E)           52m-47.4s (X)
     in progress... |############        | 060% :           31m-40.8s (E)           52m-48.0s (X)
     in progress... |#############       | 065% :           34m-19.6s (E)           52m-48.7s (X)
     in progress... |##############      | 070% :           36m-57.9s (E)           52m-48.5s (X)
     in progress... |###############     | 075% :           39m-35.5s (E)           52m-47.3s (X)
     in progress... |################    | 080% :           42m-14.3s (E)           52m-47.9s (X)
     in progress... |#################   | 085% :           44m-51.7s (E)           52m-46.7s (X)
     in progress... |##################  | 090% :           47m-29.8s (E)           52m-46.4s (X)
     in progress... |################### | 095% :           50m-07.8s (E)           52m-46.1s (X)
     in progress... |####################| 100% :           52m-45.8s (E)           52m-45.8s (X)
     --------------------------------------------------------------------------------------------
       
     --------------------------------------------------------------------------------------------
     (Q)uasiparticle energies                                            
     --------------------------------------------------------------------------------------------
       
     --------------------------------------------------------------------------------------------
     Sigma_C                                                             
     --------------------------------------------------------------------------------------------
     Integrating along the IM axis...
     --------------------------------------------------------------------------------------------
     in progress... |#                   | 005% :             < 00.1s (E)               00.8s (X)
     in progress... |##                  | 010% :             < 00.1s (E)               00.7s (X)
     --------------------------------------------------------------------------------------------
     Residues along the RE axis...
     --------------------------------------------------------------------------------------------
     in progress... |#                   | 005% :             < 00.1s (E)             < 00.1s (X)
     in progress... |##                  | 010% :             < 00.1s (E)             < 00.1s (X)
     --------------------------------------------------------------------------------------------
       
     --------------------------------------------------------------------------------------------
     Sigma_C                                                             
     --------------------------------------------------------------------------------------------
     Integrating along the IM axis...
     --------------------------------------------------------------------------------------------
     in progress... |#                   | 005% :             < 00.1s (E)               00.4s (X)
     in progress... |##                  | 010% :             < 00.1s (E)               00.5s (X)
     --------------------------------------------------------------------------------------------
     Residues along the RE axis...
     --------------------------------------------------------------------------------------------
     in progress... |#                   | 005% :             < 00.1s (E)             < 00.1s (X)
     in progress... |##                  | 010% :             < 00.1s (E)             < 00.1s (X)
     --------------------------------------------------------------------------------------------

     --------------------------------------------------------------------------------------------
     Iter: 000000
     k(000001) = (   0.0000000   0.0000000   0.0000000) cryst. coord.
     band      QP en. [eV] conv
     000001      -9.904201   no
     000002      12.009533   no
     000003      12.009535   no
     000004      12.009568   no
     000005      19.968101   no
     000006      19.968123   no
     000007      19.968081   no
     000008      27.435204   no
     ---------------------------------
     k(000002) = (   0.0000000   0.0000000   0.2500000) cryst. coord.
     band      QP en. [eV] conv
     000001      -9.500889   no
     000002       5.154109   no
     000003      10.202417   no
     000004      10.202404   no
     000005      22.238747   no
     000006      22.238765   no
     000007      22.409852   no
     000008      29.070816   no
     ---------------------------------
     k(000003) = (   0.0000000   0.0000000  -0.5000000) cryst. coord.
     band      QP en. [eV] conv
     000001      -4.567687   no
     000002      -1.133142   no
     000003       9.063717   no
     000004       9.063745   no
     000005      22.929988   no
     000006      22.929959   no
     000007      23.031270   no
     000008      31.233814   no
     ---------------------------------
     k(000006) = (   0.0000000   0.2500000   0.2500000) cryst. coord.
     band      QP en. [eV] conv
     000001       4.918293   no
     000002       7.237216   no
     000003       7.717305   no
     000004       7.717317   no
     000005      18.598112   no
     000006      24.457891   no
     000007      26.125559   no
     000008      26.125553   no
     ---------------------------------
     k(000007) = (   0.0000000   0.2500000  -0.5000000) cryst. coord.
     band      QP en. [eV] conv
     000001      -3.672828   no
     000002       0.304263   no
     000003       4.973624   no
     000004       6.896383   no
     000005      20.242231   no
     000006      25.724948   no
     000007      27.368984   no
     000008      27.708403   no
     ---------------------------------
     k(000008) = (   0.0000000   0.2500000  -0.2500000) cryst. coord.
     band      QP en. [eV] conv
     000001      -4.499092   no
     000002       2.997812   no
     000003       4.147502   no
     000004       8.848980   no
     000005      22.216364   no
     000006      24.577157   no
     000007      27.225983   no
     000008      28.226020   no
     ---------------------------------
     k(000011) = (   0.0000000  -0.5000000  -0.5000000) cryst. coord.
     band      QP en. [eV] conv
     000001      -0.962038   no
     000002      -0.962039   no
     000003       5.401461   no
     000004       5.401473   no
     000005      18.790992   no
     000006      18.790986   no
     000007      31.384396   no
     000008      31.384402   no
     ---------------------------------
     k(000028) = (   0.2500000  -0.5000000  -0.2500000) cryst. coord.
     band      QP en. [eV] conv
     000001       0.150454   no
     000002       0.150454   no
     000003       3.404803   no
     000004       3.404802   no
     000005      24.904012   no
     000006      24.904007   no
     000007      26.675255   no
     000008      26.675244   no
     ---------------------------------
     --------------------------------------------------------------------------------------------
       
     --------------------------------------------------------------------------------------------
     Sigma_C                                                             
     --------------------------------------------------------------------------------------------
     Integrating along the IM axis...
     --------------------------------------------------------------------------------------------
     in progress... |#                   | 005% :             < 00.1s (E)               00.5s (X)
     in progress... |##                  | 010% :             < 00.1s (E)               00.5s (X)
     --------------------------------------------------------------------------------------------
     Residues along the RE axis...
     --------------------------------------------------------------------------------------------
     in progress... |#                   | 005% :             < 00.1s (E)             < 00.1s (X)
     in progress... |##                  | 010% :             < 00.1s (E)             < 00.1s (X)
     --------------------------------------------------------------------------------------------

     --------------------------------------------------------------------------------------------
     Iter: 000001
     k(000001) = (   0.0000000   0.0000000   0.0000000) cryst. coord.
     band      QP en. [eV] conv
     000001     -10.208520   no
     000002      12.016017  yes
     000003      12.016018  yes
     000004      12.016051  yes
     000005      19.963070  yes
     000006      19.963092  yes
     000007      19.963050  yes
     000008      27.480943  yes
     ---------------------------------
     k(000002) = (   0.0000000   0.0000000   0.2500000) cryst. coord.
     band      QP en. [eV] conv
     000001      -8.098115   no
     000002       5.147626  yes
     000003      10.211349  yes
     000004      10.211336  yes
     000005      22.232002  yes
     000006      22.232021  yes
     000007      22.405680  yes
     000008      28.890196   no
     ---------------------------------
     k(000003) = (   0.0000000   0.0000000  -0.5000000) cryst. coord.
     band      QP en. [eV] conv
     000001      -4.415986   no
     000002      -1.765282   no
     000003       9.072933  yes
     000004       9.072962  yes
     000005      22.922764  yes
     000006      22.922735  yes
     000007      23.030901  yes
     000008      29.897147   no
     ---------------------------------
     k(000006) = (   0.0000000   0.2500000   0.2500000) cryst. coord.
     band      QP en. [eV] conv
     000001      -7.588404   no
     000002       7.244127  yes
     000003       7.729516  yes
     000004       7.729528  yes
     000005      18.595414  yes
     000006      24.450985  yes
     000007      26.148290  yes
     000008      26.148283  yes
     ---------------------------------
     k(000007) = (   0.0000000   0.2500000  -0.5000000) cryst. coord.
     band      QP en. [eV] conv
     000001      -3.859133   no
     000002       0.776855   no
     000003       4.982224  yes
     000004       6.909970  yes
     000005      20.239485  yes
     000006      25.754985  yes
     000007      27.383872  yes
     000008      27.761235   no
     ---------------------------------
     k(000008) = (   0.0000000   0.2500000  -0.2500000) cryst. coord.
     band      QP en. [eV] conv
     000001      -5.951785   no
     000002       2.946068   no
     000003       4.097001   no
     000004       8.860798  yes
     000005      22.214244  yes
     000006      24.563124  yes
     000007      26.706204   no
     000008      28.191054  yes
     ---------------------------------
     k(000011) = (   0.0000000  -0.5000000  -0.5000000) cryst. coord.
     band      QP en. [eV] conv
     000001      -1.216816   no
     000002      -1.216818   no
     000003       5.424446  yes
     000004       5.424458  yes
     000005      18.789251  yes
     000006      18.789245  yes
     000007      31.267276   no
     000008      31.267282   no
     ---------------------------------
     k(000028) = (   0.2500000  -0.5000000  -0.2500000) cryst. coord.
     band      QP en. [eV] conv
     000001      -0.502421   no
     000002      -0.502421   no
     000003       3.390104  yes
     000004       3.390102  yes
     000005      24.890272  yes
     000006      24.890267  yes
     000007      26.732860   no
     000008      26.732846   no
     ---------------------------------
     --------------------------------------------------------------------------------------------
       
     --------------------------------------------------------------------------------------------
     Sigma_C                                                             
     --------------------------------------------------------------------------------------------
     Integrating along the IM axis...
     --------------------------------------------------------------------------------------------
     in progress... |#                   | 005% :             < 00.1s (E)               00.4s (X)
     in progress... |##                  | 010% :             < 00.1s (E)               00.4s (X)
     --------------------------------------------------------------------------------------------
     Residues along the RE axis...
     --------------------------------------------------------------------------------------------
     in progress... |#                   | 005% :             < 00.1s (E)             < 00.1s (X)
     in progress... |##                  | 010% :             < 00.1s (E)             < 00.1s (X)
     --------------------------------------------------------------------------------------------

     --------------------------------------------------------------------------------------------
     Iter: 000002
     k(000001) = (   0.0000000   0.0000000   0.0000000) cryst. coord.
     band      QP en. [eV] conv
     000001     -10.090176   no
     000002      12.016017  yes
     000003      12.016018  yes
     000004      12.016051  yes
     000005      19.963070  yes
     000006      19.963092  yes
     000007      19.963050  yes
     000008      27.480943  yes
     ---------------------------------
     k(000002) = (   0.0000000   0.0000000   0.2500000) cryst. coord.
     band      QP en. [eV] conv
     000001      -8.129593  yes
     000002       5.147626  yes
     000003      10.211349  yes
     000004      10.211336  yes
     000005      22.232002  yes
     000006      22.232021  yes
     000007      22.405680  yes
     000008      28.879717  yes
     ---------------------------------
     k(000003) = (   0.0000000   0.0000000  -0.5000000) cryst. coord.
     band      QP en. [eV] conv
     000001      -4.715100   no
     000002      -1.644166   no
     000003       9.072933  yes
     000004       9.072962  yes
     000005      22.922764  yes
     000006      22.922735  yes
     000007      23.030901  yes
     000008      29.936023  yes
     ---------------------------------
     k(000006) = (   0.0000000   0.2500000   0.2500000) cryst. coord.
     band      QP en. [eV] conv
     000001      -7.272299   no
     000002       7.244127  yes
     000003       7.729516  yes
     000004       7.729528  yes
     000005      18.595414  yes
     000006      24.450985  yes
     000007      26.148290  yes
     000008      26.148283  yes
     ---------------------------------
     k(000007) = (   0.0000000   0.2500000  -0.5000000) cryst. coord.
     band      QP en. [eV] conv
     000001      -3.869105  yes
     000002       1.087539   no
     000003       4.982224  yes
     000004       6.909970  yes
     000005      20.239485  yes
     000006      25.754985  yes
     000007      27.383872  yes
     000008      27.740094  yes
     ---------------------------------
     k(000008) = (   0.0000000   0.2500000  -0.2500000) cryst. coord.
     band      QP en. [eV] conv
     000001      -5.449891   no
     000002       2.946391  yes
     000003       4.099187  yes
     000004       8.860798  yes
     000005      22.214244  yes
     000006      24.563124  yes
     000007      26.704127  yes
     000008      28.191054  yes
     ---------------------------------
     k(000011) = (   0.0000000  -0.5000000  -0.5000000) cryst. coord.
     band      QP en. [eV] conv
     000001      -1.140619   no
     000002      -1.140620   no
     000003       5.424446  yes
     000004       5.424458  yes
     000005      18.789251  yes
     000006      18.789245  yes
     000007      31.312710  yes
     000008      31.312716  yes
     ---------------------------------
     k(000028) = (   0.2500000  -0.5000000  -0.2500000) cryst. coord.
     band      QP en. [eV] conv
     000001      -0.325387   no
     000002      -0.325387   no
     000003       3.390104  yes
     000004       3.390102  yes
     000005      24.890272  yes
     000006      24.890267  yes
     000007      26.742950  yes
     000008      26.742936  yes
     ---------------------------------
     --------------------------------------------------------------------------------------------
       
     --------------------------------------------------------------------------------------------
     Sigma_C                                                             
     --------------------------------------------------------------------------------------------
     Integrating along the IM axis...
     --------------------------------------------------------------------------------------------
     in progress... |#                   | 005% :             < 00.1s (E)               00.4s (X)
     in progress... |##                  | 010% :             < 00.1s (E)               00.4s (X)
     --------------------------------------------------------------------------------------------
     Residues along the RE axis...
     --------------------------------------------------------------------------------------------
     in progress... |#                   | 005% :             < 00.1s (E)             < 00.1s (X)
     in progress... |##                  | 010% :             < 00.1s (E)             < 00.1s (X)
     --------------------------------------------------------------------------------------------

     --------------------------------------------------------------------------------------------
     Iter: 000003
     k(000001) = (   0.0000000   0.0000000   0.0000000) cryst. coord.
     band      QP en. [eV] conv
     000001     -10.151457   no
     000002      12.016017  yes
     000003      12.016018  yes
     000004      12.016051  yes
     000005      19.963070  yes
     000006      19.963092  yes
     000007      19.963050  yes
     000008      27.480943  yes
     ---------------------------------
     k(000002) = (   0.0000000   0.0000000   0.2500000) cryst. coord.
     band      QP en. [eV] conv
     000001      -8.129593  yes
     000002       5.147626  yes
     000003      10.211349  yes
     000004      10.211336  yes
     000005      22.232002  yes
     000006      22.232021  yes
     000007      22.405680  yes
     000008      28.879717  yes
     ---------------------------------
     k(000003) = (   0.0000000   0.0000000  -0.5000000) cryst. coord.
     band      QP en. [eV] conv
     000001      -4.022895   no
     000002      -1.687710  yes
     000003       9.072933  yes
     000004       9.072962  yes
     000005      22.922764  yes
     000006      22.922735  yes
     000007      23.030901  yes
     000008      29.936023  yes
     ---------------------------------
     k(000006) = (   0.0000000   0.2500000   0.2500000) cryst. coord.
     band      QP en. [eV] conv
     000001      -7.470504   no
     000002       7.244127  yes
     000003       7.729516  yes
     000004       7.729528  yes
     000005      18.595414  yes
     000006      24.450985  yes
     000007      26.148290  yes
     000008      26.148283  yes
     ---------------------------------
     k(000007) = (   0.0000000   0.2500000  -0.5000000) cryst. coord.
     band      QP en. [eV] conv
     000001      -3.869105  yes
     000002       0.932940   no
     000003       4.982224  yes
     000004       6.909970  yes
     000005      20.239485  yes
     000006      25.754985  yes
     000007      27.383872  yes
     000008      27.740094  yes
     ---------------------------------
     k(000008) = (   0.0000000   0.2500000  -0.2500000) cryst. coord.
     band      QP en. [eV] conv
     000001      -5.203987   no
     000002       2.946391  yes
     000003       4.099187  yes
     000004       8.860798  yes
     000005      22.214244  yes
     000006      24.563124  yes
     000007      26.704127  yes
     000008      28.191054  yes
     ---------------------------------
     k(000011) = (   0.0000000  -0.5000000  -0.5000000) cryst. coord.
     band      QP en. [eV] conv
     000001      -1.177187  yes
     000002      -1.177189  yes
     000003       5.424446  yes
     000004       5.424458  yes
     000005      18.789251  yes
     000006      18.789245  yes
     000007      31.312710  yes
     000008      31.312716  yes
     ---------------------------------
     k(000028) = (   0.2500000  -0.5000000  -0.2500000) cryst. coord.
     band      QP en. [eV] conv
     000001      -0.361004  yes
     000002      -0.361004  yes
     000003       3.390104  yes
     000004       3.390102  yes
     000005      24.890272  yes
     000006      24.890267  yes
     000007      26.742950  yes
     000008      26.742936  yes
     ---------------------------------
     --------------------------------------------------------------------------------------------
       
     --------------------------------------------------------------------------------------------
     Sigma_C                                                             
     --------------------------------------------------------------------------------------------
     Integrating along the IM axis...
     --------------------------------------------------------------------------------------------
     in progress... |#                   | 005% :             < 00.1s (E)               00.5s (X)
     in progress... |##                  | 010% :             < 00.1s (E)               00.5s (X)
     --------------------------------------------------------------------------------------------
     Residues along the RE axis...
     --------------------------------------------------------------------------------------------
     in progress... |#                   | 005% :             < 00.1s (E)             < 00.1s (X)
     in progress... |##                  | 010% :             < 00.1s (E)             < 00.1s (X)
     --------------------------------------------------------------------------------------------

     --------------------------------------------------------------------------------------------
     Iter: 000004
     k(000001) = (   0.0000000   0.0000000   0.0000000) cryst. coord.
     band      QP en. [eV] conv
     000001     -10.192464  yes
     000002      12.016017  yes
     000003      12.016018  yes
     000004      12.016051  yes
     000005      19.963070  yes
     000006      19.963092  yes
     000007      19.963050  yes
     000008      27.480943  yes
     ---------------------------------
     k(000002) = (   0.0000000   0.0000000   0.2500000) cryst. coord.
     band      QP en. [eV] conv
     000001      -8.129593  yes
     000002       5.147626  yes
     000003      10.211349  yes
     000004      10.211336  yes
     000005      22.232002  yes
     000006      22.232021  yes
     000007      22.405680  yes
     000008      28.879717  yes
     ---------------------------------
     k(000003) = (   0.0000000   0.0000000  -0.5000000) cryst. coord.
     band      QP en. [eV] conv
     000001      -3.917913   no
     000002      -1.687710  yes
     000003       9.072933  yes
     000004       9.072962  yes
     000005      22.922764  yes
     000006      22.922735  yes
     000007      23.030901  yes
     000008      29.936023  yes
     ---------------------------------
     k(000006) = (   0.0000000   0.2500000   0.2500000) cryst. coord.
     band      QP en. [eV] conv
     000001      -7.442132  yes
     000002       7.244127  yes
     000003       7.729516  yes
     000004       7.729528  yes
     000005      18.595414  yes
     000006      24.450985  yes
     000007      26.148290  yes
     000008      26.148283  yes
     ---------------------------------
     k(000007) = (   0.0000000   0.2500000  -0.5000000) cryst. coord.
     band      QP en. [eV] conv
     000001      -3.869105  yes
     000002       0.885013  yes
     000003       4.982224  yes
     000004       6.909970  yes
     000005      20.239485  yes
     000006      25.754985  yes
     000007      27.383872  yes
     000008      27.740094  yes
     ---------------------------------
     k(000008) = (   0.0000000   0.2500000  -0.2500000) cryst. coord.
     band      QP en. [eV] conv
     000001      -5.319555   no
     000002       2.946391  yes
     000003       4.099187  yes
     000004       8.860798  yes
     000005      22.214244  yes
     000006      24.563124  yes
     000007      26.704127  yes
     000008      28.191054  yes
     ---------------------------------
     k(000011) = (   0.0000000  -0.5000000  -0.5000000) cryst. coord.
     band      QP en. [eV] conv
     000001      -1.177187  yes
     000002      -1.177189  yes
     000003       5.424446  yes
     000004       5.424458  yes
     000005      18.789251  yes
     000006      18.789245  yes
     000007      31.312710  yes
     000008      31.312716  yes
     ---------------------------------
     k(000028) = (   0.2500000  -0.5000000  -0.2500000) cryst. coord.
     band      QP en. [eV] conv
     000001      -0.361004  yes
     000002      -0.361004  yes
     000003       3.390104  yes
     000004       3.390102  yes
     000005      24.890272  yes
     000006      24.890267  yes
     000007      26.742950  yes
     000008      26.742936  yes
     ---------------------------------
     --------------------------------------------------------------------------------------------
       
     --------------------------------------------------------------------------------------------
     Sigma_C                                                             
     --------------------------------------------------------------------------------------------
     Integrating along the IM axis...
     --------------------------------------------------------------------------------------------
     in progress... |#                   | 005% :             < 00.1s (E)               00.5s (X)
     in progress... |##                  | 010% :             < 00.1s (E)               00.5s (X)
     --------------------------------------------------------------------------------------------
     Residues along the RE axis...
     --------------------------------------------------------------------------------------------
     in progress... |#                   | 005% :             < 00.1s (E)             < 00.1s (X)
     in progress... |##                  | 010% :             < 00.1s (E)             < 00.1s (X)
     --------------------------------------------------------------------------------------------

     --------------------------------------------------------------------------------------------
     Iter: 000005
     k(000001) = (   0.0000000   0.0000000   0.0000000) cryst. coord.
     band      QP en. [eV] conv
     000001     -10.192464  yes
     000002      12.016017  yes
     000003      12.016018  yes
     000004      12.016051  yes
     000005      19.963070  yes
     000006      19.963092  yes
     000007      19.963050  yes
     000008      27.480943  yes
     ---------------------------------
     k(000002) = (   0.0000000   0.0000000   0.2500000) cryst. coord.
     band      QP en. [eV] conv
     000001      -8.129593  yes
     000002       5.147626  yes
     000003      10.211349  yes
     000004      10.211336  yes
     000005      22.232002  yes
     000006      22.232021  yes
     000007      22.405680  yes
     000008      28.879717  yes
     ---------------------------------
     k(000003) = (   0.0000000   0.0000000  -0.5000000) cryst. coord.
     band      QP en. [eV] conv
     000001      -3.988472   no
     000002      -1.687710  yes
     000003       9.072933  yes
     000004       9.072962  yes
     000005      22.922764  yes
     000006      22.922735  yes
     000007      23.030901  yes
     000008      29.936023  yes
     ---------------------------------
     k(000006) = (   0.0000000   0.2500000   0.2500000) cryst. coord.
     band      QP en. [eV] conv
     000001      -7.442132  yes
     000002       7.244127  yes
     000003       7.729516  yes
     000004       7.729528  yes
     000005      18.595414  yes
     000006      24.450985  yes
     000007      26.148290  yes
     000008      26.148283  yes
     ---------------------------------
     k(000007) = (   0.0000000   0.2500000  -0.5000000) cryst. coord.
     band      QP en. [eV] conv
     000001      -3.869105  yes
     000002       0.885013  yes
     000003       4.982224  yes
     000004       6.909970  yes
     000005      20.239485  yes
     000006      25.754985  yes
     000007      27.383872  yes
     000008      27.740094  yes
     ---------------------------------
     k(000008) = (   0.0000000   0.2500000  -0.2500000) cryst. coord.
     band      QP en. [eV] conv
     000001      -5.285358  yes
     000002       2.946391  yes
     000003       4.099187  yes
     000004       8.860798  yes
     000005      22.214244  yes
     000006      24.563124  yes
     000007      26.704127  yes
     000008      28.191054  yes
     ---------------------------------
     k(000011) = (   0.0000000  -0.5000000  -0.5000000) cryst. coord.
     band      QP en. [eV] conv
     000001      -1.177187  yes
     000002      -1.177189  yes
     000003       5.424446  yes
     000004       5.424458  yes
     000005      18.789251  yes
     000006      18.789245  yes
     000007      31.312710  yes
     000008      31.312716  yes
     ---------------------------------
     k(000028) = (   0.2500000  -0.5000000  -0.2500000) cryst. coord.
     band      QP en. [eV] conv
     000001      -0.361004  yes
     000002      -0.361004  yes
     000003       3.390104  yes
     000004       3.390102  yes
     000005      24.890272  yes
     000006      24.890267  yes
     000007      26.742950  yes
     000008      26.742936  yes
     ---------------------------------
     --------------------------------------------------------------------------------------------
       
     --------------------------------------------------------------------------------------------
     Sigma_C                                                             
     --------------------------------------------------------------------------------------------
     Integrating along the IM axis...
     --------------------------------------------------------------------------------------------
     in progress... |#                   | 005% :             < 00.1s (E)               00.5s (X)
     in progress... |##                  | 010% :             < 00.1s (E)               00.5s (X)
     --------------------------------------------------------------------------------------------
     Residues along the RE axis...
     --------------------------------------------------------------------------------------------
     in progress... |#                   | 005% :             < 00.1s (E)             < 00.1s (X)
     in progress... |##                  | 010% :             < 00.1s (E)             < 00.1s (X)
     --------------------------------------------------------------------------------------------
       
     --------------------------------------------------------------------------------------------
     CONVERGENCE ACHIEVED !!!                                            
     --------------------------------------------------------------------------------------------

     --------------------------------------------------------------------------------------------
     k(000001) = (   0.0000000   0.0000000   0.0000000) cryst. coord.
     band      QP en. [eV] conv
     000001     -10.192464  yes
     000002      12.016017  yes
     000003      12.016018  yes
     000004      12.016051  yes
     000005      19.963070  yes
     000006      19.963092  yes
     000007      19.963050  yes
     000008      27.480943  yes
     ---------------------------------
     k(000002) = (   0.0000000   0.0000000   0.2500000) cryst. coord.
     band      QP en. [eV] conv
     000001      -8.129593  yes
     000002       5.147626  yes
     000003      10.211349  yes
     000004      10.211336  yes
     000005      22.232002  yes
     000006      22.232021  yes
     000007      22.405680  yes
     000008      28.879717  yes
     ---------------------------------
     k(000003) = (   0.0000000   0.0000000  -0.5000000) cryst. coord.
     band      QP en. [eV] conv
     000001      -3.963181  yes
     000002      -1.687710  yes
     000003       9.072933  yes
     000004       9.072962  yes
     000005      22.922764  yes
     000006      22.922735  yes
     000007      23.030901  yes
     000008      29.936023  yes
     ---------------------------------
     k(000006) = (   0.0000000   0.2500000   0.2500000) cryst. coord.
     band      QP en. [eV] conv
     000001      -7.442132  yes
     000002       7.244127  yes
     000003       7.729516  yes
     000004       7.729528  yes
     000005      18.595414  yes
     000006      24.450985  yes
     000007      26.148290  yes
     000008      26.148283  yes
     ---------------------------------
     k(000007) = (   0.0000000   0.2500000  -0.5000000) cryst. coord.
     band      QP en. [eV] conv
     000001      -3.869105  yes
     000002       0.885013  yes
     000003       4.982224  yes
     000004       6.909970  yes
     000005      20.239485  yes
     000006      25.754985  yes
     000007      27.383872  yes
     000008      27.740094  yes
     ---------------------------------
     k(000008) = (   0.0000000   0.2500000  -0.2500000) cryst. coord.
     band      QP en. [eV] conv
     000001      -5.285358  yes
     000002       2.946391  yes
     000003       4.099187  yes
     000004       8.860798  yes
     000005      22.214244  yes
     000006      24.563124  yes
     000007      26.704127  yes
     000008      28.191054  yes
     ---------------------------------
     k(000011) = (   0.0000000  -0.5000000  -0.5000000) cryst. coord.
     band      QP en. [eV] conv
     000001      -1.177187  yes
     000002      -1.177189  yes
     000003       5.424446  yes
     000004       5.424458  yes
     000005      18.789251  yes
     000006      18.789245  yes
     000007      31.312710  yes
     000008      31.312716  yes
     ---------------------------------
     k(000028) = (   0.2500000  -0.5000000  -0.2500000) cryst. coord.
     band      QP en. [eV] conv
     000001      -0.361004  yes
     000002      -0.361004  yes
     000003       3.390104  yes
     000004       3.390102  yes
     000005      24.890272  yes
     000006      24.890267  yes
     000007      26.742950  yes
     000008      26.742936  yes
     ---------------------------------
     --------------------------------------------------------------------------------------------
 
     Number of q in the star =    1
     List of q in the star:
          1   0.000000000   0.000000000   0.000000000
 
     Number of q in the star =    4
     List of q in the star:
          1  -0.250000000   0.250000000  -0.250000000
          2   0.250000000  -0.250000000  -0.250000000
          3   0.250000000   0.250000000   0.250000000
          4  -0.250000000  -0.250000000   0.250000000
     In addition there is the -q list: 
          1   0.250000000  -0.250000000   0.250000000
          2  -0.250000000   0.250000000   0.250000000
          3  -0.250000000  -0.250000000  -0.250000000
          4   0.250000000   0.250000000  -0.250000000
 
     Number of q in the star =    4
     List of q in the star:
          1   0.500000000  -0.500000000   0.500000000
          2  -0.500000000   0.500000000   0.500000000
          3  -0.500000000  -0.500000000  -0.500000000
          4   0.500000000   0.500000000  -0.500000000
 
     Number of q in the star =    6
     List of q in the star:
          1   0.000000000   0.500000000   0.000000000
          2   0.000000000  -0.500000000   0.000000000
          3   0.500000000   0.000000000   0.000000000
          4  -0.500000000   0.000000000   0.000000000
          5   0.000000000   0.000000000   0.500000000
          6   0.000000000   0.000000000  -0.500000000
 
     Number of q in the star =   12
     List of q in the star:
          1   0.750000000  -0.250000000   0.750000000
          2  -0.750000000   0.250000000   0.750000000
          3  -0.750000000  -0.250000000  -0.750000000
          4   0.750000000   0.250000000  -0.750000000
          5  -0.250000000   0.750000000   0.750000000
          6   0.250000000   0.750000000  -0.750000000
          7  -0.250000000  -0.750000000  -0.750000000
          8   0.250000000  -0.750000000   0.750000000
          9   0.750000000   0.750000000  -0.250000000
         10   0.750000000  -0.750000000   0.250000000
         11  -0.750000000  -0.750000000  -0.250000000
         12  -0.750000000   0.750000000   0.250000000
     In addition there is the -q list: 
          1  -0.750000000   0.250000000  -0.750000000
          2   0.750000000  -0.250000000  -0.750000000
          3   0.750000000   0.250000000   0.750000000
          4  -0.750000000  -0.250000000   0.750000000
          5   0.250000000  -0.750000000  -0.750000000
          6  -0.250000000  -0.750000000   0.750000000
          7   0.250000000   0.750000000   0.750000000
          8  -0.250000000   0.750000000  -0.750000000
          9  -0.750000000  -0.750000000   0.250000000
         10  -0.750000000   0.750000000  -0.250000000
         11   0.750000000   0.750000000   0.250000000
         12   0.750000000  -0.750000000  -0.250000000
 
     Number of q in the star =   12
     List of q in the star:
          1   0.500000000   0.000000000   0.500000000
          2  -0.500000000   0.000000000   0.500000000
          3  -0.500000000   0.000000000  -0.500000000
          4   0.500000000   0.000000000  -0.500000000
          5   0.000000000   0.500000000   0.500000000
          6   0.000000000   0.500000000  -0.500000000
          7   0.000000000  -0.500000000  -0.500000000
          8   0.000000000  -0.500000000   0.500000000
          9   0.500000000   0.500000000   0.000000000
         10   0.500000000  -0.500000000   0.000000000
         11  -0.500000000  -0.500000000   0.000000000
         12  -0.500000000   0.500000000   0.000000000
 
     Number of q in the star =    3
     List of q in the star:
          1   0.000000000  -1.000000000   0.000000000
          2  -1.000000000   0.000000000   0.000000000
          3   0.000000000   0.000000000  -1.000000000
 
     Number of q in the star =    6
     List of q in the star:
          1  -0.500000000  -1.000000000   0.000000000
          2   0.500000000   1.000000000   0.000000000
          3  -1.000000000   0.000000000  -0.500000000
          4   1.000000000   0.000000000   0.500000000
          5   0.000000000  -0.500000000  -1.000000000
          6   0.000000000   0.500000000   1.000000000
      
     --------------------------------------------------------------------------------------------
     SAVE written in 00.5s               
     In location : ./c.wfreq.save
     --------------------------------------------------------------------------------------------
     WFREQ        : 49m44.69s CPU    57m39.69s WALL

     wfreq_readin :      2.63s CPU      5.45s WALL (       1 calls)
     fetch_input  :      0.01s CPU      0.01s WALL (       2 calls)
     read_xml     :      0.75s CPU      1.45s WALL (       1 calls)
     init_vloc    :      0.00s CPU      0.00s WALL (       2 calls)
     fft          :      2.29s CPU      3.10s WALL (   65540 calls)
     fft_scatter  :     39.03s CPU     46.43s WALL ( 1431268 calls)
     v_of_rho     :      0.00s CPU      0.00s WALL (       1 calls)
     v_xc         :      0.00s CPU      0.00s WALL (       2 calls)
     v_h          :      0.00s CPU      0.00s WALL (       1 calls)
     read_wave    :      1.87s CPU      3.97s WALL (       1 calls)
     davcio       :      2.39s CPU      3.41s WALL (   38089 calls)
     init_us_1    :      0.00s CPU      0.00s WALL (       2 calls)
     do_setup     :      0.01s CPU      0.02s WALL (       1 calls)
     init_pw_ar   :      0.00s CPU      0.00s WALL (       1 calls)
     init_at_1    :      0.00s CPU      0.00s WALL (       1 calls)
     solve_hf     :      9.88s CPU     13.62s WALL (       1 calls)
     sigmavxc     :      0.09s CPU      0.10s WALL (       1 calls)
     init_us_2    :      0.06s CPU      0.08s WALL (    4736 calls)
     fftw         :     45.91s CPU     53.90s WALL ( 1365728 calls)
     sigmax       :      9.79s CPU     13.32s WALL (       1 calls)
     sqvc_init    :      0.17s CPU      0.22s WALL (   36872 calls)
     wlanczos     :    241.87s CPU    261.77s WALL (       1 calls)
     commutator_H :      0.07s CPU      0.09s WALL (     768 calls)
     stres_us31   :      0.00s CPU      0.00s WALL (     768 calls)
     stres_us32   :      0.00s CPU      0.00s WALL (     768 calls)
     stres_us33   :      0.00s CPU      0.00s WALL (     768 calls)
     stres_us34   :      0.00s CPU      0.00s WALL (     768 calls)
     calbec       :      0.13s CPU      0.14s WALL (    6958 calls)
     alphapc      :     90.51s CPU     91.71s WALL (    8448 calls)
     linstern     :      1.37s CPU      1.54s WALL (     256 calls)
     stern        :      1.18s CPU      1.33s WALL (    5422 calls)
     h_psi_bgrp   :      1.08s CPU      1.21s WALL (    5422 calls)
     h_psi        :      1.07s CPU      1.20s WALL (    5422 calls)
     h_psi:pot    :      1.05s CPU      1.18s WALL (    5422 calls)
     vloc_psi     :      0.90s CPU      1.00s WALL (    5422 calls)
     h_psi:calbec :      0.11s CPU      0.12s WALL (    5422 calls)
     add_vuspsi   :      0.02s CPU      0.02s WALL (    5422 calls)
     alphapv      :      0.08s CPU      0.09s WALL (    5422 calls)
     chi0_diag    :      3.78s CPU      3.99s WALL (       1 calls)
     glanczos     :   2719.64s CPU   3165.82s WALL (       1 calls)
     solve_qp     :      2.53s CPU      3.70s WALL (       1 calls)
     sigmac_i     :      0.50s CPU      0.53s WALL (       8 calls)
     sigmac_r     :      0.06s CPU      0.06s WALL (       8 calls)
     wfreq_db     :      0.39s CPU      0.52s WALL (       1 calls)
 
     WFREQ        : 49m44.78s CPU    57m39.90s WALL

 
   This run was terminated on:  15:38:56   4Jan2021            

=------------------------------------------------------------------------------=
   JOB DONE.
=------------------------------------------------------------------------------=
