
     Program WELPH v. 3.1.1 starts on 26Jan2021 at 22:33:20 

     This program is part of the open-source West suite
     for massively parallel calculations of excited states in materials; please cite
         "M. Govoni et al., J. Chem. Theory Comput. 11, 2680 (2015);
          URL http://www.west-code.org", 
     in publications or presentations arising from this work.

     Based on the Quantum ESPRESSO v. 6.1 svn rev. 13369

     I/O is Little Endian
       
     --------------------------------------------------------------------------------------------
     **MPI** Parallelization Status                                      
     --------------------------------------------------------------------------------------------
                   300                   5             1             1            60
     --------------------------------------------------------------------------------------------
                     N         =         I      X      P      X      B      X      Z
                     ^                   ^             ^             ^             ^
                     |                   |             |             |             |
                   #rnk                  |             |             |             |
                                      #image           |             |             |
                                                     #pool           |             |
                                                                   #bgrp           |
                                                                                 #R&G
     --------------------------------------------------------------------------------------------
     **OPENMP** Parallelization Status
     #thr/rnk               =            1
     --------------------------------------------------------------------------------------------
     #prc = (rnk) * (thr) =          300
     --------------------------------------------------------------------------------------------
       
     --------------------------------------------------------------------------------------------
     I/O Summary : input_west                                            
     --------------------------------------------------------------------------------------------
     qe_prefix      = n2
     west_prefix    = n2
     outdir         = ./
     --------------------------------------------------------------------------------------------

     Reading data from directory:
     ./n2.save

   Info: using nr1, nr2, nr3 values from input

   Info: using nr1, nr2, nr3 values from input

     IMPORTANT: XC functional enforced from input :
     Exchange-correlation      = PBE ( 1  4  3  4 0 0)
     Any further DFT definition will be discarded
     Please, verify this is what you really want

     Message from routine readpp:
     file ./n2.save/C_ONCV_PBE-1.0.upf not found
     Message from routine readpp:
     file ./n2.save/N_ONCV_PBE-1.0.upf not found
 
     Parallelization info
     --------------------
     sticks:   dense  smooth     PW     G-vecs:    dense   smooth      PW
     Min         128     128     31                 7401     7401     920
     Max         129     129     32                 7403     7403     927
     Sum        7685    7685   1917               444093   444093   55507
 
       
     --------------------------------------------------------------------------------------------
     I/O Summary : wstat_control                                         
     --------------------------------------------------------------------------------------------
     wstat_calculation              =              S
     n_pdep_eigen                   =           1200
     n_pdep_times                   =              4
     n_pdep_maxiter                 =            100
     n_dfpt_maxiter                 =            250
     n_pdep_read_from_file          =              0
     trev_pdep                      =   1.000000E-03
     trev_pdep_rel                  =   1.000000E-01
     tr2_dfpt                       =   1.000000E-12
     l_kinetic_only                 =              F
     l_minimize_exx_if_active       =              F
     l_use_ecutrho                  =              F
     l_use_symm                     =              F
     nq(1)                          =              1
     nq(2)                          =              1
     nq(3)                          =              1
     --------------------------------------------------------------------------------------------
       
     --------------------------------------------------------------------------------------------
     I/O Summary : wfreq_control                                         
     --------------------------------------------------------------------------------------------
     wfreq_calculation                        =           XWGQ
     n_pdep_eigen_to_use                      =           1200
     qp_bandrange(1)                          =              1
     qp_bandrange(2)                          =              2
     macropol_calculation                     =              C
     n_lanczos                                =             30
     n_imfreq                                 =            128
     n_refreq                                 =            272
     ecut_imfreq [Ry]                         =     200.000000
     ecut_refreq [Ry]                         =       2.000000
     wfreq_eta [Ry]                           =       0.003675
     n_secant_maxiter                         =             21
     trev_secant [Ry]                         =       0.003675
     l_enable_lanczos                         =              T
     l_enable_gwetot                          =              F
     o_restart_time [min]                     =       0.000000
     ecut_spectralf(1) [Ry]                   =      -2.000000
     ecut_spectralf(2) [Ry]                   =       2.000000
     n_spectralf                              =             10
     l_read_common_pdep                       =              F
     l_enable_gb_curvature                    =              T
     --------------------------------------------------------------------------------------------
       
     --------------------------------------------------------------------------------------------
     I/O Summary : welph_control                                         
     --------------------------------------------------------------------------------------------
     welph_calculation                        =              S
     welph_n_pdep_eigen_to_use                =           1200
     asr                                      =              1
     welph_band_range(1)                      =            480
     welph_band_range(2)                      =            520
     do_scr                                   =              T
     do_fxc                                   =              T
     welph_read_common_pdep                   =              T
     loto                                     =              T
     lsym                                     =              F
     l_adiabatic                              =              T
     l_enabel_gw                              =              T
     q_direction(1)                           =       1.000000
     q_direction(2)                           =       0.000000
     q_direction(3)                           =       0.000000
     welph_eta                                =       0.100000
     temperature                              =       0.000000
     --------------------------------------------------------------------------------------------
       
     --------------------------------------------------------------------------------------------
     System Overview                                                     
     --------------------------------------------------------------------------------------------
     gamma_only           =              F
     ecutwfc [Ry]         =      50.000000
     ecutrho [Ry]         =     200.000000
     omega [au^3]         =   9.301889E+03
     nbnd                 =            600
     nkstot               =              1
     nspin                =              1
     nelec                =    1002.000000
     npol                 =              1
     lsda                 =              F
     noncolin             =              F
     lspinorb             =              F
     domag                =              F
     --------------------------------------------------------------------------------------------

     3DFFT grid
        s : ( 108, 108, 108)
        p : ( 108, 108, 108)

     Direct Lattice Cell [a.u.]
        a1 = (   -16.7093442     0.0342430    16.7093442)
        a2 = (    -0.0342429    16.7093442    16.7093442)
        a3 = (   -16.7093442    16.7093442     0.0342429)

     Reciprocal Lattice Cell [a.u.]
        b1 = (    -0.1882074    -0.1885931     0.1882074)
        b2 = (     0.1885931     0.1882074     0.1882074)
        b3 = (    -0.1882074     0.1882074    -0.1885931)
      

     Brillouin Zone sampling [cryst. coord.]
 
        k(000001) = (     0.0000000     0.0000000     0.0000000)
 
        q(000001) = (     0.0000000     0.0000000     0.0000000)
       
     --------------------------------------------------------------------------------------------
     Parallelization for npdep                                           
     --------------------------------------------------------------------------------------------
     nglob                =           1200
     nlevel               =              5
     Min nglob/nlevel     =            240
     Max nglob/nlevel     =            240
     --------------------------------------------------------------------------------------------
       
     --------------------------------------------------------------------------------------------
     Parallelization for npdep+macro                                     
     --------------------------------------------------------------------------------------------
     nglob                =           1203
     nlevel               =              5
     Min nglob/nlevel     =            240
     Max nglob/nlevel     =            241
     --------------------------------------------------------------------------------------------
     ===========================================================================
     Symmetries disabled, nq =    1
          Q-point IBZ [ cart coord ]
          xq(00000001) = (  0.000000  0.000000  0.000000) wq =   1.000000
     ===========================================================================
     -------------------------------
     | Electron-Phonon Self-energy |
     -------------------------------
     Message from routine kpoint_grid:
     ATTENTION: skip check of k-points equivalence
     ===========================================================================
          nsym   =    6
          nrot   =   12
          nk_ibz =    1
          Q-point IBZ [ cart  coord ]
          xk(00000001) = (  0.000000  0.000000  0.000000) wk =   1.000000
          Q-point IBZ [ cryst coord ]
          xk(00000001) = (  0.000000  0.000000  0.000000) wk =   1.000000
     ===========================================================================
       
     --------------------------------------------------------------------------------------------
     Computing Debye-Waller Self-energy (occ)                            
     --------------------------------------------------------------------------------------------
     in progress... |#                   | 005% :           44m-14.9s (E)       14h-44m-59.8s (X)
     in progress... |##                  | 010% :       01h-14m-13.6s (E)       12h-22m-16.4s (X)
     in progress... |###                 | 015% :       01h-44m-12.3s (E)       11h-34m-42.2s (X)
     in progress... |####                | 020% :       02h-14m-02.8s (E)       11h-10m-14.1s (X)
     in progress... |#####               | 025% :       02h-44m-00.2s (E)       10h-56m-00.9s (X)
     in progress... |######              | 030% :       03h-13m-52.4s (E)       10h-46m-14.6s (X)
     in progress... |#######             | 035% :       03h-42m-44.0s (E)       10h-36m-22.8s (X)
     in progress... |########            | 040% :       04h-12m-41.6s (E)       10h-31m-44.0s (X)
     in progress... |#########           | 045% :       04h-42m-33.1s (E)       10h-27m-53.6s (X)
     in progress... |##########          | 050% :       05h-11m-31.8s (E)       10h-23m-03.7s (X)
     in progress... |###########         | 055% :       05h-41m-32.0s (E)       10h-20m-58.2s (X)
     in progress... |############        | 060% :       06h-10m-24.2s (E)       10h-17m-20.4s (X)
     in progress... |#############       | 065% :       06h-39m-15.2s (E)       10h-14m-14.2s (X)
     in progress... |##############      | 070% :       07h-08m-06.7s (E)       10h-11m-35.3s (X)
     in progress... |###############     | 075% :       07h-37m-06.2s (E)       10h-09m-28.2s (X)
     in progress... |################    | 080% :       08h-06m-05.2s (E)       10h-07m-36.5s (X)
     in progress... |#################   | 085% :       08h-35m-58.4s (E)       10h-07m-01.6s (X)
     in progress... |##################  | 090% :       09h-04m-57.7s (E)       10h-05m-30.8s (X)
     in progress... |################### | 095% :       09h-34m-51.2s (E)       10h-05m-06.6s (X)
     in progress... |####################| 100% :       10h-03m-47.4s (E)       10h-03m-47.4s (X)
     --------------------------------------------------------------------------------------------
       
     --------------------------------------------------------------------------------------------
     Computing Debye-Waller Self-energy (Lanczos)                        
     --------------------------------------------------------------------------------------------
     in progress... |####################| 100% :       02h-17m-16.3s (E)       02h-17m-16.3s (X)
     --------------------------------------------------------------------------------------------
       
     --------------------------------------------------------------------------------------------
     Compute Fan-Migdal Self-energy (occ)                                
     --------------------------------------------------------------------------------------------
     in progress... |####################| 100% :           17m-57.5s (E)           17m-57.5s (X)
     --------------------------------------------------------------------------------------------
       
     --------------------------------------------------------------------------------------------
     Compute Fan-Migdal Self-energy (Lanczos)                            
     --------------------------------------------------------------------------------------------
     in progress... |####################| 100% :           30m-03.4s (E)           30m-03.4s (X)
     --------------------------------------------------------------------------------------------
     WELPH        :    12h51m CPU       13h26m WALL

     welph_readin :      3.85s CPU     15.15s WALL (       1 calls)
     fetch_input  :      0.04s CPU      0.04s WALL (       2 calls)
     read_xml     :      1.40s CPU      2.28s WALL (       1 calls)
     init_vloc    :      0.13s CPU      0.13s WALL (       2 calls)
     fft          :      1.02s CPU      1.68s WALL (      14 calls)
     fft_scatter  :    965.86s CPU    989.61s WALL ( 2273888 calls)
     v_of_rho     :      0.03s CPU      0.03s WALL (       1 calls)
     v_xc         :      0.03s CPU      0.03s WALL (       1 calls)
     v_h          :      0.00s CPU      0.00s WALL (       1 calls)
     read_wave    :      2.39s CPU     12.79s WALL (       1 calls)
     davcio       :      1.75s CPU     15.69s WALL (     304 calls)
     init_us_1    :      0.03s CPU      0.04s WALL (       2 calls)
     do_setup     :      0.24s CPU      0.28s WALL (       1 calls)
     init_pw_ar   :      0.15s CPU      0.19s WALL (       1 calls)
     init_at_1    :      0.00s CPU      0.00s WALL (       1 calls)
     setup_dmuxc  :      0.00s CPU      0.00s WALL (       1 calls)
     ffts         :     12.27s CPU     12.48s WALL (     450 calls)
     scatter_grid :      0.78s CPU      1.82s WALL (     450 calls)
     init_us_2    :      8.07s CPU      8.23s WALL (     604 calls)
     fftw         :   1509.62s CPU   1542.26s WALL ( 2273424 calls)
     calbec       :   1970.77s CPU   1977.67s WALL (    8100 calls)
     computeDW1   :  36064.14s CPU  36227.45s WALL (       1 calls)
     computeDW2   :   8091.05s CPU   8236.31s WALL (       1 calls)
     alphapc      :    595.54s CPU    598.35s WALL (    5890 calls)
     lan_H        :   4098.65s CPU   4145.32s WALL (     190 calls)
     h_psi_bgrp   :   3305.22s CPU   3344.67s WALL (    5700 calls)
     h_psi        :   3305.18s CPU   3344.65s WALL (    5700 calls)
     h_psi:pot    :   3292.79s CPU   3332.12s WALL (    5700 calls)
     vloc_psi     :   1520.62s CPU   1553.33s WALL (    5700 calls)
     h_psi:calbec :    882.52s CPU    886.07s WALL (    5700 calls)
     add_vuspsi   :    889.58s CPU    892.68s WALL (    5700 calls)
     computeFM1   :    495.15s CPU   1077.57s WALL (       1 calls)
     computeFM2   :   1217.84s CPU   1803.49s WALL (       1 calls)
 
     WELPH        :    12h51m CPU       13h26m WALL

 
   This run was terminated on:  11:59:56  27Jan2021            

=------------------------------------------------------------------------------=
   JOB DONE.
=------------------------------------------------------------------------------=
