
     Program WFREQ v. 3.1.1 starts on 26Jan2021 at  9:17:39 

     This program is part of the open-source West suite
     for massively parallel calculations of excited states in materials; please cite
         "M. Govoni et al., J. Chem. Theory Comput. 11, 2680 (2015);
          URL http://www.west-code.org", 
     in publications or presentations arising from this work.

     Based on the Quantum ESPRESSO v. 6.1 svn rev. 13369

     I/O is Little Endian
       
     --------------------------------------------------------------------------------------------
     **MPI** Parallelization Status                                      
     --------------------------------------------------------------------------------------------
                   320                  16             1             1            20
     --------------------------------------------------------------------------------------------
                     N         =         I      X      P      X      B      X      Z
                     ^                   ^             ^             ^             ^
                     |                   |             |             |             |
                   #rnk                  |             |             |             |
                                      #image           |             |             |
                                                     #pool           |             |
                                                                   #bgrp           |
                                                                                 #R&G
     --------------------------------------------------------------------------------------------
     **OPENMP** Parallelization Status
     #thr/rnk               =            1
     --------------------------------------------------------------------------------------------
     #prc = (rnk) * (thr) =          320
     --------------------------------------------------------------------------------------------
       
     --------------------------------------------------------------------------------------------
     I/O Summary : input_west                                            
     --------------------------------------------------------------------------------------------
     qe_prefix      = n2
     west_prefix    = n2
     outdir         = ./
     --------------------------------------------------------------------------------------------

     Reading data from directory:
     ./n2.save

   Info: using nr1, nr2, nr3 values from input

   Info: using nr1, nr2, nr3 values from input

     IMPORTANT: XC functional enforced from input :
     Exchange-correlation      = PBE ( 1  4  3  4 0 0)
     Any further DFT definition will be discarded
     Please, verify this is what you really want

     Message from routine readpp:
     file ./n2.save/C_ONCV_PBE-1.0.upf not found
     Message from routine readpp:
     file ./n2.save/N_ONCV_PBE-1.0.upf not found
 
     Parallelization info
     --------------------
     sticks:   dense  smooth     PW     G-vecs:    dense   smooth      PW
     Min         384     384     95                22204    22204    2773
     Max         385     385     96                22207    22207    2776
     Sum        7685    7685   1917               444093   444093   55507
 
       
     --------------------------------------------------------------------------------------------
     I/O Summary : wstat_control                                         
     --------------------------------------------------------------------------------------------
     wstat_calculation              =              S
     n_pdep_eigen                   =           1200
     n_pdep_times                   =              4
     n_pdep_maxiter                 =            100
     n_dfpt_maxiter                 =            250
     n_pdep_read_from_file          =              0
     trev_pdep                      =   1.000000E-03
     trev_pdep_rel                  =   1.000000E-01
     tr2_dfpt                       =   1.000000E-12
     l_kinetic_only                 =              F
     l_minimize_exx_if_active       =              F
     l_use_ecutrho                  =              F
     l_use_symm                     =              F
     nq(1)                          =              1
     nq(2)                          =              1
     nq(3)                          =              1
     --------------------------------------------------------------------------------------------
       
     --------------------------------------------------------------------------------------------
     I/O Summary : wfreq_control                                         
     --------------------------------------------------------------------------------------------
     wfreq_calculation                        =           XWGQ
     n_pdep_eigen_to_use                      =           1200
     qp_bandrange(1)                          =            480
     qp_bandrange(2)                          =            520
     macropol_calculation                     =              C
     n_lanczos                                =             30
     n_imfreq                                 =            400
     n_refreq                                 =            400
     ecut_imfreq [Ry]                         =     200.000000
     ecut_refreq [Ry]                         =       2.000000
     wfreq_eta [Ry]                           =       0.003675
     n_secant_maxiter                         =            200
     trev_secant [Ry]                         =       0.003676
     l_enable_lanczos                         =              T
     l_enable_gwetot                          =              F
     o_restart_time [min]                     =      -1.000000
     ecut_spectralf(1) [Ry]                   =      -2.000000
     ecut_spectralf(2) [Ry]                   =       2.000000
     n_spectralf                              =             10
     l_read_common_pdep                       =              F
     l_enable_gb_curvature                    =              T
     --------------------------------------------------------------------------------------------
       
     --------------------------------------------------------------------------------------------
     System Overview                                                     
     --------------------------------------------------------------------------------------------
     gamma_only           =              F
     ecutwfc [Ry]         =      50.000000
     ecutrho [Ry]         =     200.000000
     omega [au^3]         =   9.301889E+03
     nbnd                 =            600
     nkstot               =              1
     nspin                =              1
     nelec                =    1002.000000
     npol                 =              1
     lsda                 =              F
     noncolin             =              F
     lspinorb             =              F
     domag                =              F
     --------------------------------------------------------------------------------------------

     3DFFT grid
        s : ( 108, 108, 108)
        p : ( 108, 108, 108)

     Direct Lattice Cell [a.u.]
        a1 = (   -16.7093442     0.0342430    16.7093442)
        a2 = (    -0.0342429    16.7093442    16.7093442)
        a3 = (   -16.7093442    16.7093442     0.0342429)

     Reciprocal Lattice Cell [a.u.]
        b1 = (    -0.1882074    -0.1885931     0.1882074)
        b2 = (     0.1885931     0.1882074     0.1882074)
        b3 = (    -0.1882074     0.1882074    -0.1885931)
      

     Brillouin Zone sampling [cryst. coord.]
 
        k(000001) = (     0.0000000     0.0000000     0.0000000)
 
        q(000001) = (     0.0000000     0.0000000     0.0000000)
       
     --------------------------------------------------------------------------------------------
     Parallelization for npdep                                           
     --------------------------------------------------------------------------------------------
     nglob                =           1200
     nlevel               =             16
     Min nglob/nlevel     =             75
     Max nglob/nlevel     =             75
     --------------------------------------------------------------------------------------------
       
     --------------------------------------------------------------------------------------------
     Parallelization for npdep+macro                                     
     --------------------------------------------------------------------------------------------
     nglob                =           1203
     nlevel               =             16
     Min nglob/nlevel     =             75
     Max nglob/nlevel     =             76
     --------------------------------------------------------------------------------------------
       
     --------------------------------------------------------------------------------------------
     Parallelization for n_imfreq                                        
     --------------------------------------------------------------------------------------------
     nglob                =            400
     nlevel               =             20
     Min nglob/nlevel     =             20
     Max nglob/nlevel     =             20
     --------------------------------------------------------------------------------------------
       
     --------------------------------------------------------------------------------------------
     Parallelization for n_refreq                                        
     --------------------------------------------------------------------------------------------
     nglob                =            400
     nlevel               =             20
     Min nglob/nlevel     =             20
     Max nglob/nlevel     =             20
     --------------------------------------------------------------------------------------------
       
     --------------------------------------------------------------------------------------------
     Parallelization for nbnd                                            
     --------------------------------------------------------------------------------------------
     nglob                =            600
     nlevel               =             16
     Min nglob/nlevel     =             37
     Max nglob/nlevel     =             38
     --------------------------------------------------------------------------------------------
     Message from routine kpoint_grid:
     ATTENTION: skip check of k-points equivalence
     ===========================================================================
          nsym   =    6
          nrot   =   12
          nk_ibz =    1
          Q-point IBZ [ cart  coord ]
          xk(00000001) = (  0.000000  0.000000  0.000000) wk =   1.000000
          Q-point IBZ [ cryst coord ]
          xk(00000001) = (  0.000000  0.000000  0.000000) wk =   1.000000
     ===========================================================================
     ===========================================================================
     Symmetries disabled, nq =    1
          Q-point IBZ [ cart coord ]
          xq(00000001) = (  0.000000  0.000000  0.000000) wq =   1.000000
     ===========================================================================
       
     --------------------------------------------------------------------------------------------
     Hartree-Fock Exact E(X)change                                       
     --------------------------------------------------------------------------------------------
      
     --------------------------------------------------------------------------------------------
     Vxc
     --------------------------------------------------------------------------------------------
     in progress... |####################| 100% :             < 00.1s (E)             < 00.1s (X)
     --------------------------------------------------------------------------------------------
      
     --------------------------------------------------------------------------------------------
     (X)-Sigma
     --------------------------------------------------------------------------------------------
     in progress... |#                   | 005% :               33.6s (E)           11m-13.7s (X)
     in progress... |##                  | 010% :               51.7s (E)           08m-37.4s (X)
     in progress... |###                 | 015% :           01m-06.4s (E)           07m-23.2s (X)
     in progress... |####                | 020% :           01m-16.9s (E)           06m-24.9s (X)
     in progress... |#####               | 025% :           01m-23.5s (E)           05m-34.1s (X)
     in progress... |######              | 030% :           01m-27.7s (E)           04m-52.5s (X)
     in progress... |#######             | 035% :           01m-29.8s (E)           04m-16.8s (X)
     in progress... |########            | 040% :           01m-30.5s (E)           03m-46.4s (X)
     in progress... |#########           | 045% :           01m-31.2s (E)           03m-22.8s (X)
     in progress... |##########          | 050% :           01m-31.9s (E)           03m-03.9s (X)
     in progress... |###########         | 055% :           01m-32.6s (E)           02m-48.4s (X)
     in progress... |############        | 060% :           01m-33.3s (E)           02m-35.5s (X)
     in progress... |#############       | 065% :           01m-34.0s (E)           02m-24.6s (X)
     in progress... |##############      | 070% :           01m-34.7s (E)           02m-15.3s (X)
     in progress... |###############     | 075% :           01m-35.4s (E)           02m-07.2s (X)
     in progress... |################    | 080% :           01m-36.0s (E)           02m-00.1s (X)
     in progress... |#################   | 085% :           01m-36.7s (E)           01m-53.8s (X)
     in progress... |##################  | 090% :           01m-37.4s (E)           01m-48.3s (X)
     in progress... |################### | 095% :           01m-38.1s (E)           01m-43.3s (X)
     in progress... |####################| 100% :           01m-38.8s (E)           01m-38.8s (X)
     --------------------------------------------------------------------------------------------
       
     --------------------------------------------------------------------------------------------
     (W)-Lanczos                                                         
     --------------------------------------------------------------------------------------------
     in progress... |#                   | 005% :           23m-46.4s (E)       07h-55m-29.7s (X)
     in progress... |##                  | 010% :           46m-04.5s (E)       07h-40m-45.0s (X)
     in progress... |###                 | 015% :       01h-08m-13.0s (E)       07h-34m-47.3s (X)
     in progress... |####                | 020% :       01h-30m-11.8s (E)       07h-30m-59.4s (X)
     in progress... |#####               | 025% :       01h-52m-04.5s (E)       07h-28m-18.0s (X)
     in progress... |######              | 030% :       02h-13m-49.2s (E)       07h-26m-04.0s (X)
     in progress... |#######             | 035% :       02h-35m-34.4s (E)       07h-24m-29.9s (X)
     in progress... |########            | 040% :       02h-57m-15.9s (E)       07h-23m-09.8s (X)
     in progress... |#########           | 045% :       03h-18m-59.7s (E)       07h-22m-12.7s (X)
     in progress... |##########          | 050% :       03h-40m-41.8s (E)       07h-21m-23.6s (X)
     in progress... |###########         | 055% :       04h-02m-29.6s (E)       07h-20m-53.9s (X)
     in progress... |############        | 060% :       04h-24m-19.1s (E)       07h-20m-31.9s (X)
     in progress... |#############       | 065% :       04h-46m-11.7s (E)       07h-20m-18.1s (X)
     in progress... |##############      | 070% :       05h-08m-07.8s (E)       07h-20m-11.2s (X)
     in progress... |###############     | 075% :       05h-30m-09.1s (E)       07h-20m-12.1s (X)
     in progress... |################    | 080% :       05h-52m-13.4s (E)       07h-20m-16.8s (X)
     in progress... |#################   | 085% :       06h-14m-21.8s (E)       07h-20m-25.7s (X)
     in progress... |##################  | 090% :       06h-36m-36.9s (E)       07h-20m-41.0s (X)
     in progress... |################### | 095% :       06h-59m-06.1s (E)       07h-21m-09.5s (X)
     in progress... |####################| 100% :       07h-21m-58.2s (E)       07h-21m-58.2s (X)
     --------------------------------------------------------------------------------------------
       
     --------------------------------------------------------------------------------------------
     (G)-Lanczos                                                         
     --------------------------------------------------------------------------------------------
     in progress... |#                   | 005% :           02m-24.8s (E)           48m-16.2s (X)
     in progress... |##                  | 010% :           04m-02.1s (E)           40m-21.5s (X)
     in progress... |###                 | 015% :           05m-38.9s (E)           37m-39.9s (X)
     in progress... |####                | 020% :           07m-15.6s (E)           36m-18.2s (X)
     in progress... |#####               | 025% :           08m-50.6s (E)           35m-22.4s (X)
     in progress... |######              | 030% :           10m-26.0s (E)           34m-46.9s (X)
     in progress... |#######             | 035% :           12m-02.0s (E)           34m-23.0s (X)
     in progress... |########            | 040% :           13m-36.7s (E)           34m-01.9s (X)
     in progress... |#########           | 045% :           15m-11.9s (E)           33m-46.5s (X)
     in progress... |##########          | 050% :           16m-47.6s (E)           33m-35.3s (X)
     in progress... |###########         | 055% :           18m-24.3s (E)           33m-27.9s (X)
     in progress... |############        | 060% :           19m-59.6s (E)           33m-19.3s (X)
     in progress... |#############       | 065% :           21m-34.7s (E)           33m-11.9s (X)
     in progress... |##############      | 070% :           23m-09.4s (E)           33m-04.9s (X)
     in progress... |###############     | 075% :           24m-45.3s (E)           33m-00.5s (X)
     in progress... |################    | 080% :           26m-21.9s (E)           32m-57.3s (X)
     in progress... |#################   | 085% :           27m-57.8s (E)           32m-53.9s (X)
     in progress... |##################  | 090% :           29m-32.3s (E)           32m-49.2s (X)
     in progress... |################### | 095% :           31m-07.6s (E)           32m-45.9s (X)
     in progress... |####################| 100% :           32m-42.6s (E)           32m-42.6s (X)
     --------------------------------------------------------------------------------------------
       
     --------------------------------------------------------------------------------------------
     Collecting results from W and G                                     
     --------------------------------------------------------------------------------------------
     in progress... |#                   | 005% :           01m-45.6s (E)           35m-13.2s (X)
     in progress... |##                  | 010% :           02m-56.0s (E)           29m-20.5s (X)
     in progress... |###                 | 015% :           04m-06.4s (E)           27m-23.1s (X)
     in progress... |####                | 020% :           05m-16.8s (E)           26m-24.0s (X)
     in progress... |#####               | 025% :           06m-27.1s (E)           25m-48.5s (X)
     in progress... |######              | 030% :           07m-37.4s (E)           25m-24.9s (X)
     in progress... |#######             | 035% :           08m-48.1s (E)           25m-08.9s (X)
     in progress... |########            | 040% :           09m-58.4s (E)           24m-56.1s (X)
     in progress... |#########           | 045% :           11m-08.7s (E)           24m-46.1s (X)
     in progress... |##########          | 050% :           12m-19.1s (E)           24m-38.2s (X)
     in progress... |###########         | 055% :           13m-29.4s (E)           24m-31.6s (X)
     in progress... |############        | 060% :           14m-39.8s (E)           24m-26.3s (X)
     in progress... |#############       | 065% :           15m-50.1s (E)           24m-21.7s (X)
     in progress... |##############      | 070% :           17m-00.4s (E)           24m-17.8s (X)
     in progress... |###############     | 075% :           18m-10.8s (E)           24m-14.4s (X)
     in progress... |################    | 080% :           19m-21.1s (E)           24m-11.4s (X)
     in progress... |#################   | 085% :           20m-31.4s (E)           24m-08.7s (X)
     in progress... |##################  | 090% :           21m-41.7s (E)           24m-06.3s (X)
     in progress... |################### | 095% :           22m-51.9s (E)           24m-04.1s (X)
     in progress... |####################| 100% :           24m-02.2s (E)           24m-02.2s (X)
     --------------------------------------------------------------------------------------------
       
     --------------------------------------------------------------------------------------------
     (Q)uasiparticle energies                                            
     --------------------------------------------------------------------------------------------
       
     --------------------------------------------------------------------------------------------
     Sigma_C                                                             
     --------------------------------------------------------------------------------------------
     Integrating along the IM axis...
     --------------------------------------------------------------------------------------------
     in progress... |#                   | 005% :             < 00.1s (E)             < 00.1s (X)
     in progress... |##                  | 010% :             < 00.1s (E)             < 00.1s (X)
     in progress... |###                 | 015% :             < 00.1s (E)             < 00.1s (X)
     in progress... |####                | 020% :             < 00.1s (E)             < 00.1s (X)
     in progress... |#####               | 025% :             < 00.1s (E)             < 00.1s (X)
     in progress... |######              | 030% :             < 00.1s (E)             < 00.1s (X)
     in progress... |#######             | 035% :             < 00.1s (E)             < 00.1s (X)
     in progress... |########            | 040% :             < 00.1s (E)             < 00.1s (X)
     in progress... |#########           | 045% :             < 00.1s (E)             < 00.1s (X)
     in progress... |##########          | 050% :             < 00.1s (E)             < 00.1s (X)
     in progress... |###########         | 055% :             < 00.1s (E)             < 00.1s (X)
     in progress... |############        | 060% :             < 00.1s (E)             < 00.1s (X)
     in progress... |#############       | 065% :             < 00.1s (E)             < 00.1s (X)
     in progress... |##############      | 070% :             < 00.1s (E)             < 00.1s (X)
     in progress... |###############     | 075% :             < 00.1s (E)             < 00.1s (X)
     in progress... |################    | 080% :             < 00.1s (E)             < 00.1s (X)
     in progress... |#################   | 085% :             < 00.1s (E)             < 00.1s (X)
     in progress... |##################  | 090% :             < 00.1s (E)             < 00.1s (X)
     in progress... |################### | 095% :             < 00.1s (E)             < 00.1s (X)
     in progress... |####################| 100% :             < 00.1s (E)             < 00.1s (X)
     --------------------------------------------------------------------------------------------
     Residues along the RE axis...
     --------------------------------------------------------------------------------------------
     in progress... |#                   | 005% :             < 00.1s (E)             < 00.1s (X)
     in progress... |##                  | 010% :             < 00.1s (E)             < 00.1s (X)
     in progress... |###                 | 015% :             < 00.1s (E)             < 00.1s (X)
     in progress... |####                | 020% :             < 00.1s (E)             < 00.1s (X)
     in progress... |#####               | 025% :             < 00.1s (E)             < 00.1s (X)
     in progress... |######              | 030% :             < 00.1s (E)             < 00.1s (X)
     in progress... |#######             | 035% :             < 00.1s (E)             < 00.1s (X)
     in progress... |########            | 040% :             < 00.1s (E)             < 00.1s (X)
     in progress... |#########           | 045% :             < 00.1s (E)             < 00.1s (X)
     in progress... |##########          | 050% :             < 00.1s (E)             < 00.1s (X)
     in progress... |###########         | 055% :             < 00.1s (E)             < 00.1s (X)
     in progress... |############        | 060% :             < 00.1s (E)             < 00.1s (X)
     in progress... |#############       | 065% :             < 00.1s (E)             < 00.1s (X)
     in progress... |##############      | 070% :             < 00.1s (E)             < 00.1s (X)
     in progress... |###############     | 075% :             < 00.1s (E)             < 00.1s (X)
     in progress... |################    | 080% :             < 00.1s (E)             < 00.1s (X)
     in progress... |#################   | 085% :             < 00.1s (E)             < 00.1s (X)
     in progress... |##################  | 090% :             < 00.1s (E)             < 00.1s (X)
     in progress... |################### | 095% :             < 00.1s (E)             < 00.1s (X)
     in progress... |####################| 100% :             < 00.1s (E)             < 00.1s (X)
     --------------------------------------------------------------------------------------------
       
     --------------------------------------------------------------------------------------------
     Sigma_C                                                             
     --------------------------------------------------------------------------------------------
     Integrating along the IM axis...
     --------------------------------------------------------------------------------------------
     in progress... |#                   | 005% :             < 00.1s (E)             < 00.1s (X)
     in progress... |##                  | 010% :             < 00.1s (E)             < 00.1s (X)
     in progress... |###                 | 015% :             < 00.1s (E)             < 00.1s (X)
     in progress... |####                | 020% :             < 00.1s (E)             < 00.1s (X)
     in progress... |#####               | 025% :             < 00.1s (E)             < 00.1s (X)
     in progress... |######              | 030% :             < 00.1s (E)             < 00.1s (X)
     in progress... |#######             | 035% :             < 00.1s (E)             < 00.1s (X)
     in progress... |########            | 040% :             < 00.1s (E)             < 00.1s (X)
     in progress... |#########           | 045% :             < 00.1s (E)             < 00.1s (X)
     in progress... |##########          | 050% :             < 00.1s (E)             < 00.1s (X)
     in progress... |###########         | 055% :             < 00.1s (E)             < 00.1s (X)
     in progress... |############        | 060% :             < 00.1s (E)             < 00.1s (X)
     in progress... |#############       | 065% :             < 00.1s (E)             < 00.1s (X)
     in progress... |##############      | 070% :             < 00.1s (E)             < 00.1s (X)
     in progress... |###############     | 075% :             < 00.1s (E)             < 00.1s (X)
     in progress... |################    | 080% :             < 00.1s (E)             < 00.1s (X)
     in progress... |#################   | 085% :             < 00.1s (E)             < 00.1s (X)
     in progress... |##################  | 090% :             < 00.1s (E)             < 00.1s (X)
     in progress... |################### | 095% :             < 00.1s (E)             < 00.1s (X)
     in progress... |####################| 100% :             < 00.1s (E)             < 00.1s (X)
     --------------------------------------------------------------------------------------------
     Residues along the RE axis...
     --------------------------------------------------------------------------------------------
     in progress... |#                   | 005% :             < 00.1s (E)             < 00.1s (X)
     in progress... |##                  | 010% :             < 00.1s (E)             < 00.1s (X)
     in progress... |###                 | 015% :             < 00.1s (E)             < 00.1s (X)
     in progress... |####                | 020% :             < 00.1s (E)             < 00.1s (X)
     in progress... |#####               | 025% :             < 00.1s (E)             < 00.1s (X)
     in progress... |######              | 030% :             < 00.1s (E)             < 00.1s (X)
     in progress... |#######             | 035% :             < 00.1s (E)             < 00.1s (X)
     in progress... |########            | 040% :             < 00.1s (E)             < 00.1s (X)
     in progress... |#########           | 045% :             < 00.1s (E)             < 00.1s (X)
     in progress... |##########          | 050% :             < 00.1s (E)             < 00.1s (X)
     in progress... |###########         | 055% :             < 00.1s (E)             < 00.1s (X)
     in progress... |############        | 060% :             < 00.1s (E)             < 00.1s (X)
     in progress... |#############       | 065% :             < 00.1s (E)             < 00.1s (X)
     in progress... |##############      | 070% :             < 00.1s (E)             < 00.1s (X)
     in progress... |###############     | 075% :             < 00.1s (E)             < 00.1s (X)
     in progress... |################    | 080% :             < 00.1s (E)             < 00.1s (X)
     in progress... |#################   | 085% :             < 00.1s (E)             < 00.1s (X)
     in progress... |##################  | 090% :             < 00.1s (E)             < 00.1s (X)
     in progress... |################### | 095% :             < 00.1s (E)             < 00.1s (X)
     in progress... |####################| 100% :             < 00.1s (E)             < 00.1s (X)
     --------------------------------------------------------------------------------------------

     --------------------------------------------------------------------------------------------
     Iter: 000000
     k(000001) = (   0.0000000   0.0000000   0.0000000) cryst. coord.
     band      QP en. [eV] conv
     000480      11.014165   no
     000481      11.139081   no
     000482      11.648320   no
     000483      11.648298   no
     000484      11.719201   no
     000485      11.747953   no
     000486      11.747957   no
     000487      11.769247   no
     000488      11.769246   no
     000489      11.772902   no
     000490      11.772907   no
     000491      11.786787   no
     000492      11.789472   no
     000493      11.789461   no
     000494      11.795492   no
     000495      11.796196   no
     000496      11.796215   no
     000497      12.203170   no
     000498      13.191685   no
     000499      13.191685   no
     000500      13.297574   no
     000501      14.488489   no
     000502      19.061602   no
     000503      19.128182   no
     000504      19.128183   no
     000505      19.182991   no
     000506      19.182986   no
     000507      19.285049   no
     000508      19.845694   no
     000509      19.898572   no
     000510      19.898576   no
     000511      19.920118   no
     000512      19.920110   no
     000513      20.006454   no
     000514      20.294770   no
     000515      20.325169   no
     000516      20.325205   no
     000517      20.355532   no
     000518      20.336218   no
     000519      20.404446   no
     000520      20.404428   no
     --------------------------------------------------------------------------------------------
       
     --------------------------------------------------------------------------------------------
     Sigma_C                                                             
     --------------------------------------------------------------------------------------------
     Integrating along the IM axis...
     --------------------------------------------------------------------------------------------
     in progress... |#                   | 005% :             < 00.1s (E)             < 00.1s (X)
     in progress... |##                  | 010% :             < 00.1s (E)             < 00.1s (X)
     in progress... |###                 | 015% :             < 00.1s (E)             < 00.1s (X)
     in progress... |####                | 020% :             < 00.1s (E)             < 00.1s (X)
     in progress... |#####               | 025% :             < 00.1s (E)             < 00.1s (X)
     in progress... |######              | 030% :             < 00.1s (E)             < 00.1s (X)
     in progress... |#######             | 035% :             < 00.1s (E)             < 00.1s (X)
     in progress... |########            | 040% :             < 00.1s (E)             < 00.1s (X)
     in progress... |#########           | 045% :             < 00.1s (E)             < 00.1s (X)
     in progress... |##########          | 050% :             < 00.1s (E)             < 00.1s (X)
     in progress... |###########         | 055% :             < 00.1s (E)             < 00.1s (X)
     in progress... |############        | 060% :             < 00.1s (E)             < 00.1s (X)
     in progress... |#############       | 065% :             < 00.1s (E)             < 00.1s (X)
     in progress... |##############      | 070% :             < 00.1s (E)             < 00.1s (X)
     in progress... |###############     | 075% :             < 00.1s (E)             < 00.1s (X)
     in progress... |################    | 080% :             < 00.1s (E)             < 00.1s (X)
     in progress... |#################   | 085% :             < 00.1s (E)             < 00.1s (X)
     in progress... |##################  | 090% :             < 00.1s (E)             < 00.1s (X)
     in progress... |################### | 095% :             < 00.1s (E)             < 00.1s (X)
     in progress... |####################| 100% :             < 00.1s (E)             < 00.1s (X)
     --------------------------------------------------------------------------------------------
     Residues along the RE axis...
     --------------------------------------------------------------------------------------------
     in progress... |#                   | 005% :             < 00.1s (E)             < 00.1s (X)
     in progress... |##                  | 010% :             < 00.1s (E)             < 00.1s (X)
     in progress... |###                 | 015% :             < 00.1s (E)             < 00.1s (X)
     in progress... |####                | 020% :             < 00.1s (E)             < 00.1s (X)
     in progress... |#####               | 025% :             < 00.1s (E)             < 00.1s (X)
     in progress... |######              | 030% :             < 00.1s (E)             < 00.1s (X)
     in progress... |#######             | 035% :             < 00.1s (E)             < 00.1s (X)
     in progress... |########            | 040% :             < 00.1s (E)             < 00.1s (X)
     in progress... |#########           | 045% :             < 00.1s (E)             < 00.1s (X)
     in progress... |##########          | 050% :             < 00.1s (E)             < 00.1s (X)
     in progress... |###########         | 055% :             < 00.1s (E)             < 00.1s (X)
     in progress... |############        | 060% :             < 00.1s (E)             < 00.1s (X)
     in progress... |#############       | 065% :             < 00.1s (E)             < 00.1s (X)
     in progress... |##############      | 070% :             < 00.1s (E)             < 00.1s (X)
     in progress... |###############     | 075% :             < 00.1s (E)             < 00.1s (X)
     in progress... |################    | 080% :             < 00.1s (E)             < 00.1s (X)
     in progress... |#################   | 085% :             < 00.1s (E)             < 00.1s (X)
     in progress... |##################  | 090% :             < 00.1s (E)             < 00.1s (X)
     in progress... |################### | 095% :             < 00.1s (E)             < 00.1s (X)
     in progress... |####################| 100% :             < 00.1s (E)             < 00.1s (X)
     --------------------------------------------------------------------------------------------
       
     --------------------------------------------------------------------------------------------
     CONVERGENCE ACHIEVED !!!                                            
     --------------------------------------------------------------------------------------------

     --------------------------------------------------------------------------------------------
     k(000001) = (   0.0000000   0.0000000   0.0000000) cryst. coord.
     band      QP en. [eV] conv
     000480      11.016920  yes
     000481      11.189054  yes
     000482      11.650557  yes
     000483      11.650534  yes
     000484      11.711501  yes
     000485      11.750134  yes
     000486      11.750138  yes
     000487      11.771448  yes
     000488      11.771446  yes
     000489      11.774799  yes
     000490      11.774803  yes
     000491      11.789023  yes
     000492      11.791707  yes
     000493      11.791695  yes
     000494      11.797724  yes
     000495      11.798417  yes
     000496      11.798437  yes
     000497      12.208109  yes
     000498      13.193199  yes
     000499      13.193199  yes
     000500      13.299097  yes
     000501      14.490524  yes
     000502      19.057622  yes
     000503      19.124204  yes
     000504      19.124205  yes
     000505      19.179015  yes
     000506      19.179010  yes
     000507      19.281090  yes
     000508      19.839870  yes
     000509      19.892573  yes
     000510      19.892577  yes
     000511      19.914307  yes
     000512      19.914300  yes
     000513      20.000478  yes
     000514      20.289511  yes
     000515      20.320399  yes
     000516      20.320436  yes
     000517      20.350745  yes
     000518      20.331099  yes
     000519      20.399485  yes
     000520      20.399467  yes
     --------------------------------------------------------------------------------------------
      
     --------------------------------------------------------------------------------------------
     SAVE written in < 00.1s             
     In location : ./n2.wfreq.save
     --------------------------------------------------------------------------------------------
     WFREQ        :     8h 8m CPU        8h22m WALL

     wfreq_readin :      2.60s CPU     28.91s WALL (       1 calls)
     fetch_input  :      0.01s CPU      0.02s WALL (       2 calls)
     read_xml     :      0.80s CPU      1.46s WALL (       1 calls)
     init_vloc    :      0.39s CPU      0.39s WALL (       2 calls)
     fft          :      2.50s CPU      2.91s WALL (    1330 calls)
     fft_scatter  :    480.75s CPU    485.95s WALL ( 2669647 calls)
     v_of_rho     :      0.05s CPU      0.05s WALL (       1 calls)
     v_xc         :      0.09s CPU      0.10s WALL (       2 calls)
     v_h          :      0.00s CPU      0.00s WALL (       1 calls)
     read_wave    :      1.68s CPU     27.15s WALL (       1 calls)
     davcio       :      0.93s CPU    119.42s WALL (      86 calls)
     init_us_1    :      0.13s CPU      0.14s WALL (       2 calls)
     do_setup     :      0.91s CPU     17.85s WALL (       1 calls)
     init_pw_ar   :      0.32s CPU     17.24s WALL (       1 calls)
     init_at_1    :      0.00s CPU      0.00s WALL (       1 calls)
     solve_hf     :     22.77s CPU     99.02s WALL (       1 calls)
     sigmavxc     :      0.03s CPU      0.06s WALL (       1 calls)
     init_us_2    :      1.54s CPU      1.81s WALL (      44 calls)
     fftw         :   2429.34s CPU   2448.94s WALL ( 2668317 calls)
     sigmax       :     22.67s CPU     98.86s WALL (       1 calls)
     sqvc_init    :      0.08s CPU      0.08s WALL (      83 calls)
     wlanczos     :  26017.13s CPU  26518.24s WALL (       1 calls)
     commutator_H :    392.82s CPU    692.83s WALL (    1503 calls)
     stres_us31   :      0.13s CPU      0.13s WALL (    1503 calls)
     stres_us32   :      0.27s CPU      0.27s WALL (    1503 calls)
     stres_us33   :      0.96s CPU      0.99s WALL (    1503 calls)
     stres_us34   :     60.90s CPU     61.44s WALL (    1503 calls)
     calbec       :   3887.21s CPU   3904.31s WALL (   38664 calls)
     alphapc      :   1948.74s CPU   1956.65s WALL (   17804 calls)
     linstern     :   2667.87s CPU   2678.44s WALL (     501 calls)
     stern        :   2660.95s CPU   2671.44s WALL (   19398 calls)
     h_psi_bgrp   :  10456.09s CPU  10505.11s WALL (   35658 calls)
     h_psi        :  10455.85s CPU  10505.01s WALL (   35658 calls)
     h_psi:pot    :  10417.88s CPU  10466.48s WALL (   35658 calls)
     vloc_psi     :   2574.35s CPU   2594.90s WALL (   35658 calls)
     h_psi:calbec :   3828.16s CPU   3842.85s WALL (   35658 calls)
     add_vuspsi   :   4014.85s CPU   4028.42s WALL (   35658 calls)
     alphapv      :    511.94s CPU    514.10s WALL (   19398 calls)
     lan_H        :  11049.29s CPU  11103.87s WALL (     542 calls)
     brak         :  12597.87s CPU  12675.45s WALL (     542 calls)
     chi0_diag    :     30.68s CPU     30.95s WALL (       1 calls)
     glanczos     :   1905.20s CPU   1962.62s WALL (       1 calls)
     solve_qp     :   1310.12s CPU   1442.58s WALL (       1 calls)
     coll_gw      :   1309.92s CPU   1442.30s WALL (       1 calls)
     sigmac_i     :      0.11s CPU      0.12s WALL (       3 calls)
     sigmac_r     :      0.02s CPU      0.02s WALL (       3 calls)
     wfreq_db     :      0.02s CPU      0.03s WALL (       1 calls)
 
     WFREQ        :     8h 8m CPU        8h22m WALL

 
   This run was terminated on:  17:39:50  26Jan2021            

=------------------------------------------------------------------------------=
   JOB DONE.
=------------------------------------------------------------------------------=
