
     Program WSTAT v. 3.1.1 starts on 17Nov2020 at  9:42:35 

     This program is part of the open-source West suite
     for massively parallel calculations of excited states in materials; please cite
         "M. Govoni et al., J. Chem. Theory Comput. 11, 2680 (2015);
          URL http://www.west-code.org", 
     in publications or presentations arising from this work.

     Based on the Quantum ESPRESSO v. 6.1 svn rev. 13369

     I/O is Little Endian
       
     --------------------------------------------------------------------------------------------
     **MPI** Parallelization Status                                      
     --------------------------------------------------------------------------------------------
                   140                   5             1             1            28
     --------------------------------------------------------------------------------------------
                     N         =         I      X      P      X      B      X      Z
                     ^                   ^             ^             ^             ^
                     |                   |             |             |             |
                   #rnk                  |             |             |             |
                                      #image           |             |             |
                                                     #pool           |             |
                                                                   #bgrp           |
                                                                                 #R&G
     --------------------------------------------------------------------------------------------
     **OPENMP** Parallelization Status
     #thr/rnk               =            1
     --------------------------------------------------------------------------------------------
     #prc = (rnk) * (thr) =          140
     --------------------------------------------------------------------------------------------
       
     --------------------------------------------------------------------------------------------
     I/O Summary : input_west                                            
     --------------------------------------------------------------------------------------------
     qe_prefix      = n2
     west_prefix    = n2
     outdir         = ./
     --------------------------------------------------------------------------------------------

     Reading data from directory:
     ./n2.save

   Info: using nr1, nr2, nr3 values from input

   Info: using nr1, nr2, nr3 values from input

     IMPORTANT: XC functional enforced from input :
     Exchange-correlation      = PBE ( 1  4  3  4 0 0)
     Any further DFT definition will be discarded
     Please, verify this is what you really want

     Message from routine readpp:
     file ./n2.save/C_ONCV_PBE-1.0.upf not found
     Message from routine readpp:
     file ./n2.save/N_ONCV_PBE-1.0.upf not found
 
     Parallelization info
     --------------------
     sticks:   dense  smooth     PW     G-vecs:    dense   smooth      PW
     Min         274     274     68                15859    15859    1981
     Max         275     275     69                15863    15863    1984
     Sum        7685    7685   1917               444093   444093   55507
 
       
     --------------------------------------------------------------------------------------------
     I/O Summary : wstat_control                                         
     --------------------------------------------------------------------------------------------
     wstat_calculation              =              S
     n_pdep_eigen                   =           1200
     n_pdep_times                   =              4
     n_pdep_maxiter                 =            100
     n_dfpt_maxiter                 =            250
     n_pdep_read_from_file          =              0
     trev_pdep                      =   1.000000E-03
     trev_pdep_rel                  =   1.000000E-01
     tr2_dfpt                       =   1.000000E-12
     l_kinetic_only                 =              F
     l_minimize_exx_if_active       =              F
     l_use_ecutrho                  =              F
     l_use_symm                     =              F
     nq(1)                          =              1
     nq(2)                          =              1
     nq(3)                          =              1
     --------------------------------------------------------------------------------------------
       
     --------------------------------------------------------------------------------------------
     System Overview                                                     
     --------------------------------------------------------------------------------------------
     gamma_only           =              F
     ecutwfc [Ry]         =      50.000000
     ecutrho [Ry]         =     200.000000
     omega [au^3]         =   9.301889E+03
     nbnd                 =            600
     nkstot               =              1
     nspin                =              1
     nelec                =    1002.000000
     npol                 =              1
     lsda                 =              F
     noncolin             =              F
     lspinorb             =              F
     domag                =              F
     --------------------------------------------------------------------------------------------

     3DFFT grid
        s : ( 108, 108, 108)
        p : ( 108, 108, 108)

     Direct Lattice Cell [a.u.]
        a1 = (   -16.7093442     0.0342430    16.7093442)
        a2 = (    -0.0342429    16.7093442    16.7093442)
        a3 = (   -16.7093442    16.7093442     0.0342429)

     Reciprocal Lattice Cell [a.u.]
        b1 = (    -0.1882074    -0.1885931     0.1882074)
        b2 = (     0.1885931     0.1882074     0.1882074)
        b3 = (    -0.1882074     0.1882074    -0.1885931)
      

     Brillouin Zone sampling [cryst. coord.]
 
        k(000001) = (     0.0000000     0.0000000     0.0000000)
 
        q(000001) = (     0.0000000     0.0000000     0.0000000)
     ===========================================================================
     Symmetries disabled, nq =    1
          Q-point IBZ [ cart coord ]
          xq(00000001) = (  0.000000  0.000000  0.000000) wq =   1.000000
     ===========================================================================
       
     --------------------------------------------------------------------------------------------
     Parallelization for nvecx                                           
     --------------------------------------------------------------------------------------------
     nglob                =           4800
     nlevel               =              5
     Min nglob/nlevel     =            960
     Max nglob/nlevel     =            960
     --------------------------------------------------------------------------------------------

     [MEM] ----------------------------------------------------------
     [MEM] **Memory** analysis: QE
     [MEM] ----------------------------------------------------------
     [MEM] Allocated arrays           est. size (Mb)     dimensions
     [MEM] ----------------------------------------------------------
     [MEM] Kohn-Sham Wavefunctions      18.15 Mb     (   1982,  600)
     [MEM] NL pseudopotentials          60.49 Mb     (   1982, 2000)
     [MEM] Each V/rho on FFT grid        0.71 Mb     (  46656)
     [MEM] Each G-vector array           0.12 Mb     (  15863)
     [MEM] G-vector shells               0.12 Mb     (  15705)
     [MEM] ----------------------------------------------------------
     [MEM] TOT                          79.58 Mb
     [MEM] ----------------------------------------------------------
     [MEM] 
     [MEM] ----------------------------------------------------------
     [MEM] **Memory** analysis: WSTAT global
     [MEM] ----------------------------------------------------------
     [MEM] Allocated arrays           est. size (Mb)     dimensions
     [MEM] ----------------------------------------------------------
     [MEM] dvg                          29.03 Mb     (   1982,  960)
     [MEM] dng                          29.03 Mb     (   1982,  960)
     [MEM] hr_distr                     70.31 Mb     (   4800,  960)
     [MEM] vr_distr                     70.31 Mb     (   4800,  960)
     [MEM] ----------------------------------------------------------
     [MEM] TOT                         198.69 Mb
     [MEM] ----------------------------------------------------------
     [MEM] 
     [MEM] ----------------------------------------------------------
     [MEM] **Memory** analysis: WSTAT temporary
     [MEM] ----------------------------------------------------------
     [MEM] Allocated arrays           est. size (Mb)     dimensions
     [MEM] ----------------------------------------------------------
     [MEM] dvpsi                        15.15 Mb     (   1982,  501)
     [MEM] dpsi                         15.15 Mb     (   1982,  501)
     [MEM] ----------------------------------------------------------
     [MEM] Total estimate               30.30 Mb
     [MEM] ----------------------------------------------------------
 
     Divergence =   2.359772E-01

                       *----------*              *----------*               *----------*
     #     Iteration = | starting |   DFPT_dim = |     1200 |   Diago_dim = |     1200 |  x 1/2
                       *----------*              *----------*               *----------*
     per-process dynamical memory   400.5 Mb
  
       
     --------------------------------------------------------------------------------------------
     Sternheimer eq. solver... with lite-solver                          
     --------------------------------------------------------------------------------------------
     in progress... |#                   | 005% :               22.5s (E)           07m-30.9s (X)
     in progress... |##                  | 010% :               44.6s (E)           07m-26.9s (X)
     in progress... |###                 | 015% :           01m-06.7s (E)           07m-24.8s (X)
     in progress... |####                | 020% :           01m-28.7s (E)           07m-23.5s (X)
     in progress... |#####               | 025% :           01m-50.7s (E)           07m-22.8s (X)
     in progress... |######              | 030% :           02m-12.7s (E)           07m-22.3s (X)
     in progress... |#######             | 035% :           02m-34.6s (E)           07m-21.9s (X)
     in progress... |########            | 040% :           02m-56.6s (E)           07m-21.6s (X)
     in progress... |#########           | 045% :           03m-18.6s (E)           07m-21.5s (X)
     in progress... |##########          | 050% :           03m-40.6s (E)           07m-21.3s (X)
     in progress... |###########         | 055% :           04m-02.6s (E)           07m-21.1s (X)
     in progress... |############        | 060% :           04m-24.6s (E)           07m-21.0s (X)
     in progress... |#############       | 065% :           04m-46.6s (E)           07m-20.9s (X)
     in progress... |##############      | 070% :           05m-08.5s (E)           07m-20.8s (X)
     in progress... |###############     | 075% :           05m-30.5s (E)           07m-20.7s (X)
     in progress... |################    | 080% :           05m-52.6s (E)           07m-20.8s (X)
     in progress... |#################   | 085% :           06m-14.6s (E)           07m-20.7s (X)
     in progress... |##################  | 090% :           06m-36.5s (E)           07m-20.6s (X)
     in progress... |################### | 095% :           06m-58.5s (E)           07m-20.5s (X)
     in progress... |####################| 100% :           07m-20.5s (E)           07m-20.5s (X)
     --------------------------------------------------------------------------------------------

     [I/O] -------------------------------------------------------
     [I/O] RESTART written in < 00.1s             
     [I/O] In location   : ./n2.wstat.restart
     [I/O] -------------------------------------------------------

                       *----------*              *----------*               *----------*
     #     Iteration = | starting |   DFPT_dim = |     1200 |   Diago_dim = |     1200 |  x 2/2
                       *----------*              *----------*               *----------*
     per-process dynamical memory   419.1 Mb
  
       
     --------------------------------------------------------------------------------------------
     Sternheimer eq. solver... with threshold =   1.000000E-06           
     --------------------------------------------------------------------------------------------
     in progress... |#                   | 005% :           08m-30.2s (E)       02h-50m-04.0s (X)
     in progress... |##                  | 010% :           16m-59.9s (E)       02h-49m-59.0s (X)
     in progress... |###                 | 015% :           25m-31.2s (E)       02h-50m-08.2s (X)
     in progress... |####                | 020% :           34m-00.8s (E)       02h-50m-04.1s (X)
     in progress... |#####               | 025% :           42m-27.2s (E)       02h-49m-49.1s (X)
     in progress... |######              | 030% :           50m-51.7s (E)       02h-49m-32.5s (X)
     in progress... |#######             | 035% :           59m-14.9s (E)       02h-49m-16.9s (X)
     in progress... |########            | 040% :       01h-07m-36.7s (E)       02h-49m-01.8s (X)
     in progress... |#########           | 045% :       01h-15m-57.2s (E)       02h-48m-47.1s (X)
     in progress... |##########          | 050% :       01h-24m-16.4s (E)       02h-48m-32.8s (X)
     in progress... |###########         | 055% :       01h-32m-36.0s (E)       02h-48m-21.8s (X)
     in progress... |############        | 060% :       01h-40m-52.4s (E)       02h-48m-07.3s (X)
     in progress... |#############       | 065% :       01h-49m-07.8s (E)       02h-47m-53.6s (X)
     in progress... |##############      | 070% :       01h-57m-22.4s (E)       02h-47m-40.5s (X)
     in progress... |###############     | 075% :       02h-05m-35.7s (E)       02h-47m-27.7s (X)
     in progress... |################    | 080% :       02h-13m-48.2s (E)       02h-47m-15.2s (X)
     in progress... |#################   | 085% :       02h-22m-00.5s (E)       02h-47m-04.1s (X)
     in progress... |##################  | 090% :       02h-30m-13.4s (E)       02h-46m-54.9s (X)
     in progress... |################### | 095% :       02h-38m-24.4s (E)       02h-46m-44.7s (X)
     in progress... |####################| 100% :       02h-46m-34.2s (E)       02h-46m-34.2s (X)
     --------------------------------------------------------------------------------------------
     p-DIAGOX done in 03.0s with a SCALAPACK grid (11x11)
     --------------------------------------------------------------------------------------------
        
       -3.79890  -3.72883  -3.71911  -3.71771  -3.71412  -3.71167  -3.71060  -3.68829  -3.63791
       -3.62572  -3.62455  -3.61975  -3.61872  -3.59356  -2.91908  -2.84368  -2.84240  -2.84167
       -2.84103  -2.83886  -2.83130  -2.83033  -2.82911  -2.82829  -2.82711  -2.81685  -2.62850
       -2.56237  -2.56093  -2.56006  -2.55807  -2.55724  -2.55576  -2.55482  -2.55304  -2.55171
       -2.55098  -2.54991  -2.54911  -2.54888  -2.54738  -2.54675  -2.54537  -2.54480  -2.54406
       -2.54252  -2.54100  -2.53877  -2.53745  -2.52833  -2.43078  -2.42629  -2.42390  -2.41955
       -2.41733  -2.41573  -2.41091  -2.40861  -2.23325  -2.22959  -2.22534  -2.22372  -2.21747
       -2.21532  -2.10559  -2.09953  -2.05053  -2.04839  -2.04724  -2.04609  -2.04250  -2.04173
       -2.03999  -2.03967  -2.03719  -2.03601  -2.03452  -2.03316  -2.03076  -2.03026  -2.02886
       -2.02726  -2.02598  -2.02444  -2.02232  -2.02102  -2.01902  -2.01532  -2.01436  -2.00438
       -2.00350  -2.00116  -2.00007  -1.99919  -1.99878  -1.99788  -1.99598  -1.99541  -1.99380
       -1.99335  -1.99221  -1.99134  -1.99027  -1.98857  -1.98742  -1.98652  -1.98405  -1.98240
       -1.98137  -1.97947  -1.97746  -1.97478  -1.91291  -1.89880  -1.89544  -1.89273  -1.89196
       -1.88847  -1.88585  -1.88292  -1.88179  -1.87991  -1.87789  -1.87507  -1.85001  -1.83508
       -1.81421  -1.80656  -1.80516  -1.80396  -1.80239  -1.80168  -1.80118  -1.79977  -1.79863
       -1.79816  -1.79614  -1.79535  -1.79426  -1.79329  -1.79279  -1.79191  -1.79082  -1.79000
       -1.78953  -1.78853  -1.78741  -1.78627  -1.78549  -1.78457  -1.78377  -1.78268  -1.78162
       -1.78016  -1.77951  -1.77908  -1.77862  -1.77787  -1.77687  -1.77641  -1.77479  -1.77394
       -1.77268  -1.77185  -1.77123  -1.76946  -1.76873  -1.76745  -1.76693  -1.76682  -1.76501
       -1.76448  -1.76311  -1.76208  -1.76114  -1.75942  -1.75833  -1.75782  -1.75643  -1.75447
       -1.75173  -1.75072  -1.74792  -1.74677  -1.74440  -1.74095  -1.73981  -1.73847  -1.73563
       -1.73366  -1.73172  -1.73047  -1.72580  -1.72459  -1.72319  -1.72014  -1.71828  -1.71688
       -1.71437  -1.71316  -1.71082  -1.70967  -1.70768  -1.70632  -1.70394  -1.70234  -1.70081
       -1.69836  -1.69766  -1.69640  -1.69250  -1.69093  -1.69017  -1.68626  -1.68435  -1.68272
       -1.68048  -1.67970  -1.67779  -1.67623  -1.67548  -1.67228  -1.67109  -1.66947  -1.66468
       -1.66287  -1.66205  -1.65832  -1.65570  -1.65285  -1.65173  -1.64888  -1.64454  -1.64232
       -1.64008  -1.63474  -1.63233  -1.62544  -1.62371  -1.61566  -1.61388  -1.59387  -1.58760
       -1.58479  -1.57983  -1.57877  -1.57326  -1.56728  -1.56156  -1.17756  -1.14071  -1.14007
       -1.13779  -1.13563  -1.13454  -1.13313  -1.13118  -1.12972  -1.12915  -1.12820  -1.12674
       -1.12474  -1.12360  -1.12261  -1.12080  -1.11983  -1.11802  -1.11642  -1.11531  -1.11286
       -1.11123  -1.11012  -1.10821  -1.09565  -1.09159  -1.08730  -1.08670  -1.08591  -1.08525
       -1.08478  -1.08437  -1.08357  -1.08292  -1.08174  -1.08143  -1.08093  -1.07999  -1.07883
       -1.07802  -1.07746  -1.07626  -1.07593  -1.07551  -1.07417  -1.07347  -1.07331  -1.07142
       -1.07112  -1.06980  -1.06910  -1.06825  -1.06767  -1.06547  -1.06467  -1.06336  -1.06207
       -1.06127  -1.05427  -1.05235  -1.01429  -1.00893  -1.00662  -1.00427  -1.00049  -0.99808
       -0.99551  -0.98686  -0.96008  -0.95332  -0.95060  -0.94863  -0.94670  -0.94547  -0.94461
       -0.94328  -0.94219  -0.94006  -0.93899  -0.93812  -0.93614  -0.93521  -0.93450  -0.93240
       -0.93024  -0.92925  -0.92710  -0.92542  -0.92223  -0.92155  -0.91816  -0.91644  -0.89564
       -0.89376  -0.89183  -0.88924  -0.88726  -0.88550  -0.88392  -0.88234  -0.88021  -0.87866
       -0.87673  -0.87570  -0.87440  -0.87393  -0.87241  -0.87168  -0.87065  -0.86981  -0.86942
       -0.86805  -0.86639  -0.86533  -0.86480  -0.86381  -0.86272  -0.86215  -0.86045  -0.85960
       -0.85729  -0.85638  -0.85542  -0.85341  -0.85033  -0.84952  -0.84790  -0.84650  -0.80344
       -0.80120  -0.79617  -0.79056  -0.78946  -0.78462  -0.77947  -0.77527  -0.77279  -0.77098
       -0.76973  -0.76817  -0.76709  -0.76628  -0.76527  -0.76480  -0.76333  -0.76198  -0.76102
       -0.76036  -0.75846  -0.75749  -0.75715  -0.75620  -0.75477  -0.75366  -0.75300  -0.75225
       -0.75062  -0.74939  -0.74900  -0.74779  -0.74565  -0.74411  -0.74346  -0.74245  -0.74173
       -0.73961  -0.73878  -0.73771  -0.73526  -0.73223  -0.72620  -0.72327  -0.71884  -0.71795
       -0.71597  -0.71456  -0.71258  -0.71217  -0.71016  -0.70904  -0.70848  -0.70633  -0.70484
       -0.70342  -0.70214  -0.70106  -0.70036  -0.69899  -0.69747  -0.69691  -0.69623  -0.69533
       -0.69415  -0.69353  -0.69248  -0.69204  -0.69137  -0.69004  -0.68955  -0.68928  -0.68811
       -0.68718  -0.68646  -0.68591  -0.68461  -0.68382  -0.68288  -0.68225  -0.68110  -0.68083
       -0.68001  -0.67968  -0.67929  -0.67780  -0.67662  -0.67618  -0.67532  -0.67492  -0.67470
       -0.67345  -0.67310  -0.67194  -0.67124  -0.67061  -0.67002  -0.66911  -0.66803  -0.66749
       -0.66680  -0.66585  -0.66502  -0.66431  -0.66367  -0.66260  -0.66189  -0.66156  -0.66035
       -0.65955  -0.65927  -0.65888  -0.65819  -0.65673  -0.65662  -0.65549  -0.65492  -0.65385
       -0.65358  -0.65302  -0.65203  -0.65130  -0.65070  -0.64938  -0.64884  -0.64769  -0.64691
       -0.64661  -0.64541  -0.64379  -0.64328  -0.64256  -0.64142  -0.64078  -0.64019  -0.63856
       -0.63761  -0.63723  -0.63589  -0.63563  -0.63499  -0.63380  -0.63303  -0.63242  -0.63106
       -0.63025  -0.62962  -0.62892  -0.62755  -0.62629  -0.62515  -0.62478  -0.62368  -0.62282
       -0.62210  -0.62156  -0.61926  -0.61877  -0.61791  -0.61713  -0.61615  -0.61492  -0.61451
       -0.61324  -0.61278  -0.61222  -0.61087  -0.61012  -0.60846  -0.60696  -0.60579  -0.60557
       -0.60405  -0.60258  -0.60207  -0.60111  -0.59922  -0.59809  -0.59675  -0.59526  -0.59450
       -0.59391  -0.59181  -0.59095  -0.59015  -0.58937  -0.58861  -0.58736  -0.58655  -0.58585
       -0.58469  -0.58412  -0.58334  -0.58279  -0.58180  -0.58082  -0.57954  -0.57805  -0.57781
       -0.57689  -0.57652  -0.57536  -0.57492  -0.57443  -0.57276  -0.57192  -0.57108  -0.57080
       -0.57011  -0.56934  -0.56822  -0.56741  -0.56657  -0.56637  -0.56493  -0.56441  -0.56392
       -0.56284  -0.56177  -0.56095  -0.56063  -0.56002  -0.55861  -0.55828  -0.55688  -0.55630
       -0.55534  -0.55481  -0.55350  -0.55311  -0.55265  -0.55135  -0.55079  -0.55026  -0.54928
       -0.54837  -0.54798  -0.54718  -0.54617  -0.54557  -0.54496  -0.54395  -0.54326  -0.54261
       -0.54191  -0.54033  -0.54005  -0.53920  -0.53797  -0.53686  -0.53640  -0.53568  -0.53404
       -0.53327  -0.53300  -0.53242  -0.53144  -0.53101  -0.53037  -0.52881  -0.52823  -0.52778
       -0.52646  -0.52530  -0.52419  -0.52369  -0.52339  -0.52234  -0.52149  -0.52104  -0.52018
       -0.51956  -0.51848  -0.51791  -0.51642  -0.51551  -0.51468  -0.51380  -0.51268  -0.51214
       -0.51147  -0.51056  -0.50898  -0.50837  -0.50806  -0.50630  -0.50598  -0.50503  -0.50453
       -0.50361  -0.50299  -0.50217  -0.50178  -0.50075  -0.49982  -0.49854  -0.49783  -0.49647
       -0.49560  -0.49462  -0.49348  -0.49221  -0.49132  -0.49034  -0.48969  -0.48908  -0.48853
       -0.48736  -0.48644  -0.48520  -0.48433  -0.48363  -0.48270  -0.48195  -0.48107  -0.48064
       -0.47980  -0.47887  -0.47805  -0.47684  -0.47653  -0.47557  -0.47458  -0.47377  -0.47323
       -0.47257  -0.47121  -0.47042  -0.46955  -0.46890  -0.46810  -0.46685  -0.46642  -0.46561
       -0.46501  -0.46427  -0.46319  -0.46277  -0.46173  -0.46105  -0.45999  -0.45897  -0.45877
       -0.45767  -0.45708  -0.45660  -0.45634  -0.45481  -0.45387  -0.45296  -0.45240  -0.45141
       -0.45100  -0.45010  -0.44945  -0.44887  -0.44790  -0.44712  -0.44674  -0.44605  -0.44561
       -0.44415  -0.44367  -0.44312  -0.44228  -0.44165  -0.44065  -0.43986  -0.43961  -0.43923
       -0.43776  -0.43694  -0.43636  -0.43607  -0.43519  -0.43421  -0.43331  -0.43292  -0.43259
       -0.43170  -0.43082  -0.43060  -0.42949  -0.42910  -0.42814  -0.42764  -0.42699  -0.42590
       -0.42525  -0.42482  -0.42443  -0.42333  -0.42292  -0.42267  -0.42129  -0.42080  -0.41979
       -0.41950  -0.41903  -0.41824  -0.41802  -0.41729  -0.41603  -0.41553  -0.41485  -0.41417
       -0.41388  -0.41313  -0.41241  -0.41190  -0.41068  -0.41024  -0.40956  -0.40906  -0.40893
       -0.40778  -0.40727  -0.40646  -0.40563  -0.40486  -0.40440  -0.40369  -0.40333  -0.40265
       -0.40178  -0.40165  -0.40064  -0.39996  -0.39964  -0.39890  -0.39837  -0.39753  -0.39720
       -0.39662  -0.39564  -0.39511  -0.39479  -0.39399  -0.39359  -0.39294  -0.39220  -0.39175
       -0.39131  -0.39028  -0.38971  -0.38910  -0.38847  -0.38788  -0.38725  -0.38627  -0.38622
       -0.38565  -0.38520  -0.38435  -0.38385  -0.38331  -0.38256  -0.38224  -0.38134  -0.38080
       -0.38010  -0.37941  -0.37913  -0.37858  -0.37789  -0.37720  -0.37687  -0.37592  -0.37555
       -0.37490  -0.37430  -0.37383  -0.37329  -0.37256  -0.37219  -0.37157  -0.37084  -0.37011
       -0.36920  -0.36905  -0.36827  -0.36755  -0.36657  -0.36603  -0.36538  -0.36505  -0.36455
       -0.36378  -0.36284  -0.36259  -0.36211  -0.36130  -0.36031  -0.36009  -0.35931  -0.35880
       -0.35774  -0.35687  -0.35667  -0.35602  -0.35584  -0.35501  -0.35426  -0.35361  -0.35314
       -0.35240  -0.35198  -0.35172  -0.35105  -0.35066  -0.35020  -0.34931  -0.34895  -0.34835
       -0.34766  -0.34741  -0.34653  -0.34603  -0.34536  -0.34455  -0.34427  -0.34353  -0.34319
       -0.34262  -0.34185  -0.34179  -0.34107  -0.34058  -0.33941  -0.33931  -0.33870  -0.33835
       -0.33806  -0.33698  -0.33659  -0.33614  -0.33535  -0.33473  -0.33403  -0.33356  -0.33301
       -0.33251  -0.33192  -0.33144  -0.33111  -0.33054  -0.32994  -0.32953  -0.32910  -0.32805
       -0.32774  -0.32769  -0.32735  -0.32627  -0.32599  -0.32509  -0.32479  -0.32468  -0.32353
       -0.32266  -0.32233  -0.32207  -0.32163  -0.32092  -0.32062  -0.32019  -0.31969  -0.31937
       -0.31885  -0.31857  -0.31788  -0.31729  -0.31663  -0.31622  -0.31552  -0.31515  -0.31483
       -0.31424  -0.31381  -0.31297  -0.31269  -0.31236  -0.31182  -0.31107  -0.31047  -0.31034
       -0.30974  -0.30941  -0.30879  -0.30845  -0.30793  -0.30746  -0.30714  -0.30655  -0.30586
       -0.30549  -0.30511  -0.30484  -0.30390  -0.30371  -0.30327  -0.30280  -0.30198  -0.30175
       -0.30141  -0.30102  -0.30055  -0.30019  -0.29971  -0.29945  -0.29890  -0.29841  -0.29803
       -0.29753  -0.29739  -0.29674  -0.29634  -0.29580  -0.29534  -0.29490  -0.29437  -0.29424
       -0.29401  -0.29346  -0.29292  -0.29252  -0.29198  -0.29179  -0.29137  -0.29108  -0.29073
       -0.29017  -0.28970  -0.28948  -0.28886  -0.28858  -0.28785  -0.28752  -0.28677  -0.28637
       -0.28588  -0.28569  -0.28546  -0.28502  -0.28433  -0.28395  -0.28369  -0.28336  -0.28290
       -0.28245  -0.28214  -0.28151  -0.28139  -0.28095  -0.28052  -0.28030  -0.27969  -0.27901
       -0.27888  -0.27844  -0.27811  -0.27716  -0.27682  -0.27671  -0.27640  -0.27575  -0.27524
       -0.27519  -0.27474  -0.27431  -0.27393  -0.27365  -0.27312  -0.27262  -0.27222  -0.27213
       -0.27175  -0.27117  -0.27073  -0.27027  -0.26990  -0.26951  -0.26894  -0.26874  -0.26812
       -0.26769  -0.26739  -0.26703  -0.26673  -0.26626  -0.26574  -0.26547  -0.26512  -0.26479
       -0.26430  -0.26400  -0.26366  -0.26316  -0.26284  -0.26243  -0.26198  -0.26173  -0.26117
       -0.26077  -0.26023  -0.25966  -0.25929  -0.25874  -0.25846  -0.25823  -0.25798  -0.25735
       -0.25716  -0.25677  -0.25646  -0.25608  -0.25600  -0.25551  -0.25484  -0.25426  -0.25411
       -0.25358  -0.25310  -0.25294  -0.25223  -0.25211  -0.25181  -0.25119  -0.25058  -0.24988
       -0.24964  -0.24927  -0.24883  -0.24830  -0.24801  -0.24782  -0.24732  -0.24687  -0.24626
       -0.24596  -0.24562  -0.24505  -0.24466  -0.24428  -0.24419  -0.24347  -0.24324  -0.24273
       -0.24233  -0.24214  -0.24171  -0.24147  -0.24052  -0.24023  -0.24011  -0.23952  -0.23885
       -0.23834  -0.23821  -0.23771  -0.23728  -0.23664  -0.23644  -0.23595  -0.23562  -0.23520
       -0.23473  -0.23409  -0.23378  -0.23337  -0.23282  -0.23248  -0.23214  -0.23169  -0.23112
       -0.23071  -0.23033  -0.23014  -0.22958  -0.22907  -0.22865  -0.22803  -0.22725  -0.22687
       -0.22643  -0.22616  -0.22588  -0.22528  -0.22496  -0.22432  -0.22376  -0.22341  -0.22287
       -0.22187  -0.22163  -0.22149  -0.22071  -0.21996  -0.21920  -0.21888  -0.21859  -0.21777
       -0.21721  -0.21688  -0.21657  -0.21619  -0.21517  -0.21450  -0.21366  -0.21330  -0.21294
       -0.21227  -0.21147  -0.21134  -0.21076  -0.20982  -0.20840  -0.20762  -0.20695  -0.20586
       -0.20520  -0.20353  -0.20260
        
     --------------------------------------------------------------------------------------------
     Tot. elapsed time 02h-56m-29.7s,  time spent in last iteration 02h-56m-29.7s
     --------------------------------------------------------------------------------------------

     [I/O] -------------------------------------------------------
     [I/O] RESTART written in < 00.1s             
     [I/O] In location   : ./n2.wstat.restart
     [I/O] -------------------------------------------------------

                       *----------*              *----------*               *----------*
     #     Iteration = |        1 |   DFPT_dim = |     1200 |   Diago_dim = |     2400 |
                       *----------*              *----------*               *----------*
     per-process dynamical memory   536.6 Mb
  
       
     --------------------------------------------------------------------------------------------
     Sternheimer eq. solver... with threshold =   1.000000E-12           
     --------------------------------------------------------------------------------------------
     in progress... |#                   | 005% :           15m-27.8s (E)       05h-09m-16.6s (X)
     in progress... |##                  | 010% :           30m-56.9s (E)       05h-09m-29.4s (X)
     in progress... |###                 | 015% :           46m-28.4s (E)       05h-09m-49.6s (X)
     in progress... |####                | 020% :       01h-01m-59.9s (E)       05h-09m-59.6s (X)
     in progress... |#####               | 025% :       01h-17m-25.6s (E)       05h-09m-42.4s (X)
     in progress... |######              | 030% :       01h-32m-49.2s (E)       05h-09m-24.2s (X)
     in progress... |#######             | 035% :       01h-48m-13.4s (E)       05h-09m-12.7s (X)
     in progress... |########            | 040% :       02h-03m-35.6s (E)       05h-08m-59.1s (X)
     in progress... |#########           | 045% :       02h-18m-59.0s (E)       05h-08m-51.2s (X)
     in progress... |##########          | 050% :       02h-34m-21.0s (E)       05h-08m-42.0s (X)
     in progress... |###########         | 055% :       02h-49m-43.9s (E)       05h-08m-36.2s (X)
     in progress... |############        | 060% :       03h-05m-05.1s (E)       05h-08m-28.6s (X)
     in progress... |#############       | 065% :       03h-20m-26.8s (E)       05h-08m-22.8s (X)
     in progress... |##############      | 070% :       03h-35m-48.6s (E)       05h-08m-18.0s (X)
     in progress... |###############     | 075% :       03h-51m-12.0s (E)       05h-08m-16.0s (X)
     in progress... |################    | 080% :       04h-06m-32.1s (E)       05h-08m-10.2s (X)
     in progress... |#################   | 085% :       04h-21m-50.7s (E)       05h-08m-03.1s (X)
     in progress... |##################  | 090% :       04h-37m-08.5s (E)       05h-07m-56.1s (X)
     in progress... |################### | 095% :       04h-52m-27.1s (E)       05h-07m-50.6s (X)
     in progress... |####################| 100% :       05h-07m-43.6s (E)       05h-07m-43.6s (X)
     --------------------------------------------------------------------------------------------
     p-DIAGOX done in 07.7s with a SCALAPACK grid (11x11)
     --------------------------------------------------------------------------------------------
        
       -3.82122  -3.74612  -3.73660  -3.73660  -3.73164  -3.72949  -3.72948  -3.70611  -3.65643
       -3.64266  -3.64266  -3.63739  -3.63739  -3.61257  -2.95175  -2.86621  -2.86621  -2.86612
       -2.86416  -2.86416  -2.85422  -2.85422  -2.85360  -2.85297  -2.85296  -2.84227  -2.66501
       -2.59268  -2.58852  -2.58851  -2.58745  -2.58745  -2.58617  -2.58617  -2.58362  -2.58006
       -2.58005  -2.57952  -2.57944  -2.57924  -2.57923  -2.57774  -2.57774  -2.57677  -2.57647
       -2.57384  -2.57384  -2.57088  -2.57087  -2.56190  -2.47495  -2.47044  -2.46978  -2.46406
       -2.46405  -2.46135  -2.45754  -2.45754  -2.27674  -2.27292  -2.26279  -2.26278  -2.25667
       -2.25667  -2.17582  -2.17215  -2.10253  -2.10250  -2.10154  -2.10151  -2.09978  -2.09976
       -2.09756  -2.09733  -2.09730  -2.09628  -2.09568  -2.09516  -2.09513  -2.09476  -2.09371
       -2.09368  -2.09352  -2.09296  -2.09295  -2.08917  -2.08915  -2.08833  -2.07668  -2.05095
       -2.04669  -2.04665  -2.04499  -2.04498  -2.04263  -2.04255  -2.04237  -2.04236  -2.04156
       -2.04154  -2.03874  -2.03873  -2.03780  -2.03779  -2.03773  -2.03750  -2.03680  -2.03656
       -2.03654  -2.03583  -2.03327  -2.03325  -1.97818  -1.96459  -1.95445  -1.95441  -1.95259
       -1.95256  -1.95116  -1.95083  -1.94936  -1.94935  -1.94866  -1.94863  -1.94142  -1.91748
       -1.90950  -1.86724  -1.86722  -1.86507  -1.86498  -1.86153  -1.86151  -1.86025  -1.86020
       -1.85997  -1.85987  -1.85979  -1.85913  -1.85906  -1.85799  -1.85782  -1.85770  -1.85746
       -1.85744  -1.85741  -1.85737  -1.85683  -1.85668  -1.85612  -1.85586  -1.85581  -1.85562
       -1.85557  -1.85472  -1.85438  -1.85390  -1.85386  -1.85058  -1.85051  -1.84983  -1.84968
       -1.84908  -1.84907  -1.84783  -1.84776  -1.84759  -1.84754  -1.84613  -1.84610  -1.84457
       -1.84300  -1.84276  -1.84263  -1.84228  -1.84225  -1.84163  -1.84151  -1.84063  -1.84017
       -1.84010  -1.83887  -1.83828  -1.83774  -1.83770  -1.83749  -1.83741  -1.83449  -1.83147
       -1.83142  -1.82977  -1.82974  -1.82772  -1.82769  -1.82766  -1.82698  -1.82695  -1.82595
       -1.82468  -1.82465  -1.82456  -1.82441  -1.82437  -1.82390  -1.82372  -1.82360  -1.82358
       -1.82257  -1.82136  -1.82133  -1.81216  -1.79920  -1.79871  -1.79787  -1.79781  -1.79765
       -1.79761  -1.79757  -1.79687  -1.79623  -1.79616  -1.79614  -1.79605  -1.79590  -1.79523
       -1.79519  -1.79515  -1.79396  -1.79291  -1.79282  -1.79087  -1.79078  -1.79073  -1.79065
       -1.78799  -1.78514  -1.78507  -1.78458  -1.78361  -1.78356  -1.78266  -1.69102  -1.68741
       -1.68549  -1.68548  -1.68454  -1.68243  -1.68239  -1.67976  -1.24529  -1.19302  -1.19255
       -1.19094  -1.19076  -1.19070  -1.18950  -1.18916  -1.18909  -1.18852  -1.18844  -1.18785
       -1.18694  -1.18653  -1.18645  -1.18633  -1.18619  -1.18553  -1.18541  -1.18525  -1.18513
       -1.18510  -1.18097  -1.18090  -1.14612  -1.13335  -1.12596  -1.12272  -1.12266  -1.12264
       -1.12255  -1.12226  -1.12143  -1.12099  -1.12095  -1.12085  -1.12050  -1.12042  -1.12024
       -1.12018  -1.12013  -1.12000  -1.11984  -1.11980  -1.11889  -1.11881  -1.11834  -1.11829
       -1.11758  -1.11752  -1.11568  -1.11564  -1.11547  -1.11536  -1.11532  -1.11445  -1.11442
       -1.11431  -1.10284  -1.10276  -1.08979  -1.08715  -1.08471  -1.08454  -1.08386  -1.08292
       -1.08274  -1.08203  -1.01853  -1.01799  -1.00746  -1.00216  -1.00189  -1.00110  -1.00094
       -1.00012  -1.00005  -0.99951  -0.99944  -0.99934  -0.99928  -0.99909  -0.99898  -0.99890
       -0.99814  -0.99803  -0.99778  -0.99768  -0.99752  -0.99705  -0.99389  -0.99379  -0.95372
       -0.95205  -0.95015  -0.94419  -0.94393  -0.94359  -0.94332  -0.94258  -0.94252  -0.94228
       -0.94052  -0.94028  -0.92904  -0.92530  -0.91645  -0.91628  -0.91442  -0.91429  -0.91403
       -0.91397  -0.91384  -0.91379  -0.91357  -0.91351  -0.91342  -0.91328  -0.91323  -0.91307
       -0.91298  -0.91286  -0.91220  -0.91212  -0.91191  -0.91173  -0.90436  -0.90425  -0.88402
       -0.86935  -0.86443  -0.86423  -0.86127  -0.86105  -0.84687  -0.84552  -0.82643  -0.82619
       -0.82509  -0.82440  -0.82398  -0.82363  -0.82345  -0.82312  -0.82289  -0.82213  -0.82062
       -0.81827  -0.81810  -0.81795  -0.81680  -0.81660  -0.81619  -0.81594  -0.81581  -0.81563
       -0.81547  -0.81539  -0.81190  -0.80752  -0.80728  -0.80651  -0.80610  -0.80579  -0.80498
       -0.80482  -0.80460  -0.80447  -0.80432  -0.80410  -0.79967  -0.79201  -0.78805  -0.78300
       -0.78275  -0.78209  -0.78131  -0.78104  -0.77808  -0.77676  -0.77013  -0.76989  -0.76589
       -0.76550  -0.76234  -0.76104  -0.75581  -0.75432  -0.75361  -0.75274  -0.75245  -0.74902
       -0.74874  -0.74832  -0.74744  -0.74713  -0.74601  -0.74574  -0.74560  -0.74546  -0.74521
       -0.74491  -0.74475  -0.74469  -0.74456  -0.74443  -0.74435  -0.74411  -0.74393  -0.74386
       -0.74364  -0.74356  -0.74312  -0.74302  -0.74276  -0.74139  -0.74123  -0.74048  -0.74011
       -0.73960  -0.73906  -0.73882  -0.73853  -0.73831  -0.73812  -0.73783  -0.73771  -0.73750
       -0.73720  -0.73682  -0.73647  -0.73627  -0.73606  -0.73564  -0.73542  -0.73494  -0.73375
       -0.73327  -0.73115  -0.73101  -0.73010  -0.72967  -0.72906  -0.72861  -0.72832  -0.72782
       -0.72756  -0.72708  -0.72625  -0.72602  -0.72348  -0.72096  -0.72049  -0.71963  -0.71945
       -0.71880  -0.71877  -0.71859  -0.71820  -0.71797  -0.71771  -0.71761  -0.71733  -0.71718
       -0.71695  -0.71680  -0.71649  -0.71602  -0.71590  -0.71561  -0.71529  -0.71447  -0.71420
       -0.71372  -0.71327  -0.70790  -0.70727  -0.70678  -0.70634  -0.70594  -0.70510  -0.70479
       -0.70460  -0.70427  -0.70394  -0.70365  -0.70078  -0.69126  -0.68862  -0.68796  -0.68636
       -0.68539  -0.68521  -0.68510  -0.68487  -0.68424  -0.68406  -0.68371  -0.68357  -0.68329
       -0.68309  -0.68293  -0.68258  -0.68227  -0.68187  -0.68173  -0.68120  -0.68076  -0.67763
       -0.67738  -0.67337  -0.66756  -0.66414  -0.66389  -0.66127  -0.66068  -0.65985  -0.65925
       -0.65910  -0.65859  -0.65839  -0.65811  -0.65785  -0.65766  -0.65735  -0.65710  -0.65681
       -0.65660  -0.65618  -0.65586  -0.65550  -0.65478  -0.65476  -0.65448  -0.65348  -0.65316
       -0.65277  -0.65252  -0.65211  -0.65190  -0.65140  -0.65128  -0.65084  -0.65027  -0.65016
       -0.64982  -0.64951  -0.64934  -0.64871  -0.64830  -0.64758  -0.64053  -0.63965  -0.63882
       -0.63842  -0.63795  -0.63765  -0.63720  -0.63684  -0.63664  -0.63633  -0.63599  -0.63577
       -0.63548  -0.63533  -0.63500  -0.63477  -0.63449  -0.63411  -0.63388  -0.63351  -0.63318
       -0.63302  -0.63282  -0.63240  -0.63198  -0.63161  -0.63098  -0.63081  -0.63027  -0.62989
       -0.62910  -0.62827  -0.62766  -0.62715  -0.62668  -0.62636  -0.62622  -0.62579  -0.62550
       -0.62491  -0.62389  -0.62347  -0.62255  -0.62127  -0.62087  -0.62049  -0.62014  -0.61969
       -0.61942  -0.61912  -0.61851  -0.61830  -0.61796  -0.61770  -0.61744  -0.61705  -0.61654
       -0.61615  -0.61601  -0.61546  -0.61480  -0.61447  -0.61384  -0.61364  -0.61258  -0.61195
       -0.60838  -0.60424  -0.60368  -0.60337  -0.60236  -0.60179  -0.60149  -0.60111  -0.60080
       -0.60052  -0.60042  -0.59969  -0.59948  -0.59914  -0.59874  -0.59826  -0.59810  -0.59687
       -0.59678  -0.59636  -0.59569  -0.59516  -0.59454  -0.59328  -0.58460  -0.58332  -0.58278
       -0.58161  -0.58013  -0.57862  -0.57832  -0.56997  -0.56895  -0.56838  -0.56731  -0.56699
       -0.56632  -0.56582  -0.56541  -0.56486  -0.56431  -0.56412  -0.56378  -0.56317  -0.56290
       -0.56221  -0.56155  -0.56117  -0.56085  -0.56011  -0.55949  -0.55868  -0.55826  -0.55764
       -0.55729  -0.55558  -0.55495  -0.55400  -0.55219  -0.55006  -0.54936  -0.54852  -0.54780
       -0.54743  -0.54728  -0.54646  -0.54592  -0.54580  -0.54537  -0.54456  -0.54408  -0.54370
       -0.54328  -0.54266  -0.54180  -0.54146  -0.54101  -0.54053  -0.54002  -0.53903  -0.53865
       -0.53802  -0.53749  -0.53669  -0.53603  -0.53582  -0.53528  -0.53466  -0.53420  -0.53362
       -0.53319  -0.53243  -0.53161  -0.53139  -0.53042  -0.52946  -0.52874  -0.52761  -0.52674
       -0.52079  -0.52015  -0.51951  -0.51884  -0.51847  -0.51762  -0.51722  -0.51690  -0.51659
       -0.51609  -0.51548  -0.51474  -0.51442  -0.51398  -0.51348  -0.51327  -0.51200  -0.51142
       -0.51102  -0.51061  -0.51039  -0.50910  -0.50820  -0.50722  -0.50619  -0.50535  -0.50485
       -0.50442  -0.50360  -0.50338  -0.50239  -0.50173  -0.50155  -0.50112  -0.50039  -0.49998
       -0.49968  -0.49924  -0.49880  -0.49805  -0.49751  -0.49727  -0.49682  -0.49643  -0.49614
       -0.49594  -0.49580  -0.49565  -0.49520  -0.49469  -0.49453  -0.49429  -0.49391  -0.49360
       -0.49336  -0.49319  -0.49288  -0.49259  -0.49239  -0.49214  -0.49183  -0.49170  -0.49137
       -0.49113  -0.49064  -0.49022  -0.49009  -0.48982  -0.48958  -0.48912  -0.48890  -0.48856
       -0.48832  -0.48811  -0.48734  -0.48716  -0.48675  -0.48669  -0.48631  -0.48578  -0.48546
       -0.48524  -0.48485  -0.48450  -0.48423  -0.48409  -0.48355  -0.48312  -0.48279  -0.48253
       -0.48205  -0.48186  -0.48109  -0.48071  -0.48044  -0.47984  -0.47953  -0.47901  -0.47872
       -0.47811  -0.47792  -0.47736  -0.47701  -0.47682  -0.47656  -0.47624  -0.47537  -0.47488
       -0.47471  -0.47405  -0.47379  -0.47347  -0.47308  -0.47265  -0.47226  -0.47179  -0.47096
       -0.47080  -0.47052  -0.47000  -0.46968  -0.46928  -0.46901  -0.46889  -0.46833  -0.46802
       -0.46747  -0.46709  -0.46647  -0.46641  -0.46600  -0.46570  -0.46553  -0.46473  -0.46449
       -0.46405  -0.46371  -0.46329  -0.46300  -0.46282  -0.46254  -0.46200  -0.46160  -0.46107
       -0.46082  -0.46039  -0.46020  -0.45978  -0.45921  -0.45856  -0.45838  -0.45779  -0.45739
       -0.45643  -0.45630  -0.45578  -0.45558  -0.45501  -0.45467  -0.45394  -0.45337  -0.45296
       -0.45235  -0.45209  -0.45152  -0.45073  -0.45038  -0.45002  -0.44964  -0.44895  -0.44832
       -0.44766  -0.44717  -0.44583  -0.44553  -0.44513  -0.44448  -0.44392  -0.44329  -0.44260
       -0.44205  -0.44188  -0.44059  -0.43951  -0.43895  -0.43865  -0.43778  -0.43748  -0.43691
       -0.43650  -0.43532  -0.43498  -0.43447  -0.43353  -0.43259  -0.43214  -0.43144  -0.43092
       -0.43011  -0.42904  -0.42859  -0.42745  -0.42711  -0.42680  -0.42543  -0.42409  -0.42338
       -0.42269  -0.42202  -0.42048  -0.41889  -0.41797  -0.41759  -0.41686  -0.41644  -0.41455
       -0.41354  -0.41275  -0.41176  -0.41141  -0.40896  -0.40848  -0.40757  -0.40660  -0.40572
       -0.40404  -0.40300  -0.40187  -0.40159  -0.40013  -0.39844  -0.39767  -0.39674  -0.39431
       -0.39345  -0.39237  -0.39138  -0.38988  -0.38938  -0.38680  -0.38538  -0.38366  -0.38059
       -0.37611  -0.37480  -0.37328  -0.37162  -0.37025  -0.36896  -0.36729  -0.36644  -0.36556
       -0.36502  -0.36421  -0.36382  -0.36332  -0.36278  -0.36251  -0.36216  -0.36138  -0.36101
       -0.36066  -0.36037  -0.36016  -0.35940  -0.35927  -0.35895  -0.35859  -0.35837  -0.35810
       -0.35780  -0.35710  -0.35681  -0.35668  -0.35621  -0.35579  -0.35555  -0.35528  -0.35484
       -0.35458  -0.35439  -0.35391  -0.35345  -0.35331  -0.35284  -0.35250  -0.35223  -0.35189
       -0.35148  -0.35121  -0.35103  -0.35075  -0.35032  -0.35004  -0.34993  -0.34964  -0.34929
       -0.34899  -0.34873  -0.34846  -0.34831  -0.34807  -0.34777  -0.34744  -0.34690  -0.34657
       -0.34638  -0.34619  -0.34584  -0.34551  -0.34542  -0.34508  -0.34501  -0.34474  -0.34432
       -0.34414  -0.34378  -0.34373  -0.34338  -0.34316  -0.34299  -0.34259  -0.34219  -0.34192
       -0.34181  -0.34157  -0.34150  -0.34097  -0.34080  -0.34066  -0.34034  -0.34012  -0.33983
       -0.33971  -0.33935  -0.33891  -0.33849  -0.33819  -0.33783  -0.33752  -0.33742  -0.33703
       -0.33682  -0.33662  -0.33623  -0.33610  -0.33573  -0.33559  -0.33529  -0.33488  -0.33445
       -0.33416  -0.33384  -0.33357  -0.33347  -0.33298  -0.33274  -0.33245  -0.33225  -0.33194
       -0.33183  -0.33143  -0.33126  -0.33105  -0.33061  -0.33029  -0.32986  -0.32961  -0.32923
       -0.32894  -0.32867  -0.32859  -0.32831  -0.32804  -0.32758  -0.32723  -0.32683  -0.32659
       -0.32633  -0.32596  -0.32561  -0.32538  -0.32504  -0.32430  -0.32403  -0.32376  -0.32353
       -0.32347  -0.32307  -0.32293  -0.32261  -0.32237  -0.32212  -0.32171  -0.32125  -0.32089
       -0.32054  -0.32010  -0.31962  -0.31940  -0.31901  -0.31889  -0.31835  -0.31802  -0.31747
       -0.31719  -0.31697  -0.31658  -0.31627  -0.31596  -0.31537  -0.31517  -0.31492  -0.31441
       -0.31400  -0.31357  -0.31322  -0.31277  -0.31251  -0.31210  -0.31184  -0.31160  -0.31110
       -0.31072  -0.31018  -0.30991  -0.30939  -0.30892  -0.30867  -0.30824  -0.30787  -0.30763
       -0.30728  -0.30677  -0.30661
        
     --------------------------------------------------------------------------------------------
     Tot. elapsed time 08h-08m-58.1s,  time spent in last iteration 05h-12m-23.8s
     --------------------------------------------------------------------------------------------

     [I/O] -------------------------------------------------------
     [I/O] RESTART written in < 00.1s             
     [I/O] In location   : ./n2.wstat.restart
     [I/O] -------------------------------------------------------

                       *----------*              *----------*               *----------*
     #     Iteration = |        2 |   DFPT_dim = |     1200 |   Diago_dim = |     3600 |
                       *----------*              *----------*               *----------*
     per-process dynamical memory   552.1 Mb
  
       
     --------------------------------------------------------------------------------------------
     Sternheimer eq. solver... with threshold =   1.000000E-12           
     --------------------------------------------------------------------------------------------
     in progress... |#                   | 005% :           15m-18.9s (E)       05h-06m-19.8s (X)
     in progress... |##                  | 010% :           30m-37.7s (E)       05h-06m-17.4s (X)
     in progress... |###                 | 015% :           45m-54.2s (E)       05h-06m-01.3s (X)
     in progress... |####                | 020% :       01h-01m-10.4s (E)       05h-05m-52.2s (X)
     in progress... |#####               | 025% :       01h-16m-27.3s (E)       05h-05m-49.2s (X)
     in progress... |######              | 030% :       01h-31m-46.2s (E)       05h-05m-54.1s (X)
     in progress... |#######             | 035% :       01h-47m-03.6s (E)       05h-05m-53.1s (X)
     in progress... |########            | 040% :       02h-02m-20.4s (E)       05h-05m-51.0s (X)
     in progress... |#########           | 045% :       02h-17m-39.8s (E)       05h-05m-55.1s (X)
     in progress... |##########          | 050% :       02h-32m-57.1s (E)       05h-05m-54.3s (X)
     in progress... |###########         | 055% :       02h-48m-12.3s (E)       05h-05m-49.6s (X)
     in progress... |############        | 060% :       03h-03m-27.3s (E)       05h-05m-45.5s (X)
     in progress... |#############       | 065% :       03h-18m-43.0s (E)       05h-05m-43.2s (X)
     in progress... |##############      | 070% :       03h-34m-00.2s (E)       05h-05m-43.2s (X)
     in progress... |###############     | 075% :       03h-49m-15.3s (E)       05h-05m-40.4s (X)
     in progress... |################    | 080% :       04h-04m-29.8s (E)       05h-05m-37.2s (X)
     in progress... |#################   | 085% :       04h-19m-43.6s (E)       05h-05m-33.6s (X)
     in progress... |##################  | 090% :       04h-34m-56.4s (E)       05h-05m-29.4s (X)
     in progress... |################### | 095% :       04h-50m-07.4s (E)       05h-05m-23.6s (X)
     in progress... |####################| 100% :       05h-05m-17.2s (E)       05h-05m-17.2s (X)
     --------------------------------------------------------------------------------------------
     p-DIAGOX done in 18.4s with a SCALAPACK grid (11x11)
     --------------------------------------------------------------------------------------------
        
       -3.82124  -3.74614  -3.73661  -3.73661  -3.73165  -3.72950  -3.72950  -3.70612  -3.65645
       -3.64268  -3.64268  -3.63741  -3.63741  -3.61258  -2.95180  -2.86624  -2.86624  -2.86616
       -2.86420  -2.86420  -2.85426  -2.85426  -2.85363  -2.85300  -2.85300  -2.84231  -2.66508
       -2.59275  -2.58856  -2.58856  -2.58751  -2.58751  -2.58622  -2.58622  -2.58368  -2.58012
       -2.58012  -2.57957  -2.57950  -2.57929  -2.57929  -2.57780  -2.57780  -2.57683  -2.57653
       -2.57389  -2.57389  -2.57094  -2.57094  -2.56197  -2.47506  -2.47055  -2.46987  -2.46416
       -2.46416  -2.46145  -2.45765  -2.45765  -2.27686  -2.27304  -2.26288  -2.26288  -2.25677
       -2.25677  -2.17607  -2.17238  -2.10272  -2.10272  -2.10174  -2.10174  -2.10001  -2.10001
       -2.09778  -2.09756  -2.09756  -2.09654  -2.09589  -2.09538  -2.09538  -2.09500  -2.09392
       -2.09392  -2.09375  -2.09318  -2.09318  -2.08938  -2.08938  -2.08857  -2.07689  -2.05116
       -2.04683  -2.04683  -2.04514  -2.04514  -2.04278  -2.04270  -2.04252  -2.04252  -2.04171
       -2.04171  -2.03890  -2.03890  -2.03795  -2.03795  -2.03790  -2.03765  -2.03696  -2.03671
       -2.03671  -2.03599  -2.03343  -2.03343  -1.97842  -1.96487  -1.95471  -1.95471  -1.95284
       -1.95284  -1.95146  -1.95110  -1.94961  -1.94961  -1.94891  -1.94891  -1.94202  -1.91778
       -1.90987  -1.86778  -1.86778  -1.86561  -1.86536  -1.86189  -1.86189  -1.86068  -1.86068
       -1.86048  -1.86038  -1.86038  -1.85951  -1.85951  -1.85840  -1.85837  -1.85817  -1.85785
       -1.85785  -1.85778  -1.85778  -1.85724  -1.85716  -1.85649  -1.85622  -1.85622  -1.85599
       -1.85599  -1.85518  -1.85492  -1.85439  -1.85439  -1.85090  -1.85090  -1.85020  -1.85014
       -1.84938  -1.84938  -1.84815  -1.84815  -1.84792  -1.84778  -1.84645  -1.84645  -1.84523
       -1.84354  -1.84329  -1.84329  -1.84286  -1.84286  -1.84211  -1.84211  -1.84122  -1.84071
       -1.84071  -1.83950  -1.83869  -1.83831  -1.83831  -1.83802  -1.83802  -1.83491  -1.83170
       -1.83170  -1.83000  -1.83000  -1.82796  -1.82795  -1.82795  -1.82724  -1.82724  -1.82626
       -1.82494  -1.82494  -1.82482  -1.82465  -1.82465  -1.82419  -1.82396  -1.82383  -1.82383
       -1.82283  -1.82162  -1.82162  -1.81259  -1.79966  -1.79922  -1.79838  -1.79837  -1.79814
       -1.79814  -1.79812  -1.79737  -1.79672  -1.79672  -1.79667  -1.79667  -1.79644  -1.79579
       -1.79579  -1.79571  -1.79458  -1.79344  -1.79344  -1.79136  -1.79136  -1.79119  -1.79119
       -1.78850  -1.78565  -1.78565  -1.78505  -1.78403  -1.78403  -1.78312  -1.69146  -1.68788
       -1.68595  -1.68595  -1.68509  -1.68289  -1.68289  -1.68021  -1.24603  -1.19388  -1.19333
       -1.19176  -1.19153  -1.19153  -1.19038  -1.18990  -1.18990  -1.18922  -1.18922  -1.18866
       -1.18777  -1.18729  -1.18729  -1.18708  -1.18708  -1.18631  -1.18631  -1.18609  -1.18595
       -1.18595  -1.18172  -1.18172  -1.14687  -1.13399  -1.12654  -1.12327  -1.12326  -1.12319
       -1.12318  -1.12287  -1.12204  -1.12155  -1.12149  -1.12149  -1.12106  -1.12106  -1.12085
       -1.12081  -1.12081  -1.12065  -1.12044  -1.12044  -1.11941  -1.11941  -1.11886  -1.11885
       -1.11803  -1.11802  -1.11612  -1.11612  -1.11588  -1.11588  -1.11580  -1.11489  -1.11489
       -1.11479  -1.10342  -1.10342  -1.09117  -1.08841  -1.08594  -1.08594  -1.08513  -1.08413
       -1.08413  -1.08329  -1.01960  -1.01956  -1.00879  -1.00324  -1.00324  -1.00240  -1.00239
       -1.00133  -1.00133  -1.00061  -1.00061  -1.00057  -1.00056  -1.00055  -1.00036  -1.00022
       -0.99937  -0.99924  -0.99923  -0.99897  -0.99897  -0.99838  -0.99519  -0.99518  -0.95545
       -0.95357  -0.95167  -0.94546  -0.94546  -0.94497  -0.94496  -0.94400  -0.94399  -0.94389
       -0.94192  -0.94192  -0.93039  -0.92692  -0.91749  -0.91749  -0.91546  -0.91546  -0.91515
       -0.91502  -0.91502  -0.91498  -0.91479  -0.91465  -0.91465  -0.91458  -0.91458  -0.91435
       -0.91435  -0.91418  -0.91335  -0.91335  -0.91321  -0.91299  -0.90561  -0.90561  -0.88645
       -0.87142  -0.86670  -0.86669  -0.86362  -0.86362  -0.84964  -0.84852  -0.82900  -0.82899
       -0.82794  -0.82705  -0.82704  -0.82627  -0.82626  -0.82568  -0.82567  -0.82492  -0.82318
       -0.82016  -0.82015  -0.82002  -0.81871  -0.81871  -0.81799  -0.81799  -0.81797  -0.81778
       -0.81774  -0.81773  -0.81411  -0.80946  -0.80946  -0.80863  -0.80801  -0.80801  -0.80695
       -0.80694  -0.80688  -0.80679  -0.80679  -0.80645  -0.80310  -0.79470  -0.79105  -0.78619
       -0.78618  -0.78546  -0.78545  -0.78482  -0.78143  -0.78022  -0.77279  -0.77279  -0.76847
       -0.76846  -0.76550  -0.76437  -0.76003  -0.75830  -0.75829  -0.75705  -0.75704  -0.75321
       -0.75173  -0.75172  -0.75045  -0.75044  -0.74856  -0.74854  -0.74827  -0.74827  -0.74804
       -0.74803  -0.74775  -0.74766  -0.74765  -0.74735  -0.74735  -0.74702  -0.74701  -0.74667
       -0.74667  -0.74666  -0.74665  -0.74660  -0.74614  -0.74489  -0.74489  -0.74406  -0.74386
       -0.74334  -0.74332  -0.74244  -0.74217  -0.74217  -0.74186  -0.74179  -0.74175  -0.74174
       -0.74137  -0.74136  -0.74040  -0.74039  -0.74035  -0.74024  -0.74018  -0.74016  -0.73817
       -0.73816  -0.73536  -0.73503  -0.73412  -0.73411  -0.73315  -0.73315  -0.73302  -0.73204
       -0.73202  -0.73167  -0.73101  -0.73100  -0.72763  -0.72425  -0.72423  -0.72293  -0.72292
       -0.72251  -0.72183  -0.72182  -0.72179  -0.72178  -0.72173  -0.72139  -0.72101  -0.72100
       -0.72089  -0.72088  -0.72086  -0.72058  -0.72044  -0.71994  -0.71994  -0.71899  -0.71836
       -0.71774  -0.71773  -0.71203  -0.71108  -0.71107  -0.71038  -0.71036  -0.70894  -0.70893
       -0.70877  -0.70875  -0.70870  -0.70866  -0.70516  -0.69618  -0.69301  -0.69299  -0.69057
       -0.68970  -0.68969  -0.68932  -0.68932  -0.68867  -0.68856  -0.68838  -0.68838  -0.68826
       -0.68823  -0.68821  -0.68816  -0.68764  -0.68762  -0.68695  -0.68693  -0.68660  -0.68290
       -0.68290  -0.67943  -0.67368  -0.67055  -0.67054  -0.66785  -0.66784  -0.66517  -0.66515
       -0.66505  -0.66503  -0.66438  -0.66426  -0.66422  -0.66400  -0.66399  -0.66390  -0.66388
       -0.66379  -0.66351  -0.66333  -0.66314  -0.66313  -0.66263  -0.66260  -0.65978  -0.65976
       -0.65940  -0.65921  -0.65777  -0.65776  -0.65684  -0.65652  -0.65648  -0.65645  -0.65644
       -0.65609  -0.65548  -0.65546  -0.65533  -0.65532  -0.65530  -0.64671  -0.64548  -0.64544
       -0.64430  -0.64426  -0.64343  -0.64342  -0.64339  -0.64316  -0.64313  -0.64236  -0.64232
       -0.64192  -0.64175  -0.64144  -0.64141  -0.64139  -0.64073  -0.64071  -0.64004  -0.64002
       -0.63939  -0.63932  -0.63926  -0.63895  -0.63894  -0.63862  -0.63850  -0.63838  -0.63833
       -0.63786  -0.63528  -0.63523  -0.63501  -0.63479  -0.63476  -0.63414  -0.63410  -0.63394
       -0.63392  -0.63307  -0.63207  -0.63197  -0.62844  -0.62831  -0.62828  -0.62760  -0.62755
       -0.62745  -0.62704  -0.62702  -0.62683  -0.62680  -0.62599  -0.62593  -0.62590  -0.62565
       -0.62563  -0.62562  -0.62560  -0.62534  -0.62455  -0.62441  -0.62437  -0.62391  -0.62386
       -0.61819  -0.61194  -0.61192  -0.61180  -0.61174  -0.61101  -0.61025  -0.61007  -0.61000
       -0.60954  -0.60953  -0.60937  -0.60924  -0.60919  -0.60916  -0.60877  -0.60869  -0.60820
       -0.60818  -0.60773  -0.60726  -0.60721  -0.60704  -0.60698  -0.59542  -0.59207  -0.59120
       -0.59114  -0.58831  -0.58785  -0.58783  -0.57896  -0.57892  -0.57873  -0.57861  -0.57830
       -0.57762  -0.57734  -0.57704  -0.57700  -0.57599  -0.57588  -0.57445  -0.57411  -0.57401
       -0.57322  -0.57269  -0.57254  -0.57242  -0.57199  -0.57193  -0.57177  -0.57170  -0.57165
       -0.57088  -0.57079  -0.56847  -0.56840  -0.56454  -0.56221  -0.56209  -0.56118  -0.55922
       -0.55916  -0.55835  -0.55751  -0.55741  -0.55732  -0.55731  -0.55717  -0.55682  -0.55669
       -0.55650  -0.55620  -0.55618  -0.55604  -0.55544  -0.55535  -0.55531  -0.55526  -0.55480
       -0.55472  -0.55055  -0.54989  -0.54869  -0.54856  -0.54685  -0.54676  -0.54651  -0.54629
       -0.54623  -0.54605  -0.54594  -0.54585  -0.54572  -0.54568  -0.54422  -0.54410  -0.54177
       -0.53489  -0.53485  -0.53335  -0.53329  -0.53290  -0.53181  -0.53167  -0.53159  -0.53121
       -0.53113  -0.53092  -0.53082  -0.53076  -0.53060  -0.53049  -0.53037  -0.53033  -0.53020
       -0.53007  -0.52988  -0.52978  -0.52937  -0.52910  -0.52285  -0.52277  -0.52253  -0.52251
       -0.51719  -0.51712  -0.51593  -0.51586  -0.51562  -0.51545  -0.51540  -0.51525  -0.51515
       -0.51451  -0.51439  -0.51422  -0.51254  -0.51236  -0.51188  -0.51048  -0.51006  -0.50992
       -0.50854  -0.50836  -0.50822  -0.50816  -0.50809  -0.50792  -0.50787  -0.50777  -0.50764
       -0.50752  -0.50751  -0.50742  -0.50729  -0.50719  -0.50708  -0.50700  -0.50690  -0.50678
       -0.50670  -0.50663  -0.50651  -0.50644  -0.50635  -0.50627  -0.50622  -0.50613  -0.50606
       -0.50600  -0.50594  -0.50590  -0.50586  -0.50578  -0.50573  -0.50565  -0.50561  -0.50555
       -0.50549  -0.50544  -0.50539  -0.50538  -0.50524  -0.50518  -0.50505  -0.50503  -0.50493
       -0.50490  -0.50479  -0.50470  -0.50462  -0.50456  -0.50443  -0.50432  -0.50424  -0.50418
       -0.50411  -0.50391  -0.50387  -0.50375  -0.50368  -0.50342  -0.50332  -0.50297  -0.50268
       -0.50254  -0.49958  -0.49945  -0.49508  -0.49371  -0.49354  -0.49259  -0.49226  -0.49205
       -0.49057  -0.49017  -0.49002  -0.48984  -0.48975  -0.48957  -0.48943  -0.48930  -0.48922
       -0.48918  -0.48909  -0.48897  -0.48886  -0.48881  -0.48873  -0.48856  -0.48847  -0.48833
       -0.48824  -0.48819  -0.48788  -0.48786  -0.48770  -0.48741  -0.48735  -0.48713  -0.48690
       -0.48683  -0.48670  -0.48665  -0.48646  -0.48638  -0.48630  -0.48619  -0.48616  -0.48601
       -0.48591  -0.48580  -0.48573  -0.48553  -0.48548  -0.48526  -0.48513  -0.48496  -0.48484
       -0.48469  -0.48449  -0.48414  -0.48369  -0.48351  -0.48145  -0.48128  -0.48090  -0.48075
       -0.48060  -0.47988  -0.47957  -0.47944  -0.47939  -0.47921  -0.47909  -0.47900  -0.47893
       -0.47887  -0.47872  -0.47860  -0.47855  -0.47847  -0.47844  -0.47837  -0.47827  -0.47809
       -0.47807  -0.47796  -0.47788  -0.47775  -0.47768  -0.47759  -0.47750  -0.47739  -0.47734
       -0.47712  -0.47709  -0.47701  -0.47688  -0.47679  -0.47660  -0.47647  -0.47633  -0.47616
       -0.47596  -0.47586  -0.47550  -0.47539  -0.47515  -0.47466  -0.47327  -0.47286  -0.46728
       -0.46712  -0.46689  -0.46652  -0.46637  -0.46610  -0.46595  -0.46558  -0.46529  -0.46483
       -0.46449  -0.46398  -0.44404  -0.44389  -0.44357  -0.44318  -0.44273  -0.44238  -0.44195
       -0.44160  -0.42654  -0.42307  -0.42267  -0.42247  -0.42216  -0.42190  -0.42152  -0.42127
       -0.40161  -0.39982  -0.39936  -0.39930  -0.39897  -0.39822  -0.38241  -0.38227  -0.38209
       -0.38195  -0.38164  -0.38134  -0.38048  -0.37985  -0.37835  -0.37808  -0.37776  -0.37727
       -0.37686  -0.37658  -0.37651  -0.37639  -0.37625  -0.37613  -0.37607  -0.37592  -0.37574
       -0.37568  -0.37556  -0.37547  -0.37535  -0.37530  -0.37517  -0.37505  -0.37501  -0.37494
       -0.37484  -0.37473  -0.37458  -0.37449  -0.37432  -0.37422  -0.37407  -0.37403  -0.37376
       -0.37373  -0.37355  -0.37341  -0.37330  -0.37321  -0.37312  -0.37293  -0.37271  -0.37250
       -0.37238  -0.37223  -0.37198  -0.37187  -0.37168  -0.37163  -0.37148  -0.37121  -0.37114
       -0.37100  -0.37079  -0.37048  -0.37037  -0.37009  -0.36980  -0.36962  -0.36950  -0.36929
       -0.36917  -0.36886  -0.36873  -0.36854  -0.36805  -0.36774  -0.36753  -0.36725  -0.36648
       -0.36587  -0.36549  -0.36489  -0.36485  -0.36462  -0.36456  -0.36444  -0.36437  -0.36422
       -0.36415  -0.36395  -0.36387  -0.36378  -0.36368  -0.36359  -0.36350  -0.36340  -0.36324
       -0.36321  -0.36317  -0.36307  -0.36295  -0.36283  -0.36273  -0.36265  -0.36247  -0.36242
       -0.36224  -0.36218  -0.36206  -0.36201  -0.36190  -0.36181  -0.36167  -0.36161  -0.36149
       -0.36144  -0.36133  -0.36116  -0.36109  -0.36099  -0.36096  -0.36087  -0.36068  -0.36059
       -0.36042  -0.36033  -0.36028  -0.36016  -0.36006  -0.35991  -0.35982  -0.35975  -0.35964
       -0.35950  -0.35945  -0.35931  -0.35928  -0.35907  -0.35902  -0.35886  -0.35875  -0.35868
       -0.35849  -0.35839  -0.35819  -0.35807  -0.35798  -0.35785  -0.35777  -0.35765  -0.35758
       -0.35745  -0.35722  -0.35713  -0.35700  -0.35687  -0.35671  -0.35658  -0.35638  -0.35628
       -0.35615  -0.35598  -0.35568  -0.35561  -0.35540  -0.35528  -0.35502  -0.35474  -0.35459
       -0.35429  -0.35404  -0.35383  -0.35325  -0.35283  -0.35247  -0.35217  -0.35209  -0.35192
       -0.35176  -0.35159  -0.35145  -0.35127  -0.35109  -0.35100  -0.35061  -0.35045  -0.35032
       -0.35022  -0.35011  -0.35004
        
     --------------------------------------------------------------------------------------------
     Tot. elapsed time 13h-19m-51.3s,  time spent in last iteration 05h-10m-24.9s
     --------------------------------------------------------------------------------------------

     [I/O] -------------------------------------------------------
     [I/O] RESTART written in < 00.1s             
     [I/O] In location   : ./n2.wstat.restart
     [I/O] -------------------------------------------------------

                       *----------*              *----------*               *----------*
     #     Iteration = |        3 |   DFPT_dim = |      891 |   Diago_dim = |     4491 |
                       *----------*              *----------*               *----------*
     per-process dynamical memory   552.1 Mb
  
       
     --------------------------------------------------------------------------------------------
     Sternheimer eq. solver... with threshold =   1.000000E-12           
     --------------------------------------------------------------------------------------------
     in progress... |#                   | 005% :           11m-23.7s (E)       03h-47m-54.8s (X)
     in progress... |##                  | 010% :           22m-47.3s (E)       03h-47m-53.2s (X)
     in progress... |###                 | 015% :           34m-09.2s (E)       03h-47m-41.8s (X)
     in progress... |####                | 020% :           45m-31.1s (E)       03h-47m-35.8s (X)
     in progress... |#####               | 025% :           56m-52.7s (E)       03h-47m-31.1s (X)
     in progress... |######              | 030% :       01h-08m-14.1s (E)       03h-47m-27.2s (X)
     in progress... |#######             | 035% :       01h-19m-37.0s (E)       03h-47m-28.8s (X)
     in progress... |########            | 040% :       01h-30m-57.8s (E)       03h-47m-24.6s (X)
     in progress... |#########           | 045% :       01h-42m-18.6s (E)       03h-47m-21.4s (X)
     in progress... |##########          | 050% :       01h-53m-39.3s (E)       03h-47m-18.7s (X)
     in progress... |###########         | 055% :       02h-05m-00.0s (E)       03h-47m-16.4s (X)
     in progress... |############        | 060% :       02h-16m-21.9s (E)       03h-47m-16.6s (X)
     in progress... |#############       | 065% :       02h-27m-42.0s (E)       03h-47m-13.9s (X)
     in progress... |##############      | 070% :       02h-39m-02.4s (E)       03h-47m-12.1s (X)
     in progress... |###############     | 075% :       02h-50m-23.0s (E)       03h-47m-10.7s (X)
     in progress... |################    | 080% :       03h-01m-43.7s (E)       03h-47m-09.6s (X)
     in progress... |#################   | 085% :       03h-13m-05.0s (E)       03h-47m-09.5s (X)
     in progress... |##################  | 090% :       03h-24m-25.7s (E)       03h-47m-08.5s (X)
     in progress... |################### | 095% :       03h-35m-46.0s (E)       03h-47m-07.4s (X)
     in progress... |####################| 100% :       03h-45m-50.5s (E)       03h-45m-50.5s (X)
     --------------------------------------------------------------------------------------------
     p-DIAGOX done in 33.7s with a SCALAPACK grid (11x11)
     --------------------------------------------------------------------------------------------
        
       -3.82124  -3.74614  -3.73661  -3.73661  -3.73165  -3.72950  -3.72950  -3.70612  -3.65645
       -3.64268  -3.64268  -3.63741  -3.63741  -3.61258  -2.95180  -2.86624  -2.86624  -2.86616
       -2.86420  -2.86420  -2.85426  -2.85426  -2.85363  -2.85300  -2.85300  -2.84231  -2.66508
       -2.59275  -2.58856  -2.58856  -2.58751  -2.58751  -2.58622  -2.58622  -2.58368  -2.58012
       -2.58012  -2.57957  -2.57950  -2.57929  -2.57929  -2.57780  -2.57780  -2.57683  -2.57653
       -2.57389  -2.57389  -2.57094  -2.57094  -2.56197  -2.47506  -2.47055  -2.46987  -2.46416
       -2.46416  -2.46145  -2.45765  -2.45765  -2.27686  -2.27304  -2.26288  -2.26288  -2.25677
       -2.25677  -2.17607  -2.17239  -2.10272  -2.10272  -2.10174  -2.10174  -2.10001  -2.10001
       -2.09778  -2.09756  -2.09756  -2.09654  -2.09589  -2.09538  -2.09538  -2.09500  -2.09392
       -2.09392  -2.09375  -2.09318  -2.09318  -2.08938  -2.08938  -2.08857  -2.07690  -2.05116
       -2.04683  -2.04683  -2.04514  -2.04514  -2.04278  -2.04270  -2.04252  -2.04252  -2.04171
       -2.04171  -2.03890  -2.03890  -2.03795  -2.03795  -2.03790  -2.03765  -2.03697  -2.03671
       -2.03671  -2.03599  -2.03343  -2.03343  -1.97842  -1.96487  -1.95471  -1.95471  -1.95284
       -1.95284  -1.95146  -1.95110  -1.94961  -1.94961  -1.94891  -1.94891  -1.94202  -1.91778
       -1.90987  -1.86778  -1.86778  -1.86561  -1.86537  -1.86189  -1.86189  -1.86068  -1.86068
       -1.86048  -1.86038  -1.86038  -1.85951  -1.85951  -1.85840  -1.85837  -1.85818  -1.85785
       -1.85785  -1.85778  -1.85778  -1.85724  -1.85716  -1.85649  -1.85622  -1.85622  -1.85599
       -1.85599  -1.85518  -1.85492  -1.85439  -1.85439  -1.85091  -1.85091  -1.85020  -1.85014
       -1.84938  -1.84938  -1.84815  -1.84815  -1.84793  -1.84778  -1.84645  -1.84645  -1.84523
       -1.84354  -1.84330  -1.84330  -1.84286  -1.84286  -1.84211  -1.84211  -1.84122  -1.84071
       -1.84071  -1.83951  -1.83869  -1.83832  -1.83832  -1.83802  -1.83802  -1.83491  -1.83170
       -1.83170  -1.83000  -1.83000  -1.82796  -1.82795  -1.82795  -1.82724  -1.82724  -1.82626
       -1.82494  -1.82494  -1.82482  -1.82465  -1.82465  -1.82419  -1.82396  -1.82383  -1.82383
       -1.82283  -1.82162  -1.82162  -1.81259  -1.79966  -1.79922  -1.79838  -1.79838  -1.79814
       -1.79814  -1.79812  -1.79737  -1.79672  -1.79672  -1.79667  -1.79667  -1.79644  -1.79579
       -1.79579  -1.79571  -1.79458  -1.79344  -1.79344  -1.79136  -1.79136  -1.79119  -1.79119
       -1.78850  -1.78565  -1.78565  -1.78505  -1.78403  -1.78403  -1.78313  -1.69146  -1.68788
       -1.68595  -1.68595  -1.68509  -1.68289  -1.68289  -1.68021  -1.24603  -1.19388  -1.19333
       -1.19177  -1.19154  -1.19154  -1.19038  -1.18990  -1.18990  -1.18922  -1.18922  -1.18866
       -1.18778  -1.18730  -1.18730  -1.18708  -1.18708  -1.18632  -1.18632  -1.18609  -1.18596
       -1.18596  -1.18172  -1.18172  -1.14687  -1.13399  -1.12654  -1.12327  -1.12327  -1.12319
       -1.12319  -1.12287  -1.12205  -1.12155  -1.12149  -1.12149  -1.12106  -1.12106  -1.12085
       -1.12081  -1.12081  -1.12065  -1.12044  -1.12044  -1.11941  -1.11941  -1.11886  -1.11886
       -1.11803  -1.11802  -1.11612  -1.11612  -1.11589  -1.11589  -1.11580  -1.11489  -1.11489
       -1.11480  -1.10343  -1.10343  -1.09117  -1.08842  -1.08595  -1.08595  -1.08514  -1.08413
       -1.08413  -1.08329  -1.01961  -1.01957  -1.00880  -1.00325  -1.00325  -1.00240  -1.00240
       -1.00134  -1.00134  -1.00062  -1.00062  -1.00057  -1.00057  -1.00056  -1.00036  -1.00023
       -0.99938  -0.99924  -0.99924  -0.99898  -0.99898  -0.99839  -0.99519  -0.99519  -0.95546
       -0.95358  -0.95168  -0.94547  -0.94547  -0.94498  -0.94498  -0.94401  -0.94401  -0.94390
       -0.94193  -0.94193  -0.93040  -0.92694  -0.91750  -0.91750  -0.91547  -0.91547  -0.91516
       -0.91503  -0.91503  -0.91499  -0.91480  -0.91466  -0.91466  -0.91459  -0.91459  -0.91437
       -0.91437  -0.91419  -0.91336  -0.91336  -0.91322  -0.91300  -0.90562  -0.90562  -0.88647
       -0.87144  -0.86672  -0.86672  -0.86364  -0.86364  -0.84967  -0.84855  -0.82902  -0.82902
       -0.82797  -0.82708  -0.82708  -0.82629  -0.82629  -0.82570  -0.82570  -0.82495  -0.82321
       -0.82018  -0.82018  -0.82004  -0.81873  -0.81873  -0.81801  -0.81801  -0.81799  -0.81780
       -0.81776  -0.81776  -0.81414  -0.80949  -0.80949  -0.80865  -0.80804  -0.80804  -0.80697
       -0.80697  -0.80690  -0.80682  -0.80682  -0.80647  -0.80314  -0.79474  -0.79109  -0.78622
       -0.78622  -0.78550  -0.78550  -0.78486  -0.78147  -0.78026  -0.77283  -0.77283  -0.76850
       -0.76850  -0.76554  -0.76442  -0.76008  -0.75836  -0.75836  -0.75711  -0.75711  -0.75328
       -0.75178  -0.75178  -0.75049  -0.75049  -0.74860  -0.74859  -0.74832  -0.74832  -0.74808
       -0.74808  -0.74780  -0.74770  -0.74770  -0.74739  -0.74739  -0.74706  -0.74706  -0.74672
       -0.74671  -0.74671  -0.74669  -0.74665  -0.74618  -0.74495  -0.74495  -0.74411  -0.74392
       -0.74339  -0.74339  -0.74249  -0.74223  -0.74223  -0.74191  -0.74184  -0.74181  -0.74181
       -0.74142  -0.74142  -0.74046  -0.74046  -0.74042  -0.74030  -0.74023  -0.74023  -0.73823
       -0.73823  -0.73542  -0.73509  -0.73418  -0.73418  -0.73322  -0.73322  -0.73309  -0.73210
       -0.73210  -0.73173  -0.73108  -0.73108  -0.72769  -0.72430  -0.72430  -0.72299  -0.72299
       -0.72257  -0.72189  -0.72189  -0.72185  -0.72185  -0.72179  -0.72144  -0.72106  -0.72106
       -0.72095  -0.72095  -0.72092  -0.72064  -0.72051  -0.72000  -0.72000  -0.71906  -0.71843
       -0.71780  -0.71780  -0.71210  -0.71114  -0.71114  -0.71044  -0.71044  -0.70900  -0.70900
       -0.70883  -0.70883  -0.70876  -0.70873  -0.70524  -0.69627  -0.69309  -0.69309  -0.69065
       -0.68979  -0.68979  -0.68940  -0.68940  -0.68876  -0.68865  -0.68847  -0.68847  -0.68836
       -0.68832  -0.68832  -0.68825  -0.68773  -0.68773  -0.68704  -0.68704  -0.68669  -0.68300
       -0.68300  -0.67955  -0.67380  -0.67069  -0.67069  -0.66800  -0.66800  -0.66529  -0.66529
       -0.66519  -0.66518  -0.66453  -0.66439  -0.66439  -0.66415  -0.66415  -0.66403  -0.66403
       -0.66394  -0.66367  -0.66348  -0.66329  -0.66329  -0.66278  -0.66278  -0.65991  -0.65991
       -0.65953  -0.65935  -0.65789  -0.65789  -0.65698  -0.65662  -0.65662  -0.65656  -0.65656
       -0.65623  -0.65559  -0.65559  -0.65545  -0.65545  -0.65544  -0.64686  -0.64562  -0.64562
       -0.64444  -0.64444  -0.64358  -0.64358  -0.64355  -0.64331  -0.64331  -0.64251  -0.64251
       -0.64210  -0.64193  -0.64158  -0.64157  -0.64157  -0.64087  -0.64087  -0.64020  -0.64020
       -0.63956  -0.63945  -0.63945  -0.63911  -0.63911  -0.63879  -0.63864  -0.63851  -0.63851
       -0.63802  -0.63545  -0.63545  -0.63523  -0.63496  -0.63496  -0.63431  -0.63431  -0.63410
       -0.63410  -0.63326  -0.63226  -0.63219  -0.62866  -0.62849  -0.62849  -0.62781  -0.62781
       -0.62765  -0.62724  -0.62724  -0.62702  -0.62702  -0.62623  -0.62613  -0.62613  -0.62585
       -0.62584  -0.62582  -0.62582  -0.62555  -0.62477  -0.62463  -0.62463  -0.62411  -0.62411
       -0.61844  -0.61216  -0.61216  -0.61201  -0.61201  -0.61127  -0.61051  -0.61029  -0.61029
       -0.60976  -0.60976  -0.60964  -0.60946  -0.60946  -0.60942  -0.60903  -0.60895  -0.60848
       -0.60848  -0.60799  -0.60749  -0.60749  -0.60729  -0.60729  -0.59576  -0.59233  -0.59144
       -0.59144  -0.58858  -0.58810  -0.58810  -0.57931  -0.57931  -0.57909  -0.57909  -0.57869
       -0.57804  -0.57776  -0.57743  -0.57743  -0.57635  -0.57634  -0.57487  -0.57447  -0.57447
       -0.57365  -0.57314  -0.57291  -0.57291  -0.57239  -0.57239  -0.57215  -0.57215  -0.57210
       -0.57128  -0.57128  -0.56891  -0.56891  -0.56496  -0.56267  -0.56266  -0.56168  -0.55970
       -0.55970  -0.55885  -0.55796  -0.55796  -0.55781  -0.55781  -0.55776  -0.55728  -0.55728
       -0.55706  -0.55673  -0.55673  -0.55657  -0.55590  -0.55590  -0.55590  -0.55585  -0.55536
       -0.55536  -0.55108  -0.55041  -0.54916  -0.54915  -0.54733  -0.54733  -0.54705  -0.54681
       -0.54681  -0.54653  -0.54653  -0.54632  -0.54627  -0.54626  -0.54473  -0.54473  -0.54232
       -0.53559  -0.53559  -0.53411  -0.53411  -0.53369  -0.53256  -0.53242  -0.53239  -0.53198
       -0.53197  -0.53167  -0.53159  -0.53159  -0.53138  -0.53133  -0.53132  -0.53130  -0.53103
       -0.53103  -0.53076  -0.53075  -0.53018  -0.53018  -0.52359  -0.52359  -0.52357  -0.52348
       -0.51786  -0.51786  -0.51676  -0.51672  -0.51648  -0.51625  -0.51625  -0.51623  -0.51623
       -0.51541  -0.51540  -0.51522  -0.51341  -0.51341  -0.51292  -0.51136  -0.51102  -0.51102
       -0.50940  -0.50928  -0.50927  -0.50916  -0.50915  -0.50888  -0.50888  -0.50887  -0.50857
       -0.50856  -0.50849  -0.50842  -0.50829  -0.50829  -0.50799  -0.50798  -0.50790  -0.50783
       -0.50781  -0.50778  -0.50751  -0.50745  -0.50745  -0.50732  -0.50731  -0.50716  -0.50716
       -0.50707  -0.50691  -0.50686  -0.50682  -0.50681  -0.50681  -0.50675  -0.50669  -0.50669
       -0.50655  -0.50654  -0.50654  -0.50653  -0.50647  -0.50646  -0.50641  -0.50635  -0.50635
       -0.50621  -0.50621  -0.50610  -0.50609  -0.50606  -0.50605  -0.50597  -0.50553  -0.50553
       -0.50545  -0.50545  -0.50534  -0.50523  -0.50522  -0.50511  -0.50511  -0.50437  -0.50436
       -0.50398  -0.50090  -0.50090  -0.49654  -0.49501  -0.49500  -0.49383  -0.49372  -0.49371
       -0.49208  -0.49127  -0.49115  -0.49115  -0.49103  -0.49103  -0.49095  -0.49066  -0.49065
       -0.49053  -0.49049  -0.49033  -0.49030  -0.49030  -0.49030  -0.49029  -0.48994  -0.48994
       -0.48990  -0.48980  -0.48972  -0.48955  -0.48941  -0.48940  -0.48899  -0.48898  -0.48833
       -0.48828  -0.48827  -0.48816  -0.48808  -0.48807  -0.48786  -0.48785  -0.48773  -0.48773
       -0.48769  -0.48746  -0.48730  -0.48730  -0.48729  -0.48728  -0.48699  -0.48672  -0.48662
       -0.48661  -0.48658  -0.48624  -0.48545  -0.48545  -0.48301  -0.48300  -0.48269  -0.48268
       -0.48244  -0.48155  -0.48133  -0.48131  -0.48108  -0.48087  -0.48086  -0.48066  -0.48066
       -0.48058  -0.48045  -0.48044  -0.48043  -0.48042  -0.48041  -0.48022  -0.48016  -0.48016
       -0.47988  -0.47979  -0.47974  -0.47971  -0.47970  -0.47966  -0.47966  -0.47956  -0.47941
       -0.47941  -0.47940  -0.47932  -0.47914  -0.47910  -0.47909  -0.47903  -0.47901  -0.47889
       -0.47887  -0.47885  -0.47872  -0.47816  -0.47815  -0.47692  -0.47582  -0.47581  -0.46991
       -0.46989  -0.46987  -0.46962  -0.46954  -0.46953  -0.46927  -0.46861  -0.46854  -0.46851
       -0.46827  -0.46827  -0.44605  -0.44604  -0.44603  -0.44578  -0.44491  -0.44461  -0.44461
       -0.44452  -0.42848  -0.42488  -0.42486  -0.42479  -0.42442  -0.42407  -0.42406  -0.42383
       -0.40458  -0.40279  -0.40275  -0.40219  -0.40200  -0.40196  -0.38473  -0.38469  -0.38454
       -0.38452  -0.38434  -0.38418  -0.38354  -0.38351  -0.38172  -0.38167  -0.38077  -0.38006
       -0.38000  -0.37943  -0.37910  -0.37905  -0.37901  -0.37877  -0.37876  -0.37865  -0.37862
       -0.37860  -0.37852  -0.37845  -0.37840  -0.37837  -0.37836  -0.37833  -0.37828  -0.37827
       -0.37822  -0.37820  -0.37815  -0.37812  -0.37795  -0.37792  -0.37789  -0.37788  -0.37786
       -0.37784  -0.37778  -0.37778  -0.37765  -0.37763  -0.37759  -0.37755  -0.37686  -0.37683
       -0.37636  -0.37582  -0.37572  -0.37555  -0.37549  -0.37500  -0.37477  -0.37473  -0.37464
       -0.37460  -0.37454  -0.37452  -0.37448  -0.37446  -0.37435  -0.37424  -0.37421  -0.37407
       -0.37405  -0.37375  -0.37356  -0.37349  -0.37341  -0.37333  -0.37311  -0.37242  -0.37235
       -0.37044  -0.37040  -0.36875  -0.36862  -0.36857  -0.36847  -0.36844  -0.36842  -0.36838
       -0.36835  -0.36820  -0.36805  -0.36802  -0.36795  -0.36792  -0.36785  -0.36784  -0.36781
       -0.36777  -0.36776  -0.36774  -0.36769  -0.36768  -0.36766  -0.36760  -0.36756  -0.36751
       -0.36747  -0.36741  -0.36737  -0.36735  -0.36730  -0.36729  -0.36725  -0.36721  -0.36719
       -0.36715  -0.36709  -0.36707  -0.36702  -0.36699  -0.36697  -0.36693  -0.36683  -0.36680
       -0.36675  -0.36655  -0.36654  -0.36647  -0.36643  -0.36642  -0.36626  -0.36623  -0.36615
       -0.36608  -0.36604  -0.36586  -0.36517  -0.36508  -0.36482  -0.36481  -0.36473  -0.36463
       -0.36412  -0.36405  -0.36399  -0.36396  -0.36391  -0.36385  -0.36375  -0.36369  -0.36352
       -0.36340  -0.36335  -0.36330  -0.36326  -0.36282  -0.36279  -0.36251  -0.36247  -0.36242
       -0.36220  -0.36209  -0.36202  -0.36194  -0.36156  -0.36128  -0.36126  -0.36101  -0.36064
       -0.36030  -0.36025  -0.36005  -0.35902  -0.35889  -0.35868  -0.35857  -0.35803  -0.35795
       -0.35790  -0.35785  -0.35770  -0.35756  -0.35708  -0.35652  -0.35547  -0.35538  -0.35518
       -0.35471  -0.35458  -0.35414
        
     --------------------------------------------------------------------------------------------
     Tot. elapsed time 17h-09m-16.2s,  time spent in last iteration 03h-48m-39.8s
     --------------------------------------------------------------------------------------------

       Refresh the basis set

     [I/O] -------------------------------------------------------
     [I/O] RESTART written in < 00.1s             
     [I/O] In location   : ./n2.wstat.restart
     [I/O] -------------------------------------------------------

                       *----------*              *----------*               *----------*
     #     Iteration = |        4 |   DFPT_dim = |      382 |   Diago_dim = |     1582 |
                       *----------*              *----------*               *----------*
     per-process dynamical memory   552.1 Mb
  
       
     --------------------------------------------------------------------------------------------
     Sternheimer eq. solver... with threshold =   1.000000E-12           
     --------------------------------------------------------------------------------------------
     in progress... |#                   | 005% :           05m-03.2s (E)       01h-41m-05.5s (X)
     in progress... |##                  | 010% :           10m-05.5s (E)       01h-40m-55.7s (X)
     in progress... |###                 | 015% :           15m-07.7s (E)       01h-40m-51.9s (X)
     in progress... |####                | 020% :           20m-09.8s (E)       01h-40m-49.4s (X)
     in progress... |#####               | 025% :           25m-13.3s (E)       01h-40m-53.4s (X)
     in progress... |######              | 030% :           30m-15.3s (E)       01h-40m-51.3s (X)
     in progress... |#######             | 035% :           34m-02.0s (E)       01h-37m-14.3s (X)
     in progress... |########            | 040% :           39m-04.1s (E)       01h-37m-40.3s (X)
     in progress... |#########           | 045% :           44m-06.2s (E)       01h-38m-00.6s (X)
     in progress... |##########          | 050% :           49m-08.2s (E)       01h-38m-16.5s (X)
     in progress... |###########         | 055% :           54m-10.1s (E)       01h-38m-29.3s (X)
     in progress... |############        | 060% :           59m-11.8s (E)       01h-38m-39.7s (X)
     in progress... |#############       | 065% :       01h-04m-13.6s (E)       01h-38m-48.7s (X)
     in progress... |##############      | 070% :       01h-07m-59.9s (E)       01h-37m-08.4s (X)
     in progress... |###############     | 075% :       01h-13m-01.8s (E)       01h-37m-22.4s (X)
     in progress... |################    | 080% :       01h-18m-03.5s (E)       01h-37m-34.4s (X)
     in progress... |#################   | 085% :       01h-23m-05.1s (E)       01h-37m-44.9s (X)
     in progress... |##################  | 090% :       01h-28m-08.3s (E)       01h-37m-55.9s (X)
     in progress... |################### | 095% :       01h-33m-09.8s (E)       01h-38m-04.0s (X)
     in progress... |####################| 100% :       01h-36m-56.1s (E)       01h-36m-56.1s (X)
     --------------------------------------------------------------------------------------------
     p-DIAGOX done in 03.2s with a SCALAPACK grid (11x11)
     --------------------------------------------------------------------------------------------
        
       -3.82124  -3.74614  -3.73661  -3.73661  -3.73165  -3.72950  -3.72950  -3.70612  -3.65645
       -3.64268  -3.64268  -3.63741  -3.63741  -3.61258  -2.95180  -2.86624  -2.86624  -2.86616
       -2.86420  -2.86420  -2.85426  -2.85426  -2.85363  -2.85300  -2.85300  -2.84231  -2.66508
       -2.59275  -2.58856  -2.58856  -2.58751  -2.58751  -2.58622  -2.58622  -2.58368  -2.58012
       -2.58012  -2.57957  -2.57950  -2.57929  -2.57929  -2.57780  -2.57780  -2.57683  -2.57653
       -2.57389  -2.57389  -2.57094  -2.57094  -2.56197  -2.47506  -2.47055  -2.46987  -2.46416
       -2.46416  -2.46145  -2.45765  -2.45765  -2.27686  -2.27304  -2.26288  -2.26288  -2.25677
       -2.25677  -2.17607  -2.17239  -2.10272  -2.10272  -2.10174  -2.10174  -2.10001  -2.10001
       -2.09778  -2.09756  -2.09756  -2.09654  -2.09589  -2.09538  -2.09538  -2.09500  -2.09392
       -2.09392  -2.09375  -2.09318  -2.09318  -2.08938  -2.08938  -2.08857  -2.07690  -2.05116
       -2.04683  -2.04683  -2.04514  -2.04514  -2.04278  -2.04270  -2.04252  -2.04252  -2.04171
       -2.04171  -2.03890  -2.03890  -2.03795  -2.03795  -2.03790  -2.03765  -2.03697  -2.03671
       -2.03671  -2.03599  -2.03343  -2.03343  -1.97842  -1.96487  -1.95471  -1.95471  -1.95284
       -1.95284  -1.95146  -1.95110  -1.94961  -1.94961  -1.94891  -1.94891  -1.94202  -1.91778
       -1.90987  -1.86778  -1.86778  -1.86561  -1.86537  -1.86189  -1.86189  -1.86068  -1.86068
       -1.86048  -1.86038  -1.86038  -1.85951  -1.85951  -1.85840  -1.85837  -1.85818  -1.85785
       -1.85785  -1.85778  -1.85778  -1.85724  -1.85716  -1.85649  -1.85622  -1.85622  -1.85599
       -1.85599  -1.85518  -1.85492  -1.85439  -1.85439  -1.85091  -1.85091  -1.85020  -1.85014
       -1.84938  -1.84938  -1.84815  -1.84815  -1.84793  -1.84778  -1.84645  -1.84645  -1.84523
       -1.84354  -1.84330  -1.84330  -1.84286  -1.84286  -1.84211  -1.84211  -1.84122  -1.84071
       -1.84071  -1.83951  -1.83869  -1.83832  -1.83832  -1.83802  -1.83802  -1.83491  -1.83170
       -1.83170  -1.83000  -1.83000  -1.82796  -1.82795  -1.82795  -1.82724  -1.82724  -1.82626
       -1.82494  -1.82494  -1.82482  -1.82465  -1.82465  -1.82419  -1.82396  -1.82383  -1.82383
       -1.82283  -1.82162  -1.82162  -1.81259  -1.79966  -1.79922  -1.79838  -1.79838  -1.79814
       -1.79814  -1.79812  -1.79737  -1.79672  -1.79672  -1.79667  -1.79667  -1.79644  -1.79579
       -1.79579  -1.79571  -1.79458  -1.79344  -1.79344  -1.79136  -1.79136  -1.79119  -1.79119
       -1.78850  -1.78565  -1.78565  -1.78505  -1.78403  -1.78403  -1.78313  -1.69146  -1.68788
       -1.68595  -1.68595  -1.68509  -1.68289  -1.68289  -1.68021  -1.24603  -1.19388  -1.19333
       -1.19177  -1.19154  -1.19154  -1.19038  -1.18990  -1.18990  -1.18922  -1.18922  -1.18866
       -1.18778  -1.18730  -1.18730  -1.18708  -1.18708  -1.18632  -1.18632  -1.18609  -1.18596
       -1.18596  -1.18172  -1.18172  -1.14687  -1.13399  -1.12654  -1.12327  -1.12327  -1.12319
       -1.12319  -1.12287  -1.12205  -1.12155  -1.12149  -1.12149  -1.12106  -1.12106  -1.12085
       -1.12081  -1.12081  -1.12065  -1.12044  -1.12044  -1.11941  -1.11941  -1.11886  -1.11886
       -1.11803  -1.11802  -1.11612  -1.11612  -1.11589  -1.11589  -1.11580  -1.11489  -1.11489
       -1.11480  -1.10343  -1.10343  -1.09117  -1.08842  -1.08595  -1.08595  -1.08514  -1.08413
       -1.08413  -1.08329  -1.01961  -1.01957  -1.00880  -1.00325  -1.00325  -1.00240  -1.00240
       -1.00134  -1.00134  -1.00062  -1.00062  -1.00057  -1.00057  -1.00056  -1.00036  -1.00023
       -0.99938  -0.99924  -0.99924  -0.99898  -0.99898  -0.99839  -0.99519  -0.99519  -0.95546
       -0.95358  -0.95168  -0.94547  -0.94547  -0.94498  -0.94498  -0.94401  -0.94401  -0.94390
       -0.94193  -0.94193  -0.93040  -0.92694  -0.91750  -0.91750  -0.91547  -0.91547  -0.91516
       -0.91503  -0.91503  -0.91499  -0.91480  -0.91466  -0.91466  -0.91459  -0.91459  -0.91437
       -0.91437  -0.91419  -0.91336  -0.91336  -0.91322  -0.91300  -0.90562  -0.90562  -0.88647
       -0.87144  -0.86672  -0.86672  -0.86364  -0.86364  -0.84967  -0.84855  -0.82902  -0.82902
       -0.82797  -0.82708  -0.82708  -0.82629  -0.82629  -0.82570  -0.82570  -0.82495  -0.82321
       -0.82018  -0.82018  -0.82004  -0.81873  -0.81873  -0.81801  -0.81801  -0.81799  -0.81780
       -0.81776  -0.81776  -0.81414  -0.80949  -0.80949  -0.80866  -0.80804  -0.80804  -0.80697
       -0.80697  -0.80690  -0.80682  -0.80682  -0.80647  -0.80314  -0.79474  -0.79109  -0.78622
       -0.78622  -0.78550  -0.78550  -0.78486  -0.78147  -0.78026  -0.77283  -0.77283  -0.76850
       -0.76850  -0.76554  -0.76442  -0.76008  -0.75836  -0.75836  -0.75711  -0.75711  -0.75328
       -0.75178  -0.75178  -0.75049  -0.75049  -0.74860  -0.74859  -0.74832  -0.74832  -0.74808
       -0.74808  -0.74780  -0.74770  -0.74770  -0.74740  -0.74740  -0.74706  -0.74706  -0.74672
       -0.74671  -0.74671  -0.74669  -0.74665  -0.74619  -0.74495  -0.74495  -0.74411  -0.74392
       -0.74339  -0.74339  -0.74249  -0.74223  -0.74223  -0.74191  -0.74184  -0.74181  -0.74181
       -0.74142  -0.74142  -0.74046  -0.74046  -0.74042  -0.74030  -0.74023  -0.74023  -0.73823
       -0.73823  -0.73542  -0.73509  -0.73418  -0.73418  -0.73322  -0.73322  -0.73309  -0.73210
       -0.73210  -0.73173  -0.73108  -0.73108  -0.72770  -0.72430  -0.72430  -0.72299  -0.72299
       -0.72258  -0.72189  -0.72189  -0.72185  -0.72185  -0.72179  -0.72144  -0.72106  -0.72106
       -0.72095  -0.72095  -0.72092  -0.72064  -0.72051  -0.72000  -0.72000  -0.71906  -0.71843
       -0.71780  -0.71780  -0.71210  -0.71114  -0.71114  -0.71044  -0.71044  -0.70900  -0.70900
       -0.70883  -0.70883  -0.70876  -0.70873  -0.70524  -0.69627  -0.69309  -0.69309  -0.69065
       -0.68979  -0.68979  -0.68940  -0.68940  -0.68876  -0.68865  -0.68847  -0.68847  -0.68836
       -0.68832  -0.68832  -0.68825  -0.68773  -0.68773  -0.68704  -0.68704  -0.68669  -0.68300
       -0.68300  -0.67955  -0.67380  -0.67069  -0.67069  -0.66800  -0.66800  -0.66530  -0.66530
       -0.66520  -0.66519  -0.66453  -0.66439  -0.66439  -0.66415  -0.66415  -0.66403  -0.66403
       -0.66394  -0.66367  -0.66348  -0.66329  -0.66329  -0.66278  -0.66278  -0.65991  -0.65991
       -0.65953  -0.65935  -0.65789  -0.65789  -0.65698  -0.65663  -0.65663  -0.65656  -0.65656
       -0.65623  -0.65559  -0.65559  -0.65545  -0.65545  -0.65545  -0.64686  -0.64562  -0.64562
       -0.64444  -0.64444  -0.64359  -0.64359  -0.64355  -0.64331  -0.64331  -0.64251  -0.64251
       -0.64210  -0.64193  -0.64158  -0.64158  -0.64158  -0.64087  -0.64087  -0.64020  -0.64020
       -0.63956  -0.63945  -0.63945  -0.63911  -0.63911  -0.63880  -0.63864  -0.63851  -0.63851
       -0.63802  -0.63545  -0.63545  -0.63523  -0.63496  -0.63496  -0.63431  -0.63431  -0.63410
       -0.63410  -0.63327  -0.63227  -0.63219  -0.62867  -0.62849  -0.62849  -0.62782  -0.62782
       -0.62765  -0.62724  -0.62724  -0.62702  -0.62702  -0.62623  -0.62613  -0.62613  -0.62586
       -0.62584  -0.62582  -0.62582  -0.62555  -0.62477  -0.62463  -0.62463  -0.62411  -0.62411
       -0.61845  -0.61217  -0.61217  -0.61201  -0.61201  -0.61127  -0.61052  -0.61030  -0.61030
       -0.60977  -0.60977  -0.60964  -0.60946  -0.60946  -0.60942  -0.60903  -0.60895  -0.60848
       -0.60848  -0.60799  -0.60749  -0.60749  -0.60729  -0.60729  -0.59577  -0.59233  -0.59145
       -0.59145  -0.58858  -0.58811  -0.58811  -0.57931  -0.57931  -0.57910  -0.57910  -0.57869
       -0.57804  -0.57776  -0.57743  -0.57743  -0.57635  -0.57635  -0.57487  -0.57447  -0.57447
       -0.57365  -0.57315  -0.57292  -0.57292  -0.57240  -0.57240  -0.57215  -0.57215  -0.57210
       -0.57129  -0.57129  -0.56891  -0.56891  -0.56497  -0.56267  -0.56267  -0.56169  -0.55971
       -0.55971  -0.55886  -0.55796  -0.55796  -0.55782  -0.55782  -0.55777  -0.55728  -0.55728
       -0.55707  -0.55673  -0.55673  -0.55657  -0.55591  -0.55591  -0.55591  -0.55586  -0.55537
       -0.55537  -0.55108  -0.55042  -0.54916  -0.54916  -0.54734  -0.54734  -0.54706  -0.54682
       -0.54682  -0.54654  -0.54654  -0.54633  -0.54627  -0.54627  -0.54474  -0.54474  -0.54233
       -0.53560  -0.53560  -0.53412  -0.53412  -0.53371  -0.53257  -0.53244  -0.53240  -0.53199
       -0.53199  -0.53168  -0.53160  -0.53160  -0.53139  -0.53134  -0.53134  -0.53131  -0.53104
       -0.53104  -0.53077  -0.53077  -0.53020  -0.53020  -0.52360  -0.52360  -0.52359  -0.52349
       -0.51787  -0.51787  -0.51678  -0.51673  -0.51650  -0.51627  -0.51627  -0.51625  -0.51625
       -0.51543  -0.51542  -0.51523  -0.51343  -0.51343  -0.51294  -0.51137  -0.51104  -0.51104
       -0.50942  -0.50930  -0.50930  -0.50918  -0.50917  -0.50890  -0.50890  -0.50890  -0.50859
       -0.50858  -0.50852  -0.50843  -0.50832  -0.50831  -0.50800  -0.50800  -0.50792  -0.50785
       -0.50783  -0.50781  -0.50753  -0.50747  -0.50747  -0.50734  -0.50734  -0.50718  -0.50718
       -0.50710  -0.50694  -0.50688  -0.50684  -0.50683  -0.50683  -0.50677  -0.50671  -0.50671
       -0.50657  -0.50657  -0.50657  -0.50656  -0.50649  -0.50649  -0.50644  -0.50637  -0.50637
       -0.50624  -0.50624  -0.50612  -0.50612  -0.50608  -0.50608  -0.50600  -0.50555  -0.50555
       -0.50548  -0.50547  -0.50537  -0.50525  -0.50525  -0.50513  -0.50513  -0.50439  -0.50439
       -0.50400  -0.50093  -0.50093  -0.49657  -0.49504  -0.49504  -0.49385  -0.49376  -0.49376
       -0.49211  -0.49130  -0.49119  -0.49119  -0.49107  -0.49107  -0.49098  -0.49069  -0.49069
       -0.49058  -0.49053  -0.49037  -0.49033  -0.49033  -0.49032  -0.49032  -0.48997  -0.48997
       -0.48993  -0.48982  -0.48976  -0.48958  -0.48945  -0.48945  -0.48902  -0.48902  -0.48837
       -0.48831  -0.48831  -0.48820  -0.48811  -0.48811  -0.48789  -0.48789  -0.48776  -0.48776
       -0.48772  -0.48749  -0.48734  -0.48734  -0.48733  -0.48733  -0.48703  -0.48675  -0.48665
       -0.48665  -0.48663  -0.48628  -0.48549  -0.48549  -0.48305  -0.48305  -0.48273  -0.48273
       -0.48248  -0.48160  -0.48137  -0.48137  -0.48112  -0.48092  -0.48092  -0.48070  -0.48070
       -0.48062  -0.48049  -0.48049  -0.48048  -0.48047  -0.48046  -0.48026  -0.48020  -0.48020
       -0.47993  -0.47983  -0.47979  -0.47975  -0.47975  -0.47970  -0.47970  -0.47962  -0.47946
       -0.47946  -0.47945  -0.47937  -0.47918  -0.47914  -0.47914  -0.47907  -0.47907  -0.47893
       -0.47893  -0.47890  -0.47877  -0.47821  -0.47821  -0.47697  -0.47587  -0.47587  -0.46998
       -0.46998  -0.46994  -0.46968  -0.46961  -0.46961  -0.46935  -0.46869  -0.46860  -0.46860
       -0.46834  -0.46834  -0.44611  -0.44610  -0.44610  -0.44586  -0.44497  -0.44468  -0.44468
       -0.44460  -0.42854  -0.42495  -0.42495  -0.42487  -0.42449  -0.42414  -0.42414  -0.42391
       -0.40471  -0.40292  -0.40291  -0.40232  -0.40212  -0.40212  -0.38489  -0.38489  -0.38467
       -0.38467  -0.38448  -0.38432  -0.38372  -0.38371  -0.38192  -0.38191  -0.38098  -0.38026
       -0.38025  -0.37961  -0.37929  -0.37925  -0.37924  -0.37896  -0.37896  -0.37884  -0.37884
       -0.37882  -0.37868  -0.37867  -0.37858  -0.37857  -0.37855  -0.37854  -0.37853  -0.37852
       -0.37841  -0.37840  -0.37840  -0.37839  -0.37814  -0.37813  -0.37812  -0.37812  -0.37809
       -0.37809  -0.37805  -0.37804  -0.37788  -0.37787  -0.37784  -0.37779  -0.37707  -0.37706
       -0.37663  -0.37604  -0.37603  -0.37574  -0.37573  -0.37520  -0.37497  -0.37496  -0.37486
       -0.37483  -0.37483  -0.37472  -0.37471  -0.37470  -0.37455  -0.37452  -0.37452  -0.37436
       -0.37435  -0.37408  -0.37382  -0.37380  -0.37368  -0.37367  -0.37341  -0.37273  -0.37272
       -0.37074  -0.37074  -0.36907  -0.36896  -0.36888  -0.36883  -0.36882  -0.36881  -0.36878
       -0.36878  -0.36855  -0.36838  -0.36837  -0.36824  -0.36823  -0.36822  -0.36820  -0.36819
       -0.36816  -0.36816  -0.36814  -0.36813  -0.36810  -0.36809  -0.36800  -0.36799  -0.36795
       -0.36783  -0.36778  -0.36777  -0.36774  -0.36768  -0.36768  -0.36765  -0.36764  -0.36762
       -0.36761  -0.36750  -0.36748  -0.36745  -0.36744  -0.36742  -0.36741  -0.36725  -0.36724
       -0.36713  -0.36691  -0.36690  -0.36687  -0.36678  -0.36677  -0.36659  -0.36658  -0.36657
       -0.36638  -0.36637  -0.36625  -0.36550  -0.36548  -0.36520  -0.36520  -0.36510  -0.36497
       -0.36442  -0.36441  -0.36434  -0.36434  -0.36426  -0.36422  -0.36404  -0.36403  -0.36385
       -0.36381  -0.36374  -0.36372  -0.36370  -0.36313  -0.36312  -0.36287  -0.36278  -0.36277
       -0.36243  -0.36237  -0.36236  -0.36219  -0.36189  -0.36151  -0.36151  -0.36122  -0.36086
       -0.36053  -0.36052  -0.36034  -0.35940  -0.35936  -0.35916  -0.35913  -0.35850  -0.35849
       -0.35842  -0.35840  -0.35815  -0.35812  -0.35763  -0.35702  -0.35586  -0.35583  -0.35559
       -0.35511  -0.35507  -0.35446
        
     --------------------------------------------------------------------------------------------
     Tot. elapsed time 18h-47m-13.1s,  time spent in last iteration 01h-37m-04.0s
     --------------------------------------------------------------------------------------------
      
     --------------------------------------------------------------------------------------------
     SAVE written in 09.9s               
     In location : ./n2.wstat.save
     --------------------------------------------------------------------------------------------
       
     --------------------------------------------------------------------------------------------
     Convergence achieved !!! in        4 steps                          
     --------------------------------------------------------------------------------------------
     WSTAT        :    18h39m CPU       18h48m WALL

     wstat_readin :      2.45s CPU      3.75s WALL (       1 calls)
     fetch_input  :      0.01s CPU      0.02s WALL (       2 calls)
     read_xml     :      0.70s CPU      0.79s WALL (       1 calls)
     init_vloc    :      0.24s CPU      0.26s WALL (       2 calls)
     fft          :      0.02s CPU      0.03s WALL (      11 calls)
     fft_scatter  :   6502.86s CPU   6557.22s WALL (37350431 calls)
     v_of_rho     :      0.03s CPU      0.05s WALL (       1 calls)
     v_xc         :      0.03s CPU      0.04s WALL (       1 calls)
     v_h          :      0.00s CPU      0.01s WALL (       1 calls)
     read_wave    :      1.72s CPU      2.89s WALL (       1 calls)
     davcio       :      0.04s CPU      5.98s WALL (       8 calls)
     init_us_1    :      0.05s CPU      0.05s WALL (       2 calls)
     do_setup     :      0.21s CPU      0.48s WALL (       1 calls)
     init_pw_ar   :      0.20s CPU      0.47s WALL (       1 calls)
     init_at_1    :      0.00s CPU      0.00s WALL (       1 calls)
     chidiago     :  67183.14s CPU  67683.18s WALL (       1 calls)
     sqvc_init    :      0.00s CPU      0.00s WALL (       1 calls)
     randomize    :      1.85s CPU      1.87s WALL (       1 calls)
     paramgs      :     48.83s CPU     49.11s WALL (       6 calls)
     dfpt         :  66923.12s CPU  67291.55s WALL (       6 calls)
     init_us_2    :      0.13s CPU      0.20s WALL (       6 calls)
     fftw         :  19474.15s CPU  19638.40s WALL (37350420 calls)
     alphapc      :    280.76s CPU    282.04s WALL (    1216 calls)
     wstat_restar :     29.35s CPU    113.33s WALL (       5 calls)
     linstern     :  64006.84s CPU  64328.84s WALL (     976 calls)
     stern        :  61813.83s CPU  62114.65s WALL (   65181 calls)
     h_psi_bgrp   :  52863.93s CPU  53132.40s WALL (   65181 calls)
     h_psi        :  52863.44s CPU  53132.22s WALL (   65181 calls)
     h_psi:pot    :  52514.92s CPU  52780.94s WALL (   65181 calls)
     vloc_psi     :  20249.91s CPU  20416.07s WALL (   65181 calls)
     h_psi:calbec :  16382.91s CPU  16439.20s WALL (   65181 calls)
     calbec       :  16382.56s CPU  16439.00s WALL (   65181 calls)
     add_vuspsi   :  15881.14s CPU  15925.11s WALL (   65181 calls)
     alphapv      :   8622.67s CPU   8653.44s WALL (   65181 calls)
     build_hr     :     18.20s CPU     18.40s WALL (       5 calls)
     diagox       :     65.15s CPU     66.22s WALL (       5 calls)
     redistr_vr   :      2.89s CPU      4.06s WALL (       4 calls)
     update_vr    :     47.74s CPU     48.33s WALL (       4 calls)
     symm_hr      :      2.72s CPU      3.88s WALL (       4 calls)
     chidiago:las :     33.76s CPU     34.11s WALL (       2 calls)
     refresh_vr   :     39.36s CPU     39.71s WALL (       3 calls)
     pdep_db      :      0.92s CPU      9.92s WALL (       1 calls)
 
     WSTAT        :    18h39m CPU       18h48m WALL

 
   This run was terminated on:   4:30:42  18Nov2020            

=------------------------------------------------------------------------------=
   JOB DONE.
=------------------------------------------------------------------------------=
