
     Program WELPH v. 3.1.1 starts on 11Jun2021 at 20: 0:43 

     This program is part of the open-source West suite
     for massively parallel calculations of excited states in materials; please cite
         "M. Govoni et al., J. Chem. Theory Comput. 11, 2680 (2015);
          URL http://www.west-code.org", 
     in publications or presentations arising from this work.

     Based on the Quantum ESPRESSO v. 6.1 svn rev. 13369

     I/O is Little Endian
       
     --------------------------------------------------------------------------------------------
     **MPI** Parallelization Status                                      
     --------------------------------------------------------------------------------------------
                    80                   2             1             1            40
     --------------------------------------------------------------------------------------------
                     N         =         I      X      P      X      B      X      Z
                     ^                   ^             ^             ^             ^
                     |                   |             |             |             |
                   #rnk                  |             |             |             |
                                      #image           |             |             |
                                                     #pool           |             |
                                                                   #bgrp           |
                                                                                 #R&G
     --------------------------------------------------------------------------------------------
     **OPENMP** Parallelization Status
     #thr/rnk               =            1
     --------------------------------------------------------------------------------------------
     #prc = (rnk) * (thr) =           80
     --------------------------------------------------------------------------------------------
       
     --------------------------------------------------------------------------------------------
     I/O Summary : input_west                                            
     --------------------------------------------------------------------------------------------
     qe_prefix      = c
     west_prefix    = c
     outdir         = ./
     --------------------------------------------------------------------------------------------

     Reading data from directory:
     ./c.save

   Info: using nr1, nr2, nr3 values from input

   Info: using nr1, nr2, nr3 values from input

     IMPORTANT: XC functional enforced from input :
     Exchange-correlation      = PBE ( 1  4  3  4 0 0)
     Any further DFT definition will be discarded
     Please, verify this is what you really want

     Message from routine readpp:
     file ./c.save/C_ONCV_PBE-1.0.upf not found
 
     Parallelization info
     --------------------
     sticks:   dense  smooth     PW     G-vecs:    dense   smooth      PW
     Min           9       9      3                  115      115      23
     Max          10      10      4                  119      119      27
     Sum         367     367    121                 4645     4645     941
 
       
     --------------------------------------------------------------------------------------------
     I/O Summary : wstat_control                                         
     --------------------------------------------------------------------------------------------
     wstat_calculation              =              S
     n_pdep_eigen                   =            150
     n_pdep_times                   =              4
     n_pdep_maxiter                 =            100
     n_dfpt_maxiter                 =            250
     n_pdep_read_from_file          =              0
     trev_pdep                      =   1.000000E-03
     trev_pdep_rel                  =   1.000000E-01
     tr2_dfpt                       =   1.000000E-12
     l_kinetic_only                 =              F
     l_minimize_exx_if_active       =              F
     l_use_ecutrho                  =              F
     l_use_symm                     =              T
     l_real_space_pdep              =              F
     nq(1)                          =              5
     nq(2)                          =              5
     nq(3)                          =              5
     --------------------------------------------------------------------------------------------
       
     --------------------------------------------------------------------------------------------
     I/O Summary : wfreq_control                                         
     --------------------------------------------------------------------------------------------
     wfreq_calculation                        =           XWGQ
     n_pdep_eigen_to_use                      =            150
     qp_bandrange(1)                          =              1
     qp_bandrange(2)                          =              2
     macropol_calculation                     =              C
     n_lanczos                                =             30
     n_imfreq                                 =            128
     n_refreq                                 =            272
     ecut_imfreq [Ry]                         =     240.000000
     ecut_refreq [Ry]                         =       2.000000
     wfreq_eta [Ry]                           =       0.003675
     n_secant_maxiter                         =             21
     trev_secant [Ry]                         =       0.003675
     l_enable_lanczos                         =              T
     l_enable_gwetot                          =              F
     o_restart_time [min]                     =       0.000000
     ecut_spectralf(1) [Ry]                   =      -2.000000
     ecut_spectralf(2) [Ry]                   =       2.000000
     n_spectralf                              =             10
     l_read_common_pdep                       =              F
     l_enable_gb_curvature                    =              T
     --------------------------------------------------------------------------------------------
       
     --------------------------------------------------------------------------------------------
     I/O Summary : welph_control                                         
     --------------------------------------------------------------------------------------------
     welph_calculation                        =              S
     welph_n_pdep_eigen_to_use                =            150
     asr                                      =              1
     welph_band_range(1)                      =              1
     welph_band_range(2)                      =              8
     do_scr                                   =              T
     do_fxc                                   =              T
     welph_read_common_pdep                   =              T
     loto                                     =              F
     lsym                                     =              F
     l_adiabatic                              =              T
     l_enabel_gw                              =              T
     l_ff_fxc                                 =              F
     q_direction(1)                           =       1.000000
     q_direction(2)                           =       0.000000
     q_direction(3)                           =       0.000000
     welph_eta                                =       0.100000
     temperature                              =       0.000000
     --------------------------------------------------------------------------------------------
       
     --------------------------------------------------------------------------------------------
     System Overview                                                     
     --------------------------------------------------------------------------------------------
     gamma_only           =              F
     ecutwfc [Ry]         =      60.000000
     ecutrho [Ry]         =     240.000000
     omega [au^3]         =   7.433490E+01
     nbnd                 =              8
     nkstot               =            125
     nspin                =              1
     nelec                =       8.000000
     npol                 =              1
     lsda                 =              F
     noncolin             =              F
     lspinorb             =              F
     domag                =              F
     --------------------------------------------------------------------------------------------

     3DFFT grid
        s : (  24,  24,  24)
        p : (  24,  24,  24)

     Direct Lattice Cell [a.u.]
        a1 = (    -3.3372412     0.0000000     3.3372412)
        a2 = (     0.0000000     3.3372412     3.3372412)
        a3 = (    -3.3372412     3.3372412     0.0000000)

     Reciprocal Lattice Cell [a.u.]
        b1 = (    -0.9413742    -0.9413742     0.9413742)
        b2 = (     0.9413742     0.9413742     0.9413742)
        b3 = (    -0.9413742     0.9413742    -0.9413742)
      

     Brillouin Zone sampling [cryst. coord.]
 
        k(000001) = (     0.0000000     0.0000000     0.0000000)
        k(000002) = (     0.0000000     0.0000000     0.2000000)
        k(000003) = (     0.0000000     0.0000000     0.4000000)
        k(000004) = (     0.0000000     0.0000000    -0.4000000)
        k(000005) = (     0.0000000     0.0000000    -0.2000000)
        k(000006) = (     0.0000000     0.2000000     0.0000000)
        k(000007) = (     0.0000000     0.2000000     0.2000000)
        k(000008) = (     0.0000000     0.2000000     0.4000000)
        k(000009) = (     0.0000000     0.2000000    -0.4000000)
        k(000010) = (     0.0000000     0.2000000    -0.2000000)
        k(000011) = (     0.0000000     0.4000000     0.0000000)
        k(000012) = (     0.0000000     0.4000000     0.2000000)
        k(000013) = (     0.0000000     0.4000000     0.4000000)
        k(000014) = (     0.0000000     0.4000000    -0.4000000)
        k(000015) = (     0.0000000     0.4000000    -0.2000000)
        k(000016) = (     0.0000000    -0.4000000     0.0000000)
        k(000017) = (     0.0000000    -0.4000000     0.2000000)
        k(000018) = (     0.0000000    -0.4000000     0.4000000)
        k(000019) = (     0.0000000    -0.4000000    -0.4000000)
        k(000020) = (     0.0000000    -0.4000000    -0.2000000)
        k(000021) = (     0.0000000    -0.2000000     0.0000000)
        k(000022) = (     0.0000000    -0.2000000     0.2000000)
        k(000023) = (     0.0000000    -0.2000000     0.4000000)
        k(000024) = (     0.0000000    -0.2000000    -0.4000000)
        k(000025) = (     0.0000000    -0.2000000    -0.2000000)
        k(000026) = (     0.2000000     0.0000000     0.0000000)
        k(000027) = (     0.2000000     0.0000000     0.2000000)
        k(000028) = (     0.2000000     0.0000000     0.4000000)
        k(000029) = (     0.2000000     0.0000000    -0.4000000)
        k(000030) = (     0.2000000     0.0000000    -0.2000000)
        k(000031) = (     0.2000000     0.2000000     0.0000000)
        k(000032) = (     0.2000000     0.2000000     0.2000000)
        k(000033) = (     0.2000000     0.2000000     0.4000000)
        k(000034) = (     0.2000000     0.2000000    -0.4000000)
        k(000035) = (     0.2000000     0.2000000    -0.2000000)
        k(000036) = (     0.2000000     0.4000000     0.0000000)
        k(000037) = (     0.2000000     0.4000000     0.2000000)
        k(000038) = (     0.2000000     0.4000000     0.4000000)
        k(000039) = (     0.2000000     0.4000000    -0.4000000)
        k(000040) = (     0.2000000     0.4000000    -0.2000000)
        k(000041) = (     0.2000000    -0.4000000     0.0000000)
        k(000042) = (     0.2000000    -0.4000000     0.2000000)
        k(000043) = (     0.2000000    -0.4000000     0.4000000)
        k(000044) = (     0.2000000    -0.4000000    -0.4000000)
        k(000045) = (     0.2000000    -0.4000000    -0.2000000)
        k(000046) = (     0.2000000    -0.2000000     0.0000000)
        k(000047) = (     0.2000000    -0.2000000     0.2000000)
        k(000048) = (     0.2000000    -0.2000000     0.4000000)
        k(000049) = (     0.2000000    -0.2000000    -0.4000000)
        k(000050) = (     0.2000000    -0.2000000    -0.2000000)
        Printing only first 50 k points...
 
        q(000001) = (     0.0000000     0.0000000     0.0000000)
        q(000002) = (     0.0000000     0.0000000     0.2000000)
        q(000003) = (     0.0000000     0.0000000     0.4000000)
        q(000004) = (     0.0000000     0.0000000    -0.4000000)
        q(000005) = (     0.0000000     0.0000000    -0.2000000)
        q(000006) = (     0.0000000     0.2000000     0.0000000)
        q(000007) = (     0.0000000     0.2000000     0.2000000)
        q(000008) = (     0.0000000     0.2000000     0.4000000)
        q(000009) = (     0.0000000     0.2000000    -0.4000000)
        q(000010) = (     0.0000000     0.2000000    -0.2000000)
        q(000011) = (     0.0000000     0.4000000     0.0000000)
        q(000012) = (     0.0000000     0.4000000     0.2000000)
        q(000013) = (     0.0000000     0.4000000     0.4000000)
        q(000014) = (     0.0000000     0.4000000    -0.4000000)
        q(000015) = (     0.0000000     0.4000000    -0.2000000)
        q(000016) = (     0.0000000    -0.4000000     0.0000000)
        q(000017) = (     0.0000000    -0.4000000     0.2000000)
        q(000018) = (     0.0000000    -0.4000000     0.4000000)
        q(000019) = (     0.0000000    -0.4000000    -0.4000000)
        q(000020) = (     0.0000000    -0.4000000    -0.2000000)
        q(000021) = (     0.0000000    -0.2000000     0.0000000)
        q(000022) = (     0.0000000    -0.2000000     0.2000000)
        q(000023) = (     0.0000000    -0.2000000     0.4000000)
        q(000024) = (     0.0000000    -0.2000000    -0.4000000)
        q(000025) = (     0.0000000    -0.2000000    -0.2000000)
        q(000026) = (     0.2000000     0.0000000     0.0000000)
        q(000027) = (     0.2000000     0.0000000     0.2000000)
        q(000028) = (     0.2000000     0.0000000     0.4000000)
        q(000029) = (     0.2000000     0.0000000    -0.4000000)
        q(000030) = (     0.2000000     0.0000000    -0.2000000)
        q(000031) = (     0.2000000     0.2000000     0.0000000)
        q(000032) = (     0.2000000     0.2000000     0.2000000)
        q(000033) = (     0.2000000     0.2000000     0.4000000)
        q(000034) = (     0.2000000     0.2000000    -0.4000000)
        q(000035) = (     0.2000000     0.2000000    -0.2000000)
        q(000036) = (     0.2000000     0.4000000     0.0000000)
        q(000037) = (     0.2000000     0.4000000     0.2000000)
        q(000038) = (     0.2000000     0.4000000     0.4000000)
        q(000039) = (     0.2000000     0.4000000    -0.4000000)
        q(000040) = (     0.2000000     0.4000000    -0.2000000)
        q(000041) = (     0.2000000    -0.4000000     0.0000000)
        q(000042) = (     0.2000000    -0.4000000     0.2000000)
        q(000043) = (     0.2000000    -0.4000000     0.4000000)
        q(000044) = (     0.2000000    -0.4000000    -0.4000000)
        q(000045) = (     0.2000000    -0.4000000    -0.2000000)
        q(000046) = (     0.2000000    -0.2000000     0.0000000)
        q(000047) = (     0.2000000    -0.2000000     0.2000000)
        q(000048) = (     0.2000000    -0.2000000     0.4000000)
        q(000049) = (     0.2000000    -0.2000000    -0.4000000)
        q(000050) = (     0.2000000    -0.2000000    -0.2000000)
        Printing only first 50 q points...
       
     --------------------------------------------------------------------------------------------
     Parallelization for npdep                                           
     --------------------------------------------------------------------------------------------
     nglob                =            150
     nlevel               =              2
     Min nglob/nlevel     =             75
     Max nglob/nlevel     =             75
     --------------------------------------------------------------------------------------------
       
     --------------------------------------------------------------------------------------------
     Parallelization for npdep+macro                                     
     --------------------------------------------------------------------------------------------
     nglob                =            153
     nlevel               =              2
     Min nglob/nlevel     =             76
     Max nglob/nlevel     =             77
     --------------------------------------------------------------------------------------------
     ===========================================================================
          nsym   =   24
          nrot   =   48
          nq_ibz =   10
          Q-point IBZ [ cart  coord ]
          xq(00000001) = (  0.000000  0.000000  0.000000) wq =   0.008000
          xq(00000002) = ( -0.200000  0.200000 -0.200000) wq =   0.064000
          xq(00000003) = ( -0.400000  0.400000 -0.400000) wq =   0.064000
          xq(00000004) = (  0.000000  0.400000  0.000000) wq =   0.048000
          xq(00000005) = ( -0.200000  0.600000 -0.200000) wq =   0.192000
          xq(00000006) = (  0.600000 -0.200000  0.600000) wq =   0.192000
          xq(00000007) = (  0.400000  0.000000  0.400000) wq =   0.096000
          xq(00000008) = (  0.000000  0.800000  0.000000) wq =   0.048000
          xq(00000009) = (  0.800000  0.000000  0.800000) wq =   0.096000
          xq(00000010) = (  0.600000 -0.200000  1.000000) wq =   0.192000
          Q-point IBZ [ cryst coord ]
          xq(00000001) = (  0.000000  0.000000  0.000000) wq =   0.008000
          xq(00000002) = (  0.000000  0.000000  0.200000) wq =   0.064000
          xq(00000003) = (  0.000000  0.000000  0.400000) wq =   0.064000
          xq(00000004) = (  0.000000  0.200000  0.200000) wq =   0.048000
          xq(00000005) = (  0.000000  0.200000  0.400000) wq =   0.192000
          xq(00000006) = (  0.000000  0.200000 -0.400000) wq =   0.192000
          xq(00000007) = (  0.000000  0.200000 -0.200000) wq =   0.096000
          xq(00000008) = (  0.000000  0.400000  0.400000) wq =   0.048000
          xq(00000009) = (  0.000000  0.400000 -0.400000) wq =   0.096000
          xq(00000010) = (  0.200000  0.400000 -0.400000) wq =   0.192000
     ===========================================================================
     -------------------------------
     | Electron-Phonon Self-energy |
     -------------------------------
     ===========================================================================
          nsym   =   24
          nrot   =   48
          nk_ibz =   10
          Q-point IBZ [ cart  coord ]
          xk(00000001) = (  0.000000  0.000000  0.000000) wk =   0.008000
          xk(00000002) = ( -0.200000  0.200000 -0.200000) wk =   0.064000
          xk(00000003) = ( -0.400000  0.400000 -0.400000) wk =   0.064000
          xk(00000004) = (  0.000000  0.400000  0.000000) wk =   0.048000
          xk(00000005) = ( -0.200000  0.600000 -0.200000) wk =   0.192000
          xk(00000006) = (  0.600000 -0.200000  0.600000) wk =   0.192000
          xk(00000007) = (  0.400000  0.000000  0.400000) wk =   0.096000
          xk(00000008) = (  0.000000  0.800000  0.000000) wk =   0.048000
          xk(00000009) = (  0.800000  0.000000  0.800000) wk =   0.096000
          xk(00000010) = (  0.600000 -0.200000  1.000000) wk =   0.192000
          Q-point IBZ [ cryst coord ]
          xk(00000001) = (  0.000000  0.000000  0.000000) wk =   0.008000
          xk(00000002) = (  0.000000  0.000000  0.200000) wk =   0.064000
          xk(00000003) = (  0.000000  0.000000  0.400000) wk =   0.064000
          xk(00000004) = (  0.000000  0.200000  0.200000) wk =   0.048000
          xk(00000005) = (  0.000000  0.200000  0.400000) wk =   0.192000
          xk(00000006) = (  0.000000  0.200000 -0.400000) wk =   0.192000
          xk(00000007) = (  0.000000  0.200000 -0.200000) wk =   0.096000
          xk(00000008) = (  0.000000  0.400000  0.400000) wk =   0.048000
          xk(00000009) = (  0.000000  0.400000 -0.400000) wk =   0.096000
          xk(00000010) = (  0.200000  0.400000 -0.400000) wk =   0.192000
     ===========================================================================
       
     --------------------------------------------------------------------------------------------
     Computing Debye-Waller Self-energy (occ)                            
     --------------------------------------------------------------------------------------------
     in progress... |#                   | 005% :               00.1s (E)               02.3s (X)
     in progress... |##                  | 010% :               00.1s (E)               01.9s (X)
     in progress... |###                 | 015% :               00.2s (E)               01.8s (X)
     in progress... |####                | 020% :               00.3s (E)               01.7s (X)
     in progress... |#####               | 025% :               00.4s (E)               01.7s (X)
     in progress... |######              | 030% :               00.5s (E)               01.7s (X)
     in progress... |#######             | 035% :               00.5s (E)               01.7s (X)
     in progress... |########            | 040% :               00.6s (E)               01.6s (X)
     in progress... |#########           | 045% :               00.7s (E)               01.6s (X)
     in progress... |##########          | 050% :               00.8s (E)               01.6s (X)
     in progress... |###########         | 055% :               00.9s (E)               01.6s (X)
     in progress... |############        | 060% :               00.9s (E)               01.6s (X)
     in progress... |#############       | 065% :               01.0s (E)               01.6s (X)
     in progress... |##############      | 070% :               01.1s (E)               01.6s (X)
     in progress... |###############     | 075% :               01.2s (E)               01.6s (X)
     in progress... |################    | 080% :               01.2s (E)               01.6s (X)
     in progress... |#################   | 085% :               01.3s (E)               01.6s (X)
     in progress... |##################  | 090% :               01.4s (E)               01.6s (X)
     in progress... |################### | 095% :               01.5s (E)               01.6s (X)
     in progress... |####################| 100% :               01.6s (E)               01.6s (X)
     --------------------------------------------------------------------------------------------
       
     --------------------------------------------------------------------------------------------
     Computing Debye-Waller Self-energy (Lanczos)                        
     --------------------------------------------------------------------------------------------
     in progress... |##                  | 010% :               00.4s (E)               04.7s (X)
     in progress... |####                | 020% :               00.9s (E)               04.6s (X)
     in progress... |######              | 030% :               01.4s (E)               04.7s (X)
     in progress... |########            | 040% :               01.9s (E)               04.7s (X)
     in progress... |##########          | 050% :               02.3s (E)               04.7s (X)
     in progress... |############        | 060% :               02.7s (E)               04.6s (X)
     in progress... |##############      | 070% :               03.2s (E)               04.5s (X)
     in progress... |################    | 080% :               03.6s (E)               04.5s (X)
     in progress... |##################  | 090% :               04.0s (E)               04.4s (X)
     in progress... |####################| 100% :               04.4s (E)               04.4s (X)
     --------------------------------------------------------------------------------------------
       
     --------------------------------------------------------------------------------------------
     Compute Fan-Migdal Self-energy (occ)                                
     --------------------------------------------------------------------------------------------
     in progress... |#                   | 005% :               00.4s (E)               08.0s (X)
     in progress... |##                  | 010% :               00.7s (E)               07.4s (X)
     in progress... |###                 | 015% :               01.0s (E)               07.3s (X)
     in progress... |####                | 020% :               01.4s (E)               07.2s (X)
     in progress... |#####               | 025% :               01.8s (E)               07.3s (X)
     in progress... |######              | 030% :               02.1s (E)               07.3s (X)
     in progress... |#######             | 035% :               02.5s (E)               07.2s (X)
     in progress... |########            | 040% :               02.9s (E)               07.2s (X)
     in progress... |#########           | 045% :               03.3s (E)               07.3s (X)
     in progress... |##########          | 050% :               03.6s (E)               07.3s (X)
     in progress... |###########         | 055% :               04.0s (E)               07.3s (X)
     in progress... |############        | 060% :               04.4s (E)               07.3s (X)
     in progress... |#############       | 065% :               04.8s (E)               07.4s (X)
     in progress... |##############      | 070% :               05.1s (E)               07.3s (X)
     in progress... |###############     | 075% :               05.5s (E)               07.3s (X)
     in progress... |################    | 080% :               05.8s (E)               07.3s (X)
     in progress... |#################   | 085% :               06.2s (E)               07.3s (X)
     in progress... |##################  | 090% :               06.6s (E)               07.3s (X)
     in progress... |################### | 095% :               06.9s (E)               07.3s (X)
     in progress... |####################| 100% :               07.3s (E)               07.3s (X)
     --------------------------------------------------------------------------------------------
       
     --------------------------------------------------------------------------------------------
     Compute Fan-Migdal Self-energy (Lanczos)                            
     --------------------------------------------------------------------------------------------
     in progress... |##                  | 010% :               09.3s (E)           01m-33.7s (X)
     in progress... |####                | 020% :               18.7s (E)           01m-33.5s (X)
     in progress... |######              | 030% :               28.0s (E)           01m-33.5s (X)
     in progress... |########            | 040% :               37.4s (E)           01m-33.5s (X)
     in progress... |##########          | 050% :               46.8s (E)           01m-33.6s (X)
     in progress... |############        | 060% :               56.1s (E)           01m-33.5s (X)
     in progress... |##############      | 070% :           01m-05.4s (E)           01m-33.5s (X)
     in progress... |################    | 080% :           01m-14.8s (E)           01m-33.5s (X)
     in progress... |##################  | 090% :           01m-24.1s (E)           01m-33.5s (X)
     in progress... |####################| 100% :           01m-33.5s (E)           01m-33.5s (X)
     --------------------------------------------------------------------------------------------
     WELPH        :  1m44.01s CPU     1m50.50s WALL

     welph_readin :      1.36s CPU      1.56s WALL (       1 calls)
     fetch_input  :      0.02s CPU      0.02s WALL (       2 calls)
     read_xml     :      0.86s CPU      0.97s WALL (       1 calls)
     init_vloc    :      0.00s CPU      0.00s WALL (       2 calls)
     fft          :      0.01s CPU      0.03s WALL (      14 calls)
     fft_scatter  :     44.68s CPU     46.83s WALL ( 1989662 calls)
     v_of_rho     :      0.00s CPU      0.00s WALL (       1 calls)
     v_xc         :      0.00s CPU      0.00s WALL (       1 calls)
     v_h          :      0.00s CPU      0.00s WALL (       1 calls)
     read_wave    :      0.47s CPU      0.56s WALL (       1 calls)
     davcio       :      0.20s CPU      0.22s WALL (   10206 calls)
     init_us_1    :      0.00s CPU      0.00s WALL (       2 calls)
     do_setup     :      0.01s CPU      0.02s WALL (       1 calls)
     init_pw_ar   :      0.00s CPU      0.00s WALL (       1 calls)
     init_at_1    :      0.00s CPU      0.00s WALL (       1 calls)
     setup_dmuxc  :      0.00s CPU      0.00s WALL (       1 calls)
     ffts         :      2.75s CPU      2.80s WALL (    4128 calls)
     scatter_grid :      0.33s CPU      0.35s WALL (    7503 calls)
     init_us_2    :      0.09s CPU      0.09s WALL (   10080 calls)
     fftw         :     50.67s CPU     53.11s WALL ( 1985520 calls)
     calbec       :      3.35s CPU      3.53s WALL (  144540 calls)
     computeDW1   :      1.45s CPU      1.61s WALL (       1 calls)
     computeDW2   :      4.24s CPU      4.44s WALL (       1 calls)
     alphapc      :      3.16s CPU      3.31s WALL (  118110 calls)
     lan_H        :     77.27s CPU     80.76s WALL (    3810 calls)
     h_psi_bgrp   :     53.10s CPU     55.60s WALL (  114300 calls)
     h_psi        :     52.91s CPU     55.42s WALL (  114300 calls)
     h_psi:pot    :     52.71s CPU     55.20s WALL (  114300 calls)
     vloc_psi     :     48.94s CPU     51.25s WALL (  114300 calls)
     h_psi:calbec :      2.88s CPU      3.01s WALL (  114300 calls)
     add_vuspsi   :      0.52s CPU      0.55s WALL (  114300 calls)
     computeFM1   :      6.64s CPU      7.32s WALL (       1 calls)
     computeFM2   :     89.52s CPU     93.54s WALL (       1 calls)
 
     WELPH        :  1m44.02s CPU     1m50.51s WALL

 
   This run was terminated on:  20: 2:33  11Jun2021            

=------------------------------------------------------------------------------=
   JOB DONE.
=------------------------------------------------------------------------------=
