
     Program WFREQ v. 3.1.1 starts on 11Jun2021 at 23:20:46 

     This program is part of the open-source West suite
     for massively parallel calculations of excited states in materials; please cite
         "M. Govoni et al., J. Chem. Theory Comput. 11, 2680 (2015);
          URL http://www.west-code.org", 
     in publications or presentations arising from this work.

     Based on the Quantum ESPRESSO v. 6.1 svn rev. 13369

     I/O is Little Endian
       
     --------------------------------------------------------------------------------------------
     **MPI** Parallelization Status                                      
     --------------------------------------------------------------------------------------------
                    80                   4             1             1            20
     --------------------------------------------------------------------------------------------
                     N         =         I      X      P      X      B      X      Z
                     ^                   ^             ^             ^             ^
                     |                   |             |             |             |
                   #rnk                  |             |             |             |
                                      #image           |             |             |
                                                     #pool           |             |
                                                                   #bgrp           |
                                                                                 #R&G
     --------------------------------------------------------------------------------------------
     **OPENMP** Parallelization Status
     #thr/rnk               =            1
     --------------------------------------------------------------------------------------------
     #prc = (rnk) * (thr) =           80
     --------------------------------------------------------------------------------------------
       
     --------------------------------------------------------------------------------------------
     I/O Summary : input_west                                            
     --------------------------------------------------------------------------------------------
     qe_prefix      = c
     west_prefix    = c
     outdir         = ./
     --------------------------------------------------------------------------------------------

     Reading data from directory:
     ./c.save

   Info: using nr1, nr2, nr3 values from input

   Info: using nr1, nr2, nr3 values from input

     IMPORTANT: XC functional enforced from input :
     Exchange-correlation      = PBE ( 1  4  3  4 0 0)
     Any further DFT definition will be discarded
     Please, verify this is what you really want

     Message from routine readpp:
     file ./c.save/C_ONCV_PBE-1.0.upf not found
 
     Parallelization info
     --------------------
     sticks:   dense  smooth     PW     G-vecs:    dense   smooth      PW
     Min          18      18      6                  231      231      46
     Max          19      19      7                  235      235      50
     Sum         367     367    121                 4645     4645     941
 
       
     --------------------------------------------------------------------------------------------
     I/O Summary : wstat_control                                         
     --------------------------------------------------------------------------------------------
     wstat_calculation              =              S
     n_pdep_eigen                   =            200
     n_pdep_times                   =              4
     n_pdep_maxiter                 =            100
     n_dfpt_maxiter                 =            250
     n_pdep_read_from_file          =              0
     trev_pdep                      =   1.000000E-03
     trev_pdep_rel                  =   1.000000E-01
     tr2_dfpt                       =   1.000000E-12
     l_kinetic_only                 =              F
     l_minimize_exx_if_active       =              F
     l_use_ecutrho                  =              F
     l_use_symm                     =              T
     l_real_space_pdep              =              F
     nq(1)                          =              5
     nq(2)                          =              5
     nq(3)                          =              5
     --------------------------------------------------------------------------------------------
       
     --------------------------------------------------------------------------------------------
     I/O Summary : wfreq_control                                         
     --------------------------------------------------------------------------------------------
     wfreq_calculation                        =           XWGQ
     n_pdep_eigen_to_use                      =            200
     qp_bandrange(1)                          =              1
     qp_bandrange(2)                          =              8
     macropol_calculation                     =              C
     n_lanczos                                =             30
     n_imfreq                                 =            400
     n_refreq                                 =            400
     ecut_imfreq [Ry]                         =     200.000000
     ecut_refreq [Ry]                         =       3.000000
     wfreq_eta [Ry]                           =       0.003675
     n_secant_maxiter                         =            200
     trev_secant [Ry]                         =       0.003676
     l_enable_lanczos                         =              T
     l_enable_gwetot                          =              F
     o_restart_time [min]                     =      -1.000000
     ecut_spectralf(1) [Ry]                   =      -2.000000
     ecut_spectralf(2) [Ry]                   =       2.000000
     n_spectralf                              =             10
     l_read_common_pdep                       =              F
     l_enable_gb_curvature                    =              T
     --------------------------------------------------------------------------------------------
       
     --------------------------------------------------------------------------------------------
     System Overview                                                     
     --------------------------------------------------------------------------------------------
     gamma_only           =              F
     ecutwfc [Ry]         =      60.000000
     ecutrho [Ry]         =     240.000000
     omega [au^3]         =   7.433490E+01
     nbnd                 =              8
     nkstot               =            125
     nspin                =              1
     nelec                =       8.000000
     npol                 =              1
     lsda                 =              F
     noncolin             =              F
     lspinorb             =              F
     domag                =              F
     --------------------------------------------------------------------------------------------

     3DFFT grid
        s : (  24,  24,  24)
        p : (  24,  24,  24)

     Direct Lattice Cell [a.u.]
        a1 = (    -3.3372412     0.0000000     3.3372412)
        a2 = (     0.0000000     3.3372412     3.3372412)
        a3 = (    -3.3372412     3.3372412     0.0000000)

     Reciprocal Lattice Cell [a.u.]
        b1 = (    -0.9413742    -0.9413742     0.9413742)
        b2 = (     0.9413742     0.9413742     0.9413742)
        b3 = (    -0.9413742     0.9413742    -0.9413742)
      

     Brillouin Zone sampling [cryst. coord.]
 
        k(000001) = (     0.0000000     0.0000000     0.0000000)
        k(000002) = (     0.0000000     0.0000000     0.2000000)
        k(000003) = (     0.0000000     0.0000000     0.4000000)
        k(000004) = (     0.0000000     0.0000000    -0.4000000)
        k(000005) = (     0.0000000     0.0000000    -0.2000000)
        k(000006) = (     0.0000000     0.2000000     0.0000000)
        k(000007) = (     0.0000000     0.2000000     0.2000000)
        k(000008) = (     0.0000000     0.2000000     0.4000000)
        k(000009) = (     0.0000000     0.2000000    -0.4000000)
        k(000010) = (     0.0000000     0.2000000    -0.2000000)
        k(000011) = (     0.0000000     0.4000000     0.0000000)
        k(000012) = (     0.0000000     0.4000000     0.2000000)
        k(000013) = (     0.0000000     0.4000000     0.4000000)
        k(000014) = (     0.0000000     0.4000000    -0.4000000)
        k(000015) = (     0.0000000     0.4000000    -0.2000000)
        k(000016) = (     0.0000000    -0.4000000     0.0000000)
        k(000017) = (     0.0000000    -0.4000000     0.2000000)
        k(000018) = (     0.0000000    -0.4000000     0.4000000)
        k(000019) = (     0.0000000    -0.4000000    -0.4000000)
        k(000020) = (     0.0000000    -0.4000000    -0.2000000)
        k(000021) = (     0.0000000    -0.2000000     0.0000000)
        k(000022) = (     0.0000000    -0.2000000     0.2000000)
        k(000023) = (     0.0000000    -0.2000000     0.4000000)
        k(000024) = (     0.0000000    -0.2000000    -0.4000000)
        k(000025) = (     0.0000000    -0.2000000    -0.2000000)
        k(000026) = (     0.2000000     0.0000000     0.0000000)
        k(000027) = (     0.2000000     0.0000000     0.2000000)
        k(000028) = (     0.2000000     0.0000000     0.4000000)
        k(000029) = (     0.2000000     0.0000000    -0.4000000)
        k(000030) = (     0.2000000     0.0000000    -0.2000000)
        k(000031) = (     0.2000000     0.2000000     0.0000000)
        k(000032) = (     0.2000000     0.2000000     0.2000000)
        k(000033) = (     0.2000000     0.2000000     0.4000000)
        k(000034) = (     0.2000000     0.2000000    -0.4000000)
        k(000035) = (     0.2000000     0.2000000    -0.2000000)
        k(000036) = (     0.2000000     0.4000000     0.0000000)
        k(000037) = (     0.2000000     0.4000000     0.2000000)
        k(000038) = (     0.2000000     0.4000000     0.4000000)
        k(000039) = (     0.2000000     0.4000000    -0.4000000)
        k(000040) = (     0.2000000     0.4000000    -0.2000000)
        k(000041) = (     0.2000000    -0.4000000     0.0000000)
        k(000042) = (     0.2000000    -0.4000000     0.2000000)
        k(000043) = (     0.2000000    -0.4000000     0.4000000)
        k(000044) = (     0.2000000    -0.4000000    -0.4000000)
        k(000045) = (     0.2000000    -0.4000000    -0.2000000)
        k(000046) = (     0.2000000    -0.2000000     0.0000000)
        k(000047) = (     0.2000000    -0.2000000     0.2000000)
        k(000048) = (     0.2000000    -0.2000000     0.4000000)
        k(000049) = (     0.2000000    -0.2000000    -0.4000000)
        k(000050) = (     0.2000000    -0.2000000    -0.2000000)
        Printing only first 50 k points...
 
        q(000001) = (     0.0000000     0.0000000     0.0000000)
        q(000002) = (     0.0000000     0.0000000     0.2000000)
        q(000003) = (     0.0000000     0.0000000     0.4000000)
        q(000004) = (     0.0000000     0.0000000    -0.4000000)
        q(000005) = (     0.0000000     0.0000000    -0.2000000)
        q(000006) = (     0.0000000     0.2000000     0.0000000)
        q(000007) = (     0.0000000     0.2000000     0.2000000)
        q(000008) = (     0.0000000     0.2000000     0.4000000)
        q(000009) = (     0.0000000     0.2000000    -0.4000000)
        q(000010) = (     0.0000000     0.2000000    -0.2000000)
        q(000011) = (     0.0000000     0.4000000     0.0000000)
        q(000012) = (     0.0000000     0.4000000     0.2000000)
        q(000013) = (     0.0000000     0.4000000     0.4000000)
        q(000014) = (     0.0000000     0.4000000    -0.4000000)
        q(000015) = (     0.0000000     0.4000000    -0.2000000)
        q(000016) = (     0.0000000    -0.4000000     0.0000000)
        q(000017) = (     0.0000000    -0.4000000     0.2000000)
        q(000018) = (     0.0000000    -0.4000000     0.4000000)
        q(000019) = (     0.0000000    -0.4000000    -0.4000000)
        q(000020) = (     0.0000000    -0.4000000    -0.2000000)
        q(000021) = (     0.0000000    -0.2000000     0.0000000)
        q(000022) = (     0.0000000    -0.2000000     0.2000000)
        q(000023) = (     0.0000000    -0.2000000     0.4000000)
        q(000024) = (     0.0000000    -0.2000000    -0.4000000)
        q(000025) = (     0.0000000    -0.2000000    -0.2000000)
        q(000026) = (     0.2000000     0.0000000     0.0000000)
        q(000027) = (     0.2000000     0.0000000     0.2000000)
        q(000028) = (     0.2000000     0.0000000     0.4000000)
        q(000029) = (     0.2000000     0.0000000    -0.4000000)
        q(000030) = (     0.2000000     0.0000000    -0.2000000)
        q(000031) = (     0.2000000     0.2000000     0.0000000)
        q(000032) = (     0.2000000     0.2000000     0.2000000)
        q(000033) = (     0.2000000     0.2000000     0.4000000)
        q(000034) = (     0.2000000     0.2000000    -0.4000000)
        q(000035) = (     0.2000000     0.2000000    -0.2000000)
        q(000036) = (     0.2000000     0.4000000     0.0000000)
        q(000037) = (     0.2000000     0.4000000     0.2000000)
        q(000038) = (     0.2000000     0.4000000     0.4000000)
        q(000039) = (     0.2000000     0.4000000    -0.4000000)
        q(000040) = (     0.2000000     0.4000000    -0.2000000)
        q(000041) = (     0.2000000    -0.4000000     0.0000000)
        q(000042) = (     0.2000000    -0.4000000     0.2000000)
        q(000043) = (     0.2000000    -0.4000000     0.4000000)
        q(000044) = (     0.2000000    -0.4000000    -0.4000000)
        q(000045) = (     0.2000000    -0.4000000    -0.2000000)
        q(000046) = (     0.2000000    -0.2000000     0.0000000)
        q(000047) = (     0.2000000    -0.2000000     0.2000000)
        q(000048) = (     0.2000000    -0.2000000     0.4000000)
        q(000049) = (     0.2000000    -0.2000000    -0.4000000)
        q(000050) = (     0.2000000    -0.2000000    -0.2000000)
        Printing only first 50 q points...
       
     --------------------------------------------------------------------------------------------
     Parallelization for npdep                                           
     --------------------------------------------------------------------------------------------
     nglob                =            200
     nlevel               =              4
     Min nglob/nlevel     =             50
     Max nglob/nlevel     =             50
     --------------------------------------------------------------------------------------------
       
     --------------------------------------------------------------------------------------------
     Parallelization for npdep+macro                                     
     --------------------------------------------------------------------------------------------
     nglob                =            203
     nlevel               =              4
     Min nglob/nlevel     =             50
     Max nglob/nlevel     =             51
     --------------------------------------------------------------------------------------------
       
     --------------------------------------------------------------------------------------------
     Parallelization for n_imfreq                                        
     --------------------------------------------------------------------------------------------
     nglob                =            400
     nlevel               =             20
     Min nglob/nlevel     =             20
     Max nglob/nlevel     =             20
     --------------------------------------------------------------------------------------------
       
     --------------------------------------------------------------------------------------------
     Parallelization for n_refreq                                        
     --------------------------------------------------------------------------------------------
     nglob                =            400
     nlevel               =             20
     Min nglob/nlevel     =             20
     Max nglob/nlevel     =             20
     --------------------------------------------------------------------------------------------
       
     --------------------------------------------------------------------------------------------
     Parallelization for nbnd                                            
     --------------------------------------------------------------------------------------------
     nglob                =              8
     nlevel               =              4
     Min nglob/nlevel     =              2
     Max nglob/nlevel     =              2
     --------------------------------------------------------------------------------------------
     ===========================================================================
          nsym   =   24
          nrot   =   48
          nk_ibz =   10
          Q-point IBZ [ cart  coord ]
          xk(00000001) = (  0.000000  0.000000  0.000000) wk =   0.008000
          xk(00000002) = ( -0.200000  0.200000 -0.200000) wk =   0.064000
          xk(00000003) = ( -0.400000  0.400000 -0.400000) wk =   0.064000
          xk(00000004) = (  0.000000  0.400000  0.000000) wk =   0.048000
          xk(00000005) = ( -0.200000  0.600000 -0.200000) wk =   0.192000
          xk(00000006) = (  0.600000 -0.200000  0.600000) wk =   0.192000
          xk(00000007) = (  0.400000  0.000000  0.400000) wk =   0.096000
          xk(00000008) = (  0.000000  0.800000  0.000000) wk =   0.048000
          xk(00000009) = (  0.800000  0.000000  0.800000) wk =   0.096000
          xk(00000010) = (  0.600000 -0.200000  1.000000) wk =   0.192000
          Q-point IBZ [ cryst coord ]
          xk(00000001) = (  0.000000  0.000000  0.000000) wk =   0.008000
          xk(00000002) = (  0.000000  0.000000  0.200000) wk =   0.064000
          xk(00000003) = (  0.000000  0.000000  0.400000) wk =   0.064000
          xk(00000004) = (  0.000000  0.200000  0.200000) wk =   0.048000
          xk(00000005) = (  0.000000  0.200000  0.400000) wk =   0.192000
          xk(00000006) = (  0.000000  0.200000 -0.400000) wk =   0.192000
          xk(00000007) = (  0.000000  0.200000 -0.200000) wk =   0.096000
          xk(00000008) = (  0.000000  0.400000  0.400000) wk =   0.048000
          xk(00000009) = (  0.000000  0.400000 -0.400000) wk =   0.096000
          xk(00000010) = (  0.200000  0.400000 -0.400000) wk =   0.192000
     ===========================================================================
     ===========================================================================
          nsym   =   24
          nrot   =   48
          nq_ibz =   10
          Q-point IBZ [ cart  coord ]
          xq(00000001) = (  0.000000  0.000000  0.000000) wq =   0.008000
          xq(00000002) = ( -0.200000  0.200000 -0.200000) wq =   0.064000
          xq(00000003) = ( -0.400000  0.400000 -0.400000) wq =   0.064000
          xq(00000004) = (  0.000000  0.400000  0.000000) wq =   0.048000
          xq(00000005) = ( -0.200000  0.600000 -0.200000) wq =   0.192000
          xq(00000006) = (  0.600000 -0.200000  0.600000) wq =   0.192000
          xq(00000007) = (  0.400000  0.000000  0.400000) wq =   0.096000
          xq(00000008) = (  0.000000  0.800000  0.000000) wq =   0.048000
          xq(00000009) = (  0.800000  0.000000  0.800000) wq =   0.096000
          xq(00000010) = (  0.600000 -0.200000  1.000000) wq =   0.192000
          Q-point IBZ [ cryst coord ]
          xq(00000001) = (  0.000000  0.000000  0.000000) wq =   0.008000
          xq(00000002) = (  0.000000  0.000000  0.200000) wq =   0.064000
          xq(00000003) = (  0.000000  0.000000  0.400000) wq =   0.064000
          xq(00000004) = (  0.000000  0.200000  0.200000) wq =   0.048000
          xq(00000005) = (  0.000000  0.200000  0.400000) wq =   0.192000
          xq(00000006) = (  0.000000  0.200000 -0.400000) wq =   0.192000
          xq(00000007) = (  0.000000  0.200000 -0.200000) wq =   0.096000
          xq(00000008) = (  0.000000  0.400000  0.400000) wq =   0.048000
          xq(00000009) = (  0.000000  0.400000 -0.400000) wq =   0.096000
          xq(00000010) = (  0.200000  0.400000 -0.400000) wq =   0.192000
     ===========================================================================
       
     --------------------------------------------------------------------------------------------
     Hartree-Fock Exact E(X)change                                       
     --------------------------------------------------------------------------------------------
      
     --------------------------------------------------------------------------------------------
     Vxc
     --------------------------------------------------------------------------------------------
     in progress... |#                   | 005% :             < 00.1s (E)             < 00.1s (X)
     in progress... |##                  | 010% :             < 00.1s (E)             < 00.1s (X)
     in progress... |###                 | 015% :             < 00.1s (E)             < 00.1s (X)
     in progress... |####                | 020% :             < 00.1s (E)             < 00.1s (X)
     in progress... |#####               | 025% :             < 00.1s (E)             < 00.1s (X)
     in progress... |######              | 030% :             < 00.1s (E)             < 00.1s (X)
     in progress... |#######             | 035% :             < 00.1s (E)             < 00.1s (X)
     in progress... |########            | 040% :             < 00.1s (E)             < 00.1s (X)
     in progress... |#########           | 045% :             < 00.1s (E)             < 00.1s (X)
     in progress... |##########          | 050% :             < 00.1s (E)             < 00.1s (X)
     in progress... |###########         | 055% :             < 00.1s (E)             < 00.1s (X)
     in progress... |############        | 060% :             < 00.1s (E)             < 00.1s (X)
     in progress... |#############       | 065% :             < 00.1s (E)             < 00.1s (X)
     in progress... |##############      | 070% :             < 00.1s (E)             < 00.1s (X)
     in progress... |###############     | 075% :             < 00.1s (E)             < 00.1s (X)
     in progress... |################    | 080% :             < 00.1s (E)             < 00.1s (X)
     in progress... |#################   | 085% :             < 00.1s (E)             < 00.1s (X)
     in progress... |##################  | 090% :             < 00.1s (E)             < 00.1s (X)
     in progress... |################### | 095% :             < 00.1s (E)             < 00.1s (X)
     in progress... |####################| 100% :             < 00.1s (E)             < 00.1s (X)
     --------------------------------------------------------------------------------------------
      
     --------------------------------------------------------------------------------------------
     (X)-Sigma
     --------------------------------------------------------------------------------------------
     in progress... |#                   | 005% :               00.9s (E)               18.7s (X)
     in progress... |##                  | 010% :               01.8s (E)               18.6s (X)
     in progress... |###                 | 015% :               02.7s (E)               18.6s (X)
     in progress... |####                | 020% :               03.7s (E)               18.6s (X)
     in progress... |#####               | 025% :               04.6s (E)               18.6s (X)
     in progress... |######              | 030% :               05.5s (E)               18.6s (X)
     in progress... |#######             | 035% :               06.5s (E)               18.6s (X)
     in progress... |########            | 040% :               07.4s (E)               18.6s (X)
     in progress... |#########           | 045% :               08.3s (E)               18.6s (X)
     in progress... |##########          | 050% :               09.3s (E)               18.6s (X)
     in progress... |###########         | 055% :               10.2s (E)               18.6s (X)
     in progress... |############        | 060% :               11.1s (E)               18.6s (X)
     in progress... |#############       | 065% :               12.1s (E)               18.6s (X)
     in progress... |##############      | 070% :               13.0s (E)               18.6s (X)
     in progress... |###############     | 075% :               13.9s (E)               18.6s (X)
     in progress... |################    | 080% :               14.8s (E)               18.6s (X)
     in progress... |#################   | 085% :               15.8s (E)               18.6s (X)
     in progress... |##################  | 090% :               16.7s (E)               18.6s (X)
     in progress... |################### | 095% :               17.6s (E)               18.6s (X)
     in progress... |####################| 100% :               18.6s (E)               18.6s (X)
     --------------------------------------------------------------------------------------------
       
     --------------------------------------------------------------------------------------------
     (W)-Lanczos                                                         
     --------------------------------------------------------------------------------------------
     in progress... |#                   | 005% :               44.0s (E)           14m-41.1s (X)
     in progress... |##                  | 010% :           01m-28.2s (E)           14m-42.6s (X)
     in progress... |###                 | 015% :           02m-11.9s (E)           14m-39.3s (X)
     in progress... |####                | 020% :           02m-55.6s (E)           14m-38.2s (X)
     in progress... |#####               | 025% :           03m-39.4s (E)           14m-37.9s (X)
     in progress... |######              | 030% :           04m-23.2s (E)           14m-37.5s (X)
     in progress... |#######             | 035% :           05m-07.7s (E)           14m-39.1s (X)
     in progress... |########            | 040% :           05m-52.0s (E)           14m-40.0s (X)
     in progress... |#########           | 045% :           06m-35.9s (E)           14m-39.9s (X)
     in progress... |##########          | 050% :           07m-19.8s (E)           14m-39.6s (X)
     in progress... |###########         | 055% :           08m-03.7s (E)           14m-39.5s (X)
     in progress... |############        | 060% :           08m-47.6s (E)           14m-39.4s (X)
     in progress... |#############       | 065% :           09m-31.6s (E)           14m-39.5s (X)
     in progress... |##############      | 070% :           10m-15.6s (E)           14m-39.4s (X)
     in progress... |###############     | 075% :           10m-59.4s (E)           14m-39.3s (X)
     in progress... |################    | 080% :           11m-43.3s (E)           14m-39.1s (X)
     in progress... |#################   | 085% :           12m-27.2s (E)           14m-39.1s (X)
     in progress... |##################  | 090% :           13m-11.1s (E)           14m-39.0s (X)
     in progress... |################### | 095% :           13m-55.1s (E)           14m-39.0s (X)
     in progress... |####################| 100% :           14m-38.9s (E)           14m-38.9s (X)
     --------------------------------------------------------------------------------------------
 
     Number of q in the star =    4
     List of q in the star:
          1  -0.200000000   0.200000000  -0.200000000
          2   0.200000000  -0.200000000  -0.200000000
          3   0.200000000   0.200000000   0.200000000
          4  -0.200000000  -0.200000000   0.200000000
     In addition there is the -q list: 
          1   0.200000000  -0.200000000   0.200000000
          2  -0.200000000   0.200000000   0.200000000
          3  -0.200000000  -0.200000000  -0.200000000
          4   0.200000000   0.200000000  -0.200000000
 
     Number of q in the star =    4
     List of q in the star:
          1  -0.400000000   0.400000000  -0.400000000
          2   0.400000000  -0.400000000  -0.400000000
          3   0.400000000   0.400000000   0.400000000
          4  -0.400000000  -0.400000000   0.400000000
     In addition there is the -q list: 
          1   0.400000000  -0.400000000   0.400000000
          2  -0.400000000   0.400000000   0.400000000
          3  -0.400000000  -0.400000000  -0.400000000
          4   0.400000000   0.400000000  -0.400000000
 
     Number of q in the star =    6
     List of q in the star:
          1   0.000000000   0.400000000   0.000000000
          2   0.000000000  -0.400000000   0.000000000
          3   0.400000000   0.000000000   0.000000000
          4  -0.400000000   0.000000000   0.000000000
          5   0.000000000   0.000000000   0.400000000
          6   0.000000000   0.000000000  -0.400000000
 
     Number of q in the star =   12
     List of q in the star:
          1  -0.200000000   0.600000000  -0.200000000
          2   0.200000000  -0.600000000  -0.200000000
          3   0.200000000   0.600000000   0.200000000
          4  -0.200000000  -0.600000000   0.200000000
          5   0.600000000  -0.200000000  -0.200000000
          6  -0.600000000  -0.200000000   0.200000000
          7   0.600000000   0.200000000   0.200000000
          8  -0.600000000   0.200000000  -0.200000000
          9  -0.200000000  -0.200000000   0.600000000
         10  -0.200000000   0.200000000  -0.600000000
         11   0.200000000   0.200000000   0.600000000
         12   0.200000000  -0.200000000  -0.600000000
     In addition there is the -q list: 
          1   0.200000000  -0.600000000   0.200000000
          2  -0.200000000   0.600000000   0.200000000
          3  -0.200000000  -0.600000000  -0.200000000
          4   0.200000000   0.600000000  -0.200000000
          5  -0.600000000   0.200000000   0.200000000
          6   0.600000000   0.200000000  -0.200000000
          7  -0.600000000  -0.200000000  -0.200000000
          8   0.600000000  -0.200000000   0.200000000
          9   0.200000000   0.200000000  -0.600000000
         10   0.200000000  -0.200000000   0.600000000
         11  -0.200000000  -0.200000000  -0.600000000
         12  -0.200000000   0.200000000   0.600000000
 
     Number of q in the star =   12
     List of q in the star:
          1   0.600000000  -0.200000000   0.600000000
          2  -0.600000000   0.200000000   0.600000000
          3  -0.600000000  -0.200000000  -0.600000000
          4   0.600000000   0.200000000  -0.600000000
          5  -0.200000000   0.600000000   0.600000000
          6   0.200000000   0.600000000  -0.600000000
          7  -0.200000000  -0.600000000  -0.600000000
          8   0.200000000  -0.600000000   0.600000000
          9   0.600000000   0.600000000  -0.200000000
         10   0.600000000  -0.600000000   0.200000000
         11  -0.600000000  -0.600000000  -0.200000000
         12  -0.600000000   0.600000000   0.200000000
     In addition there is the -q list: 
          1  -0.600000000   0.200000000  -0.600000000
          2   0.600000000  -0.200000000  -0.600000000
          3   0.600000000   0.200000000   0.600000000
          4  -0.600000000  -0.200000000   0.600000000
          5   0.200000000  -0.600000000  -0.600000000
          6  -0.200000000  -0.600000000   0.600000000
          7   0.200000000   0.600000000   0.600000000
          8  -0.200000000   0.600000000  -0.600000000
          9  -0.600000000  -0.600000000   0.200000000
         10  -0.600000000   0.600000000  -0.200000000
         11   0.600000000   0.600000000   0.200000000
         12   0.600000000  -0.600000000  -0.200000000
 
     Number of q in the star =   12
     List of q in the star:
          1   0.400000000   0.000000000   0.400000000
          2  -0.400000000  -0.000000000   0.400000000
          3  -0.400000000   0.000000000  -0.400000000
          4   0.400000000  -0.000000000  -0.400000000
          5   0.000000000   0.400000000   0.400000000
          6  -0.000000000   0.400000000  -0.400000000
          7   0.000000000  -0.400000000  -0.400000000
          8  -0.000000000  -0.400000000   0.400000000
          9   0.400000000   0.400000000   0.000000000
         10   0.400000000  -0.400000000  -0.000000000
         11  -0.400000000  -0.400000000   0.000000000
         12  -0.400000000   0.400000000  -0.000000000
 
     Number of q in the star =    6
     List of q in the star:
          1   0.000000000   0.800000000   0.000000000
          2   0.000000000  -0.800000000   0.000000000
          3   0.800000000   0.000000000   0.000000000
          4  -0.800000000   0.000000000   0.000000000
          5   0.000000000   0.000000000   0.800000000
          6   0.000000000   0.000000000  -0.800000000
 
     Number of q in the star =   12
     List of q in the star:
          1   0.800000000   0.000000000   0.800000000
          2  -0.800000000   0.000000000   0.800000000
          3  -0.800000000   0.000000000  -0.800000000
          4   0.800000000   0.000000000  -0.800000000
          5   0.000000000   0.800000000   0.800000000
          6   0.000000000   0.800000000  -0.800000000
          7   0.000000000  -0.800000000  -0.800000000
          8   0.000000000  -0.800000000   0.800000000
          9   0.800000000   0.800000000   0.000000000
         10   0.800000000  -0.800000000   0.000000000
         11  -0.800000000  -0.800000000   0.000000000
         12  -0.800000000   0.800000000   0.000000000
 
     Number of q in the star =   24
     List of q in the star:
          1   0.600000000  -0.200000000   1.000000000
          2  -0.600000000   0.200000000   1.000000000
          3  -0.600000000  -0.200000000  -1.000000000
          4   0.600000000   0.200000000  -1.000000000
          5  -0.200000000   1.000000000   0.600000000
          6   0.200000000   1.000000000  -0.600000000
          7  -0.200000000  -1.000000000  -0.600000000
          8   0.200000000  -1.000000000   0.600000000
          9   1.000000000   0.600000000  -0.200000000
         10   1.000000000  -0.600000000   0.200000000
         11  -1.000000000  -0.600000000  -0.200000000
         12  -1.000000000   0.600000000   0.200000000
         13   0.200000000  -0.600000000   1.000000000
         14  -0.200000000   0.600000000   1.000000000
         15   0.200000000   0.600000000  -1.000000000
         16  -0.200000000  -0.600000000  -1.000000000
         17  -1.000000000  -0.200000000  -0.600000000
         18   1.000000000  -0.200000000   0.600000000
         19  -1.000000000   0.200000000   0.600000000
         20   1.000000000   0.200000000  -0.600000000
         21   0.600000000  -1.000000000   0.200000000
         22   0.600000000   1.000000000  -0.200000000
         23  -0.600000000  -1.000000000  -0.200000000
         24  -0.600000000   1.000000000   0.200000000
 
     Number of q in the star =    4
     List of q in the star:
          1  -0.200000000   0.200000000  -0.200000000
          2   0.200000000  -0.200000000  -0.200000000
          3   0.200000000   0.200000000   0.200000000
          4  -0.200000000  -0.200000000   0.200000000
     In addition there is the -q list: 
          1   0.200000000  -0.200000000   0.200000000
          2  -0.200000000   0.200000000   0.200000000
          3  -0.200000000  -0.200000000  -0.200000000
          4   0.200000000   0.200000000  -0.200000000
 
     Number of q in the star =    4
     List of q in the star:
          1  -0.400000000   0.400000000  -0.400000000
          2   0.400000000  -0.400000000  -0.400000000
          3   0.400000000   0.400000000   0.400000000
          4  -0.400000000  -0.400000000   0.400000000
     In addition there is the -q list: 
          1   0.400000000  -0.400000000   0.400000000
          2  -0.400000000   0.400000000   0.400000000
          3  -0.400000000  -0.400000000  -0.400000000
          4   0.400000000   0.400000000  -0.400000000
 
     Number of q in the star =    6
     List of q in the star:
          1   0.000000000   0.400000000   0.000000000
          2   0.000000000  -0.400000000   0.000000000
          3   0.400000000   0.000000000   0.000000000
          4  -0.400000000   0.000000000   0.000000000
          5   0.000000000   0.000000000   0.400000000
          6   0.000000000   0.000000000  -0.400000000
 
     Number of q in the star =   12
     List of q in the star:
          1  -0.200000000   0.600000000  -0.200000000
          2   0.200000000  -0.600000000  -0.200000000
          3   0.200000000   0.600000000   0.200000000
          4  -0.200000000  -0.600000000   0.200000000
          5   0.600000000  -0.200000000  -0.200000000
          6  -0.600000000  -0.200000000   0.200000000
          7   0.600000000   0.200000000   0.200000000
          8  -0.600000000   0.200000000  -0.200000000
          9  -0.200000000  -0.200000000   0.600000000
         10  -0.200000000   0.200000000  -0.600000000
         11   0.200000000   0.200000000   0.600000000
         12   0.200000000  -0.200000000  -0.600000000
     In addition there is the -q list: 
          1   0.200000000  -0.600000000   0.200000000
          2  -0.200000000   0.600000000   0.200000000
          3  -0.200000000  -0.600000000  -0.200000000
          4   0.200000000   0.600000000  -0.200000000
          5  -0.600000000   0.200000000   0.200000000
          6   0.600000000   0.200000000  -0.200000000
          7  -0.600000000  -0.200000000  -0.200000000
          8   0.600000000  -0.200000000   0.200000000
          9   0.200000000   0.200000000  -0.600000000
         10   0.200000000  -0.200000000   0.600000000
         11  -0.200000000  -0.200000000  -0.600000000
         12  -0.200000000   0.200000000   0.600000000
 
     Number of q in the star =   12
     List of q in the star:
          1   0.600000000  -0.200000000   0.600000000
          2  -0.600000000   0.200000000   0.600000000
          3  -0.600000000  -0.200000000  -0.600000000
          4   0.600000000   0.200000000  -0.600000000
          5  -0.200000000   0.600000000   0.600000000
          6   0.200000000   0.600000000  -0.600000000
          7  -0.200000000  -0.600000000  -0.600000000
          8   0.200000000  -0.600000000   0.600000000
          9   0.600000000   0.600000000  -0.200000000
         10   0.600000000  -0.600000000   0.200000000
         11  -0.600000000  -0.600000000  -0.200000000
         12  -0.600000000   0.600000000   0.200000000
     In addition there is the -q list: 
          1  -0.600000000   0.200000000  -0.600000000
          2   0.600000000  -0.200000000  -0.600000000
          3   0.600000000   0.200000000   0.600000000
          4  -0.600000000  -0.200000000   0.600000000
          5   0.200000000  -0.600000000  -0.600000000
          6  -0.200000000  -0.600000000   0.600000000
          7   0.200000000   0.600000000   0.600000000
          8  -0.200000000   0.600000000  -0.600000000
          9  -0.600000000  -0.600000000   0.200000000
         10  -0.600000000   0.600000000  -0.200000000
         11   0.600000000   0.600000000   0.200000000
         12   0.600000000  -0.600000000  -0.200000000
 
     Number of q in the star =   12
     List of q in the star:
          1   0.400000000   0.000000000   0.400000000
          2  -0.400000000  -0.000000000   0.400000000
          3  -0.400000000   0.000000000  -0.400000000
          4   0.400000000  -0.000000000  -0.400000000
          5   0.000000000   0.400000000   0.400000000
          6  -0.000000000   0.400000000  -0.400000000
          7   0.000000000  -0.400000000  -0.400000000
          8  -0.000000000  -0.400000000   0.400000000
          9   0.400000000   0.400000000   0.000000000
         10   0.400000000  -0.400000000  -0.000000000
         11  -0.400000000  -0.400000000   0.000000000
         12  -0.400000000   0.400000000  -0.000000000
 
     Number of q in the star =    6
     List of q in the star:
          1   0.000000000   0.800000000   0.000000000
          2   0.000000000  -0.800000000   0.000000000
          3   0.800000000   0.000000000   0.000000000
          4  -0.800000000   0.000000000   0.000000000
          5   0.000000000   0.000000000   0.800000000
          6   0.000000000   0.000000000  -0.800000000
 
     Number of q in the star =   12
     List of q in the star:
          1   0.800000000   0.000000000   0.800000000
          2  -0.800000000   0.000000000   0.800000000
          3  -0.800000000   0.000000000  -0.800000000
          4   0.800000000   0.000000000  -0.800000000
          5   0.000000000   0.800000000   0.800000000
          6   0.000000000   0.800000000  -0.800000000
          7   0.000000000  -0.800000000  -0.800000000
          8   0.000000000  -0.800000000   0.800000000
          9   0.800000000   0.800000000   0.000000000
         10   0.800000000  -0.800000000   0.000000000
         11  -0.800000000  -0.800000000   0.000000000
         12  -0.800000000   0.800000000   0.000000000
 
     Number of q in the star =   24
     List of q in the star:
          1   0.600000000  -0.200000000   1.000000000
          2  -0.600000000   0.200000000   1.000000000
          3  -0.600000000  -0.200000000  -1.000000000
          4   0.600000000   0.200000000  -1.000000000
          5  -0.200000000   1.000000000   0.600000000
          6   0.200000000   1.000000000  -0.600000000
          7  -0.200000000  -1.000000000  -0.600000000
          8   0.200000000  -1.000000000   0.600000000
          9   1.000000000   0.600000000  -0.200000000
         10   1.000000000  -0.600000000   0.200000000
         11  -1.000000000  -0.600000000  -0.200000000
         12  -1.000000000   0.600000000   0.200000000
         13   0.200000000  -0.600000000   1.000000000
         14  -0.200000000   0.600000000   1.000000000
         15   0.200000000   0.600000000  -1.000000000
         16  -0.200000000  -0.600000000  -1.000000000
         17  -1.000000000  -0.200000000  -0.600000000
         18   1.000000000  -0.200000000   0.600000000
         19  -1.000000000   0.200000000   0.600000000
         20   1.000000000   0.200000000  -0.600000000
         21   0.600000000  -1.000000000   0.200000000
         22   0.600000000   1.000000000  -0.200000000
         23  -0.600000000  -1.000000000  -0.200000000
         24  -0.600000000   1.000000000   0.200000000
       
     --------------------------------------------------------------------------------------------
     (G)-Lanczos                                                         
     --------------------------------------------------------------------------------------------
     in progress... |#                   | 005% :           03m-35.2s (E)       01h-11m-45.9s (X)
     in progress... |##                  | 010% :           06m-58.5s (E)       01h-09m-45.2s (X)
     in progress... |###                 | 015% :           10m-27.4s (E)       01h-09m-42.9s (X)
     in progress... |####                | 020% :           13m-55.9s (E)       01h-09m-39.6s (X)
     in progress... |#####               | 025% :           17m-24.0s (E)       01h-09m-36.1s (X)
     in progress... |######              | 030% :           20m-47.3s (E)       01h-09m-17.8s (X)
     in progress... |#######             | 035% :           24m-19.2s (E)       01h-09m-29.1s (X)
     in progress... |########            | 040% :           27m-43.6s (E)       01h-09m-19.0s (X)
     in progress... |#########           | 045% :           31m-11.0s (E)       01h-09m-17.9s (X)
     in progress... |##########          | 050% :           34m-36.9s (E)       01h-09m-13.9s (X)
     in progress... |###########         | 055% :           38m-09.4s (E)       01h-09m-22.6s (X)
     in progress... |############        | 060% :           41m-34.4s (E)       01h-09m-17.3s (X)
     in progress... |#############       | 065% :           44m-58.8s (E)       01h-09m-12.0s (X)
     in progress... |##############      | 070% :           48m-23.6s (E)       01h-09m-08.0s (X)
     in progress... |###############     | 075% :           51m-53.3s (E)       01h-09m-11.0s (X)
     in progress... |################    | 080% :           55m-19.0s (E)       01h-09m-08.8s (X)
     in progress... |#################   | 085% :           58m-45.1s (E)       01h-09m-07.2s (X)
     in progress... |##################  | 090% :       01h-02m-38.1s (E)       01h-09m-35.7s (X)
     in progress... |################### | 095% :       01h-07m-33.8s (E)       01h-11m-07.2s (X)
     in progress... |####################| 100% :       01h-10m-52.1s (E)       01h-10m-52.1s (X)
     --------------------------------------------------------------------------------------------
slurmstepd-midway2-0756: error: Detected 1 oom-kill event(s) in step 11673234.0 cgroup. Some of your processes may have been killed by the cgroup out-of-memory handler.
srun: error: midway2-0756: task 1: Out Of Memory
slurmstepd-midway2-0755: error: Detected 8 oom-kill event(s) in step 11673234.0 cgroup. Some of your processes may have been killed by the cgroup out-of-memory handler.
[mpiexec@midway2-0755.rcc.local] HYDT_bscu_wait_for_completion (../../tools/bootstrap/utils/bscu_wait.c:146): one of the processes terminated badly; aborting
[mpiexec@midway2-0755.rcc.local] HYDT_bsci_wait_for_completion (../../tools/bootstrap/src/bsci_wait.c:36): launcher returned error waiting for completion
[mpiexec@midway2-0755.rcc.local] HYD_pmci_wait_for_completion (../../pm/pmiserv/pmiserv_pmci.c:520): launcher returned error waiting for completion
[mpiexec@midway2-0755.rcc.local] main (../../ui/mpich/mpiexec.c:1130): process manager error waiting for completion
