
     Program WFREQ v. 3.1.1 starts on 11Jan2021 at 15:16:13 

     This program is part of the open-source West suite
     for massively parallel calculations of excited states in materials; please cite
         "M. Govoni et al., J. Chem. Theory Comput. 11, 2680 (2015);
          URL http://www.west-code.org", 
     in publications or presentations arising from this work.

     Based on the Quantum ESPRESSO v. 6.1 svn rev. 13369

     I/O is Little Endian
       
     --------------------------------------------------------------------------------------------
     **MPI** Parallelization Status                                      
     --------------------------------------------------------------------------------------------
                    80                   4             1             1            20
     --------------------------------------------------------------------------------------------
                     N         =         I      X      P      X      B      X      Z
                     ^                   ^             ^             ^             ^
                     |                   |             |             |             |
                   #rnk                  |             |             |             |
                                      #image           |             |             |
                                                     #pool           |             |
                                                                   #bgrp           |
                                                                                 #R&G
     --------------------------------------------------------------------------------------------
     **OPENMP** Parallelization Status
     #thr/rnk               =            1
     --------------------------------------------------------------------------------------------
     #prc = (rnk) * (thr) =           80
     --------------------------------------------------------------------------------------------
       
     --------------------------------------------------------------------------------------------
     I/O Summary : input_west                                            
     --------------------------------------------------------------------------------------------
     qe_prefix      = c
     west_prefix    = c
     outdir         = ./
     --------------------------------------------------------------------------------------------

     Reading data from directory:
     ./c.save

   Info: using nr1, nr2, nr3 values from input

   Info: using nr1, nr2, nr3 values from input

     IMPORTANT: XC functional enforced from input :
     Exchange-correlation      = PBE ( 1  4  3  4 0 0)
     Any further DFT definition will be discarded
     Please, verify this is what you really want

 
     Parallelization info
     --------------------
     sticks:   dense  smooth     PW     G-vecs:    dense   smooth      PW
     Min          18      18      6                  233      233      46
     Max          19      19      7                  236      236      50
     Sum         367     367    121                 4693     4693     941
 
       
     --------------------------------------------------------------------------------------------
     I/O Summary : wstat_control                                         
     --------------------------------------------------------------------------------------------
     wstat_calculation              =              S
     n_pdep_eigen                   =            200
     n_pdep_times                   =              4
     n_pdep_maxiter                 =            100
     n_dfpt_maxiter                 =            250
     n_pdep_read_from_file          =              0
     trev_pdep                      =   1.000000E-03
     trev_pdep_rel                  =   1.000000E-01
     tr2_dfpt                       =   1.000000E-12
     l_kinetic_only                 =              F
     l_minimize_exx_if_active       =              F
     l_use_ecutrho                  =              F
     l_use_symm                     =              T
     nq(1)                          =              4
     nq(2)                          =              4
     nq(3)                          =              4
     --------------------------------------------------------------------------------------------
       
     --------------------------------------------------------------------------------------------
     I/O Summary : wfreq_control                                         
     --------------------------------------------------------------------------------------------
     wfreq_calculation                        =           XWGQ
     n_pdep_eigen_to_use                      =            200
     qp_bandrange(1)                          =              1
     qp_bandrange(2)                          =              8
     macropol_calculation                     =              C
     n_lanczos                                =             30
     n_imfreq                                 =            500
     n_refreq                                 =            500
     ecut_imfreq [Ry]                         =     240.000000
     ecut_refreq [Ry]                         =       3.000000
     wfreq_eta [Ry]                           =       0.003675
     n_secant_maxiter                         =            200
     trev_secant [Ry]                         =       0.003676
     l_enable_lanczos                         =              T
     l_enable_gwetot                          =              F
     o_restart_time [min]                     =      -1.000000
     ecut_spectralf(1) [Ry]                   =      -2.000000
     ecut_spectralf(2) [Ry]                   =       2.000000
     n_spectralf                              =             10
     l_read_common_pdep                       =              F
     l_enable_gb_curvature                    =              T
     --------------------------------------------------------------------------------------------
       
     --------------------------------------------------------------------------------------------
     System Overview                                                     
     --------------------------------------------------------------------------------------------
     gamma_only           =              F
     ecutwfc [Ry]         =      60.000000
     ecutrho [Ry]         =     240.000000
     omega [au^3]         =   7.600930E+01
     nbnd                 =              8
     nkstot               =             64
     nspin                =              1
     nelec                =       8.000000
     npol                 =              1
     lsda                 =              F
     noncolin             =              F
     lspinorb             =              F
     domag                =              F
     --------------------------------------------------------------------------------------------

     3DFFT grid
        s : (  24,  24,  24)
        p : (  24,  24,  24)

     Direct Lattice Cell [a.u.]
        a1 = (    -3.3621125     0.0000000     3.3621125)
        a2 = (     0.0000000     3.3621125     3.3621125)
        a3 = (    -3.3621125     3.3621125     0.0000000)

     Reciprocal Lattice Cell [a.u.]
        b1 = (    -0.9344103    -0.9344103     0.9344103)
        b2 = (     0.9344103     0.9344103     0.9344103)
        b3 = (    -0.9344103     0.9344103    -0.9344103)
      

     Brillouin Zone sampling [cryst. coord.]
 
        k(000001) = (     0.0000000     0.0000000     0.0000000)
        k(000002) = (     0.0000000     0.0000000     0.2500000)
        k(000003) = (     0.0000000     0.0000000    -0.5000000)
        k(000004) = (     0.0000000     0.0000000    -0.2500000)
        k(000005) = (     0.0000000     0.2500000     0.0000000)
        k(000006) = (     0.0000000     0.2500000     0.2500000)
        k(000007) = (     0.0000000     0.2500000    -0.5000000)
        k(000008) = (     0.0000000     0.2500000    -0.2500000)
        k(000009) = (     0.0000000    -0.5000000     0.0000000)
        k(000010) = (     0.0000000    -0.5000000     0.2500000)
        k(000011) = (     0.0000000    -0.5000000    -0.5000000)
        k(000012) = (     0.0000000    -0.5000000    -0.2500000)
        k(000013) = (     0.0000000    -0.2500000     0.0000000)
        k(000014) = (     0.0000000    -0.2500000     0.2500000)
        k(000015) = (     0.0000000    -0.2500000    -0.5000000)
        k(000016) = (     0.0000000    -0.2500000    -0.2500000)
        k(000017) = (     0.2500000     0.0000000     0.0000000)
        k(000018) = (     0.2500000     0.0000000     0.2500000)
        k(000019) = (     0.2500000     0.0000000    -0.5000000)
        k(000020) = (     0.2500000     0.0000000    -0.2500000)
        k(000021) = (     0.2500000     0.2500000     0.0000000)
        k(000022) = (     0.2500000     0.2500000     0.2500000)
        k(000023) = (     0.2500000     0.2500000    -0.5000000)
        k(000024) = (     0.2500000     0.2500000    -0.2500000)
        k(000025) = (     0.2500000    -0.5000000     0.0000000)
        k(000026) = (     0.2500000    -0.5000000     0.2500000)
        k(000027) = (     0.2500000    -0.5000000    -0.5000000)
        k(000028) = (     0.2500000    -0.5000000    -0.2500000)
        k(000029) = (     0.2500000    -0.2500000     0.0000000)
        k(000030) = (     0.2500000    -0.2500000     0.2500000)
        k(000031) = (     0.2500000    -0.2500000    -0.5000000)
        k(000032) = (     0.2500000    -0.2500000    -0.2500000)
        k(000033) = (    -0.5000000     0.0000000     0.0000000)
        k(000034) = (    -0.5000000     0.0000000     0.2500000)
        k(000035) = (    -0.5000000     0.0000000    -0.5000000)
        k(000036) = (    -0.5000000     0.0000000    -0.2500000)
        k(000037) = (    -0.5000000     0.2500000     0.0000000)
        k(000038) = (    -0.5000000     0.2500000     0.2500000)
        k(000039) = (    -0.5000000     0.2500000    -0.5000000)
        k(000040) = (    -0.5000000     0.2500000    -0.2500000)
        k(000041) = (    -0.5000000    -0.5000000     0.0000000)
        k(000042) = (    -0.5000000    -0.5000000     0.2500000)
        k(000043) = (    -0.5000000    -0.5000000    -0.5000000)
        k(000044) = (    -0.5000000    -0.5000000    -0.2500000)
        k(000045) = (    -0.5000000    -0.2500000     0.0000000)
        k(000046) = (    -0.5000000    -0.2500000     0.2500000)
        k(000047) = (    -0.5000000    -0.2500000    -0.5000000)
        k(000048) = (    -0.5000000    -0.2500000    -0.2500000)
        k(000049) = (    -0.2500000     0.0000000     0.0000000)
        k(000050) = (    -0.2500000     0.0000000     0.2500000)
        Printing only first 50 k points...
 
        q(000001) = (     0.0000000     0.0000000     0.0000000)
        q(000002) = (     0.0000000     0.0000000     0.2500000)
        q(000003) = (     0.0000000     0.0000000    -0.5000000)
        q(000004) = (     0.0000000     0.0000000    -0.2500000)
        q(000005) = (     0.0000000     0.2500000     0.0000000)
        q(000006) = (     0.0000000     0.2500000     0.2500000)
        q(000007) = (     0.0000000     0.2500000    -0.5000000)
        q(000008) = (     0.0000000     0.2500000    -0.2500000)
        q(000009) = (     0.0000000    -0.5000000     0.0000000)
        q(000010) = (     0.0000000    -0.5000000     0.2500000)
        q(000011) = (     0.0000000    -0.5000000    -0.5000000)
        q(000012) = (     0.0000000    -0.5000000    -0.2500000)
        q(000013) = (     0.0000000    -0.2500000     0.0000000)
        q(000014) = (     0.0000000    -0.2500000     0.2500000)
        q(000015) = (     0.0000000    -0.2500000    -0.5000000)
        q(000016) = (     0.0000000    -0.2500000    -0.2500000)
        q(000017) = (     0.2500000     0.0000000     0.0000000)
        q(000018) = (     0.2500000     0.0000000     0.2500000)
        q(000019) = (     0.2500000     0.0000000    -0.5000000)
        q(000020) = (     0.2500000     0.0000000    -0.2500000)
        q(000021) = (     0.2500000     0.2500000     0.0000000)
        q(000022) = (     0.2500000     0.2500000     0.2500000)
        q(000023) = (     0.2500000     0.2500000    -0.5000000)
        q(000024) = (     0.2500000     0.2500000    -0.2500000)
        q(000025) = (     0.2500000    -0.5000000     0.0000000)
        q(000026) = (     0.2500000    -0.5000000     0.2500000)
        q(000027) = (     0.2500000    -0.5000000    -0.5000000)
        q(000028) = (     0.2500000    -0.5000000    -0.2500000)
        q(000029) = (     0.2500000    -0.2500000     0.0000000)
        q(000030) = (     0.2500000    -0.2500000     0.2500000)
        q(000031) = (     0.2500000    -0.2500000    -0.5000000)
        q(000032) = (     0.2500000    -0.2500000    -0.2500000)
        q(000033) = (    -0.5000000     0.0000000     0.0000000)
        q(000034) = (    -0.5000000     0.0000000     0.2500000)
        q(000035) = (    -0.5000000     0.0000000    -0.5000000)
        q(000036) = (    -0.5000000     0.0000000    -0.2500000)
        q(000037) = (    -0.5000000     0.2500000     0.0000000)
        q(000038) = (    -0.5000000     0.2500000     0.2500000)
        q(000039) = (    -0.5000000     0.2500000    -0.5000000)
        q(000040) = (    -0.5000000     0.2500000    -0.2500000)
        q(000041) = (    -0.5000000    -0.5000000     0.0000000)
        q(000042) = (    -0.5000000    -0.5000000     0.2500000)
        q(000043) = (    -0.5000000    -0.5000000    -0.5000000)
        q(000044) = (    -0.5000000    -0.5000000    -0.2500000)
        q(000045) = (    -0.5000000    -0.2500000     0.0000000)
        q(000046) = (    -0.5000000    -0.2500000     0.2500000)
        q(000047) = (    -0.5000000    -0.2500000    -0.5000000)
        q(000048) = (    -0.5000000    -0.2500000    -0.2500000)
        q(000049) = (    -0.2500000     0.0000000     0.0000000)
        q(000050) = (    -0.2500000     0.0000000     0.2500000)
        Printing only first 50 q points...
       
     --------------------------------------------------------------------------------------------
     Parallelization for npdep                                           
     --------------------------------------------------------------------------------------------
     nglob                =            200
     nlevel               =              4
     Min nglob/nlevel     =             50
     Max nglob/nlevel     =             50
     --------------------------------------------------------------------------------------------
       
     --------------------------------------------------------------------------------------------
     Parallelization for npdep+macro                                     
     --------------------------------------------------------------------------------------------
     nglob                =            203
     nlevel               =              4
     Min nglob/nlevel     =             50
     Max nglob/nlevel     =             51
     --------------------------------------------------------------------------------------------
       
     --------------------------------------------------------------------------------------------
     Parallelization for n_imfreq                                        
     --------------------------------------------------------------------------------------------
     nglob                =            500
     nlevel               =             20
     Min nglob/nlevel     =             25
     Max nglob/nlevel     =             25
     --------------------------------------------------------------------------------------------
       
     --------------------------------------------------------------------------------------------
     Parallelization for n_refreq                                        
     --------------------------------------------------------------------------------------------
     nglob                =            500
     nlevel               =             20
     Min nglob/nlevel     =             25
     Max nglob/nlevel     =             25
     --------------------------------------------------------------------------------------------
       
     --------------------------------------------------------------------------------------------
     Parallelization for nbnd                                            
     --------------------------------------------------------------------------------------------
     nglob                =              8
     nlevel               =              4
     Min nglob/nlevel     =              2
     Max nglob/nlevel     =              2
     --------------------------------------------------------------------------------------------
     ===========================================================================
          nsym   =   24
          nrot   =   48
          nk_ibz =    8
          Q-point IBZ [ cart  coord ]
          xk(00000001) = (  0.000000  0.000000  0.000000) wk =   0.015625
          xk(00000002) = ( -0.250000  0.250000 -0.250000) wk =   0.125000
          xk(00000003) = (  0.500000 -0.500000  0.500000) wk =   0.062500
          xk(00000004) = (  0.000000  0.500000  0.000000) wk =   0.093750
          xk(00000005) = (  0.750000 -0.250000  0.750000) wk =   0.375000
          xk(00000006) = (  0.500000  0.000000  0.500000) wk =   0.187500
          xk(00000007) = (  0.000000 -1.000000  0.000000) wk =   0.046875
          xk(00000008) = ( -0.500000 -1.000000  0.000000) wk =   0.093750
          Q-point IBZ [ cryst coord ]
          xk(00000001) = (  0.000000  0.000000  0.000000) wk =   0.015625
          xk(00000002) = (  0.000000  0.000000  0.250000) wk =   0.125000
          xk(00000003) = (  0.000000  0.000000 -0.500000) wk =   0.062500
          xk(00000004) = (  0.000000  0.250000  0.250000) wk =   0.093750
          xk(00000005) = (  0.000000  0.250000 -0.500000) wk =   0.375000
          xk(00000006) = (  0.000000  0.250000 -0.250000) wk =   0.187500
          xk(00000007) = (  0.000000 -0.500000 -0.500000) wk =   0.046875
          xk(00000008) = (  0.250000 -0.500000 -0.250000) wk =   0.093750
     ===========================================================================
     ===========================================================================
          nsym   =   24
          nrot   =   48
          nq_ibz =    8
          Q-point IBZ [ cart  coord ]
          xq(00000001) = (  0.000000  0.000000  0.000000) wq =   0.015625
          xq(00000002) = ( -0.250000  0.250000 -0.250000) wq =   0.125000
          xq(00000003) = (  0.500000 -0.500000  0.500000) wq =   0.062500
          xq(00000004) = (  0.000000  0.500000  0.000000) wq =   0.093750
          xq(00000005) = (  0.750000 -0.250000  0.750000) wq =   0.375000
          xq(00000006) = (  0.500000  0.000000  0.500000) wq =   0.187500
          xq(00000007) = (  0.000000 -1.000000  0.000000) wq =   0.046875
          xq(00000008) = ( -0.500000 -1.000000  0.000000) wq =   0.093750
          Q-point IBZ [ cryst coord ]
          xq(00000001) = (  0.000000  0.000000  0.000000) wq =   0.015625
          xq(00000002) = (  0.000000  0.000000  0.250000) wq =   0.125000
          xq(00000003) = (  0.000000  0.000000 -0.500000) wq =   0.062500
          xq(00000004) = (  0.000000  0.250000  0.250000) wq =   0.093750
          xq(00000005) = (  0.000000  0.250000 -0.500000) wq =   0.375000
          xq(00000006) = (  0.000000  0.250000 -0.250000) wq =   0.187500
          xq(00000007) = (  0.000000 -0.500000 -0.500000) wq =   0.046875
          xq(00000008) = (  0.250000 -0.500000 -0.250000) wq =   0.093750
     ===========================================================================
       
     --------------------------------------------------------------------------------------------
     Hartree-Fock Exact E(X)change                                       
     --------------------------------------------------------------------------------------------
      
     --------------------------------------------------------------------------------------------
     Vxc
     --------------------------------------------------------------------------------------------
     in progress... |#                   | 005% :             < 00.1s (E)               00.2s (X)
     in progress... |##                  | 010% :             < 00.1s (E)               00.1s (X)
     in progress... |###                 | 015% :             < 00.1s (E)               00.1s (X)
     in progress... |####                | 020% :             < 00.1s (E)             < 00.1s (X)
     in progress... |#####               | 025% :             < 00.1s (E)             < 00.1s (X)
     in progress... |######              | 030% :             < 00.1s (E)             < 00.1s (X)
     in progress... |#######             | 035% :             < 00.1s (E)             < 00.1s (X)
     in progress... |########            | 040% :             < 00.1s (E)             < 00.1s (X)
     in progress... |#########           | 045% :             < 00.1s (E)             < 00.1s (X)
     in progress... |##########          | 050% :             < 00.1s (E)             < 00.1s (X)
     in progress... |###########         | 055% :             < 00.1s (E)             < 00.1s (X)
     in progress... |############        | 060% :             < 00.1s (E)             < 00.1s (X)
     in progress... |#############       | 065% :             < 00.1s (E)             < 00.1s (X)
     in progress... |##############      | 070% :             < 00.1s (E)             < 00.1s (X)
     in progress... |###############     | 075% :             < 00.1s (E)             < 00.1s (X)
     in progress... |################    | 080% :             < 00.1s (E)             < 00.1s (X)
     in progress... |#################   | 085% :             < 00.1s (E)             < 00.1s (X)
     in progress... |##################  | 090% :             < 00.1s (E)             < 00.1s (X)
     in progress... |################### | 095% :             < 00.1s (E)             < 00.1s (X)
     in progress... |####################| 100% :             < 00.1s (E)             < 00.1s (X)
     --------------------------------------------------------------------------------------------
      
     --------------------------------------------------------------------------------------------
     (X)-Sigma
     --------------------------------------------------------------------------------------------
     in progress... |#                   | 005% :               00.4s (E)               08.3s (X)
     in progress... |##                  | 010% :               00.8s (E)               08.1s (X)
     in progress... |###                 | 015% :               01.1s (E)               07.9s (X)
     in progress... |####                | 020% :               01.6s (E)               08.0s (X)
     in progress... |#####               | 025% :               01.9s (E)               07.9s (X)
     in progress... |######              | 030% :               02.3s (E)               07.8s (X)
     in progress... |#######             | 035% :               02.6s (E)               07.4s (X)
     in progress... |########            | 040% :               02.9s (E)               07.2s (X)
     in progress... |#########           | 045% :               03.1s (E)               07.0s (X)
     in progress... |##########          | 050% :               03.3s (E)               06.7s (X)
     in progress... |###########         | 055% :               03.6s (E)               06.6s (X)
     in progress... |############        | 060% :               06.6s (E)               11.0s (X)
     in progress... |#############       | 065% :               06.8s (E)               10.6s (X)
     in progress... |##############      | 070% :               07.1s (E)               10.2s (X)
     in progress... |###############     | 075% :               07.3s (E)               09.8s (X)
     in progress... |################    | 080% :               07.6s (E)               09.5s (X)
     in progress... |#################   | 085% :               07.8s (E)               09.2s (X)
     in progress... |##################  | 090% :               08.1s (E)               09.0s (X)
     in progress... |################### | 095% :               08.3s (E)               08.7s (X)
     in progress... |####################| 100% :               08.5s (E)               08.5s (X)
     --------------------------------------------------------------------------------------------
       
     --------------------------------------------------------------------------------------------
     (W)-Lanczos                                                         
     --------------------------------------------------------------------------------------------
     in progress... |#                   | 005% :               19.5s (E)           06m-31.9s (X)
     in progress... |##                  | 010% :               38.6s (E)           06m-26.3s (X)
     in progress... |###                 | 015% :               58.1s (E)           06m-27.6s (X)
     in progress... |####                | 020% :           01m-16.8s (E)           06m-24.4s (X)
     in progress... |#####               | 025% :           01m-35.9s (E)           06m-23.8s (X)
     in progress... |######              | 030% :           01m-55.0s (E)           06m-23.5s (X)
     in progress... |#######             | 035% :           02m-13.8s (E)           06m-22.3s (X)
     in progress... |########            | 040% :           02m-33.1s (E)           06m-22.8s (X)
     in progress... |#########           | 045% :           02m-51.9s (E)           06m-22.0s (X)
     in progress... |##########          | 050% :           03m-10.7s (E)           06m-21.4s (X)
     in progress... |###########         | 055% :           03m-30.3s (E)           06m-22.4s (X)
     in progress... |############        | 060% :           03m-49.0s (E)           06m-21.8s (X)
     in progress... |#############       | 065% :           04m-08.7s (E)           06m-22.7s (X)
     in progress... |##############      | 070% :           04m-27.4s (E)           06m-22.0s (X)
     in progress... |###############     | 075% :           04m-46.0s (E)           06m-21.4s (X)
     in progress... |################    | 080% :           05m-05.4s (E)           06m-21.8s (X)
     in progress... |#################   | 085% :           05m-24.0s (E)           06m-21.2s (X)
     in progress... |##################  | 090% :           05m-43.9s (E)           06m-22.2s (X)
     in progress... |################### | 095% :           06m-02.6s (E)           06m-21.7s (X)
     in progress... |####################| 100% :           06m-21.3s (E)           06m-21.3s (X)
     --------------------------------------------------------------------------------------------
 
     Number of q in the star =    4
     List of q in the star:
          1  -0.250000000   0.250000000  -0.250000000
          2   0.250000000  -0.250000000  -0.250000000
          3   0.250000000   0.250000000   0.250000000
          4  -0.250000000  -0.250000000   0.250000000
     In addition there is the -q list: 
          1   0.250000000  -0.250000000   0.250000000
          2  -0.250000000   0.250000000   0.250000000
          3  -0.250000000  -0.250000000  -0.250000000
          4   0.250000000   0.250000000  -0.250000000
 
     Number of q in the star =    4
     List of q in the star:
          1   0.500000000  -0.500000000   0.500000000
          2  -0.500000000   0.500000000   0.500000000
          3  -0.500000000  -0.500000000  -0.500000000
          4   0.500000000   0.500000000  -0.500000000
 
     Number of q in the star =    6
     List of q in the star:
          1   0.000000000   0.500000000   0.000000000
          2   0.000000000  -0.500000000   0.000000000
          3   0.500000000   0.000000000   0.000000000
          4  -0.500000000   0.000000000   0.000000000
          5   0.000000000   0.000000000   0.500000000
          6   0.000000000   0.000000000  -0.500000000
 
     Number of q in the star =   12
     List of q in the star:
          1   0.750000000  -0.250000000   0.750000000
          2  -0.750000000   0.250000000   0.750000000
          3  -0.750000000  -0.250000000  -0.750000000
          4   0.750000000   0.250000000  -0.750000000
          5  -0.250000000   0.750000000   0.750000000
          6   0.250000000   0.750000000  -0.750000000
          7  -0.250000000  -0.750000000  -0.750000000
          8   0.250000000  -0.750000000   0.750000000
          9   0.750000000   0.750000000  -0.250000000
         10   0.750000000  -0.750000000   0.250000000
         11  -0.750000000  -0.750000000  -0.250000000
         12  -0.750000000   0.750000000   0.250000000
     In addition there is the -q list: 
          1  -0.750000000   0.250000000  -0.750000000
          2   0.750000000  -0.250000000  -0.750000000
          3   0.750000000   0.250000000   0.750000000
          4  -0.750000000  -0.250000000   0.750000000
          5   0.250000000  -0.750000000  -0.750000000
          6  -0.250000000  -0.750000000   0.750000000
          7   0.250000000   0.750000000   0.750000000
          8  -0.250000000   0.750000000  -0.750000000
          9  -0.750000000  -0.750000000   0.250000000
         10  -0.750000000   0.750000000  -0.250000000
         11   0.750000000   0.750000000   0.250000000
         12   0.750000000  -0.750000000  -0.250000000
 
     Number of q in the star =   12
     List of q in the star:
          1   0.500000000   0.000000000   0.500000000
          2  -0.500000000   0.000000000   0.500000000
          3  -0.500000000   0.000000000  -0.500000000
          4   0.500000000   0.000000000  -0.500000000
          5   0.000000000   0.500000000   0.500000000
          6   0.000000000   0.500000000  -0.500000000
          7   0.000000000  -0.500000000  -0.500000000
          8   0.000000000  -0.500000000   0.500000000
          9   0.500000000   0.500000000   0.000000000
         10   0.500000000  -0.500000000   0.000000000
         11  -0.500000000  -0.500000000   0.000000000
         12  -0.500000000   0.500000000   0.000000000
 
     Number of q in the star =    3
     List of q in the star:
          1   0.000000000  -1.000000000   0.000000000
          2  -1.000000000   0.000000000   0.000000000
          3   0.000000000   0.000000000  -1.000000000
 
     Number of q in the star =    6
     List of q in the star:
          1  -0.500000000  -1.000000000   0.000000000
          2   0.500000000   1.000000000   0.000000000
          3  -1.000000000   0.000000000  -0.500000000
          4   1.000000000   0.000000000   0.500000000
          5   0.000000000  -0.500000000  -1.000000000
          6   0.000000000   0.500000000   1.000000000
 
     Number of q in the star =    4
     List of q in the star:
          1  -0.250000000   0.250000000  -0.250000000
          2   0.250000000  -0.250000000  -0.250000000
          3   0.250000000   0.250000000   0.250000000
          4  -0.250000000  -0.250000000   0.250000000
     In addition there is the -q list: 
          1   0.250000000  -0.250000000   0.250000000
          2  -0.250000000   0.250000000   0.250000000
          3  -0.250000000  -0.250000000  -0.250000000
          4   0.250000000   0.250000000  -0.250000000
 
     Number of q in the star =    4
     List of q in the star:
          1   0.500000000  -0.500000000   0.500000000
          2  -0.500000000   0.500000000   0.500000000
          3  -0.500000000  -0.500000000  -0.500000000
          4   0.500000000   0.500000000  -0.500000000
 
     Number of q in the star =    6
     List of q in the star:
          1   0.000000000   0.500000000   0.000000000
          2   0.000000000  -0.500000000   0.000000000
          3   0.500000000   0.000000000   0.000000000
          4  -0.500000000   0.000000000   0.000000000
          5   0.000000000   0.000000000   0.500000000
          6   0.000000000   0.000000000  -0.500000000
 
     Number of q in the star =   12
     List of q in the star:
          1   0.750000000  -0.250000000   0.750000000
          2  -0.750000000   0.250000000   0.750000000
          3  -0.750000000  -0.250000000  -0.750000000
          4   0.750000000   0.250000000  -0.750000000
          5  -0.250000000   0.750000000   0.750000000
          6   0.250000000   0.750000000  -0.750000000
          7  -0.250000000  -0.750000000  -0.750000000
          8   0.250000000  -0.750000000   0.750000000
          9   0.750000000   0.750000000  -0.250000000
         10   0.750000000  -0.750000000   0.250000000
         11  -0.750000000  -0.750000000  -0.250000000
         12  -0.750000000   0.750000000   0.250000000
     In addition there is the -q list: 
          1  -0.750000000   0.250000000  -0.750000000
          2   0.750000000  -0.250000000  -0.750000000
          3   0.750000000   0.250000000   0.750000000
          4  -0.750000000  -0.250000000   0.750000000
          5   0.250000000  -0.750000000  -0.750000000
          6  -0.250000000  -0.750000000   0.750000000
          7   0.250000000   0.750000000   0.750000000
          8  -0.250000000   0.750000000  -0.750000000
          9  -0.750000000  -0.750000000   0.250000000
         10  -0.750000000   0.750000000  -0.250000000
         11   0.750000000   0.750000000   0.250000000
         12   0.750000000  -0.750000000  -0.250000000
 
     Number of q in the star =   12
     List of q in the star:
          1   0.500000000   0.000000000   0.500000000
          2  -0.500000000   0.000000000   0.500000000
          3  -0.500000000   0.000000000  -0.500000000
          4   0.500000000   0.000000000  -0.500000000
          5   0.000000000   0.500000000   0.500000000
          6   0.000000000   0.500000000  -0.500000000
          7   0.000000000  -0.500000000  -0.500000000
          8   0.000000000  -0.500000000   0.500000000
          9   0.500000000   0.500000000   0.000000000
         10   0.500000000  -0.500000000   0.000000000
         11  -0.500000000  -0.500000000   0.000000000
         12  -0.500000000   0.500000000   0.000000000
 
     Number of q in the star =    3
     List of q in the star:
          1   0.000000000  -1.000000000   0.000000000
          2  -1.000000000   0.000000000   0.000000000
          3   0.000000000   0.000000000  -1.000000000
 
     Number of q in the star =    6
     List of q in the star:
          1  -0.500000000  -1.000000000   0.000000000
          2   0.500000000   1.000000000   0.000000000
          3  -1.000000000   0.000000000  -0.500000000
          4   1.000000000   0.000000000   0.500000000
          5   0.000000000  -0.500000000  -1.000000000
          6   0.000000000   0.500000000   1.000000000
       
     --------------------------------------------------------------------------------------------
     (G)-Lanczos                                                         
     --------------------------------------------------------------------------------------------
     in progress... |#                   | 005% :           01m-37.6s (E)           32m-32.0s (X)
     in progress... |##                  | 010% :           02m-33.2s (E)           25m-32.8s (X)
     in progress... |###                 | 015% :           03m-30.1s (E)           23m-21.2s (X)
     in progress... |####                | 020% :           04m-26.3s (E)           22m-11.9s (X)
     in progress... |#####               | 025% :           05m-22.3s (E)           21m-29.4s (X)
     in progress... |######              | 030% :           06m-20.3s (E)           21m-07.6s (X)
     in progress... |#######             | 035% :           07m-16.5s (E)           20m-47.2s (X)
     in progress... |########            | 040% :           08m-13.2s (E)           20m-33.1s (X)
     in progress... |#########           | 045% :           09m-09.0s (E)           20m-20.1s (X)
     in progress... |##########          | 050% :           10m-05.4s (E)           20m-10.8s (X)
     in progress... |###########         | 055% :           11m-02.2s (E)           20m-04.0s (X)
     in progress... |############        | 060% :           11m-58.2s (E)           19m-57.0s (X)
     in progress... |#############       | 065% :           12m-55.5s (E)           19m-53.1s (X)
     in progress... |##############      | 070% :           13m-51.9s (E)           19m-48.4s (X)
     in progress... |###############     | 075% :           14m-47.5s (E)           19m-43.3s (X)
     in progress... |################    | 080% :           15m-44.9s (E)           19m-41.2s (X)
     in progress... |#################   | 085% :           16m-41.6s (E)           19m-38.3s (X)
     in progress... |##################  | 090% :           17m-38.3s (E)           19m-35.9s (X)
     in progress... |################### | 095% :           18m-34.4s (E)           19m-33.1s (X)
     in progress... |####################| 100% :           19m-30.8s (E)           19m-30.8s (X)
     --------------------------------------------------------------------------------------------
       
     --------------------------------------------------------------------------------------------
     (Q)uasiparticle energies                                            
     --------------------------------------------------------------------------------------------
       
     --------------------------------------------------------------------------------------------
     Sigma_C                                                             
     --------------------------------------------------------------------------------------------
     Integrating along the IM axis...
     --------------------------------------------------------------------------------------------
     in progress... |#                   | 005% :               01.4s (E)               28.6s (X)
     in progress... |##                  | 010% :               02.8s (E)               28.7s (X)
     --------------------------------------------------------------------------------------------
     Residues along the RE axis...
     --------------------------------------------------------------------------------------------
     in progress... |#                   | 005% :             < 00.1s (E)             < 00.1s (X)
     in progress... |##                  | 010% :             < 00.1s (E)             < 00.1s (X)
     --------------------------------------------------------------------------------------------
       
     --------------------------------------------------------------------------------------------
     Sigma_C                                                             
     --------------------------------------------------------------------------------------------
     Integrating along the IM axis...
     --------------------------------------------------------------------------------------------
     in progress... |#                   | 005% :               01.2s (E)               25.6s (X)
     in progress... |##                  | 010% :               02.5s (E)               25.7s (X)
     --------------------------------------------------------------------------------------------
     Residues along the RE axis...
     --------------------------------------------------------------------------------------------
     in progress... |#                   | 005% :             < 00.1s (E)             < 00.1s (X)
     in progress... |##                  | 010% :             < 00.1s (E)             < 00.1s (X)
     --------------------------------------------------------------------------------------------

     --------------------------------------------------------------------------------------------
     Iter: 000000
     k(000001) = (   0.0000000   0.0000000   0.0000000) cryst. coord.
     band      QP en. [eV] conv
     000001      -9.632440   no
     000002      12.294856   no
     000003      12.294855   no
     000004      12.294856   no
     000005      19.886788   no
     000006      19.886787   no
     000007      19.886788   no
     000008      27.287809   no
     ---------------------------------
     k(000002) = (   0.0000000   0.0000000   0.2500000) cryst. coord.
     band      QP en. [eV] conv
     000001      -8.583438   no
     000002       5.189454   no
     000003      10.450944   no
     000004      10.450944   no
     000005      22.213064   no
     000006      22.213064   no
     000007      22.202141   no
     000008      28.897757   no
     ---------------------------------
     k(000003) = (   0.0000000   0.0000000  -0.5000000) cryst. coord.
     band      QP en. [eV] conv
     000001      -6.997168   no
     000002      -1.390327   no
     000003       9.277928   no
     000004       9.277928   no
     000005      22.882768   no
     000006      22.882769   no
     000007      22.805639   no
     000008      29.773312   no
     ---------------------------------
     k(000006) = (   0.0000000   0.2500000   0.2500000) cryst. coord.
     band      QP en. [eV] conv
     000001      -1.575495   no
     000002       7.205718   no
     000003       7.919567   no
     000004       7.919567   no
     000005      18.422664   no
     000006      24.305257   no
     000007      26.166157   no
     000008      26.166157   no
     ---------------------------------
     k(000007) = (   0.0000000   0.2500000  -0.5000000) cryst. coord.
     band      QP en. [eV] conv
     000001     -16.166008   no
     000002       0.376011   no
     000003       5.018631   no
     000004       7.076539   no
     000005      20.081037   no
     000006      25.683782   no
     000007      27.432044   no
     000008      27.740780   no
     ---------------------------------
     k(000008) = (   0.0000000   0.2500000  -0.2500000) cryst. coord.
     band      QP en. [eV] conv
     000001      -5.794276   no
     000002       2.327623   no
     000003       4.265720   no
     000004       9.054776   no
     000005      22.085343   no
     000006      24.613431   no
     000007      27.101682   no
     000008      28.423963   no
     ---------------------------------
     k(000011) = (   0.0000000  -0.5000000  -0.5000000) cryst. coord.
     band      QP en. [eV] conv
     000001      -0.599394   no
     000002      -0.599393   no
     000003       5.555817   no
     000004       5.555817   no
     000005      18.607391   no
     000006      18.607391   no
     000007      31.448699   no
     000008      31.448700   no
     ---------------------------------
     k(000028) = (   0.2500000  -0.5000000  -0.2500000) cryst. coord.
     band      QP en. [eV] conv
     000001      -0.802140   no
     000002      -0.802138   no
     000003       3.411621   no
     000004       3.411621   no
     000005      24.873185   no
     000006      24.873185   no
     000007      28.411527   no
     000008      28.411529   no
     ---------------------------------
     --------------------------------------------------------------------------------------------
       
     --------------------------------------------------------------------------------------------
     Sigma_C                                                             
     --------------------------------------------------------------------------------------------
     Integrating along the IM axis...
     --------------------------------------------------------------------------------------------
     in progress... |#                   | 005% :               01.2s (E)               25.7s (X)
     in progress... |##                  | 010% :               02.5s (E)               25.5s (X)
     --------------------------------------------------------------------------------------------
     Residues along the RE axis...
     --------------------------------------------------------------------------------------------
     in progress... |#                   | 005% :             < 00.1s (E)             < 00.1s (X)
     in progress... |##                  | 010% :             < 00.1s (E)             < 00.1s (X)
     --------------------------------------------------------------------------------------------

     --------------------------------------------------------------------------------------------
     Iter: 000001
     k(000001) = (   0.0000000   0.0000000   0.0000000) cryst. coord.
     band      QP en. [eV] conv
     000001     -10.193195   no
     000002      12.299625  yes
     000003      12.299624  yes
     000004      12.299625  yes
     000005      19.884404  yes
     000006      19.884404  yes
     000007      19.884404  yes
     000008      27.279315  yes
     ---------------------------------
     k(000002) = (   0.0000000   0.0000000   0.2500000) cryst. coord.
     band      QP en. [eV] conv
     000001      -8.332578   no
     000002       5.201940  yes
     000003      10.458778  yes
     000004      10.458778  yes
     000005      22.210847  yes
     000006      22.210847  yes
     000007      22.200561  yes
     000008      28.843567   no
     ---------------------------------
     k(000003) = (   0.0000000   0.0000000  -0.5000000) cryst. coord.
     band      QP en. [eV] conv
     000001      -4.171843   no
     000002      -1.727636   no
     000003       9.285726  yes
     000004       9.285726  yes
     000005      22.880138  yes
     000006      22.880139  yes
     000007      22.805919  yes
     000008      29.994302   no
     ---------------------------------
     k(000006) = (   0.0000000   0.2500000   0.2500000) cryst. coord.
     band      QP en. [eV] conv
     000001      -7.578861   no
     000002       7.246175  yes
     000003       7.932298  yes
     000004       7.932298  yes
     000005      18.421765  yes
     000006      24.302213  yes
     000007      26.146139  yes
     000008      26.146139  yes
     ---------------------------------
     k(000007) = (   0.0000000   0.2500000  -0.5000000) cryst. coord.
     band      QP en. [eV] conv
     000001      -3.659195   no
     000002       0.793455   no
     000003       5.044324  yes
     000004       7.088410  yes
     000005      20.079910  yes
     000006      25.708815  yes
     000007      27.373937   no
     000008      27.728771  yes
     ---------------------------------
     k(000008) = (   0.0000000   0.2500000  -0.2500000) cryst. coord.
     band      QP en. [eV] conv
     000001      -5.445684   no
     000002       2.962006   no
     000003       4.191698   no
     000004       9.064672  yes
     000005      22.082679  yes
     000006      24.607933  yes
     000007      26.704238   no
     000008      28.206271   no
     ---------------------------------
     k(000011) = (   0.0000000  -0.5000000  -0.5000000) cryst. coord.
     band      QP en. [eV] conv
     000001      -0.894659   no
     000002      -0.894659   no
     000003       5.574548  yes
     000004       5.574548  yes
     000005      18.607054  yes
     000006      18.607054  yes
     000007      31.398095   no
     000008      31.398095   no
     ---------------------------------
     k(000028) = (   0.2500000  -0.5000000  -0.2500000) cryst. coord.
     band      QP en. [eV] conv
     000001      -0.492177   no
     000002      -0.492175   no
     000003       3.500887   no
     000004       3.500887   no
     000005      24.864743  yes
     000006      24.864743  yes
     000007      26.745783   no
     000008      26.745783   no
     ---------------------------------
     --------------------------------------------------------------------------------------------
       
     --------------------------------------------------------------------------------------------
     Sigma_C                                                             
     --------------------------------------------------------------------------------------------
     Integrating along the IM axis...
     --------------------------------------------------------------------------------------------
     in progress... |#                   | 005% :               01.2s (E)               25.7s (X)
     in progress... |##                  | 010% :               02.5s (E)               25.8s (X)
     --------------------------------------------------------------------------------------------
     Residues along the RE axis...
     --------------------------------------------------------------------------------------------
     in progress... |#                   | 005% :             < 00.1s (E)             < 00.1s (X)
     in progress... |##                  | 010% :             < 00.1s (E)             < 00.1s (X)
     --------------------------------------------------------------------------------------------

     --------------------------------------------------------------------------------------------
     Iter: 000002
     k(000001) = (   0.0000000   0.0000000   0.0000000) cryst. coord.
     band      QP en. [eV] conv
     000001     -10.336660   no
     000002      12.299625  yes
     000003      12.299624  yes
     000004      12.299625  yes
     000005      19.884404  yes
     000006      19.884404  yes
     000007      19.884404  yes
     000008      27.279315  yes
     ---------------------------------
     k(000002) = (   0.0000000   0.0000000   0.2500000) cryst. coord.
     band      QP en. [eV] conv
     000001     -10.043623   no
     000002       5.201940  yes
     000003      10.458778  yes
     000004      10.458778  yes
     000005      22.210847  yes
     000006      22.210847  yes
     000007      22.200561  yes
     000008      28.824015  yes
     ---------------------------------
     k(000003) = (   0.0000000   0.0000000  -0.5000000) cryst. coord.
     band      QP en. [eV] conv
     000001      -4.134862  yes
     000002      -1.625340   no
     000003       9.285726  yes
     000004       9.285726  yes
     000005      22.880138  yes
     000006      22.880139  yes
     000007      22.805919  yes
     000008      30.000908  yes
     ---------------------------------
     k(000006) = (   0.0000000   0.2500000   0.2500000) cryst. coord.
     band      QP en. [eV] conv
     000001      -7.630809   no
     000002       7.246175  yes
     000003       7.932298  yes
     000004       7.932298  yes
     000005      18.421765  yes
     000006      24.302213  yes
     000007      26.146139  yes
     000008      26.146139  yes
     ---------------------------------
     k(000007) = (   0.0000000   0.2500000  -0.5000000) cryst. coord.
     band      QP en. [eV] conv
     000001      -3.990324   no
     000002       0.925360   no
     000003       5.044324  yes
     000004       7.088410  yes
     000005      20.079910  yes
     000006      25.708815  yes
     000007      27.385637  yes
     000008      27.728771  yes
     ---------------------------------
     k(000008) = (   0.0000000   0.2500000  -0.2500000) cryst. coord.
     band      QP en. [eV] conv
     000001      -5.526795   no
     000002       2.955416  yes
     000003       4.175696  yes
     000004       9.064672  yes
     000005      22.082679  yes
     000006      24.607933  yes
     000007      26.698146  yes
     000008      28.211732  yes
     ---------------------------------
     k(000011) = (   0.0000000  -0.5000000  -0.5000000) cryst. coord.
     band      QP en. [eV] conv
     000001       0.279247   no
     000002       0.279250   no
     000003       5.574548  yes
     000004       5.574548  yes
     000005      18.607054  yes
     000006      18.607054  yes
     000007      31.399418  yes
     000008      31.399418  yes
     ---------------------------------
     k(000028) = (   0.2500000  -0.5000000  -0.2500000) cryst. coord.
     band      QP en. [eV] conv
     000001      -0.371808   no
     000002      -0.371807   no
     000003       3.497037  yes
     000004       3.497037  yes
     000005      24.864743  yes
     000006      24.864743  yes
     000007      26.769002  yes
     000008      26.769002  yes
     ---------------------------------
     --------------------------------------------------------------------------------------------
       
     --------------------------------------------------------------------------------------------
     Sigma_C                                                             
     --------------------------------------------------------------------------------------------
     Integrating along the IM axis...
     --------------------------------------------------------------------------------------------
     in progress... |#                   | 005% :               01.2s (E)               25.4s (X)
     in progress... |##                  | 010% :               02.5s (E)               25.5s (X)
     --------------------------------------------------------------------------------------------
     Residues along the RE axis...
     --------------------------------------------------------------------------------------------
     in progress... |#                   | 005% :             < 00.1s (E)             < 00.1s (X)
     in progress... |##                  | 010% :             < 00.1s (E)             < 00.1s (X)
     --------------------------------------------------------------------------------------------

     --------------------------------------------------------------------------------------------
     Iter: 000003
     k(000001) = (   0.0000000   0.0000000   0.0000000) cryst. coord.
     band      QP en. [eV] conv
     000001     -10.470039   no
     000002      12.299625  yes
     000003      12.299624  yes
     000004      12.299625  yes
     000005      19.884404  yes
     000006      19.884404  yes
     000007      19.884404  yes
     000008      27.279315  yes
     ---------------------------------
     k(000002) = (   0.0000000   0.0000000   0.2500000) cryst. coord.
     band      QP en. [eV] conv
     000001      -8.045769   no
     000002       5.201940  yes
     000003      10.458778  yes
     000004      10.458778  yes
     000005      22.210847  yes
     000006      22.210847  yes
     000007      22.200561  yes
     000008      28.824015  yes
     ---------------------------------
     k(000003) = (   0.0000000   0.0000000  -0.5000000) cryst. coord.
     band      QP en. [eV] conv
     000001      -4.134862  yes
     000002      -1.585632  yes
     000003       9.285726  yes
     000004       9.285726  yes
     000005      22.880138  yes
     000006      22.880139  yes
     000007      22.805919  yes
     000008      30.000908  yes
     ---------------------------------
     k(000006) = (   0.0000000   0.2500000   0.2500000) cryst. coord.
     band      QP en. [eV] conv
     000001      -7.596470  yes
     000002       7.246175  yes
     000003       7.932298  yes
     000004       7.932298  yes
     000005      18.421765  yes
     000006      24.302213  yes
     000007      26.146139  yes
     000008      26.146139  yes
     ---------------------------------
     k(000007) = (   0.0000000   0.2500000  -0.5000000) cryst. coord.
     band      QP en. [eV] conv
     000001      -3.882278   no
     000002       0.889553  yes
     000003       5.044324  yes
     000004       7.088410  yes
     000005      20.079910  yes
     000006      25.708815  yes
     000007      27.385637  yes
     000008      27.728771  yes
     ---------------------------------
     k(000008) = (   0.0000000   0.2500000  -0.2500000) cryst. coord.
     band      QP en. [eV] conv
     000001      -5.484561  yes
     000002       2.955416  yes
     000003       4.175696  yes
     000004       9.064672  yes
     000005      22.082679  yes
     000006      24.607933  yes
     000007      26.698146  yes
     000008      28.211732  yes
     ---------------------------------
     k(000011) = (   0.0000000  -0.5000000  -0.5000000) cryst. coord.
     band      QP en. [eV] conv
     000001      -1.367917   no
     000002      -1.367916   no
     000003       5.574548  yes
     000004       5.574548  yes
     000005      18.607054  yes
     000006      18.607054  yes
     000007      31.399418  yes
     000008      31.399418  yes
     ---------------------------------
     k(000028) = (   0.2500000  -0.5000000  -0.2500000) cryst. coord.
     band      QP en. [eV] conv
     000001      -0.350007  yes
     000002      -0.350006  yes
     000003       3.497037  yes
     000004       3.497037  yes
     000005      24.864743  yes
     000006      24.864743  yes
     000007      26.769002  yes
     000008      26.769002  yes
     ---------------------------------
     --------------------------------------------------------------------------------------------
       
     --------------------------------------------------------------------------------------------
     Sigma_C                                                             
     --------------------------------------------------------------------------------------------
     Integrating along the IM axis...
     --------------------------------------------------------------------------------------------
     in progress... |#                   | 005% :               01.2s (E)               25.5s (X)
     in progress... |##                  | 010% :               02.5s (E)               25.4s (X)
     --------------------------------------------------------------------------------------------
     Residues along the RE axis...
     --------------------------------------------------------------------------------------------
     in progress... |#                   | 005% :             < 00.1s (E)             < 00.1s (X)
     in progress... |##                  | 010% :             < 00.1s (E)             < 00.1s (X)
     --------------------------------------------------------------------------------------------

     --------------------------------------------------------------------------------------------
     Iter: 000004
     k(000001) = (   0.0000000   0.0000000   0.0000000) cryst. coord.
     band      QP en. [eV] conv
     000001     -10.304619   no
     000002      12.299625  yes
     000003      12.299624  yes
     000004      12.299625  yes
     000005      19.884404  yes
     000006      19.884404  yes
     000007      19.884404  yes
     000008      27.279315  yes
     ---------------------------------
     k(000002) = (   0.0000000   0.0000000   0.2500000) cryst. coord.
     band      QP en. [eV] conv
     000001      -8.196821   no
     000002       5.201940  yes
     000003      10.458778  yes
     000004      10.458778  yes
     000005      22.210847  yes
     000006      22.210847  yes
     000007      22.200561  yes
     000008      28.824015  yes
     ---------------------------------
     k(000003) = (   0.0000000   0.0000000  -0.5000000) cryst. coord.
     band      QP en. [eV] conv
     000001      -4.134862  yes
     000002      -1.585632  yes
     000003       9.285726  yes
     000004       9.285726  yes
     000005      22.880138  yes
     000006      22.880139  yes
     000007      22.805919  yes
     000008      30.000908  yes
     ---------------------------------
     k(000006) = (   0.0000000   0.2500000   0.2500000) cryst. coord.
     band      QP en. [eV] conv
     000001      -7.596470  yes
     000002       7.246175  yes
     000003       7.932298  yes
     000004       7.932298  yes
     000005      18.421765  yes
     000006      24.302213  yes
     000007      26.146139  yes
     000008      26.146139  yes
     ---------------------------------
     k(000007) = (   0.0000000   0.2500000  -0.5000000) cryst. coord.
     band      QP en. [eV] conv
     000001      -3.763833   no
     000002       0.889553  yes
     000003       5.044324  yes
     000004       7.088410  yes
     000005      20.079910  yes
     000006      25.708815  yes
     000007      27.385637  yes
     000008      27.728771  yes
     ---------------------------------
     k(000008) = (   0.0000000   0.2500000  -0.2500000) cryst. coord.
     band      QP en. [eV] conv
     000001      -5.484561  yes
     000002       2.955416  yes
     000003       4.175696  yes
     000004       9.064672  yes
     000005      22.082679  yes
     000006      24.607933  yes
     000007      26.698146  yes
     000008      28.211732  yes
     ---------------------------------
     k(000011) = (   0.0000000  -0.5000000  -0.5000000) cryst. coord.
     band      QP en. [eV] conv
     000001      -1.296454   no
     000002      -1.296453   no
     000003       5.574548  yes
     000004       5.574548  yes
     000005      18.607054  yes
     000006      18.607054  yes
     000007      31.399418  yes
     000008      31.399418  yes
     ---------------------------------
     k(000028) = (   0.2500000  -0.5000000  -0.2500000) cryst. coord.
     band      QP en. [eV] conv
     000001      -0.350007  yes
     000002      -0.350006  yes
     000003       3.497037  yes
     000004       3.497037  yes
     000005      24.864743  yes
     000006      24.864743  yes
     000007      26.769002  yes
     000008      26.769002  yes
     ---------------------------------
     --------------------------------------------------------------------------------------------
       
     --------------------------------------------------------------------------------------------
     Sigma_C                                                             
     --------------------------------------------------------------------------------------------
     Integrating along the IM axis...
     --------------------------------------------------------------------------------------------
     in progress... |#                   | 005% :               01.2s (E)               25.8s (X)
     in progress... |##                  | 010% :               02.5s (E)               25.7s (X)
     --------------------------------------------------------------------------------------------
     Residues along the RE axis...
     --------------------------------------------------------------------------------------------
     in progress... |#                   | 005% :             < 00.1s (E)             < 00.1s (X)
     in progress... |##                  | 010% :             < 00.1s (E)             < 00.1s (X)
     --------------------------------------------------------------------------------------------

     --------------------------------------------------------------------------------------------
     Iter: 000005
     k(000001) = (   0.0000000   0.0000000   0.0000000) cryst. coord.
     band      QP en. [eV] conv
     000001     -10.328043  yes
     000002      12.299625  yes
     000003      12.299624  yes
     000004      12.299625  yes
     000005      19.884404  yes
     000006      19.884404  yes
     000007      19.884404  yes
     000008      27.279315  yes
     ---------------------------------
     k(000002) = (   0.0000000   0.0000000   0.2500000) cryst. coord.
     band      QP en. [eV] conv
     000001      -8.166054  yes
     000002       5.201940  yes
     000003      10.458778  yes
     000004      10.458778  yes
     000005      22.210847  yes
     000006      22.210847  yes
     000007      22.200561  yes
     000008      28.824015  yes
     ---------------------------------
     k(000003) = (   0.0000000   0.0000000  -0.5000000) cryst. coord.
     band      QP en. [eV] conv
     000001      -4.134862  yes
     000002      -1.585632  yes
     000003       9.285726  yes
     000004       9.285726  yes
     000005      22.880138  yes
     000006      22.880139  yes
     000007      22.805919  yes
     000008      30.000908  yes
     ---------------------------------
     k(000006) = (   0.0000000   0.2500000   0.2500000) cryst. coord.
     band      QP en. [eV] conv
     000001      -7.596470  yes
     000002       7.246175  yes
     000003       7.932298  yes
     000004       7.932298  yes
     000005      18.421765  yes
     000006      24.302213  yes
     000007      26.146139  yes
     000008      26.146139  yes
     ---------------------------------
     k(000007) = (   0.0000000   0.2500000  -0.5000000) cryst. coord.
     band      QP en. [eV] conv
     000001      -3.829438   no
     000002       0.889553  yes
     000003       5.044324  yes
     000004       7.088410  yes
     000005      20.079910  yes
     000006      25.708815  yes
     000007      27.385637  yes
     000008      27.728771  yes
     ---------------------------------
     k(000008) = (   0.0000000   0.2500000  -0.2500000) cryst. coord.
     band      QP en. [eV] conv
     000001      -5.484561  yes
     000002       2.955416  yes
     000003       4.175696  yes
     000004       9.064672  yes
     000005      22.082679  yes
     000006      24.607933  yes
     000007      26.698146  yes
     000008      28.211732  yes
     ---------------------------------
     k(000011) = (   0.0000000  -0.5000000  -0.5000000) cryst. coord.
     band      QP en. [eV] conv
     000001      -1.332810  yes
     000002      -1.332810  yes
     000003       5.574548  yes
     000004       5.574548  yes
     000005      18.607054  yes
     000006      18.607054  yes
     000007      31.399418  yes
     000008      31.399418  yes
     ---------------------------------
     k(000028) = (   0.2500000  -0.5000000  -0.2500000) cryst. coord.
     band      QP en. [eV] conv
     000001      -0.350007  yes
     000002      -0.350006  yes
     000003       3.497037  yes
     000004       3.497037  yes
     000005      24.864743  yes
     000006      24.864743  yes
     000007      26.769002  yes
     000008      26.769002  yes
     ---------------------------------
     --------------------------------------------------------------------------------------------
       
     --------------------------------------------------------------------------------------------
     Sigma_C                                                             
     --------------------------------------------------------------------------------------------
     Integrating along the IM axis...
     --------------------------------------------------------------------------------------------
     in progress... |#                   | 005% :               01.2s (E)               25.4s (X)
     in progress... |##                  | 010% :               02.5s (E)               25.4s (X)
     --------------------------------------------------------------------------------------------
     Residues along the RE axis...
     --------------------------------------------------------------------------------------------
     in progress... |#                   | 005% :             < 00.1s (E)             < 00.1s (X)
     in progress... |##                  | 010% :             < 00.1s (E)             < 00.1s (X)
     --------------------------------------------------------------------------------------------
       
     --------------------------------------------------------------------------------------------
     CONVERGENCE ACHIEVED !!!                                            
     --------------------------------------------------------------------------------------------

     --------------------------------------------------------------------------------------------
     k(000001) = (   0.0000000   0.0000000   0.0000000) cryst. coord.
     band      QP en. [eV] conv
     000001     -10.328043  yes
     000002      12.299625  yes
     000003      12.299624  yes
     000004      12.299625  yes
     000005      19.884404  yes
     000006      19.884404  yes
     000007      19.884404  yes
     000008      27.279315  yes
     ---------------------------------
     k(000002) = (   0.0000000   0.0000000   0.2500000) cryst. coord.
     band      QP en. [eV] conv
     000001      -8.166054  yes
     000002       5.201940  yes
     000003      10.458778  yes
     000004      10.458778  yes
     000005      22.210847  yes
     000006      22.210847  yes
     000007      22.200561  yes
     000008      28.824015  yes
     ---------------------------------
     k(000003) = (   0.0000000   0.0000000  -0.5000000) cryst. coord.
     band      QP en. [eV] conv
     000001      -4.134862  yes
     000002      -1.585632  yes
     000003       9.285726  yes
     000004       9.285726  yes
     000005      22.880138  yes
     000006      22.880139  yes
     000007      22.805919  yes
     000008      30.000908  yes
     ---------------------------------
     k(000006) = (   0.0000000   0.2500000   0.2500000) cryst. coord.
     band      QP en. [eV] conv
     000001      -7.596470  yes
     000002       7.246175  yes
     000003       7.932298  yes
     000004       7.932298  yes
     000005      18.421765  yes
     000006      24.302213  yes
     000007      26.146139  yes
     000008      26.146139  yes
     ---------------------------------
     k(000007) = (   0.0000000   0.2500000  -0.5000000) cryst. coord.
     band      QP en. [eV] conv
     000001      -3.832914  yes
     000002       0.889553  yes
     000003       5.044324  yes
     000004       7.088410  yes
     000005      20.079910  yes
     000006      25.708815  yes
     000007      27.385637  yes
     000008      27.728771  yes
     ---------------------------------
     k(000008) = (   0.0000000   0.2500000  -0.2500000) cryst. coord.
     band      QP en. [eV] conv
     000001      -5.484561  yes
     000002       2.955416  yes
     000003       4.175696  yes
     000004       9.064672  yes
     000005      22.082679  yes
     000006      24.607933  yes
     000007      26.698146  yes
     000008      28.211732  yes
     ---------------------------------
     k(000011) = (   0.0000000  -0.5000000  -0.5000000) cryst. coord.
     band      QP en. [eV] conv
     000001      -1.332810  yes
     000002      -1.332810  yes
     000003       5.574548  yes
     000004       5.574548  yes
     000005      18.607054  yes
     000006      18.607054  yes
     000007      31.399418  yes
     000008      31.399418  yes
     ---------------------------------
     k(000028) = (   0.2500000  -0.5000000  -0.2500000) cryst. coord.
     band      QP en. [eV] conv
     000001      -0.350007  yes
     000002      -0.350006  yes
     000003       3.497037  yes
     000004       3.497037  yes
     000005      24.864743  yes
     000006      24.864743  yes
     000007      26.769002  yes
     000008      26.769002  yes
     ---------------------------------
     --------------------------------------------------------------------------------------------
 
     Number of q in the star =    1
     List of q in the star:
          1   0.000000000   0.000000000   0.000000000
 
     Number of q in the star =    4
     List of q in the star:
          1  -0.250000000   0.250000000  -0.250000000
          2   0.250000000  -0.250000000  -0.250000000
          3   0.250000000   0.250000000   0.250000000
          4  -0.250000000  -0.250000000   0.250000000
     In addition there is the -q list: 
          1   0.250000000  -0.250000000   0.250000000
          2  -0.250000000   0.250000000   0.250000000
          3  -0.250000000  -0.250000000  -0.250000000
          4   0.250000000   0.250000000  -0.250000000
 
     Number of q in the star =    4
     List of q in the star:
          1   0.500000000  -0.500000000   0.500000000
          2  -0.500000000   0.500000000   0.500000000
          3  -0.500000000  -0.500000000  -0.500000000
          4   0.500000000   0.500000000  -0.500000000
 
     Number of q in the star =    6
     List of q in the star:
          1   0.000000000   0.500000000   0.000000000
          2   0.000000000  -0.500000000   0.000000000
          3   0.500000000   0.000000000   0.000000000
          4  -0.500000000   0.000000000   0.000000000
          5   0.000000000   0.000000000   0.500000000
          6   0.000000000   0.000000000  -0.500000000
 
     Number of q in the star =   12
     List of q in the star:
          1   0.750000000  -0.250000000   0.750000000
          2  -0.750000000   0.250000000   0.750000000
          3  -0.750000000  -0.250000000  -0.750000000
          4   0.750000000   0.250000000  -0.750000000
          5  -0.250000000   0.750000000   0.750000000
          6   0.250000000   0.750000000  -0.750000000
          7  -0.250000000  -0.750000000  -0.750000000
          8   0.250000000  -0.750000000   0.750000000
          9   0.750000000   0.750000000  -0.250000000
         10   0.750000000  -0.750000000   0.250000000
         11  -0.750000000  -0.750000000  -0.250000000
         12  -0.750000000   0.750000000   0.250000000
     In addition there is the -q list: 
          1  -0.750000000   0.250000000  -0.750000000
          2   0.750000000  -0.250000000  -0.750000000
          3   0.750000000   0.250000000   0.750000000
          4  -0.750000000  -0.250000000   0.750000000
          5   0.250000000  -0.750000000  -0.750000000
          6  -0.250000000  -0.750000000   0.750000000
          7   0.250000000   0.750000000   0.750000000
          8  -0.250000000   0.750000000  -0.750000000
          9  -0.750000000  -0.750000000   0.250000000
         10  -0.750000000   0.750000000  -0.250000000
         11   0.750000000   0.750000000   0.250000000
         12   0.750000000  -0.750000000  -0.250000000
 
     Number of q in the star =   12
     List of q in the star:
          1   0.500000000   0.000000000   0.500000000
          2  -0.500000000   0.000000000   0.500000000
          3  -0.500000000   0.000000000  -0.500000000
          4   0.500000000   0.000000000  -0.500000000
          5   0.000000000   0.500000000   0.500000000
          6   0.000000000   0.500000000  -0.500000000
          7   0.000000000  -0.500000000  -0.500000000
          8   0.000000000  -0.500000000   0.500000000
          9   0.500000000   0.500000000   0.000000000
         10   0.500000000  -0.500000000   0.000000000
         11  -0.500000000  -0.500000000   0.000000000
         12  -0.500000000   0.500000000   0.000000000
 
     Number of q in the star =    3
     List of q in the star:
          1   0.000000000  -1.000000000   0.000000000
          2  -1.000000000   0.000000000   0.000000000
          3   0.000000000   0.000000000  -1.000000000
 
     Number of q in the star =    6
     List of q in the star:
          1  -0.500000000  -1.000000000   0.000000000
          2   0.500000000   1.000000000   0.000000000
          3  -1.000000000   0.000000000  -0.500000000
          4   1.000000000   0.000000000   0.500000000
          5   0.000000000  -0.500000000  -1.000000000
          6   0.000000000   0.500000000   1.000000000
      
     --------------------------------------------------------------------------------------------
     SAVE written in 00.4s               
     In location : ./c.wfreq.save
     --------------------------------------------------------------------------------------------
     WFREQ        : 21m45.55s CPU    26m53.86s WALL

     wfreq_readin :      0.71s CPU      0.93s WALL (       1 calls)
     fetch_input  :      0.02s CPU      0.04s WALL (       2 calls)
     read_xml     :      0.56s CPU      0.69s WALL (       1 calls)
     init_vloc    :      0.00s CPU      0.00s WALL (       2 calls)
     fft          :      1.00s CPU      1.12s WALL (   32786 calls)
     fft_scatter  :    263.11s CPU    286.62s WALL (19307912 calls)
     v_of_rho     :      0.00s CPU      0.01s WALL (       1 calls)
     v_xc         :      0.01s CPU      0.01s WALL (       2 calls)
     v_h          :      0.00s CPU      0.00s WALL (       1 calls)
     read_wave    :      0.13s CPU      0.20s WALL (       1 calls)
     davcio       :      0.50s CPU      0.69s WALL (   38089 calls)
     init_us_1    :      0.00s CPU      0.01s WALL (       2 calls)
     do_setup     :      0.02s CPU      0.04s WALL (       1 calls)
     init_pw_ar   :      0.00s CPU      0.01s WALL (       1 calls)
     init_at_1    :      0.00s CPU      0.00s WALL (       1 calls)
     solve_hf     :      8.00s CPU      8.68s WALL (       1 calls)
     sigmavxc     :      0.01s CPU      0.02s WALL (       1 calls)
     init_us_2    :      0.11s CPU      0.12s WALL (    4736 calls)
     fftw         :    381.66s CPU    415.19s WALL (19275126 calls)
     sigmax       :      7.96s CPU      8.58s WALL (       1 calls)
     sqvc_init    :      0.46s CPU      0.49s WALL (   36872 calls)
     wlanczos     :    359.03s CPU    381.36s WALL (       1 calls)
     commutator_H :      0.21s CPU      0.22s WALL (     768 calls)
     stres_us31   :      0.00s CPU      0.00s WALL (     768 calls)
     stres_us32   :      0.00s CPU      0.00s WALL (     768 calls)
     stres_us33   :      0.00s CPU      0.00s WALL (     768 calls)
     stres_us34   :      0.00s CPU      0.00s WALL (     768 calls)
     calbec       :      6.59s CPU      7.16s WALL (  191623 calls)
     alphapc      :     99.35s CPU    100.88s WALL (  192768 calls)
     linstern     :      1.10s CPU      1.19s WALL (     256 calls)
     stern        :      0.95s CPU      1.02s WALL (    5767 calls)
     h_psi_bgrp   :    402.63s CPU    433.77s WALL (  190087 calls)
     h_psi        :    402.35s CPU    433.50s WALL (  190087 calls)
     h_psi:pot    :    401.53s CPU    432.60s WALL (  190087 calls)
     vloc_psi     :    391.86s CPU    422.12s WALL (  190087 calls)
     h_psi:calbec :      6.68s CPU      7.25s WALL (  190087 calls)
     add_vuspsi   :      2.43s CPU      2.66s WALL (  190087 calls)
     alphapv      :      0.06s CPU      0.07s WALL (    5767 calls)
     lan_H        :    446.85s CPU    481.15s WALL (    6144 calls)
     brak         :    168.07s CPU    176.46s WALL (    6144 calls)
     chi0_diag    :     10.17s CPU     10.42s WALL (       1 calls)
     glanczos     :    889.82s CPU   1170.85s WALL (       1 calls)
     solve_qp     :     26.99s CPU     28.50s WALL (       1 calls)
     sigmac_i     :     25.05s CPU     25.62s WALL (       8 calls)
     sigmac_r     :      0.03s CPU      0.03s WALL (       8 calls)
     wfreq_db     :      0.39s CPU      0.48s WALL (       1 calls)
 
     WFREQ        : 21m45.62s CPU    26m54.03s WALL

 
   This run was terminated on:  15:43: 7  11Jan2021            

=------------------------------------------------------------------------------=
   JOB DONE.
=------------------------------------------------------------------------------=
