
     Program WELPH v. 3.1.1 starts on  8Dec2020 at 10:48:15 

     This program is part of the open-source West suite
     for massively parallel calculations of excited states in materials; please cite
         "M. Govoni et al., J. Chem. Theory Comput. 11, 2680 (2015);
          URL http://www.west-code.org", 
     in publications or presentations arising from this work.

     Based on the Quantum ESPRESSO v. 6.1 svn rev. 13369

     I/O is Little Endian
       
     --------------------------------------------------------------------------------------------
     **MPI** Parallelization Status                                      
     --------------------------------------------------------------------------------------------
                    40                   2             1             1            20
     --------------------------------------------------------------------------------------------
                     N         =         I      X      P      X      B      X      Z
                     ^                   ^             ^             ^             ^
                     |                   |             |             |             |
                   #rnk                  |             |             |             |
                                      #image           |             |             |
                                                     #pool           |             |
                                                                   #bgrp           |
                                                                                 #R&G
     --------------------------------------------------------------------------------------------
     **OPENMP** Parallelization Status
     #thr/rnk               =            1
     --------------------------------------------------------------------------------------------
     #prc = (rnk) * (thr) =           40
     --------------------------------------------------------------------------------------------
       
     --------------------------------------------------------------------------------------------
     I/O Summary : input_west                                            
     --------------------------------------------------------------------------------------------
     qe_prefix      = c
     west_prefix    = c
     outdir         = ./
     --------------------------------------------------------------------------------------------

     Reading data from directory:
     ./c.save

   Info: using nr1, nr2, nr3 values from input

   Info: using nr1, nr2, nr3 values from input

     IMPORTANT: XC functional enforced from input :
     Exchange-correlation      = PZ ( 1  1  0  0 0 0)
     Any further DFT definition will be discarded
     Please, verify this is what you really want

               file C.pz-mt.fhi.UPF: wavefunction(s)  3d renormalized
 
     Parallelization info
     --------------------
     sticks:   dense  smooth     PW     G-vecs:    dense   smooth      PW
     Min          29      29      9                  489      489      81
     Max          30      30     10                  494      494      83
     Sum         595     595    187                 9841     9841    1639
 
       
     --------------------------------------------------------------------------------------------
     I/O Summary : wstat_control                                         
     --------------------------------------------------------------------------------------------
     wstat_calculation              =              S
     n_pdep_eigen                   =            100
     n_pdep_times                   =              4
     n_pdep_maxiter                 =            100
     n_dfpt_maxiter                 =            250
     n_pdep_read_from_file          =              0
     trev_pdep                      =   1.000000E-03
     trev_pdep_rel                  =   1.000000E-01
     tr2_dfpt                       =   1.000000E-12
     l_kinetic_only                 =              F
     l_minimize_exx_if_active       =              F
     l_use_ecutrho                  =              F
     l_use_symm                     =              T
     nq(1)                          =              2
     nq(2)                          =              2
     nq(3)                          =              2
     --------------------------------------------------------------------------------------------
       
     --------------------------------------------------------------------------------------------
     I/O Summary : wfreq_control                                         
     --------------------------------------------------------------------------------------------
     wfreq_calculation                        =           XWGQ
     n_pdep_eigen_to_use                      =            100
     qp_bandrange(1)                          =              1
     qp_bandrange(2)                          =              2
     macropol_calculation                     =              C
     n_lanczos                                =             30
     n_imfreq                                 =            128
     n_refreq                                 =            272
     ecut_imfreq [Ry]                         =     400.000000
     ecut_refreq [Ry]                         =       2.000000
     wfreq_eta [Ry]                           =       0.003675
     n_secant_maxiter                         =             21
     trev_secant [Ry]                         =       0.003675
     l_enable_lanczos                         =              T
     l_enable_gwetot                          =              F
     o_restart_time [min]                     =       0.000000
     ecut_spectralf(1) [Ry]                   =      -2.000000
     ecut_spectralf(2) [Ry]                   =       2.000000
     n_spectralf                              =             10
     l_read_common_pdep                       =              F
     l_enable_gb_curvature                    =              T
     --------------------------------------------------------------------------------------------
       
     --------------------------------------------------------------------------------------------
     I/O Summary : welph_control                                         
     --------------------------------------------------------------------------------------------
     welph_calculation                        =             XP
     welph_n_pdep_eigen_to_use                =            100
     asr                                      =              1
     welph_band_range(1)                      =              1
     welph_band_range(2)                      =              8
     do_scr                                   =              T
     do_fxc                                   =              T
     welph_read_common_pdep                   =              T
     loto                                     =              F
     lsym                                     =              F
     l_adiabatic                              =              T
     l_enabel_gw                              =              F
     q_direction(1)                           =       1.000000
     q_direction(2)                           =       0.000000
     q_direction(3)                           =       0.000000
     welph_eta                                =       0.100000
     temperature                              =       0.000000
     --------------------------------------------------------------------------------------------
       
     --------------------------------------------------------------------------------------------
     System Overview                                                     
     --------------------------------------------------------------------------------------------
     gamma_only           =              F
     ecutwfc [Ry]         =     100.000000
     ecutrho [Ry]         =     400.000000
     omega [au^3]         =   7.355217E+01
     nbnd                 =              8
     nkstot               =              8
     nspin                =              1
     nelec                =       8.000000
     npol                 =              1
     lsda                 =              F
     noncolin             =              F
     lspinorb             =              F
     domag                =              F
     --------------------------------------------------------------------------------------------

     3DFFT grid
        s : (  30,  30,  30)
        p : (  30,  30,  30)

     Direct Lattice Cell [a.u.]
        a1 = (    -3.3254864    -0.0000000     3.3254864)
        a2 = (     0.0000000     3.3254864     3.3254864)
        a3 = (    -3.3254864     3.3254864    -0.0000000)

     Reciprocal Lattice Cell [a.u.]
        b1 = (    -0.9447017    -0.9447017     0.9447017)
        b2 = (     0.9447017     0.9447017     0.9447017)
        b3 = (    -0.9447017     0.9447017    -0.9447017)
      

     Brillouin Zone sampling [cryst. coord.]
 
        k(000001) = (     0.0000000     0.0000000     0.0000000)
        k(000002) = (     0.0000000     0.0000000    -0.5000000)
        k(000003) = (     0.0000000    -0.5000000     0.0000000)
        k(000004) = (     0.0000000    -0.5000000    -0.5000000)
        k(000005) = (    -0.5000000     0.0000000     0.0000000)
        k(000006) = (    -0.5000000     0.0000000    -0.5000000)
        k(000007) = (    -0.5000000    -0.5000000     0.0000000)
        k(000008) = (    -0.5000000    -0.5000000    -0.5000000)
 
        q(000001) = (     0.0000000     0.0000000     0.0000000)
        q(000002) = (     0.0000000     0.0000000    -0.5000000)
        q(000003) = (     0.0000000    -0.5000000     0.0000000)
        q(000004) = (     0.0000000    -0.5000000    -0.5000000)
        q(000005) = (    -0.5000000     0.0000000     0.0000000)
        q(000006) = (    -0.5000000     0.0000000    -0.5000000)
        q(000007) = (    -0.5000000    -0.5000000     0.0000000)
        q(000008) = (    -0.5000000    -0.5000000    -0.5000000)
       
     --------------------------------------------------------------------------------------------
     Parallelization for npdep                                           
     --------------------------------------------------------------------------------------------
     nglob                =            100
     nlevel               =              2
     Min nglob/nlevel     =             50
     Max nglob/nlevel     =             50
     --------------------------------------------------------------------------------------------
       
     --------------------------------------------------------------------------------------------
     Parallelization for npdep+macro                                     
     --------------------------------------------------------------------------------------------
     nglob                =            103
     nlevel               =              2
     Min nglob/nlevel     =             51
     Max nglob/nlevel     =             52
     --------------------------------------------------------------------------------------------
     ===========================================================================
          nsym   =   24
          nrot   =   48
          nq_ibz =    3
          Q-point IBZ [ cart  coord ]
          xq(00000001) = (  0.000000  0.000000  0.000000) wq =   0.125000
          xq(00000002) = (  0.503943 -0.503943  0.503943) wq =   0.500000
          xq(00000003) = (  0.000000 -1.007886  0.000000) wq =   0.375000
          Q-point IBZ [ cryst coord ]
          xq(00000001) = (  0.000000  0.000000  0.000000) wq =   0.125000
          xq(00000002) = (  0.000000  0.000000 -0.500000) wq =   0.500000
          xq(00000003) = (  0.000000 -0.500000 -0.500000) wq =   0.375000
     ===========================================================================
       
     --------------------------------------------------------------------------------------------
     Building Chi matrices                                               
     --------------------------------------------------------------------------------------------
g0 =     0.0000000000E+00    0.0000000000E+00    0.0000000000E+00
     in progress... |######              | 030% :               00.3s (E)               01.3s (X)
g0 =    -0.5594893874E-16    0.5594893874E-16   -0.5594893874E-16
     in progress... |#############       | 065% :               00.8s (E)               01.2s (X)
g0 =    -0.3502850268E-18    0.1115475925E-15    0.3502850268E-18
     in progress... |####################| 100% :               01.1s (E)               01.1s (X)
     --------------------------------------------------------------------------------------------
       
     --------------------------------------------------------------------------------------------
     Working on iqr = 00001 in q IBZ                                     
     --------------------------------------------------------------------------------------------
     Q-point No.    1,        24 Sym. Ops. Found,      Inv. Sym. Found.
  

     point group T_d (-43m) 
     there are  5 classes
     the character table:

       E     8C3   3C2   6S4   6s_d 
A_1    1.00  1.00  1.00  1.00  1.00
A_2    1.00  1.00  1.00 -1.00 -1.00
E      2.00 -1.00  2.00  0.00  0.00
T_1    3.00  0.00 -1.00  1.00 -1.00
T_2    3.00  0.00 -1.00 -1.00  1.00

     the symmetry operations in each class and the name of the first element:

     E        1
                                                                 
     8C3      5    7    8    6   12    9   10   11
                                                                 
     3C2      2    3    4
                                                                 
     6S4     15   16   20   19   23   24
                                                                 
     6s_d    13   14   17   18   21   22
                                                                 


     Atomic displacements:
     There are   2 irreducible representations

     Representation     1      3 modes -T_2  G_15 P_4  To be done
     Irreps are as follows:

     mode #   1              mode #   2              mode #   3
     (   0.00000   0.00000 ) (   0.00000   0.00000 ) (   0.00000   0.00000 ) 
     (   0.00000   0.00000 ) (   0.00000   0.00000 ) (   0.00000   0.00000 ) 
     (   0.00000   0.00000 ) (   0.00000   0.00000 ) (   0.00000   0.00000 ) 
     (  -0.37103   0.00000 ) (  -0.69532   0.00000 ) (  -0.61552   0.00000 ) 
     (   0.12368   0.00000 ) (  -0.69393   0.00000 ) (   0.70934   0.00000 ) 
     (   0.92035   0.00000 ) (  -0.18706   0.00000 ) (  -0.34347   0.00000 ) 

     Representation     2      3 modes -T_2  G_15 P_4  To be done
     Irreps are as follows:

     mode #   4              mode #   5              mode #   6
     (  -0.04836   0.00000 ) (  -0.73580   0.00000 ) (  -0.67547   0.00000 ) 
     (   0.81627   0.00000 ) (  -0.41885   0.00000 ) (   0.39782   0.00000 ) 
     (   0.57564   0.00000 ) (   0.53213   0.00000 ) (  -0.62087   0.00000 ) 
     (   0.00000   0.00000 ) (   0.00000   0.00000 ) (   0.00000   0.00000 ) 
     (   0.00000   0.00000 ) (   0.00000   0.00000 ) (   0.00000   0.00000 ) 
     (   0.00000   0.00000 ) (   0.00000   0.00000 ) (   0.00000   0.00000 ) 
 time_reversal =  T skip_equiv =  F
 nrot=          48
 nsymq=          24
 minus_q= T
 magnetic_sym= F
     ===========================================================================
          K points generated with subgroup at this q point
          nsym   =   24
          nrot   =   48
          nk_ibz =    3
          xk(00000001) = (  0.000000  0.000000  0.000000) wk =   0.250000
          xk(00000002) = (  0.503943 -0.503943  0.503943) wk =   1.000000
          xk(00000003) = (  0.000000 -1.007886  0.000000) wk =   0.750000
     ===========================================================================
  2nd deri of PP in cart basis (real part)
   0.235831E+02   0.155793E+01  -0.155793E+01   0.000000E+00   0.000000E+00   0.000000E+00
  
   0.155793E+01   0.211785E+02   0.155793E+01   0.000000E+00   0.000000E+00   0.000000E+00
  
  -0.155793E+01   0.155793E+01   0.235831E+02   0.000000E+00   0.000000E+00   0.000000E+00
  
   0.000000E+00   0.000000E+00   0.000000E+00   0.235830E+02   0.155792E+01  -0.155792E+01
  
   0.000000E+00   0.000000E+00   0.000000E+00   0.155792E+01   0.211785E+02   0.155792E+01
  
   0.000000E+00   0.000000E+00   0.000000E+00  -0.155792E+01   0.155792E+01   0.235830E+02
  
  2nd deri of PP in pattern basis (real part)
   0.248219E+02   0.331333E+00   0.895332E+00   0.000000E+00   0.000000E+00   0.000000E+00
  
   0.331333E+00   0.239277E+02   0.693813E+00   0.000000E+00   0.000000E+00   0.000000E+00
  
   0.895332E+00   0.693813E+00   0.195949E+02   0.000000E+00   0.000000E+00   0.000000E+00
  
   0.000000E+00   0.000000E+00   0.000000E+00   0.234087E+02   0.918999E+00  -0.154360E+01
  
   0.000000E+00   0.000000E+00   0.000000E+00   0.918999E+00   0.246470E+02   0.968618E+00
  
   0.000000E+00   0.000000E+00   0.000000E+00  -0.154360E+01   0.968618E+00   0.202889E+02
  

     Alpha used in Ewald sum =   2.9000
  Ionic contribution in cart of iq =            1
   0.182240E+01  -0.444089E-15   0.799361E-14  -0.182240E+01  -0.532907E-14  -0.169309E-14
 
   0.155431E-14   0.182240E+01   0.106581E-13  -0.555112E-14  -0.182240E+01   0.321965E-14
 
   0.799361E-14   0.710543E-14   0.182240E+01  -0.185962E-14   0.360822E-14  -0.182240E+01
 
  -0.182240E+01  -0.532907E-14  -0.169309E-14   0.182240E+01  -0.444089E-15   0.799361E-14
 
  -0.555112E-14  -0.182240E+01   0.321965E-14   0.155431E-14   0.182240E+01   0.106581E-13
 
  -0.185962E-14   0.360822E-14  -0.182240E+01   0.799361E-14   0.710543E-14   0.182240E+01
 
  Ionic contribution in pattern of iq =            1
   0.182240E+01  -0.355271E-14   0.843769E-14  -0.118216E+01  -0.129563E+01   0.494946E+00
 
  -0.510703E-14   0.182240E+01   0.104083E-13   0.116724E+01  -0.128064E+01  -0.564482E+00
 
   0.105471E-13   0.720257E-14   0.182240E+01  -0.749130E+00   0.491595E-01  -0.166058E+01
 
  -0.118216E+01   0.116724E+01  -0.749130E+00   0.182240E+01  -0.510703E-14  -0.199840E-14
 
  -0.129563E+01  -0.128064E+01   0.491595E-01  -0.621725E-14   0.182240E+01   0.174305E-13
 
   0.494946E+00  -0.564482E+00  -0.166058E+01   0.177636E-14   0.160982E-13   0.182240E+01
 
       
     --------------------------------------------------------------------------------------------
     Computing drho                                                      
     --------------------------------------------------------------------------------------------
     in progress... |######              | 030% :             < 00.1s (E)               00.1s (X)
     in progress... |#############       | 065% :             < 00.1s (E)               00.1s (X)
     in progress... |####################| 100% :               00.1s (E)               00.1s (X)
     --------------------------------------------------------------------------------------------
       
     --------------------------------------------------------------------------------------------
     Reading eigenpotentials at this q point                             
     --------------------------------------------------------------------------------------------
     in progress... |#                   | 005% :             < 00.1s (E)             < 00.1s (X)
     in progress... |##                  | 010% :             < 00.1s (E)             < 00.1s (X)
     in progress... |###                 | 015% :             < 00.1s (E)             < 00.1s (X)
     in progress... |####                | 020% :             < 00.1s (E)             < 00.1s (X)
     in progress... |#####               | 025% :             < 00.1s (E)             < 00.1s (X)
     in progress... |######              | 030% :             < 00.1s (E)             < 00.1s (X)
     in progress... |#######             | 035% :             < 00.1s (E)             < 00.1s (X)
     in progress... |########            | 040% :             < 00.1s (E)             < 00.1s (X)
     in progress... |#########           | 045% :             < 00.1s (E)             < 00.1s (X)
     in progress... |##########          | 050% :             < 00.1s (E)             < 00.1s (X)
     in progress... |###########         | 055% :             < 00.1s (E)             < 00.1s (X)
     in progress... |############        | 060% :             < 00.1s (E)             < 00.1s (X)
     in progress... |#############       | 065% :             < 00.1s (E)             < 00.1s (X)
     in progress... |##############      | 070% :             < 00.1s (E)             < 00.1s (X)
     in progress... |###############     | 075% :             < 00.1s (E)             < 00.1s (X)
     in progress... |################    | 080% :             < 00.1s (E)             < 00.1s (X)
     in progress... |#################   | 085% :             < 00.1s (E)             < 00.1s (X)
     in progress... |##################  | 090% :             < 00.1s (E)             < 00.1s (X)
     in progress... |################### | 095% :             < 00.1s (E)             < 00.1s (X)
     --------------------------------------------------------------------------------------------
       
     --------------------------------------------------------------------------------------------
     Computing elec elec part                                            
     --------------------------------------------------------------------------------------------
     in progress... |######              | 030% :             < 00.1s (E)             < 00.1s (X)
     in progress... |#############       | 065% :             < 00.1s (E)             < 00.1s (X)
     in progress... |####################| 100% :             < 00.1s (E)             < 00.1s (X)
     --------------------------------------------------------------------------------------------
Epsilon infinity
      15.624676704       0.000000000       0.000000000 
       0.000000000      15.624676704      -0.000000000 
       0.000000000      -0.000000000      15.624676704 
Born effective charge of atom     1
      -2.415331       0.000000       0.000000 
       0.000000      -2.415331       0.000000 
       0.000000       0.000000      -2.415331 
Born effective charge of atom     2
      -2.415320      -0.000000      -0.000000 
      -0.000000      -2.415320       0.000000 
      -0.000000      -0.000000      -2.415320 
 Dynmat after symmetrization (real part)
   0.863461E+00  -0.388578E-15  -0.499600E-15  -0.121146E+01   0.777156E-15  -0.777156E-15
  
  -0.388578E-15   0.863461E+00  -0.277556E-15   0.333067E-15  -0.121146E+01  -0.111022E-15
  
  -0.499600E-15  -0.166533E-15   0.863461E+00  -0.333067E-15  -0.111022E-15  -0.121146E+01
  
  -0.121146E+01   0.777156E-15  -0.111022E-15   0.863412E+00   0.444089E-15   0.166533E-15
  
   0.777156E-15  -0.121146E+01   0.111022E-15   0.444089E-15   0.863412E+00  -0.222045E-15
  
  -0.111022E-15   0.333067E-15  -0.121146E+01   0.222045E-15  -0.222045E-15   0.863412E+00
  
 Dynmat after symmetrization (imag part)
   0.000000E+00   0.000000E+00   0.000000E+00   0.000000E+00   0.000000E+00   0.000000E+00
  
   0.000000E+00   0.000000E+00   0.000000E+00   0.000000E+00   0.000000E+00   0.000000E+00
  
   0.000000E+00   0.000000E+00   0.000000E+00   0.000000E+00   0.000000E+00   0.000000E+00
  
   0.000000E+00   0.000000E+00   0.000000E+00   0.000000E+00   0.000000E+00   0.000000E+00
  
   0.000000E+00   0.000000E+00   0.000000E+00   0.000000E+00   0.000000E+00   0.000000E+00
  
   0.000000E+00   0.000000E+00   0.000000E+00   0.000000E+00   0.000000E+00   0.000000E+00
  
 
     Number of q in the star =    1
     List of q in the star:
          1   0.000000000   0.000000000   0.000000000
     Phonon frequencies at q point No.  1 in q point IBZ.
      Mode(   1)=      -0.000001 [THz]      -0.000026 [cm-1]
      Mode(   2)=      -0.000001 [THz]      -0.000021 [cm-1]
      Mode(   3)=      -0.000001 [THz]      -0.000019 [cm-1]
      Mode(   4)=      48.942950 [THz]    1632.561090 [cm-1]
      Mode(   5)=      48.942950 [THz]    1632.561090 [cm-1]
      Mode(   6)=      48.942950 [THz]    1632.561090 [cm-1]
 current_iq =            1 iqq =            1  iq =            1
 g0 =   0.000000000000000E+000  0.000000000000000E+000  0.000000000000000E+000
       
     --------------------------------------------------------------------------------------------
     Working on iqr = 00002 in q IBZ                                     
     --------------------------------------------------------------------------------------------
     Q-point No.    2,         6 Sym. Ops. Found,      Inv. Sym. Found.
  

     point group C_3v (3m)  
     there are  3 classes
     the character table:

       E     2C3   3s_v 
A_1    1.00  1.00  1.00
A_2    1.00  1.00 -1.00
E      2.00 -1.00  0.00

     the symmetry operations in each class and the name of the first element:

     E        1
                                                                 
     2C3      2    3
                                                                 
     3s_v     4    5    6
                                                                 


     Atomic displacements:
     There are   4 irreducible representations

     Representation     1      1 modes -A_1  L_1  To be done
     Irreps are as follows:

                     mode #   1
                     (   0.00000   0.00000   ) 
                     (   0.00000   0.00000   ) 
                     (   0.00000   0.00000   ) 
                     (  -0.57735   0.00000   ) 
                     (   0.57735   0.00000   ) 
                     (  -0.57735   0.00000   ) 

     Representation     2      1 modes -A_1  L_1  To be done
     Irreps are as follows:

                     mode #   2
                     (  -0.57735   0.00000   ) 
                     (   0.57735   0.00000   ) 
                     (  -0.57735   0.00000   ) 
                     (   0.00000   0.00000   ) 
                     (   0.00000   0.00000   ) 
                     (   0.00000   0.00000   ) 

     Representation     3      2 modes -E    L_3  To be done
     Irreps are as follows:

           mode #   3                           mode #   4
           (   0.00000   0.00000   )            (   0.00000   0.00000   ) 
           (   0.00000   0.00000   )            (   0.00000   0.00000   ) 
           (   0.00000   0.00000   )            (   0.00000   0.00000   ) 
           (  -0.70711   0.00000   )            (  -0.40825   0.00000   ) 
           (  -0.70711   0.00000   )            (   0.40825   0.00000   ) 
           (   0.00000   0.00000   )            (   0.81650   0.00000   ) 

     Representation     4      2 modes -E    L_3  To be done
     Irreps are as follows:

           mode #   5                           mode #   6
           (  -0.70711   0.00000   )            (  -0.40825   0.00000   ) 
           (  -0.70711   0.00000   )            (   0.40825   0.00000   ) 
           (   0.00000   0.00000   )            (   0.81650   0.00000   ) 
           (   0.00000   0.00000   )            (   0.00000   0.00000   ) 
           (   0.00000   0.00000   )            (   0.00000   0.00000   ) 
           (   0.00000   0.00000   )            (   0.00000   0.00000   ) 
 time_reversal =  T skip_equiv =  F
 nrot=          48
 nsymq=           6
 minus_q= T
 magnetic_sym= F
     ===========================================================================
          K points generated with subgroup at this q point
          nsym   =   24
          nrot   =   48
          nk_ibz =    4
          xk(00000001) = (  0.000000  0.000000  0.000000) wk =   0.250000
          xk(00000002) = (  0.503943 -0.503943  0.503943) wk =   0.250000
          xk(00000003) = (  0.000000 -1.007886  0.000000) wk =   0.750000
          xk(00000004) = ( -0.503943 -0.503943 -0.503943) wk =   0.750000
     ===========================================================================
  2nd deri of PP in cart basis (real part)
   0.235831E+02  -0.778963E+00  -0.155793E+01   0.000000E+00   0.000000E+00   0.000000E+00
  
  -0.778963E+00   0.211785E+02  -0.778963E+00   0.000000E+00   0.000000E+00   0.000000E+00
  
  -0.155793E+01  -0.778963E+00   0.235831E+02   0.000000E+00   0.000000E+00   0.000000E+00
  
   0.000000E+00   0.000000E+00   0.000000E+00   0.235830E+02  -0.778960E+00  -0.155792E+01
  
   0.000000E+00   0.000000E+00   0.000000E+00  -0.778960E+00   0.211785E+02  -0.778960E+00
  
   0.000000E+00   0.000000E+00   0.000000E+00  -0.155792E+01  -0.778960E+00   0.235830E+02
  
  2nd deri of PP in pattern basis (real part)
   0.227815E+02   0.000000E+00   0.276402E-01  -0.159580E-01   0.000000E+00   0.000000E+00
  
   0.000000E+00   0.227816E+02   0.000000E+00   0.000000E+00   0.276384E-01  -0.159572E-01
  
   0.276402E-01   0.000000E+00   0.216018E+02   0.204334E+01   0.000000E+00   0.000000E+00
  
  -0.159580E-01   0.000000E+00   0.204334E+01   0.239612E+02   0.000000E+00   0.000000E+00
  
   0.000000E+00   0.276384E-01   0.000000E+00   0.000000E+00   0.216018E+02   0.204335E+01
  
   0.000000E+00  -0.159572E-01   0.000000E+00   0.000000E+00   0.204335E+01   0.239613E+02
  

     Alpha used in Ewald sum =   2.9000
  Ionic contribution in cart of iq =            2
   0.364479E+01  -0.157283E+01   0.157283E+01   0.170247E-07  -0.304417E+01   0.304417E+01
 
  -0.157283E+01   0.364479E+01  -0.157283E+01  -0.304417E+01   0.170247E-07  -0.304417E+01
 
   0.157283E+01  -0.157283E+01   0.364479E+01   0.304417E+01  -0.304417E+01   0.170247E-07
 
   0.170247E-07  -0.304417E+01   0.304417E+01   0.364479E+01  -0.157283E+01   0.157283E+01
 
  -0.304417E+01   0.170247E-07  -0.304417E+01  -0.157283E+01   0.364479E+01  -0.157283E+01
 
   0.304417E+01  -0.304417E+01   0.170247E-07   0.157283E+01  -0.157283E+01   0.364479E+01
 
  Ionic contribution in pattern of iq =            2
   0.679045E+01   0.608835E+01  -0.126565E-13  -0.344169E-13   0.244249E-14   0.330331E-14
 
   0.608835E+01   0.679045E+01   0.466294E-14   0.197104E-14  -0.165423E-13  -0.326406E-13
 
  -0.124345E-13   0.399680E-14   0.207197E+01  -0.177636E-14  -0.304417E+01  -0.666134E-15
 
  -0.335287E-13   0.971843E-15  -0.133227E-14   0.207197E+01   0.177636E-14  -0.304417E+01
 
   0.155431E-14  -0.162093E-13  -0.304417E+01   0.199840E-14   0.207197E+01  -0.199840E-14
 
   0.208207E-14  -0.317524E-13  -0.888178E-15  -0.304417E+01  -0.155431E-14   0.207197E+01
 
       
     --------------------------------------------------------------------------------------------
     Computing drho                                                      
     --------------------------------------------------------------------------------------------
     in progress... |######              | 030% :             < 00.1s (E)               00.1s (X)
     in progress... |#############       | 065% :               00.1s (E)               00.2s (X)
     in progress... |####################| 100% :               00.2s (E)               00.2s (X)
     --------------------------------------------------------------------------------------------
       
     --------------------------------------------------------------------------------------------
     Reading eigenpotentials at this q point                             
     --------------------------------------------------------------------------------------------
     in progress... |#                   | 005% :             < 00.1s (E)             < 00.1s (X)
     in progress... |##                  | 010% :             < 00.1s (E)             < 00.1s (X)
     in progress... |###                 | 015% :             < 00.1s (E)             < 00.1s (X)
     in progress... |####                | 020% :             < 00.1s (E)             < 00.1s (X)
     in progress... |#####               | 025% :             < 00.1s (E)             < 00.1s (X)
     in progress... |######              | 030% :             < 00.1s (E)             < 00.1s (X)
     in progress... |#######             | 035% :             < 00.1s (E)             < 00.1s (X)
     in progress... |########            | 040% :             < 00.1s (E)             < 00.1s (X)
     in progress... |#########           | 045% :             < 00.1s (E)             < 00.1s (X)
     in progress... |##########          | 050% :             < 00.1s (E)             < 00.1s (X)
     in progress... |###########         | 055% :             < 00.1s (E)             < 00.1s (X)
     in progress... |############        | 060% :             < 00.1s (E)             < 00.1s (X)
     in progress... |#############       | 065% :             < 00.1s (E)             < 00.1s (X)
     in progress... |##############      | 070% :             < 00.1s (E)             < 00.1s (X)
     in progress... |###############     | 075% :             < 00.1s (E)             < 00.1s (X)
     in progress... |################    | 080% :             < 00.1s (E)             < 00.1s (X)
     in progress... |#################   | 085% :             < 00.1s (E)             < 00.1s (X)
     in progress... |##################  | 090% :             < 00.1s (E)             < 00.1s (X)
     in progress... |################### | 095% :             < 00.1s (E)             < 00.1s (X)
     --------------------------------------------------------------------------------------------
       
     --------------------------------------------------------------------------------------------
     Computing elec elec part                                            
     --------------------------------------------------------------------------------------------
     in progress... |######              | 030% :             < 00.1s (E)             < 00.1s (X)
     in progress... |#############       | 065% :             < 00.1s (E)             < 00.1s (X)
     in progress... |####################| 100% :             < 00.1s (E)             < 00.1s (X)
     --------------------------------------------------------------------------------------------
 Dynmat after symmetrization (real part)
   0.673824E+00  -0.961259E-01   0.961259E-01  -0.649083E+00  -0.121641E+00   0.121641E+00
  
  -0.961259E-01   0.673824E+00  -0.961259E-01  -0.121641E+00  -0.649083E+00  -0.121641E+00
  
   0.961259E-01  -0.961259E-01   0.673824E+00   0.121641E+00  -0.121641E+00  -0.649083E+00
  
  -0.649083E+00  -0.121641E+00   0.121641E+00   0.673775E+00  -0.961247E-01   0.961247E-01
  
  -0.121641E+00  -0.649083E+00  -0.121641E+00  -0.961247E-01   0.673775E+00  -0.961247E-01
  
   0.121641E+00  -0.121641E+00  -0.649083E+00   0.961247E-01  -0.961247E-01   0.673775E+00
  
 Dynmat after symmetrization (imag part)
   0.000000E+00   0.000000E+00   0.000000E+00   0.000000E+00   0.000000E+00   0.000000E+00
  
   0.000000E+00   0.000000E+00   0.000000E+00   0.000000E+00   0.000000E+00   0.000000E+00
  
   0.000000E+00   0.000000E+00   0.000000E+00   0.000000E+00   0.000000E+00   0.000000E+00
  
   0.000000E+00   0.000000E+00   0.000000E+00   0.000000E+00   0.000000E+00   0.000000E+00
  
   0.000000E+00   0.000000E+00   0.000000E+00   0.000000E+00   0.000000E+00   0.000000E+00
  
   0.000000E+00   0.000000E+00   0.000000E+00   0.000000E+00   0.000000E+00   0.000000E+00
  
 
     Number of q in the star =    4
     List of q in the star:
          1   0.503943239  -0.503943239   0.503943239
          2  -0.503943239  -0.503943239  -0.503943239
          3  -0.503943239   0.503943239   0.503943239
          4   0.503943239   0.503943239  -0.503943239
     Phonon frequencies at q point No.  2 in q point IBZ.
      Mode(   1)=     -13.815156 [THz]    -460.824006 [cm-1]
      Mode(   2)=     -13.815156 [THz]    -460.824006 [cm-1]
      Mode(   3)=      21.331288 [THz]     711.535194 [cm-1]
      Mode(   4)=      35.459976 [THz]    1182.817470 [cm-1]
      Mode(   5)=      36.511489 [THz]    1217.892164 [cm-1]
      Mode(   6)=      36.511489 [THz]    1217.892164 [cm-1]
 current_iq =            2 iqq =            1  iq =            2
 g0 =  -1.678468162241629E-016  1.678468162241629E-016 -1.678468162241629E-016
 current_iq =            2 iqq =            2  iq =            3
 g0 =   1.659557252218324E-016  1.697379072264934E-016  1.659557252218324E-016
 current_iq =            2 iqq =            3  iq =            8
 g0 =   -1.00788647866995        1.00788647866995        1.00788647866995     
 current_iq =            2 iqq =            4  iq =            5
 g0 =  -1.697379072264934E-016 -1.659557252218324E-016  1.659557252218324E-016
       
     --------------------------------------------------------------------------------------------
     Working on iqr = 00003 in q IBZ                                     
     --------------------------------------------------------------------------------------------
     Q-point No.    3,         8 Sym. Ops. Found,      Inv. Sym. Found.
  

     point group D_2d (-42m)
     there are  5 classes
     the character table:

       E     2S4   C2    2C2'  2s_d 
A_1    1.00  1.00  1.00  1.00  1.00
A_2    1.00  1.00  1.00 -1.00 -1.00
B_1    1.00 -1.00  1.00  1.00 -1.00
B_2    1.00 -1.00  1.00 -1.00  1.00
E      2.00  0.00 -2.00  0.00  0.00

     the symmetry operations in each class and the name of the first element:

     E        1
                                                                 
     2S4      7    8
                                                                 
     C2       4
                                                                 
     2C2'     3    5
                                                                 
     2s_d     2    6
                                                                 


     Atomic displacements:
     There are   4 irreducible representations

     Representation     1      1 modes -A_1  X_1  W_1  To be done
     Irreps are as follows:

                     mode #   1
                     (   0.00000   0.00000   ) 
                     (   0.00000   0.00000   ) 
                     (   0.00000   0.00000   ) 
                     (  -0.00000   0.00000   ) 
                     (  -1.00000   0.00000   ) 
                     (   0.00000   0.00000   ) 

     Representation     2      1 modes -B_2  X_3  W_2  To be done
     Irreps are as follows:

                     mode #   2
                     (   0.00000   0.00000   ) 
                     (  -1.00000   0.00000   ) 
                     (   0.00000   0.00000   ) 
                     (   0.00000   0.00000   ) 
                     (   0.00000   0.00000   ) 
                     (   0.00000   0.00000   ) 

     Representation     3      2 modes -E    X_5  W_3  To be done
     Irreps are as follows:

           mode #   3                           mode #   4
           (   0.00000   0.00000   )            (   0.00000   0.00000   ) 
           (   0.00000   0.00000   )            (   0.00000   0.00000   ) 
           (   0.00000   0.00000   )            (   0.00000   0.00000   ) 
           (  -0.00000   0.00000   )            (  -1.00000   0.00000   ) 
           (  -0.00000   0.00000   )            (   0.00000   0.00000   ) 
           (  -1.00000   0.00000   )            (   0.00000   0.00000   ) 

     Representation     4      2 modes -E    X_5  W_3  To be done
     Irreps are as follows:

           mode #   5                           mode #   6
           (  -0.85946   0.00000   )            (  -0.51121   0.00000   ) 
           (  -0.00000   0.00000   )            (   0.00000   0.00000   ) 
           (  -0.51121   0.00000   )            (   0.85946   0.00000   ) 
           (   0.00000   0.00000   )            (   0.00000   0.00000   ) 
           (   0.00000   0.00000   )            (   0.00000   0.00000   ) 
           (   0.00000   0.00000   )            (   0.00000   0.00000   ) 
 time_reversal =  T skip_equiv =  F
 nrot=          48
 nsymq=           8
 minus_q= T
 magnetic_sym= F
     ===========================================================================
          K points generated with subgroup at this q point
          nsym   =   24
          nrot   =   48
          nk_ibz =    4
          xk(00000001) = (  0.000000  0.000000  0.000000) wk =   0.250000
          xk(00000002) = (  0.503943 -0.503943  0.503943) wk =   1.000000
          xk(00000003) = (  0.000000 -1.007886  0.000000) wk =   0.250000
          xk(00000004) = (  0.000000 -0.000000 -1.007886) wk =   0.500000
     ===========================================================================
  2nd deri of PP in cart basis (real part)
   0.235831E+02   0.155793E+01  -0.155793E+01   0.000000E+00   0.000000E+00   0.000000E+00
  
   0.155793E+01   0.227816E+02   0.155793E+01   0.000000E+00   0.000000E+00   0.000000E+00
  
  -0.155793E+01   0.155793E+01   0.219800E+02   0.000000E+00   0.000000E+00   0.000000E+00
  
   0.000000E+00   0.000000E+00   0.000000E+00   0.235830E+02   0.155792E+01  -0.155792E+01
  
   0.000000E+00   0.000000E+00   0.000000E+00   0.155792E+01   0.227815E+02   0.155792E+01
  
   0.000000E+00   0.000000E+00   0.000000E+00  -0.155792E+01   0.155792E+01   0.219800E+02
  
  2nd deri of PP in pattern basis (real part)
   0.227815E+02   0.000000E+00   0.155792E+01   0.155792E+01   0.000000E+00   0.000000E+00
  
   0.000000E+00   0.227816E+02   0.000000E+00   0.000000E+00   0.213539E+01  -0.542552E+00
  
   0.155792E+01   0.000000E+00   0.219800E+02  -0.155792E+01   0.000000E+00   0.000000E+00
  
   0.155792E+01   0.000000E+00  -0.155792E+01   0.235830E+02   0.000000E+00   0.000000E+00
  
   0.000000E+00   0.213539E+01   0.000000E+00   0.000000E+00   0.217952E+02   0.144798E+01
  
   0.000000E+00  -0.542552E+00   0.000000E+00   0.000000E+00   0.144798E+01   0.237680E+02
  

     Alpha used in Ewald sum =   2.9000
  Ionic contribution in cart of iq =            3
   0.270204E+01  -0.643929E-14   0.310862E-14   0.888178E-15  -0.166533E-14   0.462060E+01
 
  -0.599520E-14   0.553031E+01   0.355271E-14  -0.205391E-14   0.710543E-14  -0.660583E-14
 
   0.222045E-14   0.355271E-14   0.270204E+01   0.462060E+01  -0.577316E-14  -0.466294E-14
 
   0.888178E-15  -0.166533E-14   0.462060E+01   0.270204E+01  -0.643929E-14   0.310862E-14
 
  -0.205391E-14   0.710543E-14  -0.660583E-14  -0.599520E-14   0.553031E+01   0.355271E-14
 
   0.462060E+01  -0.577316E-14  -0.466294E-14   0.222045E-14   0.355271E-14   0.270204E+01
 
  Ionic contribution in pattern of iq =            3
   0.553031E+01   0.710543E-14   0.433772E-14  -0.649576E-14  -0.582637E-14   0.326902E-14
 
   0.710543E-14   0.553031E+01  -0.708920E-14  -0.295495E-14  -0.277402E-14  -0.684384E-14
 
   0.433772E-14  -0.625653E-14   0.270204E+01   0.222045E-14   0.397121E+01   0.236208E+01
 
  -0.693985E-14  -0.256637E-14   0.310862E-14   0.270204E+01   0.236208E+01  -0.397121E+01
 
  -0.506674E-14  -0.315570E-14   0.397121E+01   0.236208E+01   0.270204E+01  -0.206501E-13
 
   0.275202E-14  -0.707086E-14   0.236208E+01  -0.397121E+01  -0.197620E-13   0.270204E+01
 
       
     --------------------------------------------------------------------------------------------
     Computing drho                                                      
     --------------------------------------------------------------------------------------------
     in progress... |######              | 030% :             < 00.1s (E)               00.1s (X)
     in progress... |#############       | 065% :             < 00.1s (E)               00.1s (X)
     in progress... |####################| 100% :               00.1s (E)               00.1s (X)
     --------------------------------------------------------------------------------------------
       
     --------------------------------------------------------------------------------------------
     Reading eigenpotentials at this q point                             
     --------------------------------------------------------------------------------------------
     in progress... |#                   | 005% :             < 00.1s (E)             < 00.1s (X)
     in progress... |##                  | 010% :             < 00.1s (E)             < 00.1s (X)
     in progress... |###                 | 015% :             < 00.1s (E)             < 00.1s (X)
     in progress... |####                | 020% :             < 00.1s (E)             < 00.1s (X)
     in progress... |#####               | 025% :             < 00.1s (E)             < 00.1s (X)
     in progress... |######              | 030% :             < 00.1s (E)             < 00.1s (X)
     in progress... |#######             | 035% :             < 00.1s (E)             < 00.1s (X)
     in progress... |########            | 040% :             < 00.1s (E)             < 00.1s (X)
     in progress... |#########           | 045% :             < 00.1s (E)             < 00.1s (X)
     in progress... |##########          | 050% :             < 00.1s (E)             < 00.1s (X)
     in progress... |###########         | 055% :             < 00.1s (E)             < 00.1s (X)
     in progress... |############        | 060% :             < 00.1s (E)             < 00.1s (X)
     in progress... |#############       | 065% :             < 00.1s (E)             < 00.1s (X)
     in progress... |##############      | 070% :             < 00.1s (E)             < 00.1s (X)
     in progress... |###############     | 075% :             < 00.1s (E)             < 00.1s (X)
     in progress... |################    | 080% :             < 00.1s (E)             < 00.1s (X)
     in progress... |#################   | 085% :             < 00.1s (E)             < 00.1s (X)
     in progress... |##################  | 090% :             < 00.1s (E)             < 00.1s (X)
     in progress... |################### | 095% :             < 00.1s (E)             < 00.1s (X)
     --------------------------------------------------------------------------------------------
       
     --------------------------------------------------------------------------------------------
     Computing elec elec part                                            
     --------------------------------------------------------------------------------------------
     in progress... |######              | 030% :             < 00.1s (E)             < 00.1s (X)
     in progress... |#############       | 065% :             < 00.1s (E)             < 00.1s (X)
     in progress... |####################| 100% :             < 00.1s (E)             < 00.1s (X)
     --------------------------------------------------------------------------------------------
 Dynmat after symmetrization (real part)
   0.403263E+00   0.111022E-15   0.000000E+00  -0.971445E-16  -0.762180E-16   0.363407E+00
  
   0.222045E-15   0.982312E+00   0.111022E-15   0.348043E-16   0.207068E-16   0.348043E-16
  
   0.000000E+00  -0.111022E-15   0.403263E+00   0.363407E+00   0.348043E-16  -0.704877E-17
  
  -0.416334E-16   0.903155E-16   0.363407E+00   0.403217E+00  -0.555112E-16   0.555112E-16
  
  -0.207068E-16   0.762180E-16   0.348043E-16  -0.166533E-15   0.982255E+00  -0.166533E-15
  
   0.363407E+00   0.348043E-16   0.762180E-16   0.555112E-16   0.000000E+00   0.403217E+00
  
 Dynmat after symmetrization (imag part)
   0.000000E+00   0.000000E+00   0.000000E+00  -0.315067E-15   0.694706E-25  -0.183439E-15
  
   0.000000E+00   0.000000E+00   0.000000E+00  -0.211100E-25  -0.124357E-15  -0.211099E-25
  
   0.000000E+00   0.000000E+00   0.000000E+00  -0.183439E-15   0.694706E-25  -0.315067E-15
  
   0.315067E-15   0.211100E-25   0.183439E-15   0.000000E+00   0.000000E+00   0.000000E+00
  
  -0.694706E-25   0.124357E-15  -0.694705E-25   0.000000E+00   0.000000E+00   0.000000E+00
  
   0.183439E-15   0.211100E-25   0.315067E-15   0.000000E+00   0.000000E+00   0.000000E+00
  
 
     Number of q in the star =    3
     List of q in the star:
          1   0.000000000  -1.007886479   0.000000000
          2   0.000000000  -0.000000000  -1.007886479
          3   1.007886479   0.000000000   0.000000000
     Phonon frequencies at q point No.  3 in q point IBZ.
      Mode(   1)=       6.275445 [THz]     209.326320 [cm-1]
      Mode(   2)=       6.275445 [THz]     209.326320 [cm-1]
      Mode(   3)=      27.530746 [THz]     918.326834 [cm-1]
      Mode(   4)=      27.530746 [THz]     918.326834 [cm-1]
      Mode(   5)=      31.162522 [THz]    1039.469837 [cm-1]
      Mode(   6)=      31.163420 [THz]    1039.499799 [cm-1]
 current_iq =            4 iqq =            1  iq =            4
 g0 =  -3.502850267790605E-019  3.353433474215468E-016  3.502850267790605E-019
 current_iq =            4 iqq =            2  iq =            7
 g0 =  -3.431896977881951E-018  3.431896977881951E-018  3.322617354704439E-016
 current_iq =            4 iqq =            3  iq =            6
 g0 =  -3.326944015325835E-016  2.999230915742368E-018  2.999230915742368E-018
     WELPH        :     7.87s CPU        14.59s WALL

     welph_readin :      0.29s CPU      0.35s WALL (       1 calls)
     fetch_input  :      0.01s CPU      0.02s WALL (       2 calls)
     read_xml     :      0.21s CPU      0.24s WALL (       1 calls)
     init_vloc    :      0.00s CPU      0.00s WALL (       2 calls)
     fft          :      0.03s CPU      0.04s WALL (     529 calls)
     fft_scatter  :      0.68s CPU      0.73s WALL (   25107 calls)
     v_of_rho     :      0.00s CPU      0.00s WALL (       1 calls)
     v_xc         :      0.00s CPU      0.00s WALL (       1 calls)
     v_h          :      0.00s CPU      0.00s WALL (       1 calls)
     read_wave    :      0.06s CPU      0.08s WALL (       1 calls)
     davcio       :      0.01s CPU      0.25s WALL (     239 calls)
     init_us_1    :      0.00s CPU      0.00s WALL (       2 calls)
     do_setup     :      0.01s CPU      0.01s WALL (       1 calls)
     init_pw_ar   :      0.00s CPU      0.01s WALL (       1 calls)
     init_at_1    :      0.00s CPU      0.00s WALL (       1 calls)
     setup_dmuxc  :      0.00s CPU      0.00s WALL (       1 calls)
     build_chi    :      1.00s CPU      1.20s WALL (       1 calls)
     sqvc_init    :      0.00s CPU      0.00s WALL (       6 calls)
     pdep_db      :      0.22s CPU      0.22s WALL (       3 calls)
     fftw         :      1.08s CPU      1.15s WALL (   24557 calls)
     diagh        :      0.82s CPU      0.83s WALL (      14 calls)
     init_us_2    :      0.00s CPU      0.00s WALL (     167 calls)
     calbec       :      0.08s CPU      0.08s WALL (    1703 calls)
     drho         :      0.41s CPU      0.57s WALL (       3 calls)
     ffts         :      0.00s CPU      0.00s WALL (      21 calls)
     alphapc      :      0.00s CPU      0.00s WALL (      57 calls)
     linstern     :      0.47s CPU      0.51s WALL (      57 calls)
     stern        :      0.43s CPU      0.47s WALL (    1221 calls)
     h_psi_bgrp   :      0.41s CPU      0.44s WALL (    1221 calls)
     h_psi        :      0.40s CPU      0.44s WALL (    1221 calls)
     h_psi:pot    :      0.40s CPU      0.44s WALL (    1221 calls)
     vloc_psi     :      0.36s CPU      0.39s WALL (    1221 calls)
     h_psi:calbec :      0.03s CPU      0.03s WALL (    1221 calls)
     add_vuspsi   :      0.01s CPU      0.01s WALL (    1221 calls)
     alphapv      :      0.02s CPU      0.02s WALL (    1221 calls)
     gather_grid  :      0.03s CPU      0.03s WALL (     108 calls)
     scatter_grid :      0.01s CPU      0.01s WALL (      81 calls)
     psymdvscf    :      0.18s CPU      0.19s WALL (      10 calls)
     cgather      :      0.01s CPU      0.01s WALL (      21 calls)
     symdvscf     :      0.18s CPU      0.18s WALL (      10 calls)
     eigpot_io    :      0.03s CPU      0.04s WALL (       3 calls)
     dynmat       :      0.05s CPU      0.05s WALL (       3 calls)
     commutator_H :      0.05s CPU      0.05s WALL (      36 calls)
     stres_us31   :      0.00s CPU      0.00s WALL (      36 calls)
     stres_us32   :      0.00s CPU      0.00s WALL (      36 calls)
     stres_us33   :      0.00s CPU      0.00s WALL (      36 calls)
     stres_us34   :      0.00s CPU      0.00s WALL (      36 calls)
     rotate_WHxc_ :      0.18s CPU      2.66s WALL (       3 calls)
 
     WELPH        :     7.87s CPU        14.60s WALL

 
   This run was terminated on:  10:48:30   8Dec2020            

=------------------------------------------------------------------------------=
   JOB DONE.
=------------------------------------------------------------------------------=
