
     Program WSTAT v. 3.1.1 starts on  8Dec2020 at 10:50:19 

     This program is part of the open-source West suite
     for massively parallel calculations of excited states in materials; please cite
         "M. Govoni et al., J. Chem. Theory Comput. 11, 2680 (2015);
          URL http://www.west-code.org", 
     in publications or presentations arising from this work.

     Based on the Quantum ESPRESSO v. 6.1 svn rev. 13369

     I/O is Little Endian
       
     --------------------------------------------------------------------------------------------
     **MPI** Parallelization Status                                      
     --------------------------------------------------------------------------------------------
                    40                   2             1             1            20
     --------------------------------------------------------------------------------------------
                     N         =         I      X      P      X      B      X      Z
                     ^                   ^             ^             ^             ^
                     |                   |             |             |             |
                   #rnk                  |             |             |             |
                                      #image           |             |             |
                                                     #pool           |             |
                                                                   #bgrp           |
                                                                                 #R&G
     --------------------------------------------------------------------------------------------
     **OPENMP** Parallelization Status
     #thr/rnk               =            1
     --------------------------------------------------------------------------------------------
     #prc = (rnk) * (thr) =           40
     --------------------------------------------------------------------------------------------
       
     --------------------------------------------------------------------------------------------
     I/O Summary : input_west                                            
     --------------------------------------------------------------------------------------------
     qe_prefix      = c
     west_prefix    = c
     outdir         = ./
     --------------------------------------------------------------------------------------------

     Reading data from directory:
     ./c.save

   Info: using nr1, nr2, nr3 values from input

   Info: using nr1, nr2, nr3 values from input

     IMPORTANT: XC functional enforced from input :
     Exchange-correlation      = PZ ( 1  1  0  0 0 0)
     Any further DFT definition will be discarded
     Please, verify this is what you really want

               file C.pz-mt.fhi.UPF: wavefunction(s)  3d renormalized
 
     Parallelization info
     --------------------
     sticks:   dense  smooth     PW     G-vecs:    dense   smooth      PW
     Min          29      29      9                  489      489      81
     Max          30      30     10                  494      494      83
     Sum         595     595    187                 9841     9841    1639
 
       
     --------------------------------------------------------------------------------------------
     I/O Summary : wstat_control                                         
     --------------------------------------------------------------------------------------------
     wstat_calculation              =              S
     n_pdep_eigen                   =            400
     n_pdep_times                   =              4
     n_pdep_maxiter                 =            100
     n_dfpt_maxiter                 =            250
     n_pdep_read_from_file          =              0
     trev_pdep                      =   1.000000E-03
     trev_pdep_rel                  =   1.000000E-01
     tr2_dfpt                       =   1.000000E-12
     l_kinetic_only                 =              F
     l_minimize_exx_if_active       =              F
     l_use_ecutrho                  =              F
     l_use_symm                     =              T
     nq(1)                          =              2
     nq(2)                          =              2
     nq(3)                          =              2
     --------------------------------------------------------------------------------------------
       
     --------------------------------------------------------------------------------------------
     System Overview                                                     
     --------------------------------------------------------------------------------------------
     gamma_only           =              F
     ecutwfc [Ry]         =     100.000000
     ecutrho [Ry]         =     400.000000
     omega [au^3]         =   7.355217E+01
     nbnd                 =              8
     nkstot               =              8
     nspin                =              1
     nelec                =       8.000000
     npol                 =              1
     lsda                 =              F
     noncolin             =              F
     lspinorb             =              F
     domag                =              F
     --------------------------------------------------------------------------------------------

     3DFFT grid
        s : (  30,  30,  30)
        p : (  30,  30,  30)

     Direct Lattice Cell [a.u.]
        a1 = (    -3.3254864    -0.0000000     3.3254864)
        a2 = (     0.0000000     3.3254864     3.3254864)
        a3 = (    -3.3254864     3.3254864    -0.0000000)

     Reciprocal Lattice Cell [a.u.]
        b1 = (    -0.9447017    -0.9447017     0.9447017)
        b2 = (     0.9447017     0.9447017     0.9447017)
        b3 = (    -0.9447017     0.9447017    -0.9447017)
      

     Brillouin Zone sampling [cryst. coord.]
 
        k(000001) = (     0.0000000     0.0000000     0.0000000)
        k(000002) = (     0.0000000     0.0000000    -0.5000000)
        k(000003) = (     0.0000000    -0.5000000     0.0000000)
        k(000004) = (     0.0000000    -0.5000000    -0.5000000)
        k(000005) = (    -0.5000000     0.0000000     0.0000000)
        k(000006) = (    -0.5000000     0.0000000    -0.5000000)
        k(000007) = (    -0.5000000    -0.5000000     0.0000000)
        k(000008) = (    -0.5000000    -0.5000000    -0.5000000)
 
        q(000001) = (     0.0000000     0.0000000     0.0000000)
        q(000002) = (     0.0000000     0.0000000    -0.5000000)
        q(000003) = (     0.0000000    -0.5000000     0.0000000)
        q(000004) = (     0.0000000    -0.5000000    -0.5000000)
        q(000005) = (    -0.5000000     0.0000000     0.0000000)
        q(000006) = (    -0.5000000     0.0000000    -0.5000000)
        q(000007) = (    -0.5000000    -0.5000000     0.0000000)
        q(000008) = (    -0.5000000    -0.5000000    -0.5000000)
     ===========================================================================
          nsym   =   24
          nrot   =   48
          nq_ibz =    3
          Q-point IBZ [ cart  coord ]
          xq(00000001) = (  0.000000  0.000000  0.000000) wq =   0.125000
          xq(00000002) = (  0.503943 -0.503943  0.503943) wq =   0.500000
          xq(00000003) = (  0.000000 -1.007886  0.000000) wq =   0.375000
          Q-point IBZ [ cryst coord ]
          xq(00000001) = (  0.000000  0.000000  0.000000) wq =   0.125000
          xq(00000002) = (  0.000000  0.000000 -0.500000) wq =   0.500000
          xq(00000003) = (  0.000000 -0.500000 -0.500000) wq =   0.375000
     ===========================================================================
       
     --------------------------------------------------------------------------------------------
     Parallelization for nvecx                                           
     --------------------------------------------------------------------------------------------
     nglob                =           1600
     nlevel               =              2
     Min nglob/nlevel     =            800
     Max nglob/nlevel     =            800
     --------------------------------------------------------------------------------------------

     [MEM] ----------------------------------------------------------
     [MEM] **Memory** analysis: QE
     [MEM] ----------------------------------------------------------
     [MEM] Allocated arrays           est. size (Mb)     dimensions
     [MEM] ----------------------------------------------------------
     [MEM] Kohn-Sham Wavefunctions       0.01 Mb     (     64,    8)
     [MEM] NL pseudopotentials           0.01 Mb     (     64,    8)
     [MEM] Each V/rho on FFT grid        0.03 Mb     (   1800)
     [MEM] Each G-vector array           0.00 Mb     (    493)
     [MEM] G-vector shells               0.00 Mb     (    131)
     [MEM] ----------------------------------------------------------
     [MEM] TOT                           0.05 Mb
     [MEM] ----------------------------------------------------------
     [MEM] 
     [MEM] ----------------------------------------------------------
     [MEM] **Memory** analysis: WSTAT global
     [MEM] ----------------------------------------------------------
     [MEM] Allocated arrays           est. size (Mb)     dimensions
     [MEM] ----------------------------------------------------------
     [MEM] dvg                           0.78 Mb     (     64,  800)
     [MEM] dng                           0.78 Mb     (     64,  800)
     [MEM] hr_distr                     19.53 Mb     (   1600,  800)
     [MEM] vr_distr                     19.53 Mb     (   1600,  800)
     [MEM] ----------------------------------------------------------
     [MEM] TOT                          40.62 Mb
     [MEM] ----------------------------------------------------------
     [MEM] 
     [MEM] ----------------------------------------------------------
     [MEM] **Memory** analysis: WSTAT temporary
     [MEM] ----------------------------------------------------------
     [MEM] Allocated arrays           est. size (Mb)     dimensions
     [MEM] ----------------------------------------------------------
     [MEM] dvpsi                         0.00 Mb     (     64,    4)
     [MEM] dpsi                          0.00 Mb     (     64,    4)
     [MEM] ----------------------------------------------------------
     [MEM] Total estimate                0.01 Mb
     [MEM] ----------------------------------------------------------
 
     Divergence =   5.922412E-01

     ================================================================
     PDEP calculation at q(00001) = (    0.0000    0.0000    0.0000 )
     ----------------------------------------------------------------

                       *----------*              *----------*               *----------*
     #     Iteration = | starting |   DFPT_dim = |      400 |   Diago_dim = |      400 |  x 1/2
                       *----------*              *----------*               *----------*
     per-process dynamical memory    50.9 Mb
  
       
     --------------------------------------------------------------------------------------------
     Sternheimer eq. solver... with lite-solver                          
     --------------------------------------------------------------------------------------------
     in progress... |#                   | 005% :             < 00.1s (E)               01.3s (X)
     in progress... |##                  | 010% :               00.1s (E)               01.3s (X)
     in progress... |###                 | 015% :               00.2s (E)               01.4s (X)
     in progress... |####                | 020% :               00.2s (E)               01.4s (X)
     in progress... |#####               | 025% :               00.3s (E)               01.4s (X)
     in progress... |######              | 030% :               00.4s (E)               01.4s (X)
     in progress... |#######             | 035% :               00.5s (E)               01.4s (X)
     in progress... |########            | 040% :               00.6s (E)               01.6s (X)
     in progress... |#########           | 045% :               00.7s (E)               01.5s (X)
     in progress... |##########          | 050% :               00.7s (E)               01.5s (X)
     in progress... |###########         | 055% :               01.0s (E)               01.8s (X)
     in progress... |############        | 060% :               01.0s (E)               01.8s (X)
     in progress... |#############       | 065% :               01.1s (E)               01.7s (X)
     in progress... |##############      | 070% :               01.2s (E)               01.7s (X)
     in progress... |###############     | 075% :               01.2s (E)               01.7s (X)
     in progress... |################    | 080% :               01.3s (E)               01.7s (X)
     in progress... |#################   | 085% :               01.4s (E)               01.6s (X)
     in progress... |##################  | 090% :               01.4s (E)               01.6s (X)
     in progress... |################### | 095% :               01.5s (E)               01.6s (X)
     in progress... |####################| 100% :               01.6s (E)               01.6s (X)
     --------------------------------------------------------------------------------------------

     [I/O] -------------------------------------------------------
     [I/O] RESTART written in < 00.1s             
     [I/O] In location   : ./c.wstat.restart
     [I/O] -------------------------------------------------------

                       *----------*              *----------*               *----------*
     #     Iteration = | starting |   DFPT_dim = |      400 |   Diago_dim = |      400 |  x 2/2
                       *----------*              *----------*               *----------*
     per-process dynamical memory    51.5 Mb
  
       
     --------------------------------------------------------------------------------------------
     Sternheimer eq. solver... with threshold =   1.000000E-06           
     --------------------------------------------------------------------------------------------
     in progress... |#                   | 005% :               00.7s (E)               15.4s (X)
     in progress... |##                  | 010% :               01.3s (E)               13.3s (X)
     in progress... |###                 | 015% :               01.9s (E)               12.7s (X)
     in progress... |####                | 020% :               02.4s (E)               12.2s (X)
     in progress... |#####               | 025% :               02.9s (E)               11.9s (X)
     in progress... |######              | 030% :               03.5s (E)               11.8s (X)
     in progress... |#######             | 035% :               04.0s (E)               11.7s (X)
     in progress... |########            | 040% :               04.6s (E)               11.5s (X)
     in progress... |#########           | 045% :               05.1s (E)               11.4s (X)
     in progress... |##########          | 050% :               05.6s (E)               11.2s (X)
     in progress... |###########         | 055% :               06.2s (E)               11.3s (X)
     in progress... |############        | 060% :               06.7s (E)               11.2s (X)
     in progress... |#############       | 065% :               07.2s (E)               11.2s (X)
     in progress... |##############      | 070% :               07.7s (E)               11.1s (X)
     in progress... |###############     | 075% :               08.2s (E)               11.0s (X)
     in progress... |################    | 080% :               08.7s (E)               10.9s (X)
     in progress... |#################   | 085% :               09.2s (E)               10.9s (X)
     in progress... |##################  | 090% :               09.8s (E)               10.9s (X)
     in progress... |################### | 095% :               10.3s (E)               10.9s (X)
     in progress... |####################| 100% :               10.8s (E)               10.8s (X)
     --------------------------------------------------------------------------------------------
     p-DIAGOX done in 00.6s with a SCALAPACK grid (6x6)
     --------------------------------------------------------------------------------------------
        
       -2.34168  -0.73529  -0.73529  -0.73529  -0.49561  -0.49561  -0.49561  -0.48131  -0.48130
       -0.46540  -0.30479  -0.30479  -0.30477  -0.27173  -0.27172  -0.27172  -0.19964  -0.19964
       -0.19964  -0.16285  -0.16284  -0.15406  -0.15406  -0.15406  -0.14531  -0.14092  -0.11175
       -0.11174  -0.11173  -0.08608  -0.08607  -0.08607  -0.08102  -0.08099  -0.07044  -0.07044
       -0.06918  -0.06917  -0.06917  -0.06814  -0.06808  -0.06808  -0.06808  -0.05979  -0.04898
       -0.04898  -0.04897  -0.04861  -0.04861  -0.04860  -0.03812  -0.03772  -0.03771  -0.03770
       -0.03687  -0.03686  -0.03685  -0.03595  -0.03595  -0.03594  -0.03585  -0.03584  -0.03570
       -0.03272  -0.03272  -0.03271  -0.02967  -0.02967  -0.02966  -0.02816  -0.02561  -0.02559
       -0.02405  -0.02405  -0.02403  -0.02350  -0.02350  -0.02349  -0.02344  -0.02343  -0.02341
       -0.02150  -0.02148  -0.02007  -0.02005  -0.02005  -0.01973  -0.01973  -0.01970  -0.01896
       -0.01895  -0.01893  -0.01841  -0.01840  -0.01838  -0.01763  -0.01763  -0.01761  -0.01654
       -0.01587  -0.01586  -0.01582  -0.01537  -0.01536  -0.01532  -0.01458  -0.01425  -0.01387
       -0.01386  -0.01383  -0.01334  -0.01329  -0.01309  -0.01305  -0.01304  -0.01302  -0.01301
       -0.01297  -0.01234  -0.01232  -0.01230  -0.01226  -0.01212  -0.01211  -0.01206  -0.01181
       -0.01176  -0.01174  -0.01155  -0.01153  -0.01150  -0.01148  -0.01146  -0.01109  -0.01105
       -0.01103  -0.01077  -0.01076  -0.01073  -0.01062  -0.01061  -0.01060  -0.01059  -0.01056
       -0.01053  -0.01046  -0.01025  -0.01023  -0.00884  -0.00881  -0.00879  -0.00875  -0.00871
       -0.00867  -0.00842  -0.00838  -0.00832  -0.00828  -0.00821  -0.00815  -0.00814  -0.00810
       -0.00803  -0.00799  -0.00760  -0.00756  -0.00752  -0.00728  -0.00727  -0.00724  -0.00721
       -0.00717  -0.00715  -0.00714  -0.00713  -0.00709  -0.00708  -0.00703  -0.00701  -0.00700
       -0.00699  -0.00695  -0.00692  -0.00689  -0.00689  -0.00683  -0.00680  -0.00677  -0.00671
       -0.00669  -0.00645  -0.00642  -0.00638  -0.00614  -0.00609  -0.00605  -0.00601  -0.00598
       -0.00596  -0.00593  -0.00586  -0.00584  -0.00582  -0.00579  -0.00576  -0.00573  -0.00567
       -0.00561  -0.00545  -0.00543  -0.00539  -0.00537  -0.00531  -0.00526  -0.00523  -0.00518
       -0.00511  -0.00506  -0.00502  -0.00498  -0.00495  -0.00492  -0.00490  -0.00487  -0.00482
       -0.00478  -0.00475  -0.00473  -0.00472  -0.00468  -0.00465  -0.00462  -0.00458  -0.00455
       -0.00454  -0.00451  -0.00449  -0.00447  -0.00447  -0.00445  -0.00441  -0.00439  -0.00437
       -0.00435  -0.00434  -0.00431  -0.00429  -0.00426  -0.00424  -0.00422  -0.00419  -0.00417
       -0.00416  -0.00412  -0.00409  -0.00405  -0.00402  -0.00401  -0.00398  -0.00392  -0.00390
       -0.00387  -0.00383  -0.00379  -0.00377  -0.00374  -0.00369  -0.00367  -0.00364  -0.00362
       -0.00360  -0.00358  -0.00356  -0.00353  -0.00350  -0.00348  -0.00344  -0.00341  -0.00340
       -0.00337  -0.00336  -0.00333  -0.00332  -0.00329  -0.00328  -0.00326  -0.00325  -0.00321
       -0.00320  -0.00319  -0.00317  -0.00315  -0.00313  -0.00312  -0.00310  -0.00308  -0.00307
       -0.00304  -0.00303  -0.00301  -0.00300  -0.00299  -0.00296  -0.00295  -0.00293  -0.00293
       -0.00290  -0.00290  -0.00288  -0.00285  -0.00284  -0.00281  -0.00280  -0.00278  -0.00276
       -0.00274  -0.00272  -0.00271  -0.00270  -0.00267  -0.00264  -0.00263  -0.00261  -0.00259
       -0.00259  -0.00255  -0.00255  -0.00253  -0.00251  -0.00250  -0.00247  -0.00245  -0.00244
       -0.00241  -0.00239  -0.00237  -0.00237  -0.00236  -0.00234  -0.00232  -0.00231  -0.00230
       -0.00228  -0.00226  -0.00224  -0.00223  -0.00222  -0.00221  -0.00219  -0.00218  -0.00216
       -0.00213  -0.00213  -0.00212  -0.00211  -0.00210  -0.00209  -0.00207  -0.00205  -0.00204
       -0.00203  -0.00202  -0.00200  -0.00199  -0.00199  -0.00197  -0.00196  -0.00195  -0.00193
       -0.00191  -0.00190  -0.00187  -0.00186  -0.00184  -0.00184  -0.00182  -0.00181  -0.00180
       -0.00178  -0.00177  -0.00176  -0.00173  -0.00172  -0.00171  -0.00170  -0.00169  -0.00166
       -0.00165  -0.00164  -0.00162  -0.00160  -0.00158  -0.00156  -0.00155  -0.00153  -0.00152
       -0.00151  -0.00145  -0.00143  -0.00142
        
     --------------------------------------------------------------------------------------------
     Tot. elapsed time 17.0s,  time spent in last iteration 17.0s
     --------------------------------------------------------------------------------------------

     [I/O] -------------------------------------------------------
     [I/O] RESTART written in < 00.1s             
     [I/O] In location   : ./c.wstat.restart
     [I/O] -------------------------------------------------------

                       *----------*              *----------*               *----------*
     #     Iteration = |        1 |   DFPT_dim = |      400 |   Diago_dim = |      800 |
                       *----------*              *----------*               *----------*
     per-process dynamical memory    53.7 Mb
  
       
     --------------------------------------------------------------------------------------------
     Sternheimer eq. solver... with threshold =   1.000000E-12           
     --------------------------------------------------------------------------------------------
     in progress... |#                   | 005% :               00.9s (E)               18.0s (X)
     in progress... |##                  | 010% :               01.7s (E)               17.9s (X)
     in progress... |###                 | 015% :               02.8s (E)               18.9s (X)
     in progress... |####                | 020% :               03.7s (E)               18.5s (X)
     in progress... |#####               | 025% :               04.5s (E)               18.2s (X)
     in progress... |######              | 030% :               05.4s (E)               18.1s (X)
     in progress... |#######             | 035% :               06.2s (E)               17.9s (X)
     in progress... |########            | 040% :               07.1s (E)               17.7s (X)
     in progress... |#########           | 045% :               07.8s (E)               17.4s (X)
     in progress... |##########          | 050% :               08.5s (E)               17.1s (X)
     in progress... |###########         | 055% :               09.4s (E)               17.2s (X)
     in progress... |############        | 060% :               10.3s (E)               17.2s (X)
     in progress... |#############       | 065% :               11.1s (E)               17.1s (X)
     in progress... |##############      | 070% :               11.8s (E)               16.9s (X)
     in progress... |###############     | 075% :               12.7s (E)               16.9s (X)
     in progress... |################    | 080% :               13.4s (E)               16.8s (X)
     in progress... |#################   | 085% :               14.2s (E)               16.7s (X)
     in progress... |##################  | 090% :               15.0s (E)               16.7s (X)
     in progress... |################### | 095% :               15.8s (E)               16.7s (X)
     in progress... |####################| 100% :               16.7s (E)               16.7s (X)
     --------------------------------------------------------------------------------------------
     p-DIAGOX done in 00.8s with a SCALAPACK grid (6x6)
     --------------------------------------------------------------------------------------------
        
       -2.34170  -0.73530  -0.73530  -0.73530  -0.49562  -0.49562  -0.49562  -0.48137  -0.48137
       -0.46541  -0.30488  -0.30488  -0.30488  -0.27173  -0.27173  -0.27173  -0.19965  -0.19965
       -0.19965  -0.16289  -0.16289  -0.15408  -0.15408  -0.15408  -0.14532  -0.14092  -0.11180
       -0.11180  -0.11180  -0.08609  -0.08609  -0.08609  -0.08109  -0.08109  -0.07046  -0.07046
       -0.06919  -0.06919  -0.06919  -0.06815  -0.06809  -0.06809  -0.06809  -0.05981  -0.04899
       -0.04899  -0.04899  -0.04863  -0.04863  -0.04863  -0.03815  -0.03775  -0.03775  -0.03775
       -0.03692  -0.03692  -0.03692  -0.03598  -0.03598  -0.03598  -0.03588  -0.03588  -0.03573
       -0.03274  -0.03274  -0.03274  -0.02970  -0.02970  -0.02970  -0.02819  -0.02569  -0.02569
       -0.02411  -0.02411  -0.02411  -0.02356  -0.02356  -0.02356  -0.02349  -0.02349  -0.02349
       -0.02157  -0.02157  -0.02012  -0.02012  -0.02012  -0.01978  -0.01977  -0.01977  -0.01901
       -0.01901  -0.01901  -0.01846  -0.01846  -0.01846  -0.01768  -0.01768  -0.01768  -0.01661
       -0.01598  -0.01598  -0.01598  -0.01545  -0.01545  -0.01545  -0.01470  -0.01436  -0.01396
       -0.01396  -0.01396  -0.01344  -0.01344  -0.01320  -0.01320  -0.01315  -0.01315  -0.01315
       -0.01306  -0.01244  -0.01244  -0.01244  -0.01244  -0.01224  -0.01224  -0.01224  -0.01192
       -0.01192  -0.01192  -0.01165  -0.01165  -0.01165  -0.01165  -0.01165  -0.01122  -0.01122
       -0.01122  -0.01092  -0.01092  -0.01092  -0.01072  -0.01072  -0.01072  -0.01071  -0.01071
       -0.01071  -0.01064  -0.01037  -0.01037  -0.00902  -0.00902  -0.00902  -0.00892  -0.00892
       -0.00892  -0.00862  -0.00862  -0.00862  -0.00851  -0.00841  -0.00841  -0.00838  -0.00832
       -0.00832  -0.00832  -0.00782  -0.00782  -0.00782  -0.00744  -0.00744  -0.00744  -0.00742
       -0.00742  -0.00737  -0.00737  -0.00737  -0.00733  -0.00733  -0.00729  -0.00729  -0.00723
       -0.00723  -0.00723  -0.00719  -0.00719  -0.00719  -0.00711  -0.00711  -0.00711  -0.00711
       -0.00699  -0.00668  -0.00668  -0.00668  -0.00639  -0.00639  -0.00639  -0.00631  -0.00618
       -0.00618  -0.00618  -0.00611  -0.00611  -0.00610  -0.00608  -0.00608  -0.00608  -0.00603
       -0.00603  -0.00574  -0.00574  -0.00572  -0.00572  -0.00572  -0.00555  -0.00555  -0.00555
       -0.00543  -0.00529  -0.00529  -0.00528  -0.00522  -0.00522  -0.00522  -0.00522  -0.00522
       -0.00520  -0.00508  -0.00508  -0.00508  -0.00503  -0.00503  -0.00503  -0.00495  -0.00495
       -0.00495  -0.00495  -0.00494  -0.00493  -0.00493  -0.00493  -0.00481  -0.00481  -0.00481
       -0.00472  -0.00472  -0.00472  -0.00465  -0.00465  -0.00463  -0.00461  -0.00461  -0.00461
       -0.00458  -0.00457  -0.00457  -0.00457  -0.00456  -0.00456  -0.00456  -0.00440  -0.00440
       -0.00440  -0.00429  -0.00429  -0.00419  -0.00419  -0.00417  -0.00417  -0.00417  -0.00413
       -0.00399  -0.00399  -0.00398  -0.00398  -0.00398  -0.00398  -0.00387  -0.00386  -0.00379
       -0.00377  -0.00377  -0.00377  -0.00373  -0.00373  -0.00373  -0.00371  -0.00370  -0.00369
       -0.00368  -0.00368  -0.00365  -0.00364  -0.00364  -0.00361  -0.00360  -0.00360  -0.00358
       -0.00358  -0.00358  -0.00347  -0.00347  -0.00345  -0.00345  -0.00344  -0.00339  -0.00339
       -0.00339  -0.00339  -0.00338  -0.00338  -0.00337  -0.00337  -0.00336  -0.00331  -0.00330
       -0.00330  -0.00328  -0.00328  -0.00328  -0.00326  -0.00326  -0.00325  -0.00325  -0.00324
       -0.00323  -0.00323  -0.00321  -0.00320  -0.00319  -0.00318  -0.00318  -0.00316  -0.00312
       -0.00312  -0.00311  -0.00310  -0.00303  -0.00288  -0.00287  -0.00287  -0.00286  -0.00285
       -0.00284  -0.00283  -0.00283  -0.00282  -0.00281  -0.00280  -0.00279  -0.00278  -0.00277
       -0.00274  -0.00273  -0.00273  -0.00271  -0.00263  -0.00262  -0.00261  -0.00260  -0.00259
       -0.00259  -0.00258  -0.00258  -0.00258  -0.00257  -0.00257  -0.00256  -0.00256  -0.00255
       -0.00255  -0.00254  -0.00253  -0.00252  -0.00252  -0.00251  -0.00248  -0.00247  -0.00246
       -0.00246  -0.00245  -0.00245  -0.00244  -0.00243  -0.00243  -0.00242  -0.00237  -0.00236
       -0.00236  -0.00235  -0.00235  -0.00234  -0.00234  -0.00233  -0.00232  -0.00232  -0.00231
       -0.00230  -0.00229  -0.00229  -0.00228
        
     --------------------------------------------------------------------------------------------
     Tot. elapsed time 36.2s,  time spent in last iteration 18.2s
     --------------------------------------------------------------------------------------------

     [I/O] -------------------------------------------------------
     [I/O] RESTART written in < 00.1s             
     [I/O] In location   : ./c.wstat.restart
     [I/O] -------------------------------------------------------

                       *----------*              *----------*               *----------*
     #     Iteration = |        2 |   DFPT_dim = |      154 |   Diago_dim = |      954 |
                       *----------*              *----------*               *----------*
     per-process dynamical memory    54.4 Mb
  
       
     --------------------------------------------------------------------------------------------
     Sternheimer eq. solver... with threshold =   1.000000E-12           
     --------------------------------------------------------------------------------------------
     in progress... |#                   | 005% :               00.3s (E)               07.7s (X)
     in progress... |##                  | 010% :               00.7s (E)               07.2s (X)
     in progress... |###                 | 015% :               01.0s (E)               06.9s (X)
     in progress... |####                | 020% :               01.3s (E)               06.8s (X)
     in progress... |#####               | 025% :               01.6s (E)               06.7s (X)
     in progress... |######              | 030% :               02.0s (E)               06.7s (X)
     in progress... |#######             | 035% :               02.3s (E)               06.6s (X)
     in progress... |########            | 040% :               02.6s (E)               06.6s (X)
     in progress... |#########           | 045% :               02.9s (E)               06.5s (X)
     in progress... |##########          | 050% :               03.2s (E)               06.4s (X)
     in progress... |###########         | 055% :               03.5s (E)               06.4s (X)
     in progress... |############        | 060% :               03.8s (E)               06.4s (X)
     in progress... |#############       | 065% :               04.2s (E)               06.5s (X)
     in progress... |##############      | 070% :               04.5s (E)               06.4s (X)
     in progress... |###############     | 075% :               04.8s (E)               06.4s (X)
     in progress... |################    | 080% :               05.0s (E)               06.3s (X)
     in progress... |#################   | 085% :               05.3s (E)               06.3s (X)
     in progress... |##################  | 090% :               05.6s (E)               06.3s (X)
     in progress... |################### | 095% :               06.0s (E)               06.3s (X)
     in progress... |####################| 100% :               06.3s (E)               06.3s (X)
     --------------------------------------------------------------------------------------------
     p-DIAGOX done in 01.0s with a SCALAPACK grid (6x6)
     --------------------------------------------------------------------------------------------
        
       -2.34170  -0.73530  -0.73530  -0.73530  -0.49562  -0.49562  -0.49562  -0.48137  -0.48137
       -0.46541  -0.30488  -0.30488  -0.30488  -0.27173  -0.27173  -0.27173  -0.19965  -0.19965
       -0.19965  -0.16289  -0.16289  -0.15408  -0.15408  -0.15408  -0.14532  -0.14092  -0.11180
       -0.11180  -0.11180  -0.08609  -0.08609  -0.08609  -0.08109  -0.08109  -0.07046  -0.07046
       -0.06919  -0.06919  -0.06919  -0.06815  -0.06809  -0.06809  -0.06809  -0.05981  -0.04899
       -0.04899  -0.04899  -0.04863  -0.04863  -0.04863  -0.03815  -0.03775  -0.03775  -0.03775
       -0.03692  -0.03692  -0.03692  -0.03598  -0.03598  -0.03598  -0.03588  -0.03588  -0.03573
       -0.03274  -0.03274  -0.03274  -0.02970  -0.02970  -0.02970  -0.02819  -0.02569  -0.02569
       -0.02411  -0.02411  -0.02411  -0.02356  -0.02356  -0.02356  -0.02349  -0.02349  -0.02349
       -0.02157  -0.02157  -0.02012  -0.02012  -0.02012  -0.01978  -0.01977  -0.01977  -0.01901
       -0.01901  -0.01901  -0.01846  -0.01846  -0.01846  -0.01768  -0.01768  -0.01768  -0.01661
       -0.01598  -0.01598  -0.01598  -0.01545  -0.01545  -0.01545  -0.01470  -0.01436  -0.01396
       -0.01396  -0.01396  -0.01345  -0.01345  -0.01320  -0.01320  -0.01315  -0.01315  -0.01315
       -0.01306  -0.01244  -0.01244  -0.01244  -0.01244  -0.01224  -0.01224  -0.01224  -0.01192
       -0.01192  -0.01192  -0.01165  -0.01165  -0.01165  -0.01165  -0.01165  -0.01122  -0.01122
       -0.01122  -0.01092  -0.01092  -0.01092  -0.01072  -0.01072  -0.01072  -0.01071  -0.01071
       -0.01071  -0.01064  -0.01037  -0.01037  -0.00902  -0.00902  -0.00902  -0.00892  -0.00892
       -0.00892  -0.00862  -0.00862  -0.00862  -0.00851  -0.00841  -0.00841  -0.00838  -0.00832
       -0.00832  -0.00832  -0.00782  -0.00782  -0.00782  -0.00744  -0.00744  -0.00744  -0.00742
       -0.00742  -0.00737  -0.00737  -0.00737  -0.00733  -0.00733  -0.00729  -0.00729  -0.00723
       -0.00723  -0.00723  -0.00719  -0.00719  -0.00719  -0.00712  -0.00712  -0.00712  -0.00711
       -0.00699  -0.00668  -0.00668  -0.00668  -0.00639  -0.00639  -0.00639  -0.00631  -0.00618
       -0.00618  -0.00618  -0.00611  -0.00611  -0.00611  -0.00609  -0.00609  -0.00609  -0.00603
       -0.00603  -0.00574  -0.00574  -0.00572  -0.00572  -0.00572  -0.00555  -0.00555  -0.00555
       -0.00543  -0.00529  -0.00529  -0.00529  -0.00523  -0.00522  -0.00522  -0.00522  -0.00522
       -0.00520  -0.00509  -0.00509  -0.00509  -0.00504  -0.00503  -0.00503  -0.00495  -0.00495
       -0.00495  -0.00495  -0.00495  -0.00494  -0.00494  -0.00494  -0.00481  -0.00481  -0.00481
       -0.00472  -0.00472  -0.00472  -0.00465  -0.00465  -0.00464  -0.00461  -0.00461  -0.00461
       -0.00459  -0.00458  -0.00458  -0.00458  -0.00456  -0.00456  -0.00456  -0.00441  -0.00441
       -0.00441  -0.00430  -0.00430  -0.00420  -0.00420  -0.00418  -0.00418  -0.00418  -0.00414
       -0.00399  -0.00399  -0.00399  -0.00399  -0.00399  -0.00399  -0.00388  -0.00388  -0.00381
       -0.00378  -0.00378  -0.00378  -0.00374  -0.00374  -0.00374  -0.00372  -0.00372  -0.00370
       -0.00370  -0.00370  -0.00366  -0.00366  -0.00366  -0.00362  -0.00362  -0.00362  -0.00360
       -0.00360  -0.00360  -0.00349  -0.00349  -0.00347  -0.00347  -0.00347  -0.00340  -0.00340
       -0.00340  -0.00340  -0.00340  -0.00340  -0.00339  -0.00339  -0.00339  -0.00332  -0.00332
       -0.00332  -0.00331  -0.00330  -0.00330  -0.00330  -0.00328  -0.00328  -0.00328  -0.00325
       -0.00325  -0.00325  -0.00324  -0.00323  -0.00321  -0.00321  -0.00321  -0.00319  -0.00314
       -0.00314  -0.00314  -0.00312  -0.00305  -0.00290  -0.00290  -0.00290  -0.00289  -0.00289
       -0.00287  -0.00286  -0.00286  -0.00286  -0.00284  -0.00284  -0.00284  -0.00281  -0.00281
       -0.00277  -0.00277  -0.00277  -0.00274  -0.00266  -0.00266  -0.00266  -0.00263  -0.00263
       -0.00263  -0.00262  -0.00262  -0.00262  -0.00261  -0.00261  -0.00261  -0.00260  -0.00260
       -0.00258  -0.00258  -0.00257  -0.00257  -0.00257  -0.00257  -0.00252  -0.00250  -0.00250
       -0.00250  -0.00249  -0.00249  -0.00249  -0.00248  -0.00247  -0.00247  -0.00240  -0.00240
       -0.00240  -0.00240  -0.00240  -0.00240  -0.00240  -0.00240  -0.00240  -0.00239  -0.00239
       -0.00239  -0.00234  -0.00234  -0.00234
        
     --------------------------------------------------------------------------------------------
     Tot. elapsed time 48.9s,  time spent in last iteration 07.9s
     --------------------------------------------------------------------------------------------
      
     --------------------------------------------------------------------------------------------
     SAVE written in 01.3s               
     In location : ./c.wstat.save
     --------------------------------------------------------------------------------------------
       
     --------------------------------------------------------------------------------------------
     Convergence achieved !!! in        2 steps                          
     --------------------------------------------------------------------------------------------
 
     Number of q in the star =    1
     List of q in the star:
          1   0.000000000   0.000000000   0.000000000
 imq =            1
 ichosen_sym(           1 ) =            1
 Index in this start is :            1
 Index in q_grid is :            1

     ================================================================
     PDEP calculation at q(00002) = (    0.5039   -0.5039    0.5039 )
     ----------------------------------------------------------------

                       *----------*              *----------*               *----------*
     #     Iteration = | starting |   DFPT_dim = |      400 |   Diago_dim = |      400 |  x 1/2
                       *----------*              *----------*               *----------*
     per-process dynamical memory    74.4 Mb
  
       
     --------------------------------------------------------------------------------------------
     Sternheimer eq. solver... with lite-solver                          
     --------------------------------------------------------------------------------------------
     in progress... |#                   | 005% :             < 00.1s (E)               01.3s (X)
     in progress... |##                  | 010% :               00.1s (E)               01.3s (X)
     in progress... |###                 | 015% :               00.2s (E)               01.3s (X)
     in progress... |####                | 020% :               00.2s (E)               01.3s (X)
     in progress... |#####               | 025% :               00.3s (E)               01.3s (X)
     in progress... |######              | 030% :               00.4s (E)               01.3s (X)
     in progress... |#######             | 035% :               00.4s (E)               01.3s (X)
     in progress... |########            | 040% :               00.5s (E)               01.3s (X)
     in progress... |#########           | 045% :               00.6s (E)               01.3s (X)
     in progress... |##########          | 050% :               00.6s (E)               01.3s (X)
     in progress... |###########         | 055% :               00.7s (E)               01.3s (X)
     in progress... |############        | 060% :               00.8s (E)               01.3s (X)
     in progress... |#############       | 065% :               00.8s (E)               01.3s (X)
     in progress... |##############      | 070% :               00.9s (E)               01.3s (X)
     in progress... |###############     | 075% :               01.0s (E)               01.3s (X)
     in progress... |################    | 080% :               01.1s (E)               01.3s (X)
     in progress... |#################   | 085% :               01.1s (E)               01.3s (X)
     in progress... |##################  | 090% :               01.2s (E)               01.3s (X)
     in progress... |################### | 095% :               01.3s (E)               01.3s (X)
     in progress... |####################| 100% :               01.3s (E)               01.3s (X)
     --------------------------------------------------------------------------------------------

     [I/O] -------------------------------------------------------
     [I/O] RESTART written in < 00.1s             
     [I/O] In location   : ./c.wstat.restart
     [I/O] -------------------------------------------------------

                       *----------*              *----------*               *----------*
     #     Iteration = | starting |   DFPT_dim = |      400 |   Diago_dim = |      400 |  x 2/2
                       *----------*              *----------*               *----------*
     per-process dynamical memory    77.8 Mb
  
       
     --------------------------------------------------------------------------------------------
     Sternheimer eq. solver... with threshold =   1.000000E-06           
     --------------------------------------------------------------------------------------------
     in progress... |#                   | 005% :               00.5s (E)               11.3s (X)
     in progress... |##                  | 010% :               01.0s (E)               10.9s (X)
     in progress... |###                 | 015% :               01.8s (E)               12.2s (X)
     in progress... |####                | 020% :               02.4s (E)               12.3s (X)
     in progress... |#####               | 025% :               03.0s (E)               12.2s (X)
     in progress... |######              | 030% :               03.6s (E)               12.0s (X)
     in progress... |#######             | 035% :               04.1s (E)               11.8s (X)
     in progress... |########            | 040% :               04.6s (E)               11.7s (X)
     in progress... |#########           | 045% :               05.2s (E)               11.5s (X)
     in progress... |##########          | 050% :               05.7s (E)               11.4s (X)
     in progress... |###########         | 055% :               06.3s (E)               11.4s (X)
     in progress... |############        | 060% :               06.8s (E)               11.3s (X)
     in progress... |#############       | 065% :               07.3s (E)               11.3s (X)
     in progress... |##############      | 070% :               07.8s (E)               11.2s (X)
     in progress... |###############     | 075% :               08.4s (E)               11.2s (X)
     in progress... |################    | 080% :               08.9s (E)               11.1s (X)
     in progress... |#################   | 085% :               09.4s (E)               11.1s (X)
     in progress... |##################  | 090% :               10.0s (E)               11.1s (X)
     in progress... |################### | 095% :               10.5s (E)               11.1s (X)
     in progress... |####################| 100% :               11.0s (E)               11.0s (X)
     --------------------------------------------------------------------------------------------
     p-DIAGOX done in 00.5s with a SCALAPACK grid (6x6)
     --------------------------------------------------------------------------------------------
        
       -2.62695  -1.53857  -1.37900  -0.72762  -0.72762  -0.66037  -0.66037  -0.43997  -0.39751
       -0.39751  -0.33971  -0.30682  -0.27786  -0.27786  -0.27332  -0.27330  -0.21998  -0.19511
       -0.19049  -0.19048  -0.18964  -0.16399  -0.16399  -0.15428  -0.14553  -0.14553  -0.10657
       -0.10657  -0.10516  -0.10516  -0.09875  -0.08326  -0.08325  -0.08253  -0.08230  -0.08229
       -0.07977  -0.07794  -0.07599  -0.06982  -0.06488  -0.06488  -0.06434  -0.05877  -0.05877
       -0.05090  -0.04826  -0.04825  -0.04623  -0.04622  -0.04326  -0.04095  -0.03918  -0.03918
       -0.03878  -0.03843  -0.03842  -0.03721  -0.03449  -0.03448  -0.03443  -0.03443  -0.03400
       -0.03370  -0.03314  -0.03313  -0.03070  -0.03069  -0.02973  -0.02907  -0.02832  -0.02640
       -0.02639  -0.02360  -0.02359  -0.02340  -0.02319  -0.02318  -0.02296  -0.02268  -0.02267
       -0.02262  -0.02165  -0.02110  -0.02108  -0.02053  -0.02049  -0.02046  -0.02027  -0.01979
       -0.01964  -0.01962  -0.01930  -0.01928  -0.01831  -0.01826  -0.01824  -0.01808  -0.01806
       -0.01757  -0.01639  -0.01609  -0.01606  -0.01571  -0.01569  -0.01559  -0.01484  -0.01482
       -0.01398  -0.01395  -0.01391  -0.01387  -0.01359  -0.01347  -0.01310  -0.01308  -0.01304
       -0.01301  -0.01275  -0.01233  -0.01207  -0.01205  -0.01172  -0.01169  -0.01160  -0.01154
       -0.01154  -0.01151  -0.01148  -0.01143  -0.01134  -0.01134  -0.01132  -0.01128  -0.01110
       -0.01107  -0.01105  -0.01086  -0.01066  -0.01036  -0.01035  -0.01028  -0.00999  -0.00990
       -0.00986  -0.00979  -0.00974  -0.00949  -0.00947  -0.00914  -0.00907  -0.00882  -0.00874
       -0.00862  -0.00856  -0.00841  -0.00838  -0.00835  -0.00833  -0.00829  -0.00821  -0.00816
       -0.00805  -0.00802  -0.00798  -0.00792  -0.00788  -0.00778  -0.00755  -0.00749  -0.00746
       -0.00742  -0.00733  -0.00730  -0.00725  -0.00722  -0.00719  -0.00716  -0.00712  -0.00708
       -0.00701  -0.00694  -0.00690  -0.00688  -0.00679  -0.00675  -0.00673  -0.00670  -0.00668
       -0.00666  -0.00661  -0.00657  -0.00652  -0.00647  -0.00643  -0.00639  -0.00633  -0.00630
       -0.00594  -0.00591  -0.00585  -0.00580  -0.00574  -0.00570  -0.00568  -0.00563  -0.00556
       -0.00555  -0.00550  -0.00543  -0.00531  -0.00524  -0.00520  -0.00515  -0.00511  -0.00510
       -0.00507  -0.00503  -0.00503  -0.00498  -0.00495  -0.00494  -0.00490  -0.00486  -0.00483
       -0.00478  -0.00478  -0.00472  -0.00470  -0.00469  -0.00468  -0.00464  -0.00461  -0.00459
       -0.00458  -0.00454  -0.00451  -0.00448  -0.00446  -0.00444  -0.00444  -0.00442  -0.00437
       -0.00435  -0.00432  -0.00431  -0.00430  -0.00426  -0.00424  -0.00423  -0.00421  -0.00418
       -0.00416  -0.00412  -0.00409  -0.00408  -0.00401  -0.00399  -0.00395  -0.00393  -0.00390
       -0.00388  -0.00386  -0.00383  -0.00381  -0.00378  -0.00375  -0.00372  -0.00370  -0.00366
       -0.00363  -0.00361  -0.00357  -0.00354  -0.00351  -0.00347  -0.00344  -0.00342  -0.00340
       -0.00337  -0.00334  -0.00332  -0.00331  -0.00329  -0.00327  -0.00326  -0.00323  -0.00322
       -0.00320  -0.00319  -0.00315  -0.00312  -0.00312  -0.00309  -0.00308  -0.00306  -0.00305
       -0.00303  -0.00301  -0.00300  -0.00297  -0.00295  -0.00294  -0.00293  -0.00292  -0.00289
       -0.00288  -0.00286  -0.00285  -0.00283  -0.00281  -0.00278  -0.00278  -0.00276  -0.00273
       -0.00271  -0.00269  -0.00267  -0.00265  -0.00265  -0.00262  -0.00261  -0.00259  -0.00257
       -0.00255  -0.00253  -0.00253  -0.00251  -0.00249  -0.00248  -0.00246  -0.00244  -0.00241
       -0.00241  -0.00239  -0.00237  -0.00236  -0.00235  -0.00234  -0.00231  -0.00229  -0.00228
       -0.00225  -0.00225  -0.00223  -0.00221  -0.00220  -0.00219  -0.00217  -0.00216  -0.00214
       -0.00213  -0.00212  -0.00211  -0.00210  -0.00208  -0.00206  -0.00205  -0.00204  -0.00203
       -0.00201  -0.00199  -0.00198  -0.00197  -0.00194  -0.00193  -0.00191  -0.00190  -0.00189
       -0.00188  -0.00188  -0.00186  -0.00184  -0.00183  -0.00181  -0.00180  -0.00179  -0.00177
       -0.00176  -0.00174  -0.00173  -0.00171  -0.00170  -0.00168  -0.00167  -0.00167  -0.00164
       -0.00163  -0.00161  -0.00160  -0.00157  -0.00157  -0.00156  -0.00155  -0.00152  -0.00149
       -0.00146  -0.00145  -0.00143  -0.00138
        
     --------------------------------------------------------------------------------------------
     Tot. elapsed time 01m-10.7s,  time spent in last iteration 18.6s
     --------------------------------------------------------------------------------------------

     [I/O] -------------------------------------------------------
     [I/O] RESTART written in < 00.1s             
     [I/O] In location   : ./c.wstat.restart
     [I/O] -------------------------------------------------------

                       *----------*              *----------*               *----------*
     #     Iteration = |        1 |   DFPT_dim = |      400 |   Diago_dim = |      800 |
                       *----------*              *----------*               *----------*
     per-process dynamical memory    93.7 Mb
  
       
     --------------------------------------------------------------------------------------------
     Sternheimer eq. solver... with threshold =   1.000000E-12           
     --------------------------------------------------------------------------------------------
     in progress... |#                   | 005% :               00.8s (E)               16.7s (X)
     in progress... |##                  | 010% :               01.6s (E)               16.5s (X)
     in progress... |###                 | 015% :               02.5s (E)               16.9s (X)
     in progress... |####                | 020% :               03.5s (E)               17.6s (X)
     in progress... |#####               | 025% :               04.4s (E)               17.8s (X)
     in progress... |######              | 030% :               05.3s (E)               17.7s (X)
     in progress... |#######             | 035% :               06.1s (E)               17.4s (X)
     in progress... |########            | 040% :               06.9s (E)               17.3s (X)
     in progress... |#########           | 045% :               07.6s (E)               17.1s (X)
     in progress... |##########          | 050% :               08.4s (E)               16.9s (X)
     in progress... |###########         | 055% :               09.2s (E)               16.8s (X)
     in progress... |############        | 060% :               10.1s (E)               16.8s (X)
     in progress... |#############       | 065% :               10.9s (E)               16.8s (X)
     in progress... |##############      | 070% :               11.6s (E)               16.6s (X)
     in progress... |###############     | 075% :               12.4s (E)               16.5s (X)
     in progress... |################    | 080% :               13.2s (E)               16.5s (X)
     in progress... |#################   | 085% :               14.0s (E)               16.4s (X)
     in progress... |##################  | 090% :               14.8s (E)               16.4s (X)
     in progress... |################### | 095% :               15.6s (E)               16.4s (X)
     in progress... |####################| 100% :               16.4s (E)               16.4s (X)
     --------------------------------------------------------------------------------------------
     p-DIAGOX done in 00.8s with a SCALAPACK grid (6x6)
     --------------------------------------------------------------------------------------------
        
       -2.62698  -1.53860  -1.37901  -0.72763  -0.72763  -0.66039  -0.66039  -0.43998  -0.39755
       -0.39755  -0.33971  -0.30682  -0.27787  -0.27787  -0.27339  -0.27339  -0.22003  -0.19512
       -0.19051  -0.19051  -0.18965  -0.16402  -0.16402  -0.15429  -0.14555  -0.14555  -0.10664
       -0.10664  -0.10519  -0.10519  -0.09878  -0.08330  -0.08330  -0.08256  -0.08234  -0.08234
       -0.07979  -0.07794  -0.07603  -0.06983  -0.06489  -0.06489  -0.06435  -0.05878  -0.05878
       -0.05092  -0.04832  -0.04832  -0.04627  -0.04627  -0.04331  -0.04098  -0.03923  -0.03923
       -0.03882  -0.03848  -0.03848  -0.03725  -0.03452  -0.03452  -0.03447  -0.03447  -0.03403
       -0.03372  -0.03316  -0.03316  -0.03074  -0.03074  -0.02975  -0.02911  -0.02837  -0.02646
       -0.02646  -0.02366  -0.02366  -0.02351  -0.02325  -0.02325  -0.02302  -0.02273  -0.02273
       -0.02269  -0.02171  -0.02118  -0.02118  -0.02059  -0.02056  -0.02056  -0.02034  -0.01986
       -0.01971  -0.01971  -0.01937  -0.01937  -0.01839  -0.01832  -0.01832  -0.01816  -0.01816
       -0.01763  -0.01646  -0.01619  -0.01619  -0.01579  -0.01579  -0.01569  -0.01496  -0.01491
       -0.01412  -0.01412  -0.01403  -0.01403  -0.01377  -0.01360  -0.01323  -0.01323  -0.01320
       -0.01320  -0.01298  -0.01248  -0.01218  -0.01218  -0.01189  -0.01189  -0.01180  -0.01170
       -0.01170  -0.01166  -0.01166  -0.01165  -0.01147  -0.01147  -0.01145  -0.01145  -0.01126
       -0.01121  -0.01121  -0.01102  -0.01083  -0.01052  -0.01052  -0.01043  -0.01016  -0.01005
       -0.01005  -0.00997  -0.00997  -0.00969  -0.00965  -0.00930  -0.00930  -0.00902  -0.00898
       -0.00879  -0.00879  -0.00859  -0.00859  -0.00859  -0.00859  -0.00855  -0.00839  -0.00837
       -0.00831  -0.00825  -0.00825  -0.00817  -0.00817  -0.00804  -0.00777  -0.00775  -0.00775
       -0.00764  -0.00758  -0.00758  -0.00751  -0.00749  -0.00749  -0.00741  -0.00741  -0.00741
       -0.00739  -0.00726  -0.00723  -0.00723  -0.00702  -0.00699  -0.00699  -0.00694  -0.00693
       -0.00693  -0.00692  -0.00692  -0.00679  -0.00679  -0.00677  -0.00673  -0.00669  -0.00669
       -0.00624  -0.00622  -0.00622  -0.00615  -0.00615  -0.00608  -0.00598  -0.00597  -0.00595
       -0.00595  -0.00583  -0.00583  -0.00559  -0.00550  -0.00550  -0.00548  -0.00548  -0.00548
       -0.00544  -0.00543  -0.00542  -0.00542  -0.00539  -0.00538  -0.00523  -0.00519  -0.00519
       -0.00513  -0.00513  -0.00513  -0.00506  -0.00503  -0.00503  -0.00503  -0.00502  -0.00500
       -0.00498  -0.00498  -0.00491  -0.00489  -0.00488  -0.00487  -0.00484  -0.00484  -0.00482
       -0.00482  -0.00481  -0.00480  -0.00473  -0.00473  -0.00468  -0.00464  -0.00464  -0.00464
       -0.00464  -0.00463  -0.00463  -0.00462  -0.00457  -0.00448  -0.00446  -0.00440  -0.00437
       -0.00437  -0.00433  -0.00425  -0.00425  -0.00423  -0.00423  -0.00419  -0.00413  -0.00413
       -0.00409  -0.00407  -0.00407  -0.00406  -0.00405  -0.00393  -0.00391  -0.00386  -0.00380
       -0.00378  -0.00378  -0.00376  -0.00375  -0.00375  -0.00375  -0.00372  -0.00371  -0.00370
       -0.00369  -0.00368  -0.00367  -0.00367  -0.00366  -0.00361  -0.00361  -0.00360  -0.00357
       -0.00356  -0.00350  -0.00349  -0.00349  -0.00348  -0.00346  -0.00343  -0.00343  -0.00341
       -0.00340  -0.00339  -0.00338  -0.00337  -0.00334  -0.00334  -0.00334  -0.00332  -0.00331
       -0.00331  -0.00330  -0.00326  -0.00326  -0.00324  -0.00324  -0.00322  -0.00321  -0.00321
       -0.00321  -0.00320  -0.00320  -0.00319  -0.00319  -0.00317  -0.00317  -0.00316  -0.00312
       -0.00311  -0.00308  -0.00305  -0.00304  -0.00300  -0.00299  -0.00298  -0.00296  -0.00296
       -0.00294  -0.00290  -0.00282  -0.00280  -0.00280  -0.00280  -0.00278  -0.00277  -0.00275
       -0.00274  -0.00274  -0.00273  -0.00271  -0.00270  -0.00268  -0.00266  -0.00265  -0.00264
       -0.00264  -0.00263  -0.00257  -0.00257  -0.00256  -0.00255  -0.00255  -0.00254  -0.00253
       -0.00252  -0.00252  -0.00251  -0.00251  -0.00250  -0.00249  -0.00248  -0.00248  -0.00246
       -0.00245  -0.00245  -0.00244  -0.00243  -0.00243  -0.00242  -0.00241  -0.00238  -0.00236
       -0.00236  -0.00235  -0.00235  -0.00234  -0.00234  -0.00233  -0.00232  -0.00232  -0.00231
       -0.00231  -0.00230  -0.00230  -0.00229
        
     --------------------------------------------------------------------------------------------
     Tot. elapsed time 01m-29.7s,  time spent in last iteration 17.8s
     --------------------------------------------------------------------------------------------

     [I/O] -------------------------------------------------------
     [I/O] RESTART written in < 00.1s             
     [I/O] In location   : ./c.wstat.restart
     [I/O] -------------------------------------------------------

                       *----------*              *----------*               *----------*
     #     Iteration = |        2 |   DFPT_dim = |      156 |   Diago_dim = |      956 |
                       *----------*              *----------*               *----------*
     per-process dynamical memory    93.7 Mb
  
       
     --------------------------------------------------------------------------------------------
     Sternheimer eq. solver... with threshold =   1.000000E-12           
     --------------------------------------------------------------------------------------------
     in progress... |#                   | 005% :               00.3s (E)               07.5s (X)
     in progress... |##                  | 010% :               00.7s (E)               07.4s (X)
     in progress... |###                 | 015% :               01.1s (E)               07.8s (X)
     in progress... |####                | 020% :               01.5s (E)               07.7s (X)
     in progress... |#####               | 025% :               01.8s (E)               07.5s (X)
     in progress... |######              | 030% :               02.2s (E)               07.3s (X)
     in progress... |#######             | 035% :               02.5s (E)               07.2s (X)
     in progress... |########            | 040% :               02.8s (E)               07.0s (X)
     in progress... |#########           | 045% :               03.1s (E)               06.9s (X)
     in progress... |##########          | 050% :               03.4s (E)               06.8s (X)
     in progress... |###########         | 055% :               03.7s (E)               06.7s (X)
     in progress... |############        | 060% :               04.0s (E)               06.7s (X)
     in progress... |#############       | 065% :               04.3s (E)               06.7s (X)
     in progress... |##############      | 070% :               04.6s (E)               06.6s (X)
     in progress... |###############     | 075% :               04.9s (E)               06.5s (X)
     in progress... |################    | 080% :               05.2s (E)               06.5s (X)
     in progress... |#################   | 085% :               05.5s (E)               06.5s (X)
     in progress... |##################  | 090% :               05.8s (E)               06.4s (X)
     in progress... |################### | 095% :               06.1s (E)               06.4s (X)
     in progress... |####################| 100% :               06.4s (E)               06.4s (X)
     --------------------------------------------------------------------------------------------
     p-DIAGOX done in 01.0s with a SCALAPACK grid (6x6)
     --------------------------------------------------------------------------------------------
        
       -2.62698  -1.53860  -1.37901  -0.72763  -0.72763  -0.66039  -0.66039  -0.43998  -0.39755
       -0.39755  -0.33971  -0.30682  -0.27787  -0.27787  -0.27339  -0.27339  -0.22003  -0.19512
       -0.19051  -0.19051  -0.18965  -0.16402  -0.16402  -0.15429  -0.14555  -0.14555  -0.10664
       -0.10664  -0.10519  -0.10519  -0.09878  -0.08330  -0.08330  -0.08256  -0.08234  -0.08234
       -0.07979  -0.07794  -0.07603  -0.06983  -0.06489  -0.06489  -0.06435  -0.05878  -0.05878
       -0.05092  -0.04832  -0.04832  -0.04627  -0.04627  -0.04331  -0.04098  -0.03923  -0.03923
       -0.03882  -0.03848  -0.03848  -0.03725  -0.03452  -0.03452  -0.03447  -0.03447  -0.03403
       -0.03372  -0.03316  -0.03316  -0.03074  -0.03074  -0.02975  -0.02911  -0.02837  -0.02646
       -0.02646  -0.02366  -0.02366  -0.02351  -0.02325  -0.02325  -0.02302  -0.02273  -0.02273
       -0.02269  -0.02171  -0.02118  -0.02118  -0.02059  -0.02056  -0.02056  -0.02034  -0.01986
       -0.01971  -0.01971  -0.01937  -0.01937  -0.01839  -0.01832  -0.01832  -0.01816  -0.01816
       -0.01763  -0.01646  -0.01619  -0.01619  -0.01579  -0.01579  -0.01569  -0.01496  -0.01491
       -0.01412  -0.01412  -0.01403  -0.01403  -0.01377  -0.01360  -0.01323  -0.01323  -0.01320
       -0.01320  -0.01298  -0.01248  -0.01218  -0.01218  -0.01189  -0.01189  -0.01180  -0.01170
       -0.01170  -0.01166  -0.01166  -0.01165  -0.01147  -0.01147  -0.01145  -0.01145  -0.01126
       -0.01121  -0.01121  -0.01103  -0.01083  -0.01052  -0.01052  -0.01043  -0.01016  -0.01005
       -0.01005  -0.00997  -0.00997  -0.00969  -0.00965  -0.00930  -0.00930  -0.00902  -0.00898
       -0.00879  -0.00879  -0.00859  -0.00859  -0.00859  -0.00859  -0.00855  -0.00839  -0.00837
       -0.00832  -0.00825  -0.00825  -0.00817  -0.00817  -0.00804  -0.00777  -0.00775  -0.00775
       -0.00765  -0.00758  -0.00758  -0.00751  -0.00749  -0.00749  -0.00741  -0.00741  -0.00741
       -0.00739  -0.00726  -0.00723  -0.00723  -0.00702  -0.00699  -0.00699  -0.00694  -0.00693
       -0.00693  -0.00692  -0.00692  -0.00680  -0.00680  -0.00678  -0.00673  -0.00669  -0.00669
       -0.00625  -0.00622  -0.00622  -0.00615  -0.00615  -0.00609  -0.00598  -0.00598  -0.00595
       -0.00595  -0.00584  -0.00583  -0.00559  -0.00550  -0.00550  -0.00549  -0.00549  -0.00548
       -0.00544  -0.00544  -0.00542  -0.00542  -0.00540  -0.00538  -0.00523  -0.00520  -0.00520
       -0.00514  -0.00514  -0.00514  -0.00507  -0.00503  -0.00503  -0.00503  -0.00503  -0.00500
       -0.00498  -0.00498  -0.00491  -0.00489  -0.00488  -0.00488  -0.00484  -0.00484  -0.00483
       -0.00483  -0.00482  -0.00481  -0.00473  -0.00473  -0.00469  -0.00465  -0.00465  -0.00465
       -0.00465  -0.00463  -0.00463  -0.00462  -0.00458  -0.00448  -0.00447  -0.00441  -0.00437
       -0.00437  -0.00434  -0.00426  -0.00426  -0.00424  -0.00424  -0.00420  -0.00414  -0.00414
       -0.00410  -0.00408  -0.00408  -0.00407  -0.00407  -0.00394  -0.00392  -0.00387  -0.00381
       -0.00380  -0.00380  -0.00377  -0.00377  -0.00376  -0.00376  -0.00373  -0.00373  -0.00372
       -0.00370  -0.00370  -0.00369  -0.00369  -0.00368  -0.00362  -0.00362  -0.00361  -0.00358
       -0.00358  -0.00351  -0.00351  -0.00351  -0.00350  -0.00348  -0.00345  -0.00345  -0.00343
       -0.00342  -0.00342  -0.00339  -0.00339  -0.00336  -0.00336  -0.00336  -0.00336  -0.00334
       -0.00333  -0.00333  -0.00329  -0.00328  -0.00327  -0.00327  -0.00325  -0.00324  -0.00323
       -0.00323  -0.00323  -0.00323  -0.00322  -0.00321  -0.00320  -0.00320  -0.00318  -0.00314
       -0.00314  -0.00310  -0.00308  -0.00308  -0.00302  -0.00302  -0.00302  -0.00299  -0.00299
       -0.00299  -0.00294  -0.00284  -0.00283  -0.00283  -0.00283  -0.00282  -0.00282  -0.00279
       -0.00278  -0.00277  -0.00277  -0.00275  -0.00275  -0.00271  -0.00271  -0.00269  -0.00269
       -0.00268  -0.00268  -0.00261  -0.00261  -0.00261  -0.00259  -0.00259  -0.00259  -0.00258
       -0.00257  -0.00257  -0.00257  -0.00255  -0.00255  -0.00255  -0.00254  -0.00253  -0.00251
       -0.00251  -0.00250  -0.00250  -0.00248  -0.00247  -0.00246  -0.00246  -0.00241  -0.00241
       -0.00240  -0.00240  -0.00240  -0.00240  -0.00240  -0.00240  -0.00239  -0.00239  -0.00239
       -0.00237  -0.00236  -0.00236  -0.00235
        
     --------------------------------------------------------------------------------------------
     Tot. elapsed time 01m-43.0s,  time spent in last iteration 08.0s
     --------------------------------------------------------------------------------------------
      
     --------------------------------------------------------------------------------------------
     SAVE written in 01.6s               
     In location : ./c.wstat.save
     --------------------------------------------------------------------------------------------
       
     --------------------------------------------------------------------------------------------
     Convergence achieved !!! in        2 steps                          
     --------------------------------------------------------------------------------------------
 
     Number of q in the star =    4
     List of q in the star:
          1   0.503943239  -0.503943239   0.503943239
          2  -0.503943239   0.503943239   0.503943239
          3  -0.503943239  -0.503943239  -0.503943239
          4   0.503943239   0.503943239  -0.503943239
 imq =            1
 ichosen_sym(           1 ) =            1
 ichosen_sym(           2 ) =            2
 ichosen_sym(           3 ) =            3
 ichosen_sym(           4 ) =            4
 Index in this start is :            1
 Index in q_grid is :            2
 Index in this start is :            2
 Index in q_grid is :            8
      
     --------------------------------------------------------------------------------------------
     SAVE written in 01.5s               
     In location : ./c.wstat.save
     --------------------------------------------------------------------------------------------
 Index in this start is :            3
 Index in q_grid is :            3
      
     --------------------------------------------------------------------------------------------
     SAVE written in 01.6s               
     In location : ./c.wstat.save
     --------------------------------------------------------------------------------------------
 Index in this start is :            4
 Index in q_grid is :            5
      
     --------------------------------------------------------------------------------------------
     SAVE written in 01.9s               
     In location : ./c.wstat.save
     --------------------------------------------------------------------------------------------

     ================================================================
     PDEP calculation at q(00003) = (    0.0000   -1.0079    0.0000 )
     ----------------------------------------------------------------

                       *----------*              *----------*               *----------*
     #     Iteration = | starting |   DFPT_dim = |      400 |   Diago_dim = |      400 |  x 1/2
                       *----------*              *----------*               *----------*
     per-process dynamical memory    93.7 Mb
  
       
     --------------------------------------------------------------------------------------------
     Sternheimer eq. solver... with lite-solver                          
     --------------------------------------------------------------------------------------------
     in progress... |#                   | 005% :             < 00.1s (E)               01.4s (X)
     in progress... |##                  | 010% :               00.1s (E)               01.3s (X)
     in progress... |###                 | 015% :               00.2s (E)               01.3s (X)
     in progress... |####                | 020% :               00.2s (E)               01.3s (X)
     in progress... |#####               | 025% :               00.3s (E)               01.3s (X)
     in progress... |######              | 030% :               00.4s (E)               01.3s (X)
     in progress... |#######             | 035% :               00.4s (E)               01.3s (X)
     in progress... |########            | 040% :               00.5s (E)               01.3s (X)
     in progress... |#########           | 045% :               00.6s (E)               01.3s (X)
     in progress... |##########          | 050% :               00.6s (E)               01.3s (X)
     in progress... |###########         | 055% :               00.7s (E)               01.3s (X)
     in progress... |############        | 060% :               00.8s (E)               01.3s (X)
     in progress... |#############       | 065% :               00.9s (E)               01.3s (X)
     in progress... |##############      | 070% :               00.9s (E)               01.3s (X)
     in progress... |###############     | 075% :               01.0s (E)               01.3s (X)
     in progress... |################    | 080% :               01.1s (E)               01.3s (X)
     in progress... |#################   | 085% :               01.1s (E)               01.3s (X)
     in progress... |##################  | 090% :               01.2s (E)               01.3s (X)
     in progress... |################### | 095% :               01.3s (E)               01.3s (X)
     in progress... |####################| 100% :               01.3s (E)               01.3s (X)
     --------------------------------------------------------------------------------------------

     [I/O] -------------------------------------------------------
     [I/O] RESTART written in < 00.1s             
     [I/O] In location   : ./c.wstat.restart
     [I/O] -------------------------------------------------------

                       *----------*              *----------*               *----------*
     #     Iteration = | starting |   DFPT_dim = |      400 |   Diago_dim = |      400 |  x 2/2
                       *----------*              *----------*               *----------*
     per-process dynamical memory    93.7 Mb
  
       
     --------------------------------------------------------------------------------------------
     Sternheimer eq. solver... with threshold =   1.000000E-06           
     --------------------------------------------------------------------------------------------
     in progress... |#                   | 005% :               00.5s (E)               10.8s (X)
     in progress... |##                  | 010% :               01.0s (E)               10.4s (X)
     in progress... |###                 | 015% :               01.6s (E)               10.7s (X)
     in progress... |####                | 020% :               02.2s (E)               11.3s (X)
     in progress... |#####               | 025% :               02.8s (E)               11.4s (X)
     in progress... |######              | 030% :               03.4s (E)               11.5s (X)
     in progress... |#######             | 035% :               04.0s (E)               11.4s (X)
     in progress... |########            | 040% :               04.5s (E)               11.4s (X)
     in progress... |#########           | 045% :               05.0s (E)               11.3s (X)
     in progress... |##########          | 050% :               05.6s (E)               11.2s (X)
     in progress... |###########         | 055% :               06.2s (E)               11.2s (X)
     in progress... |############        | 060% :               06.7s (E)               11.2s (X)
     in progress... |#############       | 065% :               07.3s (E)               11.2s (X)
     in progress... |##############      | 070% :               07.8s (E)               11.1s (X)
     in progress... |###############     | 075% :               08.2s (E)               11.0s (X)
     in progress... |################    | 080% :               08.8s (E)               11.0s (X)
     in progress... |#################   | 085% :               09.3s (E)               10.9s (X)
     in progress... |##################  | 090% :               09.8s (E)               10.9s (X)
     in progress... |################### | 095% :               10.4s (E)               10.9s (X)
     in progress... |####################| 100% :               10.9s (E)               10.9s (X)
     --------------------------------------------------------------------------------------------
     p-DIAGOX done in 00.6s with a SCALAPACK grid (6x6)
     --------------------------------------------------------------------------------------------
        
       -2.04206  -2.04204  -0.99566  -0.99566  -0.96826  -0.96825  -0.49252  -0.49252  -0.33958
       -0.33958  -0.32470  -0.32469  -0.27964  -0.27963  -0.27537  -0.27536  -0.19500  -0.19499
       -0.18716  -0.18716  -0.18393  -0.18392  -0.17074  -0.17074  -0.15126  -0.15125  -0.10608
       -0.10606  -0.10148  -0.10147  -0.09721  -0.09721  -0.09427  -0.09426  -0.07408  -0.07407
       -0.07286  -0.07286  -0.06960  -0.06960  -0.06583  -0.06583  -0.06231  -0.06230  -0.05040
       -0.05040  -0.05006  -0.05004  -0.04386  -0.04384  -0.04325  -0.04323  -0.03969  -0.03969
       -0.03830  -0.03829  -0.03804  -0.03803  -0.03722  -0.03722  -0.03654  -0.03653  -0.03569
       -0.03568  -0.03220  -0.03219  -0.03163  -0.03162  -0.02739  -0.02738  -0.02698  -0.02697
       -0.02655  -0.02654  -0.02498  -0.02496  -0.02390  -0.02389  -0.02255  -0.02254  -0.02047
       -0.02044  -0.02023  -0.02020  -0.01992  -0.01987  -0.01973  -0.01971  -0.01951  -0.01950
       -0.01907  -0.01906  -0.01905  -0.01904  -0.01866  -0.01865  -0.01862  -0.01860  -0.01740
       -0.01739  -0.01696  -0.01692  -0.01633  -0.01630  -0.01530  -0.01527  -0.01493  -0.01492
       -0.01481  -0.01478  -0.01433  -0.01431  -0.01345  -0.01342  -0.01341  -0.01338  -0.01310
       -0.01306  -0.01256  -0.01256  -0.01230  -0.01228  -0.01203  -0.01202  -0.01192  -0.01187
       -0.01184  -0.01182  -0.01177  -0.01174  -0.01133  -0.01128  -0.01124  -0.01122  -0.01104
       -0.01102  -0.01076  -0.01075  -0.01069  -0.01066  -0.01006  -0.01002  -0.00977  -0.00974
       -0.00969  -0.00966  -0.00928  -0.00924  -0.00923  -0.00916  -0.00912  -0.00911  -0.00862
       -0.00858  -0.00850  -0.00849  -0.00844  -0.00840  -0.00818  -0.00816  -0.00802  -0.00796
       -0.00794  -0.00785  -0.00780  -0.00775  -0.00748  -0.00744  -0.00740  -0.00740  -0.00738
       -0.00735  -0.00733  -0.00730  -0.00730  -0.00725  -0.00715  -0.00713  -0.00709  -0.00707
       -0.00705  -0.00702  -0.00698  -0.00696  -0.00689  -0.00684  -0.00676  -0.00670  -0.00662
       -0.00656  -0.00652  -0.00649  -0.00647  -0.00645  -0.00640  -0.00637  -0.00630  -0.00627
       -0.00623  -0.00618  -0.00594  -0.00586  -0.00584  -0.00578  -0.00573  -0.00568  -0.00554
       -0.00552  -0.00548  -0.00543  -0.00541  -0.00539  -0.00535  -0.00529  -0.00523  -0.00519
       -0.00516  -0.00514  -0.00510  -0.00507  -0.00503  -0.00500  -0.00494  -0.00493  -0.00489
       -0.00486  -0.00484  -0.00480  -0.00478  -0.00474  -0.00471  -0.00468  -0.00465  -0.00462
       -0.00458  -0.00456  -0.00453  -0.00452  -0.00448  -0.00447  -0.00445  -0.00443  -0.00441
       -0.00438  -0.00435  -0.00434  -0.00432  -0.00429  -0.00426  -0.00424  -0.00421  -0.00418
       -0.00416  -0.00416  -0.00413  -0.00409  -0.00408  -0.00404  -0.00402  -0.00399  -0.00393
       -0.00391  -0.00387  -0.00380  -0.00375  -0.00371  -0.00367  -0.00365  -0.00362  -0.00358
       -0.00356  -0.00354  -0.00350  -0.00348  -0.00345  -0.00341  -0.00340  -0.00337  -0.00336
       -0.00334  -0.00332  -0.00330  -0.00327  -0.00326  -0.00323  -0.00323  -0.00321  -0.00318
       -0.00318  -0.00316  -0.00313  -0.00312  -0.00311  -0.00309  -0.00307  -0.00305  -0.00302
       -0.00302  -0.00300  -0.00299  -0.00297  -0.00295  -0.00292  -0.00291  -0.00289  -0.00288
       -0.00287  -0.00286  -0.00284  -0.00283  -0.00280  -0.00279  -0.00276  -0.00275  -0.00275
       -0.00272  -0.00271  -0.00270  -0.00268  -0.00266  -0.00265  -0.00263  -0.00261  -0.00259
       -0.00258  -0.00257  -0.00256  -0.00254  -0.00253  -0.00251  -0.00249  -0.00247  -0.00245
       -0.00244  -0.00242  -0.00240  -0.00238  -0.00237  -0.00235  -0.00234  -0.00232  -0.00230
       -0.00229  -0.00227  -0.00227  -0.00225  -0.00223  -0.00222  -0.00220  -0.00220  -0.00218
       -0.00216  -0.00213  -0.00211  -0.00210  -0.00209  -0.00207  -0.00206  -0.00205  -0.00203
       -0.00201  -0.00200  -0.00199  -0.00198  -0.00197  -0.00194  -0.00193  -0.00192  -0.00191
       -0.00190  -0.00189  -0.00187  -0.00185  -0.00184  -0.00182  -0.00180  -0.00179  -0.00178
       -0.00177  -0.00175  -0.00174  -0.00173  -0.00171  -0.00169  -0.00167  -0.00167  -0.00165
       -0.00163  -0.00162  -0.00160  -0.00159  -0.00158  -0.00154  -0.00153  -0.00151  -0.00149
       -0.00148  -0.00145  -0.00141  -0.00140
        
     --------------------------------------------------------------------------------------------
     Tot. elapsed time 02m-04.1s,  time spent in last iteration 17.4s
     --------------------------------------------------------------------------------------------

     [I/O] -------------------------------------------------------
     [I/O] RESTART written in < 00.1s             
     [I/O] In location   : ./c.wstat.restart
     [I/O] -------------------------------------------------------

                       *----------*              *----------*               *----------*
     #     Iteration = |        1 |   DFPT_dim = |      400 |   Diago_dim = |      800 |
                       *----------*              *----------*               *----------*
     per-process dynamical memory    97.3 Mb
  
       
     --------------------------------------------------------------------------------------------
     Sternheimer eq. solver... with threshold =   1.000000E-12           
     --------------------------------------------------------------------------------------------
     in progress... |#                   | 005% :               00.7s (E)               15.9s (X)
     in progress... |##                  | 010% :               01.5s (E)               15.7s (X)
     in progress... |###                 | 015% :               02.4s (E)               16.1s (X)
     in progress... |####                | 020% :               03.2s (E)               16.3s (X)
     in progress... |#####               | 025% :               04.1s (E)               16.6s (X)
     in progress... |######              | 030% :               05.1s (E)               17.3s (X)
     in progress... |#######             | 035% :               06.0s (E)               17.2s (X)
     in progress... |########            | 040% :               06.8s (E)               17.2s (X)
     in progress... |#########           | 045% :               07.7s (E)               17.1s (X)
     in progress... |##########          | 050% :               08.5s (E)               17.0s (X)
     in progress... |###########         | 055% :               09.4s (E)               17.1s (X)
     in progress... |############        | 060% :               10.2s (E)               17.1s (X)
     in progress... |#############       | 065% :               11.0s (E)               17.0s (X)
     in progress... |##############      | 070% :               11.8s (E)               16.9s (X)
     in progress... |###############     | 075% :               12.5s (E)               16.7s (X)
     in progress... |################    | 080% :               13.3s (E)               16.6s (X)
     in progress... |#################   | 085% :               14.0s (E)               16.5s (X)
     in progress... |##################  | 090% :               14.8s (E)               16.5s (X)
     in progress... |################### | 095% :               15.7s (E)               16.5s (X)
     in progress... |####################| 100% :               16.5s (E)               16.5s (X)
     --------------------------------------------------------------------------------------------
     p-DIAGOX done in 00.8s with a SCALAPACK grid (6x6)
     --------------------------------------------------------------------------------------------
        
       -2.04209  -2.04209  -0.99567  -0.99567  -0.96827  -0.96827  -0.49253  -0.49253  -0.33958
       -0.33958  -0.32473  -0.32473  -0.27971  -0.27971  -0.27537  -0.27537  -0.19506  -0.19506
       -0.18717  -0.18717  -0.18393  -0.18393  -0.17075  -0.17075  -0.15128  -0.15128  -0.10612
       -0.10612  -0.10154  -0.10154  -0.09722  -0.09722  -0.09432  -0.09432  -0.07410  -0.07410
       -0.07289  -0.07289  -0.06961  -0.06961  -0.06584  -0.06584  -0.06233  -0.06233  -0.05042
       -0.05042  -0.05012  -0.05012  -0.04390  -0.04390  -0.04328  -0.04328  -0.03972  -0.03972
       -0.03833  -0.03833  -0.03806  -0.03806  -0.03726  -0.03726  -0.03656  -0.03656  -0.03571
       -0.03571  -0.03222  -0.03222  -0.03165  -0.03165  -0.02743  -0.02743  -0.02703  -0.02703
       -0.02659  -0.02659  -0.02507  -0.02507  -0.02397  -0.02397  -0.02261  -0.02261  -0.02056
       -0.02056  -0.02031  -0.02031  -0.01998  -0.01998  -0.01981  -0.01981  -0.01956  -0.01956
       -0.01912  -0.01912  -0.01911  -0.01911  -0.01873  -0.01873  -0.01869  -0.01869  -0.01747
       -0.01747  -0.01703  -0.01703  -0.01640  -0.01640  -0.01537  -0.01537  -0.01508  -0.01508
       -0.01490  -0.01490  -0.01440  -0.01440  -0.01356  -0.01356  -0.01354  -0.01354  -0.01322
       -0.01322  -0.01268  -0.01268  -0.01245  -0.01245  -0.01214  -0.01214  -0.01205  -0.01205
       -0.01202  -0.01202  -0.01193  -0.01193  -0.01142  -0.01142  -0.01139  -0.01139  -0.01117
       -0.01117  -0.01089  -0.01089  -0.01086  -0.01086  -0.01020  -0.01020  -0.00993  -0.00993
       -0.00990  -0.00990  -0.00943  -0.00943  -0.00942  -0.00941  -0.00935  -0.00935  -0.00885
       -0.00885  -0.00874  -0.00874  -0.00864  -0.00864  -0.00840  -0.00840  -0.00819  -0.00819
       -0.00818  -0.00818  -0.00805  -0.00805  -0.00766  -0.00766  -0.00765  -0.00765  -0.00764
       -0.00764  -0.00755  -0.00755  -0.00752  -0.00752  -0.00740  -0.00740  -0.00738  -0.00738
       -0.00734  -0.00734  -0.00729  -0.00729  -0.00726  -0.00726  -0.00707  -0.00707  -0.00690
       -0.00690  -0.00681  -0.00681  -0.00676  -0.00676  -0.00665  -0.00665  -0.00654  -0.00654
       -0.00653  -0.00653  -0.00622  -0.00622  -0.00616  -0.00616  -0.00595  -0.00595  -0.00584
       -0.00584  -0.00578  -0.00577  -0.00577  -0.00577  -0.00572  -0.00572  -0.00554  -0.00554
       -0.00551  -0.00551  -0.00546  -0.00546  -0.00542  -0.00542  -0.00532  -0.00532  -0.00531
       -0.00531  -0.00519  -0.00519  -0.00516  -0.00516  -0.00511  -0.00511  -0.00501  -0.00500
       -0.00498  -0.00498  -0.00491  -0.00491  -0.00486  -0.00486  -0.00485  -0.00485  -0.00479
       -0.00478  -0.00471  -0.00471  -0.00469  -0.00469  -0.00467  -0.00466  -0.00466  -0.00466
       -0.00465  -0.00465  -0.00460  -0.00459  -0.00456  -0.00456  -0.00451  -0.00451  -0.00446
       -0.00445  -0.00438  -0.00438  -0.00415  -0.00415  -0.00407  -0.00406  -0.00406  -0.00406
       -0.00405  -0.00404  -0.00398  -0.00398  -0.00385  -0.00385  -0.00384  -0.00384  -0.00381
       -0.00381  -0.00380  -0.00380  -0.00377  -0.00377  -0.00369  -0.00368  -0.00368  -0.00368
       -0.00364  -0.00364  -0.00357  -0.00356  -0.00354  -0.00354  -0.00349  -0.00349  -0.00349
       -0.00348  -0.00348  -0.00348  -0.00343  -0.00343  -0.00343  -0.00342  -0.00341  -0.00341
       -0.00341  -0.00340  -0.00340  -0.00339  -0.00334  -0.00333  -0.00333  -0.00332  -0.00332
       -0.00331  -0.00330  -0.00330  -0.00327  -0.00326  -0.00325  -0.00324  -0.00322  -0.00321
       -0.00321  -0.00320  -0.00319  -0.00319  -0.00315  -0.00315  -0.00314  -0.00313  -0.00312
       -0.00311  -0.00309  -0.00308  -0.00302  -0.00302  -0.00300  -0.00299  -0.00298  -0.00297
       -0.00294  -0.00293  -0.00290  -0.00290  -0.00285  -0.00285  -0.00285  -0.00283  -0.00281
       -0.00280  -0.00277  -0.00276  -0.00275  -0.00274  -0.00270  -0.00269  -0.00268  -0.00268
       -0.00267  -0.00267  -0.00262  -0.00262  -0.00261  -0.00259  -0.00258  -0.00257  -0.00255
       -0.00254  -0.00253  -0.00252  -0.00252  -0.00251  -0.00251  -0.00250  -0.00250  -0.00248
       -0.00247  -0.00246  -0.00243  -0.00243  -0.00242  -0.00241  -0.00240  -0.00239  -0.00239
       -0.00238  -0.00238  -0.00237  -0.00236  -0.00236  -0.00235  -0.00234  -0.00234  -0.00233
       -0.00232  -0.00231  -0.00230  -0.00230
        
     --------------------------------------------------------------------------------------------
     Tot. elapsed time 02m-23.1s,  time spent in last iteration 18.0s
     --------------------------------------------------------------------------------------------

     [I/O] -------------------------------------------------------
     [I/O] RESTART written in < 00.1s             
     [I/O] In location   : ./c.wstat.restart
     [I/O] -------------------------------------------------------

                       *----------*              *----------*               *----------*
     #     Iteration = |        2 |   DFPT_dim = |      150 |   Diago_dim = |      950 |
                       *----------*              *----------*               *----------*
     per-process dynamical memory    97.3 Mb
  
       
     --------------------------------------------------------------------------------------------
     Sternheimer eq. solver... with threshold =   1.000000E-12           
     --------------------------------------------------------------------------------------------
     in progress... |#                   | 005% :               00.2s (E)               05.7s (X)
     in progress... |##                  | 010% :               00.5s (E)               05.7s (X)
     in progress... |###                 | 015% :               00.8s (E)               05.8s (X)
     in progress... |####                | 020% :               01.1s (E)               05.9s (X)
     in progress... |#####               | 025% :               01.5s (E)               06.1s (X)
     in progress... |######              | 030% :               01.9s (E)               06.6s (X)
     in progress... |#######             | 035% :               02.3s (E)               06.7s (X)
     in progress... |########            | 040% :               02.6s (E)               06.6s (X)
     in progress... |#########           | 045% :               02.9s (E)               06.5s (X)
     in progress... |##########          | 050% :               03.2s (E)               06.4s (X)
     in progress... |###########         | 055% :               03.5s (E)               06.4s (X)
     in progress... |############        | 060% :               03.8s (E)               06.4s (X)
     in progress... |#############       | 065% :               04.1s (E)               06.4s (X)
     in progress... |##############      | 070% :               04.4s (E)               06.3s (X)
     in progress... |###############     | 075% :               04.7s (E)               06.2s (X)
     in progress... |################    | 080% :               04.9s (E)               06.2s (X)
     in progress... |#################   | 085% :               05.2s (E)               06.1s (X)
     in progress... |##################  | 090% :               05.5s (E)               06.1s (X)
     in progress... |################### | 095% :               05.8s (E)               06.1s (X)
     in progress... |####################| 100% :               06.1s (E)               06.1s (X)
     --------------------------------------------------------------------------------------------
     p-DIAGOX done in 01.0s with a SCALAPACK grid (6x6)
     --------------------------------------------------------------------------------------------
        
       -2.04209  -2.04209  -0.99567  -0.99567  -0.96827  -0.96827  -0.49253  -0.49253  -0.33958
       -0.33958  -0.32473  -0.32473  -0.27971  -0.27971  -0.27537  -0.27537  -0.19506  -0.19506
       -0.18717  -0.18717  -0.18393  -0.18393  -0.17075  -0.17075  -0.15128  -0.15128  -0.10612
       -0.10612  -0.10154  -0.10154  -0.09722  -0.09722  -0.09432  -0.09432  -0.07410  -0.07410
       -0.07289  -0.07289  -0.06961  -0.06961  -0.06584  -0.06584  -0.06233  -0.06233  -0.05042
       -0.05042  -0.05012  -0.05012  -0.04390  -0.04390  -0.04328  -0.04328  -0.03972  -0.03972
       -0.03833  -0.03833  -0.03806  -0.03806  -0.03726  -0.03726  -0.03656  -0.03656  -0.03571
       -0.03571  -0.03222  -0.03222  -0.03165  -0.03165  -0.02743  -0.02743  -0.02703  -0.02703
       -0.02659  -0.02659  -0.02507  -0.02507  -0.02397  -0.02397  -0.02261  -0.02261  -0.02056
       -0.02056  -0.02031  -0.02031  -0.01998  -0.01998  -0.01981  -0.01981  -0.01956  -0.01956
       -0.01912  -0.01912  -0.01911  -0.01911  -0.01873  -0.01873  -0.01869  -0.01869  -0.01747
       -0.01747  -0.01703  -0.01703  -0.01640  -0.01640  -0.01537  -0.01537  -0.01508  -0.01508
       -0.01490  -0.01490  -0.01440  -0.01440  -0.01356  -0.01356  -0.01354  -0.01354  -0.01322
       -0.01322  -0.01268  -0.01268  -0.01245  -0.01245  -0.01214  -0.01214  -0.01206  -0.01205
       -0.01202  -0.01202  -0.01193  -0.01193  -0.01142  -0.01142  -0.01139  -0.01139  -0.01117
       -0.01117  -0.01089  -0.01089  -0.01086  -0.01086  -0.01020  -0.01020  -0.00993  -0.00993
       -0.00990  -0.00990  -0.00943  -0.00943  -0.00942  -0.00942  -0.00935  -0.00935  -0.00885
       -0.00885  -0.00874  -0.00874  -0.00864  -0.00864  -0.00840  -0.00840  -0.00819  -0.00819
       -0.00818  -0.00818  -0.00805  -0.00805  -0.00766  -0.00766  -0.00765  -0.00765  -0.00764
       -0.00764  -0.00755  -0.00755  -0.00752  -0.00752  -0.00741  -0.00741  -0.00738  -0.00738
       -0.00734  -0.00734  -0.00729  -0.00729  -0.00726  -0.00726  -0.00707  -0.00707  -0.00690
       -0.00690  -0.00681  -0.00681  -0.00676  -0.00676  -0.00665  -0.00665  -0.00654  -0.00654
       -0.00653  -0.00653  -0.00622  -0.00622  -0.00616  -0.00616  -0.00595  -0.00595  -0.00585
       -0.00585  -0.00578  -0.00578  -0.00578  -0.00578  -0.00572  -0.00572  -0.00555  -0.00555
       -0.00552  -0.00552  -0.00546  -0.00546  -0.00542  -0.00542  -0.00533  -0.00533  -0.00531
       -0.00531  -0.00519  -0.00519  -0.00517  -0.00517  -0.00511  -0.00511  -0.00501  -0.00501
       -0.00498  -0.00498  -0.00492  -0.00492  -0.00487  -0.00487  -0.00485  -0.00485  -0.00479
       -0.00479  -0.00471  -0.00471  -0.00470  -0.00470  -0.00467  -0.00467  -0.00467  -0.00467
       -0.00466  -0.00466  -0.00460  -0.00460  -0.00456  -0.00456  -0.00452  -0.00452  -0.00446
       -0.00446  -0.00439  -0.00439  -0.00416  -0.00416  -0.00408  -0.00408  -0.00407  -0.00407
       -0.00406  -0.00406  -0.00399  -0.00399  -0.00387  -0.00387  -0.00385  -0.00385  -0.00382
       -0.00382  -0.00381  -0.00381  -0.00379  -0.00379  -0.00370  -0.00370  -0.00370  -0.00370
       -0.00365  -0.00365  -0.00358  -0.00358  -0.00356  -0.00356  -0.00351  -0.00351  -0.00350
       -0.00350  -0.00350  -0.00350  -0.00346  -0.00346  -0.00345  -0.00345  -0.00343  -0.00343
       -0.00343  -0.00343  -0.00342  -0.00342  -0.00336  -0.00336  -0.00335  -0.00335  -0.00334
       -0.00334  -0.00333  -0.00333  -0.00329  -0.00329  -0.00327  -0.00327  -0.00324  -0.00324
       -0.00323  -0.00323  -0.00322  -0.00322  -0.00317  -0.00317  -0.00316  -0.00316  -0.00315
       -0.00315  -0.00312  -0.00312  -0.00305  -0.00305  -0.00302  -0.00302  -0.00301  -0.00301
       -0.00297  -0.00297  -0.00293  -0.00293  -0.00289  -0.00289  -0.00287  -0.00287  -0.00284
       -0.00284  -0.00280  -0.00280  -0.00278  -0.00278  -0.00273  -0.00273  -0.00273  -0.00273
       -0.00271  -0.00271  -0.00266  -0.00266  -0.00264  -0.00264  -0.00262  -0.00262  -0.00259
       -0.00259  -0.00256  -0.00256  -0.00255  -0.00255  -0.00255  -0.00255  -0.00255  -0.00255
       -0.00253  -0.00253  -0.00248  -0.00248  -0.00246  -0.00246  -0.00245  -0.00245  -0.00244
       -0.00244  -0.00243  -0.00243  -0.00242  -0.00242  -0.00241  -0.00241  -0.00240  -0.00240
       -0.00239  -0.00239  -0.00235  -0.00235
        
     --------------------------------------------------------------------------------------------
     Tot. elapsed time 02m-35.5s,  time spent in last iteration 07.7s
     --------------------------------------------------------------------------------------------
      
     --------------------------------------------------------------------------------------------
     SAVE written in 01.6s               
     In location : ./c.wstat.save
     --------------------------------------------------------------------------------------------
       
     --------------------------------------------------------------------------------------------
     Convergence achieved !!! in        2 steps                          
     --------------------------------------------------------------------------------------------
 
     Number of q in the star =    3
     List of q in the star:
          1   0.000000000  -1.007886479   0.000000000
          2  -1.007886479   0.000000000   0.000000000
          3   0.000000000  -0.000000000  -1.007886479
 imq =            1
 ichosen_sym(           1 ) =            1
 ichosen_sym(           2 ) =            5
 ichosen_sym(           3 ) =            9
 Index in this start is :            1
 Index in q_grid is :            4
 Index in this start is :            2
 Index in q_grid is :            6
      
     --------------------------------------------------------------------------------------------
     SAVE written in 02.0s               
     In location : ./c.wstat.save
     --------------------------------------------------------------------------------------------
 Index in this start is :            3
 Index in q_grid is :            7
      
     --------------------------------------------------------------------------------------------
     SAVE written in 01.6s               
     In location : ./c.wstat.save
     --------------------------------------------------------------------------------------------
     WSTAT        :  1m55.03s CPU     2m49.75s WALL

     wstat_readin :      0.25s CPU      0.28s WALL (       1 calls)
     fetch_input  :      0.00s CPU      0.00s WALL (       2 calls)
     read_xml     :      0.19s CPU      0.21s WALL (       1 calls)
     init_vloc    :      0.00s CPU      0.00s WALL (       2 calls)
     fft          :      0.00s CPU      0.01s WALL (       4 calls)
     fft_scatter  :     39.68s CPU     43.00s WALL ( 1826446 calls)
     v_of_rho     :      0.00s CPU      0.00s WALL (       1 calls)
     v_xc         :      0.00s CPU      0.00s WALL (       1 calls)
     v_h          :      0.00s CPU      0.00s WALL (       1 calls)
     read_wave    :      0.05s CPU      0.06s WALL (       1 calls)
     davcio       :      0.00s CPU      0.01s WALL (     201 calls)
     init_us_1    :      0.00s CPU      0.00s WALL (       2 calls)
     do_setup     :      0.00s CPU      0.01s WALL (       1 calls)
     init_pw_ar   :      0.00s CPU      0.00s WALL (       1 calls)
     init_at_1    :      0.00s CPU      0.00s WALL (       1 calls)
     chidiago     :    112.05s CPU    158.95s WALL (       3 calls)
     sqvc_init    :      0.00s CPU      0.00s WALL (       3 calls)
     randomize    :      0.09s CPU      0.09s WALL (       3 calls)
     paramgs      :      0.32s CPU      0.32s WALL (      12 calls)
     dfpt         :     98.67s CPU    106.15s WALL (      12 calls)
     init_us_2    :      0.00s CPU      0.00s WALL (      96 calls)
     fftw         :     71.45s CPU     76.89s WALL ( 1826442 calls)
     alphapc      :      0.41s CPU      0.44s WALL (   16240 calls)
     wstat_restar :      1.68s CPU     30.74s WALL (       9 calls)
     linstern     :     84.28s CPU     90.73s WALL (   11440 calls)
     stern        :     78.12s CPU     84.03s WALL (  205283 calls)
     h_psi_bgrp   :     73.84s CPU     79.46s WALL (  205283 calls)
     h_psi        :     73.48s CPU     79.07s WALL (  205283 calls)
     h_psi:pot    :     73.01s CPU     78.56s WALL (  205283 calls)
     vloc_psi     :     65.90s CPU     70.90s WALL (  205283 calls)
     h_psi:calbec :      4.69s CPU      5.05s WALL (  205283 calls)
     calbec       :      4.22s CPU      4.62s WALL (  205283 calls)
     add_vuspsi   :      1.56s CPU      1.70s WALL (  205283 calls)
     alphapv      :      3.40s CPU      3.73s WALL (  205283 calls)
     build_hr     :      0.20s CPU      0.20s WALL (       9 calls)
     diagox       :      7.11s CPU      7.42s WALL (       9 calls)
     redistr_vr   :      1.20s CPU      1.36s WALL (       6 calls)
     update_vr    :      0.16s CPU      0.16s WALL (       6 calls)
     symm_hr      :      1.31s CPU      1.49s WALL (       6 calls)
     chidiago:las :      0.00s CPU      0.00s WALL (       3 calls)
     refresh_vr   :      0.07s CPU      0.07s WALL (       3 calls)
     pdep_db      :      1.49s CPU     13.40s WALL (       8 calls)
     gather_grid  :      0.06s CPU      0.06s WALL (    1000 calls)
     scatter_grid :      0.06s CPU      0.07s WALL (    1000 calls)
 
     WSTAT        :  1m55.07s CPU     2m49.82s WALL

 
   This run was terminated on:  10:53: 9   8Dec2020            

=------------------------------------------------------------------------------=
   JOB DONE.
=------------------------------------------------------------------------------=
