
     Program WFREQ v. 3.1.1 starts on 24May2021 at 19:53: 3 

     This program is part of the open-source West suite
     for massively parallel calculations of excited states in materials; please cite
         "M. Govoni et al., J. Chem. Theory Comput. 11, 2680 (2015);
          URL http://www.west-code.org", 
     in publications or presentations arising from this work.

     Based on the Quantum ESPRESSO v. 6.1 svn rev. 13369

     I/O is Little Endian
       
     --------------------------------------------------------------------------------------------
     **MPI** Parallelization Status                                      
     --------------------------------------------------------------------------------------------
                   160                   4             1             1            40
     --------------------------------------------------------------------------------------------
                     N         =         I      X      P      X      B      X      Z
                     ^                   ^             ^             ^             ^
                     |                   |             |             |             |
                   #rnk                  |             |             |             |
                                      #image           |             |             |
                                                     #pool           |             |
                                                                   #bgrp           |
                                                                                 #R&G
     --------------------------------------------------------------------------------------------
     **OPENMP** Parallelization Status
     #thr/rnk               =            1
     --------------------------------------------------------------------------------------------
     #prc = (rnk) * (thr) =          160
     --------------------------------------------------------------------------------------------
       
     --------------------------------------------------------------------------------------------
     I/O Summary : input_west                                            
     --------------------------------------------------------------------------------------------
     qe_prefix      = c
     west_prefix    = c
     outdir         = ./
     --------------------------------------------------------------------------------------------

     Reading data from directory:
     ./c.save

   Info: using nr1, nr2, nr3 values from input

   Info: using nr1, nr2, nr3 values from input

     IMPORTANT: XC functional enforced from input :
     Exchange-correlation      = PBE ( 1  4  3  4 0 0)
     Any further DFT definition will be discarded
     Please, verify this is what you really want

     Message from routine readpp:
     file ./c.save/C_ONCV_PBE-1.0.upf not found
 
     Parallelization info
     --------------------
     sticks:   dense  smooth     PW     G-vecs:    dense   smooth      PW
     Min         123     123     30                 5696     5696     712
     Max         124     124     31                 5700     5700     716
     Sum        4927    4927   1237               227913   227913   28571
 
       
     --------------------------------------------------------------------------------------------
     I/O Summary : wstat_control                                         
     --------------------------------------------------------------------------------------------
     wstat_calculation              =              S
     n_pdep_eigen                   =           1000
     n_pdep_times                   =              4
     n_pdep_maxiter                 =            100
     n_dfpt_maxiter                 =            250
     n_pdep_read_from_file          =              0
     trev_pdep                      =   1.000000E-03
     trev_pdep_rel                  =   1.000000E-01
     tr2_dfpt                       =   1.000000E-12
     l_kinetic_only                 =              F
     l_minimize_exx_if_active       =              F
     l_use_ecutrho                  =              F
     l_use_symm                     =              T
     l_real_space_pdep              =              F
     nq(1)                          =              1
     nq(2)                          =              1
     nq(3)                          =              1
     --------------------------------------------------------------------------------------------
       
     --------------------------------------------------------------------------------------------
     I/O Summary : wfreq_control                                         
     --------------------------------------------------------------------------------------------
     wfreq_calculation                        =           XWGQ
     n_pdep_eigen_to_use                      =           1000
     qp_bandrange(1)                          =            240
     qp_bandrange(2)                          =            280
     macropol_calculation                     =              C
     n_lanczos                                =             30
     n_imfreq                                 =            400
     n_refreq                                 =            400
     ecut_imfreq [Ry]                         =     200.000000
     ecut_refreq [Ry]                         =       2.000000
     wfreq_eta [Ry]                           =       0.003675
     n_secant_maxiter                         =            200
     trev_secant [Ry]                         =       0.003676
     l_enable_lanczos                         =              T
     l_enable_gwetot                          =              F
     o_restart_time [min]                     =      -1.000000
     ecut_spectralf(1) [Ry]                   =      -2.000000
     ecut_spectralf(2) [Ry]                   =       2.000000
     n_spectralf                              =             10
     l_read_common_pdep                       =              F
     l_enable_gb_curvature                    =              T
     --------------------------------------------------------------------------------------------
       
     --------------------------------------------------------------------------------------------
     System Overview                                                     
     --------------------------------------------------------------------------------------------
     gamma_only           =              F
     ecutwfc [Ry]         =      50.000000
     ecutrho [Ry]         =     200.000000
     omega [au^3]         =   4.768075E+03
     nbnd                 =            300
     nkstot               =              1
     nspin                =              1
     nelec                =     512.000000
     npol                 =              1
     lsda                 =              F
     noncolin             =              F
     lspinorb             =              F
     domag                =              F
     --------------------------------------------------------------------------------------------

     3DFFT grid
        s : (  90,  90,  90)
        p : (  90,  90,  90)

     Direct Lattice Cell [a.u.]
        a1 = (   -13.3589100    -0.0000000    13.3589100)
        a2 = (     0.0000000    13.3589101    13.3589101)
        a3 = (   -13.3589100    13.3589100    -0.0000000)

     Reciprocal Lattice Cell [a.u.]
        b1 = (    -0.2351683    -0.2351683     0.2351683)
        b2 = (     0.2351683     0.2351683     0.2351683)
        b3 = (    -0.2351683     0.2351683    -0.2351683)
      

     Brillouin Zone sampling [cryst. coord.]
 
        k(000001) = (     0.0000000     0.0000000     0.0000000)
 
        q(000001) = (     0.0000000     0.0000000     0.0000000)
       
     --------------------------------------------------------------------------------------------
     Parallelization for npdep                                           
     --------------------------------------------------------------------------------------------
     nglob                =           1000
     nlevel               =              4
     Min nglob/nlevel     =            250
     Max nglob/nlevel     =            250
     --------------------------------------------------------------------------------------------
       
     --------------------------------------------------------------------------------------------
     Parallelization for npdep+macro                                     
     --------------------------------------------------------------------------------------------
     nglob                =           1003
     nlevel               =              4
     Min nglob/nlevel     =            250
     Max nglob/nlevel     =            251
     --------------------------------------------------------------------------------------------
       
     --------------------------------------------------------------------------------------------
     Parallelization for n_imfreq                                        
     --------------------------------------------------------------------------------------------
     nglob                =            400
     nlevel               =             40
     Min nglob/nlevel     =             10
     Max nglob/nlevel     =             10
     --------------------------------------------------------------------------------------------
       
     --------------------------------------------------------------------------------------------
     Parallelization for n_refreq                                        
     --------------------------------------------------------------------------------------------
     nglob                =            400
     nlevel               =             40
     Min nglob/nlevel     =             10
     Max nglob/nlevel     =             10
     --------------------------------------------------------------------------------------------
       
     --------------------------------------------------------------------------------------------
     Parallelization for nbnd                                            
     --------------------------------------------------------------------------------------------
     nglob                =            300
     nlevel               =              4
     Min nglob/nlevel     =             75
     Max nglob/nlevel     =             75
     --------------------------------------------------------------------------------------------
     ===========================================================================
          nsym   =   24
          nrot   =   48
          nk_ibz =    1
          Q-point IBZ [ cart  coord ]
          xk(00000001) = (  0.000000  0.000000  0.000000) wk =   1.000000
          Q-point IBZ [ cryst coord ]
          xk(00000001) = (  0.000000  0.000000  0.000000) wk =   1.000000
     ===========================================================================
     ===========================================================================
          nsym   =   24
          nrot   =   48
          nq_ibz =    1
          Q-point IBZ [ cart  coord ]
          xq(00000001) = (  0.000000  0.000000  0.000000) wq =   1.000000
          Q-point IBZ [ cryst coord ]
          xq(00000001) = (  0.000000  0.000000  0.000000) wq =   1.000000
     ===========================================================================
       
     --------------------------------------------------------------------------------------------
     Hartree-Fock Exact E(X)change                                       
     --------------------------------------------------------------------------------------------
      
     --------------------------------------------------------------------------------------------
     Vxc
     --------------------------------------------------------------------------------------------
     in progress... |####################| 100% :             < 00.1s (E)             < 00.1s (X)
     --------------------------------------------------------------------------------------------
      
     --------------------------------------------------------------------------------------------
     (X)-Sigma
     --------------------------------------------------------------------------------------------
     in progress... |#                   | 005% :               00.8s (E)               16.2s (X)
     in progress... |##                  | 010% :               01.3s (E)               13.2s (X)
     in progress... |###                 | 015% :               01.8s (E)               12.2s (X)
     in progress... |####                | 020% :               02.5s (E)               12.8s (X)
     in progress... |#####               | 025% :               03.0s (E)               12.3s (X)
     in progress... |######              | 030% :               03.6s (E)               12.0s (X)
     in progress... |#######             | 035% :               04.2s (E)               12.0s (X)
     in progress... |########            | 040% :               05.1s (E)               12.7s (X)
     in progress... |#########           | 045% :               05.6s (E)               12.5s (X)
     in progress... |##########          | 050% :               06.1s (E)               12.3s (X)
     in progress... |###########         | 055% :               06.7s (E)               12.1s (X)
     in progress... |############        | 060% :               07.2s (E)               12.0s (X)
     in progress... |#############       | 065% :               07.7s (E)               11.9s (X)
     in progress... |##############      | 070% :               08.2s (E)               11.8s (X)
     in progress... |###############     | 075% :               08.8s (E)               11.7s (X)
     in progress... |################    | 080% :               09.3s (E)               11.7s (X)
     in progress... |#################   | 085% :               09.9s (E)               11.6s (X)
     in progress... |##################  | 090% :               10.5s (E)               11.6s (X)
     in progress... |################### | 095% :               11.0s (E)               11.6s (X)
     in progress... |####################| 100% :               11.5s (E)               11.5s (X)
     --------------------------------------------------------------------------------------------
       
     --------------------------------------------------------------------------------------------
     (W)-Lanczos                                                         
     --------------------------------------------------------------------------------------------
     in progress... |#                   | 005% :           18m-23.8s (E)       06h-07m-56.8s (X)
     in progress... |##                  | 010% :           36m-40.5s (E)       06h-06m-45.7s (X)
     in progress... |###                 | 015% :           54m-44.6s (E)       06h-04m-57.7s (X)
     in progress... |####                | 020% :       01h-12m-51.0s (E)       06h-04m-15.4s (X)
     in progress... |#####               | 025% :       01h-29m-48.0s (E)       05h-59m-12.0s (X)
     in progress... |######              | 030% :       01h-48m-00.7s (E)       06h-00m-02.5s (X)
     in progress... |#######             | 035% :       02h-06m-01.2s (E)       06h-00m-03.5s (X)
     in progress... |########            | 040% :       02h-24m-16.5s (E)       06h-00m-41.4s (X)
     in progress... |#########           | 045% :       02h-42m-24.4s (E)       06h-00m-54.2s (X)
     in progress... |##########          | 050% :       02h-59m-13.6s (E)       05h-58m-27.2s (X)
     in progress... |###########         | 055% :       03h-17m-25.6s (E)       05h-58m-57.4s (X)
     in progress... |############        | 060% :       03h-35m-33.0s (E)       05h-59m-15.1s (X)
     in progress... |#############       | 065% :       03h-53m-41.2s (E)       05h-59m-31.0s (X)
     in progress... |##############      | 070% :       04h-11m-51.2s (E)       05h-59m-47.5s (X)
     in progress... |###############     | 075% :       04h-28m-27.8s (E)       05h-57m-57.1s (X)
     in progress... |################    | 080% :       04h-46m-36.2s (E)       05h-58m-15.3s (X)
     in progress... |#################   | 085% :       05h-04m-42.2s (E)       05h-58m-28.5s (X)
     in progress... |##################  | 090% :       05h-22m-51.2s (E)       05h-58m-43.5s (X)
     in progress... |################### | 095% :       05h-41m-06.9s (E)       05h-59m-04.1s (X)
     in progress... |####################| 100% :       05h-57m-49.7s (E)       05h-57m-49.7s (X)
     --------------------------------------------------------------------------------------------
       
     --------------------------------------------------------------------------------------------
     (G)-Lanczos                                                         
     --------------------------------------------------------------------------------------------
     in progress... |#                   | 005% :           03m-56.0s (E)       01h-18m-41.3s (X)
     in progress... |##                  | 010% :           06m-33.6s (E)       01h-05m-36.3s (X)
     in progress... |###                 | 015% :           09m-14.5s (E)       01h-01m-36.8s (X)
     in progress... |####                | 020% :           11m-54.0s (E)           59m-30.0s (X)
     in progress... |#####               | 025% :           14m-30.2s (E)           58m-01.0s (X)
     in progress... |######              | 030% :           17m-05.4s (E)           56m-58.2s (X)
     in progress... |#######             | 035% :           19m-42.5s (E)           56m-18.7s (X)
     in progress... |########            | 040% :           22m-20.4s (E)           55m-51.2s (X)
     in progress... |#########           | 045% :           24m-58.8s (E)           55m-30.8s (X)
     in progress... |##########          | 050% :           27m-37.0s (E)           55m-14.0s (X)
     in progress... |###########         | 055% :           30m-15.2s (E)           55m-00.3s (X)
     in progress... |############        | 060% :           32m-54.0s (E)           54m-50.0s (X)
     in progress... |#############       | 065% :           35m-31.2s (E)           54m-38.8s (X)
     in progress... |##############      | 070% :           38m-06.5s (E)           54m-26.4s (X)
     in progress... |###############     | 075% :           40m-39.0s (E)           54m-12.0s (X)
     in progress... |################    | 080% :           43m-11.8s (E)           53m-59.8s (X)
     in progress... |#################   | 085% :           45m-45.2s (E)           53m-49.6s (X)
     in progress... |##################  | 090% :           48m-17.4s (E)           53m-39.4s (X)
     in progress... |################### | 095% :           50m-55.0s (E)           53m-35.8s (X)
     in progress... |####################| 100% :           53m-32.7s (E)           53m-32.7s (X)
     --------------------------------------------------------------------------------------------
       
     --------------------------------------------------------------------------------------------
     Collecting results from W and G                                     
     --------------------------------------------------------------------------------------------
     in progress... |#                   | 005% :           03m-50.9s (E)       01h-16m-58.7s (X)
     in progress... |##                  | 010% :           06m-25.9s (E)       01h-04m-19.1s (X)
     in progress... |###                 | 015% :           08m-58.4s (E)           59m-49.3s (X)
     in progress... |####                | 020% :           11m-32.6s (E)           57m-43.1s (X)
     in progress... |#####               | 025% :           14m-06.4s (E)           56m-25.8s (X)
     in progress... |######              | 030% :           16m-40.7s (E)           55m-35.8s (X)
     in progress... |#######             | 035% :           19m-16.2s (E)           55m-03.4s (X)
     in progress... |########            | 040% :           21m-49.1s (E)           54m-32.8s (X)
     in progress... |#########           | 045% :           24m-28.4s (E)           54m-23.1s (X)
     in progress... |##########          | 050% :           27m-02.3s (E)           54m-04.6s (X)
     in progress... |###########         | 055% :           29m-33.3s (E)           53m-44.3s (X)
     in progress... |############        | 060% :           32m-07.5s (E)           53m-32.6s (X)
     in progress... |#############       | 065% :           34m-41.0s (E)           53m-21.6s (X)
     in progress... |##############      | 070% :           37m-14.6s (E)           53m-12.4s (X)
     in progress... |###############     | 075% :           39m-48.4s (E)           53m-04.5s (X)
     in progress... |################    | 080% :           42m-20.4s (E)           52m-55.5s (X)
     in progress... |#################   | 085% :           44m-56.8s (E)           52m-52.7s (X)
     in progress... |##################  | 090% :           47m-29.7s (E)           52m-46.3s (X)
     in progress... |################### | 095% :           50m-03.6s (E)           52m-41.7s (X)
     in progress... |####################| 100% :           52m-38.8s (E)           52m-38.8s (X)
     --------------------------------------------------------------------------------------------
       
     --------------------------------------------------------------------------------------------
     (Q)uasiparticle energies                                            
     --------------------------------------------------------------------------------------------
       
     --------------------------------------------------------------------------------------------
     Sigma_C                                                             
     --------------------------------------------------------------------------------------------
     Integrating along the IM axis...
     --------------------------------------------------------------------------------------------
     in progress... |#                   | 005% :             < 00.1s (E)               01.2s (X)
     in progress... |##                  | 010% :             < 00.1s (E)               00.7s (X)
     in progress... |###                 | 015% :             < 00.1s (E)               00.5s (X)
     in progress... |####                | 020% :             < 00.1s (E)               00.4s (X)
     in progress... |#####               | 025% :               00.1s (E)               00.4s (X)
     in progress... |######              | 030% :               00.1s (E)               00.3s (X)
     in progress... |#######             | 035% :               00.1s (E)               00.3s (X)
     in progress... |########            | 040% :               00.1s (E)               00.3s (X)
     in progress... |#########           | 045% :               00.1s (E)               00.3s (X)
     in progress... |##########          | 050% :               00.1s (E)               00.3s (X)
     in progress... |###########         | 055% :               00.1s (E)               00.3s (X)
     in progress... |############        | 060% :               00.1s (E)               00.2s (X)
     in progress... |#############       | 065% :               00.1s (E)               00.2s (X)
     in progress... |##############      | 070% :               00.2s (E)               00.2s (X)
     in progress... |###############     | 075% :               00.2s (E)               00.2s (X)
     in progress... |################    | 080% :               00.2s (E)               00.2s (X)
     in progress... |#################   | 085% :               00.2s (E)               00.2s (X)
     in progress... |##################  | 090% :               00.2s (E)               00.2s (X)
     in progress... |################### | 095% :               00.2s (E)               00.2s (X)
     in progress... |####################| 100% :               00.2s (E)               00.2s (X)
     --------------------------------------------------------------------------------------------
     Residues along the RE axis...
     --------------------------------------------------------------------------------------------
     in progress... |#                   | 005% :             < 00.1s (E)             < 00.1s (X)
     in progress... |##                  | 010% :             < 00.1s (E)             < 00.1s (X)
     in progress... |###                 | 015% :             < 00.1s (E)             < 00.1s (X)
     in progress... |####                | 020% :             < 00.1s (E)             < 00.1s (X)
     in progress... |#####               | 025% :             < 00.1s (E)             < 00.1s (X)
     in progress... |######              | 030% :             < 00.1s (E)             < 00.1s (X)
     in progress... |#######             | 035% :             < 00.1s (E)             < 00.1s (X)
     in progress... |########            | 040% :             < 00.1s (E)             < 00.1s (X)
     in progress... |#########           | 045% :             < 00.1s (E)             < 00.1s (X)
     in progress... |##########          | 050% :             < 00.1s (E)             < 00.1s (X)
     in progress... |###########         | 055% :             < 00.1s (E)             < 00.1s (X)
     in progress... |############        | 060% :             < 00.1s (E)             < 00.1s (X)
     in progress... |#############       | 065% :             < 00.1s (E)             < 00.1s (X)
     in progress... |##############      | 070% :             < 00.1s (E)             < 00.1s (X)
     in progress... |###############     | 075% :             < 00.1s (E)             < 00.1s (X)
     in progress... |################    | 080% :             < 00.1s (E)             < 00.1s (X)
     in progress... |#################   | 085% :             < 00.1s (E)             < 00.1s (X)
     in progress... |##################  | 090% :             < 00.1s (E)             < 00.1s (X)
     in progress... |################### | 095% :             < 00.1s (E)             < 00.1s (X)
     in progress... |####################| 100% :             < 00.1s (E)             < 00.1s (X)
     --------------------------------------------------------------------------------------------
       
     --------------------------------------------------------------------------------------------
     Sigma_C                                                             
     --------------------------------------------------------------------------------------------
     Integrating along the IM axis...
     --------------------------------------------------------------------------------------------
     in progress... |#                   | 005% :             < 00.1s (E)               00.2s (X)
     in progress... |##                  | 010% :             < 00.1s (E)               00.1s (X)
     in progress... |###                 | 015% :             < 00.1s (E)               00.1s (X)
     in progress... |####                | 020% :             < 00.1s (E)               00.1s (X)
     in progress... |#####               | 025% :             < 00.1s (E)               00.1s (X)
     in progress... |######              | 030% :             < 00.1s (E)               00.1s (X)
     in progress... |#######             | 035% :             < 00.1s (E)               00.1s (X)
     in progress... |########            | 040% :             < 00.1s (E)               00.1s (X)
     in progress... |#########           | 045% :             < 00.1s (E)               00.1s (X)
     in progress... |##########          | 050% :             < 00.1s (E)               00.1s (X)
     in progress... |###########         | 055% :             < 00.1s (E)               00.1s (X)
     in progress... |############        | 060% :               00.1s (E)               00.1s (X)
     in progress... |#############       | 065% :               00.1s (E)               00.1s (X)
     in progress... |##############      | 070% :               00.1s (E)               00.1s (X)
     in progress... |###############     | 075% :               00.1s (E)               00.1s (X)
     in progress... |################    | 080% :               00.1s (E)               00.1s (X)
     in progress... |#################   | 085% :               00.1s (E)               00.1s (X)
     in progress... |##################  | 090% :               00.1s (E)               00.1s (X)
     in progress... |################### | 095% :               00.1s (E)               00.1s (X)
     in progress... |####################| 100% :               00.1s (E)               00.1s (X)
     --------------------------------------------------------------------------------------------
     Residues along the RE axis...
     --------------------------------------------------------------------------------------------
     in progress... |#                   | 005% :             < 00.1s (E)             < 00.1s (X)
     in progress... |##                  | 010% :             < 00.1s (E)             < 00.1s (X)
     in progress... |###                 | 015% :             < 00.1s (E)             < 00.1s (X)
     in progress... |####                | 020% :             < 00.1s (E)             < 00.1s (X)
     in progress... |#####               | 025% :             < 00.1s (E)             < 00.1s (X)
     in progress... |######              | 030% :             < 00.1s (E)             < 00.1s (X)
     in progress... |#######             | 035% :             < 00.1s (E)             < 00.1s (X)
     in progress... |########            | 040% :             < 00.1s (E)             < 00.1s (X)
     in progress... |#########           | 045% :             < 00.1s (E)             < 00.1s (X)
     in progress... |##########          | 050% :             < 00.1s (E)             < 00.1s (X)
     in progress... |###########         | 055% :             < 00.1s (E)             < 00.1s (X)
     in progress... |############        | 060% :             < 00.1s (E)             < 00.1s (X)
     in progress... |#############       | 065% :             < 00.1s (E)             < 00.1s (X)
     in progress... |##############      | 070% :             < 00.1s (E)             < 00.1s (X)
     in progress... |###############     | 075% :             < 00.1s (E)             < 00.1s (X)
     in progress... |################    | 080% :             < 00.1s (E)             < 00.1s (X)
     in progress... |#################   | 085% :             < 00.1s (E)             < 00.1s (X)
     in progress... |##################  | 090% :             < 00.1s (E)             < 00.1s (X)
     in progress... |################### | 095% :             < 00.1s (E)             < 00.1s (X)
     in progress... |####################| 100% :             < 00.1s (E)             < 00.1s (X)
     --------------------------------------------------------------------------------------------

     --------------------------------------------------------------------------------------------
     Iter: 000000
     k(000001) = (   0.0000000   0.0000000   0.0000000) cryst. coord.
     band      QP en. [eV] conv
     000240      11.248012   no
     000241      11.248018   no
     000242      11.247931   no
     000243      11.248024   no
     000244      11.248048   no
     000245      11.248011   no
     000246      11.247999   no
     000247      11.247986   no
     000248      11.247951   no
     000249      11.248072   no
     000250      11.248066   no
     000251      11.248014   no
     000252      11.248160   no
     000253      11.248056   no
     000254      13.139032   no
     000255      13.139154   no
     000256      13.139254   no
     000257      19.386098   no
     000258      19.386064   no
     000259      19.386100   no
     000260      19.386214   no
     000261      19.386279   no
     000262      19.386231   no
     000263      19.520697   no
     000264      19.521288   no
     000265      19.521254   no
     000266      19.521310   no
     000267      19.521593   no
     000268      19.521562   no
     000269      20.887517   no
     000270      20.887614   no
     000271      20.887502   no
     000272      21.035414   no
     000273      21.035380   no
     000274      21.035420   no
     000275      21.035412   no
     000276      21.035501   no
     000277      21.035410   no
     000278      21.035425   no
     000279      21.035449   no
     000280      21.035837   no
     --------------------------------------------------------------------------------------------
       
     --------------------------------------------------------------------------------------------
     Sigma_C                                                             
     --------------------------------------------------------------------------------------------
     Integrating along the IM axis...
     --------------------------------------------------------------------------------------------
     in progress... |#                   | 005% :             < 00.1s (E)               00.2s (X)
     in progress... |##                  | 010% :             < 00.1s (E)               00.2s (X)
     in progress... |###                 | 015% :             < 00.1s (E)               00.1s (X)
     in progress... |####                | 020% :             < 00.1s (E)               00.1s (X)
     in progress... |#####               | 025% :             < 00.1s (E)               00.2s (X)
     in progress... |######              | 030% :             < 00.1s (E)               00.2s (X)
     in progress... |#######             | 035% :             < 00.1s (E)               00.1s (X)
     in progress... |########            | 040% :             < 00.1s (E)               00.1s (X)
     in progress... |#########           | 045% :             < 00.1s (E)               00.1s (X)
     in progress... |##########          | 050% :             < 00.1s (E)               00.1s (X)
     in progress... |###########         | 055% :               00.1s (E)               00.1s (X)
     in progress... |############        | 060% :               00.1s (E)               00.1s (X)
     in progress... |#############       | 065% :               00.1s (E)               00.1s (X)
     in progress... |##############      | 070% :               00.1s (E)               00.1s (X)
     in progress... |###############     | 075% :               00.1s (E)               00.1s (X)
     in progress... |################    | 080% :               00.1s (E)               00.1s (X)
     in progress... |#################   | 085% :               00.1s (E)               00.1s (X)
     in progress... |##################  | 090% :               00.1s (E)               00.1s (X)
     in progress... |################### | 095% :               00.1s (E)               00.1s (X)
     in progress... |####################| 100% :               00.1s (E)               00.1s (X)
     --------------------------------------------------------------------------------------------
     Residues along the RE axis...
     --------------------------------------------------------------------------------------------
     in progress... |#                   | 005% :             < 00.1s (E)             < 00.1s (X)
     in progress... |##                  | 010% :             < 00.1s (E)             < 00.1s (X)
     in progress... |###                 | 015% :             < 00.1s (E)             < 00.1s (X)
     in progress... |####                | 020% :             < 00.1s (E)             < 00.1s (X)
     in progress... |#####               | 025% :             < 00.1s (E)             < 00.1s (X)
     in progress... |######              | 030% :             < 00.1s (E)             < 00.1s (X)
     in progress... |#######             | 035% :             < 00.1s (E)             < 00.1s (X)
     in progress... |########            | 040% :             < 00.1s (E)             < 00.1s (X)
     in progress... |#########           | 045% :             < 00.1s (E)             < 00.1s (X)
     in progress... |##########          | 050% :             < 00.1s (E)             < 00.1s (X)
     in progress... |###########         | 055% :             < 00.1s (E)             < 00.1s (X)
     in progress... |############        | 060% :             < 00.1s (E)             < 00.1s (X)
     in progress... |#############       | 065% :             < 00.1s (E)             < 00.1s (X)
     in progress... |##############      | 070% :             < 00.1s (E)             < 00.1s (X)
     in progress... |###############     | 075% :             < 00.1s (E)             < 00.1s (X)
     in progress... |################    | 080% :             < 00.1s (E)             < 00.1s (X)
     in progress... |#################   | 085% :             < 00.1s (E)             < 00.1s (X)
     in progress... |##################  | 090% :             < 00.1s (E)             < 00.1s (X)
     in progress... |################### | 095% :             < 00.1s (E)             < 00.1s (X)
     in progress... |####################| 100% :             < 00.1s (E)             < 00.1s (X)
     --------------------------------------------------------------------------------------------
       
     --------------------------------------------------------------------------------------------
     CONVERGENCE ACHIEVED !!!                                            
     --------------------------------------------------------------------------------------------

     --------------------------------------------------------------------------------------------
     k(000001) = (   0.0000000   0.0000000   0.0000000) cryst. coord.
     band      QP en. [eV] conv
     000240      11.251051  yes
     000241      11.251056  yes
     000242      11.250970  yes
     000243      11.251063  yes
     000244      11.251087  yes
     000245      11.251050  yes
     000246      11.251038  yes
     000247      11.251024  yes
     000248      11.250989  yes
     000249      11.251111  yes
     000250      11.251105  yes
     000251      11.251053  yes
     000252      11.251199  yes
     000253      11.251095  yes
     000254      13.141007  yes
     000255      13.141129  yes
     000256      13.141230  yes
     000257      19.382499  yes
     000258      19.382464  yes
     000259      19.382501  yes
     000260      19.382615  yes
     000261      19.382680  yes
     000262      19.382632  yes
     000263      19.517933  yes
     000264      19.518524  yes
     000265      19.518490  yes
     000266      19.518547  yes
     000267      19.518829  yes
     000268      19.518798  yes
     000269      20.879752  yes
     000270      20.879776  yes
     000271      20.879737  yes
     000272      21.031401  yes
     000273      21.031367  yes
     000274      21.031407  yes
     000275      21.031399  yes
     000276      21.031488  yes
     000277      21.031397  yes
     000278      21.031412  yes
     000279      21.031436  yes
     000280      21.031825  yes
     --------------------------------------------------------------------------------------------
 
     Number of q in the star =    1
     List of q in the star:
          1   0.000000000   0.000000000   0.000000000
      
     --------------------------------------------------------------------------------------------
     SAVE written in < 00.1s             
     In location : ./c.wfreq.save
     --------------------------------------------------------------------------------------------
     WFREQ        :     7h35m CPU        7h44m WALL

     wfreq_readin :      0.96s CPU      3.27s WALL (       1 calls)
     fetch_input  :      0.13s CPU      0.15s WALL (       2 calls)
     read_xml     :      0.32s CPU      1.93s WALL (       1 calls)
     init_vloc    :      0.04s CPU      0.05s WALL (       2 calls)
     fft          :      1.78s CPU      3.22s WALL (    2642 calls)
     fft_scatter  :    532.19s CPU    541.08s WALL ( 4669792 calls)
     v_of_rho     :      0.01s CPU      0.04s WALL (       1 calls)
     v_xc         :      0.02s CPU      0.05s WALL (       2 calls)
     v_h          :      0.00s CPU      0.01s WALL (       1 calls)
     read_wave    :      0.48s CPU      1.16s WALL (       1 calls)
     davcio       :      0.14s CPU      1.47s WALL (      86 calls)
     init_us_1    :      0.02s CPU      0.03s WALL (       2 calls)
     do_setup     :      0.20s CPU      0.23s WALL (       1 calls)
     init_pw_ar   :      0.14s CPU      0.16s WALL (       1 calls)
     init_at_1    :      0.00s CPU      0.00s WALL (       1 calls)
     solve_hf     :     10.85s CPU     11.98s WALL (       1 calls)
     sigmavxc     :      0.01s CPU      0.03s WALL (       1 calls)
     init_us_2    :      0.21s CPU      0.34s WALL (      44 calls)
     fftw         :   1507.11s CPU   1531.90s WALL ( 4667150 calls)
     sigmax       :     10.49s CPU     11.59s WALL (       1 calls)
     sqvc_init    :      0.02s CPU      0.03s WALL (      83 calls)
     wlanczos     :  21110.44s CPU  21469.80s WALL (       1 calls)
     commutator_H :     37.30s CPU     67.74s WALL (     768 calls)
     stres_us31   :      0.02s CPU      0.02s WALL (     768 calls)
     stres_us32   :      0.04s CPU      0.04s WALL (     768 calls)
     stres_us33   :      0.04s CPU      0.04s WALL (     768 calls)
     stres_us34   :      3.58s CPU      3.69s WALL (     768 calls)
     calbec       :    502.51s CPU    507.95s WALL (   18023 calls)
     alphapc      :    303.88s CPU    306.51s WALL (    9719 calls)
     linstern     :     92.57s CPU     93.26s WALL (     256 calls)
     stern        :     90.45s CPU     91.13s WALL (    7577 calls)
     h_psi_bgrp   :   2489.47s CPU   2523.94s WALL (   16487 calls)
     h_psi        :   2489.37s CPU   2523.89s WALL (   16487 calls)
     h_psi:pot    :   2476.22s CPU   2510.54s WALL (   16487 calls)
     vloc_psi     :   1524.19s CPU   1549.29s WALL (   16487 calls)
     h_psi:calbec :    490.23s CPU    495.19s WALL (   16487 calls)
     add_vuspsi   :    461.61s CPU    465.93s WALL (   16487 calls)
     alphapv      :     14.80s CPU     14.94s WALL (    7577 calls)
     lan_H        :   3074.06s CPU   3113.48s WALL (     297 calls)
     brak         :  18929.53s CPU  19208.39s WALL (     297 calls)
     chi0_diag    :     14.46s CPU     14.82s WALL (       1 calls)
     glanczos     :   3107.40s CPU   3212.74s WALL (       1 calls)
     solve_qp     :   3060.47s CPU   3160.09s WALL (       1 calls)
     coll_gw      :   3059.39s CPU   3158.89s WALL (       1 calls)
     sigmac_i     :      0.58s CPU      0.61s WALL (       3 calls)
     sigmac_r     :      0.01s CPU      0.01s WALL (       3 calls)
     wfreq_db     :      0.02s CPU      0.02s WALL (       1 calls)
 
     WFREQ        :     7h35m CPU        7h44m WALL

 
   This run was terminated on:   3:37:50  25May2021            

=------------------------------------------------------------------------------=
   JOB DONE.
=------------------------------------------------------------------------------=
