
     Program WSTAT v. 3.1.1 starts on 24May2021 at  9:34:34 

     This program is part of the open-source West suite
     for massively parallel calculations of excited states in materials; please cite
         "M. Govoni et al., J. Chem. Theory Comput. 11, 2680 (2015);
          URL http://www.west-code.org", 
     in publications or presentations arising from this work.

     Based on the Quantum ESPRESSO v. 6.1 svn rev. 13369

     I/O is Little Endian
       
     --------------------------------------------------------------------------------------------
     **MPI** Parallelization Status                                      
     --------------------------------------------------------------------------------------------
                   160                   4             1             1            40
     --------------------------------------------------------------------------------------------
                     N         =         I      X      P      X      B      X      Z
                     ^                   ^             ^             ^             ^
                     |                   |             |             |             |
                   #rnk                  |             |             |             |
                                      #image           |             |             |
                                                     #pool           |             |
                                                                   #bgrp           |
                                                                                 #R&G
     --------------------------------------------------------------------------------------------
     **OPENMP** Parallelization Status
     #thr/rnk               =            1
     --------------------------------------------------------------------------------------------
     #prc = (rnk) * (thr) =          160
     --------------------------------------------------------------------------------------------
       
     --------------------------------------------------------------------------------------------
     I/O Summary : input_west                                            
     --------------------------------------------------------------------------------------------
     qe_prefix      = c
     west_prefix    = c
     outdir         = ./
     --------------------------------------------------------------------------------------------

     Reading data from directory:
     ./c.save

   Info: using nr1, nr2, nr3 values from input

   Info: using nr1, nr2, nr3 values from input

     IMPORTANT: XC functional enforced from input :
     Exchange-correlation      = PBE ( 1  4  3  4 0 0)
     Any further DFT definition will be discarded
     Please, verify this is what you really want

     Message from routine readpp:
     file ./c.save/C_ONCV_PBE-1.0.upf not found
 
     Parallelization info
     --------------------
     sticks:   dense  smooth     PW     G-vecs:    dense   smooth      PW
     Min         123     123     30                 5696     5696     712
     Max         124     124     31                 5700     5700     716
     Sum        4927    4927   1237               227913   227913   28571
 
       
     --------------------------------------------------------------------------------------------
     I/O Summary : wstat_control                                         
     --------------------------------------------------------------------------------------------
     wstat_calculation              =              S
     n_pdep_eigen                   =           1000
     n_pdep_times                   =              4
     n_pdep_maxiter                 =            100
     n_dfpt_maxiter                 =            250
     n_pdep_read_from_file          =              0
     trev_pdep                      =   1.000000E-03
     trev_pdep_rel                  =   1.000000E-01
     tr2_dfpt                       =   1.000000E-12
     l_kinetic_only                 =              F
     l_minimize_exx_if_active       =              F
     l_use_ecutrho                  =              F
     l_use_symm                     =              F
     l_real_space_pdep              =              F
     nq(1)                          =              1
     nq(2)                          =              1
     nq(3)                          =              1
     --------------------------------------------------------------------------------------------
       
     --------------------------------------------------------------------------------------------
     System Overview                                                     
     --------------------------------------------------------------------------------------------
     gamma_only           =              F
     ecutwfc [Ry]         =      50.000000
     ecutrho [Ry]         =     200.000000
     omega [au^3]         =   4.768075E+03
     nbnd                 =            300
     nkstot               =              1
     nspin                =              1
     nelec                =     512.000000
     npol                 =              1
     lsda                 =              F
     noncolin             =              F
     lspinorb             =              F
     domag                =              F
     --------------------------------------------------------------------------------------------

     3DFFT grid
        s : (  90,  90,  90)
        p : (  90,  90,  90)

     Direct Lattice Cell [a.u.]
        a1 = (   -13.3589100    -0.0000000    13.3589100)
        a2 = (     0.0000000    13.3589101    13.3589101)
        a3 = (   -13.3589100    13.3589100    -0.0000000)

     Reciprocal Lattice Cell [a.u.]
        b1 = (    -0.2351683    -0.2351683     0.2351683)
        b2 = (     0.2351683     0.2351683     0.2351683)
        b3 = (    -0.2351683     0.2351683    -0.2351683)
      

     Brillouin Zone sampling [cryst. coord.]
 
        k(000001) = (     0.0000000     0.0000000     0.0000000)
 
        q(000001) = (     0.0000000     0.0000000     0.0000000)
     ===========================================================================
     Symmetries disabled, nq =    1
          Q-point IBZ [ cart coord ]
          xq(00000001) = (  0.000000  0.000000  0.000000) wq =   1.000000
     ===========================================================================
       
     --------------------------------------------------------------------------------------------
     Parallelization for nvecx                                           
     --------------------------------------------------------------------------------------------
     nglob                =           4000
     nlevel               =              4
     Min nglob/nlevel     =           1000
     Max nglob/nlevel     =           1000
     --------------------------------------------------------------------------------------------

     [MEM] ----------------------------------------------------------
     [MEM] **Memory** analysis: QE
     [MEM] ----------------------------------------------------------
     [MEM] Allocated arrays           est. size (Mb)     dimensions
     [MEM] ----------------------------------------------------------
     [MEM] Kohn-Sham Wavefunctions       3.28 Mb     (    716,  300)
     [MEM] NL pseudopotentials          11.19 Mb     (    716, 1024)
     [MEM] Each V/rho on FFT grid        0.37 Mb     (  24300)
     [MEM] Each G-vector array           0.04 Mb     (   5698)
     [MEM] G-vector shells               0.04 Mb     (   5516)
     [MEM] ----------------------------------------------------------
     [MEM] TOT                          14.92 Mb
     [MEM] ----------------------------------------------------------
     [MEM] 
     [MEM] ----------------------------------------------------------
     [MEM] **Memory** analysis: WSTAT global
     [MEM] ----------------------------------------------------------
     [MEM] Allocated arrays           est. size (Mb)     dimensions
     [MEM] ----------------------------------------------------------
     [MEM] dvg                          10.93 Mb     (    716, 1000)
     [MEM] dng                          10.93 Mb     (    716, 1000)
     [MEM] hr_distr                     61.04 Mb     (   4000, 1000)
     [MEM] vr_distr                     61.04 Mb     (   4000, 1000)
     [MEM] ----------------------------------------------------------
     [MEM] TOT                         143.92 Mb
     [MEM] ----------------------------------------------------------
     [MEM] 
     [MEM] ----------------------------------------------------------
     [MEM] **Memory** analysis: WSTAT temporary
     [MEM] ----------------------------------------------------------
     [MEM] Allocated arrays           est. size (Mb)     dimensions
     [MEM] ----------------------------------------------------------
     [MEM] dvpsi                         2.80 Mb     (    716,  256)
     [MEM] dpsi                          2.80 Mb     (    716,  256)
     [MEM] ----------------------------------------------------------
     [MEM] Total estimate                5.59 Mb
     [MEM] ----------------------------------------------------------
 
     Divergence =   2.948579E-01

                       *----------*              *----------*               *----------*
     #     Iteration = | starting |   DFPT_dim = |     1000 |   Diago_dim = |     1000 |  x 1/2
                       *----------*              *----------*               *----------*
     per-process dynamical memory   199.0 Mb
  
       
     --------------------------------------------------------------------------------------------
     Sternheimer eq. solver... with lite-solver                          
     --------------------------------------------------------------------------------------------
     in progress... |#                   | 005% :               05.6s (E)           01m-53.7s (X)
     in progress... |##                  | 010% :               10.7s (E)           01m-47.5s (X)
     in progress... |###                 | 015% :               16.3s (E)           01m-49.0s (X)
     in progress... |####                | 020% :               21.4s (E)           01m-47.4s (X)
     in progress... |#####               | 025% :               26.9s (E)           01m-47.9s (X)
     in progress... |######              | 030% :               32.1s (E)           01m-47.0s (X)
     in progress... |#######             | 035% :               37.6s (E)           01m-47.5s (X)
     in progress... |########            | 040% :               42.6s (E)           01m-46.7s (X)
     in progress... |#########           | 045% :               48.1s (E)           01m-46.9s (X)
     in progress... |##########          | 050% :               53.2s (E)           01m-46.4s (X)
     in progress... |###########         | 055% :               58.7s (E)           01m-46.8s (X)
     in progress... |############        | 060% :           01m-03.8s (E)           01m-46.4s (X)
     in progress... |#############       | 065% :           01m-09.4s (E)           01m-46.8s (X)
     in progress... |##############      | 070% :           01m-14.5s (E)           01m-46.5s (X)
     in progress... |###############     | 075% :           01m-20.1s (E)           01m-46.8s (X)
     in progress... |################    | 080% :           01m-25.2s (E)           01m-46.5s (X)
     in progress... |#################   | 085% :           01m-30.8s (E)           01m-46.8s (X)
     in progress... |##################  | 090% :           01m-35.8s (E)           01m-46.4s (X)
     in progress... |################### | 095% :           01m-41.3s (E)           01m-46.7s (X)
     in progress... |####################| 100% :           01m-46.5s (E)           01m-46.5s (X)
     --------------------------------------------------------------------------------------------

     [I/O] -------------------------------------------------------
     [I/O] RESTART written in < 00.1s             
     [I/O] In location   : ./c.wstat.restart
     [I/O] -------------------------------------------------------

                       *----------*              *----------*               *----------*
     #     Iteration = | starting |   DFPT_dim = |     1000 |   Diago_dim = |     1000 |  x 2/2
                       *----------*              *----------*               *----------*
     per-process dynamical memory   215.2 Mb
  
       
     --------------------------------------------------------------------------------------------
     Sternheimer eq. solver... with threshold =   1.000000E-06           
     --------------------------------------------------------------------------------------------
     in progress... |#                   | 005% :           01m-36.4s (E)           32m-08.3s (X)
     in progress... |##                  | 010% :           03m-04.3s (E)           30m-43.7s (X)
     in progress... |###                 | 015% :           04m-39.6s (E)           31m-04.3s (X)
     in progress... |####                | 020% :           06m-06.2s (E)           30m-31.0s (X)
     in progress... |#####               | 025% :           07m-40.2s (E)           30m-41.1s (X)
     in progress... |######              | 030% :           09m-06.6s (E)           30m-22.0s (X)
     in progress... |#######             | 035% :           10m-40.4s (E)           30m-29.7s (X)
     in progress... |########            | 040% :           12m-04.4s (E)           30m-11.0s (X)
     in progress... |#########           | 045% :           13m-35.2s (E)           30m-11.7s (X)
     in progress... |##########          | 050% :           15m-00.8s (E)           30m-01.7s (X)
     in progress... |###########         | 055% :           16m-30.2s (E)           30m-00.4s (X)
     in progress... |############        | 060% :           17m-52.4s (E)           29m-47.3s (X)
     in progress... |#############       | 065% :           19m-23.1s (E)           29m-49.4s (X)
     in progress... |##############      | 070% :           20m-46.0s (E)           29m-40.0s (X)
     in progress... |###############     | 075% :           22m-16.7s (E)           29m-42.3s (X)
     in progress... |################    | 080% :           23m-40.6s (E)           29m-35.8s (X)
     in progress... |#################   | 085% :           25m-10.9s (E)           29m-37.5s (X)
     in progress... |##################  | 090% :           26m-33.6s (E)           29m-30.6s (X)
     in progress... |################### | 095% :           28m-03.1s (E)           29m-31.6s (X)
     in progress... |####################| 100% :           29m-27.0s (E)           29m-27.0s (X)
     --------------------------------------------------------------------------------------------
     p-DIAGOX done in 05.9s with a SCALAPACK grid (12x12)
     --------------------------------------------------------------------------------------------
        
       -3.28460  -3.28445  -3.28421  -3.28399  -3.28378  -3.28348  -3.28298  -3.28260  -3.16195
       -3.16167  -3.16141  -3.16114  -3.16083  -3.16020  -2.36183  -2.36121  -2.36081  -2.36045
       -2.36013  -2.35992  -2.35966  -2.35915  -2.35871  -2.35773  -2.35739  -2.35698  -2.28163
       -2.28123  -2.27913  -2.27746  -2.15681  -2.15601  -2.15530  -2.15519  -2.15483  -2.15426
       -2.15378  -2.15345  -2.15282  -2.15263  -2.15198  -2.15170  -2.15110  -2.15062  -2.15028
       -2.14971  -2.14952  -2.14885  -2.14860  -2.14800  -2.14705  -2.14643  -2.14573  -2.14410
       -1.91218  -1.90310  -1.90105  -1.90042  -1.89910  -1.89853  -1.89660  -1.86445  -1.86415
       -1.86362  -1.86251  -1.86215  -1.86127  -1.86053  -1.86003  -1.85910  -1.85755  -1.85710
       -1.85536  -1.84143  -1.83917  -1.83803  -1.83703  -1.83576  -1.83335  -1.83119  -1.83003
       -1.82881  -1.82759  -1.82613  -1.82276  -1.79825  -1.79647  -1.79481  -1.79411  -1.79279
       -1.79173  -1.79044  -1.78892  -1.78749  -1.78664  -1.78611  -1.78536  -1.78412  -1.78348
       -1.78268  -1.78195  -1.78104  -1.78036  -1.77896  -1.77865  -1.77793  -1.77732  -1.77654
       -1.77575  -1.77494  -1.77414  -1.77272  -1.77188  -1.77005  -1.76897  -1.76802  -1.76671
       -1.76490  -1.76320  -1.76219  -1.76016  -1.75503  -1.75233  -1.58306  -1.58207  -1.58035
       -1.57853  -1.16095  -1.15860  -1.15641  -1.15220  -1.11373  -1.11314  -1.11255  -1.11213
       -1.11196  -1.11100  -1.11033  -1.10986  -1.10931  -1.10905  -1.10848  -1.10796  -1.10745
       -1.10685  -1.10619  -1.10581  -1.10504  -1.10452  -1.10370  -1.10337  -1.10210  -1.10114
       -1.09963  -1.09913  -1.06137  -1.06093  -1.06077  -1.05984  -1.05949  -1.05914  -1.05862
       -1.05792  -1.05776  -1.05691  -1.05558  -1.05473  -1.05186  -1.04973  -1.04908  -1.04835
       -1.04693  -1.04624  -1.04592  -1.04501  -1.04337  -1.04310  -1.04153  -1.04000  -0.83048
       -0.82983  -0.82852  -0.82754  -0.82680  -0.82550  -0.82460  -0.82399  -0.82287  -0.82225
       -0.82079  -0.82010  -0.81922  -0.81885  -0.81834  -0.81620  -0.81524  -0.81405  -0.81340
       -0.81193  -0.77086  -0.76971  -0.76788  -0.76614  -0.76498  -0.76329  -0.75517  -0.75371
       -0.75337  -0.75285  -0.75245  -0.75206  -0.75161  -0.75108  -0.75009  -0.74975  -0.74909
       -0.74872  -0.74815  -0.74793  -0.74760  -0.74651  -0.74625  -0.74538  -0.74483  -0.74415
       -0.74337  -0.74249  -0.74145  -0.74042  -0.73760  -0.73637  -0.73528  -0.73460  -0.73422
       -0.73351  -0.73281  -0.73228  -0.73147  -0.73086  -0.73047  -0.73002  -0.72916  -0.72846
       -0.72810  -0.72771  -0.72728  -0.72648  -0.72592  -0.72485  -0.72454  -0.72381  -0.72363
       -0.72272  -0.72198  -0.72146  -0.72109  -0.72001  -0.71983  -0.71906  -0.71866  -0.71761
       -0.71718  -0.71676  -0.71616  -0.71434  -0.71399  -0.71307  -0.71265  -0.71187  -0.71139
       -0.70980  -0.70803  -0.70688  -0.70612  -0.70466  -0.70362  -0.70184  -0.66587  -0.66501
       -0.66423  -0.66251  -0.66128  -0.66025  -0.65942  -0.65829  -0.65690  -0.65566  -0.65499
       -0.65304  -0.63477  -0.63360  -0.63217  -0.63135  -0.62998  -0.62879  -0.62748  -0.62525
       -0.62062  -0.61953  -0.61817  -0.61768  -0.61705  -0.61546  -0.61485  -0.61432  -0.61368
       -0.61273  -0.61150  -0.60975  -0.60908  -0.60794  -0.60599  -0.60527  -0.60444  -0.60240
       -0.60144  -0.60002  -0.59920  -0.59858  -0.59679  -0.59502  -0.59387  -0.58683  -0.58634
       -0.58574  -0.58407  -0.58323  -0.58109  -0.58033  -0.57737  -0.57707  -0.57598  -0.57459
       -0.57108  -0.56843  -0.56729  -0.56566  -0.56486  -0.56341  -0.56292  -0.56226  -0.56006
       -0.55958  -0.55830  -0.55808  -0.55757  -0.55616  -0.55521  -0.55429  -0.55246  -0.55212
       -0.55023  -0.54924  -0.54762  -0.54607  -0.54414  -0.54263  -0.54111  -0.53659  -0.53458
       -0.53349  -0.53263  -0.52926  -0.52736  -0.52644  -0.52432  -0.52131  -0.51945  -0.51919
       -0.51756  -0.51642  -0.51489  -0.51398  -0.51319  -0.51128  -0.51051  -0.50931  -0.50856
       -0.50745  -0.50656  -0.50467  -0.50382  -0.50195  -0.50136  -0.49970  -0.49858  -0.49778
       -0.49603  -0.49425  -0.49215  -0.49112  -0.49002  -0.48928  -0.48569  -0.48156  -0.47900
       -0.47726  -0.47657  -0.47591  -0.47489  -0.47407  -0.47247  -0.47187  -0.47145  -0.47017
       -0.46960  -0.46883  -0.46759  -0.46619  -0.46576  -0.46446  -0.46390  -0.46285  -0.46197
       -0.46150  -0.46113  -0.45982  -0.45893  -0.45779  -0.45733  -0.45703  -0.45537  -0.45468
       -0.45443  -0.45348  -0.45299  -0.45216  -0.45165  -0.45064  -0.45014  -0.44943  -0.44856
       -0.44752  -0.44704  -0.44604  -0.44563  -0.44510  -0.44415  -0.44377  -0.44309  -0.44238
       -0.44151  -0.44088  -0.43982  -0.43961  -0.43863  -0.43777  -0.43708  -0.43641  -0.43587
       -0.43479  -0.43430  -0.43352  -0.43243  -0.43219  -0.43087  -0.43025  -0.42982  -0.42924
       -0.42785  -0.42759  -0.42661  -0.42616  -0.42534  -0.42424  -0.42313  -0.42290  -0.42214
       -0.42108  -0.42040  -0.41976  -0.41897  -0.41785  -0.41720  -0.41560  -0.41519  -0.41383
       -0.41359  -0.41183  -0.41107  -0.41067  -0.40965  -0.40857  -0.40778  -0.40649  -0.40540
       -0.40336  -0.40307  -0.40261  -0.40144  -0.39984  -0.39870  -0.39744  -0.39630  -0.39530
       -0.39317  -0.39218  -0.39041  -0.38938  -0.38736  -0.38537  -0.38145  -0.37737  -0.37564
       -0.37428  -0.37172  -0.37040  -0.36849  -0.36699  -0.36525  -0.36128  -0.36044  -0.35773
       -0.35576  -0.35492  -0.35306  -0.35078  -0.34995  -0.34944  -0.34769  -0.34758  -0.34604
       -0.34524  -0.34435  -0.34377  -0.34302  -0.34056  -0.34005  -0.33971  -0.33832  -0.33794
       -0.33728  -0.33690  -0.33594  -0.33546  -0.33511  -0.33467  -0.33362  -0.33333  -0.33241
       -0.33209  -0.33145  -0.33084  -0.33005  -0.32951  -0.32888  -0.32847  -0.32715  -0.32686
       -0.32620  -0.32587  -0.32557  -0.32475  -0.32418  -0.32400  -0.32324  -0.32253  -0.32185
       -0.32128  -0.32113  -0.32052  -0.31930  -0.31888  -0.31858  -0.31807  -0.31721  -0.31684
       -0.31613  -0.31587  -0.31551  -0.31504  -0.31465  -0.31439  -0.31391  -0.31297  -0.31265
       -0.31209  -0.31169  -0.31131  -0.31107  -0.31043  -0.31017  -0.30971  -0.30889  -0.30860
       -0.30824  -0.30785  -0.30739  -0.30698  -0.30680  -0.30633  -0.30583  -0.30551  -0.30485
       -0.30452  -0.30424  -0.30331  -0.30286  -0.30273  -0.30208  -0.30152  -0.30102  -0.30028
       -0.29993  -0.29978  -0.29939  -0.29892  -0.29826  -0.29787  -0.29726  -0.29650  -0.29629
       -0.29538  -0.29493  -0.29473  -0.29412  -0.29363  -0.29296  -0.29260  -0.29230  -0.29215
       -0.29134  -0.29117  -0.29050  -0.29011  -0.28979  -0.28927  -0.28893  -0.28845  -0.28764
       -0.28734  -0.28674  -0.28636  -0.28574  -0.28544  -0.28487  -0.28455  -0.28395  -0.28355
       -0.28297  -0.28265  -0.28231  -0.28125  -0.28088  -0.28060  -0.27974  -0.27943  -0.27931
       -0.27843  -0.27807  -0.27773  -0.27722  -0.27687  -0.27633  -0.27610  -0.27528  -0.27454
       -0.27423  -0.27376  -0.27326  -0.27286  -0.27225  -0.27198  -0.27132  -0.27058  -0.27033
       -0.26991  -0.26964  -0.26908  -0.26852  -0.26828  -0.26749  -0.26711  -0.26677  -0.26611
       -0.26587  -0.26529  -0.26495  -0.26435  -0.26412  -0.26339  -0.26295  -0.26232  -0.26210
       -0.26168  -0.26120  -0.26065  -0.26023  -0.25938  -0.25863  -0.25827  -0.25801  -0.25739
       -0.25728  -0.25680  -0.25611  -0.25577  -0.25540  -0.25477  -0.25439  -0.25409  -0.25360
       -0.25280  -0.25216  -0.25184  -0.25154  -0.25112  -0.25072  -0.25048  -0.25017  -0.24987
       -0.24896  -0.24863  -0.24846  -0.24821  -0.24773  -0.24711  -0.24654  -0.24622  -0.24598
       -0.24518  -0.24492  -0.24465  -0.24408  -0.24390  -0.24306  -0.24289  -0.24204  -0.24183
       -0.24155  -0.24098  -0.24071  -0.24053  -0.23974  -0.23923  -0.23896  -0.23863  -0.23823
       -0.23795  -0.23759  -0.23662  -0.23647  -0.23600  -0.23545  -0.23504  -0.23469  -0.23445
       -0.23408  -0.23344  -0.23319  -0.23277  -0.23221  -0.23205  -0.23150  -0.23135  -0.23063
       -0.23005  -0.22979  -0.22917  -0.22899  -0.22866  -0.22811  -0.22790  -0.22708  -0.22685
       -0.22657  -0.22620  -0.22577  -0.22546  -0.22519  -0.22470  -0.22411  -0.22381  -0.22358
       -0.22305  -0.22273  -0.22212  -0.22193  -0.22148  -0.22112  -0.22066  -0.22028  -0.21989
       -0.21964  -0.21911  -0.21840  -0.21807  -0.21771  -0.21731  -0.21723  -0.21667  -0.21624
       -0.21601  -0.21526  -0.21456  -0.21437  -0.21413  -0.21387  -0.21345  -0.21336  -0.21300
       -0.21230  -0.21185  -0.21160  -0.21116  -0.21062  -0.21027  -0.20980  -0.20958  -0.20911
       -0.20893  -0.20833  -0.20818  -0.20783  -0.20733  -0.20691  -0.20621  -0.20605  -0.20557
       -0.20534  -0.20490  -0.20461  -0.20435  -0.20393  -0.20364  -0.20310  -0.20293  -0.20242
       -0.20205  -0.20159  -0.20139  -0.20076  -0.20034  -0.20007  -0.19968  -0.19900  -0.19861
       -0.19807  -0.19766  -0.19740  -0.19691  -0.19667  -0.19635  -0.19597  -0.19567  -0.19547
       -0.19477  -0.19437  -0.19414  -0.19375  -0.19332  -0.19305  -0.19273  -0.19253  -0.19185
       -0.19171  -0.19109  -0.19102  -0.19057  -0.19043  -0.19000  -0.18965  -0.18919  -0.18878
       -0.18852  -0.18774  -0.18752  -0.18720  -0.18683  -0.18641  -0.18588  -0.18565  -0.18535
       -0.18521  -0.18483  -0.18446  -0.18411  -0.18349  -0.18309  -0.18286  -0.18238  -0.18185
       -0.18124  -0.18099  -0.18057  -0.18014  -0.17977  -0.17946  -0.17909  -0.17871  -0.17840
       -0.17805  -0.17748  -0.17736  -0.17673  -0.17638  -0.17594  -0.17582  -0.17527  -0.17487
       -0.17454  -0.17415  -0.17365  -0.17321  -0.17306  -0.17257  -0.17223  -0.17165  -0.17124
       -0.17096  -0.17077  -0.17028  -0.16984  -0.16954  -0.16892  -0.16855  -0.16824  -0.16794
       -0.16752  -0.16692  -0.16654  -0.16624  -0.16572  -0.16503  -0.16486  -0.16454  -0.16411
       -0.16373  -0.16316  -0.16296  -0.16257  -0.16204  -0.16153  -0.16110  -0.16077  -0.15985
       -0.15958  -0.15948  -0.15924  -0.15854  -0.15824  -0.15777  -0.15721  -0.15674  -0.15643
       -0.15604  -0.15580  -0.15524  -0.15495  -0.15455  -0.15409  -0.15359  -0.15287  -0.15262
       -0.15238  -0.15172  -0.15148  -0.15089  -0.15053  -0.14998  -0.14955  -0.14931  -0.14864
       -0.14817  -0.14766  -0.14693  -0.14651  -0.14611  -0.14579  -0.14511  -0.14487  -0.14453
       -0.14391  -0.14355  -0.14315  -0.14254  -0.14234  -0.14161  -0.14136  -0.14087  -0.14025
       -0.14013  -0.13885  -0.13842  -0.13798  -0.13689  -0.13645  -0.13589  -0.13535  -0.13483
       -0.13441  -0.13374  -0.13267  -0.13211  -0.13134  -0.13065  -0.13028  -0.12881  -0.12848
       -0.12727
        
     --------------------------------------------------------------------------------------------
     Tot. elapsed time 01h-32m-26.2s,  time spent in last iteration 01h-32m-26.2s
     --------------------------------------------------------------------------------------------

     [I/O] -------------------------------------------------------
     [I/O] RESTART written in < 00.1s             
     [I/O] In location   : ./c.wstat.restart
     [I/O] -------------------------------------------------------

                       *----------*              *----------*               *----------*
     #     Iteration = |        1 |   DFPT_dim = |     1000 |   Diago_dim = |     2000 |
                       *----------*              *----------*               *----------*
     per-process dynamical memory   235.8 Mb
  
       
     --------------------------------------------------------------------------------------------
     Sternheimer eq. solver... with threshold =   1.000000E-12           
     --------------------------------------------------------------------------------------------
     in progress... |#                   | 005% :           02m-49.4s (E)           56m-28.2s (X)
     in progress... |##                  | 010% :           05m-27.7s (E)           54m-37.3s (X)
     in progress... |###                 | 015% :           08m-17.7s (E)           55m-18.5s (X)
     in progress... |####                | 020% :           10m-56.7s (E)           54m-43.7s (X)
     in progress... |#####               | 025% :           13m-45.3s (E)           55m-01.5s (X)
     in progress... |######              | 030% :           16m-21.1s (E)           54m-30.3s (X)
     in progress... |#######             | 035% :           19m-11.5s (E)           54m-50.1s (X)
     in progress... |########            | 040% :           21m-49.2s (E)           54m-33.0s (X)
     in progress... |#########           | 045% :           24m-40.8s (E)           54m-50.8s (X)
     in progress... |##########          | 050% :           27m-20.9s (E)           54m-41.9s (X)
     in progress... |###########         | 055% :           30m-12.8s (E)           54m-56.1s (X)
     in progress... |############        | 060% :           32m-50.8s (E)           54m-44.7s (X)
     in progress... |#############       | 065% :           35m-38.7s (E)           54m-50.3s (X)
     in progress... |##############      | 070% :           38m-12.0s (E)           54m-34.3s (X)
     in progress... |###############     | 075% :           40m-54.7s (E)           54m-32.9s (X)
     in progress... |################    | 080% :           43m-28.3s (E)           54m-20.3s (X)
     in progress... |#################   | 085% :           46m-17.3s (E)           54m-27.5s (X)
     in progress... |##################  | 090% :           48m-53.2s (E)           54m-19.1s (X)
     in progress... |################### | 095% :           51m-39.4s (E)           54m-22.5s (X)
     in progress... |####################| 100% :           54m-07.0s (E)           54m-07.0s (X)
     --------------------------------------------------------------------------------------------
     p-DIAGOX done in 07.7s with a SCALAPACK grid (12x12)
     --------------------------------------------------------------------------------------------
        
       -3.29465  -3.29465  -3.29465  -3.29465  -3.29464  -3.29464  -3.29464  -3.29464  -3.17188
       -3.17188  -3.17188  -3.17179  -3.17179  -3.17179  -2.37427  -2.37427  -2.37427  -2.37421
       -2.37421  -2.37421  -2.37421  -2.37421  -2.37421  -2.37417  -2.37417  -2.37417  -2.30452
       -2.30435  -2.30435  -2.30434  -2.17158  -2.17158  -2.17157  -2.17157  -2.17156  -2.17156
       -2.17156  -2.17156  -2.17152  -2.17152  -2.17152  -2.17152  -2.17152  -2.17152  -2.17152
       -2.17152  -2.17152  -2.17152  -2.17152  -2.17152  -2.17151  -2.17151  -2.17151  -2.17151
       -1.96268  -1.92457  -1.92454  -1.92454  -1.92453  -1.92452  -1.92452  -1.88676  -1.88676
       -1.88675  -1.88674  -1.88674  -1.88674  -1.88674  -1.88673  -1.88673  -1.88672  -1.88671
       -1.88671  -1.86972  -1.86971  -1.86971  -1.86963  -1.86962  -1.86962  -1.86961  -1.86961
       -1.86960  -1.86960  -1.86960  -1.86959  -1.83428  -1.83428  -1.83427  -1.83427  -1.83426
       -1.83426  -1.83425  -1.83424  -1.82242  -1.82241  -1.82241  -1.82237  -1.82236  -1.82235
       -1.81024  -1.81024  -1.81024  -1.81023  -1.81023  -1.81022  -1.81022  -1.81022  -1.81020
       -1.81020  -1.81020  -1.81019  -1.81019  -1.81019  -1.81019  -1.81019  -1.81018  -1.81018
       -1.81018  -1.81018  -1.81017  -1.81017  -1.81017  -1.81016  -1.60537  -1.60536  -1.60536
       -1.60534  -1.19420  -1.19420  -1.19418  -1.19416  -1.13011  -1.13011  -1.13011  -1.13010
       -1.13010  -1.13010  -1.13009  -1.13009  -1.13009  -1.13008  -1.13008  -1.13008  -1.13007
       -1.13007  -1.13007  -1.13006  -1.13006  -1.13005  -1.13005  -1.13004  -1.13004  -1.13003
       -1.13003  -1.13001  -1.07571  -1.07570  -1.07570  -1.07570  -1.07569  -1.07569  -1.07569
       -1.07568  -1.07568  -1.07567  -1.07567  -1.07566  -1.06968  -1.06967  -1.06966  -1.06966
       -1.06965  -1.06964  -1.06964  -1.06963  -1.06963  -1.06962  -1.06961  -1.06960  -0.85354
       -0.85352  -0.85350  -0.85349  -0.85348  -0.85347  -0.85345  -0.85343  -0.85125  -0.85122
       -0.85119  -0.85117  -0.85115  -0.85112  -0.84322  -0.84320  -0.84319  -0.84317  -0.84315
       -0.84314  -0.79687  -0.79686  -0.79683  -0.79680  -0.79677  -0.79675  -0.77361  -0.77361
       -0.77360  -0.77359  -0.77358  -0.77358  -0.77357  -0.77355  -0.77354  -0.77354  -0.77353
       -0.77352  -0.77351  -0.77350  -0.77349  -0.77348  -0.77347  -0.77346  -0.77344  -0.77341
       -0.77340  -0.77338  -0.77334  -0.77330  -0.76341  -0.76339  -0.76335  -0.76333  -0.76331
       -0.76329  -0.76328  -0.76323  -0.76321  -0.76315  -0.76313  -0.76309  -0.75577  -0.75576
       -0.75575  -0.75573  -0.75572  -0.75572  -0.75570  -0.75568  -0.75566  -0.75566  -0.75563
       -0.75562  -0.75561  -0.75558  -0.75556  -0.75554  -0.75553  -0.75551  -0.75548  -0.75546
       -0.75544  -0.75538  -0.75537  -0.75529  -0.74588  -0.74586  -0.74584  -0.74583  -0.74581
       -0.74580  -0.74577  -0.74573  -0.74572  -0.74569  -0.74565  -0.74563  -0.69110  -0.69108
       -0.69104  -0.69103  -0.69101  -0.69098  -0.69095  -0.69093  -0.69090  -0.69088  -0.69084
       -0.69076  -0.66258  -0.66252  -0.66250  -0.66246  -0.66243  -0.66239  -0.66233  -0.66230
       -0.64832  -0.64826  -0.64822  -0.64820  -0.64818  -0.64814  -0.64812  -0.64805  -0.64801
       -0.64797  -0.64796  -0.64791  -0.64783  -0.64780  -0.64774  -0.64766  -0.64493  -0.64483
       -0.64468  -0.63331  -0.63323  -0.63318  -0.63315  -0.63308  -0.63302  -0.62816  -0.62812
       -0.62810  -0.62803  -0.62798  -0.62790  -0.62786  -0.62774  -0.62766  -0.62754  -0.62747
       -0.62736  -0.60457  -0.60454  -0.60450  -0.60446  -0.60441  -0.60437  -0.60433  -0.60431
       -0.60428  -0.60421  -0.60419  -0.60415  -0.60411  -0.60406  -0.60401  -0.60398  -0.60393
       -0.60388  -0.60383  -0.60376  -0.60367  -0.60357  -0.60352  -0.60334  -0.57736  -0.57722
       -0.57704  -0.57698  -0.57687  -0.57665  -0.57650  -0.57641  -0.55743  -0.55736  -0.55728
       -0.55721  -0.55714  -0.55707  -0.55701  -0.55692  -0.55680  -0.55673  -0.55671  -0.55657
       -0.55650  -0.55639  -0.55622  -0.55615  -0.55108  -0.55101  -0.55093  -0.55075  -0.55067
       -0.55062  -0.55049  -0.55030  -0.55019  -0.54996  -0.54978  -0.54962  -0.51817  -0.51809
       -0.51797  -0.51782  -0.51767  -0.51760  -0.51750  -0.51725  -0.51719  -0.51714  -0.51674
       -0.51634  -0.51466  -0.51446  -0.51427  -0.50708  -0.50696  -0.50682  -0.50675  -0.50656
       -0.50650  -0.50634  -0.50627  -0.50603  -0.50587  -0.50567  -0.50533  -0.50345  -0.50191
       -0.50175  -0.50164  -0.50150  -0.50138  -0.50130  -0.50110  -0.50102  -0.50096  -0.50087
       -0.50060  -0.50057  -0.50044  -0.50034  -0.50020  -0.50004  -0.49990  -0.49973  -0.49966
       -0.49957  -0.49947  -0.49944  -0.49934  -0.49911  -0.49906  -0.49892  -0.49872  -0.49852
       -0.49834  -0.49827  -0.49808  -0.49778  -0.49763  -0.49746  -0.49711  -0.49677  -0.49468
       -0.49449  -0.49434  -0.49429  -0.49397  -0.49378  -0.49355  -0.49341  -0.49321  -0.49278
       -0.49240  -0.49215  -0.48574  -0.48551  -0.48537  -0.48525  -0.48516  -0.48503  -0.48485
       -0.48481  -0.48469  -0.48442  -0.48431  -0.48422  -0.48414  -0.48398  -0.48372  -0.48360
       -0.48339  -0.48317  -0.48294  -0.48281  -0.48252  -0.48226  -0.48209  -0.48141  -0.47446
       -0.47420  -0.47388  -0.47377  -0.47366  -0.47340  -0.47321  -0.47289  -0.45856  -0.45783
       -0.45717  -0.45684  -0.45612  -0.45555  -0.43408  -0.43333  -0.43316  -0.43261  -0.39939
       -0.39930  -0.39915  -0.39877  -0.39853  -0.39840  -0.39814  -0.39776  -0.38310  -0.38233
       -0.37837  -0.37822  -0.37793  -0.37777  -0.37749  -0.37711  -0.37445  -0.37425  -0.37417
       -0.37401  -0.37391  -0.37377  -0.37349  -0.37332  -0.37314  -0.37306  -0.37279  -0.37257
       -0.37235  -0.37209  -0.37194  -0.37167  -0.36972  -0.36943  -0.36922  -0.36894  -0.36842
       -0.36811  -0.36712  -0.36691  -0.36670  -0.36642  -0.36615  -0.36610  -0.36583  -0.36564
       -0.36554  -0.36540  -0.36512  -0.36505  -0.36484  -0.36464  -0.36448  -0.36438  -0.36424
       -0.36412  -0.36400  -0.36390  -0.36377  -0.36356  -0.36349  -0.36327  -0.36316  -0.36307
       -0.36289  -0.36265  -0.36251  -0.36235  -0.36212  -0.36194  -0.36178  -0.36164  -0.36154
       -0.36096  -0.36087  -0.36070  -0.36035  -0.36000  -0.35971  -0.35939  -0.35916  -0.35886
       -0.35874  -0.35803  -0.35772  -0.35704  -0.35662  -0.35630  -0.35605  -0.35589  -0.35566
       -0.35516  -0.35502  -0.35462  -0.35442  -0.35419  -0.35386  -0.35367  -0.35325  -0.35310
       -0.35296  -0.35273  -0.35224  -0.35183  -0.35142  -0.35107  -0.35082  -0.35012  -0.34975
       -0.34942  -0.34883  -0.34789  -0.34557  -0.34511  -0.34495  -0.34460  -0.34433  -0.34413
       -0.34371  -0.34348  -0.34321  -0.34244  -0.34207  -0.34172  -0.33981  -0.33953  -0.33934
       -0.33913  -0.33903  -0.33895  -0.33880  -0.33865  -0.33836  -0.33823  -0.33814  -0.33808
       -0.33782  -0.33768  -0.33756  -0.33743  -0.33723  -0.33717  -0.33695  -0.33688  -0.33655
       -0.33636  -0.33622  -0.33602  -0.33574  -0.33562  -0.33541  -0.33517  -0.33509  -0.33499
       -0.33465  -0.33449  -0.33406  -0.33376  -0.33360  -0.33341  -0.33310  -0.33280  -0.33265
       -0.33232  -0.33218  -0.33193  -0.33158  -0.33103  -0.33091  -0.33067  -0.33016  -0.32995
       -0.32963  -0.32912  -0.32867  -0.32813  -0.32776  -0.32741  -0.32728  -0.32694  -0.32626
       -0.32599  -0.32448  -0.32379  -0.32318  -0.32117  -0.31068  -0.31004  -0.30958  -0.30901
       -0.30855  -0.30813  -0.30799  -0.30766  -0.30692  -0.30661  -0.30606  -0.30540  -0.29987
       -0.29960  -0.29953  -0.29918  -0.29882  -0.29877  -0.29829  -0.29778  -0.29755  -0.29669
       -0.29646  -0.29524  -0.29499  -0.29440  -0.28996  -0.28967  -0.28938  -0.28936  -0.28896
       -0.28872  -0.28826  -0.28818  -0.28781  -0.28765  -0.28749  -0.28735  -0.28700  -0.28649
       -0.28634  -0.28609  -0.28592  -0.28575  -0.28560  -0.28548  -0.28526  -0.28504  -0.28481
       -0.28465  -0.28436  -0.28420  -0.28396  -0.28368  -0.28358  -0.28338  -0.28321  -0.28302
       -0.28269  -0.28251  -0.28238  -0.28222  -0.28201  -0.28189  -0.28168  -0.28153  -0.28130
       -0.28109  -0.28096  -0.28078  -0.28066  -0.28050  -0.28033  -0.27998  -0.27982  -0.27956
       -0.27931  -0.27910  -0.27884  -0.27876  -0.27847  -0.27832  -0.27811  -0.27789  -0.27744
       -0.27740  -0.27701  -0.27682  -0.27666  -0.27656  -0.27630  -0.27590  -0.27550  -0.27541
       -0.27516  -0.27507  -0.27462  -0.27437  -0.27418  -0.27387  -0.27356  -0.27336  -0.27303
       -0.27289  -0.27251  -0.27227  -0.27199  -0.27161  -0.27127  -0.27080  -0.27066  -0.27040
       -0.27020  -0.26960  -0.26924  -0.26899  -0.26853  -0.26838  -0.26749  -0.26708  -0.26684
       -0.26650  -0.26631  -0.26571  -0.26531  -0.26491  -0.26444  -0.26411  -0.26382  -0.26334
       -0.26324  -0.26266  -0.26236  -0.26154  -0.26101  -0.26050  -0.26013  -0.25973  -0.25900
       -0.25857  -0.25830  -0.25793  -0.25761  -0.25698  -0.25671  -0.25641  -0.25605  -0.25598
       -0.25561  -0.25536  -0.25524  -0.25505  -0.25475  -0.25448  -0.25430  -0.25408  -0.25385
       -0.25357  -0.25330  -0.25304  -0.25277  -0.25252  -0.25237  -0.25217  -0.25183  -0.25169
       -0.25150  -0.25123  -0.25106  -0.25096  -0.25075  -0.25067  -0.25036  -0.25005  -0.24989
       -0.24963  -0.24947  -0.24912  -0.24892  -0.24875  -0.24854  -0.24834  -0.24824  -0.24773
       -0.24764  -0.24758  -0.24731  -0.24707  -0.24686  -0.24669  -0.24640  -0.24617  -0.24596
       -0.24562  -0.24539  -0.24514  -0.24487  -0.24465  -0.24445  -0.24425  -0.24407  -0.24379
       -0.24357  -0.24336  -0.24303  -0.24281  -0.24236  -0.24216  -0.24176  -0.24153  -0.24125
       -0.24097  -0.24083  -0.24050  -0.24038  -0.24005  -0.23980  -0.23949  -0.23901  -0.23893
       -0.23870  -0.23824  -0.23807  -0.23768  -0.23739  -0.23708  -0.23679  -0.23656  -0.23637
       -0.23607  -0.23580  -0.23536  -0.23518  -0.23496  -0.23482  -0.23448  -0.23421  -0.23400
       -0.23360  -0.23325  -0.23298  -0.23275  -0.23247  -0.23209  -0.23190  -0.23147  -0.23130
       -0.23092  -0.23079  -0.23030  -0.23016  -0.22981  -0.22953  -0.22944  -0.22917  -0.22877
       -0.22810  -0.22783  -0.22753  -0.22739  -0.22690  -0.22678  -0.22658  -0.22633  -0.22589
       -0.22567  -0.22543  -0.22501  -0.22446  -0.22427  -0.22395  -0.22374  -0.22308  -0.22257
       -0.22241  -0.22196  -0.22173  -0.22148  -0.22121  -0.22081  -0.22057  -0.22020  -0.21961
       -0.21956  -0.21920  -0.21864  -0.21853  -0.21817  -0.21771  -0.21747  -0.21695  -0.21681
       -0.21647  -0.21604  -0.21589  -0.21544  -0.21501  -0.21475  -0.21420  -0.21403  -0.21364
       -0.21314
        
     --------------------------------------------------------------------------------------------
     Tot. elapsed time 04h-05m-09.1s,  time spent in last iteration 02h-32m-37.1s
     --------------------------------------------------------------------------------------------

     [I/O] -------------------------------------------------------
     [I/O] RESTART written in < 00.1s             
     [I/O] In location   : ./c.wstat.restart
     [I/O] -------------------------------------------------------

                       *----------*              *----------*               *----------*
     #     Iteration = |        2 |   DFPT_dim = |     1000 |   Diago_dim = |     3000 |
                       *----------*              *----------*               *----------*
     per-process dynamical memory   235.8 Mb
  
       
     --------------------------------------------------------------------------------------------
     Sternheimer eq. solver... with threshold =   1.000000E-12           
     --------------------------------------------------------------------------------------------
     in progress... |#                   | 005% :           02m-47.3s (E)           55m-46.9s (X)
     in progress... |##                  | 010% :           05m-21.9s (E)           53m-39.0s (X)
     in progress... |###                 | 015% :           08m-09.4s (E)           54m-22.9s (X)
     in progress... |####                | 020% :           10m-44.9s (E)           53m-44.8s (X)
     in progress... |#####               | 025% :           13m-35.3s (E)           54m-21.5s (X)
     in progress... |######              | 030% :           16m-11.4s (E)           53m-58.1s (X)
     in progress... |#######             | 035% :           18m-58.6s (E)           54m-13.3s (X)
     in progress... |########            | 040% :           21m-34.4s (E)           53m-56.1s (X)
     in progress... |#########           | 045% :           24m-23.2s (E)           54m-11.7s (X)
     in progress... |##########          | 050% :           26m-55.5s (E)           53m-51.0s (X)
     in progress... |###########         | 055% :           29m-45.1s (E)           54m-05.8s (X)
     in progress... |############        | 060% :           32m-20.3s (E)           53m-53.9s (X)
     in progress... |#############       | 065% :           35m-06.7s (E)           54m-01.1s (X)
     in progress... |##############      | 070% :           37m-41.1s (E)           53m-50.1s (X)
     in progress... |###############     | 075% :           40m-28.4s (E)           53m-57.8s (X)
     in progress... |################    | 080% :           42m-59.5s (E)           53m-44.4s (X)
     in progress... |#################   | 085% :           45m-43.2s (E)           53m-47.4s (X)
     in progress... |##################  | 090% :           48m-15.2s (E)           53m-36.9s (X)
     in progress... |################### | 095% :           51m-00.1s (E)           53m-41.2s (X)
     in progress... |####################| 100% :           53m-33.4s (E)           53m-33.4s (X)
     --------------------------------------------------------------------------------------------
     p-DIAGOX done in 13.2s with a SCALAPACK grid (12x12)
     --------------------------------------------------------------------------------------------
        
       -3.29465  -3.29465  -3.29465  -3.29465  -3.29465  -3.29464  -3.29464  -3.29464  -3.17188
       -3.17188  -3.17188  -3.17179  -3.17179  -3.17179  -2.37428  -2.37428  -2.37428  -2.37422
       -2.37422  -2.37422  -2.37422  -2.37422  -2.37422  -2.37418  -2.37418  -2.37418  -2.30454
       -2.30437  -2.30437  -2.30437  -2.17159  -2.17159  -2.17159  -2.17159  -2.17158  -2.17158
       -2.17158  -2.17158  -2.17154  -2.17154  -2.17154  -2.17154  -2.17154  -2.17154  -2.17154
       -2.17154  -2.17153  -2.17153  -2.17153  -2.17153  -2.17153  -2.17153  -2.17153  -2.17153
       -1.96275  -1.92461  -1.92457  -1.92457  -1.92457  -1.92455  -1.92455  -1.88679  -1.88679
       -1.88679  -1.88677  -1.88677  -1.88677  -1.88677  -1.88677  -1.88677  -1.88675  -1.88675
       -1.88675  -1.86977  -1.86977  -1.86977  -1.86967  -1.86967  -1.86967  -1.86966  -1.86966
       -1.86966  -1.86966  -1.86966  -1.86966  -1.83434  -1.83434  -1.83434  -1.83434  -1.83434
       -1.83434  -1.83434  -1.83434  -1.82249  -1.82249  -1.82249  -1.82243  -1.82243  -1.82243
       -1.81028  -1.81028  -1.81028  -1.81028  -1.81027  -1.81027  -1.81027  -1.81027  -1.81024
       -1.81024  -1.81024  -1.81024  -1.81024  -1.81024  -1.81024  -1.81024  -1.81023  -1.81023
       -1.81023  -1.81023  -1.81023  -1.81023  -1.81023  -1.81023  -1.60541  -1.60541  -1.60541
       -1.60538  -1.19435  -1.19435  -1.19435  -1.19432  -1.13017  -1.13017  -1.13017  -1.13017
       -1.13017  -1.13017  -1.13017  -1.13017  -1.13017  -1.13017  -1.13017  -1.13017  -1.13017
       -1.13017  -1.13017  -1.13017  -1.13016  -1.13016  -1.13016  -1.13016  -1.13015  -1.13015
       -1.13015  -1.13015  -1.07575  -1.07575  -1.07575  -1.07575  -1.07575  -1.07575  -1.07575
       -1.07575  -1.07575  -1.07574  -1.07574  -1.07574  -1.06975  -1.06975  -1.06975  -1.06975
       -1.06975  -1.06975  -1.06975  -1.06975  -1.06975  -1.06973  -1.06973  -1.06973  -0.85374
       -0.85374  -0.85374  -0.85374  -0.85374  -0.85374  -0.85374  -0.85374  -0.85152  -0.85150
       -0.85150  -0.85150  -0.85149  -0.85149  -0.84336  -0.84336  -0.84336  -0.84335  -0.84335
       -0.84335  -0.79719  -0.79719  -0.79719  -0.79718  -0.79718  -0.79718  -0.77377  -0.77377
       -0.77377  -0.77377  -0.77377  -0.77377  -0.77377  -0.77377  -0.77377  -0.77377  -0.77377
       -0.77377  -0.77377  -0.77377  -0.77377  -0.77377  -0.77377  -0.77377  -0.77377  -0.77377
       -0.77377  -0.77377  -0.77377  -0.77377  -0.76371  -0.76371  -0.76371  -0.76371  -0.76371
       -0.76371  -0.76369  -0.76369  -0.76369  -0.76368  -0.76368  -0.76368  -0.75601  -0.75601
       -0.75601  -0.75601  -0.75601  -0.75601  -0.75601  -0.75601  -0.75600  -0.75600  -0.75600
       -0.75600  -0.75600  -0.75600  -0.75600  -0.75600  -0.75600  -0.75600  -0.75600  -0.75600
       -0.75600  -0.75600  -0.75600  -0.75600  -0.74612  -0.74612  -0.74612  -0.74612  -0.74612
       -0.74612  -0.74611  -0.74611  -0.74611  -0.74611  -0.74611  -0.74611  -0.69142  -0.69142
       -0.69142  -0.69142  -0.69142  -0.69142  -0.69142  -0.69142  -0.69142  -0.69141  -0.69141
       -0.69141  -0.66301  -0.66301  -0.66301  -0.66300  -0.66300  -0.66300  -0.66300  -0.66300
       -0.64878  -0.64878  -0.64878  -0.64878  -0.64878  -0.64878  -0.64878  -0.64878  -0.64878
       -0.64878  -0.64878  -0.64878  -0.64878  -0.64878  -0.64878  -0.64878  -0.64575  -0.64575
       -0.64575  -0.63382  -0.63382  -0.63382  -0.63381  -0.63381  -0.63381  -0.62895  -0.62895
       -0.62895  -0.62895  -0.62895  -0.62895  -0.62895  -0.62895  -0.62895  -0.62894  -0.62894
       -0.62894  -0.60525  -0.60525  -0.60525  -0.60525  -0.60525  -0.60525  -0.60525  -0.60525
       -0.60525  -0.60524  -0.60524  -0.60524  -0.60524  -0.60524  -0.60524  -0.60524  -0.60524
       -0.60524  -0.60524  -0.60524  -0.60524  -0.60524  -0.60524  -0.60524  -0.57841  -0.57841
       -0.57841  -0.57841  -0.57841  -0.57840  -0.57839  -0.57839  -0.55841  -0.55841  -0.55841
       -0.55841  -0.55841  -0.55841  -0.55841  -0.55841  -0.55841  -0.55841  -0.55841  -0.55841
       -0.55841  -0.55841  -0.55841  -0.55840  -0.55256  -0.55256  -0.55256  -0.55256  -0.55256
       -0.55256  -0.55256  -0.55255  -0.55255  -0.55254  -0.55254  -0.55254  -0.51980  -0.51980
       -0.51979  -0.51979  -0.51979  -0.51979  -0.51979  -0.51978  -0.51978  -0.51978  -0.51978
       -0.51977  -0.51603  -0.51603  -0.51603  -0.50875  -0.50875  -0.50875  -0.50875  -0.50875
       -0.50875  -0.50874  -0.50874  -0.50874  -0.50874  -0.50873  -0.50873  -0.50501  -0.50367
       -0.50366  -0.50366  -0.50366  -0.50366  -0.50366  -0.50365  -0.50365  -0.50365  -0.50364
       -0.50364  -0.50364  -0.50245  -0.50245  -0.50245  -0.50244  -0.50244  -0.50244  -0.50244
       -0.50244  -0.50244  -0.50244  -0.50244  -0.50243  -0.50243  -0.50243  -0.50243  -0.50243
       -0.50243  -0.50242  -0.50242  -0.50242  -0.50242  -0.50242  -0.50241  -0.50241  -0.49737
       -0.49737  -0.49737  -0.49736  -0.49736  -0.49736  -0.49736  -0.49735  -0.49735  -0.49735
       -0.49734  -0.49734  -0.48770  -0.48770  -0.48770  -0.48770  -0.48770  -0.48770  -0.48770
       -0.48770  -0.48769  -0.48769  -0.48769  -0.48769  -0.48769  -0.48769  -0.48769  -0.48768
       -0.48768  -0.48768  -0.48768  -0.48767  -0.48767  -0.48767  -0.48766  -0.48766  -0.47636
       -0.47636  -0.47636  -0.47635  -0.47635  -0.47635  -0.47635  -0.47634  -0.46284  -0.46283
       -0.46283  -0.46282  -0.46281  -0.46281  -0.43749  -0.43749  -0.43748  -0.43747  -0.40225
       -0.40224  -0.40224  -0.40224  -0.40223  -0.40223  -0.40222  -0.40221  -0.38659  -0.38657
       -0.38086  -0.38085  -0.38084  -0.38084  -0.38083  -0.38081  -0.37707  -0.37706  -0.37706
       -0.37705  -0.37705  -0.37705  -0.37704  -0.37703  -0.37703  -0.37702  -0.37701  -0.37701
       -0.37700  -0.37699  -0.37698  -0.37695  -0.37350  -0.37348  -0.37347  -0.37346  -0.37344
       -0.37343  -0.37104  -0.37102  -0.37100  -0.37100  -0.37098  -0.37097  -0.37095  -0.37094
       -0.37092  -0.37089  -0.37089  -0.37087  -0.37067  -0.37066  -0.37065  -0.37064  -0.37064
       -0.37063  -0.37062  -0.37061  -0.37060  -0.37059  -0.37059  -0.37058  -0.37056  -0.37056
       -0.37054  -0.37054  -0.37052  -0.37051  -0.37049  -0.37047  -0.37045  -0.37044  -0.37038
       -0.37037  -0.36661  -0.36661  -0.36660  -0.36659  -0.36659  -0.36658  -0.36658  -0.36657
       -0.36656  -0.36655  -0.36654  -0.36652  -0.36332  -0.36330  -0.36329  -0.36327  -0.36326
       -0.36324  -0.36324  -0.36322  -0.36318  -0.36317  -0.36315  -0.36313  -0.36081  -0.36079
       -0.36078  -0.36076  -0.36075  -0.36073  -0.36070  -0.36070  -0.35820  -0.35818  -0.35817
       -0.35815  -0.35813  -0.35809  -0.34941  -0.34940  -0.34939  -0.34938  -0.34937  -0.34936
       -0.34935  -0.34935  -0.34933  -0.34931  -0.34929  -0.34928  -0.34307  -0.34306  -0.34305
       -0.34304  -0.34303  -0.34302  -0.34302  -0.34300  -0.34300  -0.34298  -0.34298  -0.34297
       -0.34296  -0.34295  -0.34293  -0.34292  -0.34290  -0.34290  -0.34286  -0.34285  -0.34284
       -0.34281  -0.34280  -0.34277  -0.34246  -0.34243  -0.34242  -0.34241  -0.34239  -0.34237
       -0.34227  -0.34226  -0.34226  -0.34225  -0.34224  -0.34223  -0.34222  -0.34221  -0.34220
       -0.34219  -0.34219  -0.34218  -0.34216  -0.34215  -0.34215  -0.34213  -0.34212  -0.34210
       -0.34209  -0.34207  -0.34205  -0.34203  -0.34200  -0.34199  -0.33359  -0.33356  -0.33352
       -0.33346  -0.33156  -0.33155  -0.33154  -0.33153  -0.31632  -0.31630  -0.31628  -0.31625
       -0.31623  -0.31622  -0.31621  -0.31618  -0.31615  -0.31611  -0.31609  -0.31602  -0.30525
       -0.30518  -0.30517  -0.30508  -0.30504  -0.30497  -0.30366  -0.30364  -0.30364  -0.30361
       -0.30360  -0.30358  -0.30356  -0.30350  -0.29510  -0.29508  -0.29506  -0.29502  -0.29502
       -0.29498  -0.29497  -0.29496  -0.29494  -0.29490  -0.29487  -0.29483  -0.29481  -0.29479
       -0.29477  -0.29475  -0.29469  -0.29466  -0.29462  -0.29459  -0.29455  -0.29448  -0.29442
       -0.29424  -0.28991  -0.28985  -0.28981  -0.28978  -0.28974  -0.28972  -0.28967  -0.28966
       -0.28962  -0.28960  -0.28958  -0.28956  -0.28953  -0.28951  -0.28950  -0.28948  -0.28945
       -0.28944  -0.28942  -0.28937  -0.28937  -0.28934  -0.28933  -0.28926  -0.28923  -0.28920
       -0.28914  -0.28912  -0.28908  -0.28905  -0.28899  -0.28892  -0.28886  -0.28877  -0.28863
       -0.28854  -0.28838  -0.28833  -0.28829  -0.28812  -0.28806  -0.28802  -0.28798  -0.28794
       -0.28783  -0.28779  -0.28768  -0.28566  -0.28560  -0.28555  -0.28552  -0.28547  -0.28545
       -0.28541  -0.28535  -0.28531  -0.28523  -0.28518  -0.28511  -0.28461  -0.28457  -0.28451
       -0.28448  -0.28445  -0.28438  -0.28436  -0.28424  -0.28422  -0.28415  -0.28411  -0.28402
       -0.28144  -0.28134  -0.28131  -0.28123  -0.28115  -0.28107  -0.28092  -0.28086  -0.28077
       -0.28067  -0.28064  -0.28055  -0.28051  -0.28042  -0.28035  -0.28026  -0.28006  -0.27991
       -0.27362  -0.27352  -0.27340  -0.27334  -0.27330  -0.27318  -0.27306  -0.27291  -0.27283
       -0.27274  -0.27267  -0.27257  -0.27248  -0.27240  -0.27233  -0.27193  -0.26641  -0.26612
       -0.26602  -0.26574  -0.26568  -0.26554  -0.26546  -0.26539  -0.26535  -0.26523  -0.26513
       -0.26501  -0.26499  -0.26481  -0.26479  -0.26188  -0.26185  -0.26176  -0.26171  -0.26170
       -0.26163  -0.26159  -0.26154  -0.26149  -0.26142  -0.26136  -0.26130  -0.26126  -0.26122
       -0.26116  -0.26110  -0.26105  -0.26100  -0.26096  -0.26093  -0.26089  -0.26083  -0.26079
       -0.26076  -0.26073  -0.26066  -0.26059  -0.26052  -0.26048  -0.26042  -0.26036  -0.26031
       -0.26023  -0.26018  -0.25994  -0.25981  -0.25968  -0.25956  -0.25947  -0.25936  -0.25931
       -0.25924  -0.25911  -0.25906  -0.25896  -0.25888  -0.25879  -0.25857  -0.25843  -0.25839
       -0.25816  -0.25807  -0.25793  -0.25777  -0.25571  -0.25563  -0.25557  -0.25550  -0.25546
       -0.25541  -0.25537  -0.25528  -0.25523  -0.25515  -0.25507  -0.25504  -0.25491  -0.25489
       -0.25480  -0.25461  -0.25411  -0.25404  -0.25396  -0.25387  -0.25378  -0.25373  -0.25368
       -0.25359  -0.25352  -0.25342  -0.25334  -0.25319  -0.25308  -0.25300  -0.25286  -0.25274
       -0.25265  -0.25248  -0.25239  -0.25221  -0.25203  -0.25188  -0.25175  -0.25141  -0.25081
       -0.25066  -0.25057  -0.25053  -0.25050  -0.25046  -0.25036  -0.25029  -0.25025  -0.25016
       -0.25013  -0.25005  -0.24997  -0.24996  -0.24979  -0.24970  -0.24962  -0.24954  -0.24948
       -0.24933  -0.24929  -0.24920  -0.24911  -0.24900  -0.24868  -0.24856  -0.24843  -0.24825
       -0.24801  -0.24794  -0.24640  -0.24604  -0.24586  -0.24565  -0.24536  -0.24499  -0.24246
       -0.24210
        
     --------------------------------------------------------------------------------------------
     Tot. elapsed time 06h-33m-50.9s,  time spent in last iteration 02h-28m-20.3s
     --------------------------------------------------------------------------------------------

     [I/O] -------------------------------------------------------
     [I/O] RESTART written in < 00.1s             
     [I/O] In location   : ./c.wstat.restart
     [I/O] -------------------------------------------------------

                       *----------*              *----------*               *----------*
     #     Iteration = |        3 |   DFPT_dim = |      666 |   Diago_dim = |     3666 |
                       *----------*              *----------*               *----------*
     per-process dynamical memory   241.9 Mb
  
       
     --------------------------------------------------------------------------------------------
     Sternheimer eq. solver... with threshold =   1.000000E-12           
     --------------------------------------------------------------------------------------------
     in progress... |#                   | 005% :           01m-54.9s (E)           38m-19.7s (X)
     in progress... |##                  | 010% :           03m-37.7s (E)           36m-17.4s (X)
     in progress... |###                 | 015% :           05m-33.3s (E)           37m-02.0s (X)
     in progress... |####                | 020% :           07m-17.6s (E)           36m-28.4s (X)
     in progress... |#####               | 025% :           09m-02.0s (E)           36m-08.0s (X)
     in progress... |######              | 030% :           10m-56.2s (E)           36m-27.6s (X)
     in progress... |#######             | 035% :           12m-38.0s (E)           36m-05.9s (X)
     in progress... |########            | 040% :           14m-18.6s (E)           35m-46.5s (X)
     in progress... |#########           | 045% :           16m-11.8s (E)           35m-59.5s (X)
     in progress... |##########          | 050% :           17m-53.1s (E)           35m-46.2s (X)
     in progress... |###########         | 055% :           19m-34.1s (E)           35m-34.7s (X)
     in progress... |############        | 060% :           21m-26.8s (E)           35m-44.7s (X)
     in progress... |#############       | 065% :           23m-07.2s (E)           35m-34.2s (X)
     in progress... |##############      | 070% :           24m-47.2s (E)           35m-24.6s (X)
     in progress... |###############     | 075% :           26m-40.8s (E)           35m-34.5s (X)
     in progress... |################    | 080% :           28m-22.7s (E)           35m-28.4s (X)
     in progress... |#################   | 085% :           30m-04.7s (E)           35m-23.2s (X)
     in progress... |##################  | 090% :           32m-00.1s (E)           35m-33.4s (X)
     in progress... |################### | 095% :           33m-40.0s (E)           35m-26.3s (X)
     in progress... |####################| 100% :           35m-20.6s (E)           35m-20.6s (X)
     --------------------------------------------------------------------------------------------
     p-DIAGOX done in 21.6s with a SCALAPACK grid (12x12)
     --------------------------------------------------------------------------------------------
        
       -3.29465  -3.29465  -3.29465  -3.29465  -3.29465  -3.29464  -3.29464  -3.29464  -3.17188
       -3.17188  -3.17188  -3.17179  -3.17179  -3.17179  -2.37428  -2.37428  -2.37428  -2.37422
       -2.37422  -2.37422  -2.37422  -2.37422  -2.37422  -2.37418  -2.37418  -2.37418  -2.30454
       -2.30437  -2.30437  -2.30437  -2.17159  -2.17159  -2.17159  -2.17159  -2.17158  -2.17158
       -2.17158  -2.17158  -2.17154  -2.17154  -2.17154  -2.17154  -2.17154  -2.17154  -2.17154
       -2.17154  -2.17153  -2.17153  -2.17153  -2.17153  -2.17153  -2.17153  -2.17153  -2.17153
       -1.96275  -1.92461  -1.92457  -1.92457  -1.92457  -1.92455  -1.92455  -1.88679  -1.88679
       -1.88679  -1.88677  -1.88677  -1.88677  -1.88677  -1.88677  -1.88677  -1.88675  -1.88675
       -1.88675  -1.86977  -1.86977  -1.86977  -1.86967  -1.86967  -1.86967  -1.86966  -1.86966
       -1.86966  -1.86966  -1.86966  -1.86966  -1.83434  -1.83434  -1.83434  -1.83434  -1.83434
       -1.83434  -1.83434  -1.83434  -1.82249  -1.82249  -1.82249  -1.82243  -1.82243  -1.82243
       -1.81028  -1.81028  -1.81028  -1.81028  -1.81027  -1.81027  -1.81027  -1.81027  -1.81024
       -1.81024  -1.81024  -1.81024  -1.81024  -1.81024  -1.81024  -1.81024  -1.81023  -1.81023
       -1.81023  -1.81023  -1.81023  -1.81023  -1.81023  -1.81023  -1.60541  -1.60541  -1.60541
       -1.60538  -1.19436  -1.19436  -1.19436  -1.19432  -1.13017  -1.13017  -1.13017  -1.13017
       -1.13017  -1.13017  -1.13017  -1.13017  -1.13017  -1.13017  -1.13017  -1.13017  -1.13017
       -1.13017  -1.13017  -1.13017  -1.13016  -1.13016  -1.13016  -1.13016  -1.13015  -1.13015
       -1.13015  -1.13015  -1.07575  -1.07575  -1.07575  -1.07575  -1.07575  -1.07575  -1.07575
       -1.07575  -1.07575  -1.07574  -1.07574  -1.07574  -1.06975  -1.06975  -1.06975  -1.06975
       -1.06975  -1.06975  -1.06975  -1.06975  -1.06975  -1.06973  -1.06973  -1.06973  -0.85375
       -0.85375  -0.85375  -0.85375  -0.85374  -0.85374  -0.85374  -0.85374  -0.85152  -0.85150
       -0.85150  -0.85150  -0.85149  -0.85149  -0.84336  -0.84336  -0.84336  -0.84335  -0.84335
       -0.84335  -0.79719  -0.79719  -0.79719  -0.79718  -0.79718  -0.79718  -0.77377  -0.77377
       -0.77377  -0.77377  -0.77377  -0.77377  -0.77377  -0.77377  -0.77377  -0.77377  -0.77377
       -0.77377  -0.77377  -0.77377  -0.77377  -0.77377  -0.77377  -0.77377  -0.77377  -0.77377
       -0.77377  -0.77377  -0.77377  -0.77377  -0.76371  -0.76371  -0.76371  -0.76371  -0.76371
       -0.76371  -0.76370  -0.76370  -0.76370  -0.76368  -0.76368  -0.76368  -0.75601  -0.75601
       -0.75601  -0.75601  -0.75601  -0.75601  -0.75601  -0.75601  -0.75600  -0.75600  -0.75600
       -0.75600  -0.75600  -0.75600  -0.75600  -0.75600  -0.75600  -0.75600  -0.75600  -0.75600
       -0.75600  -0.75600  -0.75600  -0.75600  -0.74612  -0.74612  -0.74612  -0.74612  -0.74612
       -0.74612  -0.74611  -0.74611  -0.74611  -0.74611  -0.74611  -0.74611  -0.69142  -0.69142
       -0.69142  -0.69142  -0.69142  -0.69142  -0.69142  -0.69142  -0.69142  -0.69141  -0.69141
       -0.69141  -0.66301  -0.66301  -0.66301  -0.66301  -0.66301  -0.66300  -0.66300  -0.66300
       -0.64878  -0.64878  -0.64878  -0.64878  -0.64878  -0.64878  -0.64878  -0.64878  -0.64878
       -0.64878  -0.64878  -0.64878  -0.64878  -0.64878  -0.64878  -0.64878  -0.64575  -0.64575
       -0.64575  -0.63382  -0.63382  -0.63382  -0.63381  -0.63381  -0.63381  -0.62896  -0.62896
       -0.62896  -0.62895  -0.62895  -0.62895  -0.62895  -0.62895  -0.62895  -0.62895  -0.62895
       -0.62895  -0.60525  -0.60525  -0.60525  -0.60525  -0.60525  -0.60525  -0.60525  -0.60525
       -0.60525  -0.60525  -0.60525  -0.60525  -0.60525  -0.60525  -0.60525  -0.60525  -0.60525
       -0.60525  -0.60525  -0.60525  -0.60525  -0.60525  -0.60525  -0.60525  -0.57842  -0.57842
       -0.57842  -0.57842  -0.57841  -0.57841  -0.57840  -0.57840  -0.55842  -0.55842  -0.55842
       -0.55842  -0.55842  -0.55842  -0.55842  -0.55842  -0.55842  -0.55842  -0.55842  -0.55842
       -0.55842  -0.55842  -0.55842  -0.55842  -0.55257  -0.55257  -0.55257  -0.55257  -0.55257
       -0.55257  -0.55257  -0.55257  -0.55257  -0.55256  -0.55256  -0.55256  -0.51981  -0.51981
       -0.51981  -0.51981  -0.51981  -0.51981  -0.51981  -0.51981  -0.51981  -0.51980  -0.51980
       -0.51980  -0.51604  -0.51604  -0.51604  -0.50877  -0.50877  -0.50877  -0.50877  -0.50877
       -0.50877  -0.50876  -0.50876  -0.50876  -0.50876  -0.50876  -0.50876  -0.50502  -0.50368
       -0.50368  -0.50368  -0.50368  -0.50368  -0.50368  -0.50368  -0.50368  -0.50368  -0.50368
       -0.50368  -0.50368  -0.50246  -0.50246  -0.50246  -0.50246  -0.50246  -0.50246  -0.50246
       -0.50246  -0.50246  -0.50246  -0.50246  -0.50246  -0.50246  -0.50246  -0.50246  -0.50246
       -0.50246  -0.50246  -0.50246  -0.50246  -0.50246  -0.50246  -0.50246  -0.50246  -0.49739
       -0.49739  -0.49739  -0.49739  -0.49739  -0.49739  -0.49738  -0.49738  -0.49738  -0.49738
       -0.49738  -0.49738  -0.48772  -0.48772  -0.48772  -0.48772  -0.48772  -0.48772  -0.48772
       -0.48772  -0.48772  -0.48772  -0.48772  -0.48772  -0.48772  -0.48772  -0.48772  -0.48772
       -0.48772  -0.48772  -0.48772  -0.48772  -0.48772  -0.48772  -0.48772  -0.48772  -0.47638
       -0.47638  -0.47638  -0.47638  -0.47638  -0.47638  -0.47638  -0.47638  -0.46288  -0.46288
       -0.46288  -0.46288  -0.46288  -0.46288  -0.43754  -0.43753  -0.43753  -0.43753  -0.40230
       -0.40230  -0.40230  -0.40230  -0.40230  -0.40230  -0.40230  -0.40230  -0.38667  -0.38667
       -0.38092  -0.38092  -0.38092  -0.38091  -0.38091  -0.38091  -0.37712  -0.37712  -0.37712
       -0.37712  -0.37712  -0.37712  -0.37712  -0.37712  -0.37712  -0.37712  -0.37712  -0.37712
       -0.37712  -0.37712  -0.37712  -0.37712  -0.37359  -0.37359  -0.37359  -0.37359  -0.37359
       -0.37359  -0.37115  -0.37115  -0.37115  -0.37115  -0.37115  -0.37115  -0.37115  -0.37115
       -0.37115  -0.37115  -0.37115  -0.37115  -0.37075  -0.37075  -0.37075  -0.37075  -0.37075
       -0.37075  -0.37075  -0.37075  -0.37075  -0.37075  -0.37075  -0.37075  -0.37075  -0.37075
       -0.37075  -0.37075  -0.37075  -0.37075  -0.37075  -0.37075  -0.37075  -0.37075  -0.37075
       -0.37075  -0.36667  -0.36667  -0.36667  -0.36667  -0.36667  -0.36667  -0.36667  -0.36667
       -0.36667  -0.36666  -0.36666  -0.36666  -0.36344  -0.36344  -0.36344  -0.36344  -0.36344
       -0.36344  -0.36344  -0.36344  -0.36344  -0.36344  -0.36344  -0.36344  -0.36094  -0.36094
       -0.36094  -0.36094  -0.36094  -0.36093  -0.36093  -0.36093  -0.35831  -0.35831  -0.35831
       -0.35831  -0.35831  -0.35831  -0.34951  -0.34951  -0.34951  -0.34951  -0.34951  -0.34951
       -0.34951  -0.34951  -0.34951  -0.34951  -0.34951  -0.34951  -0.34317  -0.34317  -0.34317
       -0.34317  -0.34317  -0.34317  -0.34317  -0.34317  -0.34317  -0.34317  -0.34317  -0.34317
       -0.34317  -0.34317  -0.34317  -0.34317  -0.34316  -0.34316  -0.34316  -0.34316  -0.34316
       -0.34316  -0.34316  -0.34316  -0.34262  -0.34262  -0.34262  -0.34262  -0.34262  -0.34261
       -0.34237  -0.34237  -0.34237  -0.34237  -0.34237  -0.34237  -0.34237  -0.34237  -0.34237
       -0.34237  -0.34237  -0.34237  -0.34237  -0.34237  -0.34237  -0.34237  -0.34237  -0.34237
       -0.34237  -0.34237  -0.34237  -0.34237  -0.34237  -0.34236  -0.33378  -0.33378  -0.33378
       -0.33378  -0.33164  -0.33164  -0.33164  -0.33164  -0.31653  -0.31653  -0.31653  -0.31653
       -0.31653  -0.31653  -0.31653  -0.31653  -0.31653  -0.31653  -0.31653  -0.31652  -0.30559
       -0.30559  -0.30559  -0.30559  -0.30559  -0.30559  -0.30383  -0.30383  -0.30383  -0.30383
       -0.30383  -0.30383  -0.30383  -0.30383  -0.29536  -0.29536  -0.29536  -0.29536  -0.29536
       -0.29536  -0.29536  -0.29536  -0.29536  -0.29536  -0.29536  -0.29536  -0.29536  -0.29536
       -0.29536  -0.29536  -0.29536  -0.29536  -0.29536  -0.29536  -0.29535  -0.29535  -0.29535
       -0.29535  -0.29054  -0.29054  -0.29054  -0.29053  -0.29053  -0.29053  -0.29053  -0.29053
       -0.29053  -0.29053  -0.29052  -0.29052  -0.28989  -0.28989  -0.28989  -0.28989  -0.28989
       -0.28989  -0.28989  -0.28989  -0.28989  -0.28989  -0.28989  -0.28989  -0.28989  -0.28989
       -0.28989  -0.28989  -0.28989  -0.28989  -0.28988  -0.28988  -0.28988  -0.28988  -0.28988
       -0.28988  -0.28866  -0.28866  -0.28866  -0.28859  -0.28859  -0.28859  -0.28859  -0.28859
       -0.28859  -0.28859  -0.28859  -0.28604  -0.28604  -0.28603  -0.28603  -0.28603  -0.28603
       -0.28603  -0.28603  -0.28603  -0.28603  -0.28603  -0.28602  -0.28498  -0.28498  -0.28498
       -0.28498  -0.28498  -0.28498  -0.28498  -0.28498  -0.28498  -0.28498  -0.28497  -0.28497
       -0.28188  -0.28187  -0.28187  -0.28187  -0.28187  -0.28187  -0.28164  -0.28164  -0.28164
       -0.28164  -0.28164  -0.28164  -0.28164  -0.28163  -0.28163  -0.28163  -0.28163  -0.28163
       -0.27458  -0.27458  -0.27458  -0.27458  -0.27458  -0.27458  -0.27458  -0.27457  -0.27457
       -0.27457  -0.27457  -0.27457  -0.27457  -0.27457  -0.27456  -0.27456  -0.26841  -0.26840
       -0.26840  -0.26658  -0.26658  -0.26658  -0.26658  -0.26658  -0.26658  -0.26658  -0.26657
       -0.26657  -0.26657  -0.26657  -0.26656  -0.26248  -0.26248  -0.26248  -0.26248  -0.26248
       -0.26248  -0.26247  -0.26247  -0.26247  -0.26247  -0.26247  -0.26246  -0.26189  -0.26189
       -0.26189  -0.26188  -0.26188  -0.26188  -0.26188  -0.26188  -0.26188  -0.26188  -0.26188
       -0.26188  -0.26188  -0.26188  -0.26187  -0.26187  -0.26187  -0.26187  -0.26187  -0.26187
       -0.26187  -0.26186  -0.26186  -0.26185  -0.26059  -0.26059  -0.26059  -0.26059  -0.26059
       -0.26058  -0.26058  -0.26058  -0.26058  -0.26058  -0.26057  -0.26057  -0.25926  -0.25926
       -0.25925  -0.25925  -0.25925  -0.25924  -0.25634  -0.25634  -0.25634  -0.25634  -0.25634
       -0.25633  -0.25633  -0.25633  -0.25633  -0.25633  -0.25633  -0.25633  -0.25632  -0.25632
       -0.25632  -0.25631  -0.25528  -0.25528  -0.25528  -0.25528  -0.25527  -0.25527  -0.25527
       -0.25527  -0.25527  -0.25527  -0.25527  -0.25526  -0.25526  -0.25526  -0.25526  -0.25526
       -0.25525  -0.25525  -0.25524  -0.25524  -0.25524  -0.25523  -0.25523  -0.25522  -0.25245
       -0.25245  -0.25244  -0.25244  -0.25243  -0.25243  -0.25138  -0.25138  -0.25138  -0.25138
       -0.25137  -0.25137  -0.25137  -0.25137  -0.25137  -0.25137  -0.25137  -0.25137  -0.25137
       -0.25136  -0.25136  -0.25136  -0.25136  -0.25136  -0.25135  -0.25135  -0.25135  -0.25135
       -0.25134  -0.25134  -0.24811  -0.24810  -0.24810  -0.24809  -0.24809  -0.24808  -0.24514
       -0.24514
        
     --------------------------------------------------------------------------------------------
     Tot. elapsed time 08h-16m-45.3s,  time spent in last iteration 01h-42m-25.5s
     --------------------------------------------------------------------------------------------

     [I/O] -------------------------------------------------------
     [I/O] RESTART written in < 00.1s             
     [I/O] In location   : ./c.wstat.restart
     [I/O] -------------------------------------------------------

                       *----------*              *----------*               *----------*
     #     Iteration = |        4 |   DFPT_dim = |      145 |   Diago_dim = |     3811 |
                       *----------*              *----------*               *----------*
     per-process dynamical memory   243.1 Mb
  
       
     --------------------------------------------------------------------------------------------
     Sternheimer eq. solver... with threshold =   1.000000E-12           
     --------------------------------------------------------------------------------------------
     in progress... |#                   | 005% :               25.2s (E)           08m-25.4s (X)
     in progress... |##                  | 010% :               50.8s (E)           08m-28.0s (X)
     in progress... |###                 | 015% :           01m-16.5s (E)           08m-30.0s (X)
     in progress... |####                | 020% :           01m-42.1s (E)           08m-30.9s (X)
     in progress... |#####               | 025% :           01m-54.9s (E)           07m-39.9s (X)
     in progress... |######              | 030% :           02m-20.5s (E)           07m-48.5s (X)
     in progress... |#######             | 035% :           02m-46.2s (E)           07m-55.1s (X)
     in progress... |########            | 040% :           03m-11.7s (E)           07m-59.4s (X)
     in progress... |#########           | 045% :           03m-37.1s (E)           08m-02.5s (X)
     in progress... |##########          | 050% :           03m-49.7s (E)           07m-39.5s (X)
     in progress... |###########         | 055% :           04m-15.0s (E)           07m-43.7s (X)
     in progress... |############        | 060% :           04m-40.4s (E)           07m-47.4s (X)
     in progress... |#############       | 065% :           05m-05.8s (E)           07m-50.5s (X)
     in progress... |##############      | 070% :           05m-31.4s (E)           07m-53.4s (X)
     in progress... |###############     | 075% :           05m-44.1s (E)           07m-38.8s (X)
     in progress... |################    | 080% :           06m-09.5s (E)           07m-41.9s (X)
     in progress... |#################   | 085% :           06m-35.0s (E)           07m-44.7s (X)
     in progress... |##################  | 090% :           07m-00.0s (E)           07m-46.7s (X)
     in progress... |################### | 095% :           07m-25.0s (E)           07m-48.4s (X)
     in progress... |####################| 100% :           07m-37.5s (E)           07m-37.5s (X)
     --------------------------------------------------------------------------------------------
     p-DIAGOX done in 24.0s with a SCALAPACK grid (12x12)
     --------------------------------------------------------------------------------------------
        
       -3.29465  -3.29465  -3.29465  -3.29465  -3.29465  -3.29464  -3.29464  -3.29464  -3.17188
       -3.17188  -3.17188  -3.17179  -3.17179  -3.17179  -2.37428  -2.37428  -2.37428  -2.37422
       -2.37422  -2.37422  -2.37422  -2.37422  -2.37422  -2.37418  -2.37418  -2.37418  -2.30454
       -2.30437  -2.30437  -2.30437  -2.17159  -2.17159  -2.17159  -2.17159  -2.17158  -2.17158
       -2.17158  -2.17158  -2.17154  -2.17154  -2.17154  -2.17154  -2.17154  -2.17154  -2.17154
       -2.17154  -2.17153  -2.17153  -2.17153  -2.17153  -2.17153  -2.17153  -2.17153  -2.17153
       -1.96275  -1.92461  -1.92457  -1.92457  -1.92457  -1.92455  -1.92455  -1.88679  -1.88679
       -1.88679  -1.88677  -1.88677  -1.88677  -1.88677  -1.88677  -1.88677  -1.88675  -1.88675
       -1.88675  -1.86977  -1.86977  -1.86977  -1.86967  -1.86967  -1.86967  -1.86966  -1.86966
       -1.86966  -1.86966  -1.86966  -1.86966  -1.83434  -1.83434  -1.83434  -1.83434  -1.83434
       -1.83434  -1.83434  -1.83434  -1.82249  -1.82249  -1.82249  -1.82243  -1.82243  -1.82243
       -1.81028  -1.81028  -1.81028  -1.81028  -1.81027  -1.81027  -1.81027  -1.81027  -1.81024
       -1.81024  -1.81024  -1.81024  -1.81024  -1.81024  -1.81024  -1.81024  -1.81023  -1.81023
       -1.81023  -1.81023  -1.81023  -1.81023  -1.81023  -1.81023  -1.60541  -1.60541  -1.60541
       -1.60538  -1.19436  -1.19436  -1.19436  -1.19432  -1.13017  -1.13017  -1.13017  -1.13017
       -1.13017  -1.13017  -1.13017  -1.13017  -1.13017  -1.13017  -1.13017  -1.13017  -1.13017
       -1.13017  -1.13017  -1.13017  -1.13016  -1.13016  -1.13016  -1.13016  -1.13015  -1.13015
       -1.13015  -1.13015  -1.07575  -1.07575  -1.07575  -1.07575  -1.07575  -1.07575  -1.07575
       -1.07575  -1.07575  -1.07574  -1.07574  -1.07574  -1.06975  -1.06975  -1.06975  -1.06975
       -1.06975  -1.06975  -1.06975  -1.06975  -1.06975  -1.06973  -1.06973  -1.06973  -0.85375
       -0.85375  -0.85375  -0.85375  -0.85374  -0.85374  -0.85374  -0.85374  -0.85152  -0.85150
       -0.85150  -0.85150  -0.85149  -0.85149  -0.84336  -0.84336  -0.84336  -0.84335  -0.84335
       -0.84335  -0.79719  -0.79719  -0.79719  -0.79718  -0.79718  -0.79718  -0.77377  -0.77377
       -0.77377  -0.77377  -0.77377  -0.77377  -0.77377  -0.77377  -0.77377  -0.77377  -0.77377
       -0.77377  -0.77377  -0.77377  -0.77377  -0.77377  -0.77377  -0.77377  -0.77377  -0.77377
       -0.77377  -0.77377  -0.77377  -0.77377  -0.76371  -0.76371  -0.76371  -0.76371  -0.76371
       -0.76371  -0.76370  -0.76370  -0.76370  -0.76368  -0.76368  -0.76368  -0.75601  -0.75601
       -0.75601  -0.75601  -0.75601  -0.75601  -0.75601  -0.75601  -0.75600  -0.75600  -0.75600
       -0.75600  -0.75600  -0.75600  -0.75600  -0.75600  -0.75600  -0.75600  -0.75600  -0.75600
       -0.75600  -0.75600  -0.75600  -0.75600  -0.74612  -0.74612  -0.74612  -0.74612  -0.74612
       -0.74612  -0.74611  -0.74611  -0.74611  -0.74611  -0.74611  -0.74611  -0.69142  -0.69142
       -0.69142  -0.69142  -0.69142  -0.69142  -0.69142  -0.69142  -0.69142  -0.69141  -0.69141
       -0.69141  -0.66301  -0.66301  -0.66301  -0.66301  -0.66301  -0.66300  -0.66300  -0.66300
       -0.64878  -0.64878  -0.64878  -0.64878  -0.64878  -0.64878  -0.64878  -0.64878  -0.64878
       -0.64878  -0.64878  -0.64878  -0.64878  -0.64878  -0.64878  -0.64878  -0.64575  -0.64575
       -0.64575  -0.63382  -0.63382  -0.63382  -0.63381  -0.63381  -0.63381  -0.62896  -0.62896
       -0.62896  -0.62895  -0.62895  -0.62895  -0.62895  -0.62895  -0.62895  -0.62895  -0.62895
       -0.62895  -0.60525  -0.60525  -0.60525  -0.60525  -0.60525  -0.60525  -0.60525  -0.60525
       -0.60525  -0.60525  -0.60525  -0.60525  -0.60525  -0.60525  -0.60525  -0.60525  -0.60525
       -0.60525  -0.60525  -0.60525  -0.60525  -0.60525  -0.60525  -0.60525  -0.57842  -0.57842
       -0.57842  -0.57842  -0.57842  -0.57842  -0.57840  -0.57840  -0.55842  -0.55842  -0.55842
       -0.55842  -0.55842  -0.55842  -0.55842  -0.55842  -0.55842  -0.55842  -0.55842  -0.55842
       -0.55842  -0.55842  -0.55842  -0.55842  -0.55257  -0.55257  -0.55257  -0.55257  -0.55257
       -0.55257  -0.55257  -0.55257  -0.55257  -0.55256  -0.55256  -0.55256  -0.51981  -0.51981
       -0.51981  -0.51981  -0.51981  -0.51981  -0.51981  -0.51981  -0.51981  -0.51980  -0.51980
       -0.51980  -0.51604  -0.51604  -0.51604  -0.50877  -0.50877  -0.50877  -0.50877  -0.50877
       -0.50877  -0.50876  -0.50876  -0.50876  -0.50876  -0.50876  -0.50876  -0.50502  -0.50368
       -0.50368  -0.50368  -0.50368  -0.50368  -0.50368  -0.50368  -0.50368  -0.50368  -0.50368
       -0.50368  -0.50368  -0.50246  -0.50246  -0.50246  -0.50246  -0.50246  -0.50246  -0.50246
       -0.50246  -0.50246  -0.50246  -0.50246  -0.50246  -0.50246  -0.50246  -0.50246  -0.50246
       -0.50246  -0.50246  -0.50246  -0.50246  -0.50246  -0.50246  -0.50246  -0.50246  -0.49739
       -0.49739  -0.49739  -0.49739  -0.49739  -0.49739  -0.49738  -0.49738  -0.49738  -0.49738
       -0.49738  -0.49738  -0.48772  -0.48772  -0.48772  -0.48772  -0.48772  -0.48772  -0.48772
       -0.48772  -0.48772  -0.48772  -0.48772  -0.48772  -0.48772  -0.48772  -0.48772  -0.48772
       -0.48772  -0.48772  -0.48772  -0.48772  -0.48772  -0.48772  -0.48772  -0.48772  -0.47638
       -0.47638  -0.47638  -0.47638  -0.47638  -0.47638  -0.47638  -0.47638  -0.46288  -0.46288
       -0.46288  -0.46288  -0.46288  -0.46288  -0.43754  -0.43753  -0.43753  -0.43753  -0.40230
       -0.40230  -0.40230  -0.40230  -0.40230  -0.40230  -0.40230  -0.40230  -0.38667  -0.38667
       -0.38092  -0.38092  -0.38092  -0.38091  -0.38091  -0.38091  -0.37712  -0.37712  -0.37712
       -0.37712  -0.37712  -0.37712  -0.37712  -0.37712  -0.37712  -0.37712  -0.37712  -0.37712
       -0.37712  -0.37712  -0.37712  -0.37712  -0.37359  -0.37359  -0.37359  -0.37359  -0.37359
       -0.37359  -0.37115  -0.37115  -0.37115  -0.37115  -0.37115  -0.37115  -0.37115  -0.37115
       -0.37115  -0.37115  -0.37115  -0.37115  -0.37075  -0.37075  -0.37075  -0.37075  -0.37075
       -0.37075  -0.37075  -0.37075  -0.37075  -0.37075  -0.37075  -0.37075  -0.37075  -0.37075
       -0.37075  -0.37075  -0.37075  -0.37075  -0.37075  -0.37075  -0.37075  -0.37075  -0.37075
       -0.37075  -0.36667  -0.36667  -0.36667  -0.36667  -0.36667  -0.36667  -0.36667  -0.36667
       -0.36667  -0.36666  -0.36666  -0.36666  -0.36344  -0.36344  -0.36344  -0.36344  -0.36344
       -0.36344  -0.36344  -0.36344  -0.36344  -0.36344  -0.36344  -0.36344  -0.36094  -0.36094
       -0.36094  -0.36094  -0.36094  -0.36093  -0.36093  -0.36093  -0.35831  -0.35831  -0.35831
       -0.35831  -0.35831  -0.35831  -0.34951  -0.34951  -0.34951  -0.34951  -0.34951  -0.34951
       -0.34951  -0.34951  -0.34951  -0.34951  -0.34951  -0.34951  -0.34317  -0.34317  -0.34317
       -0.34317  -0.34317  -0.34317  -0.34317  -0.34317  -0.34317  -0.34317  -0.34317  -0.34317
       -0.34317  -0.34317  -0.34317  -0.34317  -0.34316  -0.34316  -0.34316  -0.34316  -0.34316
       -0.34316  -0.34316  -0.34316  -0.34263  -0.34263  -0.34262  -0.34262  -0.34262  -0.34261
       -0.34237  -0.34237  -0.34237  -0.34237  -0.34237  -0.34237  -0.34237  -0.34237  -0.34237
       -0.34237  -0.34237  -0.34237  -0.34237  -0.34237  -0.34237  -0.34237  -0.34237  -0.34237
       -0.34237  -0.34237  -0.34237  -0.34237  -0.34237  -0.34237  -0.33378  -0.33378  -0.33378
       -0.33378  -0.33164  -0.33164  -0.33164  -0.33164  -0.31653  -0.31653  -0.31653  -0.31653
       -0.31653  -0.31653  -0.31653  -0.31653  -0.31653  -0.31653  -0.31653  -0.31653  -0.30559
       -0.30559  -0.30559  -0.30559  -0.30559  -0.30559  -0.30383  -0.30383  -0.30383  -0.30383
       -0.30383  -0.30383  -0.30383  -0.30383  -0.29536  -0.29536  -0.29536  -0.29536  -0.29536
       -0.29536  -0.29536  -0.29536  -0.29536  -0.29536  -0.29536  -0.29536  -0.29536  -0.29536
       -0.29536  -0.29536  -0.29536  -0.29536  -0.29536  -0.29536  -0.29536  -0.29536  -0.29536
       -0.29536  -0.29054  -0.29054  -0.29054  -0.29054  -0.29054  -0.29054  -0.29054  -0.29054
       -0.29054  -0.29054  -0.29054  -0.29054  -0.28989  -0.28989  -0.28989  -0.28989  -0.28989
       -0.28989  -0.28989  -0.28989  -0.28989  -0.28989  -0.28989  -0.28989  -0.28989  -0.28989
       -0.28989  -0.28989  -0.28989  -0.28989  -0.28989  -0.28989  -0.28989  -0.28989  -0.28989
       -0.28989  -0.28866  -0.28866  -0.28866  -0.28860  -0.28860  -0.28859  -0.28859  -0.28859
       -0.28859  -0.28859  -0.28859  -0.28604  -0.28604  -0.28604  -0.28603  -0.28603  -0.28603
       -0.28603  -0.28603  -0.28603  -0.28603  -0.28603  -0.28603  -0.28499  -0.28498  -0.28498
       -0.28498  -0.28498  -0.28498  -0.28498  -0.28498  -0.28498  -0.28498  -0.28498  -0.28498
       -0.28188  -0.28188  -0.28188  -0.28188  -0.28188  -0.28188  -0.28165  -0.28165  -0.28165
       -0.28165  -0.28165  -0.28165  -0.28165  -0.28165  -0.28165  -0.28165  -0.28165  -0.28164
       -0.27460  -0.27460  -0.27460  -0.27460  -0.27460  -0.27460  -0.27460  -0.27460  -0.27460
       -0.27460  -0.27460  -0.27460  -0.27460  -0.27460  -0.27460  -0.27459  -0.26844  -0.26844
       -0.26844  -0.26659  -0.26659  -0.26659  -0.26659  -0.26659  -0.26659  -0.26659  -0.26659
       -0.26659  -0.26659  -0.26659  -0.26659  -0.26249  -0.26249  -0.26249  -0.26249  -0.26249
       -0.26249  -0.26249  -0.26249  -0.26249  -0.26249  -0.26249  -0.26248  -0.26190  -0.26190
       -0.26190  -0.26190  -0.26190  -0.26189  -0.26189  -0.26189  -0.26189  -0.26189  -0.26189
       -0.26189  -0.26189  -0.26189  -0.26189  -0.26189  -0.26189  -0.26189  -0.26189  -0.26189
       -0.26189  -0.26189  -0.26189  -0.26189  -0.26060  -0.26060  -0.26060  -0.26060  -0.26060
       -0.26060  -0.26060  -0.26060  -0.26060  -0.26060  -0.26060  -0.26060  -0.25927  -0.25927
       -0.25927  -0.25926  -0.25926  -0.25926  -0.25635  -0.25635  -0.25635  -0.25635  -0.25635
       -0.25635  -0.25635  -0.25635  -0.25635  -0.25635  -0.25635  -0.25634  -0.25634  -0.25634
       -0.25634  -0.25634  -0.25530  -0.25530  -0.25530  -0.25530  -0.25530  -0.25530  -0.25530
       -0.25530  -0.25530  -0.25530  -0.25530  -0.25530  -0.25530  -0.25530  -0.25530  -0.25530
       -0.25530  -0.25530  -0.25530  -0.25530  -0.25530  -0.25530  -0.25530  -0.25530  -0.25250
       -0.25250  -0.25250  -0.25249  -0.25249  -0.25249  -0.25139  -0.25139  -0.25139  -0.25139
       -0.25139  -0.25139  -0.25139  -0.25139  -0.25139  -0.25139  -0.25139  -0.25139  -0.25139
       -0.25139  -0.25139  -0.25139  -0.25139  -0.25139  -0.25139  -0.25139  -0.25139  -0.25139
       -0.25139  -0.25139  -0.24814  -0.24814  -0.24814  -0.24813  -0.24813  -0.24813  -0.24520
       -0.24520
        
     --------------------------------------------------------------------------------------------
     Tot. elapsed time 08h-39m-31.5s,  time spent in last iteration 22m-07.6s
     --------------------------------------------------------------------------------------------
      
     --------------------------------------------------------------------------------------------
     SAVE written in 13.0s               
     In location : ./c.wstat.save
     --------------------------------------------------------------------------------------------
       
     --------------------------------------------------------------------------------------------
     Convergence achieved !!! in        4 steps                          
     --------------------------------------------------------------------------------------------
     WSTAT        :     9h49m CPU       10h18m WALL

     wstat_readin :      1.01s CPU      1.45s WALL (       1 calls)
     fetch_input  :      0.09s CPU      0.10s WALL (       2 calls)
     read_xml     :      0.29s CPU      0.50s WALL (       1 calls)
     init_vloc    :      0.04s CPU      0.05s WALL (       2 calls)
     fft          :      0.01s CPU      0.03s WALL (      11 calls)
     fft_scatter  :   1950.80s CPU   1974.34s WALL (17596971 calls)
     v_of_rho     :      0.02s CPU      0.04s WALL (       1 calls)
     v_xc         :      0.01s CPU      0.03s WALL (       1 calls)
     v_h          :      0.00s CPU      0.00s WALL (       1 calls)
     read_wave    :      0.63s CPU      0.82s WALL (       1 calls)
     davcio       :      0.01s CPU      0.17s WALL (       8 calls)
     init_us_1    :      0.00s CPU      0.01s WALL (       2 calls)
     do_setup     :      0.17s CPU      0.19s WALL (       1 calls)
     init_pw_ar   :      0.16s CPU      0.18s WALL (       1 calls)
     init_at_1    :      0.00s CPU      0.00s WALL (       1 calls)
     chidiago     :  35382.90s CPU  37102.34s WALL (       1 calls)
     sqvc_init    :      0.00s CPU      0.00s WALL (       1 calls)
     randomize    :      0.80s CPU      0.80s WALL (       1 calls)
     paramgs      :     19.87s CPU     20.16s WALL (       6 calls)
     dfpt         :  30721.99s CPU  30924.71s WALL (       6 calls)
     init_us_2    :      0.03s CPU      0.04s WALL (       6 calls)
     fftw         :   5632.66s CPU   5703.21s WALL (17596960 calls)
     alphapc      :     31.22s CPU     31.42s WALL (    1203 calls)
     wstat_restar :     93.28s CPU    111.76s WALL (       5 calls)
     linstern     :  10304.81s CPU  10400.03s WALL (     953 calls)
     stern        :   9935.09s CPU  10027.19s WALL (   47378 calls)
     h_psi_bgrp   :   8995.73s CPU   9082.83s WALL (   47378 calls)
     h_psi        :   8995.43s CPU   9082.68s WALL (   47378 calls)
     h_psi:pot    :   8924.83s CPU   9011.27s WALL (   47378 calls)
     vloc_psi     :   5495.12s CPU   5564.09s WALL (   47378 calls)
     h_psi:calbec :   1741.33s CPU   1750.78s WALL (   47378 calls)
     calbec       :   1741.01s CPU   1750.60s WALL (   47378 calls)
     add_vuspsi   :   1687.75s CPU   1695.96s WALL (   47378 calls)
     alphapv      :    880.23s CPU    884.85s WALL (   47378 calls)
     build_hr     :      8.09s CPU      8.44s WALL (       5 calls)
     diagox       :     69.34s CPU     72.58s WALL (       5 calls)
     redistr_vr   :      7.27s CPU      8.31s WALL (       4 calls)
     update_vr    :     10.85s CPU     11.05s WALL (       4 calls)
     symm_hr      :      8.16s CPU      9.24s WALL (       4 calls)
     chidiago:las :      0.00s CPU      0.00s WALL (       1 calls)
     refresh_vr   :      4.12s CPU      4.20s WALL (       1 calls)
     pdep_db      :     10.46s CPU     13.06s WALL (       1 calls)
     gather_grid  :      0.29s CPU      1.10s WALL (     500 calls)
 
     WSTAT        :     9h49m CPU       10h18m WALL

 
   This run was terminated on:  19:52:59  24May2021            

=------------------------------------------------------------------------------=
   JOB DONE.
=------------------------------------------------------------------------------=
