
     Program WELPH v. 3.1.1 starts on  8Dec2020 at  9: 1: 9 

     This program is part of the open-source West suite
     for massively parallel calculations of excited states in materials; please cite
         "M. Govoni et al., J. Chem. Theory Comput. 11, 2680 (2015);
          URL http://www.west-code.org", 
     in publications or presentations arising from this work.

     Based on the Quantum ESPRESSO v. 6.1 svn rev. 13369

     I/O is Little Endian
       
     --------------------------------------------------------------------------------------------
     **MPI** Parallelization Status                                      
     --------------------------------------------------------------------------------------------
                    40                   1             1             1            40
     --------------------------------------------------------------------------------------------
                     N         =         I      X      P      X      B      X      Z
                     ^                   ^             ^             ^             ^
                     |                   |             |             |             |
                   #rnk                  |             |             |             |
                                      #image           |             |             |
                                                     #pool           |             |
                                                                   #bgrp           |
                                                                                 #R&G
     --------------------------------------------------------------------------------------------
     **OPENMP** Parallelization Status
     #thr/rnk               =            1
     --------------------------------------------------------------------------------------------
     #prc = (rnk) * (thr) =           40
     --------------------------------------------------------------------------------------------
       
     --------------------------------------------------------------------------------------------
     I/O Summary : input_west                                            
     --------------------------------------------------------------------------------------------
     qe_prefix      = c
     west_prefix    = c
     outdir         = ./
     --------------------------------------------------------------------------------------------

     Reading data from directory:
     ./c.save

   Info: using nr1, nr2, nr3 values from input

   Info: using nr1, nr2, nr3 values from input

     IMPORTANT: XC functional enforced from input :
     Exchange-correlation      = PZ ( 1  1  0  0 0 0)
     Any further DFT definition will be discarded
     Please, verify this is what you really want

               file C.pz-mt.fhi.UPF: wavefunction(s)  3d renormalized
 
     Parallelization info
     --------------------
     sticks:   dense  smooth     PW     G-vecs:    dense   smooth      PW
     Min           9       9      3                  115      115      20
     Max          10      10      4                  119      119      24
     Sum         367     367    121                 4645     4645     869
 
       
     --------------------------------------------------------------------------------------------
     I/O Summary : wstat_control                                         
     --------------------------------------------------------------------------------------------
     wstat_calculation              =              S
     n_pdep_eigen                   =            100
     n_pdep_times                   =              4
     n_pdep_maxiter                 =            100
     n_dfpt_maxiter                 =            250
     n_pdep_read_from_file          =              0
     trev_pdep                      =   1.000000E-03
     trev_pdep_rel                  =   1.000000E-01
     tr2_dfpt                       =   1.000000E-12
     l_kinetic_only                 =              F
     l_minimize_exx_if_active       =              F
     l_use_ecutrho                  =              F
     l_use_symm                     =              T
     nq(1)                          =              2
     nq(2)                          =              2
     nq(3)                          =              2
     --------------------------------------------------------------------------------------------
       
     --------------------------------------------------------------------------------------------
     I/O Summary : wfreq_control                                         
     --------------------------------------------------------------------------------------------
     wfreq_calculation                        =           XWGQ
     n_pdep_eigen_to_use                      =            100
     qp_bandrange(1)                          =              1
     qp_bandrange(2)                          =              2
     macropol_calculation                     =              C
     n_lanczos                                =             30
     n_imfreq                                 =            128
     n_refreq                                 =            272
     ecut_imfreq [Ry]                         =     240.000000
     ecut_refreq [Ry]                         =       2.000000
     wfreq_eta [Ry]                           =       0.003675
     n_secant_maxiter                         =             21
     trev_secant [Ry]                         =       0.003675
     l_enable_lanczos                         =              T
     l_enable_gwetot                          =              F
     o_restart_time [min]                     =       0.000000
     ecut_spectralf(1) [Ry]                   =      -2.000000
     ecut_spectralf(2) [Ry]                   =       2.000000
     n_spectralf                              =             10
     l_read_common_pdep                       =              F
     l_enable_gb_curvature                    =              T
     --------------------------------------------------------------------------------------------
       
     --------------------------------------------------------------------------------------------
     I/O Summary : welph_control                                         
     --------------------------------------------------------------------------------------------
     welph_calculation                        =             XP
     welph_n_pdep_eigen_to_use                =            100
     asr                                      =              1
     welph_band_range(1)                      =              1
     welph_band_range(2)                      =              8
     do_scr                                   =              T
     do_fxc                                   =              T
     welph_read_common_pdep                   =              T
     loto                                     =              F
     lsym                                     =              F
     l_adiabatic                              =              T
     l_enabel_gw                              =              F
     q_direction(1)                           =       1.000000
     q_direction(2)                           =       0.000000
     q_direction(3)                           =       0.000000
     welph_eta                                =       0.100000
     temperature                              =       0.000000
     --------------------------------------------------------------------------------------------
       
     --------------------------------------------------------------------------------------------
     System Overview                                                     
     --------------------------------------------------------------------------------------------
     gamma_only           =              F
     ecutwfc [Ry]         =      60.000000
     ecutrho [Ry]         =     240.000000
     omega [au^3]         =   7.349594E+01
     nbnd                 =              8
     nkstot               =              8
     nspin                =              1
     nelec                =       8.000000
     npol                 =              1
     lsda                 =              F
     noncolin             =              F
     lspinorb             =              F
     domag                =              F
     --------------------------------------------------------------------------------------------

     3DFFT grid
        s : (  24,  24,  24)
        p : (  24,  24,  24)

     Direct Lattice Cell [a.u.]
        a1 = (    -3.3246387    -0.0000000     3.3246387)
        a2 = (    -0.0000000     3.3246387     3.3246387)
        a3 = (    -3.3246387     3.3246387    -0.0000000)

     Reciprocal Lattice Cell [a.u.]
        b1 = (    -0.9449426    -0.9449426     0.9449426)
        b2 = (     0.9449426     0.9449426     0.9449426)
        b3 = (    -0.9449426     0.9449426    -0.9449426)
      

     Brillouin Zone sampling [cryst. coord.]
 
        k(000001) = (     0.0000000     0.0000000     0.0000000)
        k(000002) = (     0.0000000     0.0000000    -0.5000000)
        k(000003) = (     0.0000000    -0.5000000     0.0000000)
        k(000004) = (     0.0000000    -0.5000000    -0.5000000)
        k(000005) = (    -0.5000000     0.0000000     0.0000000)
        k(000006) = (    -0.5000000    -0.0000000    -0.5000000)
        k(000007) = (    -0.5000000    -0.5000000     0.0000000)
        k(000008) = (    -0.5000000    -0.5000000    -0.5000000)
 
        q(000001) = (     0.0000000     0.0000000     0.0000000)
        q(000002) = (     0.0000000     0.0000000    -0.5000000)
        q(000003) = (     0.0000000    -0.5000000     0.0000000)
        q(000004) = (     0.0000000    -0.5000000    -0.5000000)
        q(000005) = (    -0.5000000     0.0000000     0.0000000)
        q(000006) = (    -0.5000000     0.0000000    -0.5000000)
        q(000007) = (    -0.5000000    -0.5000000     0.0000000)
        q(000008) = (    -0.5000000    -0.5000000    -0.5000000)
       
     --------------------------------------------------------------------------------------------
     Parallelization for npdep                                           
     --------------------------------------------------------------------------------------------
     nglob                =            100
     nlevel               =              1
     Min nglob/nlevel     =            100
     Max nglob/nlevel     =            100
     --------------------------------------------------------------------------------------------
       
     --------------------------------------------------------------------------------------------
     Parallelization for npdep+macro                                     
     --------------------------------------------------------------------------------------------
     nglob                =            103
     nlevel               =              1
     Min nglob/nlevel     =            103
     Max nglob/nlevel     =            103
     --------------------------------------------------------------------------------------------
     ===========================================================================
          nsym   =   24
          nrot   =   48
          nq_ibz =    3
          Q-point IBZ [ cart  coord ]
          xq(00000001) = (  0.000000  0.000000  0.000000) wq =   0.125000
          xq(00000002) = (  0.504072 -0.504072  0.504072) wq =   0.500000
          xq(00000003) = (  0.000000 -1.008143  0.000000) wq =   0.375000
          Q-point IBZ [ cryst coord ]
          xq(00000001) = (  0.000000  0.000000  0.000000) wq =   0.125000
          xq(00000002) = (  0.000000  0.000000 -0.500000) wq =   0.500000
          xq(00000003) = (  0.000000 -0.500000 -0.500000) wq =   0.375000
     ===========================================================================
       
     --------------------------------------------------------------------------------------------
     Building Chi matrices                                               
     --------------------------------------------------------------------------------------------
g0 =     0.0000000000E+00    0.0000000000E+00    0.0000000000E+00
     in progress... |######              | 030% :               00.6s (E)               02.2s (X)
g0 =    -0.5596320432E-16    0.5596320432E-16   -0.5596320432E-16
     in progress... |#############       | 065% :               01.3s (E)               02.0s (X)
g0 =    -0.7940156071E-18    0.1111323930E-15    0.7940156071E-18
     in progress... |####################| 100% :               01.9s (E)               01.9s (X)
     --------------------------------------------------------------------------------------------
       
     --------------------------------------------------------------------------------------------
     Working on iqr = 00001 in q IBZ                                     
     --------------------------------------------------------------------------------------------
     Q-point No.    1,        24 Sym. Ops. Found,      Inv. Sym. Found.
  

     point group T_d (-43m) 
     there are  5 classes
     the character table:

       E     8C3   3C2   6S4   6s_d 
A_1    1.00  1.00  1.00  1.00  1.00
A_2    1.00  1.00  1.00 -1.00 -1.00
E      2.00 -1.00  2.00  0.00  0.00
T_1    3.00  0.00 -1.00  1.00 -1.00
T_2    3.00  0.00 -1.00 -1.00  1.00

     the symmetry operations in each class and the name of the first element:

     E        1
                                                                 
     8C3      5    7    8    6   12    9   10   11
                                                                 
     3C2      2    3    4
                                                                 
     6S4     15   16   20   19   23   24
                                                                 
     6s_d    13   14   17   18   21   22
                                                                 


     Atomic displacements:
     There are   2 irreducible representations

     Representation     1      3 modes -T_2  G_15 P_4  To be done
     Irreps are as follows:

     mode #   1              mode #   2              mode #   3
     (   0.00000   0.00000 ) (   0.00000   0.00000 ) (   0.00000   0.00000 ) 
     (   0.00000   0.00000 ) (   0.00000   0.00000 ) (   0.00000   0.00000 ) 
     (   0.00000   0.00000 ) (   0.00000   0.00000 ) (   0.00000   0.00000 ) 
     (  -0.45313   0.00000 ) (  -0.27548   0.00000 ) (  -0.84781   0.00000 ) 
     (   0.61466   0.00000 ) (  -0.78538   0.00000 ) (  -0.07332   0.00000 ) 
     (   0.64565   0.00000 ) (   0.55434   0.00000 ) (  -0.52521   0.00000 ) 

     Representation     2      3 modes -T_2  G_15 P_4  To be done
     Irreps are as follows:

     mode #   4              mode #   5              mode #   6
     (  -0.13785   0.00000 ) (  -0.84091   0.00000 ) (  -0.52332   0.00000 ) 
     (   0.78849   0.00000 ) (  -0.41292   0.00000 ) (   0.45582   0.00000 ) 
     (   0.59940   0.00000 ) (   0.34980   0.00000 ) (  -0.71997   0.00000 ) 
     (   0.00000   0.00000 ) (   0.00000   0.00000 ) (   0.00000   0.00000 ) 
     (   0.00000   0.00000 ) (   0.00000   0.00000 ) (   0.00000   0.00000 ) 
     (   0.00000   0.00000 ) (   0.00000   0.00000 ) (   0.00000   0.00000 ) 
 time_reversal =  T skip_equiv =  F
 nrot=          48
 nsymq=          24
 minus_q= T
 magnetic_sym= F
     ===========================================================================
          K points generated with subgroup at this q point
          nsym   =   24
          nrot   =   48
          nk_ibz =    3
          xk(00000001) = (  0.000000  0.000000  0.000000) wk =   0.250000
          xk(00000002) = (  0.504072 -0.504072  0.504072) wk =   1.000000
          xk(00000003) = (  0.000000 -1.008143  0.000000) wk =   0.750000
     ===========================================================================
  2nd deri of PP in cart basis (real part)
   0.235422E+02   0.155798E+01  -0.155798E+01   0.000000E+00   0.000000E+00   0.000000E+00
  
   0.155798E+01   0.211396E+02   0.155798E+01   0.000000E+00   0.000000E+00   0.000000E+00
  
  -0.155798E+01   0.155798E+01   0.235422E+02   0.000000E+00   0.000000E+00   0.000000E+00
  
   0.000000E+00   0.000000E+00   0.000000E+00   0.235422E+02   0.155798E+01  -0.155798E+01
  
   0.000000E+00   0.000000E+00   0.000000E+00   0.155798E+01   0.211396E+02   0.155798E+01
  
   0.000000E+00   0.000000E+00   0.000000E+00  -0.155798E+01   0.155798E+01   0.235422E+02
  
  2nd deri of PP in pattern basis (real part)
   0.239148E+02   0.185978E+01  -0.746510E+00   0.000000E+00   0.000000E+00   0.000000E+00
  
   0.185978E+01   0.218537E+02   0.201660E+01   0.000000E+00   0.000000E+00   0.000000E+00
  
  -0.746510E+00   0.201660E+01   0.224555E+02   0.000000E+00   0.000000E+00   0.000000E+00
  
   0.000000E+00   0.000000E+00   0.000000E+00   0.234399E+02   0.742437E+00  -0.172901E+01
  
   0.000000E+00   0.000000E+00   0.000000E+00   0.742437E+00   0.246810E+02   0.245234E+00
  
   0.000000E+00   0.000000E+00   0.000000E+00  -0.172901E+01   0.245234E+00   0.201031E+02
  

     Alpha used in Ewald sum =   2.5000
  Ionic contribution in cart of iq =            1
   0.182379E+01   0.666134E-14  -0.139888E-13  -0.182379E+01   0.399680E-14   0.383027E-14
 
   0.666134E-14   0.182379E+01   0.710543E-14   0.399680E-14  -0.182379E+01   0.310862E-14
 
  -0.137668E-13   0.710543E-14   0.182379E+01   0.383027E-14   0.310862E-14  -0.182379E+01
 
  -0.182379E+01   0.399680E-14   0.383027E-14   0.182379E+01   0.666134E-14  -0.139888E-13
 
   0.399680E-14  -0.182379E+01   0.310862E-14   0.666134E-14   0.182379E+01   0.710543E-14
 
   0.383027E-14   0.310862E-14  -0.182379E+01  -0.137668E-13   0.710543E-14   0.182379E+01
 
  Ionic contribution in pattern of iq =            1
   0.182379E+01   0.111022E-14   0.277556E-14  -0.170364E+01  -0.643956E+00  -0.956737E-01
 
   0.999201E-15   0.182379E+01   0.159872E-13   0.454158E+00  -0.136760E+01   0.111787E+01
 
   0.288658E-14   0.159872E-13   0.182379E+01   0.466448E+00  -0.102040E+01  -0.143785E+01
 
  -0.170364E+01   0.454158E+00   0.466448E+00   0.182379E+01   0.721645E-15   0.366374E-14
 
  -0.643956E+00  -0.136760E+01  -0.102040E+01   0.832667E-15   0.182379E+01  -0.222045E-15
 
  -0.956737E-01   0.111787E+01  -0.143785E+01   0.388578E-14  -0.555112E-16   0.182379E+01
 
       
     --------------------------------------------------------------------------------------------
     Computing drho                                                      
     --------------------------------------------------------------------------------------------
     in progress... |###                 | 015% :             < 00.1s (E)               00.1s (X)
     in progress... |######              | 030% :             < 00.1s (E)               00.1s (X)
     in progress... |##########          | 050% :             < 00.1s (E)               00.1s (X)
     in progress... |#############       | 065% :               00.1s (E)               00.1s (X)
     in progress... |################    | 080% :               00.1s (E)               00.1s (X)
     in progress... |####################| 100% :               00.1s (E)               00.1s (X)
     --------------------------------------------------------------------------------------------
       
     --------------------------------------------------------------------------------------------
     Reading eigenpotentials at this q point                             
     --------------------------------------------------------------------------------------------
     in progress... |#                   | 005% :             < 00.1s (E)             < 00.1s (X)
     in progress... |##                  | 010% :             < 00.1s (E)             < 00.1s (X)
     in progress... |###                 | 015% :             < 00.1s (E)             < 00.1s (X)
     in progress... |####                | 020% :             < 00.1s (E)             < 00.1s (X)
     in progress... |#####               | 025% :             < 00.1s (E)             < 00.1s (X)
     in progress... |######              | 030% :             < 00.1s (E)             < 00.1s (X)
     in progress... |#######             | 035% :             < 00.1s (E)             < 00.1s (X)
     in progress... |########            | 040% :             < 00.1s (E)             < 00.1s (X)
     in progress... |#########           | 045% :             < 00.1s (E)             < 00.1s (X)
     in progress... |##########          | 050% :             < 00.1s (E)             < 00.1s (X)
     in progress... |###########         | 055% :             < 00.1s (E)             < 00.1s (X)
     in progress... |############        | 060% :             < 00.1s (E)             < 00.1s (X)
     in progress... |#############       | 065% :             < 00.1s (E)             < 00.1s (X)
     in progress... |##############      | 070% :             < 00.1s (E)             < 00.1s (X)
     in progress... |###############     | 075% :             < 00.1s (E)             < 00.1s (X)
     in progress... |################    | 080% :             < 00.1s (E)             < 00.1s (X)
     in progress... |#################   | 085% :             < 00.1s (E)             < 00.1s (X)
     in progress... |##################  | 090% :             < 00.1s (E)             < 00.1s (X)
     in progress... |################### | 095% :             < 00.1s (E)             < 00.1s (X)
     --------------------------------------------------------------------------------------------
       
     --------------------------------------------------------------------------------------------
     Computing elec elec part                                            
     --------------------------------------------------------------------------------------------
     in progress... |###                 | 015% :             < 00.1s (E)             < 00.1s (X)
     in progress... |######              | 030% :             < 00.1s (E)             < 00.1s (X)
     in progress... |##########          | 050% :             < 00.1s (E)             < 00.1s (X)
     in progress... |#############       | 065% :             < 00.1s (E)             < 00.1s (X)
     in progress... |################    | 080% :             < 00.1s (E)             < 00.1s (X)
     in progress... |####################| 100% :             < 00.1s (E)             < 00.1s (X)
     --------------------------------------------------------------------------------------------
Epsilon infinity
      15.627641678       0.000000000       0.000000000 
       0.000000000      15.627641678       0.000000000 
      -0.000000000      -0.000000000      15.627641678 
Born effective charge of atom     1
      -2.415738      -0.000000      -0.000000 
      -0.000000      -2.415738      -0.000000 
       0.000000      -0.000000      -2.415738 
Born effective charge of atom     2
      -2.415738       0.000000      -0.000000 
       0.000000      -2.415738      -0.000000 
       0.000000       0.000000      -2.415738 
 Dynmat after symmetrization (real part)
   0.866510E+00  -0.499600E-15  -0.111022E-15  -0.121358E+01  -0.111022E-15  -0.333067E-15
  
  -0.388578E-15   0.866510E+00  -0.555112E-16   0.111022E-15  -0.121358E+01  -0.111022E-15
  
  -0.166533E-15  -0.555112E-16   0.866510E+00  -0.111022E-15  -0.444089E-15  -0.121358E+01
  
  -0.121358E+01   0.555112E-15  -0.111022E-15   0.866510E+00  -0.333067E-15   0.333067E-15
  
   0.666134E-15  -0.121358E+01   0.222045E-15  -0.333067E-15   0.866510E+00   0.000000E+00
  
   0.222045E-15   0.444089E-15  -0.121358E+01   0.333067E-15   0.000000E+00   0.866510E+00
  
 Dynmat after symmetrization (imag part)
   0.000000E+00   0.000000E+00   0.000000E+00   0.000000E+00   0.000000E+00   0.000000E+00
  
   0.000000E+00   0.000000E+00   0.000000E+00   0.000000E+00   0.000000E+00   0.000000E+00
  
   0.000000E+00   0.000000E+00   0.000000E+00   0.000000E+00   0.000000E+00   0.000000E+00
  
   0.000000E+00   0.000000E+00   0.000000E+00   0.000000E+00   0.000000E+00   0.000000E+00
  
   0.000000E+00   0.000000E+00   0.000000E+00   0.000000E+00   0.000000E+00   0.000000E+00
  
   0.000000E+00   0.000000E+00   0.000000E+00   0.000000E+00   0.000000E+00   0.000000E+00
  
 
     Number of q in the star =    1
     List of q in the star:
          1   0.000000000   0.000000000   0.000000000
     Phonon frequencies at q point No.  1 in q point IBZ.
      Mode(   1)=      -0.000001 [THz]      -0.000025 [cm-1]
      Mode(   2)=       0.000000 [THz]       0.000012 [cm-1]
      Mode(   3)=       0.000001 [THz]       0.000026 [cm-1]
      Mode(   4)=      48.985650 [THz]    1633.985406 [cm-1]
      Mode(   5)=      48.985650 [THz]    1633.985406 [cm-1]
      Mode(   6)=      48.985650 [THz]    1633.985406 [cm-1]
 current_iq =            1 iqq =            1  iq =            1
 g0 =   0.000000000000000E+000  0.000000000000000E+000  0.000000000000000E+000
       
     --------------------------------------------------------------------------------------------
     Working on iqr = 00002 in q IBZ                                     
     --------------------------------------------------------------------------------------------
     Q-point No.    2,         6 Sym. Ops. Found,      Inv. Sym. Found.
  

     point group C_3v (3m)  
     there are  3 classes
     the character table:

       E     2C3   3s_v 
A_1    1.00  1.00  1.00
A_2    1.00  1.00 -1.00
E      2.00 -1.00  0.00

     the symmetry operations in each class and the name of the first element:

     E        1
                                                                 
     2C3      2    3
                                                                 
     3s_v     4    5    6
                                                                 


     Atomic displacements:
     There are   4 irreducible representations

     Representation     1      1 modes -A_1  L_1  To be done
     Irreps are as follows:

                     mode #   1
                     (   0.00000   0.00000   ) 
                     (   0.00000   0.00000   ) 
                     (   0.00000   0.00000   ) 
                     (  -0.57735   0.00000   ) 
                     (   0.57735   0.00000   ) 
                     (  -0.57735   0.00000   ) 

     Representation     2      1 modes -A_1  L_1  To be done
     Irreps are as follows:

                     mode #   2
                     (  -0.57735   0.00000   ) 
                     (   0.57735   0.00000   ) 
                     (  -0.57735   0.00000   ) 
                     (   0.00000   0.00000   ) 
                     (   0.00000   0.00000   ) 
                     (   0.00000   0.00000   ) 

     Representation     3      2 modes -E    L_3  To be done
     Irreps are as follows:

           mode #   3                           mode #   4
           (   0.00000   0.00000   )            (   0.00000   0.00000   ) 
           (   0.00000   0.00000   )            (   0.00000   0.00000   ) 
           (   0.00000   0.00000   )            (   0.00000   0.00000   ) 
           (  -0.09366   0.00000   )            (  -0.81111   0.00000   ) 
           (  -0.74927   0.00000   )            (  -0.32444   0.00000   ) 
           (  -0.65561   0.00000   )            (   0.48666   0.00000   ) 

     Representation     4      2 modes -E    L_3  To be done
     Irreps are as follows:

           mode #   5                           mode #   6
           (  -0.40825   0.00000   )            (  -0.70711   0.00000   ) 
           (   0.40825   0.00000   )            (  -0.70711   0.00000   ) 
           (   0.81650   0.00000   )            (   0.00000   0.00000   ) 
           (   0.00000   0.00000   )            (   0.00000   0.00000   ) 
           (   0.00000   0.00000   )            (   0.00000   0.00000   ) 
           (   0.00000   0.00000   )            (   0.00000   0.00000   ) 
 time_reversal =  T skip_equiv =  F
 nrot=          48
 nsymq=           6
 minus_q= T
 magnetic_sym= F
     ===========================================================================
          K points generated with subgroup at this q point
          nsym   =   24
          nrot   =   48
          nk_ibz =    4
          xk(00000001) = (  0.000000  0.000000  0.000000) wk =   0.250000
          xk(00000002) = (  0.504072 -0.504072  0.504072) wk =   0.250000
          xk(00000003) = (  0.000000 -1.008143  0.000000) wk =   0.750000
          xk(00000004) = ( -0.504072 -0.504072 -0.504072) wk =   0.750000
     ===========================================================================
  2nd deri of PP in cart basis (real part)
   0.235422E+02  -0.778989E+00  -0.155798E+01   0.000000E+00   0.000000E+00   0.000000E+00
  
  -0.778989E+00   0.211396E+02  -0.778989E+00   0.000000E+00   0.000000E+00   0.000000E+00
  
  -0.155798E+01  -0.778989E+00   0.235422E+02   0.000000E+00   0.000000E+00   0.000000E+00
  
   0.000000E+00   0.000000E+00   0.000000E+00   0.235422E+02  -0.778989E+00  -0.155798E+01
  
   0.000000E+00   0.000000E+00   0.000000E+00  -0.778989E+00   0.211396E+02  -0.778989E+00
  
   0.000000E+00   0.000000E+00   0.000000E+00  -0.155798E+01  -0.778989E+00   0.235422E+02
  
  2nd deri of PP in pattern basis (real part)
   0.227413E+02   0.000000E+00   0.284086E-01   0.123013E-01   0.000000E+00   0.000000E+00
  
   0.000000E+00   0.227413E+02   0.000000E+00   0.000000E+00  -0.154786E-01   0.268100E-01
  
   0.284086E-01   0.000000E+00   0.211274E+02  -0.172028E+01   0.000000E+00   0.000000E+00
  
   0.123013E-01   0.000000E+00  -0.172028E+01   0.243553E+02   0.000000E+00   0.000000E+00
  
   0.000000E+00  -0.154786E-01   0.000000E+00   0.000000E+00   0.239208E+02   0.204283E+01
  
   0.000000E+00   0.268100E-01   0.000000E+00   0.000000E+00   0.204283E+01   0.215619E+02
  

     Alpha used in Ewald sum =   2.5000
  Ionic contribution in cart of iq =            2
   0.364758E+01  -0.157403E+01   0.157403E+01   0.378762E-06  -0.304650E+01   0.304650E+01
 
  -0.157403E+01   0.364758E+01  -0.157403E+01  -0.304650E+01   0.378762E-06  -0.304650E+01
 
   0.157403E+01  -0.157403E+01   0.364758E+01   0.304650E+01  -0.304650E+01   0.378762E-06
 
   0.378762E-06  -0.304650E+01   0.304650E+01   0.364758E+01  -0.157403E+01   0.157403E+01
 
  -0.304650E+01   0.378762E-06  -0.304650E+01  -0.157403E+01   0.364758E+01  -0.157403E+01
 
   0.304650E+01  -0.304650E+01   0.378762E-06   0.157403E+01  -0.157403E+01   0.364758E+01
 
  Ionic contribution in pattern of iq =            2
   0.679564E+01   0.609300E+01  -0.865974E-14   0.310862E-14  -0.281893E-14  -0.177636E-14
 
   0.609300E+01   0.679564E+01  -0.439628E-14  -0.353786E-14   0.310862E-14   0.233147E-14
 
  -0.843769E-14  -0.328605E-14   0.207355E+01  -0.355271E-14   0.244620E+01  -0.181584E+01
 
   0.333067E-14  -0.264969E-14  -0.355271E-14   0.207355E+01  -0.181584E+01  -0.244620E+01
 
  -0.292996E-14   0.310862E-14   0.244620E+01  -0.181584E+01   0.207355E+01  -0.166533E-14
 
  -0.444089E-15   0.266454E-14  -0.181584E+01  -0.244620E+01  -0.188738E-14   0.207355E+01
 
       
     --------------------------------------------------------------------------------------------
     Computing drho                                                      
     --------------------------------------------------------------------------------------------
     in progress... |###                 | 015% :             < 00.1s (E)               00.2s (X)
     in progress... |######              | 030% :             < 00.1s (E)               00.2s (X)
     in progress... |##########          | 050% :               00.1s (E)               00.2s (X)
     in progress... |#############       | 065% :               00.1s (E)               00.2s (X)
     in progress... |################    | 080% :               00.1s (E)               00.2s (X)
     in progress... |####################| 100% :               00.2s (E)               00.2s (X)
     --------------------------------------------------------------------------------------------
       
     --------------------------------------------------------------------------------------------
     Reading eigenpotentials at this q point                             
     --------------------------------------------------------------------------------------------
     in progress... |#                   | 005% :             < 00.1s (E)             < 00.1s (X)
     in progress... |##                  | 010% :             < 00.1s (E)             < 00.1s (X)
     in progress... |###                 | 015% :             < 00.1s (E)             < 00.1s (X)
     in progress... |####                | 020% :             < 00.1s (E)             < 00.1s (X)
     in progress... |#####               | 025% :             < 00.1s (E)             < 00.1s (X)
     in progress... |######              | 030% :             < 00.1s (E)             < 00.1s (X)
     in progress... |#######             | 035% :             < 00.1s (E)             < 00.1s (X)
     in progress... |########            | 040% :             < 00.1s (E)             < 00.1s (X)
     in progress... |#########           | 045% :             < 00.1s (E)             < 00.1s (X)
     in progress... |##########          | 050% :             < 00.1s (E)             < 00.1s (X)
     in progress... |###########         | 055% :             < 00.1s (E)             < 00.1s (X)
     in progress... |############        | 060% :             < 00.1s (E)             < 00.1s (X)
     in progress... |#############       | 065% :             < 00.1s (E)             < 00.1s (X)
     in progress... |##############      | 070% :             < 00.1s (E)             < 00.1s (X)
     in progress... |###############     | 075% :             < 00.1s (E)             < 00.1s (X)
     in progress... |################    | 080% :             < 00.1s (E)             < 00.1s (X)
     in progress... |#################   | 085% :             < 00.1s (E)             < 00.1s (X)
     in progress... |##################  | 090% :             < 00.1s (E)             < 00.1s (X)
     in progress... |################### | 095% :             < 00.1s (E)             < 00.1s (X)
     --------------------------------------------------------------------------------------------
       
     --------------------------------------------------------------------------------------------
     Computing elec elec part                                            
     --------------------------------------------------------------------------------------------
     in progress... |###                 | 015% :             < 00.1s (E)             < 00.1s (X)
     in progress... |######              | 030% :             < 00.1s (E)             < 00.1s (X)
     in progress... |##########          | 050% :             < 00.1s (E)             < 00.1s (X)
     in progress... |#############       | 065% :             < 00.1s (E)             < 00.1s (X)
     in progress... |################    | 080% :             < 00.1s (E)             < 00.1s (X)
     in progress... |####################| 100% :             < 00.1s (E)             < 00.1s (X)
     --------------------------------------------------------------------------------------------
 Dynmat after symmetrization (real part)
   0.675379E+00  -0.949679E-01   0.949679E-01  -0.651124E+00  -0.121845E+00   0.121845E+00
  
  -0.949679E-01   0.675379E+00  -0.949679E-01  -0.121845E+00  -0.651124E+00  -0.121845E+00
  
   0.949679E-01  -0.949679E-01   0.675379E+00   0.121845E+00  -0.121845E+00  -0.651124E+00
  
  -0.651124E+00  -0.121845E+00   0.121845E+00   0.675379E+00  -0.949679E-01   0.949679E-01
  
  -0.121845E+00  -0.651124E+00  -0.121845E+00  -0.949679E-01   0.675379E+00  -0.949679E-01
  
   0.121845E+00  -0.121845E+00  -0.651124E+00   0.949679E-01  -0.949679E-01   0.675379E+00
  
 Dynmat after symmetrization (imag part)
   0.000000E+00   0.000000E+00   0.000000E+00  -0.413106E-16   0.498127E-17   0.461553E-16
  
   0.000000E+00   0.000000E+00   0.000000E+00   0.498127E-17   0.905634E-17   0.305496E-16
  
   0.000000E+00   0.000000E+00   0.000000E+00   0.461553E-16   0.305496E-16  -0.245216E-16
  
   0.413106E-16  -0.498127E-17  -0.461553E-16   0.000000E+00   0.000000E+00   0.000000E+00
  
  -0.498127E-17  -0.905634E-17  -0.305496E-16   0.000000E+00   0.000000E+00   0.000000E+00
  
  -0.461553E-16  -0.305496E-16   0.245216E-16   0.000000E+00   0.000000E+00   0.000000E+00
  
 
     Number of q in the star =    4
     List of q in the star:
          1   0.504071732  -0.504071732   0.504071732
          2  -0.504071732  -0.504071732  -0.504071732
          3  -0.504071732   0.504071732   0.504071732
          4   0.504071732   0.504071732  -0.504071732
     Phonon frequencies at q point No.  2 in q point IBZ.
      Mode(   1)=     -13.797493 [THz]    -460.234824 [cm-1]
      Mode(   2)=     -13.797493 [THz]    -460.234824 [cm-1]
      Mode(   3)=      21.276324 [THz]     709.701765 [cm-1]
      Mode(   4)=      35.472503 [THz]    1183.235337 [cm-1]
      Mode(   5)=      36.578865 [THz]    1220.139602 [cm-1]
      Mode(   6)=      36.578865 [THz]    1220.139602 [cm-1]
 current_iq =            2 iqq =            1  iq =            2
 g0 =  -1.119264086439259E-016  1.119264086439259E-016 -1.119264086439259E-016
 current_iq =            2 iqq =            2  iq =            3
 g0 =   1.114130366405780E-016  1.124397806472739E-016  1.114130366405780E-016
 current_iq =            2 iqq =            3  iq =            8
 g0 =   -1.00814346452341        1.00814346452341        1.00814346452341     
 current_iq =            2 iqq =            4  iq =            5
 g0 =  -1.124397806472739E-016 -1.114130366405780E-016  1.114130366405780E-016
       
     --------------------------------------------------------------------------------------------
     Working on iqr = 00003 in q IBZ                                     
     --------------------------------------------------------------------------------------------
     Q-point No.    3,         8 Sym. Ops. Found,      Inv. Sym. Found.
  

     point group D_2d (-42m)
     there are  5 classes
     the character table:

       E     2S4   C2    2C2'  2s_d 
A_1    1.00  1.00  1.00  1.00  1.00
A_2    1.00  1.00  1.00 -1.00 -1.00
B_1    1.00 -1.00  1.00  1.00 -1.00
B_2    1.00 -1.00  1.00 -1.00  1.00
E      2.00  0.00 -2.00  0.00  0.00

     the symmetry operations in each class and the name of the first element:

     E        1
                                                                 
     2S4      7    8
                                                                 
     C2       4
                                                                 
     2C2'     3    5
                                                                 
     2s_d     2    6
                                                                 


     Atomic displacements:
     There are   4 irreducible representations

     Representation     1      1 modes -A_1  X_1  W_1  To be done
     Irreps are as follows:

                     mode #   1
                     (   0.00000   0.00000   ) 
                     (   0.00000   0.00000   ) 
                     (   0.00000   0.00000   ) 
                     (  -0.00000   0.00000   ) 
                     (  -1.00000   0.00000   ) 
                     (   0.00000   0.00000   ) 

     Representation     2      1 modes -B_2  X_3  W_2  To be done
     Irreps are as follows:

                     mode #   2
                     (   0.00000   0.00000   ) 
                     (  -1.00000   0.00000   ) 
                     (  -0.00000   0.00000   ) 
                     (   0.00000   0.00000   ) 
                     (   0.00000   0.00000   ) 
                     (   0.00000   0.00000   ) 

     Representation     3      2 modes -E    X_5  W_3  To be done
     Irreps are as follows:

           mode #   3                           mode #   4
           (   0.00000   0.00000   )            (   0.00000   0.00000   ) 
           (   0.00000   0.00000   )            (   0.00000   0.00000   ) 
           (   0.00000   0.00000   )            (   0.00000   0.00000   ) 
           (  -1.00000   0.00000   )            (  -0.00000   0.00000   ) 
           (   0.00000   0.00000   )            (  -0.00000   0.00000   ) 
           (   0.00000   0.00000   )            (  -1.00000   0.00000   ) 

     Representation     4      2 modes -E    X_5  W_3  To be done
     Irreps are as follows:

           mode #   5                           mode #   6
           (  -0.99847   0.00000   )            (  -0.05528   0.00000   ) 
           (  -0.00000   0.00000   )            (   0.00000   0.00000   ) 
           (   0.05528   0.00000   )            (  -0.99847   0.00000   ) 
           (   0.00000   0.00000   )            (   0.00000   0.00000   ) 
           (   0.00000   0.00000   )            (   0.00000   0.00000   ) 
           (   0.00000   0.00000   )            (   0.00000   0.00000   ) 
 time_reversal =  T skip_equiv =  F
 nrot=          48
 nsymq=           8
 minus_q= T
 magnetic_sym= F
     ===========================================================================
          K points generated with subgroup at this q point
          nsym   =   24
          nrot   =   48
          nk_ibz =    4
          xk(00000001) = (  0.000000  0.000000  0.000000) wk =   0.250000
          xk(00000002) = (  0.504072 -0.504072  0.504072) wk =   1.000000
          xk(00000003) = (  0.000000 -1.008143  0.000000) wk =   0.250000
          xk(00000004) = (  0.000000 -0.000000 -1.008143) wk =   0.500000
     ===========================================================================
  2nd deri of PP in cart basis (real part)
   0.235422E+02   0.155798E+01  -0.155798E+01   0.000000E+00   0.000000E+00   0.000000E+00
  
   0.155798E+01   0.227413E+02   0.155798E+01   0.000000E+00   0.000000E+00   0.000000E+00
  
  -0.155798E+01   0.155798E+01   0.219405E+02   0.000000E+00   0.000000E+00   0.000000E+00
  
   0.000000E+00   0.000000E+00   0.000000E+00   0.235422E+02   0.155798E+01  -0.155798E+01
  
   0.000000E+00   0.000000E+00   0.000000E+00   0.155798E+01   0.227413E+02   0.155798E+01
  
   0.000000E+00   0.000000E+00   0.000000E+00  -0.155798E+01   0.155798E+01   0.219405E+02
  
  2nd deri of PP in pattern basis (real part)
   0.227413E+02   0.000000E+00   0.155798E+01   0.155798E+01   0.000000E+00   0.000000E+00
  
   0.000000E+00   0.227413E+02   0.000000E+00   0.000000E+00   0.146947E+01   0.164172E+01
  
   0.155798E+01   0.000000E+00   0.235422E+02  -0.155798E+01   0.000000E+00   0.000000E+00
  
   0.155798E+01   0.000000E+00  -0.155798E+01   0.219405E+02   0.000000E+00   0.000000E+00
  
   0.000000E+00   0.146947E+01   0.000000E+00   0.000000E+00   0.237093E+02  -0.146005E+01
  
   0.000000E+00   0.164172E+01   0.000000E+00   0.000000E+00  -0.146005E+01   0.217734E+02
  

     Alpha used in Ewald sum =   2.5000
  Ionic contribution in cart of iq =            3
   0.270410E+01   0.355271E-14  -0.532907E-14  -0.344169E-14   0.216494E-14   0.462413E+01
 
   0.310862E-14   0.553454E+01   0.119904E-13   0.321965E-14  -0.888177E-15   0.655031E-14
 
  -0.532907E-14   0.119904E-13   0.270410E+01   0.462413E+01   0.682787E-14  -0.260902E-14
 
  -0.344169E-14   0.216494E-14   0.462413E+01   0.270410E+01   0.355271E-14  -0.532907E-14
 
   0.321965E-14  -0.888177E-15   0.655031E-14   0.310862E-14   0.553454E+01   0.119904E-13
 
   0.462413E+01   0.682787E-14  -0.260902E-14  -0.532907E-14   0.119904E-13   0.270410E+01
 
  Ionic contribution in pattern of iq =            3
   0.553454E+01  -0.888177E-15   0.260794E-14   0.127899E-13   0.118794E-14   0.744534E-14
 
  -0.888177E-15   0.553454E+01   0.326526E-14   0.600588E-14   0.279873E-14   0.119021E-13
 
   0.305203E-14   0.221055E-14   0.270410E+01  -0.532907E-14  -0.255619E+00   0.461706E+01
 
   0.127899E-13   0.628343E-14  -0.532907E-14   0.270410E+01   0.461706E+01   0.255619E+00
 
   0.119499E-15   0.324214E-14  -0.255619E+00   0.461706E+01   0.270410E+01  -0.499600E-14
 
   0.766417E-14   0.119266E-13   0.461706E+01   0.255619E+00  -0.499600E-14   0.270410E+01
 
       
     --------------------------------------------------------------------------------------------
     Computing drho                                                      
     --------------------------------------------------------------------------------------------
     in progress... |###                 | 015% :             < 00.1s (E)               00.2s (X)
     in progress... |######              | 030% :             < 00.1s (E)               00.2s (X)
     in progress... |##########          | 050% :               00.1s (E)               00.2s (X)
     in progress... |#############       | 065% :               00.1s (E)               00.2s (X)
     in progress... |################    | 080% :               00.1s (E)               00.2s (X)
     in progress... |####################| 100% :               00.2s (E)               00.2s (X)
     --------------------------------------------------------------------------------------------
       
     --------------------------------------------------------------------------------------------
     Reading eigenpotentials at this q point                             
     --------------------------------------------------------------------------------------------
     in progress... |#                   | 005% :             < 00.1s (E)             < 00.1s (X)
     in progress... |##                  | 010% :             < 00.1s (E)             < 00.1s (X)
     in progress... |###                 | 015% :             < 00.1s (E)             < 00.1s (X)
     in progress... |####                | 020% :             < 00.1s (E)             < 00.1s (X)
     in progress... |#####               | 025% :             < 00.1s (E)             < 00.1s (X)
     in progress... |######              | 030% :             < 00.1s (E)             < 00.1s (X)
     in progress... |#######             | 035% :             < 00.1s (E)             < 00.1s (X)
     in progress... |########            | 040% :             < 00.1s (E)             < 00.1s (X)
     in progress... |#########           | 045% :             < 00.1s (E)             < 00.1s (X)
     in progress... |##########          | 050% :             < 00.1s (E)             < 00.1s (X)
     in progress... |###########         | 055% :             < 00.1s (E)             < 00.1s (X)
     in progress... |############        | 060% :             < 00.1s (E)             < 00.1s (X)
     in progress... |#############       | 065% :             < 00.1s (E)             < 00.1s (X)
     in progress... |##############      | 070% :             < 00.1s (E)             < 00.1s (X)
     in progress... |###############     | 075% :             < 00.1s (E)             < 00.1s (X)
     in progress... |################    | 080% :             < 00.1s (E)             < 00.1s (X)
     in progress... |#################   | 085% :             < 00.1s (E)             < 00.1s (X)
     in progress... |##################  | 090% :             < 00.1s (E)             < 00.1s (X)
     in progress... |################### | 095% :             < 00.1s (E)             < 00.1s (X)
     --------------------------------------------------------------------------------------------
       
     --------------------------------------------------------------------------------------------
     Computing elec elec part                                            
     --------------------------------------------------------------------------------------------
     in progress... |###                 | 015% :             < 00.1s (E)             < 00.1s (X)
     in progress... |######              | 030% :             < 00.1s (E)             < 00.1s (X)
     in progress... |##########          | 050% :             < 00.1s (E)             < 00.1s (X)
     in progress... |#############       | 065% :             < 00.1s (E)             < 00.1s (X)
     in progress... |################    | 080% :             < 00.1s (E)             < 00.1s (X)
     in progress... |####################| 100% :             < 00.1s (E)             < 00.1s (X)
     --------------------------------------------------------------------------------------------
 Dynmat after symmetrization (real part)
   0.405364E+00   0.000000E+00   0.000000E+00  -0.971445E-16  -0.275286E-16   0.365413E+00
  
   0.277556E-15   0.982552E+00   0.555112E-16  -0.275286E-16  -0.226947E-18   0.279825E-16
  
   0.555112E-16  -0.111022E-15   0.405364E+00   0.365413E+00   0.141047E-16  -0.141047E-16
  
   0.138778E-16   0.834937E-16   0.365413E+00   0.405364E+00  -0.555112E-16  -0.166533E-15
  
   0.834937E-16   0.110795E-15   0.139005E-15   0.000000E+00   0.982552E+00  -0.222045E-15
  
   0.365413E+00   0.125127E-15   0.969176E-16  -0.166533E-15  -0.166533E-15   0.405364E+00
  
 Dynmat after symmetrization (imag part)
   0.000000E+00   0.000000E+00   0.000000E+00  -0.453702E-15  -0.417519E-25  -0.265337E-15
  
   0.000000E+00   0.000000E+00   0.000000E+00  -0.825299E-26  -0.179801E-15  -0.825299E-26
  
   0.000000E+00   0.000000E+00   0.000000E+00  -0.265337E-15  -0.417519E-25  -0.453702E-15
  
   0.453702E-15   0.825311E-26   0.265337E-15   0.000000E+00   0.000000E+00   0.000000E+00
  
   0.417520E-25   0.179801E-15   0.417520E-25   0.000000E+00   0.000000E+00   0.000000E+00
  
   0.265337E-15   0.825316E-26   0.453702E-15   0.000000E+00   0.000000E+00   0.000000E+00
  
 
     Number of q in the star =    3
     List of q in the star:
          1   0.000000000  -1.008143465   0.000000000
          2   0.000000000  -0.000000000  -1.008143465
          3   1.008143465   0.000000000   0.000000000
     Phonon frequencies at q point No.  3 in q point IBZ.
      Mode(   1)=       6.284659 [THz]     209.633674 [cm-1]
      Mode(   2)=       6.284659 [THz]     209.633674 [cm-1]
      Mode(   3)=      27.604815 [THz]     920.797511 [cm-1]
      Mode(   4)=      27.604815 [THz]     920.797511 [cm-1]
      Mode(   5)=      31.167221 [THz]    1039.626588 [cm-1]
      Mode(   6)=      31.167221 [THz]    1039.626589 [cm-1]
 current_iq =            4 iqq =            1  iq =            4
 g0 =  -7.940156071191865E-019  2.230588016807327E-016  7.940156071191865E-019
 current_iq =            4 iqq =            2  iq =            7
 g0 =  -2.327283995767442E-019  2.327283995767442E-019  2.236200888882751E-016
 current_iq =            4 iqq =            3  iq =            6
 g0 =  -2.248745199129625E-016 -1.021702625110681E-018 -1.021702625110693E-018
     WELPH        :     4.22s CPU         7.74s WALL

     welph_readin :      0.31s CPU      0.32s WALL (       1 calls)
     fetch_input  :      0.01s CPU      0.01s WALL (       2 calls)
     read_xml     :      0.23s CPU      0.24s WALL (       1 calls)
     init_vloc    :      0.00s CPU      0.00s WALL (       2 calls)
     fft          :      0.04s CPU      0.05s WALL (    1033 calls)
     fft_scatter  :      1.00s CPU      1.10s WALL (   47199 calls)
     v_of_rho     :      0.00s CPU      0.00s WALL (       1 calls)
     v_xc         :      0.00s CPU      0.00s WALL (       1 calls)
     v_h          :      0.00s CPU      0.00s WALL (       1 calls)
     read_wave    :      0.07s CPU      0.08s WALL (       1 calls)
     davcio       :      0.01s CPU      0.02s WALL (     398 calls)
     init_us_1    :      0.00s CPU      0.00s WALL (       2 calls)
     do_setup     :      0.01s CPU      0.01s WALL (       1 calls)
     init_pw_ar   :      0.00s CPU      0.00s WALL (       1 calls)
     init_at_1    :      0.00s CPU      0.00s WALL (       1 calls)
     setup_dmuxc  :      0.00s CPU      0.00s WALL (       1 calls)
     build_chi    :      1.43s CPU      1.97s WALL (       1 calls)
     sqvc_init    :      0.00s CPU      0.00s WALL (       6 calls)
     pdep_db      :      0.34s CPU      0.37s WALL (       3 calls)
     fftw         :      1.24s CPU      1.35s WALL (   46124 calls)
     diagh        :      0.39s CPU      0.40s WALL (      14 calls)
     init_us_2    :      0.00s CPU      0.00s WALL (     317 calls)
     calbec       :      0.06s CPU      0.07s WALL (    2730 calls)
     drho         :      0.56s CPU      0.64s WALL (       3 calls)
     ffts         :      0.00s CPU      0.00s WALL (      42 calls)
     alphapc      :      0.00s CPU      0.00s WALL (      90 calls)
     linstern     :      0.62s CPU      0.67s WALL (      90 calls)
     stern        :      0.53s CPU      0.58s WALL (    1948 calls)
     h_psi_bgrp   :      0.49s CPU      0.53s WALL (    1948 calls)
     h_psi        :      0.48s CPU      0.53s WALL (    1948 calls)
     h_psi:pot    :      0.48s CPU      0.52s WALL (    1948 calls)
     vloc_psi     :      0.42s CPU      0.46s WALL (    1948 calls)
     h_psi:calbec :      0.05s CPU      0.05s WALL (    1948 calls)
     add_vuspsi   :      0.01s CPU      0.01s WALL (    1948 calls)
     alphapv      :      0.04s CPU      0.04s WALL (    1948 calls)
     gather_grid  :      0.01s CPU      0.01s WALL (     126 calls)
     scatter_grid :      0.01s CPU      0.01s WALL (      93 calls)
     psymdvscf    :      0.13s CPU      0.13s WALL (      10 calls)
     cgather      :      0.01s CPU      0.01s WALL (      21 calls)
     symdvscf     :      0.12s CPU      0.12s WALL (      10 calls)
     eigpot_io    :      0.13s CPU      0.15s WALL (       3 calls)
     dynmat       :      0.05s CPU      0.05s WALL (       3 calls)
     commutator_H :      0.00s CPU      0.00s WALL (      36 calls)
     stres_us31   :      0.00s CPU      0.00s WALL (      36 calls)
     stres_us32   :      0.00s CPU      0.00s WALL (      36 calls)
     stres_us33   :      0.00s CPU      0.00s WALL (      36 calls)
     stres_us34   :      0.00s CPU      0.00s WALL (      36 calls)
     rotate_WHxc_ :      0.10s CPU      0.29s WALL (       3 calls)
 
     WELPH        :     4.23s CPU         7.75s WALL

 
   This run was terminated on:   9: 1:16   8Dec2020            

=------------------------------------------------------------------------------=
   JOB DONE.
=------------------------------------------------------------------------------=
