
     Program WSTAT v. 3.1.1 starts on  8Dec2020 at  9: 0: 6 

     This program is part of the open-source West suite
     for massively parallel calculations of excited states in materials; please cite
         "M. Govoni et al., J. Chem. Theory Comput. 11, 2680 (2015);
          URL http://www.west-code.org", 
     in publications or presentations arising from this work.

     Based on the Quantum ESPRESSO v. 6.1 svn rev. 13369

     I/O is Little Endian
       
     --------------------------------------------------------------------------------------------
     **MPI** Parallelization Status                                      
     --------------------------------------------------------------------------------------------
                    40                   2             1             1            20
     --------------------------------------------------------------------------------------------
                     N         =         I      X      P      X      B      X      Z
                     ^                   ^             ^             ^             ^
                     |                   |             |             |             |
                   #rnk                  |             |             |             |
                                      #image           |             |             |
                                                     #pool           |             |
                                                                   #bgrp           |
                                                                                 #R&G
     --------------------------------------------------------------------------------------------
     **OPENMP** Parallelization Status
     #thr/rnk               =            1
     --------------------------------------------------------------------------------------------
     #prc = (rnk) * (thr) =           40
     --------------------------------------------------------------------------------------------
       
     --------------------------------------------------------------------------------------------
     I/O Summary : input_west                                            
     --------------------------------------------------------------------------------------------
     qe_prefix      = c
     west_prefix    = c
     outdir         = ./
     --------------------------------------------------------------------------------------------

     Reading data from directory:
     ./c.save

   Info: using nr1, nr2, nr3 values from input

   Info: using nr1, nr2, nr3 values from input

     IMPORTANT: XC functional enforced from input :
     Exchange-correlation      = PZ ( 1  1  0  0 0 0)
     Any further DFT definition will be discarded
     Please, verify this is what you really want

               file C.pz-mt.fhi.UPF: wavefunction(s)  3d renormalized
 
     Parallelization info
     --------------------
     sticks:   dense  smooth     PW     G-vecs:    dense   smooth      PW
     Min          18      18      6                  231      231      42
     Max          19      19      7                  235      235      44
     Sum         367     367    121                 4645     4645     869
 
       
     --------------------------------------------------------------------------------------------
     I/O Summary : wstat_control                                         
     --------------------------------------------------------------------------------------------
     wstat_calculation              =              S
     n_pdep_eigen                   =            200
     n_pdep_times                   =              4
     n_pdep_maxiter                 =            100
     n_dfpt_maxiter                 =            250
     n_pdep_read_from_file          =              0
     trev_pdep                      =   1.000000E-03
     trev_pdep_rel                  =   1.000000E-01
     tr2_dfpt                       =   1.000000E-12
     l_kinetic_only                 =              F
     l_minimize_exx_if_active       =              F
     l_use_ecutrho                  =              F
     l_use_symm                     =              T
     nq(1)                          =              2
     nq(2)                          =              2
     nq(3)                          =              2
     --------------------------------------------------------------------------------------------
       
     --------------------------------------------------------------------------------------------
     System Overview                                                     
     --------------------------------------------------------------------------------------------
     gamma_only           =              F
     ecutwfc [Ry]         =      60.000000
     ecutrho [Ry]         =     240.000000
     omega [au^3]         =   7.349594E+01
     nbnd                 =              8
     nkstot               =              8
     nspin                =              1
     nelec                =       8.000000
     npol                 =              1
     lsda                 =              F
     noncolin             =              F
     lspinorb             =              F
     domag                =              F
     --------------------------------------------------------------------------------------------

     3DFFT grid
        s : (  24,  24,  24)
        p : (  24,  24,  24)

     Direct Lattice Cell [a.u.]
        a1 = (    -3.3246387    -0.0000000     3.3246387)
        a2 = (    -0.0000000     3.3246387     3.3246387)
        a3 = (    -3.3246387     3.3246387    -0.0000000)

     Reciprocal Lattice Cell [a.u.]
        b1 = (    -0.9449426    -0.9449426     0.9449426)
        b2 = (     0.9449426     0.9449426     0.9449426)
        b3 = (    -0.9449426     0.9449426    -0.9449426)
      

     Brillouin Zone sampling [cryst. coord.]
 
        k(000001) = (     0.0000000     0.0000000     0.0000000)
        k(000002) = (     0.0000000     0.0000000    -0.5000000)
        k(000003) = (     0.0000000    -0.5000000     0.0000000)
        k(000004) = (     0.0000000    -0.5000000    -0.5000000)
        k(000005) = (    -0.5000000     0.0000000     0.0000000)
        k(000006) = (    -0.5000000    -0.0000000    -0.5000000)
        k(000007) = (    -0.5000000    -0.5000000     0.0000000)
        k(000008) = (    -0.5000000    -0.5000000    -0.5000000)
 
        q(000001) = (     0.0000000     0.0000000     0.0000000)
        q(000002) = (     0.0000000     0.0000000    -0.5000000)
        q(000003) = (     0.0000000    -0.5000000     0.0000000)
        q(000004) = (     0.0000000    -0.5000000    -0.5000000)
        q(000005) = (    -0.5000000     0.0000000     0.0000000)
        q(000006) = (    -0.5000000     0.0000000    -0.5000000)
        q(000007) = (    -0.5000000    -0.5000000     0.0000000)
        q(000008) = (    -0.5000000    -0.5000000    -0.5000000)
     ===========================================================================
          nsym   =   24
          nrot   =   48
          nq_ibz =    3
          Q-point IBZ [ cart  coord ]
          xq(00000001) = (  0.000000  0.000000  0.000000) wq =   0.125000
          xq(00000002) = (  0.504072 -0.504072  0.504072) wq =   0.500000
          xq(00000003) = (  0.000000 -1.008143  0.000000) wq =   0.375000
          Q-point IBZ [ cryst coord ]
          xq(00000001) = (  0.000000  0.000000  0.000000) wq =   0.125000
          xq(00000002) = (  0.000000  0.000000 -0.500000) wq =   0.500000
          xq(00000003) = (  0.000000 -0.500000 -0.500000) wq =   0.375000
     ===========================================================================
       
     --------------------------------------------------------------------------------------------
     Parallelization for nvecx                                           
     --------------------------------------------------------------------------------------------
     nglob                =            800
     nlevel               =              2
     Min nglob/nlevel     =            400
     Max nglob/nlevel     =            400
     --------------------------------------------------------------------------------------------

     [MEM] ----------------------------------------------------------
     [MEM] **Memory** analysis: QE
     [MEM] ----------------------------------------------------------
     [MEM] Allocated arrays           est. size (Mb)     dimensions
     [MEM] ----------------------------------------------------------
     [MEM] Kohn-Sham Wavefunctions       0.00 Mb     (     32,    8)
     [MEM] NL pseudopotentials           0.00 Mb     (     32,    8)
     [MEM] Each V/rho on FFT grid        0.02 Mb     (   1152)
     [MEM] Each G-vector array           0.00 Mb     (    232)
     [MEM] G-vector shells               0.00 Mb     (     69)
     [MEM] ----------------------------------------------------------
     [MEM] TOT                           0.03 Mb
     [MEM] ----------------------------------------------------------
     [MEM] 
     [MEM] ----------------------------------------------------------
     [MEM] **Memory** analysis: WSTAT global
     [MEM] ----------------------------------------------------------
     [MEM] Allocated arrays           est. size (Mb)     dimensions
     [MEM] ----------------------------------------------------------
     [MEM] dvg                           0.20 Mb     (     32,  400)
     [MEM] dng                           0.20 Mb     (     32,  400)
     [MEM] hr_distr                      4.88 Mb     (    800,  400)
     [MEM] vr_distr                      4.88 Mb     (    800,  400)
     [MEM] ----------------------------------------------------------
     [MEM] TOT                          10.16 Mb
     [MEM] ----------------------------------------------------------
     [MEM] 
     [MEM] ----------------------------------------------------------
     [MEM] **Memory** analysis: WSTAT temporary
     [MEM] ----------------------------------------------------------
     [MEM] Allocated arrays           est. size (Mb)     dimensions
     [MEM] ----------------------------------------------------------
     [MEM] dvpsi                         0.00 Mb     (     32,    4)
     [MEM] dpsi                          0.00 Mb     (     32,    4)
     [MEM] ----------------------------------------------------------
     [MEM] Total estimate                0.00 Mb
     [MEM] ----------------------------------------------------------
 
     Divergence =   5.923922E-01

     ================================================================
     PDEP calculation at q(00001) = (    0.0000    0.0000    0.0000 )
     ----------------------------------------------------------------

                       *----------*              *----------*               *----------*
     #     Iteration = | starting |   DFPT_dim = |      200 |   Diago_dim = |      200 |  x 1/2
                       *----------*              *----------*               *----------*
     per-process dynamical memory    21.0 Mb
  
       
     --------------------------------------------------------------------------------------------
     Sternheimer eq. solver... with lite-solver                          
     --------------------------------------------------------------------------------------------
     in progress... |#                   | 005% :             < 00.1s (E)               00.5s (X)
     in progress... |##                  | 010% :             < 00.1s (E)               00.4s (X)
     in progress... |###                 | 015% :             < 00.1s (E)               00.4s (X)
     in progress... |####                | 020% :             < 00.1s (E)               00.4s (X)
     in progress... |#####               | 025% :               00.1s (E)               00.4s (X)
     in progress... |######              | 030% :               00.1s (E)               00.4s (X)
     in progress... |#######             | 035% :               00.1s (E)               00.4s (X)
     in progress... |########            | 040% :               00.1s (E)               00.4s (X)
     in progress... |#########           | 045% :               00.2s (E)               00.4s (X)
     in progress... |##########          | 050% :               00.2s (E)               00.4s (X)
     in progress... |###########         | 055% :               00.2s (E)               00.4s (X)
     in progress... |############        | 060% :               00.2s (E)               00.4s (X)
     in progress... |#############       | 065% :               00.3s (E)               00.4s (X)
     in progress... |##############      | 070% :               00.3s (E)               00.4s (X)
     in progress... |###############     | 075% :               00.3s (E)               00.4s (X)
     in progress... |################    | 080% :               00.3s (E)               00.4s (X)
     in progress... |#################   | 085% :               00.4s (E)               00.4s (X)
     in progress... |##################  | 090% :               00.4s (E)               00.4s (X)
     in progress... |################### | 095% :               00.4s (E)               00.4s (X)
     in progress... |####################| 100% :               00.4s (E)               00.4s (X)
     --------------------------------------------------------------------------------------------

     [I/O] -------------------------------------------------------
     [I/O] RESTART written in < 00.1s             
     [I/O] In location   : ./c.wstat.restart
     [I/O] -------------------------------------------------------

                       *----------*              *----------*               *----------*
     #     Iteration = | starting |   DFPT_dim = |      200 |   Diago_dim = |      200 |  x 2/2
                       *----------*              *----------*               *----------*
     per-process dynamical memory    25.3 Mb
  
       
     --------------------------------------------------------------------------------------------
     Sternheimer eq. solver... with threshold =   1.000000E-06           
     --------------------------------------------------------------------------------------------
     in progress... |#                   | 005% :               00.2s (E)               04.2s (X)
     in progress... |##                  | 010% :               00.4s (E)               04.1s (X)
     in progress... |###                 | 015% :               00.6s (E)               04.1s (X)
     in progress... |####                | 020% :               00.8s (E)               04.0s (X)
     in progress... |#####               | 025% :               00.9s (E)               03.9s (X)
     in progress... |######              | 030% :               01.1s (E)               03.9s (X)
     in progress... |#######             | 035% :               01.3s (E)               03.8s (X)
     in progress... |########            | 040% :               01.5s (E)               03.8s (X)
     in progress... |#########           | 045% :               01.7s (E)               03.7s (X)
     in progress... |##########          | 050% :               01.8s (E)               03.7s (X)
     in progress... |###########         | 055% :               02.0s (E)               03.7s (X)
     in progress... |############        | 060% :               02.2s (E)               03.7s (X)
     in progress... |#############       | 065% :               02.4s (E)               03.7s (X)
     in progress... |##############      | 070% :               02.5s (E)               03.6s (X)
     in progress... |###############     | 075% :               02.7s (E)               03.6s (X)
     in progress... |################    | 080% :               02.9s (E)               03.6s (X)
     in progress... |#################   | 085% :               03.1s (E)               03.6s (X)
     in progress... |##################  | 090% :               03.2s (E)               03.6s (X)
     in progress... |################### | 095% :               03.4s (E)               03.6s (X)
     in progress... |####################| 100% :               03.6s (E)               03.6s (X)
     --------------------------------------------------------------------------------------------
     p-DIAGOX done in < 00.1s with a SCALAPACK grid (6x6)
     --------------------------------------------------------------------------------------------
        
       -2.33921  -0.73497  -0.73497  -0.73495  -0.49549  -0.49548  -0.49547  -0.48085  -0.48071
       -0.46523  -0.30396  -0.30386  -0.30383  -0.27170  -0.27169  -0.27168  -0.19958  -0.19956
       -0.19953  -0.16240  -0.16226  -0.15389  -0.15387  -0.15382  -0.14513  -0.14090  -0.11125
       -0.11115  -0.11111  -0.08588  -0.08586  -0.08583  -0.08034  -0.08012  -0.07022  -0.07012
       -0.06903  -0.06897  -0.06891  -0.06796  -0.06795  -0.06790  -0.06788  -0.05960  -0.04889
       -0.04888  -0.04880  -0.04834  -0.04829  -0.04822  -0.03768  -0.03737  -0.03731  -0.03712
       -0.03631  -0.03624  -0.03610  -0.03560  -0.03552  -0.03548  -0.03540  -0.03532  -0.03525
       -0.03248  -0.03242  -0.03230  -0.02939  -0.02932  -0.02920  -0.02784  -0.02478  -0.02455
       -0.02340  -0.02333  -0.02302  -0.02298  -0.02290  -0.02282  -0.02270  -0.02267  -0.02238
       -0.02092  -0.02059  -0.01958  -0.01946  -0.01936  -0.01923  -0.01908  -0.01877  -0.01846
       -0.01829  -0.01820  -0.01791  -0.01783  -0.01765  -0.01709  -0.01700  -0.01699  -0.01604
       -0.01495  -0.01477  -0.01468  -0.01448  -0.01438  -0.01408  -0.01360  -0.01331  -0.01317
       -0.01301  -0.01295  -0.01246  -0.01242  -0.01233  -0.01221  -0.01210  -0.01197  -0.01190
       -0.01173  -0.01151  -0.01137  -0.01130  -0.01121  -0.01107  -0.01106  -0.01088  -0.01082
       -0.01073  -0.01066  -0.01045  -0.01037  -0.01031  -0.01018  -0.01009  -0.01002  -0.00996
       -0.00983  -0.00978  -0.00968  -0.00956  -0.00935  -0.00927  -0.00914  -0.00898  -0.00890
       -0.00877  -0.00859  -0.00842  -0.00832  -0.00789  -0.00762  -0.00752  -0.00750  -0.00730
       -0.00723  -0.00704  -0.00698  -0.00687  -0.00682  -0.00674  -0.00665  -0.00657  -0.00649
       -0.00643  -0.00636  -0.00633  -0.00629  -0.00618  -0.00604  -0.00597  -0.00591  -0.00582
       -0.00578  -0.00573  -0.00562  -0.00559  -0.00551  -0.00548  -0.00541  -0.00533  -0.00522
       -0.00517  -0.00510  -0.00508  -0.00498  -0.00491  -0.00488  -0.00480  -0.00468  -0.00452
       -0.00448  -0.00442  -0.00434  -0.00429  -0.00421  -0.00416  -0.00406  -0.00391  -0.00381
       -0.00373  -0.00367
        
     --------------------------------------------------------------------------------------------
     Tot. elapsed time 05.6s,  time spent in last iteration 05.6s
     --------------------------------------------------------------------------------------------

     [I/O] -------------------------------------------------------
     [I/O] RESTART written in < 00.1s             
     [I/O] In location   : ./c.wstat.restart
     [I/O] -------------------------------------------------------

                       *----------*              *----------*               *----------*
     #     Iteration = |        1 |   DFPT_dim = |      200 |   Diago_dim = |      400 |
                       *----------*              *----------*               *----------*
     per-process dynamical memory    26.0 Mb
  
       
     --------------------------------------------------------------------------------------------
     Sternheimer eq. solver... with threshold =   1.000000E-12           
     --------------------------------------------------------------------------------------------
     in progress... |#                   | 005% :               00.2s (E)               05.9s (X)
     in progress... |##                  | 010% :               00.5s (E)               05.8s (X)
     in progress... |###                 | 015% :               00.8s (E)               05.8s (X)
     in progress... |####                | 020% :               01.1s (E)               05.8s (X)
     in progress... |#####               | 025% :               01.4s (E)               05.8s (X)
     in progress... |######              | 030% :               01.7s (E)               05.8s (X)
     in progress... |#######             | 035% :               02.0s (E)               05.8s (X)
     in progress... |########            | 040% :               02.2s (E)               05.7s (X)
     in progress... |#########           | 045% :               02.5s (E)               05.6s (X)
     in progress... |##########          | 050% :               02.7s (E)               05.5s (X)
     in progress... |###########         | 055% :               03.0s (E)               05.5s (X)
     in progress... |############        | 060% :               03.3s (E)               05.5s (X)
     in progress... |#############       | 065% :               03.6s (E)               05.5s (X)
     in progress... |##############      | 070% :               03.8s (E)               05.5s (X)
     in progress... |###############     | 075% :               04.1s (E)               05.4s (X)
     in progress... |################    | 080% :               04.3s (E)               05.4s (X)
     in progress... |#################   | 085% :               04.6s (E)               05.4s (X)
     in progress... |##################  | 090% :               04.8s (E)               05.4s (X)
     in progress... |################### | 095% :               05.1s (E)               05.4s (X)
     in progress... |####################| 100% :               05.4s (E)               05.4s (X)
     --------------------------------------------------------------------------------------------
     p-DIAGOX done in 00.1s with a SCALAPACK grid (6x6)
     --------------------------------------------------------------------------------------------
        
       -2.33926  -0.73503  -0.73503  -0.73503  -0.49553  -0.49553  -0.49553  -0.48121  -0.48121
       -0.46526  -0.30449  -0.30449  -0.30449  -0.27173  -0.27173  -0.27173  -0.19964  -0.19964
       -0.19964  -0.16273  -0.16273  -0.15401  -0.15401  -0.15401  -0.14519  -0.14093  -0.11164
       -0.11164  -0.11164  -0.08599  -0.08599  -0.08599  -0.08090  -0.08090  -0.07041  -0.07041
       -0.06914  -0.06914  -0.06914  -0.06806  -0.06806  -0.06806  -0.06803  -0.05976  -0.04898
       -0.04898  -0.04898  -0.04857  -0.04857  -0.04857  -0.03804  -0.03766  -0.03766  -0.03766
       -0.03677  -0.03677  -0.03677  -0.03590  -0.03590  -0.03590  -0.03581  -0.03581  -0.03568
       -0.03267  -0.03267  -0.03267  -0.02964  -0.02964  -0.02964  -0.02812  -0.02548  -0.02548
       -0.02398  -0.02398  -0.02398  -0.02338  -0.02338  -0.02338  -0.02336  -0.02336  -0.02336
       -0.02143  -0.02143  -0.02001  -0.02001  -0.02001  -0.01973  -0.01973  -0.01959  -0.01895
       -0.01895  -0.01895  -0.01841  -0.01841  -0.01841  -0.01758  -0.01757  -0.01757  -0.01659
       -0.01577  -0.01577  -0.01577  -0.01524  -0.01524  -0.01524  -0.01442  -0.01415  -0.01380
       -0.01380  -0.01380  -0.01328  -0.01328  -0.01301  -0.01301  -0.01298  -0.01297  -0.01297
       -0.01291  -0.01226  -0.01223  -0.01223  -0.01222  -0.01204  -0.01204  -0.01204  -0.01176
       -0.01175  -0.01175  -0.01153  -0.01152  -0.01152  -0.01145  -0.01144  -0.01109  -0.01108
       -0.01107  -0.01080  -0.01079  -0.01078  -0.01064  -0.01063  -0.01063  -0.01063  -0.01062
       -0.01062  -0.01047  -0.01028  -0.01027  -0.00870  -0.00868  -0.00865  -0.00864  -0.00863
       -0.00861  -0.00822  -0.00821  -0.00820  -0.00818  -0.00810  -0.00798  -0.00797  -0.00789
       -0.00786  -0.00784  -0.00747  -0.00746  -0.00744  -0.00720  -0.00719  -0.00717  -0.00714
       -0.00712  -0.00706  -0.00703  -0.00702  -0.00700  -0.00697  -0.00696  -0.00695  -0.00694
       -0.00693  -0.00692  -0.00690  -0.00686  -0.00684  -0.00681  -0.00676  -0.00673  -0.00668
       -0.00662  -0.00634  -0.00631  -0.00625  -0.00594  -0.00593  -0.00590  -0.00586  -0.00583
       -0.00581  -0.00573
        
     --------------------------------------------------------------------------------------------
     Tot. elapsed time 11.6s,  time spent in last iteration 05.6s
     --------------------------------------------------------------------------------------------

     [I/O] -------------------------------------------------------
     [I/O] RESTART written in < 00.1s             
     [I/O] In location   : ./c.wstat.restart
     [I/O] -------------------------------------------------------

                       *----------*              *----------*               *----------*
     #     Iteration = |        2 |   DFPT_dim = |       81 |   Diago_dim = |      481 |
                       *----------*              *----------*               *----------*
     per-process dynamical memory    26.9 Mb
  
       
     --------------------------------------------------------------------------------------------
     Sternheimer eq. solver... with threshold =   1.000000E-12           
     --------------------------------------------------------------------------------------------
     in progress... |#                   | 005% :               00.1s (E)               02.6s (X)
     in progress... |##                  | 010% :               00.2s (E)               02.5s (X)
     in progress... |###                 | 015% :               00.3s (E)               02.5s (X)
     in progress... |####                | 020% :               00.5s (E)               02.5s (X)
     in progress... |#####               | 025% :               00.6s (E)               02.4s (X)
     in progress... |######              | 030% :               00.7s (E)               02.4s (X)
     in progress... |#######             | 035% :               00.8s (E)               02.4s (X)
     in progress... |########            | 040% :               00.9s (E)               02.3s (X)
     in progress... |#########           | 045% :               01.0s (E)               02.3s (X)
     in progress... |##########          | 050% :               01.1s (E)               02.2s (X)
     in progress... |###########         | 055% :               01.2s (E)               02.2s (X)
     in progress... |############        | 060% :               01.3s (E)               02.2s (X)
     in progress... |#############       | 065% :               01.4s (E)               02.2s (X)
     in progress... |##############      | 070% :               01.5s (E)               02.2s (X)
     in progress... |###############     | 075% :               01.6s (E)               02.2s (X)
     in progress... |################    | 080% :               01.8s (E)               02.2s (X)
     in progress... |#################   | 085% :               01.9s (E)               02.2s (X)
     in progress... |##################  | 090% :               02.0s (E)               02.2s (X)
     in progress... |################### | 095% :               02.1s (E)               02.2s (X)
     in progress... |####################| 100% :               02.2s (E)               02.2s (X)
     --------------------------------------------------------------------------------------------
     p-DIAGOX done in 00.1s with a SCALAPACK grid (6x6)
     --------------------------------------------------------------------------------------------
        
       -2.33926  -0.73503  -0.73503  -0.73503  -0.49553  -0.49553  -0.49553  -0.48121  -0.48121
       -0.46526  -0.30449  -0.30449  -0.30449  -0.27173  -0.27173  -0.27173  -0.19964  -0.19964
       -0.19964  -0.16273  -0.16273  -0.15401  -0.15401  -0.15401  -0.14519  -0.14093  -0.11164
       -0.11164  -0.11164  -0.08599  -0.08599  -0.08599  -0.08090  -0.08090  -0.07041  -0.07041
       -0.06914  -0.06914  -0.06914  -0.06806  -0.06806  -0.06806  -0.06803  -0.05976  -0.04898
       -0.04898  -0.04898  -0.04857  -0.04857  -0.04857  -0.03804  -0.03766  -0.03766  -0.03766
       -0.03677  -0.03677  -0.03677  -0.03590  -0.03590  -0.03590  -0.03581  -0.03581  -0.03568
       -0.03267  -0.03267  -0.03267  -0.02964  -0.02964  -0.02964  -0.02812  -0.02548  -0.02548
       -0.02398  -0.02398  -0.02398  -0.02338  -0.02338  -0.02338  -0.02336  -0.02336  -0.02336
       -0.02143  -0.02143  -0.02001  -0.02001  -0.02001  -0.01973  -0.01973  -0.01959  -0.01895
       -0.01895  -0.01895  -0.01841  -0.01841  -0.01841  -0.01758  -0.01758  -0.01758  -0.01659
       -0.01577  -0.01577  -0.01577  -0.01525  -0.01525  -0.01525  -0.01443  -0.01416  -0.01381
       -0.01381  -0.01381  -0.01329  -0.01329  -0.01302  -0.01302  -0.01298  -0.01298  -0.01298
       -0.01292  -0.01227  -0.01224  -0.01224  -0.01224  -0.01205  -0.01205  -0.01205  -0.01177
       -0.01177  -0.01177  -0.01153  -0.01153  -0.01153  -0.01146  -0.01146  -0.01109  -0.01109
       -0.01109  -0.01081  -0.01081  -0.01081  -0.01065  -0.01065  -0.01065  -0.01064  -0.01064
       -0.01064  -0.01050  -0.01029  -0.01029  -0.00871  -0.00871  -0.00871  -0.00867  -0.00867
       -0.00867  -0.00826  -0.00825  -0.00825  -0.00825  -0.00814  -0.00803  -0.00803  -0.00793
       -0.00793  -0.00793  -0.00752  -0.00752  -0.00752  -0.00723  -0.00723  -0.00723  -0.00720
       -0.00720  -0.00710  -0.00710  -0.00710  -0.00706  -0.00706  -0.00701  -0.00701  -0.00700
       -0.00700  -0.00700  -0.00698  -0.00698  -0.00698  -0.00688  -0.00688  -0.00688  -0.00681
       -0.00674  -0.00639  -0.00639  -0.00639  -0.00601  -0.00601  -0.00601  -0.00595  -0.00595
       -0.00595  -0.00581
        
     --------------------------------------------------------------------------------------------
     Tot. elapsed time 15.6s,  time spent in last iteration 02.5s
     --------------------------------------------------------------------------------------------
      
     --------------------------------------------------------------------------------------------
     SAVE written in 00.4s               
     In location : ./c.wstat.save
     --------------------------------------------------------------------------------------------
       
     --------------------------------------------------------------------------------------------
     Convergence achieved !!! in        2 steps                          
     --------------------------------------------------------------------------------------------
 
     Number of q in the star =    1
     List of q in the star:
          1   0.000000000   0.000000000   0.000000000
 imq =            1
 ichosen_sym(           1 ) =            1
 Index in this start is :            1
 Index in q_grid is :            1

     ================================================================
     PDEP calculation at q(00002) = (    0.5041   -0.5041    0.5041 )
     ----------------------------------------------------------------

                       *----------*              *----------*               *----------*
     #     Iteration = | starting |   DFPT_dim = |      200 |   Diago_dim = |      200 |  x 1/2
                       *----------*              *----------*               *----------*
     per-process dynamical memory    35.7 Mb
  
       
     --------------------------------------------------------------------------------------------
     Sternheimer eq. solver... with lite-solver                          
     --------------------------------------------------------------------------------------------
     in progress... |#                   | 005% :             < 00.1s (E)               00.4s (X)
     in progress... |##                  | 010% :             < 00.1s (E)               00.4s (X)
     in progress... |###                 | 015% :             < 00.1s (E)               00.4s (X)
     in progress... |####                | 020% :             < 00.1s (E)               00.4s (X)
     in progress... |#####               | 025% :               00.1s (E)               00.4s (X)
     in progress... |######              | 030% :               00.1s (E)               00.4s (X)
     in progress... |#######             | 035% :               00.1s (E)               00.4s (X)
     in progress... |########            | 040% :               00.1s (E)               00.4s (X)
     in progress... |#########           | 045% :               00.2s (E)               00.4s (X)
     in progress... |##########          | 050% :               00.2s (E)               00.4s (X)
     in progress... |###########         | 055% :               00.2s (E)               00.4s (X)
     in progress... |############        | 060% :               00.2s (E)               00.4s (X)
     in progress... |#############       | 065% :               00.2s (E)               00.4s (X)
     in progress... |##############      | 070% :               00.3s (E)               00.4s (X)
     in progress... |###############     | 075% :               00.3s (E)               00.4s (X)
     in progress... |################    | 080% :               00.3s (E)               00.4s (X)
     in progress... |#################   | 085% :               00.3s (E)               00.4s (X)
     in progress... |##################  | 090% :               00.4s (E)               00.4s (X)
     in progress... |################### | 095% :               00.4s (E)               00.4s (X)
     in progress... |####################| 100% :               00.4s (E)               00.4s (X)
     --------------------------------------------------------------------------------------------

     [I/O] -------------------------------------------------------
     [I/O] RESTART written in < 00.1s             
     [I/O] In location   : ./c.wstat.restart
     [I/O] -------------------------------------------------------

                       *----------*              *----------*               *----------*
     #     Iteration = | starting |   DFPT_dim = |      200 |   Diago_dim = |      200 |  x 2/2
                       *----------*              *----------*               *----------*
     per-process dynamical memory    36.0 Mb
  
       
     --------------------------------------------------------------------------------------------
     Sternheimer eq. solver... with threshold =   1.000000E-06           
     --------------------------------------------------------------------------------------------
     in progress... |#                   | 005% :               00.2s (E)               04.4s (X)
     in progress... |##                  | 010% :               00.4s (E)               04.5s (X)
     in progress... |###                 | 015% :               00.6s (E)               04.4s (X)
     in progress... |####                | 020% :               00.8s (E)               04.4s (X)
     in progress... |#####               | 025% :               01.0s (E)               04.3s (X)
     in progress... |######              | 030% :               01.2s (E)               04.2s (X)
     in progress... |#######             | 035% :               01.4s (E)               04.1s (X)
     in progress... |########            | 040% :               01.6s (E)               04.0s (X)
     in progress... |#########           | 045% :               01.8s (E)               04.0s (X)
     in progress... |##########          | 050% :               01.9s (E)               03.9s (X)
     in progress... |###########         | 055% :               02.1s (E)               03.9s (X)
     in progress... |############        | 060% :               02.3s (E)               03.8s (X)
     in progress... |#############       | 065% :               02.5s (E)               03.8s (X)
     in progress... |##############      | 070% :               02.6s (E)               03.8s (X)
     in progress... |###############     | 075% :               02.8s (E)               03.8s (X)
     in progress... |################    | 080% :               03.0s (E)               03.7s (X)
     in progress... |#################   | 085% :               03.2s (E)               03.7s (X)
     in progress... |##################  | 090% :               03.3s (E)               03.7s (X)
     in progress... |################### | 095% :               03.5s (E)               03.7s (X)
     in progress... |####################| 100% :               03.7s (E)               03.7s (X)
     --------------------------------------------------------------------------------------------
     p-DIAGOX done in < 00.1s with a SCALAPACK grid (6x6)
     --------------------------------------------------------------------------------------------
        
       -2.62536  -1.53716  -1.37832  -0.72749  -0.72747  -0.66003  -0.66001  -0.43977  -0.39709
       -0.39703  -0.33969  -0.30683  -0.27772  -0.27767  -0.27267  -0.27247  -0.21962  -0.19501
       -0.19020  -0.19011  -0.18943  -0.16378  -0.16370  -0.15406  -0.14532  -0.14525  -0.10602
       -0.10593  -0.10489  -0.10478  -0.09845  -0.08287  -0.08281  -0.08223  -0.08197  -0.08187
       -0.07960  -0.07784  -0.07557  -0.06972  -0.06477  -0.06472  -0.06410  -0.05860  -0.05854
       -0.05067  -0.04760  -0.04747  -0.04577  -0.04568  -0.04271  -0.04062  -0.03876  -0.03867
       -0.03822  -0.03787  -0.03776  -0.03673  -0.03420  -0.03413  -0.03406  -0.03389  -0.03371
       -0.03339  -0.03287  -0.03278  -0.03021  -0.03001  -0.02950  -0.02857  -0.02769  -0.02581
       -0.02573  -0.02310  -0.02301  -0.02254  -0.02242  -0.02237  -0.02212  -0.02198  -0.02187
       -0.02172  -0.02092  -0.02036  -0.02013  -0.01993  -0.01977  -0.01954  -0.01941  -0.01910
       -0.01888  -0.01858  -0.01845  -0.01821  -0.01784  -0.01753  -0.01746  -0.01736  -0.01709
       -0.01688  -0.01567  -0.01525  -0.01513  -0.01486  -0.01473  -0.01446  -0.01400  -0.01356
       -0.01311  -0.01300  -0.01272  -0.01266  -0.01245  -0.01220  -0.01208  -0.01195  -0.01179
       -0.01171  -0.01150  -0.01132  -0.01113  -0.01096  -0.01088  -0.01076  -0.01070  -0.01058
       -0.01045  -0.01040  -0.01031  -0.01017  -0.01010  -0.01003  -0.00997  -0.00986  -0.00978
       -0.00959  -0.00946  -0.00942  -0.00929  -0.00916  -0.00903  -0.00886  -0.00870  -0.00850
       -0.00836  -0.00821  -0.00815  -0.00802  -0.00790  -0.00772  -0.00770  -0.00760  -0.00745
       -0.00736  -0.00730  -0.00714  -0.00710  -0.00698  -0.00689  -0.00673  -0.00663  -0.00656
       -0.00648  -0.00643  -0.00635  -0.00628  -0.00624  -0.00615  -0.00607  -0.00604  -0.00595
       -0.00585  -0.00578  -0.00573  -0.00564  -0.00557  -0.00553  -0.00545  -0.00537  -0.00529
       -0.00519  -0.00503  -0.00498  -0.00488  -0.00481  -0.00475  -0.00469  -0.00462  -0.00458
       -0.00444  -0.00438  -0.00433  -0.00425  -0.00412  -0.00405  -0.00396  -0.00382  -0.00378
       -0.00367  -0.00359
        
     --------------------------------------------------------------------------------------------
     Tot. elapsed time 23.4s,  time spent in last iteration 05.9s
     --------------------------------------------------------------------------------------------

     [I/O] -------------------------------------------------------
     [I/O] RESTART written in < 00.1s             
     [I/O] In location   : ./c.wstat.restart
     [I/O] -------------------------------------------------------

                       *----------*              *----------*               *----------*
     #     Iteration = |        1 |   DFPT_dim = |      200 |   Diago_dim = |      400 |
                       *----------*              *----------*               *----------*
     per-process dynamical memory    26.9 Mb
  
       
     --------------------------------------------------------------------------------------------
     Sternheimer eq. solver... with threshold =   1.000000E-12           
     --------------------------------------------------------------------------------------------
     in progress... |#                   | 005% :               00.2s (E)               05.5s (X)
     in progress... |##                  | 010% :               00.5s (E)               05.5s (X)
     in progress... |###                 | 015% :               00.8s (E)               05.7s (X)
     in progress... |####                | 020% :               01.1s (E)               05.9s (X)
     in progress... |#####               | 025% :               01.4s (E)               05.9s (X)
     in progress... |######              | 030% :               01.7s (E)               05.8s (X)
     in progress... |#######             | 035% :               02.0s (E)               05.7s (X)
     in progress... |########            | 040% :               02.2s (E)               05.7s (X)
     in progress... |#########           | 045% :               02.5s (E)               05.6s (X)
     in progress... |##########          | 050% :               02.7s (E)               05.5s (X)
     in progress... |###########         | 055% :               03.0s (E)               05.5s (X)
     in progress... |############        | 060% :               03.3s (E)               05.5s (X)
     in progress... |#############       | 065% :               03.5s (E)               05.5s (X)
     in progress... |##############      | 070% :               03.8s (E)               05.4s (X)
     in progress... |###############     | 075% :               04.0s (E)               05.4s (X)
     in progress... |################    | 080% :               04.3s (E)               05.3s (X)
     in progress... |#################   | 085% :               04.5s (E)               05.3s (X)
     in progress... |##################  | 090% :               04.8s (E)               05.3s (X)
     in progress... |################### | 095% :               05.0s (E)               05.3s (X)
     in progress... |####################| 100% :               05.3s (E)               05.3s (X)
     --------------------------------------------------------------------------------------------
     p-DIAGOX done in 00.1s with a SCALAPACK grid (6x6)
     --------------------------------------------------------------------------------------------
        
       -2.62550  -1.53732  -1.37835  -0.72755  -0.72755  -0.66014  -0.66014  -0.43982  -0.39733
       -0.39733  -0.33972  -0.30685  -0.27782  -0.27782  -0.27314  -0.27314  -0.21992  -0.19511
       -0.19040  -0.19040  -0.18954  -0.16397  -0.16397  -0.15416  -0.14549  -0.14549  -0.10650
       -0.10650  -0.10508  -0.10508  -0.09867  -0.08321  -0.08321  -0.08250  -0.08224  -0.08224
       -0.07974  -0.07793  -0.07593  -0.06981  -0.06486  -0.06486  -0.06430  -0.05876  -0.05876
       -0.05086  -0.04818  -0.04818  -0.04615  -0.04615  -0.04316  -0.04088  -0.03914  -0.03914
       -0.03870  -0.03836  -0.03836  -0.03717  -0.03446  -0.03446  -0.03440  -0.03440  -0.03399
       -0.03369  -0.03313  -0.03313  -0.03063  -0.03063  -0.02974  -0.02900  -0.02826  -0.02633
       -0.02633  -0.02356  -0.02356  -0.02326  -0.02315  -0.02315  -0.02293  -0.02259  -0.02259
       -0.02256  -0.02159  -0.02102  -0.02102  -0.02049  -0.02042  -0.02042  -0.02020  -0.01975
       -0.01960  -0.01960  -0.01926  -0.01926  -0.01832  -0.01826  -0.01826  -0.01810  -0.01809
       -0.01759  -0.01635  -0.01604  -0.01604  -0.01568  -0.01568  -0.01557  -0.01478  -0.01477
       -0.01389  -0.01388  -0.01385  -0.01384  -0.01352  -0.01343  -0.01303  -0.01302  -0.01299
       -0.01298  -0.01275  -0.01229  -0.01205  -0.01204  -0.01169  -0.01168  -0.01157  -0.01152
       -0.01152  -0.01152  -0.01151  -0.01150  -0.01134  -0.01132  -0.01129  -0.01128  -0.01112
       -0.01107  -0.01107  -0.01090  -0.01069  -0.01036  -0.01035  -0.01032  -0.00993  -0.00988
       -0.00987  -0.00971  -0.00970  -0.00944  -0.00934  -0.00906  -0.00905  -0.00878  -0.00859
       -0.00858  -0.00856  -0.00832  -0.00831  -0.00829  -0.00828  -0.00826  -0.00820  -0.00815
       -0.00793  -0.00791  -0.00788  -0.00780  -0.00777  -0.00769  -0.00742  -0.00740  -0.00739
       -0.00730  -0.00727  -0.00722  -0.00716  -0.00713  -0.00707  -0.00706  -0.00704  -0.00701
       -0.00697  -0.00692  -0.00690  -0.00686  -0.00673  -0.00673  -0.00671  -0.00669  -0.00667
       -0.00665  -0.00658  -0.00654  -0.00646  -0.00641  -0.00640  -0.00635  -0.00633  -0.00626
       -0.00572  -0.00569
        
     --------------------------------------------------------------------------------------------
     Tot. elapsed time 29.4s,  time spent in last iteration 05.5s
     --------------------------------------------------------------------------------------------

     [I/O] -------------------------------------------------------
     [I/O] RESTART written in < 00.1s             
     [I/O] In location   : ./c.wstat.restart
     [I/O] -------------------------------------------------------

                       *----------*              *----------*               *----------*
     #     Iteration = |        2 |   DFPT_dim = |       88 |   Diago_dim = |      488 |
                       *----------*              *----------*               *----------*
     per-process dynamical memory    26.9 Mb
  
       
     --------------------------------------------------------------------------------------------
     Sternheimer eq. solver... with threshold =   1.000000E-12           
     --------------------------------------------------------------------------------------------
     in progress... |#                   | 005% :               00.1s (E)               02.5s (X)
     in progress... |##                  | 010% :               00.2s (E)               02.5s (X)
     in progress... |###                 | 015% :               00.3s (E)               02.5s (X)
     in progress... |####                | 020% :               00.5s (E)               02.6s (X)
     in progress... |#####               | 025% :               00.6s (E)               02.6s (X)
     in progress... |######              | 030% :               00.7s (E)               02.5s (X)
     in progress... |#######             | 035% :               00.8s (E)               02.5s (X)
     in progress... |########            | 040% :               01.0s (E)               02.5s (X)
     in progress... |#########           | 045% :               01.1s (E)               02.4s (X)
     in progress... |##########          | 050% :               01.2s (E)               02.4s (X)
     in progress... |###########         | 055% :               01.3s (E)               02.4s (X)
     in progress... |############        | 060% :               01.4s (E)               02.4s (X)
     in progress... |#############       | 065% :               01.5s (E)               02.4s (X)
     in progress... |##############      | 070% :               01.6s (E)               02.3s (X)
     in progress... |###############     | 075% :               01.7s (E)               02.3s (X)
     in progress... |################    | 080% :               01.8s (E)               02.3s (X)
     in progress... |#################   | 085% :               01.9s (E)               02.3s (X)
     in progress... |##################  | 090% :               02.1s (E)               02.3s (X)
     in progress... |################### | 095% :               02.2s (E)               02.3s (X)
     in progress... |####################| 100% :               02.3s (E)               02.3s (X)
     --------------------------------------------------------------------------------------------
     p-DIAGOX done in 00.1s with a SCALAPACK grid (6x6)
     --------------------------------------------------------------------------------------------
        
       -2.62550  -1.53732  -1.37835  -0.72755  -0.72755  -0.66014  -0.66014  -0.43982  -0.39733
       -0.39733  -0.33972  -0.30685  -0.27782  -0.27782  -0.27314  -0.27314  -0.21992  -0.19511
       -0.19040  -0.19040  -0.18954  -0.16397  -0.16397  -0.15416  -0.14549  -0.14549  -0.10650
       -0.10650  -0.10508  -0.10508  -0.09867  -0.08321  -0.08321  -0.08250  -0.08224  -0.08224
       -0.07974  -0.07793  -0.07593  -0.06981  -0.06486  -0.06486  -0.06430  -0.05876  -0.05876
       -0.05086  -0.04818  -0.04818  -0.04616  -0.04616  -0.04316  -0.04088  -0.03914  -0.03914
       -0.03870  -0.03836  -0.03836  -0.03717  -0.03446  -0.03446  -0.03440  -0.03440  -0.03399
       -0.03369  -0.03313  -0.03313  -0.03063  -0.03063  -0.02974  -0.02900  -0.02826  -0.02633
       -0.02633  -0.02356  -0.02356  -0.02326  -0.02315  -0.02315  -0.02293  -0.02259  -0.02259
       -0.02256  -0.02159  -0.02102  -0.02102  -0.02049  -0.02042  -0.02042  -0.02020  -0.01975
       -0.01960  -0.01960  -0.01927  -0.01927  -0.01832  -0.01826  -0.01826  -0.01810  -0.01810
       -0.01759  -0.01636  -0.01604  -0.01604  -0.01568  -0.01568  -0.01558  -0.01479  -0.01478
       -0.01389  -0.01389  -0.01385  -0.01385  -0.01353  -0.01344  -0.01304  -0.01304  -0.01300
       -0.01300  -0.01276  -0.01231  -0.01206  -0.01206  -0.01170  -0.01170  -0.01160  -0.01154
       -0.01154  -0.01153  -0.01153  -0.01152  -0.01135  -0.01135  -0.01130  -0.01130  -0.01114
       -0.01109  -0.01109  -0.01091  -0.01072  -0.01038  -0.01038  -0.01034  -0.00995  -0.00990
       -0.00990  -0.00974  -0.00974  -0.00948  -0.00938  -0.00909  -0.00909  -0.00880  -0.00862
       -0.00861  -0.00861  -0.00835  -0.00835  -0.00835  -0.00835  -0.00831  -0.00824  -0.00819
       -0.00797  -0.00797  -0.00795  -0.00786  -0.00786  -0.00776  -0.00749  -0.00749  -0.00745
       -0.00740  -0.00731  -0.00727  -0.00725  -0.00725  -0.00715  -0.00715  -0.00714  -0.00712
       -0.00712  -0.00704  -0.00699  -0.00699  -0.00685  -0.00680  -0.00680  -0.00676  -0.00676
       -0.00675  -0.00675  -0.00665  -0.00657  -0.00655  -0.00655  -0.00652  -0.00647  -0.00647
       -0.00583  -0.00582
        
     --------------------------------------------------------------------------------------------
     Tot. elapsed time 33.7s,  time spent in last iteration 02.5s
     --------------------------------------------------------------------------------------------
      
     --------------------------------------------------------------------------------------------
     SAVE written in 00.9s               
     In location : ./c.wstat.save
     --------------------------------------------------------------------------------------------
       
     --------------------------------------------------------------------------------------------
     Convergence achieved !!! in        2 steps                          
     --------------------------------------------------------------------------------------------
 
     Number of q in the star =    4
     List of q in the star:
          1   0.504071732  -0.504071732   0.504071732
          2  -0.504071732   0.504071732   0.504071732
          3  -0.504071732  -0.504071732  -0.504071732
          4   0.504071732   0.504071732  -0.504071732
 imq =            1
 ichosen_sym(           1 ) =            1
 ichosen_sym(           2 ) =            2
 ichosen_sym(           3 ) =            3
 ichosen_sym(           4 ) =            4
 Index in this start is :            1
 Index in q_grid is :            2
 Index in this start is :            2
 Index in q_grid is :            8
      
     --------------------------------------------------------------------------------------------
     SAVE written in 00.5s               
     In location : ./c.wstat.save
     --------------------------------------------------------------------------------------------
 Index in this start is :            3
 Index in q_grid is :            3
      
     --------------------------------------------------------------------------------------------
     SAVE written in 01.2s               
     In location : ./c.wstat.save
     --------------------------------------------------------------------------------------------
 Index in this start is :            4
 Index in q_grid is :            5
      
     --------------------------------------------------------------------------------------------
     SAVE written in 01.0s               
     In location : ./c.wstat.save
     --------------------------------------------------------------------------------------------

     ================================================================
     PDEP calculation at q(00003) = (    0.0000   -1.0081    0.0000 )
     ----------------------------------------------------------------

                       *----------*              *----------*               *----------*
     #     Iteration = | starting |   DFPT_dim = |      200 |   Diago_dim = |      200 |  x 1/2
                       *----------*              *----------*               *----------*
     per-process dynamical memory    36.2 Mb
  
       
     --------------------------------------------------------------------------------------------
     Sternheimer eq. solver... with lite-solver                          
     --------------------------------------------------------------------------------------------
     in progress... |#                   | 005% :             < 00.1s (E)               00.8s (X)
     in progress... |##                  | 010% :             < 00.1s (E)               00.6s (X)
     in progress... |###                 | 015% :             < 00.1s (E)               00.6s (X)
     in progress... |####                | 020% :               00.1s (E)               00.5s (X)
     in progress... |#####               | 025% :               00.1s (E)               00.5s (X)
     in progress... |######              | 030% :               00.1s (E)               00.5s (X)
     in progress... |#######             | 035% :               00.1s (E)               00.5s (X)
     in progress... |########            | 040% :               00.2s (E)               00.5s (X)
     in progress... |#########           | 045% :               00.2s (E)               00.5s (X)
     in progress... |##########          | 050% :               00.2s (E)               00.4s (X)
     in progress... |###########         | 055% :               00.2s (E)               00.4s (X)
     in progress... |############        | 060% :               00.2s (E)               00.4s (X)
     in progress... |#############       | 065% :               00.3s (E)               00.4s (X)
     in progress... |##############      | 070% :               00.3s (E)               00.4s (X)
     in progress... |###############     | 075% :               00.3s (E)               00.4s (X)
     in progress... |################    | 080% :               00.3s (E)               00.4s (X)
     in progress... |#################   | 085% :               00.3s (E)               00.4s (X)
     in progress... |##################  | 090% :               00.4s (E)               00.4s (X)
     in progress... |################### | 095% :               00.4s (E)               00.4s (X)
     in progress... |####################| 100% :               00.4s (E)               00.4s (X)
     --------------------------------------------------------------------------------------------

     [I/O] -------------------------------------------------------
     [I/O] RESTART written in < 00.1s             
     [I/O] In location   : ./c.wstat.restart
     [I/O] -------------------------------------------------------

                       *----------*              *----------*               *----------*
     #     Iteration = | starting |   DFPT_dim = |      200 |   Diago_dim = |      200 |  x 2/2
                       *----------*              *----------*               *----------*
     per-process dynamical memory    36.2 Mb
  
       
     --------------------------------------------------------------------------------------------
     Sternheimer eq. solver... with threshold =   1.000000E-06           
     --------------------------------------------------------------------------------------------
     in progress... |#                   | 005% :               00.1s (E)               03.8s (X)
     in progress... |##                  | 010% :               00.3s (E)               03.7s (X)
     in progress... |###                 | 015% :               00.5s (E)               03.7s (X)
     in progress... |####                | 020% :               00.7s (E)               03.7s (X)
     in progress... |#####               | 025% :               00.9s (E)               03.7s (X)
     in progress... |######              | 030% :               01.1s (E)               03.7s (X)
     in progress... |#######             | 035% :               01.3s (E)               03.7s (X)
     in progress... |########            | 040% :               01.5s (E)               03.7s (X)
     in progress... |#########           | 045% :               01.6s (E)               03.7s (X)
     in progress... |##########          | 050% :               01.8s (E)               03.7s (X)
     in progress... |###########         | 055% :               02.0s (E)               03.7s (X)
     in progress... |############        | 060% :               02.2s (E)               03.7s (X)
     in progress... |#############       | 065% :               02.4s (E)               03.7s (X)
     in progress... |##############      | 070% :               02.5s (E)               03.6s (X)
     in progress... |###############     | 075% :               02.7s (E)               03.6s (X)
     in progress... |################    | 080% :               02.9s (E)               03.6s (X)
     in progress... |#################   | 085% :               03.0s (E)               03.6s (X)
     in progress... |##################  | 090% :               03.2s (E)               03.6s (X)
     in progress... |################### | 095% :               03.4s (E)               03.6s (X)
     in progress... |####################| 100% :               03.6s (E)               03.6s (X)
     --------------------------------------------------------------------------------------------
     p-DIAGOX done in < 00.1s with a SCALAPACK grid (6x6)
     --------------------------------------------------------------------------------------------
        
       -2.04049  -2.04045  -0.99531  -0.99527  -0.96812  -0.96811  -0.49215  -0.49214  -0.33950
       -0.33950  -0.32440  -0.32436  -0.27897  -0.27883  -0.27534  -0.27533  -0.19455  -0.19444
       -0.18709  -0.18706  -0.18377  -0.18375  -0.17055  -0.17053  -0.15108  -0.15105  -0.10569
       -0.10558  -0.10095  -0.10087  -0.09705  -0.09703  -0.09383  -0.09372  -0.07380  -0.07374
       -0.07261  -0.07255  -0.06946  -0.06944  -0.06573  -0.06569  -0.06210  -0.06202  -0.05014
       -0.05004  -0.04936  -0.04913  -0.04343  -0.04323  -0.04276  -0.04259  -0.03928  -0.03920
       -0.03796  -0.03792  -0.03775  -0.03765  -0.03676  -0.03669  -0.03630  -0.03619  -0.03529
       -0.03521  -0.03196  -0.03188  -0.03133  -0.03119  -0.02701  -0.02681  -0.02656  -0.02624
       -0.02603  -0.02596  -0.02414  -0.02397  -0.02321  -0.02300  -0.02182  -0.02160  -0.01972
       -0.01958  -0.01940  -0.01934  -0.01925  -0.01907  -0.01899  -0.01890  -0.01881  -0.01874
       -0.01863  -0.01847  -0.01840  -0.01820  -0.01798  -0.01792  -0.01776  -0.01751  -0.01676
       -0.01669  -0.01607  -0.01596  -0.01547  -0.01522  -0.01467  -0.01433  -0.01417  -0.01406
       -0.01376  -0.01367  -0.01352  -0.01346  -0.01267  -0.01248  -0.01235  -0.01221  -0.01197
       -0.01188  -0.01157  -0.01148  -0.01141  -0.01131  -0.01124  -0.01100  -0.01084  -0.01075
       -0.01065  -0.01050  -0.01042  -0.01028  -0.01025  -0.01014  -0.01003  -0.00994  -0.00981
       -0.00957  -0.00945  -0.00925  -0.00903  -0.00896  -0.00872  -0.00858  -0.00845  -0.00833
       -0.00824  -0.00809  -0.00798  -0.00792  -0.00781  -0.00766  -0.00757  -0.00748  -0.00730
       -0.00722  -0.00705  -0.00703  -0.00693  -0.00687  -0.00682  -0.00671  -0.00667  -0.00659
       -0.00656  -0.00642  -0.00636  -0.00629  -0.00621  -0.00613  -0.00603  -0.00599  -0.00588
       -0.00579  -0.00570  -0.00566  -0.00555  -0.00551  -0.00547  -0.00540  -0.00530  -0.00521
       -0.00513  -0.00512  -0.00506  -0.00499  -0.00485  -0.00481  -0.00472  -0.00464  -0.00459
       -0.00444  -0.00438  -0.00428  -0.00425  -0.00420  -0.00407  -0.00404  -0.00392  -0.00383
       -0.00374  -0.00369
        
     --------------------------------------------------------------------------------------------
     Tot. elapsed time 42.3s,  time spent in last iteration 05.6s
     --------------------------------------------------------------------------------------------

     [I/O] -------------------------------------------------------
     [I/O] RESTART written in < 00.1s             
     [I/O] In location   : ./c.wstat.restart
     [I/O] -------------------------------------------------------

                       *----------*              *----------*               *----------*
     #     Iteration = |        1 |   DFPT_dim = |      200 |   Diago_dim = |      400 |
                       *----------*              *----------*               *----------*
     per-process dynamical memory    26.9 Mb
  
       
     --------------------------------------------------------------------------------------------
     Sternheimer eq. solver... with threshold =   1.000000E-12           
     --------------------------------------------------------------------------------------------
     in progress... |#                   | 005% :               00.2s (E)               05.4s (X)
     in progress... |##                  | 010% :               00.5s (E)               05.3s (X)
     in progress... |###                 | 015% :               00.8s (E)               05.4s (X)
     in progress... |####                | 020% :               01.1s (E)               05.5s (X)
     in progress... |#####               | 025% :               01.3s (E)               05.5s (X)
     in progress... |######              | 030% :               01.6s (E)               05.6s (X)
     in progress... |#######             | 035% :               01.9s (E)               05.6s (X)
     in progress... |########            | 040% :               02.2s (E)               05.6s (X)
     in progress... |#########           | 045% :               02.5s (E)               05.5s (X)
     in progress... |##########          | 050% :               02.7s (E)               05.5s (X)
     in progress... |###########         | 055% :               03.0s (E)               05.5s (X)
     in progress... |############        | 060% :               03.3s (E)               05.5s (X)
     in progress... |#############       | 065% :               03.6s (E)               05.5s (X)
     in progress... |##############      | 070% :               03.8s (E)               05.5s (X)
     in progress... |###############     | 075% :               04.1s (E)               05.4s (X)
     in progress... |################    | 080% :               04.3s (E)               05.4s (X)
     in progress... |#################   | 085% :               04.6s (E)               05.4s (X)
     in progress... |##################  | 090% :               04.8s (E)               05.4s (X)
     in progress... |################### | 095% :               05.1s (E)               05.4s (X)
     in progress... |####################| 100% :               05.4s (E)               05.4s (X)
     --------------------------------------------------------------------------------------------
     p-DIAGOX done in 00.1s with a SCALAPACK grid (6x6)
     --------------------------------------------------------------------------------------------
        
       -2.04063  -2.04063  -0.99539  -0.99539  -0.96818  -0.96818  -0.49219  -0.49219  -0.33955
       -0.33955  -0.32461  -0.32461  -0.27948  -0.27948  -0.27538  -0.27538  -0.19492  -0.19492
       -0.18715  -0.18715  -0.18381  -0.18381  -0.17068  -0.17068  -0.15123  -0.15123  -0.10601
       -0.10601  -0.10140  -0.10140  -0.09717  -0.09717  -0.09420  -0.09420  -0.07401  -0.07401
       -0.07283  -0.07283  -0.06958  -0.06958  -0.06582  -0.06582  -0.06228  -0.06228  -0.05033
       -0.05033  -0.04995  -0.04995  -0.04379  -0.04379  -0.04318  -0.04318  -0.03962  -0.03962
       -0.03825  -0.03825  -0.03801  -0.03801  -0.03718  -0.03718  -0.03652  -0.03652  -0.03564
       -0.03564  -0.03219  -0.03219  -0.03163  -0.03163  -0.02734  -0.02734  -0.02692  -0.02692
       -0.02649  -0.02649  -0.02489  -0.02489  -0.02381  -0.02381  -0.02244  -0.02244  -0.02039
       -0.02039  -0.02016  -0.02016  -0.01985  -0.01985  -0.01967  -0.01967  -0.01949  -0.01949
       -0.01905  -0.01905  -0.01904  -0.01904  -0.01862  -0.01862  -0.01860  -0.01860  -0.01740
       -0.01740  -0.01692  -0.01692  -0.01627  -0.01627  -0.01525  -0.01524  -0.01485  -0.01485
       -0.01480  -0.01479  -0.01433  -0.01433  -0.01336  -0.01335  -0.01334  -0.01334  -0.01303
       -0.01302  -0.01255  -0.01255  -0.01224  -0.01223  -0.01203  -0.01203  -0.01187  -0.01187
       -0.01180  -0.01179  -0.01172  -0.01170  -0.01130  -0.01129  -0.01123  -0.01123  -0.01105
       -0.01105  -0.01076  -0.01075  -0.01074  -0.01074  -0.01000  -0.01000  -0.00970  -0.00969
       -0.00960  -0.00960  -0.00918  -0.00918  -0.00916  -0.00914  -0.00905  -0.00902  -0.00856
       -0.00855  -0.00846  -0.00844  -0.00834  -0.00832  -0.00803  -0.00802  -0.00798  -0.00797
       -0.00780  -0.00778  -0.00760  -0.00758  -0.00744  -0.00741  -0.00732  -0.00731  -0.00729
       -0.00727  -0.00725  -0.00722  -0.00719  -0.00715  -0.00703  -0.00701  -0.00700  -0.00699
       -0.00698  -0.00695  -0.00693  -0.00692  -0.00687  -0.00683  -0.00674  -0.00671  -0.00653
       -0.00650  -0.00648  -0.00645  -0.00644  -0.00642  -0.00639  -0.00631  -0.00623  -0.00620
       -0.00617  -0.00613
        
     --------------------------------------------------------------------------------------------
     Tot. elapsed time 48.2s,  time spent in last iteration 05.6s
     --------------------------------------------------------------------------------------------

     [I/O] -------------------------------------------------------
     [I/O] RESTART written in < 00.1s             
     [I/O] In location   : ./c.wstat.restart
     [I/O] -------------------------------------------------------

                       *----------*              *----------*               *----------*
     #     Iteration = |        2 |   DFPT_dim = |       85 |   Diago_dim = |      485 |
                       *----------*              *----------*               *----------*
     per-process dynamical memory    26.9 Mb
  
       
     --------------------------------------------------------------------------------------------
     Sternheimer eq. solver... with threshold =   1.000000E-12           
     --------------------------------------------------------------------------------------------
     in progress... |#                   | 005% :               00.1s (E)               02.4s (X)
     in progress... |##                  | 010% :               00.2s (E)               02.3s (X)
     in progress... |###                 | 015% :               00.3s (E)               02.3s (X)
     in progress... |####                | 020% :               00.4s (E)               02.4s (X)
     in progress... |#####               | 025% :               00.6s (E)               02.4s (X)
     in progress... |######              | 030% :               00.7s (E)               02.4s (X)
     in progress... |#######             | 035% :               00.8s (E)               02.4s (X)
     in progress... |########            | 040% :               00.9s (E)               02.4s (X)
     in progress... |#########           | 045% :               01.0s (E)               02.3s (X)
     in progress... |##########          | 050% :               01.1s (E)               02.3s (X)
     in progress... |###########         | 055% :               01.3s (E)               02.3s (X)
     in progress... |############        | 060% :               01.4s (E)               02.3s (X)
     in progress... |#############       | 065% :               01.5s (E)               02.3s (X)
     in progress... |##############      | 070% :               01.6s (E)               02.3s (X)
     in progress... |###############     | 075% :               01.7s (E)               02.3s (X)
     in progress... |################    | 080% :               01.8s (E)               02.3s (X)
     in progress... |#################   | 085% :               01.9s (E)               02.3s (X)
     in progress... |##################  | 090% :               02.0s (E)               02.3s (X)
     in progress... |################### | 095% :               02.1s (E)               02.3s (X)
     in progress... |####################| 100% :               02.3s (E)               02.3s (X)
     --------------------------------------------------------------------------------------------
     p-DIAGOX done in 00.1s with a SCALAPACK grid (6x6)
     --------------------------------------------------------------------------------------------
        
       -2.04063  -2.04063  -0.99539  -0.99539  -0.96818  -0.96818  -0.49219  -0.49219  -0.33955
       -0.33955  -0.32461  -0.32461  -0.27948  -0.27948  -0.27538  -0.27538  -0.19492  -0.19492
       -0.18715  -0.18715  -0.18381  -0.18381  -0.17068  -0.17068  -0.15123  -0.15123  -0.10601
       -0.10601  -0.10140  -0.10140  -0.09717  -0.09717  -0.09420  -0.09420  -0.07401  -0.07401
       -0.07283  -0.07283  -0.06958  -0.06958  -0.06582  -0.06582  -0.06228  -0.06228  -0.05033
       -0.05033  -0.04995  -0.04995  -0.04379  -0.04379  -0.04318  -0.04318  -0.03962  -0.03962
       -0.03825  -0.03825  -0.03801  -0.03801  -0.03718  -0.03718  -0.03652  -0.03652  -0.03565
       -0.03565  -0.03219  -0.03219  -0.03163  -0.03163  -0.02734  -0.02734  -0.02692  -0.02692
       -0.02649  -0.02649  -0.02489  -0.02489  -0.02381  -0.02381  -0.02244  -0.02244  -0.02039
       -0.02039  -0.02016  -0.02016  -0.01985  -0.01985  -0.01967  -0.01967  -0.01949  -0.01949
       -0.01905  -0.01905  -0.01904  -0.01904  -0.01862  -0.01862  -0.01861  -0.01861  -0.01740
       -0.01740  -0.01692  -0.01692  -0.01628  -0.01628  -0.01525  -0.01525  -0.01486  -0.01486
       -0.01480  -0.01480  -0.01434  -0.01434  -0.01336  -0.01336  -0.01335  -0.01335  -0.01303
       -0.01303  -0.01256  -0.01256  -0.01225  -0.01225  -0.01204  -0.01204  -0.01189  -0.01189
       -0.01181  -0.01181  -0.01173  -0.01173  -0.01131  -0.01131  -0.01125  -0.01125  -0.01107
       -0.01107  -0.01077  -0.01077  -0.01077  -0.01077  -0.01003  -0.01003  -0.00973  -0.00973
       -0.00964  -0.00964  -0.00921  -0.00921  -0.00919  -0.00919  -0.00909  -0.00909  -0.00861
       -0.00861  -0.00851  -0.00851  -0.00839  -0.00839  -0.00808  -0.00808  -0.00802  -0.00802
       -0.00786  -0.00786  -0.00767  -0.00767  -0.00747  -0.00747  -0.00736  -0.00736  -0.00734
       -0.00734  -0.00733  -0.00733  -0.00730  -0.00730  -0.00710  -0.00710  -0.00708  -0.00708
       -0.00707  -0.00707  -0.00707  -0.00707  -0.00704  -0.00704  -0.00688  -0.00688  -0.00660
       -0.00660  -0.00660  -0.00660  -0.00654  -0.00654  -0.00653  -0.00653  -0.00635  -0.00635
       -0.00629  -0.00629
        
     --------------------------------------------------------------------------------------------
     Tot. elapsed time 52.5s,  time spent in last iteration 02.5s
     --------------------------------------------------------------------------------------------
      
     --------------------------------------------------------------------------------------------
     SAVE written in 01.1s               
     In location : ./c.wstat.save
     --------------------------------------------------------------------------------------------
       
     --------------------------------------------------------------------------------------------
     Convergence achieved !!! in        2 steps                          
     --------------------------------------------------------------------------------------------
 
     Number of q in the star =    3
     List of q in the star:
          1   0.000000000  -1.008143465   0.000000000
          2  -1.008143465   0.000000000   0.000000000
          3   0.000000000  -0.000000000  -1.008143465
 imq =            1
 ichosen_sym(           1 ) =            1
 ichosen_sym(           2 ) =            5
 ichosen_sym(           3 ) =            9
 Index in this start is :            1
 Index in q_grid is :            4
 Index in this start is :            2
 Index in q_grid is :            6
      
     --------------------------------------------------------------------------------------------
     SAVE written in 00.7s               
     In location : ./c.wstat.save
     --------------------------------------------------------------------------------------------
 Index in this start is :            3
 Index in q_grid is :            7
      
     --------------------------------------------------------------------------------------------
     SAVE written in 01.3s               
     In location : ./c.wstat.save
     --------------------------------------------------------------------------------------------
     WSTAT        :  0m36.80s CPU     1m 1.03s WALL

     wstat_readin :      0.28s CPU      0.30s WALL (       1 calls)
     fetch_input  :      0.00s CPU      0.01s WALL (       2 calls)
     read_xml     :      0.22s CPU      0.23s WALL (       1 calls)
     init_vloc    :      0.00s CPU      0.00s WALL (       2 calls)
     fft          :      0.01s CPU      0.01s WALL (       4 calls)
     fft_scatter  :     14.40s CPU     15.88s WALL (  954836 calls)
     v_of_rho     :      0.00s CPU      0.00s WALL (       1 calls)
     v_xc         :      0.00s CPU      0.00s WALL (       1 calls)
     v_h          :      0.00s CPU      0.00s WALL (       1 calls)
     read_wave    :      0.06s CPU      0.06s WALL (       1 calls)
     davcio       :      0.00s CPU      0.00s WALL (     201 calls)
     init_us_1    :      0.00s CPU      0.00s WALL (       2 calls)
     do_setup     :      0.00s CPU      0.01s WALL (       1 calls)
     init_pw_ar   :      0.00s CPU      0.00s WALL (       1 calls)
     init_at_1    :      0.00s CPU      0.00s WALL (       1 calls)
     chidiago     :     35.43s CPU     55.16s WALL (       3 calls)
     sqvc_init    :      0.00s CPU      0.00s WALL (       3 calls)
     randomize    :      0.03s CPU      0.03s WALL (       3 calls)
     paramgs      :      0.09s CPU      0.09s WALL (      12 calls)
     dfpt         :     32.50s CPU     35.63s WALL (      12 calls)
     init_us_2    :      0.00s CPU      0.00s WALL (      96 calls)
     fftw         :     22.54s CPU     24.69s WALL (  954832 calls)
     alphapc      :      0.14s CPU      0.15s WALL (    8224 calls)
     wstat_restar :      0.65s CPU     10.34s WALL (       9 calls)
     linstern     :     28.37s CPU     31.10s WALL (    5824 calls)
     stern        :     25.72s CPU     28.18s WALL (  107576 calls)
     h_psi_bgrp   :     23.92s CPU     26.22s WALL (  107576 calls)
     h_psi        :     23.76s CPU     26.04s WALL (  107576 calls)
     h_psi:pot    :     23.57s CPU     25.83s WALL (  107576 calls)
     vloc_psi     :     20.73s CPU     22.72s WALL (  107576 calls)
     h_psi:calbec :      1.97s CPU      2.16s WALL (  107576 calls)
     calbec       :      1.78s CPU      1.97s WALL (  107576 calls)
     add_vuspsi   :      0.50s CPU      0.56s WALL (  107576 calls)
     alphapv      :      1.47s CPU      1.63s WALL (  107576 calls)
     build_hr     :      0.02s CPU      0.03s WALL (       9 calls)
     diagox       :      0.98s CPU      1.04s WALL (       9 calls)
     redistr_vr   :      0.11s CPU      0.13s WALL (       6 calls)
     update_vr    :      0.03s CPU      0.03s WALL (       6 calls)
     symm_hr      :      0.11s CPU      0.16s WALL (       6 calls)
     chidiago:las :      0.00s CPU      0.00s WALL (       3 calls)
     refresh_vr   :      0.01s CPU      0.01s WALL (       3 calls)
     pdep_db      :      0.96s CPU      7.47s WALL (       8 calls)
     gather_grid  :      0.02s CPU      0.02s WALL (     500 calls)
     scatter_grid :      0.02s CPU      0.02s WALL (     500 calls)
 
     WSTAT        :  0m36.82s CPU     1m 1.06s WALL

 
   This run was terminated on:   9: 1: 8   8Dec2020            

=------------------------------------------------------------------------------=
   JOB DONE.
=------------------------------------------------------------------------------=
