
     Program WELPH v. 3.1.1 starts on 25Jan2021 at 20:11:35 

     This program is part of the open-source West suite
     for massively parallel calculations of excited states in materials; please cite
         "M. Govoni et al., J. Chem. Theory Comput. 11, 2680 (2015);
          URL http://www.west-code.org", 
     in publications or presentations arising from this work.

     Based on the Quantum ESPRESSO v. 6.1 svn rev. 13369

     I/O is Little Endian
       
     --------------------------------------------------------------------------------------------
     **MPI** Parallelization Status                                      
     --------------------------------------------------------------------------------------------
                    80                   4             1             1            20
     --------------------------------------------------------------------------------------------
                     N         =         I      X      P      X      B      X      Z
                     ^                   ^             ^             ^             ^
                     |                   |             |             |             |
                   #rnk                  |             |             |             |
                                      #image           |             |             |
                                                     #pool           |             |
                                                                   #bgrp           |
                                                                                 #R&G
     --------------------------------------------------------------------------------------------
     **OPENMP** Parallelization Status
     #thr/rnk               =            1
     --------------------------------------------------------------------------------------------
     #prc = (rnk) * (thr) =           80
     --------------------------------------------------------------------------------------------
       
     --------------------------------------------------------------------------------------------
     I/O Summary : input_west                                            
     --------------------------------------------------------------------------------------------
     qe_prefix      = n2
     west_prefix    = n2
     outdir         = ./
     --------------------------------------------------------------------------------------------

     Reading data from directory:
     ./n2.save

   Info: using nr1, nr2, nr3 values from input

   Info: using nr1, nr2, nr3 values from input

     IMPORTANT: XC functional enforced from input :
     Exchange-correlation      = PBE ( 1  4  3  4 0 0)
     Any further DFT definition will be discarded
     Please, verify this is what you really want

     Message from routine readpp:
     file ./n2.save/C_ONCV_PBE-1.0.upf not found
     Message from routine readpp:
     file ./n2.save/N_ONCV_PBE-1.0.upf not found
 
     Parallelization info
     --------------------
     sticks:   dense  smooth     PW     G-vecs:    dense   smooth      PW
     Min         246     246     61                11406    11406    1427
     Max         247     247     62                11409    11409    1429
     Sum        4935    4935   1237               228153   228153   28571
 
       
     --------------------------------------------------------------------------------------------
     I/O Summary : wstat_control                                         
     --------------------------------------------------------------------------------------------
     wstat_calculation              =              S
     n_pdep_eigen                   =            800
     n_pdep_times                   =              4
     n_pdep_maxiter                 =            100
     n_dfpt_maxiter                 =            250
     n_pdep_read_from_file          =              0
     trev_pdep                      =   1.000000E-03
     trev_pdep_rel                  =   1.000000E-01
     tr2_dfpt                       =   1.000000E-12
     l_kinetic_only                 =              F
     l_minimize_exx_if_active       =              F
     l_use_ecutrho                  =              F
     l_use_symm                     =              F
     nq(1)                          =              1
     nq(2)                          =              1
     nq(3)                          =              1
     --------------------------------------------------------------------------------------------
       
     --------------------------------------------------------------------------------------------
     I/O Summary : wfreq_control                                         
     --------------------------------------------------------------------------------------------
     wfreq_calculation                        =           XWGQ
     n_pdep_eigen_to_use                      =            800
     qp_bandrange(1)                          =              1
     qp_bandrange(2)                          =              2
     macropol_calculation                     =              C
     n_lanczos                                =             30
     n_imfreq                                 =            128
     n_refreq                                 =            272
     ecut_imfreq [Ry]                         =     200.000000
     ecut_refreq [Ry]                         =       2.000000
     wfreq_eta [Ry]                           =       0.003675
     n_secant_maxiter                         =             21
     trev_secant [Ry]                         =       0.003675
     l_enable_lanczos                         =              T
     l_enable_gwetot                          =              F
     o_restart_time [min]                     =       0.000000
     ecut_spectralf(1) [Ry]                   =      -2.000000
     ecut_spectralf(2) [Ry]                   =       2.000000
     n_spectralf                              =             10
     l_read_common_pdep                       =              F
     l_enable_gb_curvature                    =              T
     --------------------------------------------------------------------------------------------
       
     --------------------------------------------------------------------------------------------
     I/O Summary : welph_control                                         
     --------------------------------------------------------------------------------------------
     welph_calculation                        =              S
     welph_n_pdep_eigen_to_use                =            800
     asr                                      =              1
     welph_band_range(1)                      =            240
     welph_band_range(2)                      =            280
     do_scr                                   =              T
     do_fxc                                   =              T
     welph_read_common_pdep                   =              T
     loto                                     =              T
     lsym                                     =              F
     l_adiabatic                              =              T
     l_enabel_gw                              =              T
     q_direction(1)                           =       1.000000
     q_direction(2)                           =       0.000000
     q_direction(3)                           =       0.000000
     welph_eta                                =       0.100000
     temperature                              =       0.000000
     --------------------------------------------------------------------------------------------
       
     --------------------------------------------------------------------------------------------
     System Overview                                                     
     --------------------------------------------------------------------------------------------
     gamma_only           =              F
     ecutwfc [Ry]         =      50.000000
     ecutrho [Ry]         =     200.000000
     omega [au^3]         =   4.772322E+03
     nbnd                 =            300
     nkstot               =              1
     nspin                =              1
     nelec                =     514.000000
     npol                 =              1
     lsda                 =              F
     noncolin             =              F
     lspinorb             =              F
     domag                =              F
     --------------------------------------------------------------------------------------------

     3DFFT grid
        s : (  90,  90,  90)
        p : (  90,  90,  90)

     Direct Lattice Cell [a.u.]
        a1 = (   -13.3897865     0.0537137    13.3897865)
        a2 = (    -0.0537138    13.3897865    13.3897865)
        a3 = (   -13.3897865    13.3897865     0.0537137)

     Reciprocal Lattice Cell [a.u.]
        b1 = (    -0.2350995    -0.2360426     0.2350995)
        b2 = (     0.2360426     0.2350995     0.2350995)
        b3 = (    -0.2350995     0.2350995    -0.2360426)
      

     Brillouin Zone sampling [cryst. coord.]
 
        k(000001) = (     0.0000000     0.0000000     0.0000000)
 
        q(000001) = (     0.0000000     0.0000000     0.0000000)
       
     --------------------------------------------------------------------------------------------
     Parallelization for npdep                                           
     --------------------------------------------------------------------------------------------
     nglob                =            800
     nlevel               =              4
     Min nglob/nlevel     =            200
     Max nglob/nlevel     =            200
     --------------------------------------------------------------------------------------------
       
     --------------------------------------------------------------------------------------------
     Parallelization for npdep+macro                                     
     --------------------------------------------------------------------------------------------
     nglob                =            803
     nlevel               =              4
     Min nglob/nlevel     =            200
     Max nglob/nlevel     =            201
     --------------------------------------------------------------------------------------------
     ===========================================================================
     Symmetries disabled, nq =    1
          Q-point IBZ [ cart coord ]
          xq(00000001) = (  0.000000  0.000000  0.000000) wq =   1.000000
     ===========================================================================
     -------------------------------
     | Electron-Phonon Self-energy |
     -------------------------------
     Message from routine kpoint_grid:
     ATTENTION: skip check of k-points equivalence
     ===========================================================================
          nsym   =    6
          nrot   =   12
          nk_ibz =    1
          Q-point IBZ [ cart  coord ]
          xk(00000001) = (  0.000000  0.000000  0.000000) wk =   1.000000
          Q-point IBZ [ cryst coord ]
          xk(00000001) = (  0.000000  0.000000  0.000000) wk =   1.000000
     ===========================================================================
       
     --------------------------------------------------------------------------------------------
     Computing Debye-Waller Self-energy (occ)                            
     --------------------------------------------------------------------------------------------
     in progress... |#                   | 005% :           03m-36.8s (E)       01h-12m-16.7s (X)
     in progress... |##                  | 010% :           06m-02.8s (E)       01h-00m-28.3s (X)
     in progress... |###                 | 015% :           08m-28.8s (E)           56m-32.1s (X)
     in progress... |####                | 020% :           10m-54.7s (E)           54m-33.6s (X)
     in progress... |#####               | 025% :           13m-20.0s (E)           53m-20.3s (X)
     in progress... |######              | 030% :           15m-45.4s (E)           52m-31.3s (X)
     in progress... |#######             | 035% :           18m-10.7s (E)           51m-56.4s (X)
     in progress... |########            | 040% :           20m-40.3s (E)           51m-40.8s (X)
     in progress... |#########           | 045% :           23m-05.1s (E)           51m-18.0s (X)
     in progress... |##########          | 050% :           25m-29.9s (E)           50m-59.8s (X)
     in progress... |###########         | 055% :           27m-55.3s (E)           50m-46.0s (X)
     in progress... |############        | 060% :           30m-21.3s (E)           50m-35.6s (X)
     in progress... |#############       | 065% :           32m-47.2s (E)           50m-26.5s (X)
     in progress... |##############      | 070% :           35m-17.4s (E)           50m-24.9s (X)
     in progress... |###############     | 075% :           37m-42.8s (E)           50m-17.0s (X)
     in progress... |################    | 080% :           40m-08.2s (E)           50m-10.2s (X)
     in progress... |#################   | 085% :           42m-38.5s (E)           50m-10.0s (X)
     in progress... |##################  | 090% :           45m-04.6s (E)           50m-05.1s (X)
     in progress... |################### | 095% :           47m-35.0s (E)           50m-05.3s (X)
     in progress... |####################| 100% :           50m-05.1s (E)           50m-05.1s (X)
     --------------------------------------------------------------------------------------------
       
     --------------------------------------------------------------------------------------------
     Computing Debye-Waller Self-energy (Lanczos)                        
     --------------------------------------------------------------------------------------------
     in progress... |####################| 100% :           39m-45.7s (E)           39m-45.7s (X)
     --------------------------------------------------------------------------------------------
       
     --------------------------------------------------------------------------------------------
     Compute Fan-Migdal Self-energy (occ)                                
     --------------------------------------------------------------------------------------------
     in progress... |####################| 100% :           06m-06.8s (E)           06m-06.8s (X)
     --------------------------------------------------------------------------------------------
       
     --------------------------------------------------------------------------------------------
     Compute Fan-Migdal Self-energy (Lanczos)                            
     --------------------------------------------------------------------------------------------
     in progress... |####################| 100% :           12m-46.6s (E)           12m-46.6s (X)
     --------------------------------------------------------------------------------------------
     WELPH        :     1h43m CPU        1h55m WALL

     welph_readin :      2.02s CPU      5.58s WALL (       1 calls)
     fetch_input  :      0.01s CPU      0.02s WALL (       2 calls)
     read_xml     :      0.43s CPU      0.53s WALL (       1 calls)
     init_vloc    :      0.20s CPU      0.20s WALL (       2 calls)
     fft          :      0.02s CPU      0.02s WALL (      14 calls)
     fft_scatter  :    122.44s CPU    123.69s WALL ( 1218278 calls)
     v_of_rho     :      0.02s CPU      0.03s WALL (       1 calls)
     v_xc         :      0.02s CPU      0.02s WALL (       1 calls)
     v_h          :      0.00s CPU      0.00s WALL (       1 calls)
     read_wave    :      1.57s CPU      2.40s WALL (       1 calls)
     davcio       :      0.91s CPU      5.54s WALL (     196 calls)
     init_us_1    :      0.01s CPU      0.01s WALL (       2 calls)
     do_setup     :      0.18s CPU      0.22s WALL (       1 calls)
     init_pw_ar   :      0.18s CPU      0.21s WALL (       1 calls)
     init_at_1    :      0.00s CPU      0.00s WALL (       1 calls)
     setup_dmuxc  :      0.01s CPU      0.01s WALL (       1 calls)
     ffts         :      2.33s CPU      2.36s WALL (     288 calls)
     scatter_grid :      0.18s CPU      0.21s WALL (     288 calls)
     init_us_2    :      4.24s CPU      4.31s WALL (     388 calls)
     fftw         :    625.65s CPU    632.02s WALL ( 1217976 calls)
     calbec       :    658.58s CPU    660.89s WALL (    5616 calls)
     computeDW1   :   2998.62s CPU   3005.19s WALL (       1 calls)
     computeDW2   :   2364.01s CPU   2385.73s WALL (       1 calls)
     alphapc      :    226.93s CPU    227.68s WALL (    4216 calls)
     lan_H        :   1843.89s CPU   1856.05s WALL (     136 calls)
     h_psi_bgrp   :   1428.64s CPU   1437.95s WALL (    4080 calls)
     h_psi        :   1428.61s CPU   1437.94s WALL (    4080 calls)
     h_psi:pot    :   1417.89s CPU   1427.12s WALL (    4080 calls)
     vloc_psi     :    658.17s CPU    664.82s WALL (    4080 calls)
     h_psi:calbec :    380.20s CPU    381.54s WALL (    4080 calls)
     add_vuspsi   :    379.46s CPU    380.72s WALL (    4080 calls)
     computeFM1   :    156.97s CPU    366.86s WALL (       1 calls)
     computeFM2   :    555.89s CPU    766.68s WALL (       1 calls)
 
     WELPH        :     1h43m CPU        1h55m WALL

 
   This run was terminated on:  22: 6:37  25Jan2021            

=------------------------------------------------------------------------------=
   JOB DONE.
=------------------------------------------------------------------------------=
