
     Program WELPH v. 3.1.1 starts on 21May2021 at 12:22:53 

     This program is part of the open-source West suite
     for massively parallel calculations of excited states in materials; please cite
         "M. Govoni et al., J. Chem. Theory Comput. 11, 2680 (2015);
          URL http://www.west-code.org", 
     in publications or presentations arising from this work.

     Based on the Quantum ESPRESSO v. 6.1 svn rev. 13369

     I/O is Little Endian
       
     --------------------------------------------------------------------------------------------
     **MPI** Parallelization Status                                      
     --------------------------------------------------------------------------------------------
                    80                   4             1             1            20
     --------------------------------------------------------------------------------------------
                     N         =         I      X      P      X      B      X      Z
                     ^                   ^             ^             ^             ^
                     |                   |             |             |             |
                   #rnk                  |             |             |             |
                                      #image           |             |             |
                                                     #pool           |             |
                                                                   #bgrp           |
                                                                                 #R&G
     --------------------------------------------------------------------------------------------
     **OPENMP** Parallelization Status
     #thr/rnk               =            1
     --------------------------------------------------------------------------------------------
     #prc = (rnk) * (thr) =           80
     --------------------------------------------------------------------------------------------
       
     --------------------------------------------------------------------------------------------
     I/O Summary : input_west                                            
     --------------------------------------------------------------------------------------------
     qe_prefix      = n2
     west_prefix    = n2
     outdir         = ./
     --------------------------------------------------------------------------------------------

     Reading data from directory:
     ./n2.save

   Info: using nr1, nr2, nr3 values from input

   Info: using nr1, nr2, nr3 values from input

     IMPORTANT: XC functional enforced from input :
     Exchange-correlation      = PBE ( 1  4  3  4 0 0)
     Any further DFT definition will be discarded
     Please, verify this is what you really want

     Message from routine readpp:
     file ./n2.save/C_ONCV_PBE-1.0.upf not found
     Message from routine readpp:
     file ./n2.save/N_ONCV_PBE-1.0.upf not found
 
     Parallelization info
     --------------------
     sticks:   dense  smooth     PW     G-vecs:    dense   smooth      PW
     Min         246     246     61                11406    11406    1427
     Max         247     247     62                11409    11409    1429
     Sum        4935    4935   1237               228153   228153   28571
 
       
     --------------------------------------------------------------------------------------------
     I/O Summary : wstat_control                                         
     --------------------------------------------------------------------------------------------
     wstat_calculation              =              S
     n_pdep_eigen                   =           1000
     n_pdep_times                   =              4
     n_pdep_maxiter                 =            100
     n_dfpt_maxiter                 =            250
     n_pdep_read_from_file          =              0
     trev_pdep                      =   1.000000E-03
     trev_pdep_rel                  =   1.000000E-01
     tr2_dfpt                       =   1.000000E-12
     l_kinetic_only                 =              F
     l_minimize_exx_if_active       =              F
     l_use_ecutrho                  =              F
     l_use_symm                     =              F
     l_real_space_pdep              =              F
     nq(1)                          =              1
     nq(2)                          =              1
     nq(3)                          =              1
     --------------------------------------------------------------------------------------------
       
     --------------------------------------------------------------------------------------------
     I/O Summary : wfreq_control                                         
     --------------------------------------------------------------------------------------------
     wfreq_calculation                        =           XWGQ
     n_pdep_eigen_to_use                      =           1000
     qp_bandrange(1)                          =              1
     qp_bandrange(2)                          =              2
     macropol_calculation                     =              C
     n_lanczos                                =             30
     n_imfreq                                 =            128
     n_refreq                                 =            272
     ecut_imfreq [Ry]                         =     200.000000
     ecut_refreq [Ry]                         =       2.000000
     wfreq_eta [Ry]                           =       0.003675
     n_secant_maxiter                         =             21
     trev_secant [Ry]                         =       0.003675
     l_enable_lanczos                         =              T
     l_enable_gwetot                          =              F
     o_restart_time [min]                     =       0.000000
     ecut_spectralf(1) [Ry]                   =      -2.000000
     ecut_spectralf(2) [Ry]                   =       2.000000
     n_spectralf                              =             10
     l_read_common_pdep                       =              F
     l_enable_gb_curvature                    =              T
     --------------------------------------------------------------------------------------------
       
     --------------------------------------------------------------------------------------------
     I/O Summary : welph_control                                         
     --------------------------------------------------------------------------------------------
     welph_calculation                        =              S
     welph_n_pdep_eigen_to_use                =           1000
     asr                                      =              1
     welph_band_range(1)                      =            240
     welph_band_range(2)                      =            280
     do_scr                                   =              T
     do_fxc                                   =              T
     welph_read_common_pdep                   =              T
     loto                                     =              T
     lsym                                     =              F
     l_adiabatic                              =              T
     l_enabel_gw                              =              T
     l_ff_fxc                                 =              F
     q_direction(1)                           =       1.000000
     q_direction(2)                           =       0.000000
     q_direction(3)                           =       0.000000
     welph_eta                                =       0.100000
     temperature                              =       0.000000
     --------------------------------------------------------------------------------------------
       
     --------------------------------------------------------------------------------------------
     System Overview                                                     
     --------------------------------------------------------------------------------------------
     gamma_only           =              F
     ecutwfc [Ry]         =      50.000000
     ecutrho [Ry]         =     200.000000
     omega [au^3]         =   4.772322E+03
     nbnd                 =            300
     nkstot               =              1
     nspin                =              1
     nelec                =     514.000000
     npol                 =              1
     lsda                 =              F
     noncolin             =              F
     lspinorb             =              F
     domag                =              F
     --------------------------------------------------------------------------------------------

     3DFFT grid
        s : (  90,  90,  90)
        p : (  90,  90,  90)

     Direct Lattice Cell [a.u.]
        a1 = (   -13.3897865     0.0537137    13.3897865)
        a2 = (    -0.0537138    13.3897865    13.3897865)
        a3 = (   -13.3897865    13.3897865     0.0537137)

     Reciprocal Lattice Cell [a.u.]
        b1 = (    -0.2350995    -0.2360426     0.2350995)
        b2 = (     0.2360426     0.2350995     0.2350995)
        b3 = (    -0.2350995     0.2350995    -0.2360426)
      

     Brillouin Zone sampling [cryst. coord.]
 
        k(000001) = (     0.0000000     0.0000000     0.0000000)
 
        q(000001) = (     0.0000000     0.0000000     0.0000000)
       
     --------------------------------------------------------------------------------------------
     Parallelization for npdep                                           
     --------------------------------------------------------------------------------------------
     nglob                =           1000
     nlevel               =              4
     Min nglob/nlevel     =            250
     Max nglob/nlevel     =            250
     --------------------------------------------------------------------------------------------
       
     --------------------------------------------------------------------------------------------
     Parallelization for npdep+macro                                     
     --------------------------------------------------------------------------------------------
     nglob                =           1003
     nlevel               =              4
     Min nglob/nlevel     =            250
     Max nglob/nlevel     =            251
     --------------------------------------------------------------------------------------------
     ===========================================================================
     Symmetries disabled, nq =    1
          Q-point IBZ [ cart coord ]
          xq(00000001) = (  0.000000  0.000000  0.000000) wq =   1.000000
     ===========================================================================
     -------------------------------
     | Electron-Phonon Self-energy |
     -------------------------------
     Message from routine kpoint_grid:
     ATTENTION: skip check of k-points equivalence
     ===========================================================================
          nsym   =    6
          nrot   =   12
          nk_ibz =    1
          Q-point IBZ [ cart  coord ]
          xk(00000001) = (  0.000000  0.000000  0.000000) wk =   1.000000
          Q-point IBZ [ cryst coord ]
          xk(00000001) = (  0.000000  0.000000  0.000000) wk =   1.000000
     ===========================================================================
       
     --------------------------------------------------------------------------------------------
     Computing Debye-Waller Self-energy (occ)                            
     --------------------------------------------------------------------------------------------
     in progress... |#                   | 005% :           07m-42.9s (E)       02h-34m-19.9s (X)
     in progress... |##                  | 010% :           12m-55.4s (E)       02h-09m-14.8s (X)
     in progress... |###                 | 015% :           18m-08.3s (E)       02h-00m-55.7s (X)
     in progress... |####                | 020% :           23m-20.6s (E)       01h-56m-43.4s (X)
     in progress... |#####               | 025% :           28m-31.5s (E)       01h-54m-06.0s (X)
     in progress... |######              | 030% :           33m-42.8s (E)       01h-52m-22.9s (X)
     in progress... |#######             | 035% :           38m-56.1s (E)       01h-51m-14.8s (X)
     in progress... |########            | 040% :           44m-06.9s (E)       01h-50m-17.4s (X)
     in progress... |#########           | 045% :           49m-18.3s (E)       01h-49m-34.0s (X)
     in progress... |##########          | 050% :           54m-31.0s (E)       01h-49m-02.0s (X)
     in progress... |###########         | 055% :           59m-44.6s (E)       01h-48m-37.5s (X)
     in progress... |############        | 060% :       01h-04m-57.3s (E)       01h-48m-15.5s (X)
     in progress... |#############       | 065% :       01h-10m-09.5s (E)       01h-47m-56.2s (X)
     in progress... |##############      | 070% :       01h-15m-21.0s (E)       01h-47m-38.6s (X)
     in progress... |###############     | 075% :       01h-20m-33.5s (E)       01h-47m-24.7s (X)
     in progress... |################    | 080% :       01h-25m-47.7s (E)       01h-47m-14.6s (X)
     in progress... |#################   | 085% :       01h-31m-01.2s (E)       01h-47m-04.9s (X)
     in progress... |##################  | 090% :       01h-36m-14.3s (E)       01h-46m-55.9s (X)
     in progress... |################### | 095% :       01h-41m-28.3s (E)       01h-46m-48.7s (X)
     in progress... |####################| 100% :       01h-46m-39.1s (E)       01h-46m-39.1s (X)
     --------------------------------------------------------------------------------------------
       
     --------------------------------------------------------------------------------------------
     Computing Debye-Waller Self-energy (Lanczos)                        
     --------------------------------------------------------------------------------------------
     in progress... |####################| 100% :           41m-52.8s (E)           41m-52.8s (X)
     --------------------------------------------------------------------------------------------
       
     --------------------------------------------------------------------------------------------
     Compute Fan-Migdal Self-energy (occ)                                
     --------------------------------------------------------------------------------------------
     in progress... |####################| 100% :           06m-38.2s (E)           06m-38.2s (X)
     --------------------------------------------------------------------------------------------
       
     --------------------------------------------------------------------------------------------
     Compute Fan-Migdal Self-energy (Lanczos)                            
     --------------------------------------------------------------------------------------------
     in progress... |####################| 100% :           10m-55.2s (E)           10m-55.2s (X)
     --------------------------------------------------------------------------------------------
     WELPH        :     2h38m CPU        2h53m WALL

     welph_readin :      0.86s CPU      1.89s WALL (       1 calls)
     fetch_input  :      0.01s CPU      0.01s WALL (       2 calls)
     read_xml     :      0.40s CPU      0.55s WALL (       1 calls)
     init_vloc    :      0.15s CPU      0.16s WALL (       2 calls)
     fft          :      0.02s CPU      0.02s WALL (      14 calls)
     fft_scatter  :    154.28s CPU    156.12s WALL ( 1218278 calls)
     v_of_rho     :      0.02s CPU      0.02s WALL (       1 calls)
     v_xc         :      0.02s CPU      0.02s WALL (       1 calls)
     v_h          :      0.00s CPU      0.00s WALL (       1 calls)
     read_wave    :      0.45s CPU      1.31s WALL (       1 calls)
     davcio       :      0.78s CPU      3.50s WALL (     196 calls)
     init_us_1    :      0.01s CPU      0.01s WALL (       2 calls)
     do_setup     :      0.24s CPU      0.26s WALL (       1 calls)
     init_pw_ar   :      0.16s CPU      0.18s WALL (       1 calls)
     init_at_1    :      0.00s CPU      0.00s WALL (       1 calls)
     setup_dmuxc  :      0.01s CPU      0.01s WALL (       1 calls)
     ffts         :      5.42s CPU      5.52s WALL (     288 calls)
     scatter_grid :      0.15s CPU      0.18s WALL (     288 calls)
     init_us_2    :      3.74s CPU      3.82s WALL (     388 calls)
     fftw         :    576.89s CPU    583.35s WALL ( 1217976 calls)
     calbec       :    384.91s CPU    390.85s WALL (    5616 calls)
     computeDW1   :   6367.44s CPU   6399.17s WALL (       1 calls)
     computeDW2   :   2478.20s CPU   2512.83s WALL (       1 calls)
     alphapc      :    164.94s CPU    166.59s WALL (    4216 calls)
     lan_H        :   1355.03s CPU   1369.94s WALL (     136 calls)
     h_psi_bgrp   :   1030.05s CPU   1041.45s WALL (    4080 calls)
     h_psi        :   1030.02s CPU   1041.44s WALL (    4080 calls)
     h_psi:pot    :   1021.40s CPU   1032.71s WALL (    4080 calls)
     vloc_psi     :    585.01s CPU    591.64s WALL (    4080 calls)
     h_psi:calbec :    216.06s CPU    219.44s WALL (    4080 calls)
     add_vuspsi   :    220.28s CPU    221.61s WALL (    4080 calls)
     computeFM1   :    122.90s CPU    398.22s WALL (       1 calls)
     computeFM2   :    405.83s CPU    655.23s WALL (       1 calls)
 
     WELPH        :     2h38m CPU        2h53m WALL

 
   This run was terminated on:  15:16: 9  21May2021            

=------------------------------------------------------------------------------=
   JOB DONE.
=------------------------------------------------------------------------------=
