
     Program WSTAT v. 3.1.1 starts on 25Jan2021 at  8:58:58 

     This program is part of the open-source West suite
     for massively parallel calculations of excited states in materials; please cite
         "M. Govoni et al., J. Chem. Theory Comput. 11, 2680 (2015);
          URL http://www.west-code.org", 
     in publications or presentations arising from this work.

     Based on the Quantum ESPRESSO v. 6.1 svn rev. 13369

     I/O is Little Endian
       
     --------------------------------------------------------------------------------------------
     **MPI** Parallelization Status                                      
     --------------------------------------------------------------------------------------------
                   120                   6             1             1            20
     --------------------------------------------------------------------------------------------
                     N         =         I      X      P      X      B      X      Z
                     ^                   ^             ^             ^             ^
                     |                   |             |             |             |
                   #rnk                  |             |             |             |
                                      #image           |             |             |
                                                     #pool           |             |
                                                                   #bgrp           |
                                                                                 #R&G
     --------------------------------------------------------------------------------------------
     **OPENMP** Parallelization Status
     #thr/rnk               =            1
     --------------------------------------------------------------------------------------------
     #prc = (rnk) * (thr) =          120
     --------------------------------------------------------------------------------------------
       
     --------------------------------------------------------------------------------------------
     I/O Summary : input_west                                            
     --------------------------------------------------------------------------------------------
     qe_prefix      = n2
     west_prefix    = n2
     outdir         = ./
     --------------------------------------------------------------------------------------------

     Reading data from directory:
     ./n2.save

   Info: using nr1, nr2, nr3 values from input

   Info: using nr1, nr2, nr3 values from input

     IMPORTANT: XC functional enforced from input :
     Exchange-correlation      = PBE ( 1  4  3  4 0 0)
     Any further DFT definition will be discarded
     Please, verify this is what you really want

     Message from routine readpp:
     file ./n2.save/C_ONCV_PBE-1.0.upf not found
     Message from routine readpp:
     file ./n2.save/N_ONCV_PBE-1.0.upf not found
 
     Parallelization info
     --------------------
     sticks:   dense  smooth     PW     G-vecs:    dense   smooth      PW
     Min         246     246     61                11406    11406    1427
     Max         247     247     62                11409    11409    1429
     Sum        4935    4935   1237               228153   228153   28571
 
       
     --------------------------------------------------------------------------------------------
     I/O Summary : wstat_control                                         
     --------------------------------------------------------------------------------------------
     wstat_calculation              =              S
     n_pdep_eigen                   =           1000
     n_pdep_times                   =              4
     n_pdep_maxiter                 =            100
     n_dfpt_maxiter                 =            250
     n_pdep_read_from_file          =              0
     trev_pdep                      =   1.000000E-03
     trev_pdep_rel                  =   1.000000E-01
     tr2_dfpt                       =   1.000000E-12
     l_kinetic_only                 =              F
     l_minimize_exx_if_active       =              F
     l_use_ecutrho                  =              F
     l_use_symm                     =              T
     nq(1)                          =              1
     nq(2)                          =              1
     nq(3)                          =              1
     --------------------------------------------------------------------------------------------
       
     --------------------------------------------------------------------------------------------
     System Overview                                                     
     --------------------------------------------------------------------------------------------
     gamma_only           =              F
     ecutwfc [Ry]         =      50.000000
     ecutrho [Ry]         =     200.000000
     omega [au^3]         =   4.772322E+03
     nbnd                 =            300
     nkstot               =              1
     nspin                =              1
     nelec                =     514.000000
     npol                 =              1
     lsda                 =              F
     noncolin             =              F
     lspinorb             =              F
     domag                =              F
     --------------------------------------------------------------------------------------------

     3DFFT grid
        s : (  90,  90,  90)
        p : (  90,  90,  90)

     Direct Lattice Cell [a.u.]
        a1 = (   -13.3897865     0.0537137    13.3897865)
        a2 = (    -0.0537138    13.3897865    13.3897865)
        a3 = (   -13.3897865    13.3897865     0.0537137)

     Reciprocal Lattice Cell [a.u.]
        b1 = (    -0.2350995    -0.2360426     0.2350995)
        b2 = (     0.2360426     0.2350995     0.2350995)
        b3 = (    -0.2350995     0.2350995    -0.2360426)
      

     Brillouin Zone sampling [cryst. coord.]
 
        k(000001) = (     0.0000000     0.0000000     0.0000000)
 
        q(000001) = (     0.0000000     0.0000000     0.0000000)
     ===========================================================================
          nsym   =    6
          nrot   =   12
          nq_ibz =    1
          Q-point IBZ [ cart  coord ]
          xq(00000001) = (  0.000000  0.000000  0.000000) wq =   1.000000
          Q-point IBZ [ cryst coord ]
          xq(00000001) = (  0.000000  0.000000  0.000000) wq =   1.000000
     ===========================================================================
       
     --------------------------------------------------------------------------------------------
     Parallelization for nvecx                                           
     --------------------------------------------------------------------------------------------
     nglob                =           4000
     nlevel               =              6
     Min nglob/nlevel     =            666
     Max nglob/nlevel     =            667
     --------------------------------------------------------------------------------------------

     [MEM] ----------------------------------------------------------
     [MEM] **Memory** analysis: QE
     [MEM] ----------------------------------------------------------
     [MEM] Allocated arrays           est. size (Mb)     dimensions
     [MEM] ----------------------------------------------------------
     [MEM] Kohn-Sham Wavefunctions       6.54 Mb     (   1429,  300)
     [MEM] NL pseudopotentials          22.33 Mb     (   1429, 1024)
     [MEM] Each V/rho on FFT grid        0.62 Mb     (  40500)
     [MEM] Each G-vector array           0.09 Mb     (  11408)
     [MEM] G-vector shells               0.09 Mb     (  11236)
     [MEM] ----------------------------------------------------------
     [MEM] TOT                          29.66 Mb
     [MEM] ----------------------------------------------------------
     [MEM] 
     [MEM] ----------------------------------------------------------
     [MEM] **Memory** analysis: WSTAT global
     [MEM] ----------------------------------------------------------
     [MEM] Allocated arrays           est. size (Mb)     dimensions
     [MEM] ----------------------------------------------------------
     [MEM] dvg                          14.54 Mb     (   1429,  667)
     [MEM] dng                          14.54 Mb     (   1429,  667)
     [MEM] hr_distr                     40.71 Mb     (   4000,  667)
     [MEM] vr_distr                     40.71 Mb     (   4000,  667)
     [MEM] ----------------------------------------------------------
     [MEM] TOT                         110.51 Mb
     [MEM] ----------------------------------------------------------
     [MEM] 
     [MEM] ----------------------------------------------------------
     [MEM] **Memory** analysis: WSTAT temporary
     [MEM] ----------------------------------------------------------
     [MEM] Allocated arrays           est. size (Mb)     dimensions
     [MEM] ----------------------------------------------------------
     [MEM] dvpsi                         5.60 Mb     (   1429,  257)
     [MEM] dpsi                          5.60 Mb     (   1429,  257)
     [MEM] ----------------------------------------------------------
     [MEM] Total estimate               11.21 Mb
     [MEM] ----------------------------------------------------------
 
     Divergence =   2.947704E-01

                       *----------*              *----------*               *----------*
     #     Iteration = | starting |   DFPT_dim = |     1000 |   Diago_dim = |     1000 |  x 1/2
                       *----------*              *----------*               *----------*
     per-process dynamical memory   193.9 Mb
  
       
     --------------------------------------------------------------------------------------------
     Sternheimer eq. solver... with lite-solver                          
     --------------------------------------------------------------------------------------------
     in progress... |#                   | 005% :               10.0s (E)           03m-20.9s (X)
     in progress... |##                  | 010% :               16.4s (E)           02m-44.5s (X)
     in progress... |###                 | 015% :               23.5s (E)           02m-36.9s (X)
     in progress... |####                | 020% :               29.8s (E)           02m-29.1s (X)
     in progress... |#####               | 025% :               36.1s (E)           02m-24.6s (X)
     in progress... |######              | 030% :               43.2s (E)           02m-24.0s (X)
     in progress... |#######             | 035% :               49.4s (E)           02m-21.4s (X)
     in progress... |########            | 040% :               55.7s (E)           02m-19.4s (X)
     in progress... |#########           | 045% :           01m-02.8s (E)           02m-19.6s (X)
     in progress... |##########          | 050% :           01m-09.1s (E)           02m-18.3s (X)
     in progress... |###########         | 055% :           01m-15.4s (E)           02m-17.1s (X)
     in progress... |############        | 060% :           01m-22.4s (E)           02m-17.4s (X)
     in progress... |#############       | 065% :           01m-28.8s (E)           02m-16.6s (X)
     in progress... |##############      | 070% :           01m-35.0s (E)           02m-15.8s (X)
     in progress... |###############     | 075% :           01m-42.1s (E)           02m-16.2s (X)
     in progress... |################    | 080% :           01m-48.4s (E)           02m-15.5s (X)
     in progress... |#################   | 085% :           01m-54.7s (E)           02m-14.9s (X)
     in progress... |##################  | 090% :           02m-01.7s (E)           02m-15.3s (X)
     in progress... |################### | 095% :           02m-08.0s (E)           02m-14.8s (X)
     in progress... |####################| 100% :           02m-14.3s (E)           02m-14.3s (X)
     --------------------------------------------------------------------------------------------

     [I/O] -------------------------------------------------------
     [I/O] RESTART written in < 00.1s             
     [I/O] In location   : ./n2.wstat.restart
     [I/O] -------------------------------------------------------

                       *----------*              *----------*               *----------*
     #     Iteration = | starting |   DFPT_dim = |     1000 |   Diago_dim = |     1000 |  x 2/2
                       *----------*              *----------*               *----------*
     per-process dynamical memory   213.6 Mb
  
       
     --------------------------------------------------------------------------------------------
     Sternheimer eq. solver... with threshold =   1.000000E-06           
     --------------------------------------------------------------------------------------------
     in progress... |#                   | 005% :           02m-31.4s (E)           50m-29.0s (X)
     in progress... |##                  | 010% :           04m-44.4s (E)           47m-24.1s (X)
     in progress... |###                 | 015% :           07m-13.3s (E)           48m-09.2s (X)
     in progress... |####                | 020% :           09m-24.9s (E)           47m-04.7s (X)
     in progress... |#####               | 025% :           11m-35.4s (E)           46m-21.7s (X)
     in progress... |######              | 030% :           14m-01.7s (E)           46m-45.6s (X)
     in progress... |#######             | 035% :           16m-12.3s (E)           46m-18.0s (X)
     in progress... |########            | 040% :           18m-21.2s (E)           45m-53.1s (X)
     in progress... |#########           | 045% :           20m-45.9s (E)           46m-08.7s (X)
     in progress... |##########          | 050% :           22m-54.6s (E)           45m-49.2s (X)
     in progress... |###########         | 055% :           25m-02.6s (E)           45m-32.1s (X)
     in progress... |############        | 060% :           27m-26.4s (E)           45m-44.1s (X)
     in progress... |#############       | 065% :           29m-34.3s (E)           45m-29.7s (X)
     in progress... |##############      | 070% :           31m-41.8s (E)           45m-16.9s (X)
     in progress... |###############     | 075% :           34m-05.3s (E)           45m-27.1s (X)
     in progress... |################    | 080% :           36m-12.5s (E)           45m-15.6s (X)
     in progress... |#################   | 085% :           38m-19.7s (E)           45m-05.5s (X)
     in progress... |##################  | 090% :           40m-42.5s (E)           45m-13.9s (X)
     in progress... |################### | 095% :           42m-49.0s (E)           45m-04.3s (X)
     in progress... |####################| 100% :           44m-55.2s (E)           44m-55.2s (X)
     --------------------------------------------------------------------------------------------
     p-DIAGOX done in 04.0s with a SCALAPACK grid (10x10)
     --------------------------------------------------------------------------------------------
        
       -3.43543  -3.32136  -3.30844  -3.30809  -3.30215  -3.28834  -3.28766  -3.26400  -3.19769
       -3.18174  -3.18147  -3.17037  -3.16990  -3.14153  -2.50169  -2.37325  -2.37292  -2.37164
       -2.37096  -2.36906  -2.36604  -2.35720  -2.35617  -2.35494  -2.35441  -2.35323  -2.31107
       -2.28867  -2.27539  -2.27429  -2.22413  -2.20924  -2.16882  -2.16714  -2.16324  -2.16165
       -2.16076  -2.15905  -2.15765  -2.15684  -2.15612  -2.15497  -2.15366  -2.15297  -2.15137
       -2.14873  -2.14702  -2.14600  -2.14504  -2.14366  -2.14222  -2.13787  -2.13671  -2.13467
       -1.96098  -1.94419  -1.91478  -1.90925  -1.90807  -1.90189  -1.90052  -1.89490  -1.88243
       -1.86797  -1.86713  -1.86582  -1.86402  -1.86357  -1.86196  -1.86038  -1.85897  -1.85747
       -1.85576  -1.84603  -1.84211  -1.84131  -1.83953  -1.83783  -1.83676  -1.83420  -1.83142
       -1.82928  -1.82807  -1.82627  -1.82349  -1.81370  -1.81083  -1.80431  -1.80376  -1.79966
       -1.79729  -1.79534  -1.79407  -1.79284  -1.79131  -1.79058  -1.79022  -1.78774  -1.78711
       -1.78640  -1.78515  -1.78434  -1.78343  -1.78192  -1.78093  -1.78033  -1.77851  -1.77761
       -1.77657  -1.77540  -1.77381  -1.77328  -1.77076  -1.76921  -1.76859  -1.76605  -1.76535
       -1.76304  -1.76027  -1.75632  -1.75405  -1.74996  -1.74618  -1.59826  -1.58778  -1.58680
       -1.58583  -1.19862  -1.16424  -1.16154  -1.15689  -1.14157  -1.12562  -1.11811  -1.11473
       -1.11388  -1.11301  -1.11203  -1.11184  -1.11126  -1.11007  -1.10954  -1.10822  -1.10778
       -1.10709  -1.10669  -1.10613  -1.10469  -1.10390  -1.10284  -1.10171  -1.10111  -1.09850
       -1.09478  -1.09359  -1.07033  -1.06547  -1.06322  -1.06184  -1.06067  -1.05969  -1.05928
       -1.05853  -1.05782  -1.05692  -1.05580  -1.05394  -1.05314  -1.05131  -1.04962  -1.04870
       -1.04751  -1.04621  -1.04524  -1.04377  -1.04261  -1.04029  -1.02821  -1.02716  -0.87316
       -0.85989  -0.84100  -0.83402  -0.83294  -0.82933  -0.82739  -0.82460  -0.82362  -0.82291
       -0.82213  -0.81984  -0.81902  -0.81820  -0.81726  -0.81618  -0.81426  -0.81364  -0.81326
       -0.81125  -0.79281  -0.78237  -0.77513  -0.77101  -0.76858  -0.76689  -0.76334  -0.75798
       -0.75662  -0.75628  -0.75396  -0.75359  -0.75261  -0.75218  -0.75160  -0.75101  -0.75013
       -0.74965  -0.74902  -0.74754  -0.74746  -0.74691  -0.74606  -0.74576  -0.74506  -0.74427
       -0.74366  -0.74240  -0.74198  -0.74160  -0.74072  -0.74020  -0.73833  -0.73709  -0.73659
       -0.73491  -0.73382  -0.73324  -0.73266  -0.73141  -0.73080  -0.73013  -0.72940  -0.72908
       -0.72847  -0.72794  -0.72704  -0.72606  -0.72577  -0.72511  -0.72434  -0.72387  -0.72322
       -0.72289  -0.72151  -0.72124  -0.72029  -0.71928  -0.71849  -0.71795  -0.71746  -0.71669
       -0.71605  -0.71534  -0.71502  -0.71369  -0.71304  -0.71228  -0.71081  -0.70972  -0.70848
       -0.70780  -0.70600  -0.70572  -0.70407  -0.70291  -0.69973  -0.69667  -0.67289  -0.66541
       -0.66349  -0.66214  -0.66099  -0.65988  -0.65837  -0.65763  -0.65534  -0.65435  -0.65293
       -0.65091  -0.64905  -0.64050  -0.63693  -0.63321  -0.63108  -0.62843  -0.62761  -0.62724
       -0.62493  -0.62195  -0.62001  -0.61974  -0.61832  -0.61727  -0.61643  -0.61524  -0.61471
       -0.61247  -0.61161  -0.61031  -0.60974  -0.60782  -0.60681  -0.60554  -0.60365  -0.60300
       -0.60169  -0.60062  -0.59883  -0.59825  -0.59663  -0.59497  -0.59286  -0.59030  -0.58724
       -0.58404  -0.58336  -0.58221  -0.58073  -0.57978  -0.57886  -0.57722  -0.57631  -0.57547
       -0.57335  -0.57104  -0.56894  -0.56709  -0.56635  -0.56531  -0.56481  -0.56390  -0.56286
       -0.56071  -0.55902  -0.55825  -0.55726  -0.55710  -0.55582  -0.55453  -0.55322  -0.55258
       -0.55065  -0.54910  -0.54752  -0.54604  -0.54485  -0.54286  -0.54122  -0.53869  -0.53649
       -0.53478  -0.53249  -0.53154  -0.52977  -0.52699  -0.52511  -0.52236  -0.52071  -0.51879
       -0.51787  -0.51694  -0.51577  -0.51497  -0.51367  -0.51276  -0.51189  -0.51019  -0.50923
       -0.50793  -0.50589  -0.50493  -0.50357  -0.50272  -0.50104  -0.49927  -0.49770  -0.49640
       -0.49592  -0.49403  -0.49364  -0.49105  -0.49025  -0.48940  -0.48618  -0.48393  -0.48228
       -0.48006  -0.47930  -0.47745  -0.47636  -0.47470  -0.47396  -0.47298  -0.47243  -0.47215
       -0.47132  -0.46995  -0.46846  -0.46792  -0.46737  -0.46590  -0.46490  -0.46408  -0.46330
       -0.46265  -0.46184  -0.45996  -0.45945  -0.45917  -0.45881  -0.45751  -0.45665  -0.45586
       -0.45518  -0.45431  -0.45388  -0.45371  -0.45288  -0.45206  -0.45165  -0.45034  -0.44940
       -0.44883  -0.44750  -0.44665  -0.44621  -0.44525  -0.44501  -0.44444  -0.44348  -0.44285
       -0.44213  -0.44143  -0.43983  -0.43928  -0.43843  -0.43748  -0.43705  -0.43636  -0.43529
       -0.43494  -0.43413  -0.43336  -0.43261  -0.43201  -0.43075  -0.43037  -0.42957  -0.42851
       -0.42807  -0.42651  -0.42617  -0.42564  -0.42520  -0.42448  -0.42377  -0.42259  -0.42222
       -0.42107  -0.41984  -0.41938  -0.41822  -0.41793  -0.41682  -0.41623  -0.41455  -0.41371
       -0.41269  -0.41193  -0.41041  -0.40991  -0.40893  -0.40834  -0.40700  -0.40638  -0.40517
       -0.40481  -0.40356  -0.40242  -0.40176  -0.39982  -0.39847  -0.39701  -0.39590  -0.39338
       -0.39288  -0.39188  -0.39052  -0.38795  -0.38719  -0.38539  -0.38127  -0.37894  -0.37648
       -0.37414  -0.37161  -0.37035  -0.36848  -0.36643  -0.36539  -0.36235  -0.36104  -0.35845
       -0.35605  -0.35532  -0.35401  -0.35357  -0.35260  -0.35122  -0.34995  -0.34898  -0.34753
       -0.34530  -0.34454  -0.34341  -0.34249  -0.34205  -0.34030  -0.33974  -0.33911  -0.33836
       -0.33773  -0.33731  -0.33671  -0.33602  -0.33552  -0.33472  -0.33415  -0.33345  -0.33278
       -0.33210  -0.33129  -0.33103  -0.33027  -0.32967  -0.32932  -0.32884  -0.32794  -0.32738
       -0.32680  -0.32617  -0.32575  -0.32524  -0.32493  -0.32440  -0.32385  -0.32330  -0.32285
       -0.32230  -0.32158  -0.32091  -0.32014  -0.32007  -0.31949  -0.31925  -0.31869  -0.31834
       -0.31759  -0.31713  -0.31655  -0.31624  -0.31582  -0.31512  -0.31455  -0.31401  -0.31320
       -0.31289  -0.31233  -0.31214  -0.31172  -0.31121  -0.31071  -0.31034  -0.30998  -0.30948
       -0.30916  -0.30847  -0.30810  -0.30760  -0.30711  -0.30684  -0.30641  -0.30593  -0.30539
       -0.30481  -0.30372  -0.30363  -0.30315  -0.30259  -0.30225  -0.30164  -0.30134  -0.30122
       -0.30087  -0.30054  -0.30002  -0.29919  -0.29871  -0.29836  -0.29807  -0.29789  -0.29684
       -0.29627  -0.29608  -0.29565  -0.29531  -0.29477  -0.29425  -0.29358  -0.29310  -0.29249
       -0.29217  -0.29168  -0.29145  -0.29090  -0.29045  -0.29010  -0.28932  -0.28890  -0.28810
       -0.28759  -0.28734  -0.28695  -0.28642  -0.28613  -0.28569  -0.28528  -0.28483  -0.28438
       -0.28397  -0.28325  -0.28290  -0.28255  -0.28160  -0.28139  -0.28107  -0.28058  -0.28001
       -0.27948  -0.27923  -0.27862  -0.27808  -0.27759  -0.27708  -0.27619  -0.27598  -0.27560
       -0.27479  -0.27458  -0.27398  -0.27340  -0.27272  -0.27223  -0.27196  -0.27146  -0.27073
       -0.27030  -0.27012  -0.26957  -0.26881  -0.26827  -0.26789  -0.26709  -0.26674  -0.26633
       -0.26607  -0.26572  -0.26489  -0.26477  -0.26455  -0.26355  -0.26317  -0.26286  -0.26215
       -0.26177  -0.26095  -0.26080  -0.25998  -0.25970  -0.25906  -0.25872  -0.25838  -0.25790
       -0.25730  -0.25653  -0.25601  -0.25570  -0.25538  -0.25502  -0.25483  -0.25429  -0.25396
       -0.25349  -0.25319  -0.25240  -0.25199  -0.25150  -0.25143  -0.25060  -0.25017  -0.24974
       -0.24918  -0.24882  -0.24867  -0.24823  -0.24771  -0.24731  -0.24704  -0.24654  -0.24606
       -0.24585  -0.24534  -0.24511  -0.24449  -0.24407  -0.24333  -0.24286  -0.24230  -0.24214
       -0.24176  -0.24111  -0.24081  -0.24047  -0.24006  -0.23933  -0.23891  -0.23845  -0.23793
       -0.23786  -0.23729  -0.23664  -0.23621  -0.23586  -0.23555  -0.23514  -0.23478  -0.23456
       -0.23422  -0.23381  -0.23303  -0.23275  -0.23243  -0.23185  -0.23154  -0.23101  -0.23078
       -0.23043  -0.22973  -0.22958  -0.22931  -0.22863  -0.22838  -0.22768  -0.22746  -0.22665
       -0.22610  -0.22591  -0.22542  -0.22503  -0.22475  -0.22421  -0.22370  -0.22318  -0.22301
       -0.22278  -0.22257  -0.22206  -0.22144  -0.22122  -0.22060  -0.22003  -0.21971  -0.21933
       -0.21923  -0.21899  -0.21871  -0.21836  -0.21753  -0.21729  -0.21717  -0.21663  -0.21634
       -0.21564  -0.21543  -0.21510  -0.21474  -0.21445  -0.21422  -0.21384  -0.21350  -0.21298
       -0.21259  -0.21230  -0.21187  -0.21110  -0.21082  -0.21034  -0.21011  -0.20972  -0.20938
       -0.20894  -0.20869  -0.20830  -0.20811  -0.20755  -0.20706  -0.20662  -0.20637  -0.20583
       -0.20554  -0.20517  -0.20469  -0.20416  -0.20394  -0.20383  -0.20323  -0.20297  -0.20243
       -0.20184  -0.20160  -0.20139  -0.20090  -0.20075  -0.20012  -0.19969  -0.19947  -0.19882
       -0.19869  -0.19852  -0.19787  -0.19761  -0.19725  -0.19680  -0.19640  -0.19626  -0.19584
       -0.19534  -0.19493  -0.19475  -0.19435  -0.19393  -0.19322  -0.19298  -0.19276  -0.19231
       -0.19203  -0.19174  -0.19128  -0.19107  -0.19021  -0.19000  -0.18978  -0.18952  -0.18908
       -0.18884  -0.18826  -0.18795  -0.18738  -0.18705  -0.18672  -0.18640  -0.18590  -0.18550
       -0.18505  -0.18476  -0.18428  -0.18392  -0.18360  -0.18339  -0.18290  -0.18257  -0.18206
       -0.18178  -0.18130  -0.18059  -0.18036  -0.17980  -0.17962  -0.17909  -0.17891  -0.17830
       -0.17801  -0.17775  -0.17723  -0.17683  -0.17663  -0.17629  -0.17603  -0.17582  -0.17490
       -0.17456  -0.17413  -0.17384  -0.17355  -0.17329  -0.17275  -0.17227  -0.17206  -0.17161
       -0.17120  -0.17084  -0.17035  -0.16996  -0.16973  -0.16931  -0.16918  -0.16846  -0.16803
       -0.16784  -0.16770  -0.16718  -0.16669  -0.16629  -0.16616  -0.16523  -0.16498  -0.16467
       -0.16438  -0.16394  -0.16361  -0.16282  -0.16227  -0.16198  -0.16156  -0.16116  -0.16080
       -0.16051  -0.16003  -0.15944  -0.15914  -0.15878  -0.15854  -0.15795  -0.15780  -0.15734
       -0.15712  -0.15659  -0.15605  -0.15577  -0.15536  -0.15452  -0.15427  -0.15385  -0.15354
       -0.15328  -0.15279  -0.15192  -0.15146  -0.15110  -0.15073  -0.15046  -0.14998  -0.14908
       -0.14861  -0.14773  -0.14769  -0.14697  -0.14674  -0.14647  -0.14604  -0.14563  -0.14515
       -0.14419  -0.14349  -0.14283  -0.14240  -0.14178  -0.14143  -0.14113  -0.14069  -0.14010
       -0.13978  -0.13887  -0.13828  -0.13768  -0.13722  -0.13695  -0.13601  -0.13525  -0.13515
       -0.13432  -0.13372  -0.13340  -0.13191  -0.13157  -0.13007  -0.12928  -0.12880  -0.12787
       -0.12639
        
     --------------------------------------------------------------------------------------------
     Tot. elapsed time 49m-03.4s,  time spent in last iteration 49m-03.4s
     --------------------------------------------------------------------------------------------

     [I/O] -------------------------------------------------------
     [I/O] RESTART written in < 00.1s             
     [I/O] In location   : ./n2.wstat.restart
     [I/O] -------------------------------------------------------

                       *----------*              *----------*               *----------*
     #     Iteration = |        1 |   DFPT_dim = |     1000 |   Diago_dim = |     2000 |
                       *----------*              *----------*               *----------*
     per-process dynamical memory   245.4 Mb
  
       
     --------------------------------------------------------------------------------------------
     Sternheimer eq. solver... with threshold =   1.000000E-12           
     --------------------------------------------------------------------------------------------
     in progress... |#                   | 005% :           04m-28.5s (E)       01h-29m-30.1s (X)
     in progress... |##                  | 010% :           08m-26.9s (E)       01h-24m-29.7s (X)
     in progress... |###                 | 015% :           12m-54.9s (E)       01h-26m-06.0s (X)
     in progress... |####                | 020% :           16m-52.1s (E)       01h-24m-20.9s (X)
     in progress... |#####               | 025% :           20m-49.7s (E)       01h-23m-18.9s (X)
     in progress... |######              | 030% :           25m-16.6s (E)       01h-24m-15.4s (X)
     in progress... |#######             | 035% :           29m-14.9s (E)       01h-23m-34.0s (X)
     in progress... |########            | 040% :           33m-12.2s (E)       01h-23m-00.5s (X)
     in progress... |#########           | 045% :           37m-39.1s (E)       01h-23m-40.4s (X)
     in progress... |##########          | 050% :           41m-36.6s (E)       01h-23m-13.3s (X)
     in progress... |###########         | 055% :           45m-32.5s (E)       01h-22m-48.2s (X)
     in progress... |############        | 060% :           49m-57.8s (E)       01h-23m-16.4s (X)
     in progress... |#############       | 065% :           53m-53.9s (E)       01h-22m-55.2s (X)
     in progress... |##############      | 070% :           57m-49.6s (E)       01h-22m-36.6s (X)
     in progress... |###############     | 075% :       01h-02m-14.5s (E)       01h-22m-59.4s (X)
     in progress... |################    | 080% :       01h-06m-10.0s (E)       01h-22m-42.5s (X)
     in progress... |#################   | 085% :       01h-10m-05.3s (E)       01h-22m-27.4s (X)
     in progress... |##################  | 090% :       01h-14m-30.0s (E)       01h-22m-46.7s (X)
     in progress... |################### | 095% :       01h-18m-25.3s (E)       01h-22m-33.0s (X)
     in progress... |####################| 100% :       01h-22m-20.6s (E)       01h-22m-20.6s (X)
     --------------------------------------------------------------------------------------------
     p-DIAGOX done in 06.9s with a SCALAPACK grid (10x10)
     --------------------------------------------------------------------------------------------
        
       -3.44922  -3.33221  -3.31903  -3.31903  -3.31353  -3.29874  -3.29874  -3.27525  -3.20835
       -3.19231  -3.19231  -3.18051  -3.18051  -3.15267  -2.52348  -2.38773  -2.38773  -2.38707
       -2.38707  -2.38417  -2.38411  -2.37186  -2.37186  -2.36940  -2.36862  -2.36862  -2.33585
       -2.31286  -2.29823  -2.29822  -2.24522  -2.23263  -2.18785  -2.18785  -2.18204  -2.18203
       -2.18071  -2.18071  -2.17633  -2.17625  -2.17624  -2.17548  -2.17411  -2.17339  -2.17339
       -2.16897  -2.16896  -2.16734  -2.16595  -2.16595  -2.16399  -2.15803  -2.15792  -2.15792
       -1.99303  -1.97642  -1.96127  -1.93261  -1.93261  -1.92541  -1.92540  -1.92023  -1.90983
       -1.89265  -1.89265  -1.89192  -1.89191  -1.89149  -1.88936  -1.88714  -1.88714  -1.88652
       -1.88652  -1.87856  -1.87593  -1.87508  -1.87479  -1.87479  -1.87405  -1.87404  -1.87214
       -1.86678  -1.86678  -1.86577  -1.86576  -1.84771  -1.84634  -1.84113  -1.84112  -1.83921
       -1.83920  -1.83769  -1.83710  -1.83279  -1.82998  -1.82998  -1.82786  -1.82200  -1.82198
       -1.81915  -1.81915  -1.81883  -1.81882  -1.81877  -1.81826  -1.81688  -1.81623  -1.81622
       -1.81297  -1.81125  -1.81124  -1.81107  -1.80998  -1.80998  -1.80988  -1.80883  -1.80882
       -1.80689  -1.79690  -1.79688  -1.79593  -1.79593  -1.79497  -1.62268  -1.61223  -1.61060
       -1.61060  -1.23321  -1.19684  -1.19597  -1.19595  -1.17237  -1.15170  -1.14006  -1.13534
       -1.13532  -1.13498  -1.13497  -1.13211  -1.13210  -1.13160  -1.13110  -1.13090  -1.13047
       -1.13045  -1.13044  -1.12938  -1.12936  -1.12641  -1.12640  -1.12629  -1.12611  -1.12609
       -1.11789  -1.11788  -1.09274  -1.08486  -1.08466  -1.07951  -1.07950  -1.07721  -1.07721
       -1.07599  -1.07551  -1.07549  -1.07446  -1.07267  -1.07266  -1.07241  -1.07179  -1.07178
       -1.07053  -1.06891  -1.06890  -1.06873  -1.06870  -1.06824  -1.04858  -1.04858  -0.92086
       -0.89881  -0.86912  -0.86052  -0.86048  -0.85686  -0.85683  -0.85268  -0.85246  -0.85135
       -0.84995  -0.84990  -0.84940  -0.84939  -0.84604  -0.84244  -0.84242  -0.84140  -0.84136
       -0.84053  -0.82884  -0.82047  -0.80514  -0.80018  -0.80013  -0.79741  -0.79731  -0.78752
       -0.77955  -0.77953  -0.77947  -0.77943  -0.77481  -0.77478  -0.77476  -0.77463  -0.77427
       -0.77423  -0.77308  -0.77281  -0.77278  -0.77264  -0.77227  -0.77225  -0.77174  -0.77171
       -0.77164  -0.77160  -0.77122  -0.77069  -0.77020  -0.76730  -0.76678  -0.76671  -0.76554
       -0.76502  -0.76498  -0.76467  -0.76340  -0.76334  -0.76246  -0.76240  -0.76134  -0.76024
       -0.76016  -0.75964  -0.75834  -0.75812  -0.75804  -0.75774  -0.75770  -0.75763  -0.75630
       -0.75554  -0.75545  -0.75515  -0.75511  -0.75496  -0.75438  -0.75429  -0.75422  -0.75280
       -0.75109  -0.75105  -0.74793  -0.74789  -0.74731  -0.74673  -0.74672  -0.74641  -0.74638
       -0.74390  -0.74364  -0.74361  -0.74359  -0.74295  -0.73427  -0.73423  -0.70493  -0.70170
       -0.69466  -0.69460  -0.69191  -0.69180  -0.69122  -0.69113  -0.69014  -0.68944  -0.68767
       -0.68625  -0.68620  -0.67401  -0.66860  -0.66846  -0.66161  -0.66151  -0.66054  -0.66038
       -0.66032  -0.65537  -0.65286  -0.65271  -0.65025  -0.65023  -0.64988  -0.64981  -0.64915
       -0.64818  -0.64807  -0.64757  -0.64629  -0.64617  -0.64611  -0.64602  -0.64592  -0.64297
       -0.64269  -0.64113  -0.63814  -0.63807  -0.63663  -0.63334  -0.63329  -0.63136  -0.63048
       -0.62951  -0.62935  -0.62829  -0.62803  -0.62742  -0.62734  -0.62723  -0.62576  -0.62530
       -0.62507  -0.62179  -0.61057  -0.61047  -0.60871  -0.60854  -0.60846  -0.60777  -0.60664
       -0.60659  -0.60637  -0.60622  -0.60606  -0.60386  -0.60372  -0.60311  -0.60296  -0.60288
       -0.60269  -0.60250  -0.60181  -0.60167  -0.60149  -0.59944  -0.59922  -0.58747  -0.57969
       -0.57902  -0.57887  -0.57873  -0.57865  -0.57436  -0.57401  -0.56984  -0.56584  -0.56316
       -0.56293  -0.55892  -0.55875  -0.55834  -0.55807  -0.55785  -0.55674  -0.55658  -0.55640
       -0.55573  -0.55547  -0.55456  -0.55324  -0.55292  -0.55248  -0.55235  -0.55222  -0.55198
       -0.55193  -0.55126  -0.55120  -0.54961  -0.54944  -0.54845  -0.54811  -0.53396  -0.52884
       -0.52822  -0.52479  -0.51913  -0.51869  -0.51796  -0.51754  -0.51740  -0.51719  -0.51659
       -0.51596  -0.51575  -0.51549  -0.51541  -0.51404  -0.51173  -0.51159  -0.51022  -0.50989
       -0.50940  -0.50806  -0.50775  -0.50738  -0.50610  -0.50593  -0.50562  -0.50547  -0.50524
       -0.50494  -0.50475  -0.50441  -0.50429  -0.50409  -0.50377  -0.50323  -0.50265  -0.50231
       -0.50214  -0.50205  -0.50171  -0.50149  -0.50134  -0.50123  -0.50086  -0.50075  -0.50060
       -0.50034  -0.50027  -0.49992  -0.49983  -0.49959  -0.49939  -0.49926  -0.49899  -0.49891
       -0.49871  -0.49821  -0.49810  -0.49760  -0.49689  -0.49669  -0.49637  -0.49624  -0.49583
       -0.49531  -0.49483  -0.49443  -0.49403  -0.49393  -0.49344  -0.49322  -0.49230  -0.49164
       -0.49125  -0.49079  -0.48845  -0.48813  -0.48767  -0.48711  -0.48678  -0.48645  -0.48612
       -0.48579  -0.48547  -0.48533  -0.48487  -0.48431  -0.48423  -0.48386  -0.48347  -0.48310
       -0.48278  -0.48267  -0.48232  -0.48191  -0.48121  -0.48096  -0.48070  -0.47967  -0.47726
       -0.47504  -0.47472  -0.47440  -0.47405  -0.47373  -0.47244  -0.47193  -0.45974  -0.45925
       -0.45865  -0.45819  -0.45731  -0.45685  -0.43503  -0.43464  -0.43426  -0.43353  -0.40707
       -0.40123  -0.40102  -0.40036  -0.40000  -0.39938  -0.39888  -0.39831  -0.38261  -0.38213
       -0.38072  -0.38027  -0.37920  -0.37908  -0.37857  -0.37799  -0.37693  -0.37671  -0.37569
       -0.37534  -0.37489  -0.37471  -0.37440  -0.37381  -0.37366  -0.37352  -0.37313  -0.37298
       -0.37250  -0.37238  -0.37221  -0.37182  -0.37134  -0.37109  -0.37061  -0.37016  -0.36991
       -0.36966  -0.36897  -0.36860  -0.36786  -0.36768  -0.36746  -0.36708  -0.36702  -0.36679
       -0.36638  -0.36619  -0.36606  -0.36578  -0.36568  -0.36550  -0.36521  -0.36506  -0.36492
       -0.36472  -0.36455  -0.36427  -0.36414  -0.36399  -0.36378  -0.36364  -0.36346  -0.36333
       -0.36327  -0.36286  -0.36271  -0.36256  -0.36239  -0.36222  -0.36201  -0.36192  -0.36172
       -0.36145  -0.36119  -0.36100  -0.36084  -0.36030  -0.36021  -0.36002  -0.35956  -0.35932
       -0.35875  -0.35848  -0.35820  -0.35755  -0.35716  -0.35697  -0.35663  -0.35611  -0.35584
       -0.35546  -0.35529  -0.35506  -0.35473  -0.35459  -0.35401  -0.35392  -0.35355  -0.35337
       -0.35309  -0.35272  -0.35224  -0.35193  -0.35181  -0.35138  -0.35068  -0.35032  -0.34972
       -0.34948  -0.34895  -0.34829  -0.34794  -0.34610  -0.34574  -0.34551  -0.34508  -0.34491
       -0.34426  -0.34376  -0.34330  -0.34293  -0.34240  -0.34216  -0.34142  -0.34074  -0.34033
       -0.34009  -0.33975  -0.33969  -0.33936  -0.33900  -0.33878  -0.33857  -0.33849  -0.33838
       -0.33811  -0.33791  -0.33783  -0.33775  -0.33755  -0.33730  -0.33698  -0.33686  -0.33675
       -0.33659  -0.33651  -0.33634  -0.33594  -0.33580  -0.33559  -0.33534  -0.33511  -0.33501
       -0.33465  -0.33421  -0.33411  -0.33394  -0.33379  -0.33354  -0.33306  -0.33281  -0.33265
       -0.33231  -0.33205  -0.33184  -0.33152  -0.33130  -0.33111  -0.33079  -0.33036  -0.32983
       -0.32945  -0.32908  -0.32875  -0.32859  -0.32792  -0.32756  -0.32676  -0.32606  -0.32545
       -0.32486  -0.32476  -0.32351  -0.32317  -0.32254  -0.31178  -0.31086  -0.31013  -0.30973
       -0.30921  -0.30825  -0.30813  -0.30719  -0.30655  -0.30618  -0.30605  -0.30472  -0.30423
       -0.30097  -0.30056  -0.29983  -0.29967  -0.29927  -0.29859  -0.29821  -0.29737  -0.29696
       -0.29645  -0.29567  -0.29500  -0.29417  -0.29370  -0.29234  -0.29154  -0.29039  -0.29020
       -0.28974  -0.28915  -0.28902  -0.28882  -0.28844  -0.28817  -0.28796  -0.28783  -0.28753
       -0.28730  -0.28710  -0.28690  -0.28659  -0.28636  -0.28601  -0.28578  -0.28553  -0.28541
       -0.28514  -0.28491  -0.28459  -0.28448  -0.28416  -0.28406  -0.28399  -0.28359  -0.28351
       -0.28316  -0.28308  -0.28277  -0.28258  -0.28236  -0.28215  -0.28199  -0.28176  -0.28168
       -0.28143  -0.28118  -0.28093  -0.28077  -0.28061  -0.28041  -0.28014  -0.27983  -0.27970
       -0.27938  -0.27903  -0.27883  -0.27869  -0.27862  -0.27833  -0.27812  -0.27791  -0.27778
       -0.27733  -0.27716  -0.27708  -0.27687  -0.27645  -0.27612  -0.27588  -0.27568  -0.27555
       -0.27532  -0.27476  -0.27458  -0.27436  -0.27410  -0.27379  -0.27362  -0.27324  -0.27310
       -0.27267  -0.27245  -0.27220  -0.27157  -0.27138  -0.27112  -0.27074  -0.27055  -0.27035
       -0.26972  -0.26946  -0.26926  -0.26907  -0.26882  -0.26846  -0.26790  -0.26739  -0.26716
       -0.26677  -0.26624  -0.26582  -0.26544  -0.26518  -0.26494  -0.26483  -0.26407  -0.26381
       -0.26359  -0.26320  -0.26298  -0.26236  -0.26168  -0.26142  -0.26093  -0.26039  -0.25992
       -0.25953  -0.25916  -0.25887  -0.25826  -0.25758  -0.25745  -0.25722  -0.25698  -0.25685
       -0.25631  -0.25594  -0.25582  -0.25562  -0.25552  -0.25497  -0.25467  -0.25444  -0.25433
       -0.25408  -0.25388  -0.25369  -0.25343  -0.25325  -0.25290  -0.25259  -0.25241  -0.25224
       -0.25215  -0.25202  -0.25149  -0.25136  -0.25132  -0.25090  -0.25064  -0.25048  -0.25019
       -0.25004  -0.24979  -0.24957  -0.24933  -0.24909  -0.24881  -0.24852  -0.24817  -0.24792
       -0.24782  -0.24763  -0.24739  -0.24726  -0.24687  -0.24667  -0.24657  -0.24633  -0.24601
       -0.24585  -0.24565  -0.24546  -0.24513  -0.24502  -0.24485  -0.24466  -0.24442  -0.24424
       -0.24392  -0.24366  -0.24347  -0.24326  -0.24264  -0.24252  -0.24215  -0.24182  -0.24163
       -0.24137  -0.24122  -0.24087  -0.24074  -0.24038  -0.24027  -0.23995  -0.23985  -0.23960
       -0.23910  -0.23869  -0.23852  -0.23834  -0.23813  -0.23780  -0.23761  -0.23730  -0.23710
       -0.23683  -0.23645  -0.23623  -0.23591  -0.23556  -0.23527  -0.23498  -0.23486  -0.23450
       -0.23424  -0.23404  -0.23380  -0.23340  -0.23277  -0.23241  -0.23229  -0.23205  -0.23185
       -0.23165  -0.23126  -0.23082  -0.23053  -0.23045  -0.23008  -0.22965  -0.22921  -0.22902
       -0.22884  -0.22848  -0.22817  -0.22776  -0.22749  -0.22723  -0.22684  -0.22650  -0.22621
       -0.22585  -0.22568  -0.22535  -0.22507  -0.22437  -0.22418  -0.22403  -0.22383  -0.22358
       -0.22321  -0.22299  -0.22233  -0.22220  -0.22177  -0.22132  -0.22116  -0.22070  -0.22048
       -0.21989  -0.21969  -0.21954  -0.21925  -0.21900  -0.21843  -0.21816  -0.21775  -0.21750
       -0.21713  -0.21664  -0.21619  -0.21592  -0.21551  -0.21532  -0.21500  -0.21445  -0.21426
       -0.21391
        
     --------------------------------------------------------------------------------------------
     Tot. elapsed time 02h-15m-24.1s,  time spent in last iteration 01h-26m-15.0s
     --------------------------------------------------------------------------------------------

     [I/O] -------------------------------------------------------
     [I/O] RESTART written in < 00.1s             
     [I/O] In location   : ./n2.wstat.restart
     [I/O] -------------------------------------------------------

                       *----------*              *----------*               *----------*
     #     Iteration = |        2 |   DFPT_dim = |     1000 |   Diago_dim = |     3000 |
                       *----------*              *----------*               *----------*
     per-process dynamical memory   245.4 Mb
  
       
     --------------------------------------------------------------------------------------------
     Sternheimer eq. solver... with threshold =   1.000000E-12           
     --------------------------------------------------------------------------------------------
     in progress... |#                   | 005% :           04m-25.7s (E)       01h-28m-35.9s (X)
     in progress... |##                  | 010% :           08m-21.5s (E)       01h-23m-35.8s (X)
     in progress... |###                 | 015% :           12m-16.3s (E)       01h-21m-49.2s (X)
     in progress... |####                | 020% :           16m-40.4s (E)       01h-23m-22.0s (X)
     in progress... |#####               | 025% :           20m-35.0s (E)       01h-22m-20.0s (X)
     in progress... |######              | 030% :           24m-29.5s (E)       01h-21m-38.5s (X)
     in progress... |#######             | 035% :           28m-52.8s (E)       01h-22m-31.0s (X)
     in progress... |########            | 040% :           32m-46.8s (E)       01h-21m-57.2s (X)
     in progress... |#########           | 045% :           36m-40.6s (E)       01h-21m-30.2s (X)
     in progress... |##########          | 050% :           40m-34.0s (E)       01h-21m-08.0s (X)
     in progress... |###########         | 055% :           44m-55.8s (E)       01h-21m-41.5s (X)
     in progress... |############        | 060% :           48m-48.3s (E)       01h-21m-20.5s (X)
     in progress... |#############       | 065% :           52m-40.2s (E)       01h-21m-01.8s (X)
     in progress... |##############      | 070% :           57m-01.0s (E)       01h-21m-27.1s (X)
     in progress... |###############     | 075% :       01h-00m-52.5s (E)       01h-21m-10.0s (X)
     in progress... |################    | 080% :       01h-04m-45.3s (E)       01h-20m-56.7s (X)
     in progress... |#################   | 085% :       01h-09m-06.1s (E)       01h-21m-17.8s (X)
     in progress... |##################  | 090% :       01h-12m-57.4s (E)       01h-21m-03.8s (X)
     in progress... |################### | 095% :       01h-16m-48.6s (E)       01h-20m-51.1s (X)
     in progress... |####################| 100% :       01h-20m-39.6s (E)       01h-20m-39.6s (X)
     --------------------------------------------------------------------------------------------
     p-DIAGOX done in 16.3s with a SCALAPACK grid (10x10)
     --------------------------------------------------------------------------------------------
        
       -3.44922  -3.33221  -3.31904  -3.31904  -3.31353  -3.29874  -3.29874  -3.27526  -3.20835
       -3.19231  -3.19231  -3.18051  -3.18051  -3.15267  -2.52349  -2.38774  -2.38774  -2.38708
       -2.38708  -2.38418  -2.38412  -2.37187  -2.37187  -2.36941  -2.36863  -2.36863  -2.33587
       -2.31288  -2.29824  -2.29824  -2.24523  -2.23265  -2.18787  -2.18787  -2.18205  -2.18205
       -2.18073  -2.18073  -2.17635  -2.17626  -2.17626  -2.17550  -2.17413  -2.17341  -2.17341
       -2.16898  -2.16898  -2.16736  -2.16597  -2.16597  -2.16401  -2.15804  -2.15794  -2.15794
       -1.99307  -1.97646  -1.96133  -1.93264  -1.93264  -1.92544  -1.92544  -1.92027  -1.90987
       -1.89269  -1.89269  -1.89195  -1.89195  -1.89154  -1.88939  -1.88718  -1.88718  -1.88656
       -1.88656  -1.87861  -1.87599  -1.87513  -1.87485  -1.87485  -1.87410  -1.87410  -1.87220
       -1.86684  -1.86684  -1.86583  -1.86583  -1.84778  -1.84640  -1.84119  -1.84119  -1.83928
       -1.83928  -1.83775  -1.83717  -1.83285  -1.83005  -1.83005  -1.82794  -1.82206  -1.82206
       -1.81921  -1.81921  -1.81887  -1.81887  -1.81885  -1.81831  -1.81692  -1.81628  -1.81628
       -1.81302  -1.81130  -1.81130  -1.81112  -1.81003  -1.81003  -1.80993  -1.80888  -1.80888
       -1.80694  -1.79694  -1.79694  -1.79598  -1.79598  -1.79503  -1.62272  -1.61228  -1.61064
       -1.61064  -1.23335  -1.19701  -1.19611  -1.19611  -1.17250  -1.15182  -1.14015  -1.13543
       -1.13543  -1.13506  -1.13506  -1.13220  -1.13220  -1.13169  -1.13119  -1.13099  -1.13056
       -1.13054  -1.13054  -1.12947  -1.12947  -1.12650  -1.12650  -1.12639  -1.12620  -1.12620
       -1.11798  -1.11798  -1.09283  -1.08494  -1.08476  -1.07957  -1.07957  -1.07728  -1.07728
       -1.07606  -1.07557  -1.07557  -1.07452  -1.07274  -1.07274  -1.07250  -1.07188  -1.07188
       -1.07063  -1.06901  -1.06901  -1.06883  -1.06883  -1.06834  -1.04867  -1.04867  -0.92123
       -0.89915  -0.86936  -0.86078  -0.86078  -0.85712  -0.85712  -0.85294  -0.85274  -0.85166
       -0.85022  -0.85022  -0.84969  -0.84969  -0.84630  -0.84262  -0.84262  -0.84156  -0.84156
       -0.84071  -0.82918  -0.82086  -0.80552  -0.80054  -0.80054  -0.79776  -0.79776  -0.78790
       -0.77981  -0.77981  -0.77976  -0.77976  -0.77506  -0.77506  -0.77505  -0.77488  -0.77452
       -0.77452  -0.77338  -0.77309  -0.77309  -0.77294  -0.77254  -0.77254  -0.77203  -0.77203
       -0.77192  -0.77192  -0.77151  -0.77102  -0.77048  -0.76766  -0.76713  -0.76713  -0.76593
       -0.76544  -0.76544  -0.76508  -0.76378  -0.76378  -0.76284  -0.76284  -0.76175  -0.76063
       -0.76063  -0.76009  -0.75877  -0.75852  -0.75852  -0.75815  -0.75815  -0.75811  -0.75676
       -0.75593  -0.75593  -0.75557  -0.75557  -0.75549  -0.75483  -0.75467  -0.75467  -0.75323
       -0.75150  -0.75150  -0.74829  -0.74829  -0.74769  -0.74707  -0.74707  -0.74673  -0.74673
       -0.74426  -0.74400  -0.74400  -0.74394  -0.74333  -0.73470  -0.73470  -0.70538  -0.70243
       -0.69514  -0.69514  -0.69236  -0.69236  -0.69165  -0.69165  -0.69062  -0.68998  -0.68812
       -0.68677  -0.68677  -0.67457  -0.66911  -0.66911  -0.66215  -0.66215  -0.66115  -0.66099
       -0.66099  -0.65608  -0.65355  -0.65354  -0.65098  -0.65098  -0.65060  -0.65060  -0.64993
       -0.64893  -0.64893  -0.64840  -0.64700  -0.64700  -0.64699  -0.64690  -0.64690  -0.64384
       -0.64384  -0.64210  -0.63895  -0.63895  -0.63734  -0.63428  -0.63428  -0.63206  -0.63157
       -0.63044  -0.63043  -0.62927  -0.62927  -0.62850  -0.62850  -0.62850  -0.62695  -0.62619
       -0.62619  -0.62291  -0.61182  -0.61182  -0.60988  -0.60988  -0.60954  -0.60879  -0.60772
       -0.60772  -0.60753  -0.60753  -0.60739  -0.60500  -0.60499  -0.60423  -0.60421  -0.60407
       -0.60407  -0.60390  -0.60305  -0.60279  -0.60279  -0.60073  -0.60073  -0.58879  -0.58094
       -0.58045  -0.58045  -0.58021  -0.58021  -0.57574  -0.57574  -0.57141  -0.56741  -0.56468
       -0.56468  -0.56051  -0.56050  -0.55978  -0.55977  -0.55952  -0.55833  -0.55833  -0.55825
       -0.55718  -0.55718  -0.55627  -0.55489  -0.55488  -0.55445  -0.55437  -0.55421  -0.55420
       -0.55395  -0.55327  -0.55327  -0.55154  -0.55154  -0.55043  -0.55043  -0.53619  -0.53120
       -0.53120  -0.52675  -0.52116  -0.52115  -0.51995  -0.51979  -0.51959  -0.51958  -0.51881
       -0.51808  -0.51808  -0.51770  -0.51770  -0.51650  -0.51364  -0.51363  -0.51277  -0.51276
       -0.51161  -0.51020  -0.50991  -0.50991  -0.50835  -0.50835  -0.50797  -0.50772  -0.50771
       -0.50733  -0.50730  -0.50728  -0.50718  -0.50718  -0.50638  -0.50637  -0.50530  -0.50474
       -0.50471  -0.50471  -0.50446  -0.50418  -0.50403  -0.50403  -0.50397  -0.50397  -0.50375
       -0.50363  -0.50338  -0.50319  -0.50319  -0.50300  -0.50299  -0.50255  -0.50254  -0.50216
       -0.50216  -0.50213  -0.50210  -0.50210  -0.50014  -0.50014  -0.49971  -0.49971  -0.49960
       -0.49894  -0.49790  -0.49790  -0.49783  -0.49770  -0.49770  -0.49760  -0.49593  -0.49592
       -0.49458  -0.49457  -0.49180  -0.49180  -0.49082  -0.49019  -0.49018  -0.48992  -0.48924
       -0.48923  -0.48902  -0.48901  -0.48845  -0.48770  -0.48770  -0.48768  -0.48767  -0.48695
       -0.48658  -0.48627  -0.48627  -0.48594  -0.48590  -0.48552  -0.48441  -0.48440  -0.48012
       -0.47782  -0.47744  -0.47744  -0.47719  -0.47689  -0.47546  -0.47545  -0.46485  -0.46440
       -0.46439  -0.46349  -0.46348  -0.46295  -0.43935  -0.43934  -0.43859  -0.43857  -0.41069
       -0.40465  -0.40464  -0.40368  -0.40363  -0.40304  -0.40303  -0.40212  -0.38617  -0.38616
       -0.38480  -0.38479  -0.38240  -0.38239  -0.38135  -0.38123  -0.38063  -0.38062  -0.37930
       -0.37918  -0.37817  -0.37816  -0.37807  -0.37769  -0.37719  -0.37716  -0.37710  -0.37706
       -0.37669  -0.37667  -0.37641  -0.37638  -0.37583  -0.37536  -0.37534  -0.37459  -0.37458
       -0.37456  -0.37414  -0.37412  -0.37302  -0.37246  -0.37236  -0.37234  -0.37230  -0.37225
       -0.37222  -0.37212  -0.37201  -0.37198  -0.37194  -0.37189  -0.37153  -0.37150  -0.37122
       -0.37118  -0.37098  -0.37096  -0.37092  -0.37091  -0.37090  -0.37070  -0.37065  -0.37063
       -0.37055  -0.37043  -0.37038  -0.37034  -0.36997  -0.36993  -0.36986  -0.36981  -0.36866
       -0.36762  -0.36751  -0.36747  -0.36732  -0.36730  -0.36685  -0.36652  -0.36651  -0.36621
       -0.36506  -0.36503  -0.36496  -0.36495  -0.36467  -0.36463  -0.36455  -0.36452  -0.36371
       -0.36337  -0.36295  -0.36291  -0.36289  -0.36282  -0.36243  -0.36240  -0.36210  -0.36205
       -0.36150  -0.36079  -0.36077  -0.36027  -0.36023  -0.35956  -0.35817  -0.35814  -0.35782
       -0.35780  -0.35551  -0.35547  -0.35504  -0.35101  -0.35099  -0.35024  -0.35021  -0.35016
       -0.35011  -0.34987  -0.34981  -0.34929  -0.34872  -0.34867  -0.34648  -0.34643  -0.34629
       -0.34626  -0.34523  -0.34451  -0.34447  -0.34415  -0.34407  -0.34390  -0.34386  -0.34383
       -0.34378  -0.34374  -0.34350  -0.34345  -0.34342  -0.34338  -0.34332  -0.34328  -0.34320
       -0.34319  -0.34297  -0.34294  -0.34290  -0.34278  -0.34272  -0.34267  -0.34256  -0.34241
       -0.34239  -0.34233  -0.34219  -0.34216  -0.34214  -0.34208  -0.34205  -0.34190  -0.34184
       -0.34175  -0.34169  -0.34165  -0.34150  -0.34141  -0.34136  -0.34122  -0.34104  -0.34073
       -0.34065  -0.34064  -0.34022  -0.34018  -0.33788  -0.33782  -0.33468  -0.33314  -0.33301
       -0.33294  -0.33292  -0.33228  -0.33224  -0.33211  -0.31954  -0.31949  -0.31691  -0.31684
       -0.31645  -0.31635  -0.31628  -0.31608  -0.31588  -0.31575  -0.31566  -0.31529  -0.31381
       -0.30915  -0.30911  -0.30595  -0.30504  -0.30492  -0.30482  -0.30452  -0.30409  -0.30394
       -0.30389  -0.30322  -0.30296  -0.30291  -0.30170  -0.30055  -0.30041  -0.29692  -0.29684
       -0.29612  -0.29596  -0.29580  -0.29563  -0.29557  -0.29548  -0.29539  -0.29527  -0.29518
       -0.29509  -0.29493  -0.29485  -0.29480  -0.29472  -0.29462  -0.29448  -0.29445  -0.29441
       -0.29424  -0.29409  -0.29291  -0.29284  -0.29246  -0.29235  -0.29190  -0.29128  -0.29119
       -0.29112  -0.29106  -0.29084  -0.29062  -0.29019  -0.29005  -0.28999  -0.28986  -0.28978
       -0.28967  -0.28958  -0.28953  -0.28946  -0.28937  -0.28931  -0.28927  -0.28917  -0.28914
       -0.28904  -0.28896  -0.28895  -0.28887  -0.28883  -0.28877  -0.28865  -0.28845  -0.28834
       -0.28830  -0.28825  -0.28808  -0.28799  -0.28789  -0.28785  -0.28774  -0.28765  -0.28757
       -0.28745  -0.28733  -0.28721  -0.28708  -0.28610  -0.28604  -0.28595  -0.28579  -0.28572
       -0.28562  -0.28561  -0.28545  -0.28537  -0.28525  -0.28517  -0.28504  -0.28459  -0.28455
       -0.28446  -0.28436  -0.28413  -0.28390  -0.28384  -0.28357  -0.28348  -0.28329  -0.28266
       -0.28254  -0.28232  -0.28213  -0.28203  -0.28178  -0.28142  -0.28130  -0.28120  -0.28095
       -0.28085  -0.28027  -0.28014  -0.27985  -0.27973  -0.27946  -0.27918  -0.27742  -0.27712
       -0.27597  -0.27572  -0.27478  -0.27469  -0.27443  -0.27415  -0.27393  -0.27378  -0.27359
       -0.27317  -0.27290  -0.27256  -0.27218  -0.27197  -0.27171  -0.27138  -0.27091  -0.26981
       -0.26965  -0.26776  -0.26734  -0.26696  -0.26626  -0.26603  -0.26596  -0.26568  -0.26564
       -0.26554  -0.26539  -0.26522  -0.26501  -0.26457  -0.26441  -0.26424  -0.26390  -0.26379
       -0.26313  -0.26293  -0.26279  -0.26268  -0.26257  -0.26250  -0.26212  -0.26200  -0.26192
       -0.26179  -0.26167  -0.26163  -0.26153  -0.26147  -0.26139  -0.26137  -0.26122  -0.26118
       -0.26107  -0.26094  -0.26086  -0.26081  -0.26073  -0.26068  -0.26056  -0.26051  -0.26041
       -0.26037  -0.26031  -0.26026  -0.26009  -0.26001  -0.25988  -0.25980  -0.25974  -0.25972
       -0.25955  -0.25943  -0.25939  -0.25930  -0.25912  -0.25901  -0.25858  -0.25837  -0.25821
       -0.25811  -0.25802  -0.25789  -0.25763  -0.25756  -0.25697  -0.25679  -0.25669  -0.25659
       -0.25599  -0.25592  -0.25575  -0.25570  -0.25558  -0.25548  -0.25541  -0.25532  -0.25524
       -0.25518  -0.25509  -0.25497  -0.25475  -0.25464  -0.25449  -0.25445  -0.25410  -0.25400
       -0.25390  -0.25380  -0.25363  -0.25348  -0.25338  -0.25321  -0.25304  -0.25286  -0.25271
       -0.25264  -0.25252  -0.25232  -0.25228  -0.25214  -0.25198  -0.25183  -0.25163  -0.25152
       -0.25132  -0.25115  -0.25100  -0.25077  -0.25068  -0.25058  -0.25047  -0.25039  -0.25024
       -0.25012  -0.25008  -0.25002  -0.24990  -0.24978  -0.24965  -0.24947  -0.24943  -0.24940
       -0.24919  -0.24910  -0.24898  -0.24885  -0.24873  -0.24852  -0.24843  -0.24827  -0.24798
       -0.24771  -0.24722  -0.24658  -0.24653  -0.24606  -0.24557  -0.24521  -0.24495  -0.24361
       -0.24342
        
     --------------------------------------------------------------------------------------------
     Tot. elapsed time 03h-40m-53.7s,  time spent in last iteration 01h-25m-08.4s
     --------------------------------------------------------------------------------------------

     [I/O] -------------------------------------------------------
     [I/O] RESTART written in < 00.1s             
     [I/O] In location   : ./n2.wstat.restart
     [I/O] -------------------------------------------------------

                       *----------*              *----------*               *----------*
     #     Iteration = |        3 |   DFPT_dim = |      675 |   Diago_dim = |     3675 |
                       *----------*              *----------*               *----------*
     per-process dynamical memory   245.6 Mb
  
       
     --------------------------------------------------------------------------------------------
     Sternheimer eq. solver... with threshold =   1.000000E-12           
     --------------------------------------------------------------------------------------------
     in progress... |#                   | 005% :           02m-53.3s (E)           57m-46.9s (X)
     in progress... |##                  | 010% :           05m-46.6s (E)           57m-46.5s (X)
     in progress... |###                 | 015% :           08m-10.9s (E)           54m-33.1s (X)
     in progress... |####                | 020% :           11m-04.0s (E)           55m-20.2s (X)
     in progress... |#####               | 025% :           13m-57.0s (E)           55m-48.2s (X)
     in progress... |######              | 030% :           16m-21.0s (E)           54m-30.1s (X)
     in progress... |#######             | 035% :           19m-13.9s (E)           54m-57.0s (X)
     in progress... |########            | 040% :           22m-06.4s (E)           55m-16.2s (X)
     in progress... |#########           | 045% :           24m-30.1s (E)           54m-26.9s (X)
     in progress... |##########          | 050% :           27m-22.3s (E)           54m-44.7s (X)
     in progress... |###########         | 055% :           30m-14.5s (E)           54m-59.0s (X)
     in progress... |############        | 060% :           32m-37.7s (E)           54m-22.8s (X)
     in progress... |#############       | 065% :           35m-29.6s (E)           54m-36.3s (X)
     in progress... |##############      | 070% :           38m-22.5s (E)           54m-49.3s (X)
     in progress... |###############     | 075% :           40m-45.6s (E)           54m-20.8s (X)
     in progress... |################    | 080% :           43m-37.3s (E)           54m-31.6s (X)
     in progress... |#################   | 085% :           46m-29.6s (E)           54m-41.9s (X)
     in progress... |##################  | 090% :           48m-52.3s (E)           54m-18.1s (X)
     in progress... |################### | 095% :           51m-43.1s (E)           54m-26.4s (X)
     in progress... |####################| 100% :           54m-05.4s (E)           54m-05.4s (X)
     --------------------------------------------------------------------------------------------
     p-DIAGOX done in 28.1s with a SCALAPACK grid (10x10)
     --------------------------------------------------------------------------------------------
        
       -3.44922  -3.33221  -3.31904  -3.31904  -3.31353  -3.29874  -3.29874  -3.27526  -3.20835
       -3.19231  -3.19231  -3.18051  -3.18051  -3.15267  -2.52349  -2.38774  -2.38774  -2.38708
       -2.38708  -2.38418  -2.38412  -2.37187  -2.37187  -2.36941  -2.36863  -2.36863  -2.33587
       -2.31288  -2.29824  -2.29824  -2.24523  -2.23265  -2.18787  -2.18787  -2.18205  -2.18205
       -2.18073  -2.18073  -2.17635  -2.17626  -2.17626  -2.17550  -2.17413  -2.17341  -2.17341
       -2.16898  -2.16898  -2.16736  -2.16597  -2.16597  -2.16401  -2.15804  -2.15794  -2.15794
       -1.99307  -1.97646  -1.96133  -1.93264  -1.93264  -1.92544  -1.92544  -1.92027  -1.90987
       -1.89269  -1.89269  -1.89195  -1.89195  -1.89154  -1.88939  -1.88718  -1.88718  -1.88656
       -1.88656  -1.87861  -1.87599  -1.87513  -1.87485  -1.87485  -1.87410  -1.87410  -1.87220
       -1.86684  -1.86684  -1.86583  -1.86583  -1.84778  -1.84640  -1.84119  -1.84119  -1.83928
       -1.83928  -1.83775  -1.83717  -1.83285  -1.83005  -1.83005  -1.82794  -1.82206  -1.82206
       -1.81921  -1.81921  -1.81887  -1.81887  -1.81885  -1.81831  -1.81692  -1.81628  -1.81628
       -1.81302  -1.81130  -1.81130  -1.81112  -1.81003  -1.81003  -1.80993  -1.80888  -1.80888
       -1.80694  -1.79694  -1.79694  -1.79598  -1.79598  -1.79503  -1.62272  -1.61228  -1.61064
       -1.61064  -1.23335  -1.19701  -1.19611  -1.19611  -1.17250  -1.15182  -1.14015  -1.13543
       -1.13543  -1.13506  -1.13506  -1.13220  -1.13220  -1.13169  -1.13119  -1.13099  -1.13056
       -1.13054  -1.13054  -1.12947  -1.12947  -1.12650  -1.12650  -1.12639  -1.12620  -1.12620
       -1.11798  -1.11798  -1.09283  -1.08494  -1.08476  -1.07957  -1.07957  -1.07728  -1.07728
       -1.07606  -1.07557  -1.07557  -1.07452  -1.07274  -1.07274  -1.07250  -1.07188  -1.07188
       -1.07064  -1.06901  -1.06901  -1.06883  -1.06883  -1.06834  -1.04867  -1.04867  -0.92123
       -0.89915  -0.86936  -0.86078  -0.86078  -0.85712  -0.85712  -0.85294  -0.85274  -0.85166
       -0.85023  -0.85023  -0.84969  -0.84969  -0.84631  -0.84262  -0.84262  -0.84157  -0.84157
       -0.84071  -0.82919  -0.82086  -0.80552  -0.80054  -0.80054  -0.79776  -0.79776  -0.78790
       -0.77981  -0.77981  -0.77976  -0.77976  -0.77507  -0.77507  -0.77505  -0.77488  -0.77452
       -0.77452  -0.77338  -0.77309  -0.77309  -0.77294  -0.77254  -0.77254  -0.77203  -0.77203
       -0.77192  -0.77192  -0.77151  -0.77102  -0.77048  -0.76766  -0.76713  -0.76713  -0.76593
       -0.76544  -0.76544  -0.76508  -0.76379  -0.76379  -0.76284  -0.76284  -0.76175  -0.76064
       -0.76064  -0.76009  -0.75877  -0.75852  -0.75852  -0.75815  -0.75815  -0.75811  -0.75676
       -0.75593  -0.75593  -0.75557  -0.75557  -0.75549  -0.75483  -0.75467  -0.75467  -0.75323
       -0.75150  -0.75150  -0.74829  -0.74829  -0.74770  -0.74707  -0.74707  -0.74673  -0.74673
       -0.74426  -0.74400  -0.74400  -0.74394  -0.74333  -0.73470  -0.73470  -0.70538  -0.70243
       -0.69514  -0.69514  -0.69237  -0.69237  -0.69165  -0.69165  -0.69062  -0.68998  -0.68813
       -0.68677  -0.68677  -0.67457  -0.66911  -0.66911  -0.66215  -0.66215  -0.66116  -0.66100
       -0.66100  -0.65609  -0.65355  -0.65355  -0.65099  -0.65099  -0.65061  -0.65061  -0.64993
       -0.64894  -0.64894  -0.64841  -0.64700  -0.64700  -0.64699  -0.64690  -0.64690  -0.64384
       -0.64384  -0.64210  -0.63895  -0.63895  -0.63734  -0.63428  -0.63428  -0.63207  -0.63158
       -0.63044  -0.63044  -0.62928  -0.62928  -0.62850  -0.62850  -0.62850  -0.62695  -0.62620
       -0.62620  -0.62292  -0.61182  -0.61182  -0.60989  -0.60989  -0.60955  -0.60879  -0.60772
       -0.60772  -0.60753  -0.60753  -0.60739  -0.60500  -0.60500  -0.60424  -0.60422  -0.60407
       -0.60407  -0.60391  -0.60306  -0.60280  -0.60280  -0.60074  -0.60074  -0.58880  -0.58094
       -0.58046  -0.58046  -0.58022  -0.58022  -0.57575  -0.57575  -0.57142  -0.56742  -0.56469
       -0.56469  -0.56052  -0.56052  -0.55979  -0.55979  -0.55953  -0.55834  -0.55834  -0.55826
       -0.55719  -0.55719  -0.55628  -0.55490  -0.55490  -0.55446  -0.55438  -0.55422  -0.55422
       -0.55396  -0.55328  -0.55328  -0.55155  -0.55155  -0.55044  -0.55044  -0.53621  -0.53122
       -0.53122  -0.52676  -0.52117  -0.52117  -0.51997  -0.51981  -0.51960  -0.51960  -0.51883
       -0.51810  -0.51810  -0.51772  -0.51772  -0.51652  -0.51365  -0.51365  -0.51279  -0.51279
       -0.51163  -0.51022  -0.50993  -0.50993  -0.50837  -0.50837  -0.50799  -0.50774  -0.50774
       -0.50735  -0.50732  -0.50730  -0.50720  -0.50720  -0.50640  -0.50640  -0.50533  -0.50476
       -0.50474  -0.50474  -0.50448  -0.50421  -0.50406  -0.50406  -0.50400  -0.50400  -0.50378
       -0.50366  -0.50341  -0.50322  -0.50322  -0.50302  -0.50302  -0.50258  -0.50256  -0.50219
       -0.50219  -0.50217  -0.50213  -0.50213  -0.50017  -0.50017  -0.49974  -0.49974  -0.49963
       -0.49897  -0.49793  -0.49793  -0.49786  -0.49773  -0.49773  -0.49763  -0.49596  -0.49596
       -0.49461  -0.49461  -0.49183  -0.49183  -0.49086  -0.49022  -0.49022  -0.48996  -0.48927
       -0.48927  -0.48905  -0.48905  -0.48848  -0.48773  -0.48773  -0.48771  -0.48771  -0.48699
       -0.48661  -0.48631  -0.48631  -0.48597  -0.48594  -0.48556  -0.48443  -0.48443  -0.48015
       -0.47785  -0.47747  -0.47747  -0.47722  -0.47691  -0.47549  -0.47549  -0.46491  -0.46445
       -0.46445  -0.46355  -0.46355  -0.46300  -0.43941  -0.43941  -0.43864  -0.43863  -0.41075
       -0.40471  -0.40471  -0.40374  -0.40370  -0.40310  -0.40310  -0.40218  -0.38626  -0.38626
       -0.38491  -0.38491  -0.38247  -0.38247  -0.38142  -0.38131  -0.38072  -0.38072  -0.37941
       -0.37928  -0.37826  -0.37826  -0.37817  -0.37779  -0.37728  -0.37728  -0.37719  -0.37719
       -0.37678  -0.37678  -0.37651  -0.37651  -0.37592  -0.37546  -0.37546  -0.37472  -0.37472
       -0.37469  -0.37427  -0.37427  -0.37322  -0.37264  -0.37251  -0.37251  -0.37249  -0.37240
       -0.37240  -0.37231  -0.37218  -0.37218  -0.37211  -0.37211  -0.37169  -0.37169  -0.37139
       -0.37137  -0.37114  -0.37113  -0.37113  -0.37108  -0.37108  -0.37088  -0.37084  -0.37084
       -0.37077  -0.37060  -0.37058  -0.37058  -0.37014  -0.37014  -0.37006  -0.37006  -0.36884
       -0.36780  -0.36761  -0.36761  -0.36741  -0.36741  -0.36696  -0.36662  -0.36660  -0.36630
       -0.36516  -0.36516  -0.36508  -0.36508  -0.36485  -0.36485  -0.36476  -0.36476  -0.36393
       -0.36353  -0.36314  -0.36314  -0.36310  -0.36307  -0.36262  -0.36262  -0.36227  -0.36227
       -0.36168  -0.36097  -0.36097  -0.36043  -0.36043  -0.35974  -0.35832  -0.35830  -0.35797
       -0.35797  -0.35566  -0.35566  -0.35520  -0.35115  -0.35115  -0.35038  -0.35035  -0.35035
       -0.35027  -0.35000  -0.35000  -0.34944  -0.34887  -0.34887  -0.34665  -0.34665  -0.34648
       -0.34648  -0.34543  -0.34472  -0.34472  -0.34438  -0.34429  -0.34410  -0.34410  -0.34406
       -0.34398  -0.34398  -0.34368  -0.34366  -0.34366  -0.34354  -0.34354  -0.34350  -0.34342
       -0.34342  -0.34314  -0.34313  -0.34313  -0.34301  -0.34291  -0.34291  -0.34283  -0.34261
       -0.34261  -0.34253  -0.34239  -0.34239  -0.34234  -0.34234  -0.34224  -0.34209  -0.34209
       -0.34194  -0.34189  -0.34189  -0.34172  -0.34160  -0.34160  -0.34146  -0.34127  -0.34092
       -0.34087  -0.34087  -0.34044  -0.34044  -0.33810  -0.33810  -0.33489  -0.33334  -0.33322
       -0.33322  -0.33309  -0.33239  -0.33239  -0.33223  -0.31988  -0.31988  -0.31722  -0.31722
       -0.31678  -0.31665  -0.31665  -0.31645  -0.31618  -0.31618  -0.31605  -0.31564  -0.31415
       -0.30961  -0.30961  -0.30639  -0.30553  -0.30540  -0.30540  -0.30476  -0.30433  -0.30415
       -0.30415  -0.30343  -0.30340  -0.30339  -0.30199  -0.30097  -0.30096  -0.29750  -0.29750
       -0.29656  -0.29656  -0.29634  -0.29611  -0.29611  -0.29611  -0.29589  -0.29589  -0.29561
       -0.29561  -0.29544  -0.29536  -0.29536  -0.29527  -0.29526  -0.29515  -0.29501  -0.29491
       -0.29491  -0.29481  -0.29366  -0.29366  -0.29315  -0.29315  -0.29242  -0.29193  -0.29192
       -0.29187  -0.29186  -0.29182  -0.29152  -0.29078  -0.29071  -0.29064  -0.29064  -0.29061
       -0.29061  -0.29040  -0.29011  -0.29011  -0.29008  -0.29008  -0.28997  -0.28997  -0.28976
       -0.28976  -0.28959  -0.28959  -0.28953  -0.28952  -0.28951  -0.28944  -0.28916  -0.28883
       -0.28883  -0.28883  -0.28863  -0.28863  -0.28861  -0.28854  -0.28830  -0.28830  -0.28828
       -0.28797  -0.28797  -0.28795  -0.28782  -0.28672  -0.28662  -0.28662  -0.28644  -0.28644
       -0.28628  -0.28628  -0.28628  -0.28599  -0.28599  -0.28593  -0.28577  -0.28521  -0.28521
       -0.28505  -0.28505  -0.28498  -0.28461  -0.28461  -0.28433  -0.28432  -0.28431  -0.28357
       -0.28357  -0.28316  -0.28300  -0.28300  -0.28273  -0.28213  -0.28213  -0.28204  -0.28186
       -0.28185  -0.28105  -0.28105  -0.28103  -0.28077  -0.28055  -0.28005  -0.27838  -0.27838
       -0.27727  -0.27726  -0.27613  -0.27613  -0.27582  -0.27559  -0.27559  -0.27525  -0.27525
       -0.27522  -0.27436  -0.27436  -0.27363  -0.27359  -0.27359  -0.27303  -0.27265  -0.27100
       -0.27100  -0.26984  -0.26914  -0.26913  -0.26748  -0.26747  -0.26733  -0.26702  -0.26678
       -0.26677  -0.26677  -0.26676  -0.26628  -0.26586  -0.26585  -0.26562  -0.26527  -0.26527
       -0.26399  -0.26399  -0.26391  -0.26390  -0.26378  -0.26364  -0.26303  -0.26302  -0.26286
       -0.26280  -0.26280  -0.26259  -0.26256  -0.26256  -0.26254  -0.26253  -0.26250  -0.26246
       -0.26224  -0.26200  -0.26200  -0.26190  -0.26190  -0.26177  -0.26176  -0.26176  -0.26167
       -0.26167  -0.26143  -0.26130  -0.26130  -0.26129  -0.26125  -0.26116  -0.26103  -0.26098
       -0.26097  -0.26097  -0.26096  -0.26091  -0.26091  -0.26074  -0.25954  -0.25949  -0.25927
       -0.25926  -0.25922  -0.25922  -0.25910  -0.25910  -0.25820  -0.25807  -0.25806  -0.25791
       -0.25712  -0.25712  -0.25690  -0.25688  -0.25688  -0.25674  -0.25673  -0.25662  -0.25658
       -0.25658  -0.25643  -0.25642  -0.25639  -0.25639  -0.25625  -0.25601  -0.25600  -0.25596
       -0.25586  -0.25584  -0.25554  -0.25553  -0.25553  -0.25539  -0.25539  -0.25528  -0.25509
       -0.25471  -0.25470  -0.25448  -0.25447  -0.25424  -0.25413  -0.25413  -0.25387  -0.25354
       -0.25302  -0.25301  -0.25279  -0.25277  -0.25263  -0.25205  -0.25199  -0.25196  -0.25195
       -0.25187  -0.25186  -0.25176  -0.25176  -0.25144  -0.25144  -0.25142  -0.25142  -0.25140
       -0.25130  -0.25112  -0.25112  -0.25111  -0.25089  -0.25088  -0.25083  -0.25081  -0.25080
       -0.25076  -0.24962  -0.24878  -0.24877  -0.24832  -0.24785  -0.24762  -0.24760  -0.24657
       -0.24650
        
     --------------------------------------------------------------------------------------------
     Tot. elapsed time 04h-37m-53.5s,  time spent in last iteration 56m-31.0s
     --------------------------------------------------------------------------------------------

     [I/O] -------------------------------------------------------
     [I/O] RESTART written in < 00.1s             
     [I/O] In location   : ./n2.wstat.restart
     [I/O] -------------------------------------------------------

                       *----------*              *----------*               *----------*
     #     Iteration = |        4 |   DFPT_dim = |      165 |   Diago_dim = |     3840 |
                       *----------*              *----------*               *----------*
     per-process dynamical memory   228.0 Mb
  
       
     --------------------------------------------------------------------------------------------
     Sternheimer eq. solver... with threshold =   1.000000E-12           
     --------------------------------------------------------------------------------------------
     in progress... |#                   | 005% :               57.0s (E)           19m-00.2s (X)
     in progress... |##                  | 010% :           01m-25.5s (E)           14m-15.1s (X)
     in progress... |###                 | 015% :           02m-22.4s (E)           15m-49.5s (X)
     in progress... |####                | 020% :           02m-50.8s (E)           14m-14.3s (X)
     in progress... |#####               | 025% :           03m-19.3s (E)           13m-17.2s (X)
     in progress... |######              | 030% :           04m-16.1s (E)           14m-13.9s (X)
     in progress... |#######             | 035% :           04m-44.6s (E)           13m-33.2s (X)
     in progress... |########            | 040% :           05m-13.0s (E)           13m-02.6s (X)
     in progress... |#########           | 045% :           06m-09.9s (E)           13m-42.1s (X)
     in progress... |##########          | 050% :           06m-38.4s (E)           13m-16.8s (X)
     in progress... |###########         | 055% :           07m-06.8s (E)           12m-56.1s (X)
     in progress... |############        | 060% :           08m-03.7s (E)           13m-26.2s (X)
     in progress... |#############       | 065% :           08m-32.1s (E)           13m-07.9s (X)
     in progress... |##############      | 070% :           09m-00.5s (E)           12m-52.2s (X)
     in progress... |###############     | 075% :           09m-57.4s (E)           13m-16.5s (X)
     in progress... |################    | 080% :           10m-25.8s (E)           13m-02.2s (X)
     in progress... |#################   | 085% :           10m-54.2s (E)           12m-49.6s (X)
     in progress... |##################  | 090% :           11m-51.0s (E)           13m-10.0s (X)
     in progress... |################### | 095% :           12m-19.4s (E)           12m-58.4s (X)
     in progress... |####################| 100% :           12m-47.8s (E)           12m-47.8s (X)
     --------------------------------------------------------------------------------------------
     p-DIAGOX done in 30.8s with a SCALAPACK grid (10x10)
     --------------------------------------------------------------------------------------------
        
       -3.44922  -3.33221  -3.31904  -3.31904  -3.31353  -3.29874  -3.29874  -3.27526  -3.20835
       -3.19231  -3.19231  -3.18051  -3.18051  -3.15267  -2.52349  -2.38774  -2.38774  -2.38708
       -2.38708  -2.38418  -2.38412  -2.37187  -2.37187  -2.36941  -2.36863  -2.36863  -2.33587
       -2.31288  -2.29824  -2.29824  -2.24523  -2.23265  -2.18787  -2.18787  -2.18205  -2.18205
       -2.18073  -2.18073  -2.17635  -2.17626  -2.17626  -2.17550  -2.17413  -2.17341  -2.17341
       -2.16898  -2.16898  -2.16736  -2.16597  -2.16597  -2.16401  -2.15804  -2.15794  -2.15794
       -1.99307  -1.97646  -1.96133  -1.93264  -1.93264  -1.92544  -1.92544  -1.92027  -1.90987
       -1.89269  -1.89269  -1.89195  -1.89195  -1.89154  -1.88939  -1.88718  -1.88718  -1.88656
       -1.88656  -1.87861  -1.87599  -1.87513  -1.87485  -1.87485  -1.87410  -1.87410  -1.87220
       -1.86684  -1.86684  -1.86583  -1.86583  -1.84778  -1.84640  -1.84119  -1.84119  -1.83928
       -1.83928  -1.83775  -1.83717  -1.83285  -1.83005  -1.83005  -1.82794  -1.82206  -1.82206
       -1.81921  -1.81921  -1.81887  -1.81887  -1.81885  -1.81831  -1.81692  -1.81628  -1.81628
       -1.81302  -1.81130  -1.81130  -1.81112  -1.81003  -1.81003  -1.80993  -1.80888  -1.80888
       -1.80694  -1.79694  -1.79694  -1.79598  -1.79598  -1.79503  -1.62272  -1.61228  -1.61064
       -1.61064  -1.23335  -1.19701  -1.19611  -1.19611  -1.17250  -1.15182  -1.14015  -1.13543
       -1.13543  -1.13506  -1.13506  -1.13220  -1.13220  -1.13169  -1.13119  -1.13099  -1.13056
       -1.13054  -1.13054  -1.12947  -1.12947  -1.12650  -1.12650  -1.12639  -1.12620  -1.12620
       -1.11798  -1.11798  -1.09283  -1.08494  -1.08476  -1.07957  -1.07957  -1.07728  -1.07728
       -1.07606  -1.07557  -1.07557  -1.07452  -1.07274  -1.07274  -1.07250  -1.07188  -1.07188
       -1.07064  -1.06901  -1.06901  -1.06883  -1.06883  -1.06834  -1.04867  -1.04867  -0.92123
       -0.89915  -0.86936  -0.86078  -0.86078  -0.85712  -0.85712  -0.85294  -0.85274  -0.85166
       -0.85023  -0.85023  -0.84969  -0.84969  -0.84631  -0.84262  -0.84262  -0.84157  -0.84157
       -0.84071  -0.82919  -0.82086  -0.80552  -0.80054  -0.80054  -0.79776  -0.79776  -0.78790
       -0.77981  -0.77981  -0.77976  -0.77976  -0.77507  -0.77507  -0.77505  -0.77488  -0.77452
       -0.77452  -0.77338  -0.77309  -0.77309  -0.77294  -0.77254  -0.77254  -0.77203  -0.77203
       -0.77192  -0.77192  -0.77151  -0.77102  -0.77048  -0.76766  -0.76713  -0.76713  -0.76593
       -0.76544  -0.76544  -0.76508  -0.76379  -0.76379  -0.76284  -0.76284  -0.76175  -0.76064
       -0.76064  -0.76009  -0.75877  -0.75852  -0.75852  -0.75815  -0.75815  -0.75811  -0.75676
       -0.75593  -0.75593  -0.75557  -0.75557  -0.75549  -0.75483  -0.75467  -0.75467  -0.75323
       -0.75150  -0.75150  -0.74829  -0.74829  -0.74770  -0.74707  -0.74707  -0.74673  -0.74673
       -0.74426  -0.74400  -0.74400  -0.74394  -0.74333  -0.73470  -0.73470  -0.70538  -0.70243
       -0.69514  -0.69514  -0.69237  -0.69237  -0.69165  -0.69165  -0.69062  -0.68998  -0.68813
       -0.68677  -0.68677  -0.67457  -0.66911  -0.66911  -0.66215  -0.66215  -0.66116  -0.66100
       -0.66100  -0.65609  -0.65355  -0.65355  -0.65099  -0.65099  -0.65061  -0.65061  -0.64993
       -0.64894  -0.64894  -0.64841  -0.64700  -0.64700  -0.64699  -0.64690  -0.64690  -0.64384
       -0.64384  -0.64210  -0.63895  -0.63895  -0.63734  -0.63428  -0.63428  -0.63207  -0.63158
       -0.63044  -0.63044  -0.62928  -0.62928  -0.62850  -0.62850  -0.62850  -0.62695  -0.62620
       -0.62620  -0.62292  -0.61182  -0.61182  -0.60989  -0.60989  -0.60955  -0.60879  -0.60772
       -0.60772  -0.60753  -0.60753  -0.60739  -0.60500  -0.60500  -0.60424  -0.60422  -0.60407
       -0.60407  -0.60391  -0.60306  -0.60280  -0.60280  -0.60074  -0.60074  -0.58880  -0.58094
       -0.58046  -0.58046  -0.58022  -0.58022  -0.57575  -0.57575  -0.57142  -0.56742  -0.56469
       -0.56469  -0.56052  -0.56052  -0.55979  -0.55979  -0.55953  -0.55834  -0.55834  -0.55826
       -0.55719  -0.55719  -0.55628  -0.55490  -0.55490  -0.55446  -0.55438  -0.55422  -0.55422
       -0.55396  -0.55328  -0.55328  -0.55155  -0.55155  -0.55044  -0.55044  -0.53621  -0.53122
       -0.53122  -0.52676  -0.52117  -0.52117  -0.51997  -0.51981  -0.51960  -0.51960  -0.51883
       -0.51810  -0.51810  -0.51772  -0.51772  -0.51652  -0.51365  -0.51365  -0.51279  -0.51279
       -0.51163  -0.51022  -0.50993  -0.50993  -0.50837  -0.50837  -0.50799  -0.50774  -0.50774
       -0.50735  -0.50732  -0.50730  -0.50720  -0.50720  -0.50640  -0.50640  -0.50533  -0.50476
       -0.50474  -0.50474  -0.50449  -0.50421  -0.50406  -0.50406  -0.50400  -0.50400  -0.50378
       -0.50366  -0.50341  -0.50322  -0.50322  -0.50302  -0.50302  -0.50258  -0.50256  -0.50219
       -0.50219  -0.50217  -0.50213  -0.50213  -0.50017  -0.50017  -0.49974  -0.49974  -0.49963
       -0.49897  -0.49793  -0.49793  -0.49786  -0.49773  -0.49773  -0.49763  -0.49596  -0.49596
       -0.49461  -0.49461  -0.49183  -0.49183  -0.49086  -0.49022  -0.49022  -0.48996  -0.48927
       -0.48927  -0.48905  -0.48905  -0.48848  -0.48773  -0.48773  -0.48771  -0.48771  -0.48699
       -0.48661  -0.48631  -0.48631  -0.48597  -0.48594  -0.48556  -0.48444  -0.48444  -0.48015
       -0.47785  -0.47747  -0.47747  -0.47722  -0.47691  -0.47549  -0.47549  -0.46491  -0.46445
       -0.46445  -0.46355  -0.46355  -0.46300  -0.43941  -0.43941  -0.43864  -0.43863  -0.41075
       -0.40471  -0.40471  -0.40374  -0.40370  -0.40310  -0.40310  -0.40218  -0.38626  -0.38626
       -0.38491  -0.38491  -0.38247  -0.38247  -0.38142  -0.38131  -0.38072  -0.38072  -0.37941
       -0.37928  -0.37826  -0.37826  -0.37817  -0.37779  -0.37728  -0.37728  -0.37719  -0.37719
       -0.37678  -0.37678  -0.37651  -0.37651  -0.37592  -0.37547  -0.37547  -0.37472  -0.37472
       -0.37469  -0.37427  -0.37427  -0.37323  -0.37264  -0.37251  -0.37251  -0.37249  -0.37240
       -0.37240  -0.37231  -0.37218  -0.37218  -0.37211  -0.37211  -0.37169  -0.37169  -0.37139
       -0.37137  -0.37114  -0.37113  -0.37113  -0.37108  -0.37108  -0.37088  -0.37084  -0.37084
       -0.37077  -0.37060  -0.37058  -0.37058  -0.37014  -0.37014  -0.37006  -0.37006  -0.36884
       -0.36780  -0.36761  -0.36761  -0.36741  -0.36741  -0.36696  -0.36662  -0.36660  -0.36630
       -0.36516  -0.36516  -0.36508  -0.36508  -0.36485  -0.36485  -0.36476  -0.36476  -0.36393
       -0.36353  -0.36314  -0.36314  -0.36310  -0.36307  -0.36262  -0.36262  -0.36227  -0.36227
       -0.36168  -0.36097  -0.36097  -0.36043  -0.36043  -0.35974  -0.35832  -0.35830  -0.35797
       -0.35797  -0.35566  -0.35566  -0.35520  -0.35115  -0.35115  -0.35038  -0.35035  -0.35035
       -0.35027  -0.35000  -0.35000  -0.34944  -0.34887  -0.34887  -0.34665  -0.34665  -0.34648
       -0.34648  -0.34544  -0.34472  -0.34472  -0.34438  -0.34429  -0.34410  -0.34410  -0.34406
       -0.34398  -0.34398  -0.34368  -0.34366  -0.34366  -0.34355  -0.34354  -0.34350  -0.34342
       -0.34342  -0.34314  -0.34313  -0.34313  -0.34301  -0.34291  -0.34291  -0.34283  -0.34261
       -0.34261  -0.34254  -0.34239  -0.34239  -0.34234  -0.34234  -0.34224  -0.34209  -0.34209
       -0.34194  -0.34189  -0.34189  -0.34172  -0.34160  -0.34160  -0.34146  -0.34127  -0.34092
       -0.34087  -0.34087  -0.34044  -0.34044  -0.33810  -0.33810  -0.33489  -0.33334  -0.33322
       -0.33322  -0.33309  -0.33239  -0.33239  -0.33223  -0.31988  -0.31988  -0.31722  -0.31722
       -0.31678  -0.31665  -0.31665  -0.31645  -0.31618  -0.31618  -0.31605  -0.31565  -0.31415
       -0.30962  -0.30962  -0.30640  -0.30554  -0.30541  -0.30541  -0.30476  -0.30433  -0.30415
       -0.30415  -0.30343  -0.30340  -0.30340  -0.30199  -0.30097  -0.30097  -0.29750  -0.29750
       -0.29656  -0.29656  -0.29634  -0.29612  -0.29611  -0.29611  -0.29589  -0.29589  -0.29562
       -0.29562  -0.29545  -0.29536  -0.29536  -0.29527  -0.29527  -0.29515  -0.29502  -0.29492
       -0.29492  -0.29481  -0.29367  -0.29366  -0.29315  -0.29315  -0.29242  -0.29193  -0.29193
       -0.29187  -0.29187  -0.29183  -0.29153  -0.29079  -0.29071  -0.29065  -0.29065  -0.29062
       -0.29061  -0.29041  -0.29012  -0.29011  -0.29009  -0.29009  -0.28997  -0.28997  -0.28977
       -0.28977  -0.28960  -0.28960  -0.28953  -0.28953  -0.28952  -0.28945  -0.28917  -0.28883
       -0.28883  -0.28883  -0.28864  -0.28864  -0.28861  -0.28854  -0.28831  -0.28831  -0.28828
       -0.28798  -0.28797  -0.28795  -0.28783  -0.28673  -0.28663  -0.28663  -0.28644  -0.28644
       -0.28629  -0.28629  -0.28629  -0.28600  -0.28600  -0.28593  -0.28577  -0.28521  -0.28521
       -0.28505  -0.28505  -0.28498  -0.28461  -0.28461  -0.28433  -0.28433  -0.28432  -0.28358
       -0.28358  -0.28317  -0.28301  -0.28301  -0.28274  -0.28214  -0.28214  -0.28205  -0.28187
       -0.28186  -0.28106  -0.28106  -0.28104  -0.28078  -0.28056  -0.28006  -0.27839  -0.27839
       -0.27728  -0.27728  -0.27615  -0.27615  -0.27584  -0.27561  -0.27561  -0.27527  -0.27527
       -0.27525  -0.27438  -0.27438  -0.27365  -0.27361  -0.27361  -0.27306  -0.27266  -0.27102
       -0.27102  -0.26987  -0.26916  -0.26916  -0.26750  -0.26750  -0.26735  -0.26704  -0.26679
       -0.26679  -0.26679  -0.26679  -0.26630  -0.26588  -0.26588  -0.26564  -0.26529  -0.26529
       -0.26401  -0.26400  -0.26392  -0.26392  -0.26380  -0.26365  -0.26304  -0.26304  -0.26287
       -0.26281  -0.26281  -0.26260  -0.26258  -0.26258  -0.26255  -0.26255  -0.26253  -0.26248
       -0.26226  -0.26202  -0.26202  -0.26192  -0.26192  -0.26178  -0.26178  -0.26178  -0.26168
       -0.26168  -0.26145  -0.26132  -0.26132  -0.26131  -0.26127  -0.26118  -0.26105  -0.26100
       -0.26100  -0.26098  -0.26098  -0.26093  -0.26093  -0.26076  -0.25955  -0.25951  -0.25929
       -0.25929  -0.25923  -0.25923  -0.25913  -0.25913  -0.25822  -0.25809  -0.25809  -0.25793
       -0.25714  -0.25714  -0.25692  -0.25690  -0.25690  -0.25677  -0.25677  -0.25664  -0.25660
       -0.25660  -0.25645  -0.25645  -0.25642  -0.25642  -0.25628  -0.25604  -0.25604  -0.25600
       -0.25589  -0.25588  -0.25557  -0.25556  -0.25556  -0.25543  -0.25543  -0.25532  -0.25513
       -0.25475  -0.25475  -0.25451  -0.25451  -0.25428  -0.25416  -0.25416  -0.25392  -0.25357
       -0.25305  -0.25305  -0.25282  -0.25282  -0.25266  -0.25210  -0.25202  -0.25199  -0.25199
       -0.25190  -0.25190  -0.25179  -0.25179  -0.25147  -0.25147  -0.25146  -0.25146  -0.25144
       -0.25132  -0.25115  -0.25114  -0.25114  -0.25091  -0.25091  -0.25086  -0.25084  -0.25084
       -0.25081  -0.24965  -0.24882  -0.24882  -0.24836  -0.24790  -0.24766  -0.24766  -0.24665
       -0.24665
        
     --------------------------------------------------------------------------------------------
     Tot. elapsed time 04h-53m-19.1s,  time spent in last iteration 14m-27.4s
     --------------------------------------------------------------------------------------------
      
     --------------------------------------------------------------------------------------------
     SAVE written in 04.3s               
     In location : ./n2.wstat.save
     --------------------------------------------------------------------------------------------
       
     --------------------------------------------------------------------------------------------
     Convergence achieved !!! in        4 steps                          
     --------------------------------------------------------------------------------------------
 
     Number of q in the star =    1
     List of q in the star:
          1   0.000000000   0.000000000   0.000000000
 imq =            1
 ichosen_sym(           1 ) =            1
 Index in this start is :            1
 Index in q_grid is :            1
     WSTAT        :     4h49m CPU        4h54m WALL

     wstat_readin :      0.98s CPU      7.15s WALL (       1 calls)
     fetch_input  :      0.01s CPU      0.03s WALL (       2 calls)
     read_xml     :      0.47s CPU      0.74s WALL (       1 calls)
     init_vloc    :      0.20s CPU      0.21s WALL (       2 calls)
     fft          :      0.01s CPU      0.05s WALL (      11 calls)
     fft_scatter  :   1168.03s CPU   1183.93s WALL (12361923 calls)
     v_of_rho     :      0.03s CPU      0.03s WALL (       1 calls)
     v_xc         :      0.03s CPU      0.03s WALL (       1 calls)
     v_h          :      0.00s CPU      0.00s WALL (       1 calls)
     read_wave    :      0.44s CPU      6.31s WALL (       1 calls)
     davcio       :      0.02s CPU     10.39s WALL (       8 calls)
     init_us_1    :      0.07s CPU      0.07s WALL (       2 calls)
     do_setup     :      0.14s CPU      3.45s WALL (       1 calls)
     init_pw_ar   :      0.13s CPU      3.18s WALL (       1 calls)
     init_at_1    :      0.00s CPU      0.00s WALL (       1 calls)
     chidiago     :  17350.30s CPU  17629.21s WALL (       1 calls)
     sqvc_init    :      0.00s CPU      0.00s WALL (       1 calls)
     randomize    :      0.60s CPU      0.60s WALL (       1 calls)
     paramgs      :     15.22s CPU     15.57s WALL (       6 calls)
     dfpt         :  17190.05s CPU  17338.13s WALL (       6 calls)
     init_us_2    :      0.05s CPU      0.07s WALL (       6 calls)
     fftw         :   6153.19s CPU   6224.33s WALL (12361912 calls)
     alphapc      :     67.68s CPU     68.02s WALL (     807 calls)
     wstat_restar :     23.69s CPU    126.82s WALL (       5 calls)
     linstern     :  15850.13s CPU  15977.55s WALL (     640 calls)
     stern        :  15325.76s CPU  15446.99s WALL (   39626 calls)
     h_psi_bgrp   :  13403.45s CPU  13513.54s WALL (   39626 calls)
     h_psi        :  13403.10s CPU  13513.41s WALL (   39626 calls)
     h_psi:pot    :  13276.22s CPU  13384.88s WALL (   39626 calls)
     vloc_psi     :   6279.53s CPU   6352.65s WALL (   39626 calls)
     h_psi:calbec :   3531.04s CPU   3549.73s WALL (   39626 calls)
     calbec       :   3530.81s CPU   3549.59s WALL (   39626 calls)
     add_vuspsi   :   3464.99s CPU   3482.09s WALL (   39626 calls)
     alphapv      :   1803.26s CPU   1813.11s WALL (   39626 calls)
     build_hr     :      5.79s CPU      5.92s WALL (       5 calls)
     diagox       :     84.09s CPU     86.36s WALL (       5 calls)
     redistr_vr   :      4.43s CPU      5.25s WALL (       4 calls)
     update_vr    :     12.99s CPU     13.33s WALL (       4 calls)
     symm_hr      :      4.59s CPU      5.41s WALL (       4 calls)
     chidiago:las :      0.00s CPU      0.00s WALL (       1 calls)
     refresh_vr   :      6.22s CPU      6.28s WALL (       1 calls)
     pdep_db      :      0.74s CPU      4.37s WALL (       1 calls)
 
     WSTAT        :     4h49m CPU        4h54m WALL

 
   This run was terminated on:  13:52:58  25Jan2021            

=------------------------------------------------------------------------------=
   JOB DONE.
=------------------------------------------------------------------------------=
