
     Program WFREQ v. 3.1.1 starts on 13Jan2021 at 15: 9:50 

     This program is part of the open-source West suite
     for massively parallel calculations of excited states in materials; please cite
         "M. Govoni et al., J. Chem. Theory Comput. 11, 2680 (2015);
          URL http://www.west-code.org", 
     in publications or presentations arising from this work.

     Based on the Quantum ESPRESSO v. 6.1 svn rev. 13369

     I/O is Little Endian
       
     --------------------------------------------------------------------------------------------
     **MPI** Parallelization Status                                      
     --------------------------------------------------------------------------------------------
                    80                   4             1             1            20
     --------------------------------------------------------------------------------------------
                     N         =         I      X      P      X      B      X      Z
                     ^                   ^             ^             ^             ^
                     |                   |             |             |             |
                   #rnk                  |             |             |             |
                                      #image           |             |             |
                                                     #pool           |             |
                                                                   #bgrp           |
                                                                                 #R&G
     --------------------------------------------------------------------------------------------
     **OPENMP** Parallelization Status
     #thr/rnk               =            1
     --------------------------------------------------------------------------------------------
     #prc = (rnk) * (thr) =           80
     --------------------------------------------------------------------------------------------
       
     --------------------------------------------------------------------------------------------
     I/O Summary : input_west                                            
     --------------------------------------------------------------------------------------------
     qe_prefix      = c
     west_prefix    = c
     outdir         = ./
     --------------------------------------------------------------------------------------------

     Reading data from directory:
     ./c.save

   Info: using nr1, nr2, nr3 values from input

   Info: using nr1, nr2, nr3 values from input

     IMPORTANT: XC functional enforced from input :
     Exchange-correlation      = PZ ( 1  1  0  0 0 0)
     Any further DFT definition will be discarded
     Please, verify this is what you really want

               file C.pz-mt.fhi.UPF: wavefunction(s)  3d renormalized
 
     Parallelization info
     --------------------
     sticks:   dense  smooth     PW     G-vecs:    dense   smooth      PW
     Min          18      18      6                  231      231      44
     Max          19      19      7                  235      235      47
     Sum         367     367    121                 4645     4645     893
 
       
     --------------------------------------------------------------------------------------------
     I/O Summary : wstat_control                                         
     --------------------------------------------------------------------------------------------
     wstat_calculation              =              S
     n_pdep_eigen                   =            200
     n_pdep_times                   =              4
     n_pdep_maxiter                 =            100
     n_dfpt_maxiter                 =            250
     n_pdep_read_from_file          =              0
     trev_pdep                      =   1.000000E-03
     trev_pdep_rel                  =   1.000000E-01
     tr2_dfpt                       =   1.000000E-12
     l_kinetic_only                 =              F
     l_minimize_exx_if_active       =              F
     l_use_ecutrho                  =              F
     l_use_symm                     =              T
     nq(1)                          =              4
     nq(2)                          =              4
     nq(3)                          =              4
     --------------------------------------------------------------------------------------------
       
     --------------------------------------------------------------------------------------------
     I/O Summary : wfreq_control                                         
     --------------------------------------------------------------------------------------------
     wfreq_calculation                        =           XWGQ
     n_pdep_eigen_to_use                      =            200
     qp_bandrange(1)                          =              1
     qp_bandrange(2)                          =              8
     macropol_calculation                     =              C
     n_lanczos                                =             30
     n_imfreq                                 =            500
     n_refreq                                 =            500
     ecut_imfreq [Ry]                         =     240.000000
     ecut_refreq [Ry]                         =       3.000000
     wfreq_eta [Ry]                           =       0.003675
     n_secant_maxiter                         =            200
     trev_secant [Ry]                         =       0.003676
     l_enable_lanczos                         =              T
     l_enable_gwetot                          =              F
     o_restart_time [min]                     =      -1.000000
     ecut_spectralf(1) [Ry]                   =      -2.000000
     ecut_spectralf(2) [Ry]                   =       2.000000
     n_spectralf                              =             10
     l_read_common_pdep                       =              F
     l_enable_gb_curvature                    =              T
     --------------------------------------------------------------------------------------------
       
     --------------------------------------------------------------------------------------------
     System Overview                                                     
     --------------------------------------------------------------------------------------------
     gamma_only           =              F
     ecutwfc [Ry]         =      60.000000
     ecutrho [Ry]         =     240.000000
     omega [au^3]         =   7.349594E+01
     nbnd                 =              8
     nkstot               =             64
     nspin                =              1
     nelec                =       8.000000
     npol                 =              1
     lsda                 =              F
     noncolin             =              F
     lspinorb             =              F
     domag                =              F
     --------------------------------------------------------------------------------------------

     3DFFT grid
        s : (  24,  24,  24)
        p : (  24,  24,  24)

     Direct Lattice Cell [a.u.]
        a1 = (    -3.3246387     0.0000000     3.3246387)
        a2 = (     0.0000000     3.3246387     3.3246387)
        a3 = (    -3.3246387     3.3246387     0.0000000)

     Reciprocal Lattice Cell [a.u.]
        b1 = (    -0.9449426    -0.9449426     0.9449426)
        b2 = (     0.9449426     0.9449426     0.9449426)
        b3 = (    -0.9449426     0.9449426    -0.9449426)
      

     Brillouin Zone sampling [cryst. coord.]
 
        k(000001) = (     0.0000000     0.0000000     0.0000000)
        k(000002) = (     0.0000000     0.0000000     0.2500000)
        k(000003) = (     0.0000000     0.0000000    -0.5000000)
        k(000004) = (     0.0000000     0.0000000    -0.2500000)
        k(000005) = (     0.0000000     0.2500000     0.0000000)
        k(000006) = (     0.0000000     0.2500000     0.2500000)
        k(000007) = (     0.0000000     0.2500000    -0.5000000)
        k(000008) = (     0.0000000     0.2500000    -0.2500000)
        k(000009) = (     0.0000000    -0.5000000     0.0000000)
        k(000010) = (     0.0000000    -0.5000000     0.2500000)
        k(000011) = (     0.0000000    -0.5000000    -0.5000000)
        k(000012) = (     0.0000000    -0.5000000    -0.2500000)
        k(000013) = (     0.0000000    -0.2500000     0.0000000)
        k(000014) = (     0.0000000    -0.2500000     0.2500000)
        k(000015) = (     0.0000000    -0.2500000    -0.5000000)
        k(000016) = (     0.0000000    -0.2500000    -0.2500000)
        k(000017) = (     0.2500000     0.0000000     0.0000000)
        k(000018) = (     0.2500000     0.0000000     0.2500000)
        k(000019) = (     0.2500000     0.0000000    -0.5000000)
        k(000020) = (     0.2500000     0.0000000    -0.2500000)
        k(000021) = (     0.2500000     0.2500000     0.0000000)
        k(000022) = (     0.2500000     0.2500000     0.2500000)
        k(000023) = (     0.2500000     0.2500000    -0.5000000)
        k(000024) = (     0.2500000     0.2500000    -0.2500000)
        k(000025) = (     0.2500000    -0.5000000     0.0000000)
        k(000026) = (     0.2500000    -0.5000000     0.2500000)
        k(000027) = (     0.2500000    -0.5000000    -0.5000000)
        k(000028) = (     0.2500000    -0.5000000    -0.2500000)
        k(000029) = (     0.2500000    -0.2500000     0.0000000)
        k(000030) = (     0.2500000    -0.2500000     0.2500000)
        k(000031) = (     0.2500000    -0.2500000    -0.5000000)
        k(000032) = (     0.2500000    -0.2500000    -0.2500000)
        k(000033) = (    -0.5000000     0.0000000     0.0000000)
        k(000034) = (    -0.5000000     0.0000000     0.2500000)
        k(000035) = (    -0.5000000     0.0000000    -0.5000000)
        k(000036) = (    -0.5000000     0.0000000    -0.2500000)
        k(000037) = (    -0.5000000     0.2500000     0.0000000)
        k(000038) = (    -0.5000000     0.2500000     0.2500000)
        k(000039) = (    -0.5000000     0.2500000    -0.5000000)
        k(000040) = (    -0.5000000     0.2500000    -0.2500000)
        k(000041) = (    -0.5000000    -0.5000000     0.0000000)
        k(000042) = (    -0.5000000    -0.5000000     0.2500000)
        k(000043) = (    -0.5000000    -0.5000000    -0.5000000)
        k(000044) = (    -0.5000000    -0.5000000    -0.2500000)
        k(000045) = (    -0.5000000    -0.2500000     0.0000000)
        k(000046) = (    -0.5000000    -0.2500000     0.2500000)
        k(000047) = (    -0.5000000    -0.2500000    -0.5000000)
        k(000048) = (    -0.5000000    -0.2500000    -0.2500000)
        k(000049) = (    -0.2500000     0.0000000     0.0000000)
        k(000050) = (    -0.2500000     0.0000000     0.2500000)
        Printing only first 50 k points...
 
        q(000001) = (     0.0000000     0.0000000     0.0000000)
        q(000002) = (     0.0000000     0.0000000     0.2500000)
        q(000003) = (     0.0000000     0.0000000    -0.5000000)
        q(000004) = (     0.0000000     0.0000000    -0.2500000)
        q(000005) = (     0.0000000     0.2500000     0.0000000)
        q(000006) = (     0.0000000     0.2500000     0.2500000)
        q(000007) = (     0.0000000     0.2500000    -0.5000000)
        q(000008) = (     0.0000000     0.2500000    -0.2500000)
        q(000009) = (     0.0000000    -0.5000000     0.0000000)
        q(000010) = (     0.0000000    -0.5000000     0.2500000)
        q(000011) = (     0.0000000    -0.5000000    -0.5000000)
        q(000012) = (     0.0000000    -0.5000000    -0.2500000)
        q(000013) = (     0.0000000    -0.2500000     0.0000000)
        q(000014) = (     0.0000000    -0.2500000     0.2500000)
        q(000015) = (     0.0000000    -0.2500000    -0.5000000)
        q(000016) = (     0.0000000    -0.2500000    -0.2500000)
        q(000017) = (     0.2500000     0.0000000     0.0000000)
        q(000018) = (     0.2500000     0.0000000     0.2500000)
        q(000019) = (     0.2500000     0.0000000    -0.5000000)
        q(000020) = (     0.2500000     0.0000000    -0.2500000)
        q(000021) = (     0.2500000     0.2500000     0.0000000)
        q(000022) = (     0.2500000     0.2500000     0.2500000)
        q(000023) = (     0.2500000     0.2500000    -0.5000000)
        q(000024) = (     0.2500000     0.2500000    -0.2500000)
        q(000025) = (     0.2500000    -0.5000000     0.0000000)
        q(000026) = (     0.2500000    -0.5000000     0.2500000)
        q(000027) = (     0.2500000    -0.5000000    -0.5000000)
        q(000028) = (     0.2500000    -0.5000000    -0.2500000)
        q(000029) = (     0.2500000    -0.2500000     0.0000000)
        q(000030) = (     0.2500000    -0.2500000     0.2500000)
        q(000031) = (     0.2500000    -0.2500000    -0.5000000)
        q(000032) = (     0.2500000    -0.2500000    -0.2500000)
        q(000033) = (    -0.5000000     0.0000000     0.0000000)
        q(000034) = (    -0.5000000     0.0000000     0.2500000)
        q(000035) = (    -0.5000000     0.0000000    -0.5000000)
        q(000036) = (    -0.5000000     0.0000000    -0.2500000)
        q(000037) = (    -0.5000000     0.2500000     0.0000000)
        q(000038) = (    -0.5000000     0.2500000     0.2500000)
        q(000039) = (    -0.5000000     0.2500000    -0.5000000)
        q(000040) = (    -0.5000000     0.2500000    -0.2500000)
        q(000041) = (    -0.5000000    -0.5000000     0.0000000)
        q(000042) = (    -0.5000000    -0.5000000     0.2500000)
        q(000043) = (    -0.5000000    -0.5000000    -0.5000000)
        q(000044) = (    -0.5000000    -0.5000000    -0.2500000)
        q(000045) = (    -0.5000000    -0.2500000     0.0000000)
        q(000046) = (    -0.5000000    -0.2500000     0.2500000)
        q(000047) = (    -0.5000000    -0.2500000    -0.5000000)
        q(000048) = (    -0.5000000    -0.2500000    -0.2500000)
        q(000049) = (    -0.2500000     0.0000000     0.0000000)
        q(000050) = (    -0.2500000     0.0000000     0.2500000)
        Printing only first 50 q points...
       
     --------------------------------------------------------------------------------------------
     Parallelization for npdep                                           
     --------------------------------------------------------------------------------------------
     nglob                =            200
     nlevel               =              4
     Min nglob/nlevel     =             50
     Max nglob/nlevel     =             50
     --------------------------------------------------------------------------------------------
       
     --------------------------------------------------------------------------------------------
     Parallelization for npdep+macro                                     
     --------------------------------------------------------------------------------------------
     nglob                =            203
     nlevel               =              4
     Min nglob/nlevel     =             50
     Max nglob/nlevel     =             51
     --------------------------------------------------------------------------------------------
       
     --------------------------------------------------------------------------------------------
     Parallelization for n_imfreq                                        
     --------------------------------------------------------------------------------------------
     nglob                =            500
     nlevel               =             20
     Min nglob/nlevel     =             25
     Max nglob/nlevel     =             25
     --------------------------------------------------------------------------------------------
       
     --------------------------------------------------------------------------------------------
     Parallelization for n_refreq                                        
     --------------------------------------------------------------------------------------------
     nglob                =            500
     nlevel               =             20
     Min nglob/nlevel     =             25
     Max nglob/nlevel     =             25
     --------------------------------------------------------------------------------------------
       
     --------------------------------------------------------------------------------------------
     Parallelization for nbnd                                            
     --------------------------------------------------------------------------------------------
     nglob                =              8
     nlevel               =              4
     Min nglob/nlevel     =              2
     Max nglob/nlevel     =              2
     --------------------------------------------------------------------------------------------
     ===========================================================================
          nsym   =   24
          nrot   =   48
          nk_ibz =    8
          Q-point IBZ [ cart  coord ]
          xk(00000001) = (  0.000000  0.000000  0.000000) wk =   0.015625
          xk(00000002) = ( -0.250000  0.250000 -0.250000) wk =   0.125000
          xk(00000003) = (  0.500000 -0.500000  0.500000) wk =   0.062500
          xk(00000004) = (  0.000000  0.500000  0.000000) wk =   0.093750
          xk(00000005) = (  0.750000 -0.250000  0.750000) wk =   0.375000
          xk(00000006) = (  0.500000  0.000000  0.500000) wk =   0.187500
          xk(00000007) = (  0.000000 -1.000000  0.000000) wk =   0.046875
          xk(00000008) = ( -0.500000 -1.000000  0.000000) wk =   0.093750
          Q-point IBZ [ cryst coord ]
          xk(00000001) = (  0.000000  0.000000  0.000000) wk =   0.015625
          xk(00000002) = (  0.000000  0.000000  0.250000) wk =   0.125000
          xk(00000003) = (  0.000000  0.000000 -0.500000) wk =   0.062500
          xk(00000004) = (  0.000000  0.250000  0.250000) wk =   0.093750
          xk(00000005) = (  0.000000  0.250000 -0.500000) wk =   0.375000
          xk(00000006) = (  0.000000  0.250000 -0.250000) wk =   0.187500
          xk(00000007) = (  0.000000 -0.500000 -0.500000) wk =   0.046875
          xk(00000008) = (  0.250000 -0.500000 -0.250000) wk =   0.093750
     ===========================================================================
     ===========================================================================
          nsym   =   24
          nrot   =   48
          nq_ibz =    8
          Q-point IBZ [ cart  coord ]
          xq(00000001) = (  0.000000  0.000000  0.000000) wq =   0.015625
          xq(00000002) = ( -0.250000  0.250000 -0.250000) wq =   0.125000
          xq(00000003) = (  0.500000 -0.500000  0.500000) wq =   0.062500
          xq(00000004) = (  0.000000  0.500000  0.000000) wq =   0.093750
          xq(00000005) = (  0.750000 -0.250000  0.750000) wq =   0.375000
          xq(00000006) = (  0.500000  0.000000  0.500000) wq =   0.187500
          xq(00000007) = (  0.000000 -1.000000  0.000000) wq =   0.046875
          xq(00000008) = ( -0.500000 -1.000000  0.000000) wq =   0.093750
          Q-point IBZ [ cryst coord ]
          xq(00000001) = (  0.000000  0.000000  0.000000) wq =   0.015625
          xq(00000002) = (  0.000000  0.000000  0.250000) wq =   0.125000
          xq(00000003) = (  0.000000  0.000000 -0.500000) wq =   0.062500
          xq(00000004) = (  0.000000  0.250000  0.250000) wq =   0.093750
          xq(00000005) = (  0.000000  0.250000 -0.500000) wq =   0.375000
          xq(00000006) = (  0.000000  0.250000 -0.250000) wq =   0.187500
          xq(00000007) = (  0.000000 -0.500000 -0.500000) wq =   0.046875
          xq(00000008) = (  0.250000 -0.500000 -0.250000) wq =   0.093750
     ===========================================================================
       
     --------------------------------------------------------------------------------------------
     Hartree-Fock Exact E(X)change                                       
     --------------------------------------------------------------------------------------------
      
     --------------------------------------------------------------------------------------------
     Vxc
     --------------------------------------------------------------------------------------------
     in progress... |#                   | 005% :             < 00.1s (E)               00.1s (X)
     in progress... |##                  | 010% :             < 00.1s (E)               00.1s (X)
     in progress... |###                 | 015% :             < 00.1s (E)             < 00.1s (X)
     in progress... |####                | 020% :             < 00.1s (E)             < 00.1s (X)
     in progress... |#####               | 025% :             < 00.1s (E)             < 00.1s (X)
     in progress... |######              | 030% :             < 00.1s (E)             < 00.1s (X)
     in progress... |#######             | 035% :             < 00.1s (E)             < 00.1s (X)
     in progress... |########            | 040% :             < 00.1s (E)             < 00.1s (X)
     in progress... |#########           | 045% :             < 00.1s (E)             < 00.1s (X)
     in progress... |##########          | 050% :             < 00.1s (E)             < 00.1s (X)
     in progress... |###########         | 055% :             < 00.1s (E)             < 00.1s (X)
     in progress... |############        | 060% :             < 00.1s (E)             < 00.1s (X)
     in progress... |#############       | 065% :             < 00.1s (E)             < 00.1s (X)
     in progress... |##############      | 070% :             < 00.1s (E)             < 00.1s (X)
     in progress... |###############     | 075% :             < 00.1s (E)             < 00.1s (X)
     in progress... |################    | 080% :             < 00.1s (E)             < 00.1s (X)
     in progress... |#################   | 085% :             < 00.1s (E)             < 00.1s (X)
     in progress... |##################  | 090% :             < 00.1s (E)             < 00.1s (X)
     in progress... |################### | 095% :             < 00.1s (E)             < 00.1s (X)
     in progress... |####################| 100% :             < 00.1s (E)             < 00.1s (X)
     --------------------------------------------------------------------------------------------
      
     --------------------------------------------------------------------------------------------
     (X)-Sigma
     --------------------------------------------------------------------------------------------
     in progress... |#                   | 005% :               00.2s (E)               04.9s (X)
     in progress... |##                  | 010% :               00.4s (E)               04.8s (X)
     in progress... |###                 | 015% :               00.7s (E)               04.7s (X)
     in progress... |####                | 020% :               00.9s (E)               04.7s (X)
     in progress... |#####               | 025% :               01.1s (E)               04.6s (X)
     in progress... |######              | 030% :               01.4s (E)               04.6s (X)
     in progress... |#######             | 035% :               01.6s (E)               04.6s (X)
     in progress... |########            | 040% :               03.4s (E)               08.6s (X)
     in progress... |#########           | 045% :               03.6s (E)               08.1s (X)
     in progress... |##########          | 050% :               03.9s (E)               07.8s (X)
     in progress... |###########         | 055% :               04.1s (E)               07.5s (X)
     in progress... |############        | 060% :               04.3s (E)               07.2s (X)
     in progress... |#############       | 065% :               04.5s (E)               07.0s (X)
     in progress... |##############      | 070% :               04.8s (E)               06.9s (X)
     in progress... |###############     | 075% :               05.0s (E)               06.7s (X)
     in progress... |################    | 080% :               05.2s (E)               06.6s (X)
     in progress... |#################   | 085% :               05.5s (E)               06.5s (X)
     in progress... |##################  | 090% :               05.7s (E)               06.3s (X)
     in progress... |################### | 095% :               05.9s (E)               06.3s (X)
     in progress... |####################| 100% :               06.2s (E)               06.2s (X)
     --------------------------------------------------------------------------------------------
       
     --------------------------------------------------------------------------------------------
     (W)-Lanczos                                                         
     --------------------------------------------------------------------------------------------
     in progress... |#                   | 005% :               19.3s (E)           06m-27.0s (X)
     in progress... |##                  | 010% :               38.3s (E)           06m-23.8s (X)
     in progress... |###                 | 015% :               57.8s (E)           06m-25.8s (X)
     in progress... |####                | 020% :           01m-16.6s (E)           06m-23.2s (X)
     in progress... |#####               | 025% :           01m-35.4s (E)           06m-21.6s (X)
     in progress... |######              | 030% :           01m-54.7s (E)           06m-22.6s (X)
     in progress... |#######             | 035% :           02m-13.5s (E)           06m-21.6s (X)
     in progress... |########            | 040% :           02m-32.9s (E)           06m-22.2s (X)
     in progress... |#########           | 045% :           02m-51.6s (E)           06m-21.5s (X)
     in progress... |##########          | 050% :           03m-10.4s (E)           06m-20.9s (X)
     in progress... |###########         | 055% :           03m-29.7s (E)           06m-21.4s (X)
     in progress... |############        | 060% :           03m-48.5s (E)           06m-20.9s (X)
     in progress... |#############       | 065% :           04m-07.8s (E)           06m-21.2s (X)
     in progress... |##############      | 070% :           04m-26.6s (E)           06m-20.9s (X)
     in progress... |###############     | 075% :           04m-45.4s (E)           06m-20.5s (X)
     in progress... |################    | 080% :           05m-04.9s (E)           06m-21.1s (X)
     in progress... |#################   | 085% :           05m-23.6s (E)           06m-20.8s (X)
     in progress... |##################  | 090% :           05m-43.4s (E)           06m-21.5s (X)
     in progress... |################### | 095% :           06m-02.2s (E)           06m-21.2s (X)
     in progress... |####################| 100% :           06m-21.5s (E)           06m-21.5s (X)
     --------------------------------------------------------------------------------------------
 
     Number of q in the star =    4
     List of q in the star:
          1  -0.250000000   0.250000000  -0.250000000
          2   0.250000000  -0.250000000  -0.250000000
          3   0.250000000   0.250000000   0.250000000
          4  -0.250000000  -0.250000000   0.250000000
     In addition there is the -q list: 
          1   0.250000000  -0.250000000   0.250000000
          2  -0.250000000   0.250000000   0.250000000
          3  -0.250000000  -0.250000000  -0.250000000
          4   0.250000000   0.250000000  -0.250000000
 
     Number of q in the star =    4
     List of q in the star:
          1   0.500000000  -0.500000000   0.500000000
          2  -0.500000000   0.500000000   0.500000000
          3  -0.500000000  -0.500000000  -0.500000000
          4   0.500000000   0.500000000  -0.500000000
 
     Number of q in the star =    6
     List of q in the star:
          1   0.000000000   0.500000000   0.000000000
          2   0.000000000  -0.500000000   0.000000000
          3   0.500000000   0.000000000   0.000000000
          4  -0.500000000   0.000000000   0.000000000
          5   0.000000000   0.000000000   0.500000000
          6   0.000000000   0.000000000  -0.500000000
 
     Number of q in the star =   12
     List of q in the star:
          1   0.750000000  -0.250000000   0.750000000
          2  -0.750000000   0.250000000   0.750000000
          3  -0.750000000  -0.250000000  -0.750000000
          4   0.750000000   0.250000000  -0.750000000
          5  -0.250000000   0.750000000   0.750000000
          6   0.250000000   0.750000000  -0.750000000
          7  -0.250000000  -0.750000000  -0.750000000
          8   0.250000000  -0.750000000   0.750000000
          9   0.750000000   0.750000000  -0.250000000
         10   0.750000000  -0.750000000   0.250000000
         11  -0.750000000  -0.750000000  -0.250000000
         12  -0.750000000   0.750000000   0.250000000
     In addition there is the -q list: 
          1  -0.750000000   0.250000000  -0.750000000
          2   0.750000000  -0.250000000  -0.750000000
          3   0.750000000   0.250000000   0.750000000
          4  -0.750000000  -0.250000000   0.750000000
          5   0.250000000  -0.750000000  -0.750000000
          6  -0.250000000  -0.750000000   0.750000000
          7   0.250000000   0.750000000   0.750000000
          8  -0.250000000   0.750000000  -0.750000000
          9  -0.750000000  -0.750000000   0.250000000
         10  -0.750000000   0.750000000  -0.250000000
         11   0.750000000   0.750000000   0.250000000
         12   0.750000000  -0.750000000  -0.250000000
 
     Number of q in the star =   12
     List of q in the star:
          1   0.500000000   0.000000000   0.500000000
          2  -0.500000000   0.000000000   0.500000000
          3  -0.500000000   0.000000000  -0.500000000
          4   0.500000000   0.000000000  -0.500000000
          5   0.000000000   0.500000000   0.500000000
          6   0.000000000   0.500000000  -0.500000000
          7   0.000000000  -0.500000000  -0.500000000
          8   0.000000000  -0.500000000   0.500000000
          9   0.500000000   0.500000000   0.000000000
         10   0.500000000  -0.500000000   0.000000000
         11  -0.500000000  -0.500000000   0.000000000
         12  -0.500000000   0.500000000   0.000000000
 
     Number of q in the star =    3
     List of q in the star:
          1   0.000000000  -1.000000000   0.000000000
          2  -1.000000000   0.000000000   0.000000000
          3   0.000000000   0.000000000  -1.000000000
 
     Number of q in the star =    6
     List of q in the star:
          1  -0.500000000  -1.000000000   0.000000000
          2   0.500000000   1.000000000   0.000000000
          3  -1.000000000   0.000000000  -0.500000000
          4   1.000000000   0.000000000   0.500000000
          5   0.000000000  -0.500000000  -1.000000000
          6   0.000000000   0.500000000   1.000000000
 
     Number of q in the star =    4
     List of q in the star:
          1  -0.250000000   0.250000000  -0.250000000
          2   0.250000000  -0.250000000  -0.250000000
          3   0.250000000   0.250000000   0.250000000
          4  -0.250000000  -0.250000000   0.250000000
     In addition there is the -q list: 
          1   0.250000000  -0.250000000   0.250000000
          2  -0.250000000   0.250000000   0.250000000
          3  -0.250000000  -0.250000000  -0.250000000
          4   0.250000000   0.250000000  -0.250000000
 
     Number of q in the star =    4
     List of q in the star:
          1   0.500000000  -0.500000000   0.500000000
          2  -0.500000000   0.500000000   0.500000000
          3  -0.500000000  -0.500000000  -0.500000000
          4   0.500000000   0.500000000  -0.500000000
 
     Number of q in the star =    6
     List of q in the star:
          1   0.000000000   0.500000000   0.000000000
          2   0.000000000  -0.500000000   0.000000000
          3   0.500000000   0.000000000   0.000000000
          4  -0.500000000   0.000000000   0.000000000
          5   0.000000000   0.000000000   0.500000000
          6   0.000000000   0.000000000  -0.500000000
 
     Number of q in the star =   12
     List of q in the star:
          1   0.750000000  -0.250000000   0.750000000
          2  -0.750000000   0.250000000   0.750000000
          3  -0.750000000  -0.250000000  -0.750000000
          4   0.750000000   0.250000000  -0.750000000
          5  -0.250000000   0.750000000   0.750000000
          6   0.250000000   0.750000000  -0.750000000
          7  -0.250000000  -0.750000000  -0.750000000
          8   0.250000000  -0.750000000   0.750000000
          9   0.750000000   0.750000000  -0.250000000
         10   0.750000000  -0.750000000   0.250000000
         11  -0.750000000  -0.750000000  -0.250000000
         12  -0.750000000   0.750000000   0.250000000
     In addition there is the -q list: 
          1  -0.750000000   0.250000000  -0.750000000
          2   0.750000000  -0.250000000  -0.750000000
          3   0.750000000   0.250000000   0.750000000
          4  -0.750000000  -0.250000000   0.750000000
          5   0.250000000  -0.750000000  -0.750000000
          6  -0.250000000  -0.750000000   0.750000000
          7   0.250000000   0.750000000   0.750000000
          8  -0.250000000   0.750000000  -0.750000000
          9  -0.750000000  -0.750000000   0.250000000
         10  -0.750000000   0.750000000  -0.250000000
         11   0.750000000   0.750000000   0.250000000
         12   0.750000000  -0.750000000  -0.250000000
 
     Number of q in the star =   12
     List of q in the star:
          1   0.500000000   0.000000000   0.500000000
          2  -0.500000000   0.000000000   0.500000000
          3  -0.500000000   0.000000000  -0.500000000
          4   0.500000000   0.000000000  -0.500000000
          5   0.000000000   0.500000000   0.500000000
          6   0.000000000   0.500000000  -0.500000000
          7   0.000000000  -0.500000000  -0.500000000
          8   0.000000000  -0.500000000   0.500000000
          9   0.500000000   0.500000000   0.000000000
         10   0.500000000  -0.500000000   0.000000000
         11  -0.500000000  -0.500000000   0.000000000
         12  -0.500000000   0.500000000   0.000000000
 
     Number of q in the star =    3
     List of q in the star:
          1   0.000000000  -1.000000000   0.000000000
          2  -1.000000000   0.000000000   0.000000000
          3   0.000000000   0.000000000  -1.000000000
 
     Number of q in the star =    6
     List of q in the star:
          1  -0.500000000  -1.000000000   0.000000000
          2   0.500000000   1.000000000   0.000000000
          3  -1.000000000   0.000000000  -0.500000000
          4   1.000000000   0.000000000   0.500000000
          5   0.000000000  -0.500000000  -1.000000000
          6   0.000000000   0.500000000   1.000000000
       
     --------------------------------------------------------------------------------------------
     (G)-Lanczos                                                         
     --------------------------------------------------------------------------------------------
     in progress... |#                   | 005% :           01m-17.3s (E)           25m-46.5s (X)
     in progress... |##                  | 010% :           02m-08.8s (E)           21m-28.4s (X)
     in progress... |###                 | 015% :           02m-59.6s (E)           19m-57.6s (X)
     in progress... |####                | 020% :           03m-51.8s (E)           19m-19.0s (X)
     in progress... |#####               | 025% :           04m-42.1s (E)           18m-48.7s (X)
     in progress... |######              | 030% :           05m-33.0s (E)           18m-30.2s (X)
     in progress... |#######             | 035% :           06m-24.9s (E)           18m-19.9s (X)
     in progress... |########            | 040% :           07m-15.4s (E)           18m-08.7s (X)
     in progress... |#########           | 045% :           08m-06.7s (E)           18m-01.5s (X)
     in progress... |##########          | 050% :           08m-57.3s (E)           17m-54.7s (X)
     in progress... |###########         | 055% :           09m-48.7s (E)           17m-50.4s (X)
     in progress... |############        | 060% :           10m-39.8s (E)           17m-46.4s (X)
     in progress... |#############       | 065% :           11m-31.1s (E)           17m-43.3s (X)
     in progress... |##############      | 070% :           12m-22.6s (E)           17m-40.8s (X)
     in progress... |###############     | 075% :           13m-14.2s (E)           17m-38.9s (X)
     in progress... |################    | 080% :           14m-05.5s (E)           17m-36.9s (X)
     in progress... |#################   | 085% :           14m-56.2s (E)           17m-34.4s (X)
     in progress... |##################  | 090% :           15m-46.9s (E)           17m-32.1s (X)
     in progress... |################### | 095% :           16m-37.8s (E)           17m-30.3s (X)
     in progress... |####################| 100% :           17m-29.0s (E)           17m-29.0s (X)
     --------------------------------------------------------------------------------------------
       
     --------------------------------------------------------------------------------------------
     (Q)uasiparticle energies                                            
     --------------------------------------------------------------------------------------------
       
     --------------------------------------------------------------------------------------------
     Sigma_C                                                             
     --------------------------------------------------------------------------------------------
     Integrating along the IM axis...
     --------------------------------------------------------------------------------------------
     in progress... |#                   | 005% :               01.1s (E)               22.1s (X)
     in progress... |##                  | 010% :               02.1s (E)               21.8s (X)
     --------------------------------------------------------------------------------------------
     Residues along the RE axis...
     --------------------------------------------------------------------------------------------
     in progress... |#                   | 005% :             < 00.1s (E)             < 00.1s (X)
     in progress... |##                  | 010% :             < 00.1s (E)             < 00.1s (X)
     --------------------------------------------------------------------------------------------
       
     --------------------------------------------------------------------------------------------
     Sigma_C                                                             
     --------------------------------------------------------------------------------------------
     Integrating along the IM axis...
     --------------------------------------------------------------------------------------------
     in progress... |#                   | 005% :               00.9s (E)               19.2s (X)
     in progress... |##                  | 010% :               01.8s (E)               18.6s (X)
     --------------------------------------------------------------------------------------------
     Residues along the RE axis...
     --------------------------------------------------------------------------------------------
     in progress... |#                   | 005% :             < 00.1s (E)             < 00.1s (X)
     in progress... |##                  | 010% :             < 00.1s (E)             < 00.1s (X)
     --------------------------------------------------------------------------------------------

     --------------------------------------------------------------------------------------------
     Iter: 000000
     k(000001) = (   0.0000000   0.0000000   0.0000000) cryst. coord.
     band      QP en. [eV] conv
     000001       9.642390   no
     000002      12.467614   no
     000003      12.467614   no
     000004      12.467616   no
     000005      20.197520   no
     000006      20.197520   no
     000007      20.197520   no
     000008      28.337598   no
     ---------------------------------
     k(000002) = (   0.0000000   0.0000000   0.2500000) cryst. coord.
     band      QP en. [eV] conv
     000001      -8.131131   no
     000002       5.360650   no
     000003      10.590290   no
     000004      10.590288   no
     000005      22.570674   no
     000006      22.570674   no
     000007      22.790620   no
     000008      29.444715   no
     ---------------------------------
     k(000003) = (   0.0000000   0.0000000  -0.5000000) cryst. coord.
     band      QP en. [eV] conv
     000001      -3.234193   no
     000002      -1.572965   no
     000003       9.394947   no
     000004       9.394946   no
     000005      23.256216   no
     000006      23.256217   no
     000007      23.589465   no
     000008      30.942395   no
     ---------------------------------
     k(000006) = (   0.0000000   0.2500000   0.2500000) cryst. coord.
     band      QP en. [eV] conv
     000001      -6.466194   no
     000002       7.519911   no
     000003       8.016122   no
     000004       8.016123   no
     000005      18.827054   no
     000006      24.896440   no
     000007      26.580984   no
     000008      26.580984   no
     ---------------------------------
     k(000007) = (   0.0000000   0.2500000  -0.5000000) cryst. coord.
     band      QP en. [eV] conv
     000001      -3.537752   no
     000002       0.622704   no
     000003       5.172972   no
     000004       7.155676   no
     000005      20.533579   no
     000006      26.185455   no
     000007      27.891309   no
     000008      28.268302   no
     ---------------------------------
     k(000008) = (   0.0000000   0.2500000  -0.2500000) cryst. coord.
     band      QP en. [eV] conv
     000001      -4.230981   no
     000002       3.286698   no
     000003       4.315195   no
     000004       9.172397   no
     000005      22.558915   no
     000006      25.020902   no
     000007      27.118503   no
     000008      28.800883   no
     ---------------------------------
     k(000011) = (   0.0000000  -0.5000000  -0.5000000) cryst. coord.
     band      QP en. [eV] conv
     000001      -0.776293   no
     000002      -0.776294   no
     000003       5.609750   no
     000004       5.609750   no
     000005      19.074500   no
     000006      19.074500   no
     000007      32.277530   no
     000008      32.277529   no
     ---------------------------------
     k(000028) = (   0.2500000  -0.5000000  -0.2500000) cryst. coord.
     band      QP en. [eV] conv
     000001       0.287131   no
     000002       0.287131   no
     000003       3.529682   no
     000004       3.529681   no
     000005      25.278664   no
     000006      25.278661   no
     000007      27.377578   no
     000008      27.377577   no
     ---------------------------------
     --------------------------------------------------------------------------------------------
       
     --------------------------------------------------------------------------------------------
     Sigma_C                                                             
     --------------------------------------------------------------------------------------------
     Integrating along the IM axis...
     --------------------------------------------------------------------------------------------
     in progress... |#                   | 005% :               00.9s (E)               18.1s (X)
     in progress... |##                  | 010% :               01.8s (E)               18.2s (X)
     --------------------------------------------------------------------------------------------
     Residues along the RE axis...
     --------------------------------------------------------------------------------------------
     in progress... |#                   | 005% :             < 00.1s (E)             < 00.1s (X)
     in progress... |##                  | 010% :             < 00.1s (E)             < 00.1s (X)
     --------------------------------------------------------------------------------------------

     --------------------------------------------------------------------------------------------
     Iter: 000001
     k(000001) = (   0.0000000   0.0000000   0.0000000) cryst. coord.
     band      QP en. [eV] conv
     000001     -10.141727   no
     000002      12.474023  yes
     000003      12.474023  yes
     000004      12.474025  yes
     000005      20.195244  yes
     000006      20.195244  yes
     000007      20.195244  yes
     000008      28.254725   no
     ---------------------------------
     k(000002) = (   0.0000000   0.0000000   0.2500000) cryst. coord.
     band      QP en. [eV] conv
     000001      -8.282379   no
     000002       5.353262  yes
     000003      10.597862  yes
     000004      10.597859  yes
     000005      22.565548  yes
     000006      22.565548  yes
     000007      22.789587  yes
     000008      29.531702   no
     ---------------------------------
     k(000003) = (   0.0000000   0.0000000  -0.5000000) cryst. coord.
     band      QP en. [eV] conv
     000001      -4.311767   no
     000002      -1.619623  yes
     000003       9.406051  yes
     000004       9.406049  yes
     000005      23.251663  yes
     000006      23.251664  yes
     000007      23.589545  yes
     000008      30.457418   no
     ---------------------------------
     k(000006) = (   0.0000000   0.2500000   0.2500000) cryst. coord.
     band      QP en. [eV] conv
     000001      -9.585299   no
     000002       7.516140  yes
     000003       8.028956  yes
     000004       8.028957  yes
     000005      18.826197  yes
     000006      24.892676  yes
     000007      26.575420  yes
     000008      26.575420  yes
     ---------------------------------
     k(000007) = (   0.0000000   0.2500000  -0.5000000) cryst. coord.
     band      QP en. [eV] conv
     000001      -3.744586   no
     000002       0.881617   no
     000003       5.170793  yes
     000004       7.175095  yes
     000005      20.532540  yes
     000006      26.242010   no
     000007      27.835988   no
     000008      28.299270  yes
     ---------------------------------
     k(000008) = (   0.0000000   0.2500000  -0.2500000) cryst. coord.
     band      QP en. [eV] conv
     000001      -6.318969   no
     000002       3.108896   no
     000003       4.262558   no
     000004       9.180361  yes
     000005      22.555817  yes
     000006      25.012143  yes
     000007      27.214149   no
     000008      28.858915   no
     ---------------------------------
     k(000011) = (   0.0000000  -0.5000000  -0.5000000) cryst. coord.
     band      QP en. [eV] conv
     000001      -1.264336   no
     000002      -1.264337   no
     000003       5.625156  yes
     000004       5.625156  yes
     000005      19.073563  yes
     000006      19.073563  yes
     000007      32.134453   no
     000008      32.134452   no
     ---------------------------------
     k(000028) = (   0.2500000  -0.5000000  -0.2500000) cryst. coord.
     band      QP en. [eV] conv
     000001      -0.211674   no
     000002      -0.211673   no
     000003       3.515584  yes
     000004       3.515583  yes
     000005      25.271973  yes
     000006      25.271971  yes
     000007      27.345590  yes
     000008      27.345589  yes
     ---------------------------------
     --------------------------------------------------------------------------------------------
       
     --------------------------------------------------------------------------------------------
     Sigma_C                                                             
     --------------------------------------------------------------------------------------------
     Integrating along the IM axis...
     --------------------------------------------------------------------------------------------
     in progress... |#                   | 005% :               00.9s (E)               19.1s (X)
     in progress... |##                  | 010% :               01.9s (E)               19.0s (X)
     --------------------------------------------------------------------------------------------
     Residues along the RE axis...
     --------------------------------------------------------------------------------------------
     in progress... |#                   | 005% :             < 00.1s (E)             < 00.1s (X)
     in progress... |##                  | 010% :             < 00.1s (E)             < 00.1s (X)
     --------------------------------------------------------------------------------------------

     --------------------------------------------------------------------------------------------
     Iter: 000002
     k(000001) = (   0.0000000   0.0000000   0.0000000) cryst. coord.
     band      QP en. [eV] conv
     000001     -10.663545   no
     000002      12.474023  yes
     000003      12.474023  yes
     000004      12.474025  yes
     000005      20.195244  yes
     000006      20.195244  yes
     000007      20.195244  yes
     000008      28.234732  yes
     ---------------------------------
     k(000002) = (   0.0000000   0.0000000   0.2500000) cryst. coord.
     band      QP en. [eV] conv
     000001      -8.227912   no
     000002       5.353262  yes
     000003      10.597862  yes
     000004      10.597859  yes
     000005      22.565548  yes
     000006      22.565548  yes
     000007      22.789587  yes
     000008      29.532496  yes
     ---------------------------------
     k(000003) = (   0.0000000   0.0000000  -0.5000000) cryst. coord.
     band      QP en. [eV] conv
     000001      -4.156229   no
     000002      -1.619623  yes
     000003       9.406051  yes
     000004       9.406049  yes
     000005      23.251663  yes
     000006      23.251664  yes
     000007      23.589545  yes
     000008      30.487267  yes
     ---------------------------------
     k(000006) = (   0.0000000   0.2500000   0.2500000) cryst. coord.
     band      QP en. [eV] conv
     000001      -7.794835   no
     000002       7.516140  yes
     000003       8.028956  yes
     000004       8.028957  yes
     000005      18.826197  yes
     000006      24.892676  yes
     000007      26.575420  yes
     000008      26.575420  yes
     ---------------------------------
     k(000007) = (   0.0000000   0.2500000  -0.5000000) cryst. coord.
     band      QP en. [eV] conv
     000001      -3.737378  yes
     000002       2.414501   no
     000003       5.170793  yes
     000004       7.175095  yes
     000005      20.532540  yes
     000006      26.239022  yes
     000007      27.851197  yes
     000008      28.299270  yes
     ---------------------------------
     k(000008) = (   0.0000000   0.2500000  -0.2500000) cryst. coord.
     band      QP en. [eV] conv
     000001      -5.613877   no
     000002       3.130323  yes
     000003       4.262534  yes
     000004       9.180361  yes
     000005      22.555817  yes
     000006      25.012143  yes
     000007      27.208006  yes
     000008      28.852813  yes
     ---------------------------------
     k(000011) = (   0.0000000  -0.5000000  -0.5000000) cryst. coord.
     band      QP en. [eV] conv
     000001      -1.187003   no
     000002      -1.187004   no
     000003       5.625156  yes
     000004       5.625156  yes
     000005      19.073563  yes
     000006      19.073563  yes
     000007      33.030060   no
     000008      33.030047   no
     ---------------------------------
     k(000028) = (   0.2500000  -0.5000000  -0.2500000) cryst. coord.
     band      QP en. [eV] conv
     000001      -0.158288   no
     000002      -0.158288   no
     000003       3.515584  yes
     000004       3.515583  yes
     000005      25.271973  yes
     000006      25.271971  yes
     000007      27.345590  yes
     000008      27.345589  yes
     ---------------------------------
     --------------------------------------------------------------------------------------------
       
     --------------------------------------------------------------------------------------------
     Sigma_C                                                             
     --------------------------------------------------------------------------------------------
     Integrating along the IM axis...
     --------------------------------------------------------------------------------------------
     in progress... |#                   | 005% :               00.9s (E)               18.1s (X)
     in progress... |##                  | 010% :               01.8s (E)               18.2s (X)
     --------------------------------------------------------------------------------------------
     Residues along the RE axis...
     --------------------------------------------------------------------------------------------
     in progress... |#                   | 005% :             < 00.1s (E)             < 00.1s (X)
     in progress... |##                  | 010% :             < 00.1s (E)             < 00.1s (X)
     --------------------------------------------------------------------------------------------

     --------------------------------------------------------------------------------------------
     Iter: 000003
     k(000001) = (   0.0000000   0.0000000   0.0000000) cryst. coord.
     band      QP en. [eV] conv
     000001     -10.417205   no
     000002      12.474023  yes
     000003      12.474023  yes
     000004      12.474025  yes
     000005      20.195244  yes
     000006      20.195244  yes
     000007      20.195244  yes
     000008      28.234732  yes
     ---------------------------------
     k(000002) = (   0.0000000   0.0000000   0.2500000) cryst. coord.
     band      QP en. [eV] conv
     000001      -8.265544  yes
     000002       5.353262  yes
     000003      10.597862  yes
     000004      10.597859  yes
     000005      22.565548  yes
     000006      22.565548  yes
     000007      22.789587  yes
     000008      29.532496  yes
     ---------------------------------
     k(000003) = (   0.0000000   0.0000000  -0.5000000) cryst. coord.
     band      QP en. [eV] conv
     000001      -4.425233   no
     000002      -1.619623  yes
     000003       9.406051  yes
     000004       9.406049  yes
     000005      23.251663  yes
     000006      23.251664  yes
     000007      23.589545  yes
     000008      30.487267  yes
     ---------------------------------
     k(000006) = (   0.0000000   0.2500000   0.2500000) cryst. coord.
     band      QP en. [eV] conv
     000001      -7.282470   no
     000002       7.516140  yes
     000003       8.028956  yes
     000004       8.028957  yes
     000005      18.826197  yes
     000006      24.892676  yes
     000007      26.575420  yes
     000008      26.575420  yes
     ---------------------------------
     k(000007) = (   0.0000000   0.2500000  -0.5000000) cryst. coord.
     band      QP en. [eV] conv
     000001      -3.737378  yes
     000002       1.081606   no
     000003       5.170793  yes
     000004       7.175095  yes
     000005      20.532540  yes
     000006      26.239022  yes
     000007      27.851197  yes
     000008      28.299270  yes
     ---------------------------------
     k(000008) = (   0.0000000   0.2500000  -0.2500000) cryst. coord.
     band      QP en. [eV] conv
     000001      -5.302607   no
     000002       3.130323  yes
     000003       4.262534  yes
     000004       9.180361  yes
     000005      22.555817  yes
     000006      25.012143  yes
     000007      27.208006  yes
     000008      28.852813  yes
     ---------------------------------
     k(000011) = (   0.0000000  -0.5000000  -0.5000000) cryst. coord.
     band      QP en. [eV] conv
     000001      -1.499132   no
     000002      -1.499138   no
     000003       5.625156  yes
     000004       5.625156  yes
     000005      19.073563  yes
     000006      19.073563  yes
     000007      31.993012   no
     000008      31.993012   no
     ---------------------------------
     k(000028) = (   0.2500000  -0.5000000  -0.2500000) cryst. coord.
     band      QP en. [eV] conv
     000001      -0.184811  yes
     000002      -0.184811  yes
     000003       3.515584  yes
     000004       3.515583  yes
     000005      25.271973  yes
     000006      25.271971  yes
     000007      27.345590  yes
     000008      27.345589  yes
     ---------------------------------
     --------------------------------------------------------------------------------------------
       
     --------------------------------------------------------------------------------------------
     Sigma_C                                                             
     --------------------------------------------------------------------------------------------
     Integrating along the IM axis...
     --------------------------------------------------------------------------------------------
     in progress... |#                   | 005% :               00.9s (E)               18.7s (X)
     in progress... |##                  | 010% :               01.8s (E)               18.4s (X)
     --------------------------------------------------------------------------------------------
     Residues along the RE axis...
     --------------------------------------------------------------------------------------------
     in progress... |#                   | 005% :             < 00.1s (E)             < 00.1s (X)
     in progress... |##                  | 010% :             < 00.1s (E)             < 00.1s (X)
     --------------------------------------------------------------------------------------------

     --------------------------------------------------------------------------------------------
     Iter: 000004
     k(000001) = (   0.0000000   0.0000000   0.0000000) cryst. coord.
     band      QP en. [eV] conv
     000001     -10.395569  yes
     000002      12.474023  yes
     000003      12.474023  yes
     000004      12.474025  yes
     000005      20.195244  yes
     000006      20.195244  yes
     000007      20.195244  yes
     000008      28.234732  yes
     ---------------------------------
     k(000002) = (   0.0000000   0.0000000   0.2500000) cryst. coord.
     band      QP en. [eV] conv
     000001      -8.265544  yes
     000002       5.353262  yes
     000003      10.597862  yes
     000004      10.597859  yes
     000005      22.565548  yes
     000006      22.565548  yes
     000007      22.789587  yes
     000008      29.532496  yes
     ---------------------------------
     k(000003) = (   0.0000000   0.0000000  -0.5000000) cryst. coord.
     band      QP en. [eV] conv
     000001      10.742429   no
     000002      -1.619623  yes
     000003       9.406051  yes
     000004       9.406049  yes
     000005      23.251663  yes
     000006      23.251664  yes
     000007      23.589545  yes
     000008      30.487267  yes
     ---------------------------------
     k(000006) = (   0.0000000   0.2500000   0.2500000) cryst. coord.
     band      QP en. [eV] conv
     000001      -7.548337   no
     000002       7.516140  yes
     000003       8.028956  yes
     000004       8.028957  yes
     000005      18.826197  yes
     000006      24.892676  yes
     000007      26.575420  yes
     000008      26.575420  yes
     ---------------------------------
     k(000007) = (   0.0000000   0.2500000  -0.5000000) cryst. coord.
     band      QP en. [eV] conv
     000001      -3.737378  yes
     000002       1.049186  yes
     000003       5.170793  yes
     000004       7.175095  yes
     000005      20.532540  yes
     000006      26.239022  yes
     000007      27.851197  yes
     000008      28.299270  yes
     ---------------------------------
     k(000008) = (   0.0000000   0.2500000  -0.2500000) cryst. coord.
     band      QP en. [eV] conv
     000001      -4.647001   no
     000002       3.130323  yes
     000003       4.262534  yes
     000004       9.180361  yes
     000005      22.555817  yes
     000006      25.012143  yes
     000007      27.208006  yes
     000008      28.852813  yes
     ---------------------------------
     k(000011) = (   0.0000000  -0.5000000  -0.5000000) cryst. coord.
     band      QP en. [eV] conv
     000001      -1.114033   no
     000002      -1.114033   no
     000003       5.625156  yes
     000004       5.625156  yes
     000005      19.073563  yes
     000006      19.073563  yes
     000007      31.910380   no
     000008      31.910379   no
     ---------------------------------
     k(000028) = (   0.2500000  -0.5000000  -0.2500000) cryst. coord.
     band      QP en. [eV] conv
     000001      -0.184811  yes
     000002      -0.184811  yes
     000003       3.515584  yes
     000004       3.515583  yes
     000005      25.271973  yes
     000006      25.271971  yes
     000007      27.345590  yes
     000008      27.345589  yes
     ---------------------------------
     --------------------------------------------------------------------------------------------
       
     --------------------------------------------------------------------------------------------
     Sigma_C                                                             
     --------------------------------------------------------------------------------------------
     Integrating along the IM axis...
     --------------------------------------------------------------------------------------------
     in progress... |#                   | 005% :               00.9s (E)               18.1s (X)
     in progress... |##                  | 010% :               01.8s (E)               18.1s (X)
     --------------------------------------------------------------------------------------------
     Residues along the RE axis...
     --------------------------------------------------------------------------------------------
     in progress... |#                   | 005% :             < 00.1s (E)             < 00.1s (X)
     in progress... |##                  | 010% :             < 00.1s (E)             < 00.1s (X)
     --------------------------------------------------------------------------------------------

     --------------------------------------------------------------------------------------------
     Iter: 000005
     k(000001) = (   0.0000000   0.0000000   0.0000000) cryst. coord.
     band      QP en. [eV] conv
     000001     -10.395569  yes
     000002      12.474023  yes
     000003      12.474023  yes
     000004      12.474025  yes
     000005      20.195244  yes
     000006      20.195244  yes
     000007      20.195244  yes
     000008      28.234732  yes
     ---------------------------------
     k(000002) = (   0.0000000   0.0000000   0.2500000) cryst. coord.
     band      QP en. [eV] conv
     000001      -8.265544  yes
     000002       5.353262  yes
     000003      10.597862  yes
     000004      10.597859  yes
     000005      22.565548  yes
     000006      22.565548  yes
     000007      22.789587  yes
     000008      29.532496  yes
     ---------------------------------
     k(000003) = (   0.0000000   0.0000000  -0.5000000) cryst. coord.
     band      QP en. [eV] conv
     000001      -4.016418   no
     000002      -1.619623  yes
     000003       9.406051  yes
     000004       9.406049  yes
     000005      23.251663  yes
     000006      23.251664  yes
     000007      23.589545  yes
     000008      30.487267  yes
     ---------------------------------
     k(000006) = (   0.0000000   0.2500000   0.2500000) cryst. coord.
     band      QP en. [eV] conv
     000001      -7.437178   no
     000002       7.516140  yes
     000003       8.028956  yes
     000004       8.028957  yes
     000005      18.826197  yes
     000006      24.892676  yes
     000007      26.575420  yes
     000008      26.575420  yes
     ---------------------------------
     k(000007) = (   0.0000000   0.2500000  -0.5000000) cryst. coord.
     band      QP en. [eV] conv
     000001      -3.737378  yes
     000002       1.049186  yes
     000003       5.170793  yes
     000004       7.175095  yes
     000005      20.532540  yes
     000006      26.239022  yes
     000007      27.851197  yes
     000008      28.299270  yes
     ---------------------------------
     k(000008) = (   0.0000000   0.2500000  -0.2500000) cryst. coord.
     band      QP en. [eV] conv
     000001      -5.200567   no
     000002       3.130323  yes
     000003       4.262534  yes
     000004       9.180361  yes
     000005      22.555817  yes
     000006      25.012143  yes
     000007      27.208006  yes
     000008      28.852813  yes
     ---------------------------------
     k(000011) = (   0.0000000  -0.5000000  -0.5000000) cryst. coord.
     band      QP en. [eV] conv
     000001      -1.072046  yes
     000002      -1.072046  yes
     000003       5.625156  yes
     000004       5.625156  yes
     000005      19.073563  yes
     000006      19.073563  yes
     000007      31.918322  yes
     000008      31.918321  yes
     ---------------------------------
     k(000028) = (   0.2500000  -0.5000000  -0.2500000) cryst. coord.
     band      QP en. [eV] conv
     000001      -0.184811  yes
     000002      -0.184811  yes
     000003       3.515584  yes
     000004       3.515583  yes
     000005      25.271973  yes
     000006      25.271971  yes
     000007      27.345590  yes
     000008      27.345589  yes
     ---------------------------------
     --------------------------------------------------------------------------------------------
       
     --------------------------------------------------------------------------------------------
     Sigma_C                                                             
     --------------------------------------------------------------------------------------------
     Integrating along the IM axis...
     --------------------------------------------------------------------------------------------
     in progress... |#                   | 005% :               00.9s (E)               18.1s (X)
     in progress... |##                  | 010% :               01.8s (E)               18.1s (X)
     --------------------------------------------------------------------------------------------
     Residues along the RE axis...
     --------------------------------------------------------------------------------------------
     in progress... |#                   | 005% :             < 00.1s (E)             < 00.1s (X)
     in progress... |##                  | 010% :             < 00.1s (E)             < 00.1s (X)
     --------------------------------------------------------------------------------------------

     --------------------------------------------------------------------------------------------
     Iter: 000006
     k(000001) = (   0.0000000   0.0000000   0.0000000) cryst. coord.
     band      QP en. [eV] conv
     000001     -10.395569  yes
     000002      12.474023  yes
     000003      12.474023  yes
     000004      12.474025  yes
     000005      20.195244  yes
     000006      20.195244  yes
     000007      20.195244  yes
     000008      28.234732  yes
     ---------------------------------
     k(000002) = (   0.0000000   0.0000000   0.2500000) cryst. coord.
     band      QP en. [eV] conv
     000001      -8.265544  yes
     000002       5.353262  yes
     000003      10.597862  yes
     000004      10.597859  yes
     000005      22.565548  yes
     000006      22.565548  yes
     000007      22.789587  yes
     000008      29.532496  yes
     ---------------------------------
     k(000003) = (   0.0000000   0.0000000  -0.5000000) cryst. coord.
     band      QP en. [eV] conv
     000001      -3.955417   no
     000002      -1.619623  yes
     000003       9.406051  yes
     000004       9.406049  yes
     000005      23.251663  yes
     000006      23.251664  yes
     000007      23.589545  yes
     000008      30.487267  yes
     ---------------------------------
     k(000006) = (   0.0000000   0.2500000   0.2500000) cryst. coord.
     band      QP en. [eV] conv
     000001      -7.435755  yes
     000002       7.516140  yes
     000003       8.028956  yes
     000004       8.028957  yes
     000005      18.826197  yes
     000006      24.892676  yes
     000007      26.575420  yes
     000008      26.575420  yes
     ---------------------------------
     k(000007) = (   0.0000000   0.2500000  -0.5000000) cryst. coord.
     band      QP en. [eV] conv
     000001      -3.737378  yes
     000002       1.049186  yes
     000003       5.170793  yes
     000004       7.175095  yes
     000005      20.532540  yes
     000006      26.239022  yes
     000007      27.851197  yes
     000008      28.299270  yes
     ---------------------------------
     k(000008) = (   0.0000000   0.2500000  -0.2500000) cryst. coord.
     band      QP en. [eV] conv
     000001      -5.292840   no
     000002       3.130323  yes
     000003       4.262534  yes
     000004       9.180361  yes
     000005      22.555817  yes
     000006      25.012143  yes
     000007      27.208006  yes
     000008      28.852813  yes
     ---------------------------------
     k(000011) = (   0.0000000  -0.5000000  -0.5000000) cryst. coord.
     band      QP en. [eV] conv
     000001      -1.072046  yes
     000002      -1.072046  yes
     000003       5.625156  yes
     000004       5.625156  yes
     000005      19.073563  yes
     000006      19.073563  yes
     000007      31.918322  yes
     000008      31.918321  yes
     ---------------------------------
     k(000028) = (   0.2500000  -0.5000000  -0.2500000) cryst. coord.
     band      QP en. [eV] conv
     000001      -0.184811  yes
     000002      -0.184811  yes
     000003       3.515584  yes
     000004       3.515583  yes
     000005      25.271973  yes
     000006      25.271971  yes
     000007      27.345590  yes
     000008      27.345589  yes
     ---------------------------------
     --------------------------------------------------------------------------------------------
       
     --------------------------------------------------------------------------------------------
     Sigma_C                                                             
     --------------------------------------------------------------------------------------------
     Integrating along the IM axis...
     --------------------------------------------------------------------------------------------
     in progress... |#                   | 005% :               00.9s (E)               18.1s (X)
     in progress... |##                  | 010% :               01.8s (E)               18.1s (X)
     --------------------------------------------------------------------------------------------
     Residues along the RE axis...
     --------------------------------------------------------------------------------------------
     in progress... |#                   | 005% :             < 00.1s (E)             < 00.1s (X)
     in progress... |##                  | 010% :             < 00.1s (E)             < 00.1s (X)
     --------------------------------------------------------------------------------------------

     --------------------------------------------------------------------------------------------
     Iter: 000007
     k(000001) = (   0.0000000   0.0000000   0.0000000) cryst. coord.
     band      QP en. [eV] conv
     000001     -10.395569  yes
     000002      12.474023  yes
     000003      12.474023  yes
     000004      12.474025  yes
     000005      20.195244  yes
     000006      20.195244  yes
     000007      20.195244  yes
     000008      28.234732  yes
     ---------------------------------
     k(000002) = (   0.0000000   0.0000000   0.2500000) cryst. coord.
     band      QP en. [eV] conv
     000001      -8.265544  yes
     000002       5.353262  yes
     000003      10.597862  yes
     000004      10.597859  yes
     000005      22.565548  yes
     000006      22.565548  yes
     000007      22.789587  yes
     000008      29.532496  yes
     ---------------------------------
     k(000003) = (   0.0000000   0.0000000  -0.5000000) cryst. coord.
     band      QP en. [eV] conv
     000001      -3.885062   no
     000002      -1.619623  yes
     000003       9.406051  yes
     000004       9.406049  yes
     000005      23.251663  yes
     000006      23.251664  yes
     000007      23.589545  yes
     000008      30.487267  yes
     ---------------------------------
     k(000006) = (   0.0000000   0.2500000   0.2500000) cryst. coord.
     band      QP en. [eV] conv
     000001      -7.435755  yes
     000002       7.516140  yes
     000003       8.028956  yes
     000004       8.028957  yes
     000005      18.826197  yes
     000006      24.892676  yes
     000007      26.575420  yes
     000008      26.575420  yes
     ---------------------------------
     k(000007) = (   0.0000000   0.2500000  -0.5000000) cryst. coord.
     band      QP en. [eV] conv
     000001      -3.737378  yes
     000002       1.049186  yes
     000003       5.170793  yes
     000004       7.175095  yes
     000005      20.532540  yes
     000006      26.239022  yes
     000007      27.851197  yes
     000008      28.299270  yes
     ---------------------------------
     k(000008) = (   0.0000000   0.2500000  -0.2500000) cryst. coord.
     band      QP en. [eV] conv
     000001      -5.239885   no
     000002       3.130323  yes
     000003       4.262534  yes
     000004       9.180361  yes
     000005      22.555817  yes
     000006      25.012143  yes
     000007      27.208006  yes
     000008      28.852813  yes
     ---------------------------------
     k(000011) = (   0.0000000  -0.5000000  -0.5000000) cryst. coord.
     band      QP en. [eV] conv
     000001      -1.072046  yes
     000002      -1.072046  yes
     000003       5.625156  yes
     000004       5.625156  yes
     000005      19.073563  yes
     000006      19.073563  yes
     000007      31.918322  yes
     000008      31.918321  yes
     ---------------------------------
     k(000028) = (   0.2500000  -0.5000000  -0.2500000) cryst. coord.
     band      QP en. [eV] conv
     000001      -0.184811  yes
     000002      -0.184811  yes
     000003       3.515584  yes
     000004       3.515583  yes
     000005      25.271973  yes
     000006      25.271971  yes
     000007      27.345590  yes
     000008      27.345589  yes
     ---------------------------------
     --------------------------------------------------------------------------------------------
       
     --------------------------------------------------------------------------------------------
     Sigma_C                                                             
     --------------------------------------------------------------------------------------------
     Integrating along the IM axis...
     --------------------------------------------------------------------------------------------
     in progress... |#                   | 005% :               00.9s (E)               18.4s (X)
     in progress... |##                  | 010% :               01.8s (E)               18.3s (X)
     --------------------------------------------------------------------------------------------
     Residues along the RE axis...
     --------------------------------------------------------------------------------------------
     in progress... |#                   | 005% :             < 00.1s (E)             < 00.1s (X)
     in progress... |##                  | 010% :             < 00.1s (E)             < 00.1s (X)
     --------------------------------------------------------------------------------------------
       
     --------------------------------------------------------------------------------------------
     CONVERGENCE ACHIEVED !!!                                            
     --------------------------------------------------------------------------------------------

     --------------------------------------------------------------------------------------------
     k(000001) = (   0.0000000   0.0000000   0.0000000) cryst. coord.
     band      QP en. [eV] conv
     000001     -10.395569  yes
     000002      12.474023  yes
     000003      12.474023  yes
     000004      12.474025  yes
     000005      20.195244  yes
     000006      20.195244  yes
     000007      20.195244  yes
     000008      28.234732  yes
     ---------------------------------
     k(000002) = (   0.0000000   0.0000000   0.2500000) cryst. coord.
     band      QP en. [eV] conv
     000001      -8.265544  yes
     000002       5.353262  yes
     000003      10.597862  yes
     000004      10.597859  yes
     000005      22.565548  yes
     000006      22.565548  yes
     000007      22.789587  yes
     000008      29.532496  yes
     ---------------------------------
     k(000003) = (   0.0000000   0.0000000  -0.5000000) cryst. coord.
     band      QP en. [eV] conv
     000001      -3.931838  yes
     000002      -1.619623  yes
     000003       9.406051  yes
     000004       9.406049  yes
     000005      23.251663  yes
     000006      23.251664  yes
     000007      23.589545  yes
     000008      30.487267  yes
     ---------------------------------
     k(000006) = (   0.0000000   0.2500000   0.2500000) cryst. coord.
     band      QP en. [eV] conv
     000001      -7.435755  yes
     000002       7.516140  yes
     000003       8.028956  yes
     000004       8.028957  yes
     000005      18.826197  yes
     000006      24.892676  yes
     000007      26.575420  yes
     000008      26.575420  yes
     ---------------------------------
     k(000007) = (   0.0000000   0.2500000  -0.5000000) cryst. coord.
     band      QP en. [eV] conv
     000001      -3.737378  yes
     000002       1.049186  yes
     000003       5.170793  yes
     000004       7.175095  yes
     000005      20.532540  yes
     000006      26.239022  yes
     000007      27.851197  yes
     000008      28.299270  yes
     ---------------------------------
     k(000008) = (   0.0000000   0.2500000  -0.2500000) cryst. coord.
     band      QP en. [eV] conv
     000001      -5.248115  yes
     000002       3.130323  yes
     000003       4.262534  yes
     000004       9.180361  yes
     000005      22.555817  yes
     000006      25.012143  yes
     000007      27.208006  yes
     000008      28.852813  yes
     ---------------------------------
     k(000011) = (   0.0000000  -0.5000000  -0.5000000) cryst. coord.
     band      QP en. [eV] conv
     000001      -1.072046  yes
     000002      -1.072046  yes
     000003       5.625156  yes
     000004       5.625156  yes
     000005      19.073563  yes
     000006      19.073563  yes
     000007      31.918322  yes
     000008      31.918321  yes
     ---------------------------------
     k(000028) = (   0.2500000  -0.5000000  -0.2500000) cryst. coord.
     band      QP en. [eV] conv
     000001      -0.184811  yes
     000002      -0.184811  yes
     000003       3.515584  yes
     000004       3.515583  yes
     000005      25.271973  yes
     000006      25.271971  yes
     000007      27.345590  yes
     000008      27.345589  yes
     ---------------------------------
     --------------------------------------------------------------------------------------------
 
     Number of q in the star =    1
     List of q in the star:
          1   0.000000000   0.000000000   0.000000000
 
     Number of q in the star =    4
     List of q in the star:
          1  -0.250000000   0.250000000  -0.250000000
          2   0.250000000  -0.250000000  -0.250000000
          3   0.250000000   0.250000000   0.250000000
          4  -0.250000000  -0.250000000   0.250000000
     In addition there is the -q list: 
          1   0.250000000  -0.250000000   0.250000000
          2  -0.250000000   0.250000000   0.250000000
          3  -0.250000000  -0.250000000  -0.250000000
          4   0.250000000   0.250000000  -0.250000000
 
     Number of q in the star =    4
     List of q in the star:
          1   0.500000000  -0.500000000   0.500000000
          2  -0.500000000   0.500000000   0.500000000
          3  -0.500000000  -0.500000000  -0.500000000
          4   0.500000000   0.500000000  -0.500000000
 
     Number of q in the star =    6
     List of q in the star:
          1   0.000000000   0.500000000   0.000000000
          2   0.000000000  -0.500000000   0.000000000
          3   0.500000000   0.000000000   0.000000000
          4  -0.500000000   0.000000000   0.000000000
          5   0.000000000   0.000000000   0.500000000
          6   0.000000000   0.000000000  -0.500000000
 
     Number of q in the star =   12
     List of q in the star:
          1   0.750000000  -0.250000000   0.750000000
          2  -0.750000000   0.250000000   0.750000000
          3  -0.750000000  -0.250000000  -0.750000000
          4   0.750000000   0.250000000  -0.750000000
          5  -0.250000000   0.750000000   0.750000000
          6   0.250000000   0.750000000  -0.750000000
          7  -0.250000000  -0.750000000  -0.750000000
          8   0.250000000  -0.750000000   0.750000000
          9   0.750000000   0.750000000  -0.250000000
         10   0.750000000  -0.750000000   0.250000000
         11  -0.750000000  -0.750000000  -0.250000000
         12  -0.750000000   0.750000000   0.250000000
     In addition there is the -q list: 
          1  -0.750000000   0.250000000  -0.750000000
          2   0.750000000  -0.250000000  -0.750000000
          3   0.750000000   0.250000000   0.750000000
          4  -0.750000000  -0.250000000   0.750000000
          5   0.250000000  -0.750000000  -0.750000000
          6  -0.250000000  -0.750000000   0.750000000
          7   0.250000000   0.750000000   0.750000000
          8  -0.250000000   0.750000000  -0.750000000
          9  -0.750000000  -0.750000000   0.250000000
         10  -0.750000000   0.750000000  -0.250000000
         11   0.750000000   0.750000000   0.250000000
         12   0.750000000  -0.750000000  -0.250000000
 
     Number of q in the star =   12
     List of q in the star:
          1   0.500000000   0.000000000   0.500000000
          2  -0.500000000   0.000000000   0.500000000
          3  -0.500000000   0.000000000  -0.500000000
          4   0.500000000   0.000000000  -0.500000000
          5   0.000000000   0.500000000   0.500000000
          6   0.000000000   0.500000000  -0.500000000
          7   0.000000000  -0.500000000  -0.500000000
          8   0.000000000  -0.500000000   0.500000000
          9   0.500000000   0.500000000   0.000000000
         10   0.500000000  -0.500000000   0.000000000
         11  -0.500000000  -0.500000000   0.000000000
         12  -0.500000000   0.500000000   0.000000000
 
     Number of q in the star =    3
     List of q in the star:
          1   0.000000000  -1.000000000   0.000000000
          2  -1.000000000   0.000000000   0.000000000
          3   0.000000000   0.000000000  -1.000000000
 
     Number of q in the star =    6
     List of q in the star:
          1  -0.500000000  -1.000000000   0.000000000
          2   0.500000000   1.000000000   0.000000000
          3  -1.000000000   0.000000000  -0.500000000
          4   1.000000000   0.000000000   0.500000000
          5   0.000000000  -0.500000000  -1.000000000
          6   0.000000000   0.500000000   1.000000000
      
     --------------------------------------------------------------------------------------------
     SAVE written in 00.5s               
     In location : ./c.wfreq.save
     --------------------------------------------------------------------------------------------
     WFREQ        : 19m40.81s CPU    24m49.02s WALL

     wfreq_readin :      0.82s CPU      1.45s WALL (       1 calls)
     fetch_input  :      0.05s CPU      0.07s WALL (       2 calls)
     read_xml     :      0.61s CPU      1.04s WALL (       1 calls)
     init_vloc    :      0.00s CPU      0.00s WALL (       2 calls)
     fft          :      0.80s CPU      0.89s WALL (   32772 calls)
     fft_scatter  :    255.23s CPU    277.75s WALL (19307192 calls)
     v_of_rho     :      0.00s CPU      0.00s WALL (       1 calls)
     v_xc         :      0.00s CPU      0.00s WALL (       2 calls)
     v_h          :      0.00s CPU      0.00s WALL (       1 calls)
     read_wave    :      0.16s CPU      0.31s WALL (       1 calls)
     davcio       :      0.49s CPU      0.61s WALL (   38089 calls)
     init_us_1    :      0.00s CPU      0.01s WALL (       2 calls)
     do_setup     :      0.01s CPU      0.03s WALL (       1 calls)
     init_pw_ar   :      0.00s CPU      0.00s WALL (       1 calls)
     init_at_1    :      0.00s CPU      0.00s WALL (       1 calls)
     solve_hf     :      5.71s CPU      6.30s WALL (       1 calls)
     sigmavxc     :      0.01s CPU      0.02s WALL (       1 calls)
     init_us_2    :      0.09s CPU      0.10s WALL (    4736 calls)
     fftw         :    374.26s CPU    406.79s WALL (19274420 calls)
     sigmax       :      5.69s CPU      6.22s WALL (       1 calls)
     sqvc_init    :      0.40s CPU      0.44s WALL (   36872 calls)
     wlanczos     :    359.51s CPU    381.56s WALL (       1 calls)
     commutator_H :      0.14s CPU      0.15s WALL (     768 calls)
     stres_us31   :      0.00s CPU      0.00s WALL (     768 calls)
     stres_us32   :      0.00s CPU      0.00s WALL (     768 calls)
     stres_us33   :      0.00s CPU      0.00s WALL (     768 calls)
     stres_us34   :      0.00s CPU      0.01s WALL (     768 calls)
     calbec       :      4.42s CPU      4.80s WALL (  191411 calls)
     alphapc      :      6.49s CPU      7.00s WALL (  192768 calls)
     linstern     :      0.98s CPU      1.05s WALL (     256 calls)
     stern        :      0.86s CPU      0.92s WALL (    5555 calls)
     h_psi_bgrp   :    393.52s CPU    423.55s WALL (  189875 calls)
     h_psi        :    393.24s CPU    423.29s WALL (  189875 calls)
     h_psi:pot    :    392.49s CPU    422.47s WALL (  189875 calls)
     vloc_psi     :    385.97s CPU    415.39s WALL (  189875 calls)
     h_psi:calbec :      4.57s CPU      4.97s WALL (  189875 calls)
     add_vuspsi   :      1.42s CPU      1.56s WALL (  189875 calls)
     alphapv      :      0.05s CPU      0.06s WALL (    5555 calls)
     lan_H        :    436.35s CPU    469.48s WALL (    6144 calls)
     brak         :    172.91s CPU    181.33s WALL (    6144 calls)
     chi0_diag    :     10.19s CPU     10.38s WALL (       1 calls)
     glanczos     :    768.39s CPU   1049.02s WALL (       1 calls)
     solve_qp     :     25.26s CPU     26.92s WALL (       1 calls)
     sigmac_i     :     22.48s CPU     23.12s WALL (      10 calls)
     sigmac_r     :      0.04s CPU      0.04s WALL (      10 calls)
     wfreq_db     :      0.45s CPU      0.57s WALL (       1 calls)
 
     WFREQ        : 19m40.91s CPU    24m49.24s WALL

 
   This run was terminated on:  15:34:39  13Jan2021            

=------------------------------------------------------------------------------=
   JOB DONE.
=------------------------------------------------------------------------------=
