
     Program WELPH v. 3.1.1 starts on 28Dec2020 at 22:56:43 

     This program is part of the open-source West suite
     for massively parallel calculations of excited states in materials; please cite
         "M. Govoni et al., J. Chem. Theory Comput. 11, 2680 (2015);
          URL http://www.west-code.org", 
     in publications or presentations arising from this work.

     Based on the Quantum ESPRESSO v. 6.1 svn rev. 13369

     I/O is Little Endian
       
     --------------------------------------------------------------------------------------------
     **MPI** Parallelization Status                                      
     --------------------------------------------------------------------------------------------
                    80                   2             1             1            40
     --------------------------------------------------------------------------------------------
                     N         =         I      X      P      X      B      X      Z
                     ^                   ^             ^             ^             ^
                     |                   |             |             |             |
                   #rnk                  |             |             |             |
                                      #image           |             |             |
                                                     #pool           |             |
                                                                   #bgrp           |
                                                                                 #R&G
     --------------------------------------------------------------------------------------------
     **OPENMP** Parallelization Status
     #thr/rnk               =            1
     --------------------------------------------------------------------------------------------
     #prc = (rnk) * (thr) =           80
     --------------------------------------------------------------------------------------------
       
     --------------------------------------------------------------------------------------------
     I/O Summary : input_west                                            
     --------------------------------------------------------------------------------------------
     qe_prefix      = c
     west_prefix    = c
     outdir         = ./
     --------------------------------------------------------------------------------------------

     Reading data from directory:
     ./c.save

   Info: using nr1, nr2, nr3 values from input

   Info: using nr1, nr2, nr3 values from input

     IMPORTANT: XC functional enforced from input :
     Exchange-correlation      = PZ ( 1  1  0  0 0 0)
     Any further DFT definition will be discarded
     Please, verify this is what you really want

               file C.pz-mt.fhi.UPF: wavefunction(s)  3d renormalized
 
     Parallelization info
     --------------------
     sticks:   dense  smooth     PW     G-vecs:    dense   smooth      PW
     Min           9       9      3                  115      115      23
     Max          10      10      4                  119      119      27
     Sum         367     367    121                 4645     4645     941
 
       
     --------------------------------------------------------------------------------------------
     I/O Summary : wstat_control                                         
     --------------------------------------------------------------------------------------------
     wstat_calculation              =              S
     n_pdep_eigen                   =            200
     n_pdep_times                   =              4
     n_pdep_maxiter                 =            100
     n_dfpt_maxiter                 =            250
     n_pdep_read_from_file          =              0
     trev_pdep                      =   1.000000E-03
     trev_pdep_rel                  =   1.000000E-01
     tr2_dfpt                       =   1.000000E-12
     l_kinetic_only                 =              F
     l_minimize_exx_if_active       =              F
     l_use_ecutrho                  =              F
     l_use_symm                     =              T
     nq(1)                          =              6
     nq(2)                          =              6
     nq(3)                          =              6
     --------------------------------------------------------------------------------------------
       
     --------------------------------------------------------------------------------------------
     I/O Summary : wfreq_control                                         
     --------------------------------------------------------------------------------------------
     wfreq_calculation                        =           XWGQ
     n_pdep_eigen_to_use                      =            200
     qp_bandrange(1)                          =              1
     qp_bandrange(2)                          =              2
     macropol_calculation                     =              C
     n_lanczos                                =             30
     n_imfreq                                 =            128
     n_refreq                                 =            272
     ecut_imfreq [Ry]                         =     240.000000
     ecut_refreq [Ry]                         =       2.000000
     wfreq_eta [Ry]                           =       0.003675
     n_secant_maxiter                         =             21
     trev_secant [Ry]                         =       0.003675
     l_enable_lanczos                         =              T
     l_enable_gwetot                          =              F
     o_restart_time [min]                     =       0.000000
     ecut_spectralf(1) [Ry]                   =      -2.000000
     ecut_spectralf(2) [Ry]                   =       2.000000
     n_spectralf                              =             10
     l_read_common_pdep                       =              F
     l_enable_gb_curvature                    =              T
     --------------------------------------------------------------------------------------------
       
     --------------------------------------------------------------------------------------------
     I/O Summary : welph_control                                         
     --------------------------------------------------------------------------------------------
     welph_calculation                        =              S
     welph_n_pdep_eigen_to_use                =            200
     asr                                      =              1
     welph_band_range(1)                      =              1
     welph_band_range(2)                      =              8
     do_scr                                   =              T
     do_fxc                                   =              T
     welph_read_common_pdep                   =              T
     loto                                     =              F
     lsym                                     =              F
     l_adiabatic                              =              T
     l_enabel_gw                              =              F
     q_direction(1)                           =       1.000000
     q_direction(2)                           =       0.000000
     q_direction(3)                           =       0.000000
     welph_eta                                =       0.100000
     temperature                              =       0.000000
     --------------------------------------------------------------------------------------------
       
     --------------------------------------------------------------------------------------------
     System Overview                                                     
     --------------------------------------------------------------------------------------------
     gamma_only           =              F
     ecutwfc [Ry]         =      60.000000
     ecutrho [Ry]         =     240.000000
     omega [au^3]         =   7.349575E+01
     nbnd                 =              8
     nkstot               =            216
     nspin                =              1
     nelec                =       8.000000
     npol                 =              1
     lsda                 =              F
     noncolin             =              F
     lspinorb             =              F
     domag                =              F
     --------------------------------------------------------------------------------------------

     3DFFT grid
        s : (  24,  24,  24)
        p : (  24,  24,  24)

     Direct Lattice Cell [a.u.]
        a1 = (    -3.3246357     0.0000000     3.3246357)
        a2 = (     0.0000000     3.3246357     3.3246357)
        a3 = (    -3.3246357     3.3246357     0.0000000)

     Reciprocal Lattice Cell [a.u.]
        b1 = (    -0.9449434    -0.9449434     0.9449434)
        b2 = (     0.9449434     0.9449434     0.9449434)
        b3 = (    -0.9449434     0.9449434    -0.9449434)
      

     Brillouin Zone sampling [cryst. coord.]
 
        k(000001) = (     0.0000000     0.0000000     0.0000000)
        k(000002) = (     0.0000000     0.0000000     0.1666667)
        k(000003) = (     0.0000000     0.0000000     0.3333333)
        k(000004) = (     0.0000000     0.0000000    -0.5000000)
        k(000005) = (     0.0000000     0.0000000    -0.3333333)
        k(000006) = (     0.0000000     0.0000000    -0.1666667)
        k(000007) = (     0.0000000     0.1666667     0.0000000)
        k(000008) = (     0.0000000     0.1666667     0.1666667)
        k(000009) = (     0.0000000     0.1666667     0.3333333)
        k(000010) = (     0.0000000     0.1666667    -0.5000000)
        k(000011) = (     0.0000000     0.1666667    -0.3333333)
        k(000012) = (     0.0000000     0.1666667    -0.1666667)
        k(000013) = (     0.0000000     0.3333333     0.0000000)
        k(000014) = (     0.0000000     0.3333333     0.1666667)
        k(000015) = (     0.0000000     0.3333333     0.3333333)
        k(000016) = (     0.0000000     0.3333333    -0.5000000)
        k(000017) = (     0.0000000     0.3333333    -0.3333333)
        k(000018) = (     0.0000000     0.3333333    -0.1666667)
        k(000019) = (     0.0000000    -0.5000000     0.0000000)
        k(000020) = (     0.0000000    -0.5000000     0.1666667)
        k(000021) = (     0.0000000    -0.5000000     0.3333333)
        k(000022) = (     0.0000000    -0.5000000    -0.5000000)
        k(000023) = (     0.0000000    -0.5000000    -0.3333333)
        k(000024) = (     0.0000000    -0.5000000    -0.1666667)
        k(000025) = (     0.0000000    -0.3333333     0.0000000)
        k(000026) = (     0.0000000    -0.3333333     0.1666667)
        k(000027) = (     0.0000000    -0.3333333     0.3333333)
        k(000028) = (     0.0000000    -0.3333333    -0.5000000)
        k(000029) = (     0.0000000    -0.3333333    -0.3333333)
        k(000030) = (     0.0000000    -0.3333333    -0.1666667)
        k(000031) = (     0.0000000    -0.1666667     0.0000000)
        k(000032) = (     0.0000000    -0.1666667     0.1666667)
        k(000033) = (     0.0000000    -0.1666667     0.3333333)
        k(000034) = (     0.0000000    -0.1666667    -0.5000000)
        k(000035) = (     0.0000000    -0.1666667    -0.3333333)
        k(000036) = (     0.0000000    -0.1666667    -0.1666667)
        k(000037) = (     0.1666667     0.0000000     0.0000000)
        k(000038) = (     0.1666667     0.0000000     0.1666667)
        k(000039) = (     0.1666667     0.0000000     0.3333333)
        k(000040) = (     0.1666667     0.0000000    -0.5000000)
        k(000041) = (     0.1666667     0.0000000    -0.3333333)
        k(000042) = (     0.1666667     0.0000000    -0.1666667)
        k(000043) = (     0.1666667     0.1666667     0.0000000)
        k(000044) = (     0.1666667     0.1666667     0.1666667)
        k(000045) = (     0.1666667     0.1666667     0.3333333)
        k(000046) = (     0.1666667     0.1666667    -0.5000000)
        k(000047) = (     0.1666667     0.1666667    -0.3333333)
        k(000048) = (     0.1666667     0.1666667    -0.1666667)
        k(000049) = (     0.1666667     0.3333333     0.0000000)
        k(000050) = (     0.1666667     0.3333333     0.1666667)
        Printing only first 50 k points...
 
        q(000001) = (     0.0000000     0.0000000     0.0000000)
        q(000002) = (     0.0000000     0.0000000     0.1666667)
        q(000003) = (     0.0000000     0.0000000     0.3333333)
        q(000004) = (     0.0000000     0.0000000    -0.5000000)
        q(000005) = (     0.0000000     0.0000000    -0.3333333)
        q(000006) = (     0.0000000     0.0000000    -0.1666667)
        q(000007) = (     0.0000000     0.1666667     0.0000000)
        q(000008) = (     0.0000000     0.1666667     0.1666667)
        q(000009) = (     0.0000000     0.1666667     0.3333333)
        q(000010) = (     0.0000000     0.1666667    -0.5000000)
        q(000011) = (     0.0000000     0.1666667    -0.3333333)
        q(000012) = (     0.0000000     0.1666667    -0.1666667)
        q(000013) = (     0.0000000     0.3333333     0.0000000)
        q(000014) = (     0.0000000     0.3333333     0.1666667)
        q(000015) = (     0.0000000     0.3333333     0.3333333)
        q(000016) = (     0.0000000     0.3333333    -0.5000000)
        q(000017) = (     0.0000000     0.3333333    -0.3333333)
        q(000018) = (     0.0000000     0.3333333    -0.1666667)
        q(000019) = (     0.0000000    -0.5000000     0.0000000)
        q(000020) = (     0.0000000    -0.5000000     0.1666667)
        q(000021) = (     0.0000000    -0.5000000     0.3333333)
        q(000022) = (     0.0000000    -0.5000000    -0.5000000)
        q(000023) = (     0.0000000    -0.5000000    -0.3333333)
        q(000024) = (     0.0000000    -0.5000000    -0.1666667)
        q(000025) = (     0.0000000    -0.3333333     0.0000000)
        q(000026) = (     0.0000000    -0.3333333     0.1666667)
        q(000027) = (     0.0000000    -0.3333333     0.3333333)
        q(000028) = (     0.0000000    -0.3333333    -0.5000000)
        q(000029) = (     0.0000000    -0.3333333    -0.3333333)
        q(000030) = (     0.0000000    -0.3333333    -0.1666667)
        q(000031) = (     0.0000000    -0.1666667     0.0000000)
        q(000032) = (     0.0000000    -0.1666667     0.1666667)
        q(000033) = (     0.0000000    -0.1666667     0.3333333)
        q(000034) = (     0.0000000    -0.1666667    -0.5000000)
        q(000035) = (     0.0000000    -0.1666667    -0.3333333)
        q(000036) = (     0.0000000    -0.1666667    -0.1666667)
        q(000037) = (     0.1666667     0.0000000     0.0000000)
        q(000038) = (     0.1666667     0.0000000     0.1666667)
        q(000039) = (     0.1666667     0.0000000     0.3333333)
        q(000040) = (     0.1666667     0.0000000    -0.5000000)
        q(000041) = (     0.1666667     0.0000000    -0.3333333)
        q(000042) = (     0.1666667     0.0000000    -0.1666667)
        q(000043) = (     0.1666667     0.1666667     0.0000000)
        q(000044) = (     0.1666667     0.1666667     0.1666667)
        q(000045) = (     0.1666667     0.1666667     0.3333333)
        q(000046) = (     0.1666667     0.1666667    -0.5000000)
        q(000047) = (     0.1666667     0.1666667    -0.3333333)
        q(000048) = (     0.1666667     0.1666667    -0.1666667)
        q(000049) = (     0.1666667     0.3333333     0.0000000)
        q(000050) = (     0.1666667     0.3333333     0.1666667)
        Printing only first 50 q points...
       
     --------------------------------------------------------------------------------------------
     Parallelization for npdep                                           
     --------------------------------------------------------------------------------------------
     nglob                =            200
     nlevel               =              2
     Min nglob/nlevel     =            100
     Max nglob/nlevel     =            100
     --------------------------------------------------------------------------------------------
       
     --------------------------------------------------------------------------------------------
     Parallelization for npdep+macro                                     
     --------------------------------------------------------------------------------------------
     nglob                =            203
     nlevel               =              2
     Min nglob/nlevel     =            101
     Max nglob/nlevel     =            102
     --------------------------------------------------------------------------------------------
     ===========================================================================
          nsym   =   24
          nrot   =   48
          nq_ibz =   16
          Q-point IBZ [ cart  coord ]
          xq(00000001) = (  0.000000  0.000000  0.000000) wq =   0.004630
          xq(00000002) = ( -0.166667  0.166667 -0.166667) wq =   0.037037
          xq(00000003) = ( -0.333333  0.333333 -0.333333) wq =   0.037037
          xq(00000004) = (  0.500000 -0.500000  0.500000) wq =   0.018519
          xq(00000005) = (  0.000000  0.333333  0.000000) wq =   0.027778
          xq(00000006) = ( -0.166667  0.500000 -0.166667) wq =   0.111111
          xq(00000007) = (  0.666667 -0.333333  0.666667) wq =   0.111111
          xq(00000008) = (  0.500000 -0.166667  0.500000) wq =   0.111111
          xq(00000009) = (  0.333333  0.000000  0.333333) wq =   0.055556
          xq(00000010) = (  0.000000  0.666667  0.000000) wq =   0.027778
          xq(00000011) = (  0.833333 -0.166667  0.833333) wq =   0.111111
          xq(00000012) = (  0.666667 -0.000000  0.666667) wq =   0.055556
          xq(00000013) = (  0.000000 -1.000000  0.000000) wq =   0.013889
          xq(00000014) = (  0.666667 -0.333333  1.000000) wq =   0.111111
          xq(00000015) = (  0.500000 -0.166667  0.833333) wq =   0.111111
          xq(00000016) = ( -0.333333 -1.000000  0.000000) wq =   0.055556
          Q-point IBZ [ cryst coord ]
          xq(00000001) = (  0.000000  0.000000  0.000000) wq =   0.004630
          xq(00000002) = (  0.000000  0.000000  0.166667) wq =   0.037037
          xq(00000003) = (  0.000000  0.000000  0.333333) wq =   0.037037
          xq(00000004) = (  0.000000  0.000000 -0.500000) wq =   0.018519
          xq(00000005) = (  0.000000  0.166667  0.166667) wq =   0.027778
          xq(00000006) = (  0.000000  0.166667  0.333333) wq =   0.111111
          xq(00000007) = (  0.000000  0.166667 -0.500000) wq =   0.111111
          xq(00000008) = (  0.000000  0.166667 -0.333333) wq =   0.111111
          xq(00000009) = (  0.000000  0.166667 -0.166667) wq =   0.055556
          xq(00000010) = (  0.000000  0.333333  0.333333) wq =   0.027778
          xq(00000011) = (  0.000000  0.333333 -0.500000) wq =   0.111111
          xq(00000012) = (  0.000000  0.333333 -0.333333) wq =   0.055556
          xq(00000013) = (  0.000000 -0.500000 -0.500000) wq =   0.013889
          xq(00000014) = (  0.166667  0.333333 -0.500000) wq =   0.111111
          xq(00000015) = (  0.166667  0.333333 -0.333333) wq =   0.111111
          xq(00000016) = (  0.166667 -0.500000 -0.333333) wq =   0.055556
     ===========================================================================
     -------------------------------
     | Electron-Phonon Self-energy |
     -------------------------------
     ===========================================================================
          nsym   =   24
          nrot   =   48
          nk_ibz =   16
          Q-point IBZ [ cart  coord ]
          xk(00000001) = (  0.000000  0.000000  0.000000) wk =   0.004630
          xk(00000002) = ( -0.166667  0.166667 -0.166667) wk =   0.037037
          xk(00000003) = ( -0.333333  0.333333 -0.333333) wk =   0.037037
          xk(00000004) = (  0.500000 -0.500000  0.500000) wk =   0.018519
          xk(00000005) = (  0.000000  0.333333  0.000000) wk =   0.027778
          xk(00000006) = ( -0.166667  0.500000 -0.166667) wk =   0.111111
          xk(00000007) = (  0.666667 -0.333333  0.666667) wk =   0.111111
          xk(00000008) = (  0.500000 -0.166667  0.500000) wk =   0.111111
          xk(00000009) = (  0.333333  0.000000  0.333333) wk =   0.055556
          xk(00000010) = (  0.000000  0.666667  0.000000) wk =   0.027778
          xk(00000011) = (  0.833333 -0.166667  0.833333) wk =   0.111111
          xk(00000012) = (  0.666667 -0.000000  0.666667) wk =   0.055556
          xk(00000013) = (  0.000000 -1.000000  0.000000) wk =   0.013889
          xk(00000014) = (  0.666667 -0.333333  1.000000) wk =   0.111111
          xk(00000015) = (  0.500000 -0.166667  0.833333) wk =   0.111111
          xk(00000016) = ( -0.333333 -1.000000  0.000000) wk =   0.055556
          Q-point IBZ [ cryst coord ]
          xk(00000001) = (  0.000000  0.000000  0.000000) wk =   0.004630
          xk(00000002) = (  0.000000  0.000000  0.166667) wk =   0.037037
          xk(00000003) = (  0.000000  0.000000  0.333333) wk =   0.037037
          xk(00000004) = (  0.000000  0.000000 -0.500000) wk =   0.018519
          xk(00000005) = (  0.000000  0.166667  0.166667) wk =   0.027778
          xk(00000006) = (  0.000000  0.166667  0.333333) wk =   0.111111
          xk(00000007) = (  0.000000  0.166667 -0.500000) wk =   0.111111
          xk(00000008) = (  0.000000  0.166667 -0.333333) wk =   0.111111
          xk(00000009) = (  0.000000  0.166667 -0.166667) wk =   0.055556
          xk(00000010) = (  0.000000  0.333333  0.333333) wk =   0.027778
          xk(00000011) = (  0.000000  0.333333 -0.500000) wk =   0.111111
          xk(00000012) = (  0.000000  0.333333 -0.333333) wk =   0.055556
          xk(00000013) = (  0.000000 -0.500000 -0.500000) wk =   0.013889
          xk(00000014) = (  0.166667  0.333333 -0.500000) wk =   0.111111
          xk(00000015) = (  0.166667  0.333333 -0.333333) wk =   0.111111
          xk(00000016) = (  0.166667 -0.500000 -0.333333) wk =   0.055556
     ===========================================================================
       
     --------------------------------------------------------------------------------------------
     Computing Debye-Waller Self-energy (occ)                            
     --------------------------------------------------------------------------------------------
     in progress... |#                   | 005% :               00.8s (E)               16.0s (X)
     in progress... |##                  | 010% :               01.2s (E)               12.2s (X)
     in progress... |###                 | 015% :               01.7s (E)               11.3s (X)
     in progress... |####                | 020% :               02.1s (E)               10.6s (X)
     in progress... |#####               | 025% :               02.5s (E)               10.1s (X)
     in progress... |######              | 030% :               03.0s (E)               10.0s (X)
     in progress... |#######             | 035% :               03.4s (E)               09.8s (X)
     in progress... |########            | 040% :               03.9s (E)               09.8s (X)
     in progress... |#########           | 045% :               04.3s (E)               09.6s (X)
     in progress... |##########          | 050% :               04.7s (E)               09.5s (X)
     in progress... |###########         | 055% :               05.2s (E)               09.5s (X)
     in progress... |############        | 060% :               05.6s (E)               09.4s (X)
     in progress... |#############       | 065% :               06.1s (E)               09.4s (X)
     in progress... |##############      | 070% :               06.5s (E)               09.3s (X)
     in progress... |###############     | 075% :               06.9s (E)               09.2s (X)
     in progress... |################    | 080% :               07.4s (E)               09.3s (X)
     in progress... |#################   | 085% :               07.8s (E)               09.2s (X)
     in progress... |##################  | 090% :               08.3s (E)               09.2s (X)
     in progress... |################### | 095% :               08.7s (E)               09.2s (X)
     in progress... |####################| 100% :               09.1s (E)               09.1s (X)
     --------------------------------------------------------------------------------------------
       
     --------------------------------------------------------------------------------------------
     Computing Debye-Waller Self-energy (Lanczos)                        
     --------------------------------------------------------------------------------------------
     in progress... |#                   | 005% :               01.1s (E)               23.0s (X)
     in progress... |##                  | 010% :               02.2s (E)               22.5s (X)
     in progress... |###                 | 015% :               03.3s (E)               22.4s (X)
     in progress... |#####               | 025% :               04.4s (E)               17.8s (X)
     in progress... |######              | 030% :               05.5s (E)               18.5s (X)
     in progress... |#######             | 035% :               06.6s (E)               19.0s (X)
     in progress... |########            | 040% :               07.7s (E)               19.4s (X)
     in progress... |##########          | 050% :               08.8s (E)               17.7s (X)
     in progress... |###########         | 055% :               09.9s (E)               18.1s (X)
     in progress... |############        | 060% :               11.0s (E)               18.4s (X)
     in progress... |#############       | 065% :               12.1s (E)               18.7s (X)
     in progress... |###############     | 075% :               13.3s (E)               17.7s (X)
     in progress... |################    | 080% :               14.4s (E)               18.0s (X)
     in progress... |#################   | 085% :               15.5s (E)               18.2s (X)
     in progress... |##################  | 090% :               16.6s (E)               18.4s (X)
     in progress... |####################| 100% :               17.7s (E)               17.7s (X)
     --------------------------------------------------------------------------------------------
       
     --------------------------------------------------------------------------------------------
     Compute Fan-Migdal Self-energy (occ)                                
     --------------------------------------------------------------------------------------------
     in progress... |#                   | 005% :               02.5s (E)               50.8s (X)
     in progress... |##                  | 010% :               05.3s (E)               53.9s (X)
     in progress... |###                 | 015% :               08.4s (E)               56.2s (X)
     in progress... |####                | 020% :               11.0s (E)               55.4s (X)
     in progress... |#####               | 025% :               13.3s (E)               53.2s (X)
     in progress... |######              | 030% :               15.6s (E)               52.1s (X)
     in progress... |#######             | 035% :               18.3s (E)               52.3s (X)
     in progress... |########            | 040% :               20.9s (E)               52.4s (X)
     in progress... |#########           | 045% :               23.3s (E)               51.8s (X)
     in progress... |##########          | 050% :               25.5s (E)               51.1s (X)
     in progress... |###########         | 055% :               28.0s (E)               51.0s (X)
     in progress... |############        | 060% :               30.5s (E)               50.8s (X)
     in progress... |#############       | 065% :               33.0s (E)               50.8s (X)
     in progress... |##############      | 070% :               35.6s (E)               50.9s (X)
     in progress... |###############     | 075% :               37.7s (E)               50.2s (X)
     in progress... |################    | 080% :               40.0s (E)               50.0s (X)
     in progress... |#################   | 085% :               42.6s (E)               50.1s (X)
     in progress... |##################  | 090% :               45.2s (E)               50.2s (X)
     in progress... |################### | 095% :               47.5s (E)               50.0s (X)
     in progress... |####################| 100% :               49.8s (E)               49.8s (X)
     --------------------------------------------------------------------------------------------
       
     --------------------------------------------------------------------------------------------
     Compute Fan-Migdal Self-energy (Lanczos)                            
     --------------------------------------------------------------------------------------------
     in progress... |#                   | 005% :               50.6s (E)           16m-53.8s (X)
     in progress... |##                  | 010% :           01m-41.3s (E)           16m-53.8s (X)
     in progress... |###                 | 015% :           02m-32.0s (E)           16m-53.6s (X)
     in progress... |#####               | 025% :           03m-22.7s (E)           13m-30.8s (X)
     in progress... |######              | 030% :           04m-13.3s (E)           14m-04.5s (X)
     in progress... |#######             | 035% :           05m-04.0s (E)           14m-28.6s (X)
     in progress... |########            | 040% :           05m-54.6s (E)           14m-46.6s (X)
     in progress... |##########          | 050% :           06m-45.3s (E)           13m-30.7s (X)
     in progress... |###########         | 055% :           07m-36.0s (E)           13m-49.2s (X)
     in progress... |############        | 060% :           08m-26.8s (E)           14m-04.6s (X)
     in progress... |#############       | 065% :           09m-17.5s (E)           14m-17.7s (X)
     in progress... |###############     | 075% :           10m-08.3s (E)           13m-31.0s (X)
     in progress... |################    | 080% :           10m-59.0s (E)           13m-43.8s (X)
     in progress... |#################   | 085% :           11m-49.8s (E)           13m-55.1s (X)
     in progress... |##################  | 090% :           12m-40.6s (E)           14m-05.1s (X)
     in progress... |####################| 100% :           13m-31.4s (E)           13m-31.4s (X)
     --------------------------------------------------------------------------------------------
     WELPH        :  5m15.76s CPU    15m 0.20s WALL

     welph_readin :      2.83s CPU      7.65s WALL (       1 calls)
     fetch_input  :      0.01s CPU      0.05s WALL (       2 calls)
     read_xml     :      1.96s CPU      4.34s WALL (       1 calls)
     init_vloc    :      0.00s CPU      0.00s WALL (       2 calls)
     fft          :      0.01s CPU      0.04s WALL (       4 calls)
     fft_scatter  :    126.19s CPU    348.93s WALL ( 5476687 calls)
     v_of_rho     :      0.00s CPU      0.00s WALL (       1 calls)
     v_xc         :      0.00s CPU      0.00s WALL (       1 calls)
     v_h          :      0.00s CPU      0.00s WALL (       1 calls)
     read_wave    :      0.86s CPU      3.25s WALL (       1 calls)
     davcio       :      0.37s CPU      0.51s WALL (   27993 calls)
     init_us_1    :      0.00s CPU      0.01s WALL (       2 calls)
     do_setup     :      0.06s CPU      0.26s WALL (       1 calls)
     init_pw_ar   :      0.00s CPU      0.00s WALL (       1 calls)
     init_at_1    :      0.00s CPU      0.00s WALL (       1 calls)
     setup_dmuxc  :      0.00s CPU      0.00s WALL (       1 calls)
     ffts         :      1.65s CPU      5.29s WALL (   11019 calls)
     scatter_grid :      0.83s CPU      1.02s WALL (   20739 calls)
     init_us_2    :      0.24s CPU      0.30s WALL (   27776 calls)
     fftw         :    154.12s CPU    382.91s WALL ( 5465664 calls)
     calbec       :     12.34s CPU     44.88s WALL (  397248 calls)
     computeDW1   :      3.81s CPU      9.18s WALL (       1 calls)
     computeDW2   :      6.84s CPU     17.71s WALL (       1 calls)
     alphapc      :     13.18s CPU     46.71s WALL (  324384 calls)
     lan_H        :    257.19s CPU    754.45s WALL (   10464 calls)
     h_psi_bgrp   :    161.80s CPU    384.07s WALL (  313920 calls)
     h_psi        :    161.32s CPU    383.50s WALL (  313920 calls)
     h_psi:pot    :    160.81s CPU    382.78s WALL (  313920 calls)
     vloc_psi     :    148.31s CPU    349.28s WALL (  313920 calls)
     h_psi:calbec :      9.98s CPU     30.07s WALL (  313920 calls)
     add_vuspsi   :      1.62s CPU      2.20s WALL (  313920 calls)
     computeFM1   :     19.02s CPU     49.86s WALL (       1 calls)
     computeFM2   :    282.60s CPU    811.42s WALL (       1 calls)
 
     WELPH        :  5m15.77s CPU    15m 0.25s WALL

 
   This run was terminated on:  23:11:44  28Dec2020            

=------------------------------------------------------------------------------=
   JOB DONE.
=------------------------------------------------------------------------------=
